STAT START
secs,qlen,thru,msrt,items,nset,nget,nmget,sqt,gqt,mqt,swt,gwt,mwt
1,0,925.000000000000,0.000000000000,461,464,461,0,0.000221247418,0.000217609770,NaN,0.004442840392,0.001739256447,NaN
1,0,971.000000000000,0.000000000000,486,485,486,0,0.000164966973,0.000178504177,NaN,0.004327513179,0.001755630599,NaN
1,0,1031.000000000000,0.000000000000,516,515,516,0,0.000126910027,0.000162539386,NaN,0.003684672091,0.001594805165,NaN
1,0,1066.000000000000,0.000000000000,533,533,533,0,0.000151137353,0.000172534925,NaN,0.003646667531,0.001495853008,NaN
1,0,1061.000000000000,0.000000000000,531,530,531,0,0.000209259051,0.000157226753,NaN,0.004002474470,0.001548755492,NaN
1,0,1058.000000000000,0.000000000000,528,530,528,0,0.000133609349,0.000140250909,NaN,0.004007570002,0.001761083572,NaN
1,0,1018.000000000000,0.000000000000,508,510,508,0,0.000119816871,0.000136506087,NaN,0.003560921329,0.001582084807,NaN
1,1,1032.000000000000,0.000000000000,516,516,516,0,0.000107549035,0.000110245636,NaN,0.004298255531,0.001436672159,NaN
1,0,1039.000000000000,0.000000000000,520,519,520,0,0.000113172684,0.000114091019,NaN,0.004183774584,0.001562386912,NaN
1,0,1043.000000000000,0.000000000000,522,521,522,0,0.000187223065,0.000138348121,NaN,0.004087193998,0.001441987421,NaN
1,0,1097.000000000000,0.000000000000,548,549,548,0,0.000118596268,0.000160819662,NaN,0.003853937674,0.001397325223,NaN
1,0,1036.000000000000,0.000000000000,519,517,519,0,0.000136029849,0.000134915048,NaN,0.003789430048,0.001467101653,NaN
1,0,1041.000000000000,0.000000000000,520,521,520,0,0.000143523795,0.000162807023,NaN,0.004025800595,0.001603062219,NaN
1,0,1004.000000000000,0.000000000000,503,501,503,0,0.000124986112,0.000117674028,NaN,0.004552586487,0.001571826666,NaN
1,0,1003.000000000000,0.000000000000,500,503,500,0,0.000105504201,0.000114948762,NaN,0.004760938853,0.001643772448,NaN
1,0,1042.000000000000,0.000000000000,522,520,522,0,0.000097162358,0.000099873352,NaN,0.004366392794,0.001706774944,NaN
1,0,997.000000000000,0.000000000000,498,499,498,0,0.000124209281,0.000122002785,NaN,0.004877442200,0.001742997594,NaN
1,0,1092.000000000000,0.000000000000,545,547,545,0,0.000122993470,0.000137227349,NaN,0.003774013382,0.001511147103,NaN
1,0,1104.000000000000,0.000000000000,552,552,552,0,0.000098757913,0.000102163634,NaN,0.003893223154,0.001676478563,NaN
1,0,1031.000000000000,0.000000000000,517,514,517,0,0.000089506325,0.000102488379,NaN,0.004239805006,0.001497764455,NaN
1,0,1036.000000000000,0.000000000000,517,519,517,0,0.000106454705,0.000106107511,NaN,0.004295589740,0.001495633420,NaN
1,0,1113.000000000000,0.000000000000,558,555,558,0,0.000103105346,0.000110380147,NaN,0.003741412184,0.001464942400,NaN
1,0,1084.000000000000,0.000000000000,542,542,542,0,0.000107075644,0.000106762550,NaN,0.004198932710,0.001634561688,NaN
1,1,1049.000000000000,0.000000000000,524,525,524,0,0.000097507712,0.000152995246,NaN,0.004059623872,0.001802142813,NaN
1,0,1068.000000000000,0.000000000000,532,536,532,0,0.000115054157,0.000136664893,NaN,0.003986076524,0.001659548936,NaN
1,0,1025.000000000000,0.000000000000,514,511,514,0,0.000131198256,0.000132168183,NaN,0.004217158485,0.001645268660,NaN
1,0,1015.000000000000,0.000000000000,508,507,508,0,0.000116699280,0.000140995461,NaN,0.004178596602,0.001604934624,NaN
1,0,1081.000000000000,0.000000000000,540,541,540,0,0.000104792091,0.000119093898,NaN,0.004029852129,0.001627130335,NaN
1,0,1079.000000000000,0.000000000000,539,540,539,0,0.000126176200,0.000166400440,NaN,0.003500320417,0.001667870132,NaN
1,1,1149.000000000000,0.000000000000,575,574,575,0,0.000115025019,0.000150104035,NaN,0.003575484467,0.001371299172,NaN
1,0,1094.000000000000,0.000000000000,547,547,547,0,0.000150334300,0.000142861634,NaN,0.004275613541,0.001665961486,NaN
1,0,1050.000000000000,0.000000000000,525,525,525,0,0.000146072531,0.000151140112,NaN,0.003755451949,0.001458517905,NaN
1,0,1096.000000000000,0.000000000000,549,547,549,0,0.000117770987,0.000123220840,NaN,0.003732629059,0.001432046883,NaN
1,0,1138.000000000000,0.000000000000,569,569,569,0,0.000098427450,0.000121816487,NaN,0.004024078633,0.001299433654,NaN
1,0,1083.000000000000,0.000000000000,541,542,541,0,0.000140261323,0.000126401769,NaN,0.004292339581,0.001384094641,NaN
1,0,1089.000000000000,0.000000000000,544,545,544,0,0.000168545182,0.000134123042,NaN,0.003663647648,0.001505941421,NaN
1,0,1088.000000000000,0.000000000000,544,544,544,0,0.000097950603,0.000114021368,NaN,0.003932504967,0.001421706237,NaN
1,0,1144.000000000000,0.000000000000,571,573,571,0,0.000104645492,0.000122522046,NaN,0.003414117979,0.001502263629,NaN
1,0,1104.000000000000,0.000000000000,552,552,552,0,0.000116889362,0.000124383862,NaN,0.003826401514,0.001335346138,NaN
1,0,1106.000000000000,0.000000000000,552,554,552,0,0.000107268662,0.000147215071,NaN,0.003592403305,0.001362617574,NaN
1,0,1060.000000000000,0.000000000000,533,527,533,0,0.000116369647,0.000111378512,NaN,0.003899903740,0.001426693274,NaN
1,0,1089.000000000000,0.000000000000,542,547,542,0,0.000098540492,0.000096474670,NaN,0.003802017870,0.001544253624,NaN
1,0,1117.000000000000,0.000000000000,561,556,561,0,0.000132339504,0.000136280642,NaN,0.003889227718,0.001400984403,NaN
1,1,1123.000000000000,0.000000000000,561,562,561,0,0.000106405286,0.000121584961,NaN,0.003687973448,0.001190779305,NaN
1,0,1111.000000000000,0.005395683453,556,555,556,0,0.000104703402,0.000116359777,NaN,0.003537977268,0.001777357016,NaN
1,0,1144.000000000000,0.003502626970,571,573,571,0,0.000120632108,0.000148878599,NaN,0.003068056508,0.001387012165,NaN
1,0,1053.000000000000,0.001897533207,527,526,527,0,0.000206909534,0.000156400507,NaN,0.003870576755,0.001583497302,NaN
1,1,1051.000000000000,0.000000000000,526,525,526,0,0.000136633684,0.000117214662,NaN,0.004295983025,0.001484929380,NaN
1,0,1058.000000000000,0.000000000000,529,529,529,0,0.000125816836,0.000121340871,NaN,0.003813762019,0.001452305070,NaN
1,0,1076.000000000000,0.000000000000,536,540,536,0,0.000121526224,0.000107364313,NaN,0.003776645006,0.001282750343,NaN
1,0,1109.000000000000,0.000000000000,555,554,555,0,0.000103849760,0.000110466160,NaN,0.003890867509,0.001447521360,NaN
1,0,1050.000000000000,0.000000000000,526,524,526,0,0.000078588139,0.000094644489,NaN,0.004300661865,0.001441348721,NaN
1,0,1108.000000000000,0.000000000000,553,555,553,0,0.000108254018,0.000111110356,NaN,0.003834694587,0.001310035266,NaN
1,0,1079.000000000000,0.000000000000,540,539,540,0,0.000086166356,0.000104143022,NaN,0.004068860939,0.001432179939,NaN
1,0,1086.000000000000,0.000000000000,544,542,544,0,0.000083808011,0.000106269077,NaN,0.003601288614,0.001345300908,NaN
1,0,1066.000000000000,0.000000000000,530,536,530,0,0.000086170233,0.000141017915,NaN,0.003684397543,0.001530415887,NaN
1,0,1051.000000000000,0.000000000000,528,523,528,0,0.000139230084,0.000130315284,NaN,0.004023415914,0.001469323413,NaN
1,0,1039.000000000000,0.000000000000,519,520,519,0,0.000090222908,0.000102880360,NaN,0.004152842740,0.001425111678,NaN
1,0,1062.000000000000,0.000000000000,531,531,531,0,0.000149827226,0.000162962034,NaN,0.004063685605,0.001376323008,NaN
1,0,1065.000000000000,0.000000000000,532,533,532,0,0.000082150634,0.000095078628,NaN,0.003746557512,0.001466004325,NaN
1,0,1095.000000000000,0.001824817518,548,547,548,0,0.000093604278,0.000109709785,NaN,0.003985076890,0.001453258960,NaN
1,1,1058.000000000000,0.005681818182,528,530,528,0,0.000109609998,0.000116588091,NaN,0.004569017483,0.001366315913,NaN
1,0,1086.000000000000,0.000000000000,544,542,544,0,0.000102509031,0.000131648483,NaN,0.004009064946,0.001481818682,NaN
1,2,1072.000000000000,0.003731343284,536,536,536,0,0.000129882642,0.000114202073,NaN,0.003872378916,0.001527846104,NaN
1,0,1065.000000000000,0.000000000000,532,533,532,0,0.000154765236,0.000128043120,NaN,0.003007441762,0.001371773122,NaN
1,1,991.000000000000,0.000000000000,497,494,497,0,0.000103294589,0.000114067911,NaN,0.003915562577,0.001506317437,NaN
1,0,991.000000000000,0.000000000000,494,497,494,0,0.000122707020,0.000088196927,NaN,0.003978670533,0.001614400457,NaN
1,0,1109.000000000000,0.000000000000,554,555,554,0,0.000103916153,0.000114553755,NaN,0.003488386041,0.001366427213,NaN
1,0,1103.000000000000,0.000000000000,553,550,553,0,0.000090935080,0.000096447571,NaN,0.003509571740,0.001561187899,NaN
1,0,1066.000000000000,0.000000000000,532,534,532,0,0.000143196725,0.000164417378,NaN,0.003950470442,0.001457796526,NaN
1,0,16.000000000000,0.000000000000,9,7,9,0,0.000131105000,0.000091458778,NaN,0.004826102286,0.001528410444,NaN
STAT END
Server 0 handled 49690 requests.
Server 1 handled 49719 requests.
Server 2 handled 49713 requests.
SET HIST START
285
   0 0
   1 0
   2 0
   3 0
   4 0
   5 0
   6 0
   7 0
   8 0
   9 0
   10 6
   11 39
   12 119
   13 284
   14 482
   15 761
   16 1042
   17 1285
   18 1479
   19 1474
   20 1625
   21 1615
   22 1515
   23 1404
   24 1321
   25 1226
   26 1139
   27 1014
   28 1014
   29 882
   30 808
   31 654
   32 647
   33 549
   34 526
   35 477
   36 390
   37 374
   38 319
   39 272
   40 264
   41 240
   42 186
   43 178
   44 132
   45 166
   46 125
   47 121
   48 91
   49 96
   50 96
   51 72
   52 75
   53 84
   54 74
   55 77
   56 68
   57 101
   58 107
   59 121
   60 141
   61 149
   62 158
   63 169
   64 221
   65 278
   66 314
   67 379
   68 432
   69 526
   70 492
   71 560
   72 588
   73 579
   74 519
   75 454
   76 463
   77 371
   78 311
   79 273
   80 245
   81 183
   82 174
   83 139
   84 128
   85 106
   86 90
   87 70
   88 56
   89 76
   90 54
   91 65
   92 57
   93 61
   94 49
   95 54
   96 64
   97 72
   98 93
   99 127
   100 113
   101 58
   102 40
   103 25
   104 28
   105 29
   106 24
   107 18
   108 26
   109 22
   110 11
   111 17
   112 16
   113 9
   114 8
   115 13
   116 17
   117 14
   118 11
   119 5
   120 11
   121 8
   122 7
   123 5
   124 4
   125 6
   126 8
   127 9
   128 2
   129 3
   130 7
   131 8
   132 2
   133 2
   134 4
   135 4
   136 4
   137 3
   138 2
   139 7
   140 4
   141 2
   142 2
   143 6
   144 2
   145 4
   146 2
   147 0
   148 3
   149 3
   150 3
   151 1
   152 2
   153 4
   154 1
   155 3
   156 1
   157 2
   158 1
   159 5
   160 6
   161 3
   162 5
   163 6
   164 2
   165 8
   166 4
   167 6
   168 2
   169 3
   170 8
   171 5
   172 1
   173 5
   174 2
   175 2
   176 3
   177 0
   178 2
   179 1
   180 0
   181 1
   182 1
   183 1
   184 0
   185 1
   186 3
   187 1
   188 1
   189 2
   190 1
   191 1
   192 0
   193 0
   194 0
   195 0
   196 1
   197 1
   198 2
   199 2
   200 1
   201 0
   202 0
   203 0
   204 1
   205 0
   206 0
   207 0
   208 0
   209 0
   210 0
   211 0
   212 0
   213 0
   214 0
   215 0
   216 0
   217 0
   218 0
   219 0
   220 0
   221 0
   222 0
   223 0
   224 0
   225 0
   226 0
   227 0
   228 0
   229 0
   230 0
   231 0
   232 0
   233 0
   234 1
   235 0
   236 0
   237 1
   238 0
   239 0
   240 0
   241 0
   242 0
   243 0
   244 1
   245 0
   246 0
   247 0
   248 0
   249 0
   250 0
   251 0
   252 0
   253 0
   254 0
   255 0
   256 0
   257 0
   258 0
   259 0
   260 0
   261 0
   262 0
   263 0
   264 0
   265 0
   266 0
   267 0
   268 0
   269 0
   270 0
   271 0
   272 0
   273 0
   274 0
   275 0
   276 0
   277 0
   278 0
   279 0
   280 0
   281 0
   282 0
   283 0
   284 1
SET HIST END
GET HIST START
212
   0 0
   1 0
   2 0
   3 0
   4 47
   5 607
   6 2085
   7 3511
   8 4364
   9 4539
   10 4132
   11 3206
   12 2331
   13 1809
   14 1322
   15 1107
   16 886
   17 730
   18 543
   19 451
   20 372
   21 293
   22 283
   23 245
   24 214
   25 177
   26 162
   27 120
   28 122
   29 90
   30 80
   31 70
   32 72
   33 58
   34 61
   35 46
   36 52
   37 54
   38 45
   39 53
   40 47
   41 28
   42 32
   43 25
   44 19
   45 19
   46 22
   47 15
   48 12
   49 24
   50 16
   51 16
   52 30
   53 18
   54 24
   55 23
   56 35
   57 40
   58 84
   59 121
   60 151
   61 173
   62 205
   63 214
   64 179
   65 180
   66 152
   67 155
   68 106
   69 118
   70 79
   71 63
   72 40
   73 29
   74 30
   75 21
   76 20
   77 20
   78 17
   79 18
   80 12
   81 12
   82 9
   83 8
   84 6
   85 10
   86 13
   87 6
   88 9
   89 4
   90 5
   91 8
   92 10
   93 9
   94 11
   95 9
   96 11
   97 17
   98 20
   99 35
   100 27
   101 27
   102 19
   103 4
   104 2
   105 4
   106 5
   107 5
   108 3
   109 1
   110 1
   111 1
   112 1
   113 2
   114 4
   115 1
   116 1
   117 0
   118 3
   119 1
   120 0
   121 0
   122 0
   123 0
   124 0
   125 2
   126 0
   127 1
   128 2
   129 1
   130 0
   131 0
   132 1
   133 0
   134 0
   135 1
   136 0
   137 0
   138 0
   139 0
   140 0
   141 2
   142 1
   143 0
   144 0
   145 0
   146 0
   147 0
   148 0
   149 0
   150 0
   151 1
   152 0
   153 0
   154 0
   155 0
   156 0
   157 0
   158 0
   159 0
   160 1
   161 0
   162 0
   163 0
   164 0
   165 1
   166 1
   167 0
   168 0
   169 1
   170 0
   171 0
   172 0
   173 0
   174 0
   175 0
   176 0
   177 0
   178 0
   179 0
   180 0
   181 0
   182 0
   183 0
   184 0
   185 0
   186 0
   187 0
   188 0
   189 0
   190 0
   191 0
   192 0
   193 1
   194 1
   195 0
   196 0
   197 0
   198 0
   199 0
   200 0
   201 0
   202 0
   203 0
   204 0
   205 0
   206 1
   207 0
   208 0
   209 0
   210 0
   211 1
GET HIST END
MGET HIST START
0
MGET HIST END
