STAT START
secs,qlen,thru,msrt,items,nset,nget,nmget,sqt,gqt,mqt,swt,gwt,mwt
1,88,2174.000000000000,NaN,0,2174,0,0,0.036121144292,NaN,NaN,0.003633684187,NaN,NaN
1,82,2324.000000000000,NaN,0,2324,0,0,0.035111719385,NaN,NaN,0.003443068177,NaN,NaN
1,88,2329.000000000000,NaN,0,2329,0,0,0.034927058153,NaN,NaN,0.003413939371,NaN,NaN
1,85,2557.000000000000,NaN,0,2557,0,0,0.032159020968,NaN,NaN,0.003157029733,NaN,NaN
1,88,2289.000000000000,NaN,0,2289,0,0,0.035222489148,NaN,NaN,0.003468734633,NaN,NaN
1,72,2329.000000000000,NaN,0,2329,0,0,0.034480580816,NaN,NaN,0.003438186608,NaN,NaN
1,70,2252.000000000000,NaN,0,2252,0,0,0.036326347453,NaN,NaN,0.003545000286,NaN,NaN
1,88,2285.000000000000,NaN,0,2285,0,0,0.036087985939,NaN,NaN,0.003487089838,NaN,NaN
1,88,2267.000000000000,NaN,0,2267,0,0,0.035711109839,NaN,NaN,0.003537505222,NaN,NaN
1,64,2683.000000000000,NaN,0,2683,0,0,0.030251157856,NaN,NaN,0.002982224649,NaN,NaN
1,70,2424.000000000000,NaN,0,2424,0,0,0.033168112571,NaN,NaN,0.003297262684,NaN,NaN
1,88,2122.000000000000,NaN,0,2122,0,0,0.038677259744,NaN,NaN,0.003744737906,NaN,NaN
1,66,2468.000000000000,NaN,0,2468,0,0,0.033126660013,NaN,NaN,0.003259249839,NaN,NaN
1,63,2391.000000000000,NaN,0,2391,0,0,0.033781337217,NaN,NaN,0.003337987459,NaN,NaN
1,83,2305.000000000000,NaN,0,2305,0,0,0.034844883497,NaN,NaN,0.003470699709,NaN,NaN
1,81,2301.000000000000,NaN,0,2301,0,0,0.036023514854,NaN,NaN,0.003479520817,NaN,NaN
1,81,2321.000000000000,NaN,0,2321,0,0,0.034699146029,NaN,NaN,0.003441922356,NaN,NaN
1,86,2394.000000000000,NaN,0,2394,0,0,0.033888456310,NaN,NaN,0.003335139410,NaN,NaN
1,83,2185.000000000000,NaN,0,2185,0,0,0.037623725455,NaN,NaN,0.003666138367,NaN,NaN
1,88,1970.000000000000,NaN,0,1970,0,0,0.041943289449,NaN,NaN,0.004060419140,NaN,NaN
1,81,2096.000000000000,NaN,0,2096,0,0,0.039516668198,NaN,NaN,0.003819548555,NaN,NaN
1,81,2554.000000000000,NaN,0,2554,0,0,0.031735066370,NaN,NaN,0.003131529872,NaN,NaN
1,82,2278.000000000000,NaN,0,2278,0,0,0.035672126802,NaN,NaN,0.003510438267,NaN,NaN
1,88,2159.000000000000,NaN,0,2159,0,0,0.037902602512,NaN,NaN,0.003718275879,NaN,NaN
1,82,2115.000000000000,NaN,0,2115,0,0,0.038990348285,NaN,NaN,0.003770055234,NaN,NaN
1,88,2075.000000000000,NaN,0,2075,0,0,0.038390386801,NaN,NaN,0.003825010420,NaN,NaN
1,88,2537.000000000000,NaN,0,2537,0,0,0.032414082164,NaN,NaN,0.003162145078,NaN,NaN
1,67,2165.000000000000,NaN,0,2165,0,0,0.037937463743,NaN,NaN,0.003704065228,NaN,NaN
1,87,2323.000000000000,NaN,0,2323,0,0,0.035125697006,NaN,NaN,0.003442637873,NaN,NaN
1,68,2334.000000000000,NaN,0,2334,0,0,0.035167204048,NaN,NaN,0.003425228982,NaN,NaN
1,80,2187.000000000000,NaN,0,2187,0,0,0.036399736575,NaN,NaN,0.003662336402,NaN,NaN
1,71,2534.000000000000,NaN,0,2534,0,0,0.032419954289,NaN,NaN,0.003157080781,NaN,NaN
1,67,2569.000000000000,NaN,0,2569,0,0,0.031234914112,NaN,NaN,0.003110596847,NaN,NaN
1,87,2191.000000000000,NaN,0,2191,0,0,0.037259609167,NaN,NaN,0.003656544653,NaN,NaN
1,86,2055.000000000000,NaN,0,2055,0,0,0.039161035413,NaN,NaN,0.003878927290,NaN,NaN
1,88,2455.000000000000,NaN,0,2455,0,0,0.033743397457,NaN,NaN,0.003262024073,NaN,NaN
1,81,2683.000000000000,NaN,0,2683,0,0,0.030256143265,NaN,NaN,0.002980940393,NaN,NaN
1,86,2384.000000000000,NaN,0,2384,0,0,0.034028775448,NaN,NaN,0.003374377263,NaN,NaN
1,77,2248.000000000000,NaN,0,2248,0,0,0.035843453885,NaN,NaN,0.003537275118,NaN,NaN
1,75,2191.000000000000,NaN,0,2191,0,0,0.037193407958,NaN,NaN,0.003648323244,NaN,NaN
1,88,2070.000000000000,NaN,0,2070,0,0,0.039349006241,NaN,NaN,0.003843940110,NaN,NaN
1,88,2041.000000000000,NaN,0,2041,0,0,0.040224257370,NaN,NaN,0.003929868455,NaN,NaN
1,87,2426.000000000000,NaN,0,2426,0,0,0.033799850639,NaN,NaN,0.003305264303,NaN,NaN
1,74,2110.000000000000,NaN,0,2110,0,0,0.039095692908,NaN,NaN,0.003803300601,NaN,NaN
1,85,2056.000000000000,NaN,0,2056,0,0,0.039959957132,NaN,NaN,0.003877762397,NaN,NaN
1,80,2326.000000000000,NaN,0,2326,0,0,0.034800412473,NaN,NaN,0.003436435092,NaN,NaN
1,88,2494.000000000000,NaN,0,2494,0,0,0.031934337629,NaN,NaN,0.003208340105,NaN,NaN
1,87,2417.000000000000,NaN,0,2417,0,0,0.034210239811,NaN,NaN,0.003305348893,NaN,NaN
1,78,2197.000000000000,NaN,0,2197,0,0,0.037007962703,NaN,NaN,0.003642847123,NaN,NaN
1,88,2282.000000000000,NaN,0,2282,0,0,0.035709681877,NaN,NaN,0.003498083698,NaN,NaN
1,72,2302.000000000000,NaN,0,2302,0,0,0.035815678569,NaN,NaN,0.003474344641,NaN,NaN
1,87,2453.000000000000,NaN,0,2453,0,0,0.032654436990,NaN,NaN,0.003247510486,NaN,NaN
1,87,2608.000000000000,NaN,0,2608,0,0,0.031065023780,NaN,NaN,0.003083927438,NaN,NaN
1,87,2157.000000000000,NaN,0,2157,0,0,0.037988557339,NaN,NaN,0.003687395403,NaN,NaN
1,80,2326.000000000000,NaN,0,2326,0,0,0.035095295628,NaN,NaN,0.003458768267,NaN,NaN
1,81,2198.000000000000,NaN,0,2198,0,0,0.037864900630,NaN,NaN,0.003629042920,NaN,NaN
1,75,2445.000000000000,NaN,0,2445,0,0,0.033562230501,NaN,NaN,0.003272519100,NaN,NaN
1,81,2229.000000000000,NaN,0,2229,0,0,0.036720715876,NaN,NaN,0.003594473585,NaN,NaN
1,88,2232.000000000000,NaN,0,2232,0,0,0.037224956662,NaN,NaN,0.003580815148,NaN,NaN
1,81,2283.000000000000,NaN,0,2283,0,0,0.035261415813,NaN,NaN,0.003488574415,NaN,NaN
1,87,2289.000000000000,NaN,0,2289,0,0,0.036310070432,NaN,NaN,0.003502663684,NaN,NaN
1,82,2229.000000000000,NaN,0,2229,0,0,0.036390141031,NaN,NaN,0.003577853798,NaN,NaN
1,87,2347.000000000000,NaN,0,2347,0,0,0.034623774117,NaN,NaN,0.003414481604,NaN,NaN
1,88,2397.000000000000,NaN,0,2397,0,0,0.033761211039,NaN,NaN,0.003346878320,NaN,NaN
1,87,2392.000000000000,NaN,0,2392,0,0,0.034146422216,NaN,NaN,0.003342285081,NaN,NaN
1,67,2467.000000000000,NaN,0,2467,0,0,0.033310800818,NaN,NaN,0.003240311358,NaN,NaN
1,81,2248.000000000000,NaN,0,2248,0,0,0.035688521167,NaN,NaN,0.003549247083,NaN,NaN
1,68,2230.000000000000,NaN,0,2230,0,0,0.037487562717,NaN,NaN,0.003593801991,NaN,NaN
1,68,2019.000000000000,NaN,0,2019,0,0,0.040885153817,NaN,NaN,0.003960859753,NaN,NaN
1,67,2481.000000000000,NaN,0,2481,0,0,0.032401027245,NaN,NaN,0.003228740866,NaN,NaN
1,0,80.000000000000,NaN,0,80,0,0,0.029639756475,NaN,NaN,0.003146782013,NaN,NaN
STAT END
HIST START
973
   0 0
   1 0
   2 0
   3 0
   4 0
   5 0
   6 0
   7 0
   8 0
   9 0
   10 0
   11 0
   12 0
   13 0
   14 0
   15 0
   16 0
   17 0
   18 0
   19 0
   20 0
   21 0
   22 0
   23 0
   24 0
   25 0
   26 0
   27 0
   28 6
   29 1
   30 0
   31 0
   32 0
   33 0
   34 0
   35 0
   36 0
   37 0
   38 0
   39 0
   40 0
   41 0
   42 0
   43 0
   44 0
   45 0
   46 0
   47 0
   48 0
   49 0
   50 0
   51 0
   52 0
   53 0
   54 0
   55 0
   56 0
   57 0
   58 0
   59 0
   60 0
   61 0
   62 0
   63 0
   64 0
   65 0
   66 0
   67 0
   68 0
   69 0
   70 0
   71 0
   72 0
   73 0
   74 0
   75 0
   76 0
   77 0
   78 0
   79 0
   80 0
   81 0
   82 0
   83 0
   84 0
   85 0
   86 0
   87 0
   88 0
   89 0
   90 0
   91 0
   92 0
   93 0
   94 0
   95 0
   96 0
   97 0
   98 0
   99 0
   100 0
   101 2
   102 2
   103 1
   104 0
   105 0
   106 0
   107 0
   108 2
   109 0
   110 0
   111 0
   112 0
   113 0
   114 0
   115 0
   116 0
   117 0
   118 1
   119 0
   120 0
   121 0
   122 0
   123 0
   124 0
   125 2
   126 6
   127 5
   128 1
   129 0
   130 0
   131 0
   132 0
   133 4
   134 2
   135 3
   136 3
   137 0
   138 3
   139 2
   140 3
   141 3
   142 7
   143 10
   144 13
   145 12
   146 7
   147 2
   148 2
   149 8
   150 5
   151 4
   152 12
   153 12
   154 11
   155 11
   156 23
   157 16
   158 26
   159 25
   160 20
   161 21
   162 12
   163 18
   164 19
   165 21
   166 34
   167 28
   168 50
   169 23
   170 32
   171 21
   172 32
   173 24
   174 29
   175 38
   176 38
   177 44
   178 30
   179 51
   180 24
   181 58
   182 57
   183 42
   184 47
   185 41
   186 69
   187 72
   188 49
   189 46
   190 55
   191 49
   192 67
   193 89
   194 75
   195 92
   196 105
   197 81
   198 93
   199 99
   200 80
   201 107
   202 111
   203 87
   204 88
   205 123
   206 88
   207 115
   208 106
   209 160
   210 184
   211 151
   212 149
   213 172
   214 162
   215 187
   216 166
   217 192
   218 201
   219 162
   220 183
   221 172
   222 185
   223 174
   224 204
   225 226
   226 197
   227 161
   228 135
   229 144
   230 172
   231 190
   232 149
   233 185
   234 160
   235 186
   236 212
   237 208
   238 204
   239 245
   240 220
   241 250
   242 266
   243 232
   244 235
   245 245
   246 234
   247 240
   248 263
   249 228
   250 265
   251 280
   252 248
   253 264
   254 293
   255 257
   256 281
   257 292
   258 282
   259 285
   260 306
   261 339
   262 340
   263 302
   264 302
   265 325
   266 368
   267 373
   268 370
   269 383
   270 309
   271 363
   272 341
   273 372
   274 406
   275 458
   276 354
   277 367
   278 389
   279 446
   280 384
   281 398
   282 466
   283 475
   284 498
   285 534
   286 532
   287 494
   288 548
   289 492
   290 543
   291 521
   292 574
   293 555
   294 552
   295 600
   296 705
   297 740
   298 838
   299 851
   300 802
   301 678
   302 671
   303 622
   304 655
   305 638
   306 637
   307 664
   308 625
   309 600
   310 688
   311 735
   312 744
   313 717
   314 715
   315 747
   316 811
   317 792
   318 772
   319 729
   320 646
   321 662
   322 585
   323 608
   324 552
   325 564
   326 550
   327 526
   328 489
   329 426
   330 495
   331 465
   332 444
   333 544
   334 536
   335 574
   336 500
   337 448
   338 507
   339 492
   340 482
   341 493
   342 496
   343 500
   344 425
   345 510
   346 490
   347 500
   348 477
   349 526
   350 479
   351 493
   352 519
   353 425
   354 478
   355 433
   356 517
   357 537
   358 539
   359 499
   360 560
   361 464
   362 517
   363 524
   364 565
   365 575
   366 494
   367 518
   368 533
   369 495
   370 566
   371 662
   372 600
   373 618
   374 570
   375 588
   376 522
   377 678
   378 683
   379 726
   380 731
   381 731
   382 662
   383 650
   384 625
   385 665
   386 728
   387 797
   388 720
   389 763
   390 758
   391 792
   392 741
   393 888
   394 849
   395 976
   396 1057
   397 1084
   398 1157
   399 1119
   400 1012
   401 919
   402 749
   403 661
   404 609
   405 592
   406 639
   407 600
   408 596
   409 651
   410 561
   411 629
   412 741
   413 684
   414 690
   415 658
   416 705
   417 667
   418 655
   419 576
   420 553
   421 514
   422 479
   423 446
   424 477
   425 432
   426 360
   427 333
   428 322
   429 299
   430 363
   431 374
   432 301
   433 361
   434 385
   435 347
   436 354
   437 375
   438 390
   439 354
   440 356
   441 334
   442 326
   443 374
   444 319
   445 319
   446 348
   447 362
   448 301
   449 349
   450 359
   451 303
   452 301
   453 286
   454 330
   455 324
   456 328
   457 332
   458 337
   459 285
   460 324
   461 295
   462 304
   463 289
   464 328
   465 320
   466 320
   467 310
   468 320
   469 337
   470 353
   471 384
   472 407
   473 415
   474 394
   475 429
   476 451
   477 437
   478 425
   479 369
   480 400
   481 399
   482 446
   483 345
   484 407
   485 453
   486 441
   487 408
   488 439
   489 462
   490 459
   491 461
   492 476
   493 540
   494 624
   495 592
   496 641
   497 754
   498 732
   499 685
   500 562
   501 390
   502 289
   503 281
   504 261
   505 257
   506 244
   507 308
   508 343
   509 229
   510 255
   511 289
   512 275
   513 316
   514 268
   515 317
   516 282
   517 242
   518 255
   519 204
   520 241
   521 181
   522 207
   523 161
   524 164
   525 180
   526 132
   527 106
   528 119
   529 125
   530 132
   531 128
   532 131
   533 113
   534 118
   535 116
   536 118
   537 144
   538 124
   539 131
   540 105
   541 122
   542 111
   543 108
   544 122
   545 93
   546 96
   547 103
   548 100
   549 121
   550 109
   551 114
   552 111
   553 94
   554 83
   555 97
   556 99
   557 93
   558 117
   559 95
   560 91
   561 100
   562 118
   563 127
   564 120
   565 119
   566 121
   567 129
   568 126
   569 129
   570 125
   571 165
   572 168
   573 162
   574 165
   575 157
   576 145
   577 144
   578 130
   579 133
   580 110
   581 93
   582 114
   583 115
   584 133
   585 120
   586 126
   587 140
   588 143
   589 155
   590 134
   591 148
   592 147
   593 156
   594 188
   595 224
   596 204
   597 211
   598 192
   599 178
   600 140
   601 115
   602 109
   603 100
   604 93
   605 78
   606 115
   607 69
   608 73
   609 91
   610 77
   611 58
   612 87
   613 82
   614 77
   615 78
   616 63
   617 67
   618 55
   619 47
   620 36
   621 42
   622 50
   623 37
   624 26
   625 34
   626 26
   627 23
   628 22
   629 26
   630 23
   631 17
   632 25
   633 38
   634 28
   635 27
   636 20
   637 29
   638 31
   639 32
   640 25
   641 42
   642 32
   643 13
   644 12
   645 17
   646 15
   647 16
   648 18
   649 19
   650 23
   651 29
   652 19
   653 29
   654 28
   655 16
   656 19
   657 34
   658 26
   659 24
   660 18
   661 20
   662 19
   663 24
   664 17
   665 26
   666 27
   667 28
   668 42
   669 41
   670 40
   671 29
   672 34
   673 38
   674 30
   675 37
   676 39
   677 42
   678 32
   679 27
   680 33
   681 27
   682 21
   683 34
   684 27
   685 42
   686 20
   687 32
   688 25
   689 36
   690 54
   691 39
   692 41
   693 29
   694 38
   695 56
   696 52
   697 35
   698 32
   699 19
   700 19
   701 18
   702 12
   703 10
   704 6
   705 13
   706 10
   707 13
   708 15
   709 13
   710 13
   711 15
   712 8
   713 5
   714 12
   715 8
   716 3
   717 16
   718 12
   719 10
   720 11
   721 7
   722 1
   723 1
   724 2
   725 9
   726 8
   727 8
   728 10
   729 7
   730 11
   731 2
   732 1
   733 3
   734 0
   735 1
   736 4
   737 8
   738 8
   739 4
   740 6
   741 3
   742 2
   743 4
   744 3
   745 3
   746 3
   747 4
   748 8
   749 7
   750 13
   751 9
   752 1
   753 2
   754 2
   755 4
   756 4
   757 4
   758 2
   759 0
   760 3
   761 3
   762 4
   763 8
   764 9
   765 6
   766 7
   767 7
   768 8
   769 9
   770 5
   771 2
   772 2
   773 1
   774 4
   775 2
   776 9
   777 9
   778 10
   779 2
   780 8
   781 5
   782 0
   783 1
   784 3
   785 7
   786 2
   787 3
   788 3
   789 3
   790 5
   791 4
   792 5
   793 4
   794 3
   795 5
   796 5
   797 0
   798 6
   799 3
   800 1
   801 2
   802 4
   803 2
   804 1
   805 1
   806 3
   807 1
   808 1
   809 0
   810 3
   811 0
   812 2
   813 0
   814 1
   815 4
   816 0
   817 0
   818 2
   819 0
   820 2
   821 0
   822 1
   823 0
   824 0
   825 0
   826 0
   827 0
   828 0
   829 0
   830 0
   831 0
   832 1
   833 2
   834 0
   835 0
   836 0
   837 0
   838 0
   839 0
   840 0
   841 3
   842 1
   843 0
   844 0
   845 1
   846 0
   847 0
   848 0
   849 0
   850 0
   851 0
   852 0
   853 1
   854 0
   855 0
   856 1
   857 0
   858 0
   859 0
   860 0
   861 0
   862 0
   863 0
   864 0
   865 0
   866 1
   867 0
   868 0
   869 0
   870 0
   871 0
   872 1
   873 0
   874 0
   875 0
   876 0
   877 1
   878 3
   879 1
   880 1
   881 0
   882 0
   883 0
   884 0
   885 0
   886 4
   887 1
   888 0
   889 0
   890 0
   891 0
   892 0
   893 0
   894 0
   895 3
   896 0
   897 0
   898 0
   899 0
   900 0
   901 0
   902 0
   903 0
   904 0
   905 0
   906 2
   907 1
   908 0
   909 0
   910 1
   911 0
   912 0
   913 0
   914 0
   915 0
   916 0
   917 3
   918 0
   919 0
   920 0
   921 0
   922 0
   923 0
   924 0
   925 0
   926 0
   927 0
   928 0
   929 0
   930 0
   931 0
   932 0
   933 0
   934 0
   935 0
   936 0
   937 0
   938 1
   939 0
   940 1
   941 0
   942 0
   943 0
   944 0
   945 0
   946 0
   947 0
   948 0
   949 0
   950 0
   951 0
   952 0
   953 0
   954 2
   955 0
   956 0
   957 0
   958 0
   959 0
   960 0
   961 0
   962 0
   963 3
   964 0
   965 0
   966 1
   967 1
   968 0
   969 0
   970 0
   971 0
   972 1
HIST END
