STAT START
secs,qlen,thru,msrt,items,nset,nget,nmget,sqt,gqt,mqt,swt,gwt,mwt
1,84,2116.000000000000,NaN,0,2116,0,0,0.037038867539,NaN,NaN,0.003756363267,NaN,NaN
1,65,2515.000000000000,NaN,0,2515,0,0,0.032167908113,NaN,NaN,0.003183502130,NaN,NaN
1,71,2602.000000000000,NaN,0,2602,0,0,0.031494010437,NaN,NaN,0.003073706918,NaN,NaN
1,82,2625.000000000000,NaN,0,2625,0,0,0.031222637882,NaN,NaN,0.003041297504,NaN,NaN
1,80,2471.000000000000,NaN,0,2471,0,0,0.033199036605,NaN,NaN,0.003229642027,NaN,NaN
1,81,2325.000000000000,NaN,0,2325,0,0,0.035340949532,NaN,NaN,0.003430143657,NaN,NaN
1,87,2511.000000000000,NaN,0,2511,0,0,0.032614880070,NaN,NaN,0.003188119851,NaN,NaN
1,82,2374.000000000000,NaN,0,2374,0,0,0.034562572748,NaN,NaN,0.003361209998,NaN,NaN
1,88,2166.000000000000,NaN,0,2166,0,0,0.038494998403,NaN,NaN,0.003670113341,NaN,NaN
1,88,2754.000000000000,NaN,0,2754,0,0,0.029247092313,NaN,NaN,0.002927285468,NaN,NaN
1,88,2730.000000000000,NaN,0,2730,0,0,0.029733825022,NaN,NaN,0.002913556348,NaN,NaN
1,86,2591.000000000000,NaN,0,2591,0,0,0.031828568182,NaN,NaN,0.003102315152,NaN,NaN
1,88,2608.000000000000,NaN,0,2608,0,0,0.031013022390,NaN,NaN,0.003069054509,NaN,NaN
1,86,2554.000000000000,NaN,0,2554,0,0,0.031878072216,NaN,NaN,0.003131383050,NaN,NaN
1,77,2559.000000000000,NaN,0,2559,0,0,0.031625753662,NaN,NaN,0.003120550604,NaN,NaN
1,83,2393.000000000000,NaN,0,2393,0,0,0.034058927989,NaN,NaN,0.003331887790,NaN,NaN
1,88,2372.000000000000,NaN,0,2372,0,0,0.034640755495,NaN,NaN,0.003386646285,NaN,NaN
1,80,2541.000000000000,NaN,0,2541,0,0,0.032398449190,NaN,NaN,0.003145004484,NaN,NaN
1,71,2322.000000000000,NaN,0,2322,0,0,0.035538248882,NaN,NaN,0.003442425867,NaN,NaN
1,86,2257.000000000000,NaN,0,2257,0,0,0.036436181172,NaN,NaN,0.003531508242,NaN,NaN
1,80,2445.000000000000,NaN,0,2445,0,0,0.033169929351,NaN,NaN,0.003285747470,NaN,NaN
1,88,2765.000000000000,NaN,0,2765,0,0,0.029445512317,NaN,NaN,0.002875674411,NaN,NaN
1,75,2378.000000000000,NaN,0,2378,0,0,0.034904757914,NaN,NaN,0.003373201253,NaN,NaN
1,80,2436.000000000000,NaN,0,2436,0,0,0.033393747933,NaN,NaN,0.003290013848,NaN,NaN
1,84,2496.000000000000,NaN,0,2496,0,0,0.032548935216,NaN,NaN,0.003197011192,NaN,NaN
1,88,2240.000000000000,NaN,0,2240,0,0,0.036956437385,NaN,NaN,0.003570865186,NaN,NaN
1,79,2453.000000000000,NaN,0,2453,0,0,0.032934855627,NaN,NaN,0.003266348076,NaN,NaN
1,81,2401.000000000000,NaN,0,2401,0,0,0.033858946058,NaN,NaN,0.003330770254,NaN,NaN
1,69,2233.000000000000,NaN,0,2233,0,0,0.037152759716,NaN,NaN,0.003583397750,NaN,NaN
1,82,2544.000000000000,NaN,0,2544,0,0,0.032309827169,NaN,NaN,0.003139877728,NaN,NaN
1,82,2368.000000000000,NaN,0,2368,0,0,0.033913031829,NaN,NaN,0.003365684733,NaN,NaN
1,88,2880.000000000000,NaN,0,2880,0,0,0.028341726150,NaN,NaN,0.002786369270,NaN,NaN
1,85,2549.000000000000,NaN,0,2549,0,0,0.032036981789,NaN,NaN,0.003127628742,NaN,NaN
1,87,2491.000000000000,NaN,0,2491,0,0,0.032217584103,NaN,NaN,0.003215068394,NaN,NaN
1,86,2397.000000000000,NaN,0,2397,0,0,0.033881503066,NaN,NaN,0.003325322415,NaN,NaN
1,70,2488.000000000000,NaN,0,2488,0,0,0.034064793806,NaN,NaN,0.003234744961,NaN,NaN
1,84,2632.000000000000,NaN,0,2632,0,0,0.030281781803,NaN,NaN,0.003038710207,NaN,NaN
1,87,2635.000000000000,NaN,0,2635,0,0,0.031284814249,NaN,NaN,0.003017376699,NaN,NaN
1,85,2315.000000000000,NaN,0,2315,0,0,0.035075359021,NaN,NaN,0.003461957562,NaN,NaN
1,88,2503.000000000000,NaN,0,2503,0,0,0.032740958736,NaN,NaN,0.003195088247,NaN,NaN
1,86,2323.000000000000,NaN,0,2323,0,0,0.035318037830,NaN,NaN,0.003450776779,NaN,NaN
1,88,2114.000000000000,NaN,0,2114,0,0,0.039295796956,NaN,NaN,0.003788849398,NaN,NaN
1,88,2756.000000000000,NaN,0,2756,0,0,0.029532338930,NaN,NaN,0.002899284914,NaN,NaN
1,87,2856.000000000000,NaN,0,2856,0,0,0.028358543713,NaN,NaN,0.002803011257,NaN,NaN
1,88,2595.000000000000,NaN,0,2595,0,0,0.031237030781,NaN,NaN,0.003083068801,NaN,NaN
1,61,2659.000000000000,NaN,0,2659,0,0,0.030667585829,NaN,NaN,0.003008908117,NaN,NaN
1,88,2607.000000000000,NaN,0,2607,0,0,0.030838251136,NaN,NaN,0.003062073838,NaN,NaN
1,88,2612.000000000000,NaN,0,2612,0,0,0.031525370041,NaN,NaN,0.003067920840,NaN,NaN
1,70,2445.000000000000,NaN,0,2445,0,0,0.033267239476,NaN,NaN,0.003266551303,NaN,NaN
1,74,2376.000000000000,NaN,0,2376,0,0,0.034626010293,NaN,NaN,0.003369726566,NaN,NaN
1,81,2562.000000000000,NaN,0,2562,0,0,0.031738676415,NaN,NaN,0.003118639760,NaN,NaN
1,88,2600.000000000000,NaN,0,2600,0,0,0.031292265618,NaN,NaN,0.003065237863,NaN,NaN
1,85,2650.000000000000,NaN,0,2650,0,0,0.030637995920,NaN,NaN,0.003020629977,NaN,NaN
1,66,2478.000000000000,NaN,0,2478,0,0,0.033142822401,NaN,NaN,0.003239480777,NaN,NaN
1,81,2378.000000000000,NaN,0,2378,0,0,0.033897045235,NaN,NaN,0.003361598314,NaN,NaN
1,82,2524.000000000000,NaN,0,2524,0,0,0.032087484309,NaN,NaN,0.003139152671,NaN,NaN
1,66,2430.000000000000,NaN,0,2430,0,0,0.034463899607,NaN,NaN,0.003320847916,NaN,NaN
1,88,2708.000000000000,NaN,0,2708,0,0,0.029482540977,NaN,NaN,0.002942171267,NaN,NaN
1,71,2611.000000000000,NaN,0,2611,0,0,0.031523575368,NaN,NaN,0.003073907111,NaN,NaN
1,88,2644.000000000000,NaN,0,2644,0,0,0.030063275745,NaN,NaN,0.003025800641,NaN,NaN
1,87,2525.000000000000,NaN,0,2525,0,0,0.032960738500,NaN,NaN,0.003165396608,NaN,NaN
1,88,2317.000000000000,NaN,0,2317,0,0,0.035157120236,NaN,NaN,0.003450623917,NaN,NaN
1,86,2448.000000000000,NaN,0,2448,0,0,0.033523875940,NaN,NaN,0.003260741587,NaN,NaN
1,79,2630.000000000000,NaN,0,2630,0,0,0.031135860106,NaN,NaN,0.003047060280,NaN,NaN
1,86,2503.000000000000,NaN,0,2503,0,0,0.032532044019,NaN,NaN,0.003202470920,NaN,NaN
1,56,2329.000000000000,NaN,0,2329,0,0,0.035410500979,NaN,NaN,0.003428226560,NaN,NaN
1,88,2372.000000000000,NaN,0,2372,0,0,0.034685409805,NaN,NaN,0.003369232339,NaN,NaN
1,87,2266.000000000000,NaN,0,2266,0,0,0.036635066712,NaN,NaN,0.003539756407,NaN,NaN
1,82,1972.000000000000,NaN,0,1972,0,0,0.042110653088,NaN,NaN,0.004053043210,NaN,NaN
1,69,2457.000000000000,NaN,0,2457,0,0,0.033000821378,NaN,NaN,0.003252613485,NaN,NaN
1,0,119.000000000000,NaN,0,119,0,0,0.027432613807,NaN,NaN,0.003016607563,NaN,NaN
STAT END
HIST START
976
   0 0
   1 0
   2 0
   3 0
   4 0
   5 0
   6 0
   7 0
   8 0
   9 0
   10 0
   11 0
   12 0
   13 0
   14 0
   15 0
   16 0
   17 0
   18 0
   19 0
   20 0
   21 0
   22 0
   23 0
   24 0
   25 0
   26 0
   27 0
   28 1
   29 0
   30 1
   31 3
   32 0
   33 0
   34 0
   35 0
   36 0
   37 0
   38 0
   39 0
   40 0
   41 0
   42 0
   43 0
   44 0
   45 0
   46 1
   47 0
   48 0
   49 1
   50 1
   51 0
   52 0
   53 0
   54 1
   55 0
   56 0
   57 0
   58 0
   59 0
   60 0
   61 0
   62 2
   63 0
   64 0
   65 0
   66 0
   67 0
   68 0
   69 0
   70 3
   71 0
   72 0
   73 0
   74 0
   75 1
   76 1
   77 0
   78 0
   79 0
   80 0
   81 0
   82 2
   83 1
   84 0
   85 2
   86 3
   87 0
   88 0
   89 0
   90 0
   91 2
   92 1
   93 0
   94 0
   95 1
   96 0
   97 0
   98 2
   99 0
   100 3
   101 0
   102 0
   103 1
   104 0
   105 0
   106 0
   107 0
   108 1
   109 1
   110 0
   111 0
   112 0
   113 0
   114 0
   115 1
   116 0
   117 0
   118 0
   119 0
   120 0
   121 1
   122 2
   123 0
   124 0
   125 1
   126 2
   127 0
   128 0
   129 5
   130 4
   131 2
   132 5
   133 3
   134 3
   135 10
   136 5
   137 1
   138 3
   139 10
   140 6
   141 7
   142 4
   143 15
   144 13
   145 4
   146 2
   147 11
   148 9
   149 22
   150 11
   151 23
   152 27
   153 23
   154 20
   155 20
   156 29
   157 26
   158 22
   159 34
   160 29
   161 31
   162 35
   163 33
   164 29
   165 52
   166 59
   167 51
   168 41
   169 55
   170 50
   171 62
   172 52
   173 78
   174 47
   175 90
   176 70
   177 65
   178 68
   179 78
   180 98
   181 81
   182 96
   183 101
   184 94
   185 103
   186 126
   187 94
   188 134
   189 129
   190 138
   191 123
   192 139
   193 136
   194 156
   195 111
   196 135
   197 136
   198 179
   199 180
   200 156
   201 150
   202 166
   203 182
   204 202
   205 198
   206 200
   207 169
   208 186
   209 226
   210 185
   211 190
   212 209
   213 250
   214 258
   215 214
   216 225
   217 224
   218 246
   219 248
   220 203
   221 231
   222 251
   223 235
   224 268
   225 280
   226 260
   227 267
   228 234
   229 271
   230 293
   231 292
   232 275
   233 306
   234 293
   235 294
   236 300
   237 300
   238 278
   239 330
   240 363
   241 370
   242 401
   243 367
   244 368
   245 425
   246 353
   247 391
   248 442
   249 439
   250 434
   251 428
   252 460
   253 453
   254 451
   255 474
   256 507
   257 549
   258 567
   259 587
   260 595
   261 573
   262 625
   263 569
   264 644
   265 613
   266 546
   267 598
   268 633
   269 615
   270 623
   271 649
   272 696
   273 649
   274 607
   275 602
   276 605
   277 671
   278 677
   279 608
   280 742
   281 783
   282 678
   283 720
   284 734
   285 750
   286 680
   287 651
   288 656
   289 713
   290 630
   291 624
   292 739
   293 617
   294 659
   295 651
   296 666
   297 654
   298 590
   299 629
   300 638
   301 654
   302 635
   303 601
   304 606
   305 679
   306 643
   307 628
   308 640
   309 639
   310 640
   311 595
   312 627
   313 618
   314 585
   315 609
   316 601
   317 640
   318 661
   319 636
   320 626
   321 661
   322 660
   323 653
   324 677
   325 709
   326 665
   327 674
   328 688
   329 734
   330 721
   331 713
   332 714
   333 712
   334 755
   335 772
   336 752
   337 769
   338 883
   339 846
   340 784
   341 795
   342 832
   343 866
   344 863
   345 874
   346 897
   347 818
   348 888
   349 899
   350 832
   351 878
   352 882
   353 934
   354 920
   355 912
   356 872
   357 865
   358 923
   359 834
   360 910
   361 864
   362 928
   363 862
   364 792
   365 812
   366 813
   367 799
   368 862
   369 820
   370 812
   371 753
   372 761
   373 764
   374 765
   375 796
   376 717
   377 719
   378 753
   379 743
   380 701
   381 699
   382 615
   383 674
   384 628
   385 556
   386 494
   387 583
   388 492
   389 522
   390 498
   391 482
   392 557
   393 551
   394 442
   395 490
   396 523
   397 495
   398 542
   399 496
   400 515
   401 448
   402 466
   403 465
   404 475
   405 375
   406 483
   407 437
   408 478
   409 457
   410 480
   411 452
   412 482
   413 471
   414 464
   415 448
   416 456
   417 489
   418 497
   419 501
   420 494
   421 518
   422 548
   423 573
   424 498
   425 529
   426 523
   427 579
   428 567
   429 536
   430 530
   431 540
   432 575
   433 536
   434 600
   435 600
   436 564
   437 558
   438 587
   439 585
   440 542
   441 490
   442 556
   443 503
   444 535
   445 518
   446 524
   447 532
   448 525
   449 478
   450 504
   451 503
   452 452
   453 472
   454 437
   455 406
   456 412
   457 394
   458 434
   459 429
   460 376
   461 337
   462 373
   463 353
   464 388
   465 353
   466 360
   467 342
   468 320
   469 273
   470 308
   471 317
   472 277
   473 281
   474 259
   475 287
   476 253
   477 257
   478 201
   479 207
   480 185
   481 230
   482 213
   483 206
   484 206
   485 210
   486 194
   487 165
   488 192
   489 193
   490 182
   491 177
   492 186
   493 207
   494 201
   495 183
   496 179
   497 196
   498 165
   499 179
   500 183
   501 201
   502 186
   503 171
   504 182
   505 163
   506 195
   507 194
   508 180
   509 186
   510 197
   511 187
   512 204
   513 175
   514 185
   515 201
   516 176
   517 165
   518 180
   519 183
   520 197
   521 164
   522 196
   523 186
   524 173
   525 166
   526 201
   527 198
   528 203
   529 203
   530 168
   531 173
   532 143
   533 161
   534 152
   535 172
   536 164
   537 159
   538 144
   539 169
   540 167
   541 142
   542 128
   543 149
   544 132
   545 160
   546 147
   547 145
   548 108
   549 104
   550 108
   551 94
   552 122
   553 106
   554 95
   555 91
   556 87
   557 116
   558 100
   559 80
   560 88
   561 95
   562 97
   563 87
   564 85
   565 90
   566 62
   567 77
   568 78
   569 94
   570 78
   571 51
   572 70
   573 65
   574 59
   575 67
   576 57
   577 57
   578 43
   579 43
   580 45
   581 62
   582 45
   583 56
   584 41
   585 39
   586 39
   587 47
   588 61
   589 56
   590 52
   591 71
   592 50
   593 55
   594 43
   595 60
   596 44
   597 47
   598 48
   599 52
   600 38
   601 45
   602 40
   603 28
   604 52
   605 38
   606 38
   607 34
   608 34
   609 53
   610 39
   611 37
   612 37
   613 41
   614 34
   615 44
   616 41
   617 44
   618 41
   619 46
   620 37
   621 50
   622 42
   623 41
   624 44
   625 35
   626 27
   627 28
   628 30
   629 25
   630 36
   631 24
   632 28
   633 36
   634 27
   635 26
   636 14
   637 12
   638 16
   639 15
   640 14
   641 18
   642 33
   643 15
   644 8
   645 23
   646 14
   647 4
   648 5
   649 6
   650 13
   651 13
   652 11
   653 10
   654 14
   655 7
   656 18
   657 10
   658 6
   659 2
   660 9
   661 14
   662 10
   663 7
   664 11
   665 8
   666 3
   667 0
   668 13
   669 4
   670 8
   671 2
   672 10
   673 2
   674 2
   675 3
   676 5
   677 7
   678 8
   679 8
   680 6
   681 8
   682 6
   683 13
   684 4
   685 0
   686 3
   687 5
   688 5
   689 8
   690 4
   691 6
   692 6
   693 12
   694 4
   695 6
   696 6
   697 4
   698 3
   699 2
   700 2
   701 2
   702 2
   703 3
   704 7
   705 4
   706 2
   707 5
   708 4
   709 1
   710 3
   711 5
   712 6
   713 6
   714 5
   715 4
   716 6
   717 6
   718 3
   719 4
   720 4
   721 2
   722 3
   723 8
   724 8
   725 2
   726 5
   727 6
   728 3
   729 9
   730 1
   731 2
   732 7
   733 5
   734 3
   735 1
   736 9
   737 2
   738 2
   739 2
   740 4
   741 5
   742 3
   743 3
   744 1
   745 0
   746 0
   747 5
   748 1
   749 4
   750 1
   751 5
   752 5
   753 2
   754 0
   755 0
   756 2
   757 2
   758 1
   759 0
   760 1
   761 0
   762 0
   763 0
   764 0
   765 0
   766 0
   767 0
   768 0
   769 0
   770 0
   771 0
   772 0
   773 0
   774 2
   775 0
   776 2
   777 0
   778 1
   779 0
   780 1
   781 0
   782 3
   783 0
   784 1
   785 0
   786 0
   787 0
   788 0
   789 0
   790 0
   791 1
   792 3
   793 1
   794 0
   795 0
   796 0
   797 1
   798 0
   799 0
   800 0
   801 0
   802 0
   803 0
   804 1
   805 0
   806 0
   807 1
   808 2
   809 1
   810 1
   811 1
   812 0
   813 0
   814 1
   815 0
   816 0
   817 0
   818 0
   819 2
   820 3
   821 0
   822 0
   823 0
   824 2
   825 1
   826 0
   827 0
   828 0
   829 0
   830 1
   831 1
   832 0
   833 0
   834 0
   835 0
   836 0
   837 0
   838 0
   839 0
   840 0
   841 0
   842 0
   843 0
   844 0
   845 0
   846 0
   847 0
   848 0
   849 0
   850 0
   851 2
   852 3
   853 0
   854 0
   855 0
   856 0
   857 0
   858 0
   859 0
   860 0
   861 0
   862 0
   863 0
   864 0
   865 0
   866 0
   867 0
   868 0
   869 0
   870 0
   871 0
   872 0
   873 0
   874 0
   875 0
   876 0
   877 0
   878 0
   879 0
   880 0
   881 0
   882 0
   883 0
   884 0
   885 0
   886 0
   887 0
   888 0
   889 0
   890 0
   891 0
   892 1
   893 0
   894 0
   895 2
   896 2
   897 1
   898 1
   899 0
   900 0
   901 1
   902 0
   903 0
   904 0
   905 1
   906 0
   907 0
   908 0
   909 0
   910 0
   911 1
   912 0
   913 0
   914 0
   915 0
   916 0
   917 0
   918 0
   919 0
   920 0
   921 0
   922 0
   923 0
   924 0
   925 0
   926 0
   927 0
   928 0
   929 0
   930 0
   931 0
   932 0
   933 0
   934 0
   935 0
   936 0
   937 1
   938 0
   939 0
   940 0
   941 0
   942 0
   943 0
   944 0
   945 0
   946 0
   947 0
   948 0
   949 0
   950 0
   951 0
   952 0
   953 0
   954 0
   955 0
   956 0
   957 0
   958 0
   959 0
   960 0
   961 0
   962 0
   963 0
   964 0
   965 0
   966 0
   967 0
   968 0
   969 0
   970 0
   971 0
   972 0
   973 0
   974 0
   975 1
HIST END
