STAT START
secs,qlen,thru,msrt,items,nset,nget,nmget,sqt,gqt,mqt,swt,gwt,mwt
1,78,2074.000000000000,NaN,0,2074,0,0,0.038222023639,NaN,NaN,0.003791439008,NaN,NaN
1,83,2222.000000000000,NaN,0,2222,0,0,0.036670383038,NaN,NaN,0.003592260945,NaN,NaN
1,85,2557.000000000000,NaN,0,2557,0,0,0.031715932474,NaN,NaN,0.003128630705,NaN,NaN
1,68,2386.000000000000,NaN,0,2386,0,0,0.033391908023,NaN,NaN,0.003349192546,NaN,NaN
1,84,2195.000000000000,NaN,0,2195,0,0,0.037222435926,NaN,NaN,0.003640272024,NaN,NaN
1,54,2419.000000000000,NaN,0,2419,0,0,0.033858677014,NaN,NaN,0.003306699542,NaN,NaN
1,81,2376.000000000000,NaN,0,2376,0,0,0.033772326024,NaN,NaN,0.003346322084,NaN,NaN
1,86,2507.000000000000,NaN,0,2507,0,0,0.032500618756,NaN,NaN,0.003209161824,NaN,NaN
1,88,2470.000000000000,NaN,0,2470,0,0,0.033038840430,NaN,NaN,0.003235466760,NaN,NaN
1,86,2531.000000000000,NaN,0,2531,0,0,0.031829418312,NaN,NaN,0.003160169450,NaN,NaN
1,69,2527.000000000000,NaN,0,2527,0,0,0.032450713726,NaN,NaN,0.003162877253,NaN,NaN
1,88,2192.000000000000,NaN,0,2192,0,0,0.036604222767,NaN,NaN,0.003632433385,NaN,NaN
1,85,2357.000000000000,NaN,0,2357,0,0,0.034561595584,NaN,NaN,0.003406091172,NaN,NaN
1,85,2452.000000000000,NaN,0,2452,0,0,0.033423921195,NaN,NaN,0.003264450338,NaN,NaN
1,80,2171.000000000000,NaN,0,2171,0,0,0.037130786246,NaN,NaN,0.003679230196,NaN,NaN
1,81,2521.000000000000,NaN,0,2521,0,0,0.032473322928,NaN,NaN,0.003170664663,NaN,NaN
1,81,2141.000000000000,NaN,0,2141,0,0,0.038462840995,NaN,NaN,0.003732720971,NaN,NaN
1,86,2258.000000000000,NaN,0,2258,0,0,0.036282830191,NaN,NaN,0.003544162545,NaN,NaN
1,81,2249.000000000000,NaN,0,2249,0,0,0.036318584481,NaN,NaN,0.003556010077,NaN,NaN
1,86,2237.000000000000,NaN,0,2237,0,0,0.035737284165,NaN,NaN,0.003562402479,NaN,NaN
1,70,2034.000000000000,NaN,0,2034,0,0,0.041331689737,NaN,NaN,0.003942969918,NaN,NaN
1,85,2192.000000000000,NaN,0,2192,0,0,0.037228693095,NaN,NaN,0.003638030886,NaN,NaN
1,74,2125.000000000000,NaN,0,2125,0,0,0.038904111901,NaN,NaN,0.003778160654,NaN,NaN
1,88,2050.000000000000,NaN,0,2050,0,0,0.040042504405,NaN,NaN,0.003871489411,NaN,NaN
1,88,2166.000000000000,NaN,0,2166,0,0,0.038043451605,NaN,NaN,0.003719560340,NaN,NaN
1,88,2446.000000000000,NaN,0,2446,0,0,0.032645663034,NaN,NaN,0.003269377781,NaN,NaN
1,66,1978.000000000000,NaN,0,1978,0,0,0.042210933239,NaN,NaN,0.004046542786,NaN,NaN
1,70,2332.000000000000,NaN,0,2332,0,0,0.035218523639,NaN,NaN,0.003430062250,NaN,NaN
1,88,2106.000000000000,NaN,0,2106,0,0,0.038922177545,NaN,NaN,0.003785130753,NaN,NaN
1,88,2376.000000000000,NaN,0,2376,0,0,0.033495944925,NaN,NaN,0.003348399241,NaN,NaN
1,88,2105.000000000000,NaN,0,2105,0,0,0.039008384505,NaN,NaN,0.003798211455,NaN,NaN
1,88,2142.000000000000,NaN,0,2142,0,0,0.039031376322,NaN,NaN,0.003763734436,NaN,NaN
1,86,2299.000000000000,NaN,0,2299,0,0,0.035542527021,NaN,NaN,0.003480074543,NaN,NaN
1,58,2259.000000000000,NaN,0,2259,0,0,0.036059553687,NaN,NaN,0.003534668353,NaN,NaN
1,73,2080.000000000000,NaN,0,2080,0,0,0.038898506813,NaN,NaN,0.003848369287,NaN,NaN
1,86,2184.000000000000,NaN,0,2184,0,0,0.037835459763,NaN,NaN,0.003654615002,NaN,NaN
1,76,2210.000000000000,NaN,0,2210,0,0,0.036880225463,NaN,NaN,0.003626958343,NaN,NaN
1,85,2448.000000000000,NaN,0,2448,0,0,0.033781764267,NaN,NaN,0.003267254391,NaN,NaN
1,88,2142.000000000000,NaN,0,2142,0,0,0.037798297297,NaN,NaN,0.003728622092,NaN,NaN
1,88,2300.000000000000,NaN,0,2300,0,0,0.035344981139,NaN,NaN,0.003457871281,NaN,NaN
1,85,2325.000000000000,NaN,0,2325,0,0,0.035221206498,NaN,NaN,0.003457506014,NaN,NaN
1,87,2047.000000000000,NaN,0,2047,0,0,0.039662514805,NaN,NaN,0.003897259318,NaN,NaN
1,86,2194.000000000000,NaN,0,2194,0,0,0.037536553780,NaN,NaN,0.003642775874,NaN,NaN
1,87,2139.000000000000,NaN,0,2139,0,0,0.038885496781,NaN,NaN,0.003747441952,NaN,NaN
1,76,2325.000000000000,NaN,0,2325,0,0,0.035203257145,NaN,NaN,0.003446992738,NaN,NaN
1,73,2154.000000000000,NaN,0,2154,0,0,0.038070369965,NaN,NaN,0.003714397804,NaN,NaN
1,87,2458.000000000000,NaN,0,2458,0,0,0.033121983531,NaN,NaN,0.003251371631,NaN,NaN
1,88,2370.000000000000,NaN,0,2370,0,0,0.034484439807,NaN,NaN,0.003376399190,NaN,NaN
1,88,2400.000000000000,NaN,0,2400,0,0,0.033646387802,NaN,NaN,0.003333170067,NaN,NaN
1,77,2240.000000000000,NaN,0,2240,0,0,0.035967765542,NaN,NaN,0.003564988346,NaN,NaN
1,67,2122.000000000000,NaN,0,2122,0,0,0.038988040608,NaN,NaN,0.003770352626,NaN,NaN
1,75,2475.000000000000,NaN,0,2475,0,0,0.032703156286,NaN,NaN,0.003233462539,NaN,NaN
1,87,2219.000000000000,NaN,0,2219,0,0,0.036375702177,NaN,NaN,0.003591607984,NaN,NaN
1,86,2164.000000000000,NaN,0,2164,0,0,0.037522875035,NaN,NaN,0.003695670988,NaN,NaN
1,86,2012.000000000000,NaN,0,2012,0,0,0.041127156914,NaN,NaN,0.003991049096,NaN,NaN
1,84,2473.000000000000,NaN,0,2473,0,0,0.033094962913,NaN,NaN,0.003235288215,NaN,NaN
1,71,2428.000000000000,NaN,0,2428,0,0,0.032906433059,NaN,NaN,0.003294990881,NaN,NaN
1,83,1913.000000000000,NaN,0,1913,0,0,0.043517248127,NaN,NaN,0.004177441325,NaN,NaN
1,88,2369.000000000000,NaN,0,2369,0,0,0.033993916635,NaN,NaN,0.003362156123,NaN,NaN
1,88,2198.000000000000,NaN,0,2198,0,0,0.037102685791,NaN,NaN,0.003643377356,NaN,NaN
1,87,2150.000000000000,NaN,0,2150,0,0,0.038655279261,NaN,NaN,0.003720148760,NaN,NaN
1,84,2363.000000000000,NaN,0,2363,0,0,0.034699294357,NaN,NaN,0.003392519178,NaN,NaN
1,76,2691.000000000000,NaN,0,2691,0,0,0.029236582355,NaN,NaN,0.002968902574,NaN,NaN
1,86,2451.000000000000,NaN,0,2451,0,0,0.033016785155,NaN,NaN,0.003263610299,NaN,NaN
1,76,2174.000000000000,NaN,0,2174,0,0,0.037847751950,NaN,NaN,0.003680288157,NaN,NaN
1,87,1997.000000000000,NaN,0,1997,0,0,0.040790818200,NaN,NaN,0.003981772715,NaN,NaN
1,87,2185.000000000000,NaN,0,2185,0,0,0.037873057264,NaN,NaN,0.003673016074,NaN,NaN
1,74,2151.000000000000,NaN,0,2151,0,0,0.038794413141,NaN,NaN,0.003727677191,NaN,NaN
1,83,2193.000000000000,NaN,0,2193,0,0,0.037345101683,NaN,NaN,0.003638637492,NaN,NaN
1,88,2172.000000000000,NaN,0,2172,0,0,0.037474695831,NaN,NaN,0.003693263300,NaN,NaN
1,0,122.000000000000,NaN,0,122,0,0,0.033534969918,NaN,NaN,0.002704150992,NaN,NaN
STAT END
HIST START
1266
   0 0
   1 0
   2 0
   3 0
   4 0
   5 0
   6 0
   7 0
   8 0
   9 0
   10 0
   11 0
   12 0
   13 0
   14 0
   15 0
   16 0
   17 0
   18 0
   19 0
   20 0
   21 0
   22 0
   23 0
   24 0
   25 0
   26 0
   27 0
   28 0
   29 0
   30 0
   31 0
   32 0
   33 0
   34 0
   35 0
   36 0
   37 0
   38 0
   39 1
   40 0
   41 0
   42 0
   43 0
   44 0
   45 0
   46 0
   47 0
   48 0
   49 0
   50 0
   51 0
   52 0
   53 0
   54 0
   55 0
   56 0
   57 0
   58 0
   59 0
   60 0
   61 0
   62 0
   63 0
   64 0
   65 0
   66 0
   67 0
   68 0
   69 0
   70 0
   71 0
   72 0
   73 0
   74 0
   75 0
   76 0
   77 0
   78 0
   79 0
   80 0
   81 0
   82 0
   83 0
   84 0
   85 0
   86 1
   87 0
   88 0
   89 0
   90 0
   91 0
   92 0
   93 0
   94 0
   95 0
   96 0
   97 0
   98 0
   99 0
   100 0
   101 0
   102 0
   103 0
   104 0
   105 0
   106 0
   107 0
   108 0
   109 0
   110 0
   111 2
   112 0
   113 0
   114 0
   115 0
   116 0
   117 0
   118 0
   119 0
   120 0
   121 0
   122 0
   123 0
   124 0
   125 0
   126 0
   127 1
   128 0
   129 0
   130 0
   131 0
   132 1
   133 4
   134 0
   135 2
   136 3
   137 3
   138 0
   139 1
   140 3
   141 11
   142 4
   143 8
   144 12
   145 8
   146 5
   147 2
   148 7
   149 11
   150 3
   151 8
   152 14
   153 11
   154 8
   155 15
   156 12
   157 11
   158 22
   159 22
   160 25
   161 10
   162 17
   163 13
   164 13
   165 34
   166 21
   167 29
   168 39
   169 37
   170 13
   171 27
   172 33
   173 48
   174 40
   175 47
   176 34
   177 27
   178 49
   179 63
   180 41
   181 38
   182 45
   183 42
   184 52
   185 52
   186 53
   187 35
   188 65
   189 54
   190 70
   191 60
   192 85
   193 81
   194 87
   195 66
   196 92
   197 87
   198 109
   199 95
   200 91
   201 109
   202 123
   203 95
   204 85
   205 97
   206 112
   207 141
   208 113
   209 106
   210 151
   211 135
   212 137
   213 113
   214 126
   215 165
   216 162
   217 181
   218 155
   219 161
   220 156
   221 173
   222 157
   223 175
   224 166
   225 165
   226 165
   227 158
   228 128
   229 119
   230 130
   231 134
   232 131
   233 162
   234 193
   235 162
   236 178
   237 188
   238 186
   239 187
   240 210
   241 179
   242 221
   243 265
   244 205
   245 207
   246 198
   247 227
   248 251
   249 209
   250 231
   251 228
   252 240
   253 275
   254 243
   255 254
   256 277
   257 229
   258 244
   259 322
   260 258
   261 302
   262 275
   263 253
   264 299
   265 326
   266 298
   267 217
   268 302
   269 269
   270 319
   271 316
   272 343
   273 352
   274 340
   275 333
   276 378
   277 334
   278 321
   279 331
   280 344
   281 346
   282 408
   283 421
   284 432
   285 410
   286 435
   287 411
   288 446
   289 490
   290 459
   291 472
   292 451
   293 528
   294 545
   295 583
   296 620
   297 668
   298 736
   299 749
   300 759
   301 697
   302 674
   303 585
   304 548
   305 571
   306 599
   307 574
   308 522
   309 510
   310 577
   311 614
   312 583
   313 634
   314 671
   315 626
   316 725
   317 668
   318 693
   319 605
   320 625
   321 645
   322 627
   323 585
   324 495
   325 517
   326 533
   327 477
   328 399
   329 395
   330 414
   331 414
   332 463
   333 414
   334 470
   335 438
   336 424
   337 472
   338 445
   339 448
   340 408
   341 437
   342 458
   343 448
   344 495
   345 505
   346 462
   347 505
   348 490
   349 492
   350 477
   351 439
   352 472
   353 439
   354 463
   355 447
   356 485
   357 477
   358 527
   359 502
   360 498
   361 547
   362 506
   363 468
   364 515
   365 510
   366 570
   367 565
   368 610
   369 652
   370 673
   371 641
   372 650
   373 667
   374 670
   375 643
   376 653
   377 625
   378 638
   379 691
   380 739
   381 655
   382 718
   383 703
   384 692
   385 713
   386 686
   387 727
   388 756
   389 723
   390 745
   391 842
   392 787
   393 793
   394 813
   395 901
   396 882
   397 1080
   398 1159
   399 1149
   400 1136
   401 954
   402 763
   403 666
   404 542
   405 584
   406 611
   407 626
   408 556
   409 585
   410 591
   411 633
   412 598
   413 663
   414 606
   415 641
   416 665
   417 656
   418 630
   419 605
   420 619
   421 557
   422 541
   423 444
   424 426
   425 423
   426 383
   427 369
   428 434
   429 359
   430 362
   431 301
   432 367
   433 351
   434 348
   435 316
   436 352
   437 339
   438 354
   439 322
   440 333
   441 323
   442 400
   443 367
   444 369
   445 364
   446 350
   447 362
   448 360
   449 377
   450 317
   451 368
   452 354
   453 359
   454 377
   455 337
   456 377
   457 360
   458 420
   459 391
   460 340
   461 400
   462 343
   463 414
   464 396
   465 470
   466 428
   467 365
   468 386
   469 333
   470 377
   471 437
   472 439
   473 484
   474 487
   475 450
   476 402
   477 388
   478 411
   479 397
   480 423
   481 491
   482 455
   483 373
   484 414
   485 363
   486 360
   487 372
   488 376
   489 403
   490 429
   491 401
   492 398
   493 464
   494 470
   495 471
   496 583
   497 684
   498 700
   499 651
   500 612
   501 487
   502 378
   503 326
   504 265
   505 243
   506 245
   507 288
   508 290
   509 297
   510 236
   511 287
   512 229
   513 273
   514 285
   515 306
   516 303
   517 321
   518 264
   519 283
   520 284
   521 220
   522 187
   523 186
   524 163
   525 151
   526 166
   527 128
   528 129
   529 125
   530 137
   531 156
   532 154
   533 135
   534 153
   535 148
   536 160
   537 150
   538 159
   539 105
   540 120
   541 128
   542 128
   543 145
   544 150
   545 132
   546 135
   547 129
   548 151
   549 124
   550 143
   551 131
   552 157
   553 135
   554 161
   555 157
   556 164
   557 168
   558 157
   559 129
   560 128
   561 139
   562 142
   563 103
   564 116
   565 102
   566 147
   567 133
   568 152
   569 130
   570 165
   571 182
   572 168
   573 171
   574 138
   575 149
   576 162
   577 141
   578 131
   579 143
   580 158
   581 128
   582 100
   583 100
   584 132
   585 129
   586 118
   587 121
   588 127
   589 129
   590 142
   591 153
   592 158
   593 191
   594 200
   595 244
   596 250
   597 268
   598 239
   599 232
   600 162
   601 132
   602 117
   603 117
   604 80
   605 81
   606 60
   607 102
   608 95
   609 97
   610 97
   611 76
   612 66
   613 113
   614 89
   615 102
   616 101
   617 108
   618 84
   619 75
   620 59
   621 35
   622 40
   623 54
   624 44
   625 39
   626 38
   627 28
   628 34
   629 33
   630 50
   631 33
   632 37
   633 26
   634 19
   635 34
   636 39
   637 61
   638 60
   639 47
   640 32
   641 28
   642 33
   643 50
   644 39
   645 36
   646 17
   647 14
   648 31
   649 31
   650 32
   651 27
   652 11
   653 20
   654 18
   655 25
   656 36
   657 32
   658 20
   659 28
   660 19
   661 36
   662 29
   663 36
   664 27
   665 26
   666 34
   667 36
   668 39
   669 31
   670 43
   671 39
   672 36
   673 31
   674 28
   675 38
   676 27
   677 27
   678 26
   679 24
   680 26
   681 14
   682 28
   683 31
   684 27
   685 29
   686 35
   687 35
   688 36
   689 45
   690 33
   691 38
   692 35
   693 38
   694 46
   695 62
   696 71
   697 58
   698 29
   699 12
   700 15
   701 14
   702 12
   703 13
   704 12
   705 17
   706 10
   707 16
   708 8
   709 14
   710 11
   711 12
   712 7
   713 15
   714 8
   715 12
   716 4
   717 7
   718 19
   719 12
   720 14
   721 8
   722 4
   723 3
   724 10
   725 4
   726 6
   727 5
   728 2
   729 6
   730 1
   731 2
   732 4
   733 6
   734 2
   735 5
   736 12
   737 4
   738 4
   739 2
   740 2
   741 4
   742 2
   743 7
   744 7
   745 1
   746 5
   747 3
   748 5
   749 4
   750 10
   751 6
   752 10
   753 3
   754 5
   755 3
   756 3
   757 3
   758 4
   759 5
   760 3
   761 6
   762 4
   763 3
   764 4
   765 2
   766 6
   767 3
   768 10
   769 10
   770 1
   771 9
   772 3
   773 4
   774 4
   775 6
   776 2
   777 1
   778 8
   779 5
   780 3
   781 2
   782 1
   783 1
   784 8
   785 10
   786 4
   787 1
   788 8
   789 3
   790 10
   791 5
   792 12
   793 11
   794 12
   795 14
   796 9
   797 5
   798 3
   799 5
   800 1
   801 9
   802 2
   803 3
   804 1
   805 0
   806 1
   807 4
   808 1
   809 3
   810 1
   811 1
   812 0
   813 0
   814 7
   815 5
   816 2
   817 2
   818 2
   819 1
   820 4
   821 0
   822 1
   823 0
   824 2
   825 0
   826 0
   827 0
   828 0
   829 0
   830 0
   831 1
   832 0
   833 0
   834 0
   835 0
   836 0
   837 4
   838 0
   839 0
   840 0
   841 0
   842 0
   843 0
   844 1
   845 0
   846 1
   847 2
   848 2
   849 1
   850 1
   851 1
   852 0
   853 0
   854 0
   855 0
   856 2
   857 0
   858 0
   859 0
   860 1
   861 0
   862 0
   863 2
   864 3
   865 0
   866 0
   867 1
   868 0
   869 0
   870 0
   871 0
   872 0
   873 0
   874 0
   875 0
   876 0
   877 0
   878 0
   879 1
   880 1
   881 0
   882 0
   883 0
   884 2
   885 0
   886 1
   887 1
   888 2
   889 3
   890 0
   891 0
   892 0
   893 0
   894 0
   895 0
   896 0
   897 0
   898 0
   899 2
   900 0
   901 1
   902 0
   903 2
   904 0
   905 1
   906 1
   907 1
   908 1
   909 0
   910 0
   911 0
   912 0
   913 1
   914 0
   915 0
   916 0
   917 0
   918 1
   919 0
   920 0
   921 0
   922 0
   923 0
   924 0
   925 0
   926 0
   927 0
   928 0
   929 0
   930 0
   931 0
   932 0
   933 0
   934 0
   935 0
   936 0
   937 0
   938 0
   939 0
   940 0
   941 0
   942 0
   943 0
   944 0
   945 1
   946 1
   947 0
   948 0
   949 1
   950 1
   951 1
   952 1
   953 0
   954 0
   955 0
   956 1
   957 0
   958 0
   959 2
   960 0
   961 0
   962 0
   963 0
   964 0
   965 0
   966 0
   967 2
   968 0
   969 0
   970 0
   971 0
   972 0
   973 0
   974 1
   975 0
   976 0
   977 0
   978 2
   979 0
   980 0
   981 0
   982 1
   983 1
   984 0
   985 0
   986 0
   987 0
   988 0
   989 0
   990 0
   991 0
   992 0
   993 0
   994 0
   995 1
   996 0
   997 0
   998 0
   999 0
   1000 0
   1001 0
   1002 1
   1003 0
   1004 0
   1005 0
   1006 2
   1007 0
   1008 1
   1009 0
   1010 0
   1011 0
   1012 1
   1013 1
   1014 0
   1015 0
   1016 0
   1017 0
   1018 0
   1019 0
   1020 0
   1021 1
   1022 1
   1023 1
   1024 0
   1025 0
   1026 1
   1027 1
   1028 1
   1029 0
   1030 4
   1031 0
   1032 0
   1033 0
   1034 0
   1035 0
   1036 0
   1037 0
   1038 2
   1039 1
   1040 0
   1041 0
   1042 0
   1043 1
   1044 1
   1045 1
   1046 0
   1047 0
   1048 0
   1049 1
   1050 2
   1051 0
   1052 0
   1053 0
   1054 0
   1055 1
   1056 0
   1057 0
   1058 1
   1059 1
   1060 0
   1061 0
   1062 1
   1063 1
   1064 0
   1065 1
   1066 0
   1067 1
   1068 1
   1069 0
   1070 1
   1071 0
   1072 0
   1073 0
   1074 0
   1075 0
   1076 1
   1077 0
   1078 0
   1079 2
   1080 2
   1081 1
   1082 0
   1083 0
   1084 1
   1085 0
   1086 2
   1087 0
   1088 1
   1089 1
   1090 2
   1091 0
   1092 0
   1093 0
   1094 0
   1095 0
   1096 0
   1097 1
   1098 0
   1099 0
   1100 1
   1101 0
   1102 1
   1103 1
   1104 1
   1105 1
   1106 0
   1107 1
   1108 0
   1109 0
   1110 3
   1111 0
   1112 1
   1113 0
   1114 0
   1115 0
   1116 2
   1117 0
   1118 0
   1119 0
   1120 0
   1121 0
   1122 0
   1123 0
   1124 0
   1125 0
   1126 0
   1127 0
   1128 0
   1129 1
   1130 0
   1131 0
   1132 0
   1133 0
   1134 0
   1135 0
   1136 0
   1137 0
   1138 1
   1139 1
   1140 0
   1141 0
   1142 0
   1143 0
   1144 0
   1145 0
   1146 0
   1147 0
   1148 0
   1149 0
   1150 0
   1151 2
   1152 0
   1153 0
   1154 0
   1155 0
   1156 0
   1157 0
   1158 1
   1159 2
   1160 0
   1161 0
   1162 1
   1163 0
   1164 0
   1165 0
   1166 0
   1167 0
   1168 0
   1169 0
   1170 1
   1171 0
   1172 0
   1173 0
   1174 0
   1175 0
   1176 0
   1177 1
   1178 0
   1179 0
   1180 0
   1181 0
   1182 1
   1183 0
   1184 0
   1185 0
   1186 0
   1187 0
   1188 0
   1189 0
   1190 0
   1191 0
   1192 0
   1193 0
   1194 0
   1195 1
   1196 0
   1197 0
   1198 0
   1199 0
   1200 0
   1201 0
   1202 0
   1203 0
   1204 0
   1205 1
   1206 0
   1207 0
   1208 0
   1209 0
   1210 0
   1211 0
   1212 0
   1213 0
   1214 0
   1215 0
   1216 0
   1217 0
   1218 0
   1219 0
   1220 0
   1221 0
   1222 0
   1223 0
   1224 0
   1225 0
   1226 0
   1227 0
   1228 0
   1229 0
   1230 0
   1231 0
   1232 0
   1233 0
   1234 0
   1235 0
   1236 0
   1237 0
   1238 0
   1239 0
   1240 0
   1241 0
   1242 0
   1243 0
   1244 0
   1245 0
   1246 0
   1247 2
   1248 0
   1249 0
   1250 1
   1251 0
   1252 0
   1253 0
   1254 0
   1255 0
   1256 0
   1257 0
   1258 0
   1259 0
   1260 0
   1261 0
   1262 0
   1263 0
   1264 0
   1265 1
HIST END
