STAT START
secs,qlen,thru,msrt,items,nset,nget,nmget,sqt,gqt,mqt,swt,gwt,mwt
1,0,1358.000000000000,0.019882179676,1358,0,1358,0,NaN,0.000241942575,NaN,NaN,0.002071544598,NaN
1,0,1467.000000000000,0.006134969325,1467,0,1467,0,NaN,0.000180977942,NaN,NaN,0.001624192339,NaN
1,0,1430.000000000000,0.006293706294,1430,0,1430,0,NaN,0.000265835778,NaN,NaN,0.002017343810,NaN
1,0,1424.000000000000,0.009129213483,1424,0,1424,0,NaN,0.000229862714,NaN,NaN,0.002040369071,NaN
1,0,1453.000000000000,0.016517549897,1453,0,1453,0,NaN,0.000273198724,NaN,NaN,0.001807360885,NaN
1,1,1455.000000000000,0.010309278351,1455,0,1455,0,NaN,0.000318140919,NaN,NaN,0.001889952499,NaN
1,1,1407.000000000000,0.008528784648,1407,0,1407,0,NaN,0.000369058005,NaN,NaN,0.001928141436,NaN
1,0,1518.000000000000,0.005928853755,1518,0,1518,0,NaN,0.000314681118,NaN,NaN,0.001922334321,NaN
1,1,1427.000000000000,0.009110021023,1427,0,1427,0,NaN,0.000336224281,NaN,NaN,0.002227708058,NaN
1,0,1421.000000000000,0.011259676284,1421,0,1421,0,NaN,0.000349366468,NaN,NaN,0.002063811651,NaN
1,0,1411.000000000000,0.014174344437,1411,0,1411,0,NaN,0.000321624055,NaN,NaN,0.001987424364,NaN
1,0,1481.000000000000,0.008102633356,1481,0,1481,0,NaN,0.000264673808,NaN,NaN,0.001953381190,NaN
1,0,1508.000000000000,0.021220159151,1508,0,1508,0,NaN,0.000225026751,NaN,NaN,0.001713862555,NaN
1,0,1509.000000000000,0.007289595759,1509,0,1509,0,NaN,0.000288104539,NaN,NaN,0.002252092671,NaN
1,0,1394.000000000000,0.002869440459,1394,0,1394,0,NaN,0.000252689283,NaN,NaN,0.002079515989,NaN
1,0,1411.000000000000,0.014883061658,1411,0,1411,0,NaN,0.000288768795,NaN,NaN,0.002538884334,NaN
1,0,1463.000000000000,0.009569377990,1463,0,1463,0,NaN,0.000248762545,NaN,NaN,0.002234975382,NaN
1,0,1434.000000000000,0.000000000000,1434,0,1434,0,NaN,0.000208867248,NaN,NaN,0.001678245181,NaN
1,0,1465.000000000000,0.005460750853,1465,0,1465,0,NaN,0.000268034487,NaN,NaN,0.002107039728,NaN
1,0,1483.000000000000,0.012811867835,1483,0,1483,0,NaN,0.000311218363,NaN,NaN,0.001969038927,NaN
1,0,1452.000000000000,0.009641873278,1452,0,1452,0,NaN,0.000269304824,NaN,NaN,0.002219737171,NaN
1,0,1459.000000000000,0.021247429746,1459,0,1459,0,NaN,0.000260310803,NaN,NaN,0.001732108722,NaN
1,0,1429.000000000000,0.012596221134,1429,0,1429,0,NaN,0.000191698836,NaN,NaN,0.002102333280,NaN
1,0,1382.000000000000,0.008683068017,1382,0,1382,0,NaN,0.000228233939,NaN,NaN,0.002327383213,NaN
1,1,1444.000000000000,0.007617728532,1444,0,1444,0,NaN,0.000194170801,NaN,NaN,0.002018075660,NaN
1,0,1424.000000000000,0.011235955056,1424,0,1424,0,NaN,0.000274248223,NaN,NaN,0.002335635287,NaN
1,0,1479.000000000000,0.010141987830,1479,0,1479,0,NaN,0.000226060437,NaN,NaN,0.001697986780,NaN
1,0,1487.000000000000,0.010759919301,1487,0,1487,0,NaN,0.000289664388,NaN,NaN,0.001960268552,NaN
1,0,1444.000000000000,0.009002770083,1444,0,1444,0,NaN,0.000296937738,NaN,NaN,0.002196841446,NaN
1,1,1425.000000000000,0.010526315789,1425,0,1425,0,NaN,0.000292409090,NaN,NaN,0.002279451684,NaN
1,0,1444.000000000000,0.011772853186,1444,0,1444,0,NaN,0.000255508195,NaN,NaN,0.002252807199,NaN
1,1,1431.000000000000,0.006289308176,1431,0,1431,0,NaN,0.000235734113,NaN,NaN,0.002278260717,NaN
1,1,1453.000000000000,0.002752924983,1453,0,1453,0,NaN,0.000237569043,NaN,NaN,0.002078754012,NaN
1,1,1435.000000000000,0.003484320557,1435,0,1435,0,NaN,0.000236662244,NaN,NaN,0.001994552259,NaN
1,0,1446.000000000000,0.004840940526,1446,0,1446,0,NaN,0.000295738107,NaN,NaN,0.001993146332,NaN
1,1,1443.000000000000,0.009702009702,1443,0,1443,0,NaN,0.000317174974,NaN,NaN,0.002237249365,NaN
1,0,1461.000000000000,0.006844626968,1461,0,1461,0,NaN,0.000280234411,NaN,NaN,0.001748805408,NaN
1,1,1433.000000000000,0.009769713887,1433,0,1433,0,NaN,0.000256761520,NaN,NaN,0.002596208923,NaN
1,0,1420.000000000000,0.014788732394,1420,0,1420,0,NaN,0.000253231870,NaN,NaN,0.002128513675,NaN
1,1,1472.000000000000,0.015625000000,1472,0,1472,0,NaN,0.000317977395,NaN,NaN,0.002390916954,NaN
1,0,1396.000000000000,0.016475644699,1396,0,1396,0,NaN,0.000307416761,NaN,NaN,0.002094401395,NaN
1,1,1390.000000000000,0.010071942446,1390,0,1390,0,NaN,0.000237755632,NaN,NaN,0.002234225546,NaN
1,0,1461.000000000000,0.006844626968,1461,0,1461,0,NaN,0.000262785986,NaN,NaN,0.001996740572,NaN
1,1,1452.000000000000,0.004820936639,1452,0,1452,0,NaN,0.000243847450,NaN,NaN,0.002006928960,NaN
1,1,1505.000000000000,0.005315614618,1505,0,1505,0,NaN,0.000255407241,NaN,NaN,0.002307358620,NaN
1,1,1469.000000000000,0.010211027910,1469,0,1469,0,NaN,0.000346583403,NaN,NaN,0.002050932211,NaN
1,1,1483.000000000000,0.007417397168,1483,0,1483,0,NaN,0.000327550910,NaN,NaN,0.002059355020,NaN
1,0,1436.000000000000,0.010445682451,1436,0,1436,0,NaN,0.000324256047,NaN,NaN,0.002004276799,NaN
1,0,1418.000000000000,0.005641748942,1418,0,1418,0,NaN,0.000296781689,NaN,NaN,0.002323339580,NaN
1,0,1414.000000000000,0.006364922207,1414,0,1414,0,NaN,0.000269574317,NaN,NaN,0.002143787783,NaN
1,0,1450.000000000000,0.006206896552,1450,0,1450,0,NaN,0.000284841074,NaN,NaN,0.002149308763,NaN
1,0,1458.000000000000,0.010973936900,1458,0,1458,0,NaN,0.000284446849,NaN,NaN,0.002052338422,NaN
1,0,1465.000000000000,0.010238907850,1465,0,1465,0,NaN,0.000285938894,NaN,NaN,0.002100479744,NaN
1,0,1394.000000000000,0.007890961263,1394,0,1394,0,NaN,0.000336413504,NaN,NaN,0.002517319625,NaN
1,1,1399.000000000000,0.006433166548,1399,0,1399,0,NaN,0.000311879187,NaN,NaN,0.002177810265,NaN
1,1,1481.000000000000,0.008777852802,1481,0,1481,0,NaN,0.000300917404,NaN,NaN,0.002290762320,NaN
1,0,1424.000000000000,0.009129213483,1424,0,1424,0,NaN,0.000245309350,NaN,NaN,0.002476343285,NaN
1,1,1399.000000000000,0.009292351680,1399,0,1399,0,NaN,0.000215800492,NaN,NaN,0.002200848134,NaN
1,3,1455.000000000000,0.013058419244,1455,0,1455,0,NaN,0.000228916497,NaN,NaN,0.001822699209,NaN
1,1,1433.000000000000,0.006280530356,1433,0,1433,0,NaN,0.000287300916,NaN,NaN,0.002389467766,NaN
1,0,1424.000000000000,0.007022471910,1424,0,1424,0,NaN,0.000264490768,NaN,NaN,0.002215275655,NaN
1,0,1443.000000000000,0.011781011781,1443,0,1443,0,NaN,0.000206320306,NaN,NaN,0.001981775328,NaN
1,0,1458.000000000000,0.006858710562,1458,0,1458,0,NaN,0.000228063612,NaN,NaN,0.001846271932,NaN
1,0,1431.000000000000,0.015373864430,1431,0,1431,0,NaN,0.000223657215,NaN,NaN,0.002160599266,NaN
1,0,1431.000000000000,0.006289308176,1431,0,1431,0,NaN,0.000223547258,NaN,NaN,0.001943560266,NaN
1,1,1398.000000000000,0.017882689557,1398,0,1398,0,NaN,0.000261852162,NaN,NaN,0.002265259119,NaN
1,0,1422.000000000000,0.007735583685,1422,0,1422,0,NaN,0.000286388514,NaN,NaN,0.002017266214,NaN
1,0,1376.000000000000,0.010174418605,1376,0,1376,0,NaN,0.000303028899,NaN,NaN,0.002078931320,NaN
1,0,1485.000000000000,0.006734006734,1485,0,1485,0,NaN,0.000226625813,NaN,NaN,0.001909985926,NaN
1,0,1445.000000000000,0.011764705882,1445,0,1445,0,NaN,0.000241542494,NaN,NaN,0.001904594004,NaN
1,0,12.000000000000,0.000000000000,12,0,12,0,NaN,0.000126501417,NaN,NaN,0.001788836000,NaN
STAT END
HIST START
820
   0 0
   1 0
   2 0
   3 0
   4 35
   5 855
   6 3561
   7 6798
   8 9033
   9 9949
   10 9976
   11 8836
   12 7172
   13 5743
   14 4289
   15 3075
   16 2341
   17 1792
   18 1397
   19 1071
   20 907
   21 767
   22 777
   23 699
   24 628
   25 536
   26 550
   27 532
   28 408
   29 310
   30 243
   31 202
   32 238
   33 196
   34 161
   35 186
   36 214
   37 182
   38 168
   39 179
   40 177
   41 186
   42 161
   43 130
   44 159
   45 171
   46 155
   47 153
   48 127
   49 158
   50 136
   51 100
   52 119
   53 119
   54 111
   55 89
   56 118
   57 106
   58 107
   59 91
   60 83
   61 81
   62 98
   63 93
   64 92
   65 123
   66 167
   67 204
   68 244
   69 306
   70 366
   71 525
   72 685
   73 724
   74 843
   75 868
   76 891
   77 815
   78 744
   79 616
   80 506
   81 402
   82 281
   83 188
   84 151
   85 119
   86 119
   87 108
   88 89
   89 80
   90 72
   91 69
   92 105
   93 167
   94 191
   95 172
   96 197
   97 212
   98 196
   99 315
   100 461
   101 374
   102 304
   103 212
   104 118
   105 54
   106 25
   107 22
   108 23
   109 7
   110 10
   111 7
   112 3
   113 4
   114 2
   115 4
   116 14
   117 6
   118 3
   119 0
   120 1
   121 1
   122 2
   123 0
   124 4
   125 2
   126 1
   127 1
   128 2
   129 5
   130 1
   131 10
   132 6
   133 4
   134 5
   135 3
   136 4
   137 0
   138 1
   139 3
   140 0
   141 2
   142 2
   143 1
   144 2
   145 0
   146 2
   147 1
   148 3
   149 2
   150 2
   151 1
   152 4
   153 5
   154 0
   155 2
   156 1
   157 1
   158 2
   159 0
   160 0
   161 1
   162 4
   163 1
   164 6
   165 1
   166 3
   167 2
   168 4
   169 7
   170 6
   171 9
   172 4
   173 3
   174 5
   175 10
   176 11
   177 4
   178 2
   179 0
   180 1
   181 2
   182 1
   183 4
   184 1
   185 0
   186 3
   187 2
   188 0
   189 4
   190 3
   191 5
   192 4
   193 0
   194 2
   195 0
   196 1
   197 1
   198 3
   199 2
   200 2
   201 2
   202 0
   203 1
   204 1
   205 0
   206 0
   207 0
   208 1
   209 5
   210 0
   211 0
   212 0
   213 0
   214 0
   215 0
   216 0
   217 4
   218 1
   219 3
   220 0
   221 0
   222 0
   223 1
   224 5
   225 1
   226 0
   227 0
   228 0
   229 0
   230 0
   231 0
   232 0
   233 0
   234 0
   235 0
   236 0
   237 0
   238 0
   239 0
   240 0
   241 0
   242 0
   243 0
   244 0
   245 0
   246 0
   247 0
   248 0
   249 0
   250 0
   251 0
   252 0
   253 0
   254 0
   255 0
   256 0
   257 1
   258 0
   259 0
   260 0
   261 0
   262 0
   263 0
   264 1
   265 0
   266 0
   267 1
   268 0
   269 0
   270 0
   271 0
   272 0
   273 0
   274 0
   275 0
   276 0
   277 0
   278 0
   279 0
   280 0
   281 0
   282 0
   283 0
   284 0
   285 0
   286 0
   287 0
   288 0
   289 0
   290 0
   291 0
   292 0
   293 0
   294 0
   295 0
   296 0
   297 0
   298 0
   299 0
   300 0
   301 0
   302 0
   303 0
   304 0
   305 0
   306 0
   307 0
   308 0
   309 0
   310 0
   311 0
   312 0
   313 0
   314 0
   315 0
   316 0
   317 0
   318 0
   319 0
   320 0
   321 0
   322 0
   323 0
   324 0
   325 0
   326 0
   327 0
   328 0
   329 0
   330 0
   331 0
   332 0
   333 0
   334 0
   335 0
   336 0
   337 0
   338 0
   339 0
   340 0
   341 0
   342 0
   343 0
   344 0
   345 0
   346 0
   347 0
   348 0
   349 0
   350 0
   351 0
   352 0
   353 0
   354 0
   355 0
   356 0
   357 0
   358 0
   359 0
   360 0
   361 0
   362 0
   363 0
   364 0
   365 0
   366 0
   367 0
   368 0
   369 0
   370 0
   371 0
   372 0
   373 0
   374 0
   375 0
   376 0
   377 0
   378 0
   379 0
   380 0
   381 0
   382 0
   383 0
   384 0
   385 0
   386 0
   387 0
   388 0
   389 0
   390 0
   391 0
   392 0
   393 0
   394 0
   395 0
   396 0
   397 0
   398 0
   399 0
   400 0
   401 0
   402 0
   403 0
   404 0
   405 0
   406 0
   407 0
   408 0
   409 0
   410 0
   411 0
   412 0
   413 0
   414 0
   415 0
   416 0
   417 0
   418 0
   419 0
   420 0
   421 0
   422 0
   423 0
   424 0
   425 0
   426 0
   427 0
   428 0
   429 0
   430 0
   431 0
   432 0
   433 0
   434 0
   435 0
   436 0
   437 0
   438 0
   439 0
   440 0
   441 0
   442 0
   443 0
   444 0
   445 0
   446 0
   447 0
   448 0
   449 0
   450 0
   451 0
   452 0
   453 0
   454 0
   455 0
   456 0
   457 0
   458 0
   459 0
   460 0
   461 0
   462 0
   463 0
   464 0
   465 0
   466 0
   467 0
   468 0
   469 0
   470 0
   471 0
   472 0
   473 0
   474 0
   475 0
   476 0
   477 0
   478 0
   479 0
   480 0
   481 0
   482 0
   483 0
   484 0
   485 0
   486 0
   487 0
   488 0
   489 0
   490 0
   491 0
   492 0
   493 0
   494 0
   495 0
   496 0
   497 0
   498 0
   499 0
   500 0
   501 0
   502 0
   503 0
   504 0
   505 0
   506 0
   507 0
   508 0
   509 0
   510 0
   511 0
   512 0
   513 0
   514 0
   515 0
   516 0
   517 0
   518 0
   519 0
   520 0
   521 0
   522 0
   523 0
   524 0
   525 0
   526 0
   527 0
   528 0
   529 0
   530 0
   531 0
   532 0
   533 0
   534 0
   535 0
   536 0
   537 0
   538 0
   539 0
   540 0
   541 0
   542 0
   543 0
   544 0
   545 0
   546 0
   547 0
   548 0
   549 0
   550 0
   551 0
   552 0
   553 0
   554 0
   555 0
   556 0
   557 0
   558 0
   559 0
   560 0
   561 0
   562 0
   563 0
   564 0
   565 0
   566 0
   567 0
   568 0
   569 0
   570 0
   571 0
   572 0
   573 0
   574 0
   575 0
   576 0
   577 0
   578 0
   579 0
   580 0
   581 0
   582 0
   583 0
   584 0
   585 0
   586 0
   587 0
   588 0
   589 0
   590 0
   591 0
   592 0
   593 0
   594 0
   595 0
   596 0
   597 0
   598 0
   599 0
   600 0
   601 0
   602 0
   603 0
   604 0
   605 0
   606 0
   607 0
   608 0
   609 0
   610 0
   611 0
   612 0
   613 0
   614 0
   615 0
   616 0
   617 0
   618 0
   619 0
   620 0
   621 0
   622 0
   623 0
   624 0
   625 0
   626 0
   627 0
   628 0
   629 0
   630 0
   631 0
   632 0
   633 0
   634 0
   635 0
   636 0
   637 0
   638 0
   639 0
   640 0
   641 0
   642 0
   643 0
   644 0
   645 0
   646 0
   647 0
   648 0
   649 0
   650 0
   651 0
   652 0
   653 0
   654 0
   655 0
   656 0
   657 0
   658 0
   659 0
   660 0
   661 0
   662 0
   663 0
   664 0
   665 0
   666 0
   667 0
   668 0
   669 0
   670 0
   671 0
   672 0
   673 0
   674 0
   675 0
   676 0
   677 0
   678 0
   679 0
   680 0
   681 0
   682 0
   683 0
   684 0
   685 0
   686 0
   687 0
   688 0
   689 0
   690 0
   691 0
   692 0
   693 0
   694 0
   695 0
   696 0
   697 0
   698 0
   699 0
   700 0
   701 0
   702 0
   703 0
   704 0
   705 0
   706 0
   707 0
   708 0
   709 0
   710 0
   711 0
   712 0
   713 0
   714 0
   715 0
   716 0
   717 0
   718 0
   719 0
   720 0
   721 0
   722 0
   723 0
   724 0
   725 0
   726 0
   727 0
   728 0
   729 0
   730 0
   731 0
   732 0
   733 0
   734 0
   735 0
   736 0
   737 0
   738 0
   739 0
   740 0
   741 0
   742 0
   743 0
   744 0
   745 0
   746 0
   747 0
   748 0
   749 0
   750 0
   751 0
   752 0
   753 0
   754 0
   755 0
   756 0
   757 0
   758 0
   759 0
   760 0
   761 0
   762 0
   763 0
   764 0
   765 0
   766 0
   767 0
   768 0
   769 0
   770 0
   771 0
   772 0
   773 0
   774 0
   775 0
   776 0
   777 0
   778 0
   779 0
   780 0
   781 0
   782 0
   783 0
   784 0
   785 0
   786 0
   787 0
   788 0
   789 0
   790 0
   791 0
   792 0
   793 0
   794 0
   795 1
   796 0
   797 0
   798 0
   799 0
   800 0
   801 0
   802 0
   803 0
   804 0
   805 0
   806 0
   807 0
   808 0
   809 0
   810 0
   811 0
   812 0
   813 0
   814 0
   815 0
   816 0
   817 1
   818 5
   819 2
HIST END
