STAT START
secs,qlen,thru,msrt,items,nset,nget,nmget,sqt,gqt,mqt,swt,gwt,mwt
1,0,266.000000000000,0.022556390977,266,0,266,0,NaN,0.000134766117,NaN,NaN,0.002296435346,NaN
1,0,934.000000000000,0.014989293362,934,0,934,0,NaN,0.000208983597,NaN,NaN,0.001662264504,NaN
1,0,988.000000000000,0.005060728745,988,0,988,0,NaN,0.000149190442,NaN,NaN,0.001608826752,NaN
1,0,968.000000000000,0.005165289256,968,0,968,0,NaN,0.000140986211,NaN,NaN,0.001995435628,NaN
1,0,955.000000000000,0.014659685864,955,0,955,0,NaN,0.000146549718,NaN,NaN,0.002317542067,NaN
1,0,968.000000000000,0.014462809917,968,0,968,0,NaN,0.000141579901,NaN,NaN,0.002024917963,NaN
1,0,998.000000000000,0.009018036072,998,0,998,0,NaN,0.000147223037,NaN,NaN,0.001888755371,NaN
1,0,992.000000000000,0.010080645161,992,0,992,0,NaN,0.000169748473,NaN,NaN,0.002096617209,NaN
1,0,1013.000000000000,0.004935834156,1013,0,1013,0,NaN,0.000170829358,NaN,NaN,0.002137789897,NaN
1,0,1037.000000000000,0.010607521697,1037,0,1037,0,NaN,0.000168603710,NaN,NaN,0.001967324938,NaN
1,0,974.000000000000,0.012320328542,974,0,974,0,NaN,0.000164717570,NaN,NaN,0.001917368171,NaN
1,0,960.000000000000,0.009375000000,960,0,960,0,NaN,0.000113400786,NaN,NaN,0.002050334241,NaN
1,0,918.000000000000,0.018518518519,918,0,918,0,NaN,0.000110985379,NaN,NaN,0.002077720515,NaN
1,0,970.000000000000,0.014432989691,970,0,970,0,NaN,0.000177106610,NaN,NaN,0.001802539324,NaN
1,0,1051.000000000000,0.004757373930,1051,0,1051,0,NaN,0.000133355101,NaN,NaN,0.001792738801,NaN
1,0,1049.000000000000,0.007626310772,1049,0,1049,0,NaN,0.000136983848,NaN,NaN,0.002058338437,NaN
1,0,1061.000000000000,0.015080113101,1061,0,1061,0,NaN,0.000137734545,NaN,NaN,0.002265712174,NaN
1,0,985.000000000000,0.000000000000,985,0,985,0,NaN,0.000157355673,NaN,NaN,0.001955117288,NaN
1,0,974.000000000000,0.002053388090,974,0,974,0,NaN,0.000126996502,NaN,NaN,0.002023524319,NaN
1,0,1013.000000000000,0.010858835143,1013,0,1013,0,NaN,0.000118178087,NaN,NaN,0.001997920395,NaN
1,0,969.000000000000,0.016511867905,969,0,969,0,NaN,0.000169356592,NaN,NaN,0.001790010409,NaN
1,0,969.000000000000,0.011351909185,969,0,969,0,NaN,0.000151035320,NaN,NaN,0.002075919976,NaN
1,0,919.000000000000,0.020674646355,919,0,919,0,NaN,0.000163286608,NaN,NaN,0.002880055491,NaN
1,0,1042.000000000000,0.004798464491,1042,0,1042,0,NaN,0.000211146312,NaN,NaN,0.001947155771,NaN
1,0,1088.000000000000,0.011029411765,1088,0,1088,0,NaN,0.000138236456,NaN,NaN,0.001960965473,NaN
1,0,988.000000000000,0.009109311741,988,0,988,0,NaN,0.000155610657,NaN,NaN,0.002050956677,NaN
1,0,979.000000000000,0.014300306435,979,0,979,0,NaN,0.000146566925,NaN,NaN,0.001640229855,NaN
1,0,1025.000000000000,0.008780487805,1025,0,1025,0,NaN,0.000131410194,NaN,NaN,0.001592929557,NaN
1,0,990.000000000000,0.009090909091,990,0,990,0,NaN,0.000157024989,NaN,NaN,0.001822359109,NaN
1,0,1054.000000000000,0.010436432638,1054,0,1054,0,NaN,0.000137269202,NaN,NaN,0.001691081412,NaN
1,0,1034.000000000000,0.011605415861,1034,0,1034,0,NaN,0.000131753642,NaN,NaN,0.001823897471,NaN
1,0,967.000000000000,0.004136504654,967,0,967,0,NaN,0.000166322460,NaN,NaN,0.001785161736,NaN
1,0,1017.000000000000,0.001966568338,1017,0,1017,0,NaN,0.000160617756,NaN,NaN,0.001600782643,NaN
1,0,1020.000000000000,0.003921568627,1020,0,1020,0,NaN,0.000195763555,NaN,NaN,0.001606735438,NaN
1,0,1010.000000000000,0.005940594059,1010,0,1010,0,NaN,0.000152712896,NaN,NaN,0.001675363391,NaN
1,0,969.000000000000,0.011351909185,969,0,969,0,NaN,0.000132281799,NaN,NaN,0.002009755378,NaN
1,0,968.000000000000,0.005165289256,968,0,968,0,NaN,0.000114877868,NaN,NaN,0.002032109058,NaN
1,0,984.000000000000,0.014227642276,984,0,984,0,NaN,0.000166265475,NaN,NaN,0.001758826785,NaN
1,0,1036.000000000000,0.013513513514,1036,0,1036,0,NaN,0.000127988343,NaN,NaN,0.001833456225,NaN
1,0,984.000000000000,0.017276422764,984,0,984,0,NaN,0.000153875527,NaN,NaN,0.001878927048,NaN
1,0,1005.000000000000,0.009950248756,1005,0,1005,0,NaN,0.000202085631,NaN,NaN,0.001731540452,NaN
1,0,1050.000000000000,0.012380952381,1050,0,1050,0,NaN,0.000181730119,NaN,NaN,0.001877689624,NaN
1,0,990.000000000000,0.003030303030,990,0,990,0,NaN,0.000230919225,NaN,NaN,0.002135195883,NaN
1,0,1047.000000000000,0.009551098376,1047,0,1047,0,NaN,0.000147007664,NaN,NaN,0.001710876005,NaN
1,0,1045.000000000000,0.002870813397,1045,0,1045,0,NaN,0.000151822663,NaN,NaN,0.001816422116,NaN
1,0,1013.000000000000,0.010858835143,1013,0,1013,0,NaN,0.000193049638,NaN,NaN,0.001902967087,NaN
1,0,1010.000000000000,0.009900990099,1010,0,1010,0,NaN,0.000164112827,NaN,NaN,0.001919944925,NaN
1,0,1069.000000000000,0.005612722170,1069,0,1069,0,NaN,0.000150061186,NaN,NaN,0.001711826556,NaN
1,0,1040.000000000000,0.006730769231,1040,0,1040,0,NaN,0.000135413642,NaN,NaN,0.001997303410,NaN
1,0,1068.000000000000,0.009363295880,1068,0,1068,0,NaN,0.000140713676,NaN,NaN,0.001944510610,NaN
1,0,1052.000000000000,0.006653992395,1052,0,1052,0,NaN,0.000168479741,NaN,NaN,0.001820732587,NaN
1,1,983.000000000000,0.008138351984,983,0,983,0,NaN,0.000119120701,NaN,NaN,0.002005829200,NaN
1,0,1007.000000000000,0.008937437934,1007,0,1007,0,NaN,0.000156054898,NaN,NaN,0.001969728528,NaN
1,0,1006.000000000000,0.014910536779,1006,0,1006,0,NaN,0.000178172446,NaN,NaN,0.001521907162,NaN
1,0,1027.000000000000,0.000973709834,1027,0,1027,0,NaN,0.000205937839,NaN,NaN,0.002179549724,NaN
1,0,1021.000000000000,0.012732615083,1021,0,1021,0,NaN,0.000151623350,NaN,NaN,0.001857095881,NaN
1,0,977.000000000000,0.007164790174,977,0,977,0,NaN,0.000116495209,NaN,NaN,0.002085805447,NaN
1,0,1011.000000000000,0.010880316518,1011,0,1011,0,NaN,0.000127831432,NaN,NaN,0.001695803130,NaN
1,0,1001.000000000000,0.007992007992,1001,0,1001,0,NaN,0.000168227434,NaN,NaN,0.001875645256,NaN
1,0,963.000000000000,0.011422637591,963,0,963,0,NaN,0.000155947232,NaN,NaN,0.001670396210,NaN
1,0,962.000000000000,0.010395010395,962,0,962,0,NaN,0.000180430116,NaN,NaN,0.001949621705,NaN
1,0,949.000000000000,0.007376185458,949,0,949,0,NaN,0.000135295969,NaN,NaN,0.002129727764,NaN
1,0,919.000000000000,0.009793253536,919,0,919,0,NaN,0.000178496777,NaN,NaN,0.001961738103,NaN
1,0,992.000000000000,0.013104838710,992,0,992,0,NaN,0.000160248369,NaN,NaN,0.001768025822,NaN
1,0,932.000000000000,0.013948497854,932,0,932,0,NaN,0.000180911803,NaN,NaN,0.001902987866,NaN
1,0,963.000000000000,0.009345794393,963,0,963,0,NaN,0.000195627112,NaN,NaN,0.001890222942,NaN
1,1,921.000000000000,0.008686210641,921,0,921,0,NaN,0.000191002811,NaN,NaN,0.002070758219,NaN
1,0,927.000000000000,0.009708737864,927,0,927,0,NaN,0.000173090494,NaN,NaN,0.002136781231,NaN
1,0,926.000000000000,0.010799136069,926,0,926,0,NaN,0.000149752583,NaN,NaN,0.002171794851,NaN
1,0,928.000000000000,0.014008620690,928,0,928,0,NaN,0.000206085530,NaN,NaN,0.001984380498,NaN
1,0,637.000000000000,0.001569858713,637,0,637,0,NaN,0.000183422843,NaN,NaN,0.001561012703,NaN
1,0,4.000000000000,0.250000000000,4,0,4,0,NaN,0.000083575750,NaN,NaN,0.001900270250,NaN
STAT END
HIST START
900
   0 0
   1 0
   2 0
   3 0
   4 6
   5 457
   6 2488
   7 5341
   8 7481
   9 8256
   10 8222
   11 6871
   12 4943
   13 3596
   14 2681
   15 1980
   16 1639
   17 1074
   18 887
   19 769
   20 522
   21 422
   22 406
   23 326
   24 287
   25 274
   26 232
   27 166
   28 100
   29 135
   30 96
   31 55
   32 63
   33 52
   34 27
   35 37
   36 38
   37 39
   38 38
   39 24
   40 33
   41 23
   42 26
   43 20
   44 21
   45 15
   46 19
   47 26
   48 17
   49 9
   50 10
   51 21
   52 17
   53 25
   54 25
   55 15
   56 1
   57 13
   58 11
   59 6
   60 15
   61 11
   62 15
   63 12
   64 21
   65 38
   66 78
   67 131
   68 180
   69 260
   70 403
   71 518
   72 709
   73 832
   74 880
   75 907
   76 827
   77 746
   78 557
   79 412
   80 267
   81 147
   82 93
   83 74
   84 38
   85 41
   86 34
   87 30
   88 18
   89 19
   90 16
   91 18
   92 18
   93 21
   94 39
   95 39
   96 53
   97 66
   98 85
   99 86
   100 120
   101 86
   102 52
   103 25
   104 10
   105 2
   106 2
   107 1
   108 1
   109 0
   110 0
   111 0
   112 9
   113 4
   114 3
   115 4
   116 1
   117 1
   118 2
   119 2
   120 1
   121 5
   122 0
   123 1
   124 1
   125 1
   126 0
   127 1
   128 2
   129 0
   130 0
   131 1
   132 3
   133 1
   134 1
   135 0
   136 0
   137 1
   138 0
   139 4
   140 2
   141 0
   142 0
   143 0
   144 0
   145 1
   146 0
   147 0
   148 0
   149 0
   150 0
   151 2
   152 0
   153 0
   154 1
   155 0
   156 0
   157 0
   158 0
   159 0
   160 0
   161 1
   162 0
   163 0
   164 2
   165 5
   166 2
   167 1
   168 3
   169 0
   170 0
   171 3
   172 2
   173 5
   174 2
   175 0
   176 0
   177 0
   178 0
   179 0
   180 0
   181 0
   182 0
   183 0
   184 0
   185 0
   186 0
   187 0
   188 0
   189 0
   190 1
   191 0
   192 0
   193 0
   194 0
   195 0
   196 0
   197 0
   198 1
   199 0
   200 0
   201 0
   202 0
   203 0
   204 0
   205 0
   206 0
   207 0
   208 0
   209 0
   210 0
   211 0
   212 0
   213 0
   214 0
   215 0
   216 0
   217 0
   218 0
   219 0
   220 0
   221 0
   222 0
   223 0
   224 0
   225 0
   226 0
   227 0
   228 0
   229 0
   230 0
   231 0
   232 0
   233 0
   234 0
   235 0
   236 0
   237 0
   238 0
   239 0
   240 0
   241 0
   242 0
   243 0
   244 0
   245 0
   246 0
   247 0
   248 0
   249 0
   250 0
   251 0
   252 0
   253 0
   254 0
   255 0
   256 0
   257 0
   258 0
   259 0
   260 0
   261 0
   262 0
   263 0
   264 0
   265 0
   266 0
   267 0
   268 0
   269 0
   270 0
   271 0
   272 0
   273 0
   274 0
   275 0
   276 0
   277 0
   278 0
   279 0
   280 0
   281 0
   282 0
   283 0
   284 0
   285 0
   286 0
   287 0
   288 0
   289 0
   290 0
   291 0
   292 0
   293 0
   294 0
   295 0
   296 0
   297 0
   298 0
   299 0
   300 0
   301 0
   302 0
   303 0
   304 0
   305 0
   306 0
   307 0
   308 0
   309 0
   310 0
   311 0
   312 0
   313 0
   314 0
   315 0
   316 0
   317 0
   318 0
   319 0
   320 0
   321 0
   322 0
   323 0
   324 0
   325 0
   326 0
   327 0
   328 0
   329 0
   330 0
   331 0
   332 0
   333 0
   334 0
   335 0
   336 0
   337 0
   338 0
   339 0
   340 0
   341 0
   342 0
   343 0
   344 0
   345 0
   346 0
   347 0
   348 0
   349 0
   350 0
   351 0
   352 0
   353 0
   354 0
   355 0
   356 0
   357 0
   358 0
   359 0
   360 0
   361 0
   362 0
   363 0
   364 0
   365 0
   366 0
   367 0
   368 0
   369 0
   370 0
   371 0
   372 0
   373 0
   374 0
   375 0
   376 0
   377 0
   378 0
   379 0
   380 0
   381 0
   382 0
   383 0
   384 0
   385 0
   386 0
   387 0
   388 0
   389 0
   390 0
   391 0
   392 0
   393 0
   394 0
   395 0
   396 0
   397 0
   398 0
   399 0
   400 0
   401 0
   402 0
   403 0
   404 0
   405 0
   406 0
   407 0
   408 0
   409 0
   410 0
   411 0
   412 0
   413 0
   414 0
   415 0
   416 0
   417 0
   418 0
   419 0
   420 0
   421 0
   422 0
   423 0
   424 0
   425 0
   426 0
   427 0
   428 0
   429 0
   430 0
   431 0
   432 0
   433 0
   434 0
   435 0
   436 0
   437 0
   438 0
   439 0
   440 0
   441 0
   442 0
   443 0
   444 0
   445 0
   446 0
   447 0
   448 0
   449 0
   450 0
   451 0
   452 0
   453 0
   454 0
   455 0
   456 0
   457 0
   458 0
   459 0
   460 0
   461 0
   462 0
   463 0
   464 0
   465 0
   466 0
   467 0
   468 0
   469 0
   470 0
   471 0
   472 0
   473 0
   474 0
   475 0
   476 0
   477 0
   478 0
   479 0
   480 0
   481 0
   482 0
   483 0
   484 0
   485 0
   486 0
   487 0
   488 0
   489 0
   490 0
   491 0
   492 0
   493 0
   494 0
   495 0
   496 0
   497 0
   498 0
   499 0
   500 0
   501 1
   502 3
   503 2
   504 0
   505 0
   506 0
   507 0
   508 0
   509 0
   510 0
   511 0
   512 0
   513 0
   514 0
   515 0
   516 0
   517 0
   518 0
   519 0
   520 0
   521 0
   522 0
   523 0
   524 0
   525 0
   526 0
   527 0
   528 0
   529 0
   530 0
   531 0
   532 0
   533 0
   534 0
   535 0
   536 0
   537 0
   538 0
   539 0
   540 0
   541 0
   542 0
   543 0
   544 0
   545 0
   546 0
   547 0
   548 0
   549 0
   550 0
   551 0
   552 0
   553 0
   554 0
   555 0
   556 0
   557 0
   558 0
   559 0
   560 0
   561 0
   562 0
   563 0
   564 0
   565 0
   566 0
   567 0
   568 0
   569 0
   570 0
   571 0
   572 0
   573 0
   574 0
   575 0
   576 0
   577 0
   578 0
   579 0
   580 0
   581 0
   582 0
   583 0
   584 0
   585 0
   586 0
   587 0
   588 0
   589 0
   590 0
   591 0
   592 0
   593 0
   594 0
   595 0
   596 0
   597 0
   598 0
   599 0
   600 0
   601 0
   602 0
   603 0
   604 0
   605 0
   606 0
   607 0
   608 0
   609 0
   610 0
   611 0
   612 0
   613 0
   614 0
   615 0
   616 0
   617 0
   618 0
   619 0
   620 0
   621 0
   622 0
   623 0
   624 0
   625 0
   626 0
   627 0
   628 0
   629 0
   630 0
   631 0
   632 0
   633 0
   634 0
   635 0
   636 0
   637 0
   638 0
   639 0
   640 0
   641 0
   642 0
   643 0
   644 0
   645 0
   646 0
   647 0
   648 0
   649 0
   650 0
   651 0
   652 0
   653 0
   654 0
   655 0
   656 0
   657 0
   658 0
   659 0
   660 0
   661 0
   662 0
   663 0
   664 0
   665 0
   666 0
   667 0
   668 0
   669 0
   670 0
   671 0
   672 0
   673 0
   674 0
   675 0
   676 0
   677 0
   678 0
   679 0
   680 0
   681 0
   682 0
   683 0
   684 0
   685 0
   686 0
   687 0
   688 0
   689 0
   690 0
   691 0
   692 0
   693 0
   694 0
   695 0
   696 0
   697 0
   698 0
   699 0
   700 0
   701 0
   702 0
   703 0
   704 0
   705 0
   706 0
   707 0
   708 0
   709 0
   710 0
   711 0
   712 0
   713 0
   714 0
   715 0
   716 0
   717 0
   718 0
   719 0
   720 0
   721 0
   722 0
   723 0
   724 0
   725 0
   726 0
   727 0
   728 0
   729 0
   730 0
   731 0
   732 0
   733 0
   734 0
   735 0
   736 0
   737 0
   738 0
   739 0
   740 0
   741 0
   742 0
   743 0
   744 0
   745 0
   746 0
   747 0
   748 0
   749 0
   750 0
   751 0
   752 0
   753 0
   754 0
   755 0
   756 0
   757 0
   758 0
   759 0
   760 0
   761 0
   762 0
   763 0
   764 0
   765 0
   766 0
   767 0
   768 0
   769 0
   770 0
   771 0
   772 0
   773 0
   774 0
   775 0
   776 0
   777 0
   778 0
   779 0
   780 0
   781 0
   782 0
   783 0
   784 0
   785 0
   786 0
   787 0
   788 0
   789 0
   790 0
   791 0
   792 0
   793 0
   794 0
   795 0
   796 0
   797 0
   798 0
   799 0
   800 0
   801 0
   802 0
   803 0
   804 0
   805 0
   806 0
   807 0
   808 0
   809 0
   810 0
   811 0
   812 0
   813 0
   814 0
   815 0
   816 0
   817 0
   818 0
   819 0
   820 0
   821 0
   822 0
   823 0
   824 0
   825 0
   826 0
   827 0
   828 0
   829 0
   830 0
   831 0
   832 0
   833 0
   834 0
   835 0
   836 0
   837 0
   838 0
   839 0
   840 0
   841 0
   842 0
   843 0
   844 0
   845 0
   846 0
   847 0
   848 0
   849 0
   850 0
   851 0
   852 0
   853 0
   854 0
   855 0
   856 0
   857 0
   858 0
   859 0
   860 0
   861 0
   862 0
   863 0
   864 0
   865 0
   866 0
   867 0
   868 0
   869 0
   870 0
   871 0
   872 0
   873 0
   874 0
   875 0
   876 0
   877 0
   878 0
   879 0
   880 0
   881 0
   882 0
   883 0
   884 0
   885 0
   886 0
   887 0
   888 0
   889 0
   890 0
   891 0
   892 0
   893 0
   894 0
   895 0
   896 0
   897 0
   898 0
   899 6
HIST END
