STAT START
secs,qlen,thru,msrt,items,nset,nget,nmget,sqt,gqt,mqt,swt,gwt,mwt
1,0,419.000000000000,NaN,0,419,0,0,0.000134382714,NaN,NaN,0.003680275575,NaN,NaN
1,0,471.000000000000,NaN,0,471,0,0,0.000104937800,NaN,NaN,0.003449687227,NaN,NaN
1,0,472.000000000000,NaN,0,472,0,0,0.000115872150,NaN,NaN,0.003468979392,NaN,NaN
1,0,456.000000000000,NaN,0,456,0,0,0.000085358011,NaN,NaN,0.003755039805,NaN,NaN
1,0,489.000000000000,NaN,0,489,0,0,0.000118159319,NaN,NaN,0.003449228323,NaN,NaN
1,0,439.000000000000,NaN,0,439,0,0,0.000077144248,NaN,NaN,0.003969460690,NaN,NaN
1,0,454.000000000000,NaN,0,454,0,0,0.000074914599,NaN,NaN,0.003860601350,NaN,NaN
1,0,468.000000000000,NaN,0,468,0,0,0.000126932861,NaN,NaN,0.003764222581,NaN,NaN
1,0,476.000000000000,NaN,0,476,0,0,0.000122990099,NaN,NaN,0.003399254071,NaN,NaN
1,0,461.000000000000,NaN,0,461,0,0,0.000128287842,NaN,NaN,0.003528812993,NaN,NaN
1,0,457.000000000000,NaN,0,457,0,0,0.000122046919,NaN,NaN,0.003514692908,NaN,NaN
1,0,458.000000000000,NaN,0,458,0,0,0.000088847127,NaN,NaN,0.003490168563,NaN,NaN
1,0,479.000000000000,NaN,0,479,0,0,0.000108984576,NaN,NaN,0.003443218927,NaN,NaN
1,0,456.000000000000,NaN,0,456,0,0,0.000154587629,NaN,NaN,0.003689328853,NaN,NaN
1,0,459.000000000000,NaN,0,459,0,0,0.000117425793,NaN,NaN,0.003387412503,NaN,NaN
1,0,484.000000000000,NaN,0,484,0,0,0.000111683395,NaN,NaN,0.003097589186,NaN,NaN
1,0,483.000000000000,NaN,0,483,0,0,0.000098302108,NaN,NaN,0.003421606532,NaN,NaN
1,0,489.000000000000,NaN,0,489,0,0,0.000114975579,NaN,NaN,0.003148602131,NaN,NaN
1,0,460.000000000000,NaN,0,460,0,0,0.000117046389,NaN,NaN,0.003173350052,NaN,NaN
1,0,467.000000000000,NaN,0,467,0,0,0.000095207448,NaN,NaN,0.003574432272,NaN,NaN
1,0,434.000000000000,NaN,0,434,0,0,0.000120733703,NaN,NaN,0.003815945820,NaN,NaN
1,0,465.000000000000,NaN,0,465,0,0,0.000115381163,NaN,NaN,0.003596018052,NaN,NaN
1,0,461.000000000000,NaN,0,461,0,0,0.000117359972,NaN,NaN,0.003686625727,NaN,NaN
1,0,483.000000000000,NaN,0,483,0,0,0.000078303605,NaN,NaN,0.003223895737,NaN,NaN
1,0,461.000000000000,NaN,0,461,0,0,0.000122115935,NaN,NaN,0.003595292610,NaN,NaN
1,0,497.000000000000,NaN,0,497,0,0,0.000111809759,NaN,NaN,0.003005533855,NaN,NaN
1,0,477.000000000000,NaN,0,477,0,0,0.000121401623,NaN,NaN,0.003163454136,NaN,NaN
1,0,452.000000000000,NaN,0,452,0,0,0.000115537451,NaN,NaN,0.003149067212,NaN,NaN
1,0,453.000000000000,NaN,0,453,0,0,0.000108228737,NaN,NaN,0.003731043260,NaN,NaN
1,0,488.000000000000,NaN,0,488,0,0,0.000092564752,NaN,NaN,0.003400460254,NaN,NaN
1,0,464.000000000000,NaN,0,464,0,0,0.000097574543,NaN,NaN,0.003346647024,NaN,NaN
1,0,452.000000000000,NaN,0,452,0,0,0.000100676996,NaN,NaN,0.003562785369,NaN,NaN
1,0,467.000000000000,NaN,0,467,0,0,0.000098712210,NaN,NaN,0.003198952310,NaN,NaN
1,0,481.000000000000,NaN,0,481,0,0,0.000100873809,NaN,NaN,0.003280607231,NaN,NaN
1,0,484.000000000000,NaN,0,484,0,0,0.000080252593,NaN,NaN,0.003615190893,NaN,NaN
1,0,431.000000000000,NaN,0,431,0,0,0.000089573652,NaN,NaN,0.003748702362,NaN,NaN
1,0,494.000000000000,NaN,0,494,0,0,0.000128341342,NaN,NaN,0.002986715607,NaN,NaN
1,0,454.000000000000,NaN,0,454,0,0,0.000150489319,NaN,NaN,0.003137255916,NaN,NaN
1,0,497.000000000000,NaN,0,497,0,0,0.000120896360,NaN,NaN,0.003038598274,NaN,NaN
1,0,476.000000000000,NaN,0,476,0,0,0.000108589158,NaN,NaN,0.003025273300,NaN,NaN
1,0,494.000000000000,NaN,0,494,0,0,0.000109081652,NaN,NaN,0.002931495650,NaN,NaN
1,0,492.000000000000,NaN,0,492,0,0,0.000134851467,NaN,NaN,0.003188588644,NaN,NaN
1,0,476.000000000000,NaN,0,476,0,0,0.000125431267,NaN,NaN,0.003131073355,NaN,NaN
1,0,487.000000000000,NaN,0,487,0,0,0.000155183737,NaN,NaN,0.003245492608,NaN,NaN
1,0,500.000000000000,NaN,0,500,0,0,0.000093754012,NaN,NaN,0.003121883130,NaN,NaN
1,0,447.000000000000,NaN,0,447,0,0,0.000173799550,NaN,NaN,0.003585882407,NaN,NaN
1,0,428.000000000000,NaN,0,428,0,0,0.000098337785,NaN,NaN,0.004009469530,NaN,NaN
1,0,446.000000000000,NaN,0,446,0,0,0.000208657841,NaN,NaN,0.003491753211,NaN,NaN
1,0,465.000000000000,NaN,0,465,0,0,0.000085046796,NaN,NaN,0.003618424596,NaN,NaN
1,0,461.000000000000,NaN,0,461,0,0,0.000078802258,NaN,NaN,0.003453053497,NaN,NaN
1,0,480.000000000000,NaN,0,480,0,0,0.000131770460,NaN,NaN,0.003610827852,NaN,NaN
1,0,518.000000000000,NaN,0,518,0,0,0.000124645780,NaN,NaN,0.003030240403,NaN,NaN
1,0,456.000000000000,NaN,0,456,0,0,0.000093567272,NaN,NaN,0.003415185612,NaN,NaN
1,0,467.000000000000,NaN,0,467,0,0,0.000117582128,NaN,NaN,0.002946502263,NaN,NaN
1,0,486.000000000000,NaN,0,486,0,0,0.000082743510,NaN,NaN,0.003660511677,NaN,NaN
1,0,456.000000000000,NaN,0,456,0,0,0.000185276853,NaN,NaN,0.003411100719,NaN,NaN
1,0,471.000000000000,NaN,0,471,0,0,0.000092683161,NaN,NaN,0.003553216977,NaN,NaN
1,0,495.000000000000,NaN,0,495,0,0,0.000094572766,NaN,NaN,0.003278158887,NaN,NaN
1,0,499.000000000000,NaN,0,499,0,0,0.000118225601,NaN,NaN,0.002993294635,NaN,NaN
1,0,532.000000000000,NaN,0,532,0,0,0.000097858543,NaN,NaN,0.002873809694,NaN,NaN
1,0,567.000000000000,NaN,0,567,0,0,0.000098569263,NaN,NaN,0.002706222210,NaN,NaN
1,1,456.000000000000,NaN,0,456,0,0,0.000126873158,NaN,NaN,0.003479543695,NaN,NaN
1,0,507.000000000000,NaN,0,507,0,0,0.000117937657,NaN,NaN,0.003315350156,NaN,NaN
1,0,448.000000000000,NaN,0,448,0,0,0.000084799906,NaN,NaN,0.003840965375,NaN,NaN
1,0,471.000000000000,NaN,0,471,0,0,0.000089359157,NaN,NaN,0.003336569490,NaN,NaN
1,0,464.000000000000,NaN,0,464,0,0,0.000100877603,NaN,NaN,0.003252304162,NaN,NaN
1,0,480.000000000000,NaN,0,480,0,0,0.000090665169,NaN,NaN,0.003372156929,NaN,NaN
1,0,482.000000000000,NaN,0,482,0,0,0.000096491297,NaN,NaN,0.003628659041,NaN,NaN
1,0,464.000000000000,NaN,0,464,0,0,0.000091775595,NaN,NaN,0.003592687601,NaN,NaN
1,0,489.000000000000,NaN,0,489,0,0,0.000109941591,NaN,NaN,0.003434234824,NaN,NaN
1,0,2.000000000000,NaN,0,2,0,0,0.000019250000,NaN,NaN,0.001723861000,NaN,NaN
STAT END
HIST START
225
   0 0
   1 0
   2 0
   3 0
   4 0
   5 0
   6 0
   7 0
   8 3
   9 40
   10 263
   11 730
   12 1299
   13 1833
   14 2220
   15 2134
   16 1859
   17 1742
   18 1532
   19 1488
   20 1271
   21 1069
   22 990
   23 992
   24 793
   25 719
   26 631
   27 514
   28 428
   29 272
   30 239
   31 175
   32 172
   33 182
   34 157
   35 130
   36 114
   37 106
   38 100
   39 74
   40 80
   41 57
   42 65
   43 53
   44 51
   45 49
   46 44
   47 47
   48 36
   49 39
   50 35
   51 27
   52 27
   53 18
   54 14
   55 18
   56 10
   57 14
   58 13
   59 8
   60 10
   61 15
   62 21
   63 34
   64 61
   65 112
   66 169
   67 245
   68 300
   69 346
   70 389
   71 414
   72 460
   73 429
   74 405
   75 400
   76 372
   77 293
   78 249
   79 163
   80 153
   81 103
   82 99
   83 83
   84 58
   85 60
   86 41
   87 50
   88 59
   89 54
   90 79
   91 160
   92 267
   93 370
   94 394
   95 369
   96 270
   97 168
   98 113
   99 27
   100 21
   101 18
   102 13
   103 16
   104 11
   105 7
   106 6
   107 6
   108 5
   109 4
   110 4
   111 2
   112 4
   113 1
   114 2
   115 2
   116 2
   117 2
   118 2
   119 3
   120 2
   121 2
   122 0
   123 1
   124 1
   125 4
   126 0
   127 0
   128 0
   129 1
   130 1
   131 0
   132 0
   133 0
   134 1
   135 1
   136 0
   137 1
   138 0
   139 2
   140 1
   141 0
   142 0
   143 0
   144 0
   145 0
   146 0
   147 0
   148 0
   149 0
   150 1
   151 1
   152 1
   153 1
   154 1
   155 1
   156 0
   157 0
   158 1
   159 1
   160 2
   161 3
   162 6
   163 5
   164 5
   165 3
   166 3
   167 1
   168 2
   169 2
   170 1
   171 1
   172 1
   173 1
   174 1
   175 1
   176 0
   177 0
   178 0
   179 0
   180 0
   181 1
   182 0
   183 1
   184 1
   185 0
   186 1
   187 4
   188 3
   189 1
   190 1
   191 2
   192 0
   193 1
   194 0
   195 0
   196 0
   197 1
   198 0
   199 0
   200 0
   201 0
   202 0
   203 1
   204 0
   205 0
   206 0
   207 0
   208 0
   209 0
   210 0
   211 0
   212 0
   213 0
   214 0
   215 0
   216 0
   217 0
   218 0
   219 0
   220 0
   221 0
   222 0
   223 0
   224 1
HIST END
