STAT START
secs,qlen,thru,msrt,items,nset,nget,nmget,sqt,gqt,mqt,swt,gwt,mwt
1,1,401.000000000000,NaN,0,401,0,0,0.000193491222,NaN,NaN,0.003701106234,NaN,NaN
1,0,441.000000000000,NaN,0,441,0,0,0.000141233093,NaN,NaN,0.003181766472,NaN,NaN
1,0,434.000000000000,NaN,0,434,0,0,0.000185853279,NaN,NaN,0.003592132152,NaN,NaN
1,0,450.000000000000,NaN,0,450,0,0,0.000100560238,NaN,NaN,0.003582919671,NaN,NaN
1,0,448.000000000000,NaN,0,448,0,0,0.000106330665,NaN,NaN,0.003203938100,NaN,NaN
1,0,445.000000000000,NaN,0,445,0,0,0.000155152348,NaN,NaN,0.003418674670,NaN,NaN
1,0,437.000000000000,NaN,0,437,0,0,0.000159332446,NaN,NaN,0.003222924817,NaN,NaN
1,0,457.000000000000,NaN,0,457,0,0,0.000121938595,NaN,NaN,0.003208042893,NaN,NaN
1,0,444.000000000000,NaN,0,444,0,0,0.000105742631,NaN,NaN,0.003603721649,NaN,NaN
1,0,450.000000000000,NaN,0,450,0,0,0.000135160856,NaN,NaN,0.003081569133,NaN,NaN
1,0,437.000000000000,NaN,0,437,0,0,0.000119706618,NaN,NaN,0.003385967865,NaN,NaN
1,0,436.000000000000,NaN,0,436,0,0,0.000104348445,NaN,NaN,0.003334265734,NaN,NaN
1,0,451.000000000000,NaN,0,451,0,0,0.000101514641,NaN,NaN,0.003507937512,NaN,NaN
1,0,433.000000000000,NaN,0,433,0,0,0.000104033256,NaN,NaN,0.003442681716,NaN,NaN
1,0,388.000000000000,NaN,0,388,0,0,0.000110237603,NaN,NaN,0.003572932698,NaN,NaN
1,0,460.000000000000,NaN,0,460,0,0,0.000100960687,NaN,NaN,0.003216691859,NaN,NaN
1,0,445.000000000000,NaN,0,445,0,0,0.000095386052,NaN,NaN,0.003399670144,NaN,NaN
1,0,471.000000000000,NaN,0,471,0,0,0.000097609577,NaN,NaN,0.002584881951,NaN,NaN
1,0,427.000000000000,NaN,0,427,0,0,0.000114345304,NaN,NaN,0.003326530155,NaN,NaN
1,1,437.000000000000,NaN,0,437,0,0,0.000112404474,NaN,NaN,0.003396505281,NaN,NaN
1,0,422.000000000000,NaN,0,422,0,0,0.000092806493,NaN,NaN,0.003808969168,NaN,NaN
1,0,401.000000000000,NaN,0,401,0,0,0.000107044344,NaN,NaN,0.003436345127,NaN,NaN
1,0,445.000000000000,NaN,0,445,0,0,0.000119816838,NaN,NaN,0.003089783308,NaN,NaN
1,0,460.000000000000,NaN,0,460,0,0,0.000116736267,NaN,NaN,0.003138395778,NaN,NaN
1,0,447.000000000000,NaN,0,447,0,0,0.000124358441,NaN,NaN,0.003430089597,NaN,NaN
1,0,474.000000000000,NaN,0,474,0,0,0.000103450342,NaN,NaN,0.003407431156,NaN,NaN
1,0,449.000000000000,NaN,0,449,0,0,0.000092781194,NaN,NaN,0.003762470171,NaN,NaN
1,0,414.000000000000,NaN,0,414,0,0,0.000109161203,NaN,NaN,0.003611705336,NaN,NaN
1,0,419.000000000000,NaN,0,419,0,0,0.000106422198,NaN,NaN,0.003909603613,NaN,NaN
1,0,448.000000000000,NaN,0,448,0,0,0.000115150163,NaN,NaN,0.003232330533,NaN,NaN
1,0,453.000000000000,NaN,0,453,0,0,0.000120780828,NaN,NaN,0.002820467455,NaN,NaN
1,0,423.000000000000,NaN,0,423,0,0,0.000102748676,NaN,NaN,0.003778604435,NaN,NaN
1,0,419.000000000000,NaN,0,419,0,0,0.000098038551,NaN,NaN,0.003752481353,NaN,NaN
1,0,432.000000000000,NaN,0,432,0,0,0.000225140935,NaN,NaN,0.003579580081,NaN,NaN
1,0,436.000000000000,NaN,0,436,0,0,0.000112137050,NaN,NaN,0.003582829248,NaN,NaN
1,0,437.000000000000,NaN,0,437,0,0,0.000139460394,NaN,NaN,0.003321728165,NaN,NaN
1,0,461.000000000000,NaN,0,461,0,0,0.000103314826,NaN,NaN,0.003158077794,NaN,NaN
1,0,426.000000000000,NaN,0,426,0,0,0.000118204390,NaN,NaN,0.003443713826,NaN,NaN
1,0,455.000000000000,NaN,0,455,0,0,0.000102113462,NaN,NaN,0.003268971433,NaN,NaN
1,0,414.000000000000,NaN,0,414,0,0,0.000110226829,NaN,NaN,0.003564474123,NaN,NaN
1,0,435.000000000000,NaN,0,435,0,0,0.000103623692,NaN,NaN,0.002974667453,NaN,NaN
1,0,426.000000000000,NaN,0,426,0,0,0.000107254023,NaN,NaN,0.003645017502,NaN,NaN
1,0,428.000000000000,NaN,0,428,0,0,0.000162230804,NaN,NaN,0.003231471325,NaN,NaN
1,0,414.000000000000,NaN,0,414,0,0,0.000139071374,NaN,NaN,0.003154687374,NaN,NaN
1,0,442.000000000000,NaN,0,442,0,0,0.000155773219,NaN,NaN,0.003240495667,NaN,NaN
1,0,432.000000000000,NaN,0,432,0,0,0.000120033493,NaN,NaN,0.003238231762,NaN,NaN
1,0,428.000000000000,NaN,0,428,0,0,0.000124293189,NaN,NaN,0.003793312002,NaN,NaN
1,0,446.000000000000,NaN,0,446,0,0,0.000107634395,NaN,NaN,0.003316301381,NaN,NaN
1,0,429.000000000000,NaN,0,429,0,0,0.000106471580,NaN,NaN,0.003626482023,NaN,NaN
1,0,435.000000000000,NaN,0,435,0,0,0.000109092949,NaN,NaN,0.003225438078,NaN,NaN
1,0,460.000000000000,NaN,0,460,0,0,0.000120245889,NaN,NaN,0.003316374622,NaN,NaN
1,0,466.000000000000,NaN,0,466,0,0,0.000109565403,NaN,NaN,0.002695428558,NaN,NaN
1,0,407.000000000000,NaN,0,407,0,0,0.000174491617,NaN,NaN,0.003855834415,NaN,NaN
1,0,447.000000000000,NaN,0,447,0,0,0.000121829159,NaN,NaN,0.003243481150,NaN,NaN
1,0,417.000000000000,NaN,0,417,0,0,0.000110432647,NaN,NaN,0.003796815278,NaN,NaN
1,0,451.000000000000,NaN,0,451,0,0,0.000104671486,NaN,NaN,0.003762109399,NaN,NaN
1,0,468.000000000000,NaN,0,468,0,0,0.000121211158,NaN,NaN,0.003366394192,NaN,NaN
1,0,471.000000000000,NaN,0,471,0,0,0.000129272577,NaN,NaN,0.003271373665,NaN,NaN
1,0,456.000000000000,NaN,0,456,0,0,0.000103256621,NaN,NaN,0.003318603029,NaN,NaN
1,0,507.000000000000,NaN,0,507,0,0,0.000103385966,NaN,NaN,0.002687172365,NaN,NaN
1,0,534.000000000000,NaN,0,534,0,0,0.000113043238,NaN,NaN,0.002799471107,NaN,NaN
1,0,428.000000000000,NaN,0,428,0,0,0.000123859089,NaN,NaN,0.003468424451,NaN,NaN
1,0,482.000000000000,NaN,0,482,0,0,0.000110779828,NaN,NaN,0.002884990465,NaN,NaN
1,0,435.000000000000,NaN,0,435,0,0,0.000106747175,NaN,NaN,0.003299955883,NaN,NaN
1,0,475.000000000000,NaN,0,475,0,0,0.000104585368,NaN,NaN,0.003188066520,NaN,NaN
1,0,448.000000000000,NaN,0,448,0,0,0.000125411192,NaN,NaN,0.003636380333,NaN,NaN
1,0,450.000000000000,NaN,0,450,0,0,0.000105224056,NaN,NaN,0.003576556127,NaN,NaN
1,0,460.000000000000,NaN,0,460,0,0,0.000107362991,NaN,NaN,0.003485278196,NaN,NaN
1,0,464.000000000000,NaN,0,464,0,0,0.000133010537,NaN,NaN,0.003230878509,NaN,NaN
1,0,401.000000000000,NaN,0,401,0,0,0.000139351185,NaN,NaN,0.003628989085,NaN,NaN
STAT END
HIST START
285
   0 0
   1 0
   2 0
   3 0
   4 0
   5 0
   6 0
   7 0
   8 0
   9 3
   10 25
   11 131
   12 341
   13 730
   14 1411
   15 1875
   16 2281
   17 2174
   18 1979
   19 1569
   20 1504
   21 1425
   22 1230
   23 1021
   24 1000
   25 908
   26 764
   27 681
   28 545
   29 372
   30 289
   31 286
   32 203
   33 160
   34 167
   35 165
   36 126
   37 143
   38 104
   39 89
   40 84
   41 81
   42 80
   43 89
   44 60
   45 54
   46 38
   47 45
   48 42
   49 41
   50 38
   51 40
   52 25
   53 33
   54 32
   55 18
   56 17
   57 8
   58 15
   59 18
   60 18
   61 10
   62 10
   63 10
   64 17
   65 19
   66 13
   67 21
   68 32
   69 30
   70 120
   71 235
   72 299
   73 390
   74 492
   75 450
   76 461
   77 408
   78 297
   79 235
   80 126
   81 75
   82 75
   83 58
   84 44
   85 42
   86 45
   87 20
   88 20
   89 16
   90 14
   91 12
   92 15
   93 16
   94 13
   95 27
   96 54
   97 150
   98 274
   99 557
   100 657
   101 347
   102 102
   103 8
   104 4
   105 4
   106 3
   107 0
   108 5
   109 3
   110 4
   111 1
   112 3
   113 2
   114 1
   115 2
   116 1
   117 0
   118 0
   119 2
   120 3
   121 3
   122 2
   123 2
   124 0
   125 2
   126 3
   127 0
   128 0
   129 0
   130 0
   131 1
   132 0
   133 0
   134 1
   135 0
   136 0
   137 2
   138 1
   139 2
   140 0
   141 0
   142 2
   143 0
   144 0
   145 0
   146 0
   147 0
   148 0
   149 0
   150 0
   151 0
   152 0
   153 0
   154 0
   155 0
   156 0
   157 0
   158 0
   159 0
   160 1
   161 0
   162 0
   163 0
   164 0
   165 0
   166 0
   167 0
   168 2
   169 0
   170 3
   171 1
   172 5
   173 1
   174 1
   175 0
   176 0
   177 0
   178 0
   179 0
   180 0
   181 0
   182 0
   183 0
   184 0
   185 0
   186 0
   187 0
   188 0
   189 0
   190 0
   191 0
   192 0
   193 0
   194 0
   195 0
   196 0
   197 0
   198 0
   199 1
   200 0
   201 0
   202 0
   203 0
   204 0
   205 0
   206 0
   207 0
   208 0
   209 0
   210 0
   211 0
   212 0
   213 0
   214 0
   215 0
   216 0
   217 0
   218 0
   219 0
   220 0
   221 0
   222 0
   223 0
   224 0
   225 0
   226 0
   227 0
   228 0
   229 0
   230 0
   231 0
   232 0
   233 0
   234 0
   235 0
   236 0
   237 0
   238 0
   239 0
   240 0
   241 0
   242 0
   243 0
   244 0
   245 0
   246 0
   247 0
   248 0
   249 0
   250 0
   251 0
   252 0
   253 0
   254 0
   255 0
   256 0
   257 0
   258 0
   259 0
   260 0
   261 0
   262 0
   263 0
   264 0
   265 0
   266 0
   267 0
   268 0
   269 0
   270 0
   271 0
   272 0
   273 0
   274 0
   275 0
   276 0
   277 0
   278 0
   279 0
   280 0
   281 1
   282 0
   283 0
   284 1
HIST END
