STAT START
secs,qlen,thru,msrt,items,nset,nget,nmget,sqt,gqt,mqt,swt,gwt,mwt
1,0,440.000000000000,0.020454545455,440,0,440,0,NaN,0.000122584348,NaN,NaN,0.002159356400,NaN
1,0,484.000000000000,0.006198347107,484,0,484,0,NaN,0.000082441395,NaN,NaN,0.002036828694,NaN
1,0,496.000000000000,0.006048387097,496,0,496,0,NaN,0.000155824448,NaN,NaN,0.001724636177,NaN
1,0,522.000000000000,0.007662835249,522,0,522,0,NaN,0.000132661739,NaN,NaN,0.001612482140,NaN
1,0,556.000000000000,0.017985611511,556,0,556,0,NaN,0.000114808185,NaN,NaN,0.001339586502,NaN
1,0,503.000000000000,0.007952286282,503,0,503,0,NaN,0.000098546431,NaN,NaN,0.001625348402,NaN
1,0,522.000000000000,0.007662835249,522,0,522,0,NaN,0.000131928184,NaN,NaN,0.001505822284,NaN
1,0,509.000000000000,0.009823182711,509,0,509,0,NaN,0.000109874348,NaN,NaN,0.001701418652,NaN
1,0,503.000000000000,0.009940357853,503,0,503,0,NaN,0.000102475324,NaN,NaN,0.001797793821,NaN
1,0,532.000000000000,0.009398496241,532,0,532,0,NaN,0.000136787325,NaN,NaN,0.001678172265,NaN
1,0,519.000000000000,0.017341040462,519,0,519,0,NaN,0.000090835297,NaN,NaN,0.001814230628,NaN
1,0,535.000000000000,0.011214953271,535,0,535,0,NaN,0.000096717538,NaN,NaN,0.001537129164,NaN
1,0,539.000000000000,0.005565862709,539,0,539,0,NaN,0.000100395202,NaN,NaN,0.001793349755,NaN
1,0,503.000000000000,0.015904572565,503,0,503,0,NaN,0.000124207636,NaN,NaN,0.001762151606,NaN
1,0,503.000000000000,0.007952286282,503,0,503,0,NaN,0.000107472588,NaN,NaN,0.002020975099,NaN
1,0,545.000000000000,0.003669724771,545,0,545,0,NaN,0.000102762650,NaN,NaN,0.001572678275,NaN
1,0,510.000000000000,0.011764705882,510,0,510,0,NaN,0.000105639416,NaN,NaN,0.001835560641,NaN
1,0,515.000000000000,0.005825242718,515,0,515,0,NaN,0.000136346101,NaN,NaN,0.001929444188,NaN
1,1,488.000000000000,0.014344262295,488,0,488,0,NaN,0.000092357955,NaN,NaN,0.001801513230,NaN
1,0,506.000000000000,0.005928853755,506,0,506,0,NaN,0.000125641405,NaN,NaN,0.001881589178,NaN
1,0,536.000000000000,0.014925373134,536,0,536,0,NaN,0.000091453634,NaN,NaN,0.001822276438,NaN
1,0,519.000000000000,0.011560693642,519,0,519,0,NaN,0.000089365166,NaN,NaN,0.002069571769,NaN
1,0,535.000000000000,0.009345794393,535,0,535,0,NaN,0.000113389183,NaN,NaN,0.001691402086,NaN
1,0,508.000000000000,0.011811023622,508,0,508,0,NaN,0.000137104624,NaN,NaN,0.001592978000,NaN
1,0,533.000000000000,0.013133208255,533,0,533,0,NaN,0.000091693152,NaN,NaN,0.001725605075,NaN
1,0,542.000000000000,0.007380073801,542,0,542,0,NaN,0.000089165212,NaN,NaN,0.001861954756,NaN
1,0,523.000000000000,0.013384321224,523,0,523,0,NaN,0.000143554484,NaN,NaN,0.001773573816,NaN
1,0,506.000000000000,0.001976284585,506,0,506,0,NaN,0.000099009585,NaN,NaN,0.001813032352,NaN
1,0,510.000000000000,0.011764705882,510,0,510,0,NaN,0.000123636943,NaN,NaN,0.001774552949,NaN
1,0,514.000000000000,0.007782101167,514,0,514,0,NaN,0.000098520576,NaN,NaN,0.001577751278,NaN
1,0,520.000000000000,0.003846153846,520,0,520,0,NaN,0.000107471615,NaN,NaN,0.001703559727,NaN
1,0,494.000000000000,0.008097165992,494,0,494,0,NaN,0.000103170213,NaN,NaN,0.001845327294,NaN
1,0,510.000000000000,0.011764705882,510,0,510,0,NaN,0.000100859955,NaN,NaN,0.001497352180,NaN
1,0,543.000000000000,0.009208103131,543,0,543,0,NaN,0.000112514385,NaN,NaN,0.001408688280,NaN
1,0,531.000000000000,0.009416195857,531,0,531,0,NaN,0.000112197384,NaN,NaN,0.001715816137,NaN
1,0,551.000000000000,0.005444646098,551,0,551,0,NaN,0.000107979299,NaN,NaN,0.001646486960,NaN
1,0,532.000000000000,0.011278195489,532,0,532,0,NaN,0.000130061321,NaN,NaN,0.001449159615,NaN
1,0,490.000000000000,0.008163265306,490,0,490,0,NaN,0.000086541778,NaN,NaN,0.001446994459,NaN
1,0,487.000000000000,0.014373716632,487,0,487,0,NaN,0.000091354612,NaN,NaN,0.001490478676,NaN
1,0,494.000000000000,0.006072874494,494,0,494,0,NaN,0.000108453055,NaN,NaN,0.001872712668,NaN
1,0,457.000000000000,0.006564551422,457,0,457,0,NaN,0.000133705481,NaN,NaN,0.001929861897,NaN
1,0,491.000000000000,0.008146639511,491,0,491,0,NaN,0.000093031159,NaN,NaN,0.001679751198,NaN
1,0,464.000000000000,0.008620689655,464,0,464,0,NaN,0.000106375774,NaN,NaN,0.001622002772,NaN
1,0,488.000000000000,0.016393442623,488,0,488,0,NaN,0.000092138717,NaN,NaN,0.001528698344,NaN
1,0,482.000000000000,0.010373443983,482,0,482,0,NaN,0.000130808349,NaN,NaN,0.001572791199,NaN
1,0,474.000000000000,0.006329113924,474,0,474,0,NaN,0.000089470797,NaN,NaN,0.001731754401,NaN
1,0,478.000000000000,0.002092050209,478,0,478,0,NaN,0.000121826069,NaN,NaN,0.001462017293,NaN
1,0,490.000000000000,0.006122448980,490,0,490,0,NaN,0.000111150849,NaN,NaN,0.001656870924,NaN
1,0,496.000000000000,0.012096774194,496,0,496,0,NaN,0.000120633429,NaN,NaN,0.001640388877,NaN
1,0,487.000000000000,0.012320328542,487,0,487,0,NaN,0.000102603608,NaN,NaN,0.001785203339,NaN
1,0,492.000000000000,0.010162601626,492,0,492,0,NaN,0.000112332140,NaN,NaN,0.001350902904,NaN
1,0,509.000000000000,0.005893909627,509,0,509,0,NaN,0.000084808218,NaN,NaN,0.001496424739,NaN
1,0,462.000000000000,0.002164502165,462,0,462,0,NaN,0.000120358074,NaN,NaN,0.001861959310,NaN
1,0,474.000000000000,0.018987341772,474,0,474,0,NaN,0.000067568616,NaN,NaN,0.002020518745,NaN
1,0,470.000000000000,0.006382978723,470,0,470,0,NaN,0.000112730438,NaN,NaN,0.002044951538,NaN
1,0,471.000000000000,0.008492569002,471,0,471,0,NaN,0.000088958323,NaN,NaN,0.001880751851,NaN
1,0,496.000000000000,0.006048387097,496,0,496,0,NaN,0.000116342456,NaN,NaN,0.001992415738,NaN
1,0,479.000000000000,0.010438413361,479,0,479,0,NaN,0.000074571328,NaN,NaN,0.001979396125,NaN
1,0,485.000000000000,0.012371134021,485,0,485,0,NaN,0.000113419423,NaN,NaN,0.001985529608,NaN
1,0,496.000000000000,0.006048387097,496,0,496,0,NaN,0.000108479889,NaN,NaN,0.001913969681,NaN
1,0,485.000000000000,0.010309278351,485,0,485,0,NaN,0.000080488256,NaN,NaN,0.001985544049,NaN
1,0,480.000000000000,0.012500000000,480,0,480,0,NaN,0.000085423438,NaN,NaN,0.001811659825,NaN
1,0,511.000000000000,0.013698630137,511,0,511,0,NaN,0.000096700677,NaN,NaN,0.001633385448,NaN
1,0,509.000000000000,0.003929273084,509,0,509,0,NaN,0.000108624259,NaN,NaN,0.001938785774,NaN
1,0,537.000000000000,0.007448789572,537,0,537,0,NaN,0.000101837328,NaN,NaN,0.001565013803,NaN
1,0,501.000000000000,0.005988023952,501,0,501,0,NaN,0.000079385100,NaN,NaN,0.002265054551,NaN
1,0,523.000000000000,0.015296367113,523,0,523,0,NaN,0.000084087197,NaN,NaN,0.001853368688,NaN
1,0,535.000000000000,0.005607476636,535,0,535,0,NaN,0.000094060310,NaN,NaN,0.001626171026,NaN
1,0,511.000000000000,0.007827788650,511,0,511,0,NaN,0.000162610763,NaN,NaN,0.001573362885,NaN
1,0,540.000000000000,0.011111111111,540,0,540,0,NaN,0.000111504822,NaN,NaN,0.001746470874,NaN
STAT END
HIST START
192
   0 0
   1 0
   2 0
   3 0
   4 2
   5 216
   6 2317
   7 4473
   8 5335
   9 4639
   10 3231
   11 2096
   12 1681
   13 1347
   14 1057
   15 833
   16 663
   17 527
   18 468
   19 393
   20 319
   21 275
   22 252
   23 213
   24 151
   25 148
   26 147
   27 63
   28 65
   29 78
   30 66
   31 46
   32 35
   33 30
   34 29
   35 25
   36 30
   37 22
   38 20
   39 16
   40 12
   41 15
   42 12
   43 16
   44 15
   45 13
   46 10
   47 12
   48 10
   49 5
   50 8
   51 6
   52 5
   53 5
   54 6
   55 3
   56 4
   57 8
   58 6
   59 4
   60 12
   61 22
   62 28
   63 71
   64 86
   65 102
   66 127
   67 176
   68 232
   69 295
   70 289
   71 344
   72 278
   73 273
   74 259
   75 227
   76 165
   77 123
   78 92
   79 64
   80 51
   81 32
   82 14
   83 12
   84 16
   85 16
   86 9
   87 17
   88 25
   89 28
   90 32
   91 37
   92 38
   93 32
   94 43
   95 56
   96 44
   97 27
   98 38
   99 15
   100 6
   101 2
   102 1
   103 0
   104 2
   105 2
   106 0
   107 2
   108 0
   109 0
   110 2
   111 1
   112 3
   113 0
   114 1
   115 0
   116 1
   117 0
   118 0
   119 0
   120 1
   121 0
   122 0
   123 0
   124 0
   125 1
   126 2
   127 1
   128 1
   129 0
   130 0
   131 2
   132 0
   133 1
   134 0
   135 0
   136 0
   137 2
   138 0
   139 0
   140 0
   141 0
   142 0
   143 0
   144 1
   145 0
   146 0
   147 0
   148 0
   149 2
   150 0
   151 1
   152 0
   153 0
   154 0
   155 0
   156 1
   157 1
   158 1
   159 1
   160 0
   161 1
   162 3
   163 0
   164 1
   165 1
   166 0
   167 1
   168 1
   169 0
   170 0
   171 0
   172 0
   173 0
   174 0
   175 0
   176 0
   177 0
   178 0
   179 0
   180 0
   181 0
   182 0
   183 0
   184 0
   185 0
   186 0
   187 0
   188 0
   189 0
   190 0
   191 1
HIST END
