STAT START
secs,qlen,thru,msrt,items,nset,nget,nmget,sqt,gqt,mqt,swt,gwt,mwt
1,0,150.000000000000,0.020000000000,150,0,150,0,NaN,0.000157010367,NaN,NaN,0.002637123927,NaN
1,0,166.000000000000,0.006024096386,166,0,166,0,NaN,0.000133528524,NaN,NaN,0.002180787494,NaN
1,0,485.000000000000,0.014432989691,485,0,485,0,NaN,0.000157351829,NaN,NaN,0.001887214068,NaN
1,0,509.000000000000,0.007858546169,509,0,509,0,NaN,0.000114340136,NaN,NaN,0.002160784334,NaN
1,0,503.000000000000,0.007952286282,503,0,503,0,NaN,0.000121060141,NaN,NaN,0.002076859479,NaN
1,0,520.000000000000,0.013461538462,520,0,520,0,NaN,0.000104606135,NaN,NaN,0.001977922973,NaN
1,0,509.000000000000,0.011787819253,509,0,509,0,NaN,0.000109287815,NaN,NaN,0.002154764438,NaN
1,0,460.000000000000,0.006521739130,460,0,460,0,NaN,0.000121792430,NaN,NaN,0.001904476696,NaN
1,0,503.000000000000,0.009940357853,503,0,503,0,NaN,0.000103967917,NaN,NaN,0.001968830097,NaN
1,0,513.000000000000,0.009746588694,513,0,513,0,NaN,0.000096126943,NaN,NaN,0.002335318298,NaN
1,0,475.000000000000,0.008421052632,475,0,475,0,NaN,0.000094297204,NaN,NaN,0.001940582920,NaN
1,0,477.000000000000,0.010482180294,477,0,477,0,NaN,0.000144061717,NaN,NaN,0.001748718342,NaN
1,0,442.000000000000,0.015837104072,442,0,442,0,NaN,0.000146877391,NaN,NaN,0.002172591869,NaN
1,0,472.000000000000,0.014830508475,472,0,472,0,NaN,0.000088149250,NaN,NaN,0.002259964578,NaN
1,0,468.000000000000,0.006410256410,468,0,468,0,NaN,0.000100927184,NaN,NaN,0.002018735979,NaN
1,0,478.000000000000,0.014644351464,478,0,478,0,NaN,0.000092351860,NaN,NaN,0.001775447889,NaN
1,0,492.000000000000,0.010162601626,492,0,492,0,NaN,0.000103750307,NaN,NaN,0.001945129409,NaN
1,0,478.000000000000,0.000000000000,478,0,478,0,NaN,0.000107925441,NaN,NaN,0.001588853427,NaN
1,0,456.000000000000,0.002192982456,456,0,456,0,NaN,0.000111989371,NaN,NaN,0.001949818930,NaN
1,0,483.000000000000,0.018633540373,483,0,483,0,NaN,0.000126222288,NaN,NaN,0.001701420288,NaN
1,0,475.000000000000,0.008421052632,475,0,475,0,NaN,0.000092525806,NaN,NaN,0.001631099158,NaN
1,0,466.000000000000,0.010729613734,466,0,466,0,NaN,0.000096076809,NaN,NaN,0.001890181210,NaN
1,0,463.000000000000,0.010799136069,463,0,463,0,NaN,0.000082058780,NaN,NaN,0.002211914248,NaN
1,0,452.000000000000,0.011061946903,452,0,452,0,NaN,0.000128041670,NaN,NaN,0.001937221423,NaN
1,0,476.000000000000,0.008403361345,476,0,476,0,NaN,0.000117887616,NaN,NaN,0.001842912609,NaN
1,0,455.000000000000,0.015384615385,455,0,455,0,NaN,0.000155783659,NaN,NaN,0.002069681345,NaN
1,0,471.000000000000,0.010615711253,471,0,471,0,NaN,0.000108073539,NaN,NaN,0.001968980798,NaN
1,0,494.000000000000,0.012145748988,494,0,494,0,NaN,0.000101314447,NaN,NaN,0.002040105119,NaN
1,0,495.000000000000,0.010101010101,495,0,495,0,NaN,0.000093352539,NaN,NaN,0.001959379394,NaN
1,0,471.000000000000,0.008492569002,471,0,471,0,NaN,0.000146930234,NaN,NaN,0.002007691577,NaN
1,0,496.000000000000,0.014112903226,496,0,496,0,NaN,0.000120082970,NaN,NaN,0.002133566458,NaN
1,0,517.000000000000,0.001934235977,517,0,517,0,NaN,0.000114000683,NaN,NaN,0.002284834981,NaN
1,0,489.000000000000,0.002044989775,489,0,489,0,NaN,0.000098968980,NaN,NaN,0.002156153632,NaN
1,0,518.000000000000,0.009652509653,518,0,518,0,NaN,0.000104147654,NaN,NaN,0.002335730911,NaN
1,0,507.000000000000,0.007889546351,507,0,507,0,NaN,0.000099341320,NaN,NaN,0.002254642968,NaN
1,0,517.000000000000,0.011605415861,517,0,517,0,NaN,0.000100506306,NaN,NaN,0.002049902087,NaN
1,0,517.000000000000,0.003868471954,517,0,517,0,NaN,0.000183541992,NaN,NaN,0.002093755578,NaN
1,0,485.000000000000,0.008247422680,485,0,485,0,NaN,0.000106439099,NaN,NaN,0.002587091932,NaN
1,0,469.000000000000,0.017057569296,469,0,469,0,NaN,0.000156070527,NaN,NaN,0.002378567565,NaN
1,0,489.000000000000,0.010224948875,489,0,489,0,NaN,0.000106801358,NaN,NaN,0.002010986397,NaN
1,0,457.000000000000,0.015317286652,457,0,457,0,NaN,0.000138206974,NaN,NaN,0.002165068304,NaN
1,0,454.000000000000,0.006607929515,454,0,454,0,NaN,0.000109783559,NaN,NaN,0.001958433117,NaN
1,0,468.000000000000,0.004273504274,468,0,468,0,NaN,0.000112609338,NaN,NaN,0.001990290359,NaN
1,0,480.000000000000,0.000000000000,480,0,480,0,NaN,0.000095207321,NaN,NaN,0.002154420192,NaN
1,0,486.000000000000,0.016460905350,486,0,486,0,NaN,0.000094643395,NaN,NaN,0.001978755146,NaN
1,0,465.000000000000,0.015053763441,465,0,465,0,NaN,0.000107388695,NaN,NaN,0.001705697837,NaN
1,0,490.000000000000,0.006122448980,490,0,490,0,NaN,0.000093703671,NaN,NaN,0.001859324816,NaN
1,0,443.000000000000,0.011286681716,443,0,443,0,NaN,0.000147456239,NaN,NaN,0.002011223578,NaN
1,0,500.000000000000,0.006000000000,500,0,500,0,NaN,0.000088561780,NaN,NaN,0.002013589392,NaN
1,0,496.000000000000,0.006048387097,496,0,496,0,NaN,0.000145405819,NaN,NaN,0.001961609956,NaN
1,0,499.000000000000,0.010020040080,499,0,499,0,NaN,0.000102967671,NaN,NaN,0.001869623427,NaN
1,0,492.000000000000,0.008130081301,492,0,492,0,NaN,0.000114372577,NaN,NaN,0.001831270246,NaN
1,0,484.000000000000,0.008264462810,484,0,484,0,NaN,0.000108656758,NaN,NaN,0.001866348306,NaN
1,0,470.000000000000,0.004255319149,470,0,470,0,NaN,0.000129530560,NaN,NaN,0.001966503643,NaN
1,0,470.000000000000,0.012765957447,470,0,470,0,NaN,0.000090479709,NaN,NaN,0.002068066468,NaN
1,0,495.000000000000,0.002020202020,495,0,495,0,NaN,0.000142343196,NaN,NaN,0.001595236246,NaN
1,0,477.000000000000,0.016771488470,477,0,477,0,NaN,0.000179038210,NaN,NaN,0.001686882597,NaN
1,0,455.000000000000,0.002197802198,455,0,455,0,NaN,0.000115150262,NaN,NaN,0.002083310235,NaN
1,0,475.000000000000,0.010526315789,475,0,475,0,NaN,0.000088807259,NaN,NaN,0.002293066507,NaN
1,0,441.000000000000,0.009070294785,441,0,441,0,NaN,0.000106621995,NaN,NaN,0.001841504748,NaN
1,0,460.000000000000,0.015217391304,460,0,460,0,NaN,0.000127140293,NaN,NaN,0.002061986254,NaN
1,0,430.000000000000,0.011627906977,430,0,430,0,NaN,0.000150778816,NaN,NaN,0.002056191330,NaN
1,0,459.000000000000,0.004357298475,459,0,459,0,NaN,0.000129898527,NaN,NaN,0.001798004654,NaN
1,0,436.000000000000,0.004587155963,436,0,436,0,NaN,0.000097476984,NaN,NaN,0.002051438706,NaN
1,0,489.000000000000,0.018404907975,489,0,489,0,NaN,0.000113919640,NaN,NaN,0.002036040235,NaN
1,0,467.000000000000,0.010706638116,467,0,467,0,NaN,0.000141584398,NaN,NaN,0.002352841107,NaN
1,0,431.000000000000,0.009280742459,431,0,431,0,NaN,0.000117130023,NaN,NaN,0.001917885988,NaN
1,0,487.000000000000,0.010266940452,487,0,487,0,NaN,0.000107247579,NaN,NaN,0.001910447378,NaN
1,0,482.000000000000,0.008298755187,482,0,482,0,NaN,0.000146621307,NaN,NaN,0.002195109448,NaN
1,0,488.000000000000,0.010245901639,488,0,488,0,NaN,0.000142106240,NaN,NaN,0.002320913029,NaN
1,0,303.000000000000,0.006600660066,303,0,303,0,NaN,0.000092262413,NaN,NaN,0.001539741779,NaN
1,0,316.000000000000,0.012658227848,316,0,316,0,NaN,0.000093959886,NaN,NaN,0.001603485089,NaN
STAT END
HIST START
173
   0 0
   1 0
   2 0
   3 0
   4 0
   5 39
   6 790
   7 2995
   8 4506
   9 4723
   10 3933
   11 2577
   12 1700
   13 1379
   14 1069
   15 873
   16 663
   17 567
   18 448
   19 354
   20 282
   21 263
   22 266
   23 203
   24 137
   25 138
   26 143
   27 101
   28 93
   29 51
   30 47
   31 46
   32 44
   33 32
   34 18
   35 24
   36 25
   37 32
   38 18
   39 15
   40 16
   41 10
   42 20
   43 11
   44 18
   45 11
   46 8
   47 5
   48 8
   49 5
   50 5
   51 4
   52 6
   53 1
   54 2
   55 2
   56 4
   57 5
   58 2
   59 3
   60 2
   61 5
   62 3
   63 2
   64 12
   65 10
   66 13
   67 20
   68 69
   69 130
   70 193
   71 302
   72 387
   73 429
   74 512
   75 525
   76 523
   77 399
   78 323
   79 212
   80 108
   81 34
   82 32
   83 21
   84 17
   85 19
   86 21
   87 11
   88 11
   89 18
   90 12
   91 20
   92 9
   93 14
   94 15
   95 9
   96 17
   97 44
   98 47
   99 56
   100 58
   101 40
   102 15
   103 2
   104 1
   105 1
   106 2
   107 1
   108 1
   109 1
   110 1
   111 2
   112 1
   113 4
   114 1
   115 2
   116 0
   117 0
   118 1
   119 0
   120 2
   121 1
   122 1
   123 1
   124 0
   125 0
   126 0
   127 0
   128 0
   129 0
   130 0
   131 2
   132 0
   133 0
   134 0
   135 0
   136 0
   137 0
   138 0
   139 1
   140 0
   141 0
   142 0
   143 0
   144 1
   145 0
   146 0
   147 0
   148 0
   149 0
   150 0
   151 1
   152 0
   153 0
   154 1
   155 1
   156 0
   157 0
   158 0
   159 0
   160 0
   161 0
   162 0
   163 1
   164 2
   165 0
   166 1
   167 1
   168 1
   169 1
   170 1
   171 4
   172 2
HIST END
