STAT START
secs,qlen,thru,msrt,items,nset,nget,nmget,sqt,gqt,mqt,swt,gwt,mwt
1,0,962.000000000000,0.018711018711,962,0,962,0,NaN,0.000217619482,NaN,NaN,0.001727186861,NaN
1,0,1105.000000000000,0.005429864253,1105,0,1105,0,NaN,0.000152210860,NaN,NaN,0.001351359333,NaN
1,0,1069.000000000000,0.005612722170,1069,0,1069,0,NaN,0.000175611103,NaN,NaN,0.001585354234,NaN
1,3,1080.000000000000,0.013888888889,1080,0,1080,0,NaN,0.000165527770,NaN,NaN,0.001561461727,NaN
1,0,1057.000000000000,0.014191106906,1057,0,1057,0,NaN,0.000149970096,NaN,NaN,0.001762136975,NaN
1,0,1019.000000000000,0.009813542689,1019,0,1019,0,NaN,0.000090183824,NaN,NaN,0.002127112221,NaN
1,0,1069.000000000000,0.006548175865,1069,0,1069,0,NaN,0.000097632244,NaN,NaN,0.001877985458,NaN
1,0,1114.000000000000,0.007181328546,1114,0,1114,0,NaN,0.000126423351,NaN,NaN,0.001248775691,NaN
1,0,1081.000000000000,0.012025901943,1081,0,1081,0,NaN,0.000117353766,NaN,NaN,0.001273982667,NaN
1,0,1090.000000000000,0.011009174312,1090,0,1090,0,NaN,0.000142735766,NaN,NaN,0.001162170831,NaN
1,0,1130.000000000000,0.015929203540,1130,0,1130,0,NaN,0.000146145473,NaN,NaN,0.001182247323,NaN
1,0,1062.000000000000,0.009416195857,1062,0,1062,0,NaN,0.000111774157,NaN,NaN,0.001696262108,NaN
1,0,1155.000000000000,0.011255411255,1155,0,1155,0,NaN,0.000128872295,NaN,NaN,0.001433923999,NaN
1,0,1148.000000000000,0.012195121951,1148,0,1148,0,NaN,0.000131970216,NaN,NaN,0.001279037518,NaN
1,0,1099.000000000000,0.000909918107,1099,0,1099,0,NaN,0.000132147448,NaN,NaN,0.001487187529,NaN
1,0,1091.000000000000,0.008249312557,1091,0,1091,0,NaN,0.000155945592,NaN,NaN,0.001349239450,NaN
1,0,1129.000000000000,0.009743135518,1129,0,1129,0,NaN,0.000147205229,NaN,NaN,0.001280039776,NaN
1,0,1128.000000000000,0.014184397163,1128,0,1128,0,NaN,0.000159214081,NaN,NaN,0.001486417354,NaN
1,1,1119.000000000000,0.005361930295,1119,0,1119,0,NaN,0.000189826861,NaN,NaN,0.001486216231,NaN
1,0,1089.000000000000,0.015610651974,1089,0,1089,0,NaN,0.000137766761,NaN,NaN,0.001495804980,NaN
1,0,1127.000000000000,0.011535048802,1127,0,1127,0,NaN,0.000147033075,NaN,NaN,0.001248386310,NaN
1,0,1094.000000000000,0.010968921389,1094,0,1094,0,NaN,0.000152271129,NaN,NaN,0.001356622821,NaN
1,0,1141.000000000000,0.009640666082,1141,0,1141,0,NaN,0.000157788928,NaN,NaN,0.001239003544,NaN
1,0,1077.000000000000,0.010213556175,1077,0,1077,0,NaN,0.000216822571,NaN,NaN,0.001455123869,NaN
1,0,1117.000000000000,0.012533572068,1117,0,1117,0,NaN,0.000137963622,NaN,NaN,0.001750399095,NaN
1,0,1116.000000000000,0.006272401434,1116,0,1116,0,NaN,0.000140099979,NaN,NaN,0.001636168756,NaN
1,0,1140.000000000000,0.008771929825,1140,0,1140,0,NaN,0.000141260290,NaN,NaN,0.001727428042,NaN
1,0,1130.000000000000,0.005309734513,1130,0,1130,0,NaN,0.000133109472,NaN,NaN,0.001447178339,NaN
1,0,1163.000000000000,0.008598452279,1163,0,1163,0,NaN,0.000140847803,NaN,NaN,0.001295498860,NaN
1,0,1101.000000000000,0.006357856494,1101,0,1101,0,NaN,0.000138485779,NaN,NaN,0.001407603451,NaN
1,2,1070.000000000000,0.010280373832,1070,0,1070,0,NaN,0.000145794755,NaN,NaN,0.001587238872,NaN
1,3,1109.000000000000,0.010820559062,1109,0,1109,0,NaN,0.000166859636,NaN,NaN,0.001384674142,NaN
1,0,1153.000000000000,0.006938421509,1153,0,1153,0,NaN,0.000172657262,NaN,NaN,0.001252156036,NaN
1,0,1126.000000000000,0.012433392540,1126,0,1126,0,NaN,0.000195745359,NaN,NaN,0.001252781824,NaN
1,0,1058.000000000000,0.010396975425,1058,0,1058,0,NaN,0.000105807888,NaN,NaN,0.001928936526,NaN
1,0,1091.000000000000,0.008249312557,1091,0,1091,0,NaN,0.000139540184,NaN,NaN,0.001133419101,NaN
1,0,1070.000000000000,0.006542056075,1070,0,1070,0,NaN,0.000177596453,NaN,NaN,0.001195022826,NaN
1,0,1103.000000000000,0.009066183137,1103,0,1103,0,NaN,0.000163651297,NaN,NaN,0.001371681266,NaN
1,0,1059.000000000000,0.007554296506,1059,0,1059,0,NaN,0.000131579105,NaN,NaN,0.001252836192,NaN
1,0,1003.000000000000,0.011964107677,1003,0,1003,0,NaN,0.000163993531,NaN,NaN,0.001887139348,NaN
1,0,1031.000000000000,0.010669253152,1031,0,1031,0,NaN,0.000180757367,NaN,NaN,0.001397773445,NaN
1,0,1075.000000000000,0.010232558140,1075,0,1075,0,NaN,0.000163730442,NaN,NaN,0.001316738596,NaN
1,0,1106.000000000000,0.008137432188,1106,0,1106,0,NaN,0.000148116172,NaN,NaN,0.001393539990,NaN
1,0,1114.000000000000,0.003590664273,1114,0,1114,0,NaN,0.000145442847,NaN,NaN,0.001295765921,NaN
1,0,1064.000000000000,0.001879699248,1064,0,1064,0,NaN,0.000123004883,NaN,NaN,0.001436894440,NaN
1,0,1087.000000000000,0.020239190432,1087,0,1087,0,NaN,0.000133453757,NaN,NaN,0.001267751853,NaN
1,0,1076.000000000000,0.006505576208,1076,0,1076,0,NaN,0.000119300038,NaN,NaN,0.001188047373,NaN
1,0,1083.000000000000,0.007386888273,1083,0,1083,0,NaN,0.000122858998,NaN,NaN,0.001526629289,NaN
1,0,1099.000000000000,0.003639672429,1099,0,1099,0,NaN,0.000146259822,NaN,NaN,0.001336156935,NaN
1,0,1051.000000000000,0.012369172217,1051,0,1051,0,NaN,0.000158183160,NaN,NaN,0.001549547876,NaN
1,0,1080.000000000000,0.009259259259,1080,0,1080,0,NaN,0.000140978452,NaN,NaN,0.001438299532,NaN
1,0,1092.000000000000,0.011904761905,1092,0,1092,0,NaN,0.000157592760,NaN,NaN,0.001401709442,NaN
1,0,1123.000000000000,0.009795191451,1123,0,1123,0,NaN,0.000129921709,NaN,NaN,0.001573253953,NaN
1,0,1164.000000000000,0.008591065292,1164,0,1164,0,NaN,0.000134087631,NaN,NaN,0.001222020475,NaN
1,0,993.000000000000,0.006042296073,993,0,993,0,NaN,0.000133569588,NaN,NaN,0.002053768976,NaN
1,0,1020.000000000000,0.011764705882,1020,0,1020,0,NaN,0.000100746020,NaN,NaN,0.002043264745,NaN
1,0,1016.000000000000,0.014763779528,1016,0,1016,0,NaN,0.000098091053,NaN,NaN,0.002039470286,NaN
1,0,1041.000000000000,0.009606147935,1041,0,1041,0,NaN,0.000092447140,NaN,NaN,0.002014595100,NaN
1,0,1001.000000000000,0.005994005994,1001,0,1001,0,NaN,0.000104470914,NaN,NaN,0.002190149895,NaN
1,0,999.000000000000,0.010010010010,999,0,999,0,NaN,0.000121509393,NaN,NaN,0.002108141155,NaN
1,0,1038.000000000000,0.005780346821,1038,0,1038,0,NaN,0.000090752864,NaN,NaN,0.001897249861,NaN
1,0,1024.000000000000,0.008789062500,1024,0,1024,0,NaN,0.000101560800,NaN,NaN,0.001975703040,NaN
1,0,1095.000000000000,0.010958904110,1095,0,1095,0,NaN,0.000163252014,NaN,NaN,0.001607546983,NaN
1,0,1144.000000000000,0.011363636364,1144,0,1144,0,NaN,0.000157109262,NaN,NaN,0.001366371192,NaN
1,0,1097.000000000000,0.008204193254,1097,0,1097,0,NaN,0.000131546802,NaN,NaN,0.001355071024,NaN
1,0,1068.000000000000,0.009363295880,1068,0,1068,0,NaN,0.000182197622,NaN,NaN,0.001353728504,NaN
1,0,1087.000000000000,0.002759889604,1087,0,1087,0,NaN,0.000140515038,NaN,NaN,0.001741757369,NaN
1,0,1085.000000000000,0.004608294931,1085,0,1085,0,NaN,0.000147804465,NaN,NaN,0.001329324449,NaN
1,0,1130.000000000000,0.013274336283,1130,0,1130,0,NaN,0.000146364168,NaN,NaN,0.001469997832,NaN
1,0,1098.000000000000,0.010018214936,1098,0,1098,0,NaN,0.000143557926,NaN,NaN,0.001444078640,NaN
1,0,2.000000000000,0.000000000000,2,0,2,0,NaN,0.000091251000,NaN,NaN,0.000892660500,NaN
STAT END
HIST START
231
   0 0
   1 0
   2 0
   3 0
   4 28
   5 1405
   6 6518
   7 9563
   8 10121
   9 9956
   10 8466
   11 6353
   12 4148
   13 2873
   14 2019
   15 1413
   16 1023
   17 805
   18 646
   19 582
   20 431
   21 392
   22 324
   23 295
   24 202
   25 164
   26 165
   27 214
   28 162
   29 121
   30 92
   31 88
   32 65
   33 52
   34 46
   35 50
   36 46
   37 36
   38 26
   39 22
   40 15
   41 17
   42 30
   43 31
   44 26
   45 9
   46 25
   47 30
   48 20
   49 19
   50 20
   51 14
   52 18
   53 16
   54 25
   55 13
   56 20
   57 31
   58 42
   59 45
   60 87
   61 132
   62 206
   63 238
   64 261
   65 342
   66 330
   67 313
   68 317
   69 306
   70 353
   71 398
   72 382
   73 315
   74 368
   75 338
   76 285
   77 254
   78 171
   79 138
   80 112
   81 79
   82 50
   83 48
   84 27
   85 30
   86 31
   87 40
   88 56
   89 80
   90 91
   91 64
   92 35
   93 17
   94 22
   95 21
   96 21
   97 53
   98 43
   99 51
   100 28
   101 20
   102 5
   103 2
   104 1
   105 2
   106 1
   107 1
   108 0
   109 9
   110 8
   111 4
   112 1
   113 4
   114 2
   115 1
   116 2
   117 0
   118 1
   119 0
   120 2
   121 0
   122 1
   123 2
   124 2
   125 0
   126 3
   127 3
   128 0
   129 0
   130 1
   131 1
   132 2
   133 0
   134 2
   135 1
   136 1
   137 1
   138 1
   139 2
   140 0
   141 0
   142 0
   143 4
   144 0
   145 1
   146 1
   147 0
   148 0
   149 0
   150 0
   151 0
   152 1
   153 1
   154 2
   155 3
   156 0
   157 2
   158 0
   159 1
   160 2
   161 0
   162 0
   163 0
   164 0
   165 0
   166 0
   167 0
   168 1
   169 0
   170 2
   171 0
   172 0
   173 0
   174 0
   175 1
   176 0
   177 0
   178 0
   179 0
   180 0
   181 0
   182 0
   183 0
   184 0
   185 0
   186 0
   187 0
   188 0
   189 0
   190 0
   191 0
   192 0
   193 0
   194 0
   195 0
   196 0
   197 0
   198 0
   199 0
   200 0
   201 0
   202 0
   203 0
   204 0
   205 0
   206 0
   207 0
   208 1
   209 0
   210 0
   211 0
   212 0
   213 0
   214 0
   215 1
   216 0
   217 0
   218 0
   219 0
   220 0
   221 0
   222 1
   223 0
   224 0
   225 0
   226 0
   227 0
   228 0
   229 1
   230 1
HIST END
