STAT START
secs,qlen,thru,msrt,items,nset,nget,nmget,sqt,gqt,mqt,swt,gwt,mwt
1,0,672.000000000000,0.017857142857,672,0,672,0,NaN,0.000128516458,NaN,NaN,0.002087299909,NaN
1,0,1019.000000000000,0.009813542689,1019,0,1019,0,NaN,0.000106374114,NaN,NaN,0.001923944981,NaN
1,0,1002.000000000000,0.005988023952,1002,0,1002,0,NaN,0.000129888715,NaN,NaN,0.001818086149,NaN
1,0,1051.000000000000,0.013320647003,1051,0,1051,0,NaN,0.000198589474,NaN,NaN,0.001573082855,NaN
1,0,1084.000000000000,0.010147601476,1084,0,1084,0,NaN,0.000107997800,NaN,NaN,0.001683326642,NaN
1,0,1012.000000000000,0.012845849802,1012,0,1012,0,NaN,0.000127374251,NaN,NaN,0.001603012478,NaN
1,0,1107.000000000000,0.008130081301,1107,0,1107,0,NaN,0.000126309566,NaN,NaN,0.001629628575,NaN
1,0,1073.000000000000,0.006523765144,1073,0,1073,0,NaN,0.000127633336,NaN,NaN,0.001671777948,NaN
1,0,1147.000000000000,0.012205754141,1147,0,1147,0,NaN,0.000135355861,NaN,NaN,0.001442897400,NaN
1,0,1123.000000000000,0.011576135352,1123,0,1123,0,NaN,0.000136725712,NaN,NaN,0.001641139819,NaN
1,0,1066.000000000000,0.011257035647,1066,0,1066,0,NaN,0.000153559176,NaN,NaN,0.001502551212,NaN
1,0,1119.000000000000,0.012511170688,1119,0,1119,0,NaN,0.000131478826,NaN,NaN,0.001485042457,NaN
1,0,1053.000000000000,0.011396011396,1053,0,1053,0,NaN,0.000169847763,NaN,NaN,0.001517214186,NaN
1,0,1031.000000000000,0.007759456838,1031,0,1031,0,NaN,0.000198212395,NaN,NaN,0.001656454656,NaN
1,0,1082.000000000000,0.009242144177,1082,0,1082,0,NaN,0.000143314287,NaN,NaN,0.001728869377,NaN
1,0,1033.000000000000,0.004840271055,1033,0,1033,0,NaN,0.000205689812,NaN,NaN,0.001475387654,NaN
1,0,1084.000000000000,0.010147601476,1084,0,1084,0,NaN,0.000134789447,NaN,NaN,0.001501107855,NaN
1,0,1086.000000000000,0.011970534070,1086,0,1086,0,NaN,0.000140330437,NaN,NaN,0.001387584936,NaN
1,0,1092.000000000000,0.009157509158,1092,0,1092,0,NaN,0.000129677116,NaN,NaN,0.001353126277,NaN
1,0,1073.000000000000,0.008387698043,1073,0,1073,0,NaN,0.000141785524,NaN,NaN,0.001519495180,NaN
1,0,1086.000000000000,0.011970534070,1086,0,1086,0,NaN,0.000120291064,NaN,NaN,0.001484100752,NaN
1,0,1073.000000000000,0.013047530289,1073,0,1073,0,NaN,0.000137063274,NaN,NaN,0.001476371659,NaN
1,0,1098.000000000000,0.009107468124,1098,0,1098,0,NaN,0.000118219844,NaN,NaN,0.001491000214,NaN
1,0,1083.000000000000,0.014773776547,1083,0,1083,0,NaN,0.000134454026,NaN,NaN,0.001392879476,NaN
1,0,1069.000000000000,0.008419083255,1069,0,1069,0,NaN,0.000139228148,NaN,NaN,0.001451830141,NaN
1,0,1046.000000000000,0.010516252390,1046,0,1046,0,NaN,0.000142117111,NaN,NaN,0.001478806361,NaN
1,0,1053.000000000000,0.003798670465,1053,0,1053,0,NaN,0.000142816562,NaN,NaN,0.001544735268,NaN
1,0,1055.000000000000,0.013270142180,1055,0,1055,0,NaN,0.000157571285,NaN,NaN,0.001450759310,NaN
1,3,1081.000000000000,0.005550416281,1081,0,1081,0,NaN,0.000125597732,NaN,NaN,0.001687076713,NaN
1,0,1057.000000000000,0.006622516556,1057,0,1057,0,NaN,0.000141580537,NaN,NaN,0.001734940633,NaN
1,0,1102.000000000000,0.004537205082,1102,0,1102,0,NaN,0.000140091675,NaN,NaN,0.001548919422,NaN
1,0,1105.000000000000,0.015384615385,1105,0,1105,0,NaN,0.000138551103,NaN,NaN,0.001629154439,NaN
1,0,1036.000000000000,0.008687258687,1036,0,1036,0,NaN,0.000124619372,NaN,NaN,0.001594721573,NaN
1,0,1080.000000000000,0.009259259259,1080,0,1080,0,NaN,0.000096940160,NaN,NaN,0.001625563624,NaN
1,0,1084.000000000000,0.006457564576,1084,0,1084,0,NaN,0.000111818595,NaN,NaN,0.001503863913,NaN
1,0,1001.000000000000,0.010989010989,1001,0,1001,0,NaN,0.000151748971,NaN,NaN,0.001582209220,NaN
1,0,1056.000000000000,0.009469696970,1056,0,1056,0,NaN,0.000126635439,NaN,NaN,0.001438207130,NaN
1,0,1071.000000000000,0.013071895425,1071,0,1071,0,NaN,0.000109858556,NaN,NaN,0.001541616113,NaN
1,0,1022.000000000000,0.004892367906,1022,0,1022,0,NaN,0.000124026171,NaN,NaN,0.001651187458,NaN
1,0,1098.000000000000,0.004553734062,1098,0,1098,0,NaN,0.000126899836,NaN,NaN,0.001331559341,NaN
1,0,1077.000000000000,0.007428040854,1077,0,1077,0,NaN,0.000152081686,NaN,NaN,0.001362696968,NaN
1,0,1110.000000000000,0.012612612613,1110,0,1110,0,NaN,0.000153548272,NaN,NaN,0.001624778411,NaN
1,0,1164.000000000000,0.013745704467,1164,0,1164,0,NaN,0.000156239128,NaN,NaN,0.001600948494,NaN
1,0,1157.000000000000,0.009507346586,1157,0,1157,0,NaN,0.000187255410,NaN,NaN,0.001366234496,NaN
1,0,1063.000000000000,0.002822201317,1063,0,1063,0,NaN,0.000135480032,NaN,NaN,0.001755230754,NaN
1,0,1073.000000000000,0.001863932898,1073,0,1073,0,NaN,0.000118512168,NaN,NaN,0.001556971391,NaN
1,0,1072.000000000000,0.013059701493,1072,0,1072,0,NaN,0.000126284953,NaN,NaN,0.001530742763,NaN
1,0,1086.000000000000,0.014732965009,1086,0,1086,0,NaN,0.000134700296,NaN,NaN,0.001538104529,NaN
1,0,1055.000000000000,0.006635071090,1055,0,1055,0,NaN,0.000139028246,NaN,NaN,0.001606686748,NaN
1,0,1062.000000000000,0.005649717514,1062,0,1062,0,NaN,0.000126271134,NaN,NaN,0.001670054309,NaN
1,0,1062.000000000000,0.003766478343,1062,0,1062,0,NaN,0.000120353253,NaN,NaN,0.001603384481,NaN
1,0,1082.000000000000,0.015711645102,1082,0,1082,0,NaN,0.000131112434,NaN,NaN,0.001612273200,NaN
1,0,1058.000000000000,0.010396975425,1058,0,1058,0,NaN,0.000118999281,NaN,NaN,0.001734703243,NaN
1,0,1152.000000000000,0.006944444444,1152,0,1152,0,NaN,0.000145690245,NaN,NaN,0.001378800551,NaN
1,0,1105.000000000000,0.010859728507,1105,0,1105,0,NaN,0.000146242241,NaN,NaN,0.001249087938,NaN
1,0,1111.000000000000,0.008100810081,1111,0,1111,0,NaN,0.000193227639,NaN,NaN,0.001374147864,NaN
1,0,1078.000000000000,0.012059369202,1078,0,1078,0,NaN,0.000119738662,NaN,NaN,0.001617479952,NaN
1,0,1091.000000000000,0.008249312557,1091,0,1091,0,NaN,0.000141859473,NaN,NaN,0.001470853189,NaN
1,0,1119.000000000000,0.012511170688,1119,0,1119,0,NaN,0.000132967566,NaN,NaN,0.001336378365,NaN
1,0,1025.000000000000,0.008780487805,1025,0,1025,0,NaN,0.000157430018,NaN,NaN,0.001982596655,NaN
1,0,1055.000000000000,0.007582938389,1055,0,1055,0,NaN,0.000146216096,NaN,NaN,0.001582954348,NaN
1,0,1094.000000000000,0.006398537477,1094,0,1094,0,NaN,0.000140499974,NaN,NaN,0.001461099240,NaN
1,0,1117.000000000000,0.012533572068,1117,0,1117,0,NaN,0.000164999581,NaN,NaN,0.001399783646,NaN
1,0,1120.000000000000,0.008035714286,1120,0,1120,0,NaN,0.000116463029,NaN,NaN,0.001661419088,NaN
1,0,1045.000000000000,0.007655502392,1045,0,1045,0,NaN,0.000109546021,NaN,NaN,0.001588430069,NaN
1,0,1069.000000000000,0.011225444341,1069,0,1069,0,NaN,0.000136103452,NaN,NaN,0.001327034471,NaN
1,0,1124.000000000000,0.009786476868,1124,0,1124,0,NaN,0.000133857690,NaN,NaN,0.001297019617,NaN
1,0,1097.000000000000,0.002734731085,1097,0,1097,0,NaN,0.000131275067,NaN,NaN,0.001296924899,NaN
1,0,1107.000000000000,0.003613369467,1107,0,1107,0,NaN,0.000177324847,NaN,NaN,0.001426274914,NaN
1,0,1099.000000000000,0.013648771611,1099,0,1099,0,NaN,0.000152375003,NaN,NaN,0.001397360237,NaN
1,0,301.000000000000,0.016611295681,301,0,301,0,NaN,0.000091695807,NaN,NaN,0.001120573532,NaN
STAT END
HIST START
448
   0 0
   1 0
   2 0
   3 0
   4 27
   5 1165
   6 5532
   7 8762
   8 10162
   9 10040
   10 8435
   11 6130
   12 4173
   13 3016
   14 2185
   15 1591
   16 1115
   17 919
   18 773
   19 677
   20 550
   21 450
   22 325
   23 334
   24 296
   25 250
   26 205
   27 164
   28 183
   29 149
   30 80
   31 79
   32 95
   33 83
   34 54
   35 57
   36 46
   37 28
   38 29
   39 30
   40 22
   41 25
   42 26
   43 22
   44 24
   45 25
   46 24
   47 23
   48 16
   49 15
   50 15
   51 24
   52 13
   53 12
   54 27
   55 14
   56 20
   57 23
   58 29
   59 42
   60 71
   61 118
   62 144
   63 243
   64 314
   65 360
   66 398
   67 430
   68 491
   69 496
   70 466
   71 493
   72 450
   73 364
   74 300
   75 246
   76 189
   77 159
   78 97
   79 63
   80 49
   81 35
   82 25
   83 16
   84 14
   85 25
   86 29
   87 27
   88 51
   89 62
   90 52
   91 56
   92 50
   93 53
   94 45
   95 54
   96 66
   97 47
   98 30
   99 13
   100 10
   101 7
   102 2
   103 4
   104 3
   105 1
   106 1
   107 1
   108 0
   109 4
   110 4
   111 1
   112 2
   113 0
   114 0
   115 1
   116 0
   117 2
   118 3
   119 1
   120 3
   121 1
   122 2
   123 2
   124 1
   125 2
   126 0
   127 2
   128 1
   129 1
   130 0
   131 0
   132 0
   133 0
   134 0
   135 0
   136 0
   137 0
   138 0
   139 0
   140 0
   141 0
   142 0
   143 0
   144 0
   145 0
   146 0
   147 0
   148 0
   149 0
   150 0
   151 0
   152 0
   153 0
   154 0
   155 1
   156 2
   157 0
   158 1
   159 0
   160 1
   161 0
   162 0
   163 0
   164 0
   165 0
   166 0
   167 0
   168 0
   169 0
   170 0
   171 0
   172 0
   173 0
   174 0
   175 0
   176 0
   177 0
   178 0
   179 0
   180 0
   181 0
   182 0
   183 0
   184 0
   185 0
   186 0
   187 0
   188 0
   189 0
   190 0
   191 0
   192 0
   193 0
   194 0
   195 0
   196 0
   197 0
   198 0
   199 0
   200 0
   201 0
   202 0
   203 0
   204 0
   205 0
   206 0
   207 0
   208 0
   209 0
   210 1
   211 0
   212 0
   213 0
   214 0
   215 0
   216 0
   217 0
   218 0
   219 0
   220 0
   221 0
   222 0
   223 0
   224 0
   225 0
   226 0
   227 0
   228 0
   229 0
   230 0
   231 0
   232 0
   233 0
   234 0
   235 0
   236 0
   237 0
   238 0
   239 0
   240 0
   241 0
   242 0
   243 0
   244 0
   245 0
   246 0
   247 0
   248 0
   249 0
   250 0
   251 0
   252 0
   253 0
   254 0
   255 0
   256 0
   257 0
   258 0
   259 0
   260 0
   261 0
   262 0
   263 0
   264 0
   265 0
   266 0
   267 0
   268 0
   269 0
   270 0
   271 0
   272 0
   273 0
   274 0
   275 0
   276 0
   277 0
   278 0
   279 0
   280 0
   281 0
   282 0
   283 0
   284 0
   285 0
   286 0
   287 0
   288 0
   289 0
   290 0
   291 0
   292 0
   293 0
   294 0
   295 0
   296 0
   297 0
   298 0
   299 0
   300 0
   301 0
   302 0
   303 0
   304 0
   305 0
   306 0
   307 0
   308 0
   309 0
   310 0
   311 0
   312 0
   313 0
   314 0
   315 0
   316 0
   317 0
   318 0
   319 0
   320 0
   321 0
   322 0
   323 0
   324 0
   325 0
   326 0
   327 0
   328 0
   329 0
   330 0
   331 0
   332 0
   333 0
   334 0
   335 0
   336 0
   337 0
   338 0
   339 0
   340 0
   341 0
   342 0
   343 0
   344 0
   345 0
   346 0
   347 0
   348 0
   349 0
   350 0
   351 0
   352 0
   353 0
   354 0
   355 0
   356 0
   357 0
   358 0
   359 0
   360 0
   361 0
   362 0
   363 0
   364 0
   365 0
   366 0
   367 0
   368 0
   369 0
   370 0
   371 0
   372 0
   373 0
   374 0
   375 0
   376 0
   377 0
   378 0
   379 0
   380 0
   381 0
   382 0
   383 0
   384 0
   385 0
   386 0
   387 0
   388 0
   389 0
   390 0
   391 0
   392 0
   393 0
   394 0
   395 0
   396 0
   397 0
   398 0
   399 0
   400 0
   401 0
   402 0
   403 0
   404 0
   405 0
   406 0
   407 0
   408 0
   409 0
   410 0
   411 0
   412 0
   413 0
   414 0
   415 0
   416 0
   417 0
   418 0
   419 0
   420 0
   421 0
   422 0
   423 0
   424 0
   425 0
   426 0
   427 0
   428 0
   429 0
   430 0
   431 0
   432 3
   433 0
   434 0
   435 0
   436 0
   437 0
   438 0
   439 0
   440 0
   441 0
   442 0
   443 0
   444 0
   445 0
   446 0
   447 3
HIST END
