STAT START
secs,qlen,thru,msrt,items,nset,nget,nmget,sqt,gqt,mqt,swt,gwt,mwt
1,54,4625.000000000000,NaN,0,4625,0,0,0.013895819771,NaN,NaN,0.003452001135,NaN,NaN
1,78,5744.000000000000,NaN,0,5744,0,0,0.011408988919,NaN,NaN,0.002751710487,NaN,NaN
1,69,5324.000000000000,NaN,0,5324,0,0,0.012481420967,NaN,NaN,0.002995811814,NaN,NaN
1,76,5856.000000000000,NaN,0,5856,0,0,0.011284504416,NaN,NaN,0.002729665977,NaN,NaN
1,74,6180.000000000000,NaN,0,6180,0,0,0.010375106884,NaN,NaN,0.002588080655,NaN,NaN
1,80,5639.000000000000,NaN,0,5639,0,0,0.011748408735,NaN,NaN,0.002822884126,NaN,NaN
1,69,5819.000000000000,NaN,0,5819,0,0,0.011203452757,NaN,NaN,0.002758644599,NaN,NaN
1,74,5337.000000000000,NaN,0,5337,0,0,0.012667032798,NaN,NaN,0.002994095631,NaN,NaN
1,44,5774.000000000000,NaN,0,5774,0,0,0.011531612386,NaN,NaN,0.002783485063,NaN,NaN
1,19,5703.000000000000,NaN,0,5703,0,0,0.011380618957,NaN,NaN,0.002789329868,NaN,NaN
1,80,5917.000000000000,NaN,0,5917,0,0,0.011016601859,NaN,NaN,0.002688491852,NaN,NaN
1,73,5599.000000000000,NaN,0,5599,0,0,0.012208509568,NaN,NaN,0.002866882682,NaN,NaN
1,73,5542.000000000000,NaN,0,5542,0,0,0.012141673193,NaN,NaN,0.002891154787,NaN,NaN
1,75,5955.000000000000,NaN,0,5955,0,0,0.011083096110,NaN,NaN,0.002688153671,NaN,NaN
1,80,5628.000000000000,NaN,0,5628,0,0,0.011763703622,NaN,NaN,0.002840666873,NaN,NaN
1,80,5485.000000000000,NaN,0,5485,0,0,0.012278172130,NaN,NaN,0.002912661142,NaN,NaN
1,58,5867.000000000000,NaN,0,5867,0,0,0.011258155653,NaN,NaN,0.002726987390,NaN,NaN
1,73,5493.000000000000,NaN,0,5493,0,0,0.012142890834,NaN,NaN,0.002907960567,NaN,NaN
1,80,5866.000000000000,NaN,0,5866,0,0,0.011161266209,NaN,NaN,0.002710953327,NaN,NaN
1,77,5938.000000000000,NaN,0,5938,0,0,0.010903367712,NaN,NaN,0.002686158703,NaN,NaN
1,80,5665.000000000000,NaN,0,5665,0,0,0.011496405298,NaN,NaN,0.002827850833,NaN,NaN
1,77,6040.000000000000,NaN,0,6040,0,0,0.010951342915,NaN,NaN,0.002643680025,NaN,NaN
1,59,6103.000000000000,NaN,0,6103,0,0,0.010719866977,NaN,NaN,0.002630136651,NaN,NaN
1,75,5852.000000000000,NaN,0,5852,0,0,0.011080012468,NaN,NaN,0.002718188569,NaN,NaN
1,70,5754.000000000000,NaN,0,5754,0,0,0.011767773082,NaN,NaN,0.002794973412,NaN,NaN
1,80,5815.000000000000,NaN,0,5815,0,0,0.011403976340,NaN,NaN,0.002751422149,NaN,NaN
1,73,6094.000000000000,NaN,0,6094,0,0,0.010856654611,NaN,NaN,0.002621300273,NaN,NaN
1,80,6086.000000000000,NaN,0,6086,0,0,0.010665999849,NaN,NaN,0.002620457623,NaN,NaN
1,64,5895.000000000000,NaN,0,5895,0,0,0.011331610223,NaN,NaN,0.002720480147,NaN,NaN
1,47,5940.000000000000,NaN,0,5940,0,0,0.011316861574,NaN,NaN,0.002690198761,NaN,NaN
1,78,5553.000000000000,NaN,0,5553,0,0,0.011768640605,NaN,NaN,0.002858099559,NaN,NaN
1,49,5808.000000000000,NaN,0,5808,0,0,0.011802251391,NaN,NaN,0.002773374375,NaN,NaN
1,71,6434.000000000000,NaN,0,6434,0,0,0.010088878949,NaN,NaN,0.002484512620,NaN,NaN
1,75,5242.000000000000,NaN,0,5242,0,0,0.013117695542,NaN,NaN,0.003042635325,NaN,NaN
1,80,5890.000000000000,NaN,0,5890,0,0,0.011139978378,NaN,NaN,0.002722651316,NaN,NaN
1,15,6313.000000000000,NaN,0,6313,0,0,0.010395776559,NaN,NaN,0.002534587012,NaN,NaN
1,24,5823.000000000000,NaN,0,5823,0,0,0.011252529220,NaN,NaN,0.002742797037,NaN,NaN
1,72,6040.000000000000,NaN,0,6040,0,0,0.010828687528,NaN,NaN,0.002647229163,NaN,NaN
1,80,5976.000000000000,NaN,0,5976,0,0,0.010939051568,NaN,NaN,0.002670494913,NaN,NaN
1,49,5573.000000000000,NaN,0,5573,0,0,0.012255758748,NaN,NaN,0.002877409129,NaN,NaN
1,36,6246.000000000000,NaN,0,6246,0,0,0.010584979608,NaN,NaN,0.002560850348,NaN,NaN
1,71,5949.000000000000,NaN,0,5949,0,0,0.011197081831,NaN,NaN,0.002687678451,NaN,NaN
1,76,5815.000000000000,NaN,0,5815,0,0,0.011114956813,NaN,NaN,0.002737053214,NaN,NaN
1,70,5869.000000000000,NaN,0,5869,0,0,0.011392690939,NaN,NaN,0.002737234576,NaN,NaN
1,51,5467.000000000000,NaN,0,5467,0,0,0.012272044401,NaN,NaN,0.002921805424,NaN,NaN
1,67,6020.000000000000,NaN,0,6020,0,0,0.010847130603,NaN,NaN,0.002660278209,NaN,NaN
1,70,6050.000000000000,NaN,0,6050,0,0,0.011154385702,NaN,NaN,0.002649372020,NaN,NaN
1,72,5931.000000000000,NaN,0,5931,0,0,0.011058314997,NaN,NaN,0.002687786469,NaN,NaN
1,68,5867.000000000000,NaN,0,5867,0,0,0.011200116579,NaN,NaN,0.002721709942,NaN,NaN
1,66,6117.000000000000,NaN,0,6117,0,0,0.010646886918,NaN,NaN,0.002616938635,NaN,NaN
1,66,5810.000000000000,NaN,0,5810,0,0,0.011273135822,NaN,NaN,0.002752331318,NaN,NaN
1,54,5786.000000000000,NaN,0,5786,0,0,0.011313176820,NaN,NaN,0.002763916388,NaN,NaN
1,39,5851.000000000000,NaN,0,5851,0,0,0.011347316101,NaN,NaN,0.002730596495,NaN,NaN
1,42,5805.000000000000,NaN,0,5805,0,0,0.011437135146,NaN,NaN,0.002752702401,NaN,NaN
1,73,6071.000000000000,NaN,0,6071,0,0,0.010622218306,NaN,NaN,0.002630695607,NaN,NaN
1,69,6010.000000000000,NaN,0,6010,0,0,0.010933450028,NaN,NaN,0.002672946988,NaN,NaN
1,71,6148.000000000000,NaN,0,6148,0,0,0.010411913129,NaN,NaN,0.002587280528,NaN,NaN
1,76,5669.000000000000,NaN,0,5669,0,0,0.011758471114,NaN,NaN,0.002819540667,NaN,NaN
1,66,6061.000000000000,NaN,0,6061,0,0,0.010867842217,NaN,NaN,0.002642588985,NaN,NaN
1,80,5880.000000000000,NaN,0,5880,0,0,0.011126426450,NaN,NaN,0.002710388602,NaN,NaN
1,50,5198.000000000000,NaN,0,5198,0,0,0.013222966189,NaN,NaN,0.003088775663,NaN,NaN
1,80,5431.000000000000,NaN,0,5431,0,0,0.012622063533,NaN,NaN,0.002932912856,NaN,NaN
1,77,5503.000000000000,NaN,0,5503,0,0,0.012278037684,NaN,NaN,0.002910478768,NaN,NaN
1,73,5973.000000000000,NaN,0,5973,0,0,0.011006034255,NaN,NaN,0.002681663947,NaN,NaN
1,75,6066.000000000000,NaN,0,6066,0,0,0.010755217487,NaN,NaN,0.002635393460,NaN,NaN
1,80,5649.000000000000,NaN,0,5649,0,0,0.011805362253,NaN,NaN,0.002821942441,NaN,NaN
1,29,5712.000000000000,NaN,0,5712,0,0,0.011448968632,NaN,NaN,0.002806091191,NaN,NaN
1,49,5705.000000000000,NaN,0,5705,0,0,0.011692376282,NaN,NaN,0.002804985469,NaN,NaN
1,77,6043.000000000000,NaN,0,6043,0,0,0.010819775802,NaN,NaN,0.002644206938,NaN,NaN
1,0,5553.000000000000,NaN,0,5553,0,0,0.012117381198,NaN,NaN,0.002881801679,NaN,NaN
STAT END
HIST START
954
   0 0
   1 0
   2 0
   3 0
   4 0
   5 0
   6 0
   7 0
   8 0
   9 0
   10 0
   11 6
   12 4
   13 8
   14 5
   15 8
   16 9
   17 12
   18 20
   19 24
   20 22
   21 12
   22 35
   23 26
   24 29
   25 29
   26 59
   27 77
   28 76
   29 98
   30 105
   31 127
   32 164
   33 201
   34 191
   35 243
   36 223
   37 250
   38 252
   39 325
   40 325
   41 341
   42 399
   43 421
   44 459
   45 462
   46 518
   47 574
   48 589
   49 630
   50 732
   51 758
   52 733
   53 806
   54 772
   55 811
   56 801
   57 920
   58 899
   59 914
   60 974
   61 977
   62 1058
   63 1203
   64 1090
   65 1116
   66 1129
   67 1135
   68 1251
   69 1221
   70 1293
   71 1146
   72 1146
   73 1328
   74 1291
   75 1375
   76 1330
   77 1370
   78 1509
   79 1450
   80 1566
   81 1692
   82 1613
   83 1723
   84 1867
   85 1898
   86 1946
   87 2068
   88 2230
   89 2231
   90 2526
   91 2572
   92 2634
   93 2829
   94 2956
   95 3057
   96 3129
   97 3448
   98 3465
   99 3917
   100 3887
   101 3925
   102 3854
   103 3884
   104 3916
   105 3797
   106 3895
   107 3625
   108 3772
   109 3755
   110 3712
   111 3639
   112 3621
   113 3556
   114 3664
   115 3739
   116 3692
   117 3653
   118 3619
   119 3370
   120 3430
   121 3355
   122 3327
   123 3166
   124 3078
   125 2918
   126 2904
   127 2825
   128 2763
   129 2839
   130 2767
   131 2861
   132 2676
   133 2794
   134 2779
   135 2875
   136 2812
   137 2856
   138 2816
   139 2644
   140 2687
   141 2773
   142 2663
   143 2822
   144 2773
   145 2898
   146 2915
   147 2836
   148 2869
   149 2816
   150 2932
   151 2785
   152 2871
   153 2635
   154 2667
   155 2635
   156 2578
   157 2517
   158 2480
   159 2491
   160 2357
   161 2374
   162 2210
   163 2279
   164 2220
   165 2126
   166 2187
   167 1960
   168 2065
   169 2018
   170 1998
   171 1887
   172 1802
   173 1827
   174 1824
   175 1749
   176 1729
   177 1624
   178 1619
   179 1622
   180 1560
   181 1558
   182 1500
   183 1549
   184 1477
   185 1403
   186 1451
   187 1375
   188 1468
   189 1483
   190 1461
   191 1456
   192 1447
   193 1451
   194 1588
   195 1639
   196 1737
   197 1886
   198 1962
   199 1947
   200 1865
   201 1910
   202 1857
   203 1921
   204 1749
   205 1792
   206 1686
   207 1597
   208 1500
   209 1462
   210 1426
   211 1305
   212 1246
   213 1188
   214 1210
   215 1154
   216 1124
   217 1064
   218 938
   219 906
   220 953
   221 926
   222 869
   223 843
   224 784
   225 713
   226 668
   227 637
   228 645
   229 694
   230 573
   231 607
   232 510
   233 523
   234 463
   235 460
   236 434
   237 470
   238 437
   239 407
   240 347
   241 319
   242 298
   243 369
   244 308
   245 292
   246 259
   247 286
   248 282
   249 280
   250 273
   251 244
   252 221
   253 199
   254 194
   255 250
   256 204
   257 218
   258 207
   259 166
   260 193
   261 217
   262 209
   263 209
   264 210
   265 201
   266 220
   267 219
   268 210
   269 206
   270 214
   271 195
   272 187
   273 165
   274 185
   275 186
   276 229
   277 223
   278 185
   279 197
   280 187
   281 191
   282 172
   283 189
   284 214
   285 159
   286 161
   287 157
   288 168
   289 140
   290 145
   291 133
   292 142
   293 152
   294 149
   295 135
   296 162
   297 143
   298 151
   299 158
   300 131
   301 141
   302 129
   303 120
   304 129
   305 101
   306 124
   307 100
   308 86
   309 74
   310 66
   311 87
   312 104
   313 67
   314 62
   315 66
   316 71
   317 61
   318 52
   319 61
   320 62
   321 48
   322 55
   323 50
   324 49
   325 42
   326 56
   327 59
   328 73
   329 56
   330 33
   331 49
   332 42
   333 55
   334 59
   335 59
   336 49
   337 42
   338 39
   339 36
   340 34
   341 41
   342 21
   343 28
   344 27
   345 25
   346 29
   347 33
   348 31
   349 27
   350 24
   351 20
   352 21
   353 28
   354 22
   355 12
   356 35
   357 21
   358 29
   359 24
   360 20
   361 27
   362 23
   363 27
   364 13
   365 15
   366 19
   367 31
   368 34
   369 15
   370 18
   371 17
   372 15
   373 22
   374 18
   375 17
   376 17
   377 17
   378 15
   379 26
   380 21
   381 11
   382 10
   383 9
   384 15
   385 5
   386 13
   387 9
   388 17
   389 10
   390 8
   391 2
   392 7
   393 7
   394 10
   395 11
   396 5
   397 13
   398 22
   399 27
   400 19
   401 15
   402 17
   403 4
   404 14
   405 7
   406 13
   407 5
   408 15
   409 13
   410 11
   411 10
   412 6
   413 13
   414 6
   415 10
   416 7
   417 10
   418 12
   419 5
   420 5
   421 9
   422 8
   423 7
   424 2
   425 4
   426 1
   427 7
   428 1
   429 4
   430 7
   431 6
   432 3
   433 4
   434 7
   435 2
   436 3
   437 9
   438 1
   439 4
   440 5
   441 2
   442 3
   443 4
   444 3
   445 0
   446 0
   447 0
   448 3
   449 3
   450 1
   451 1
   452 0
   453 1
   454 0
   455 1
   456 2
   457 1
   458 0
   459 2
   460 3
   461 2
   462 0
   463 3
   464 3
   465 3
   466 1
   467 3
   468 2
   469 1
   470 0
   471 2
   472 1
   473 2
   474 0
   475 0
   476 0
   477 2
   478 4
   479 1
   480 1
   481 5
   482 1
   483 3
   484 0
   485 0
   486 1
   487 0
   488 0
   489 0
   490 2
   491 0
   492 0
   493 2
   494 1
   495 0
   496 0
   497 1
   498 0
   499 0
   500 1
   501 0
   502 1
   503 0
   504 0
   505 0
   506 0
   507 1
   508 1
   509 0
   510 3
   511 1
   512 1
   513 0
   514 1
   515 0
   516 2
   517 1
   518 0
   519 2
   520 2
   521 1
   522 0
   523 0
   524 0
   525 0
   526 0
   527 2
   528 1
   529 1
   530 1
   531 0
   532 1
   533 1
   534 1
   535 1
   536 2
   537 1
   538 0
   539 1
   540 1
   541 0
   542 1
   543 3
   544 1
   545 0
   546 0
   547 0
   548 1
   549 1
   550 1
   551 2
   552 1
   553 0
   554 0
   555 1
   556 0
   557 1
   558 0
   559 0
   560 0
   561 0
   562 1
   563 1
   564 1
   565 0
   566 1
   567 2
   568 1
   569 0
   570 0
   571 2
   572 0
   573 2
   574 1
   575 0
   576 2
   577 3
   578 0
   579 1
   580 1
   581 5
   582 1
   583 0
   584 2
   585 0
   586 2
   587 0
   588 0
   589 0
   590 1
   591 0
   592 1
   593 1
   594 2
   595 2
   596 1
   597 2
   598 2
   599 1
   600 1
   601 0
   602 1
   603 4
   604 1
   605 0
   606 1
   607 0
   608 0
   609 2
   610 3
   611 1
   612 1
   613 0
   614 1
   615 0
   616 1
   617 0
   618 1
   619 2
   620 0
   621 3
   622 0
   623 1
   624 0
   625 2
   626 0
   627 0
   628 1
   629 0
   630 0
   631 0
   632 1
   633 0
   634 1
   635 0
   636 1
   637 0
   638 1
   639 0
   640 0
   641 0
   642 0
   643 2
   644 0
   645 0
   646 0
   647 0
   648 0
   649 0
   650 1
   651 0
   652 0
   653 0
   654 1
   655 0
   656 1
   657 0
   658 0
   659 0
   660 0
   661 1
   662 0
   663 0
   664 0
   665 0
   666 0
   667 0
   668 0
   669 2
   670 0
   671 2
   672 0
   673 0
   674 3
   675 0
   676 1
   677 1
   678 3
   679 0
   680 0
   681 1
   682 0
   683 3
   684 1
   685 0
   686 1
   687 1
   688 1
   689 2
   690 1
   691 0
   692 0
   693 0
   694 1
   695 0
   696 1
   697 0
   698 1
   699 0
   700 2
   701 0
   702 2
   703 1
   704 1
   705 0
   706 0
   707 0
   708 0
   709 0
   710 0
   711 0
   712 0
   713 2
   714 0
   715 3
   716 0
   717 1
   718 0
   719 1
   720 0
   721 0
   722 0
   723 0
   724 0
   725 0
   726 0
   727 0
   728 0
   729 0
   730 0
   731 0
   732 3
   733 0
   734 0
   735 0
   736 0
   737 0
   738 0
   739 0
   740 0
   741 1
   742 0
   743 2
   744 0
   745 2
   746 0
   747 0
   748 1
   749 0
   750 1
   751 0
   752 1
   753 1
   754 1
   755 4
   756 0
   757 1
   758 1
   759 0
   760 0
   761 0
   762 2
   763 1
   764 1
   765 0
   766 1
   767 0
   768 0
   769 0
   770 0
   771 0
   772 0
   773 2
   774 0
   775 0
   776 0
   777 0
   778 0
   779 0
   780 2
   781 0
   782 0
   783 1
   784 0
   785 0
   786 0
   787 0
   788 0
   789 0
   790 0
   791 0
   792 0
   793 0
   794 0
   795 0
   796 0
   797 0
   798 0
   799 0
   800 0
   801 0
   802 0
   803 0
   804 0
   805 0
   806 0
   807 0
   808 0
   809 0
   810 0
   811 1
   812 0
   813 0
   814 0
   815 0
   816 0
   817 0
   818 0
   819 0
   820 0
   821 0
   822 0
   823 0
   824 0
   825 1
   826 0
   827 0
   828 0
   829 0
   830 1
   831 0
   832 0
   833 0
   834 0
   835 0
   836 0
   837 0
   838 0
   839 0
   840 0
   841 0
   842 0
   843 0
   844 0
   845 0
   846 0
   847 0
   848 0
   849 0
   850 0
   851 0
   852 0
   853 0
   854 1
   855 0
   856 0
   857 0
   858 0
   859 0
   860 0
   861 0
   862 0
   863 1
   864 0
   865 0
   866 0
   867 0
   868 0
   869 0
   870 0
   871 0
   872 0
   873 0
   874 0
   875 0
   876 0
   877 0
   878 0
   879 0
   880 0
   881 0
   882 0
   883 0
   884 0
   885 0
   886 0
   887 0
   888 0
   889 0
   890 0
   891 0
   892 0
   893 0
   894 0
   895 0
   896 0
   897 0
   898 0
   899 0
   900 0
   901 0
   902 0
   903 0
   904 0
   905 0
   906 0
   907 0
   908 0
   909 0
   910 0
   911 0
   912 0
   913 0
   914 0
   915 0
   916 0
   917 0
   918 0
   919 0
   920 0
   921 0
   922 0
   923 0
   924 0
   925 0
   926 0
   927 0
   928 0
   929 0
   930 0
   931 0
   932 0
   933 0
   934 0
   935 0
   936 0
   937 0
   938 0
   939 0
   940 0
   941 0
   942 0
   943 0
   944 0
   945 0
   946 0
   947 0
   948 0
   949 0
   950 0
   951 0
   952 0
   953 1
HIST END
