[7l----total-cpu-usage---- -dsk/total- -net/total- ---paging-- ---system--
usr sys idl wai hiq siq| read  writ| recv  send|  in   out | int   csw 
  2   2  94   1   0   2|  17k  123k|   0     0 |   0     0 | 409  1635 
  4   6  88   0   0   2|   0     0 |  25M  902k|   0     0 | 385  1669 
  4   4  88   0   0   4|   0     0 |  24M  862k|   0     0 | 434  1623 
  2   5  89   0   0   4|   0     0 |  24M  859k|   0     0 | 394  1624 
  5   5  89   0   0   2|   0     0 |  24M  859k|   0     0 | 456  1685 
  3   5  88   0   0   4|   0     0 |  24M  862k|   0     0 | 391  1627 
  4   5  89   0   0   2|   0     0 |  24M  859k|   0     0 | 406  1631 
  2   7  89   0   0   3|   0     0 |  24M  859k|   0     0 | 348  1659 
  4   5  88   0   0   4|   0     0 |  24M  862k|   0     0 | 380  1678 
  5   5  88   0   0   2|   0     0 |  24M  859k|   0     0 | 305  1673 
  2   6  89   0   0   4|   0     0 |  24M  859k|   0     0 | 360  1651 
  3   4  91   0   0   2|   0     0 |  24M  859k|   0     0 | 321  1621 
  3   6  90   0   0   2|   0     0 |  24M  862k|   0     0 | 373  1589 
  3   5  89   0   0   3|   0     0 |  24M  859k|   0     0 | 348  1596 
  4   4  90   0   0   2|   0     0 |  24M  859k|   0     0 | 345  1638 
  2   8  88   1   0   2|   0    48k|  24M  874k|   0     0 | 353  1715 
  1   7  90   0   0   2|   0     0 |  24M  859k|   0     0 | 411  1582 
  3   6  88   0   0   3|   0     0 |  24M  859k|   0     0 | 392  1570 
  4   7  86   0   0   4|   0     0 |  24M  862k|   0     0 | 347  1600 
  3   7  86   0   0   4|   0     0 |  24M  859k|   0     0 | 372  1591 
  3   6  88   0   0   4|   0     0 |  24M  859k|   0     0 | 297  1508 
  3   7  87   0   0   3|   0     0 |  24M  862k|   0     0 | 331  1591 
  2   5  88   0   0   5|   0     0 |  24M  855k|   0     0 | 344  1540 
  3   5  90   0   0   2|   0     0 |  24M  864k|   0     0 | 317  1497 
  4   7  85   0   0   4|   0     0 |  24M  868k|   0     0 | 339  1558 
  1   6  90   0   0   3|   0     0 |  24M  859k|   0     0 | 346  1501 
  3   4  90   0   0   3|   0     0 |  24M  859k|   0     0 | 396  1532 
  4   5  88   0   0   4|   0     0 |  24M  862k|   0     0 | 352  1579 
  3   5  89   0   0   3|   0     0 |  24M  859k|   0     0 | 380  1541 
  2   6  91   0   0   2|   0     0 |  24M  859k|   0     0 | 316  1576 
  3   6  86   0   0   5|   0     0 |  24M  862k|   0     0 | 322  1585 
  4   6  87   0   0   3|   0  8192B|  24M  858k|   0     0 | 372  1647 
  3   6  89   0   0   3|   0     0 |  24M  860k|   0     0 | 302  1657 
  4   5  88   0   0   3|   0     0 |  24M  862k|   0     0 | 235  1635 
  4   6  87   0   0   4|   0     0 |  24M  859k|   0     0 | 333  1572 
  3   6  89   0   0   3|   0     0 |  25M  871k|   0     0 | 244  1535 
  4   5  87   0   0   5|   0    40k|  24M  864k|   0     0 | 319  1626 
  3   6  89   0   0   3|   0     0 |  24M  859k|   0     0 | 322  1506 
  3   5  89   0   0   3|   0     0 |  24M  866k|   0     0 | 244  1554 
  4   6  86   0   0   4|   0     0 |  24M  860k|   0     0 | 384  1609 
  4   7  88   0   0   2|   0     0 |  24M  861k|   0     0 | 303  1600 
  4   6  89   0   0   2|   0     0 |  24M  859k|   0     0 | 289  1542 
  3   6  87   0   0   4|   0     0 |  24M  862k|   0     0 | 338  1710 
  3   5  89   0   0   4|   0     0 |  24M  859k|   0     0 | 332  1604 
  3   8  87   0   0   3|   0     0 |  24M  858k|   0     0 | 303  1613 
  4   7  88   0   0   2|   0     0 |  24M  863k|   0     0 | 370  1564 
  4   4  88   1   0   4|   0    20k|  24M  866k|   0     0 | 328  1581 
  3   5  90   0   0   2|   0     0 |  24M  866k|   0     0 | 323  1609 
  5   5  87   0   0   3|   0     0 |  24M  869k|   0     0 | 370  1603 
  3   7  86   0   0   4|   0     0 |  24M  859k|   0     0 | 384  1585 
  3   5  89   0   0   3|   0     0 |  24M  860k|   0     0 | 290  1591 
  4   5  88   0   0   4|   0     0 |  24M  861k|   0     0 | 294  1614 
  3   5  89   0   0   3|   0     0 |  24M  860k|   0     0 | 285  1630 
  4   6  88   0   0   3|   0     0 |  24M  858k|   0     0 | 330  1531 
  4   5  87   0   0   5|   0     0 |  24M  863k|   0     0 | 392  1655 
  2   8  88   0   0   2|   0     0 |  24M  858k|   0     0 | 338  1483 
  4   6  87   0   0   3|   0     0 |  24M  859k|   0     0 | 316  1442 
  4   5  88   0   0   4|   0     0 |  24M  862k|   0     0 | 345  1518 
  3   5  89   0   0   3|   0     0 |  24M  859k|   0     0 | 312  1513 
  3   5  88   0   0   4|   0     0 |  24M  859k|   0     0 | 360  1622 
  4   5  87   0   0   4|   0     0 |  24M  862k|   0     0 | 333  1573 
  4   5  86   0   0   5|   0     0 |  24M  859k|   0     0 | 338  1573 
  4   6  86   0   0   4|   0     0 |  24M  858k|   0     0 | 303  1556 
  4   6  86   0   0   4|   0     0 |  24M  862k|   0     0 | 359  1637 
  3   6  88   0   0   4|   0     0 |  24M  860k|   0     0 | 360  1546 
  3   6  88   0   0   3|   0     0 |  24M  858k|   0     0 | 347  1525 
  5   5  86   0   0   4|   0     0 |  24M  864k|   0     0 | 357  1553 
  2   7  88   0   0   4|   0    16k|  24M  857k|   0     0 | 357  1522 
  3   5  90   0   0   2|   0     0 |  24M  859k|   0     0 | 292  1560 
  4   5  86   0   0   5|   0     0 |  24M  862k|   0     0 | 359  1529 
  3   5  88   0   0   4|   0     0 |  24M  859k|   0     0 | 356  1640 
  3   5  90   0   0   2|   0     0 |  24M  858k|   0     0 | 373  1549 
  3   6  87   0   0   4|   0     0 |  24M  861k|   0     0 | 312  1574 
  3   4  91   0   0   3|   0     0 |  24M  861k|   0     0 | 347  1568 
  3   6  88   0   0   4|   0     0 |  24M  859k|   0     0 | 358  1540 
  3   6  88   0   0   3|   0     0 |  24M  869k|   0     0 | 404  1707 
  2   5  86   1   0   6|   0    36k|  24M  858k|   0     0 | 277  1593 
  4   4  87   0   0   6|   0     0 |  24M  864k|   0     0 | 255  1559 
  3   5  90   0   0   2|   0    24k|  24M  865k|   0     0 | 326  1548 
  3   7  88   0   0   2|   0     0 |  24M  859k|   0     0 | 384  1560 
  3   6  89   0   0   3|   0     0 |  24M  859k|   0     0 | 401  1592 
  2   5  90   0   0   3|   0     0 |  24M  869k|   0     0 | 368  1616 
  3   5  88   0   0   4|   0     0 |  24M  857k|   0     0 | 325  1524 
  3   6  89   0   0   3|   0     0 |  24M  860k|   0     0 | 347  1523 
  2   7  86   0   0   6|   0     0 |  24M  863k|   0     0 | 310  1535 
  4   7  87   0   0   3|   0     0 |  24M  866k|   0     0 | 298  1563 
  3   5  89   0   0   3|   0     0 |  24M  857k|   0     0 | 310  1456 
  2   5  89   0   0   5|   0     0 |  24M  863k|   0     0 | 291  1509 
  3   7  88   0   0   3|   0     0 |  24M  859k|   0     0 | 311  1476 
  2   6  88   0   0   4|   0     0 |  24M  859k|   0     0 | 314  1575 
  3   6  87   0   0   4|   0     0 |  24M  862k|   0     0 | 318  1523 
  2   7  88   0   0   4|   0     0 |  24M  858k|   0     0 | 335  1574 
  3   5  86   0   0   5|   0     0 |  24M  860k|   0     0 | 337  1563 
  3   5  90   0   0   3|   0     0 |  24M  861k|   0     0 | 349  1550 
  4   5  88   0   0   3|   0     0 |  24M  859k|   0     0 | 363  1617 
  3   5  89   0   0   3|   0     0 |  24M  859k|   0     0 | 232  1586 
  3   5  88   0   0   5|   0     0 |  24M  862k|   0     0 | 350  1598 
  3   5  90   0   0   3|   0     0 |  24M  859k|   0     0 | 299  1601 
  4   5  89   0   0   3|   0  8192B|  24M  859k|   0     0 | 265  1559 
  3   7  88   0   0   3|   0     0 |  24M  862k|   0     0 | 369  1616 
  4   5  89   0   0   2|   0     0 |  21M  742k|   0     0 | 299  1438 
