STAT START
secs,qlen,thru,msrt,items,nset,nget,nmget,sqt,gqt,mqt,swt,gwt,mwt
1,0,264.000000000000,NaN,0,264,0,0,0.000166739788,NaN,NaN,0.004728270989,NaN,NaN
1,0,465.000000000000,NaN,0,465,0,0,0.000095651822,NaN,NaN,0.004168573484,NaN,NaN
1,0,491.000000000000,NaN,0,491,0,0,0.000088468403,NaN,NaN,0.003640150534,NaN,NaN
1,0,441.000000000000,NaN,0,441,0,0,0.000069438018,NaN,NaN,0.004493440027,NaN,NaN
1,0,506.000000000000,NaN,0,506,0,0,0.000094485126,NaN,NaN,0.003651412834,NaN,NaN
1,0,510.000000000000,NaN,0,510,0,0,0.000113059675,NaN,NaN,0.003672982682,NaN,NaN
1,0,517.000000000000,NaN,0,517,0,0,0.000066450611,NaN,NaN,0.003746887485,NaN,NaN
1,0,507.000000000000,NaN,0,507,0,0,0.000070807469,NaN,NaN,0.003434757110,NaN,NaN
1,0,529.000000000000,NaN,0,529,0,0,0.000059056482,NaN,NaN,0.003560436125,NaN,NaN
1,0,499.000000000000,NaN,0,499,0,0,0.000071765106,NaN,NaN,0.003841786465,NaN,NaN
1,0,503.000000000000,NaN,0,503,0,0,0.000085138097,NaN,NaN,0.003834919169,NaN,NaN
1,1,529.000000000000,NaN,0,529,0,0,0.000056667204,NaN,NaN,0.003766379023,NaN,NaN
1,0,510.000000000000,NaN,0,510,0,0,0.000079508651,NaN,NaN,0.003727081431,NaN,NaN
1,0,505.000000000000,NaN,0,505,0,0,0.000077907865,NaN,NaN,0.003693319903,NaN,NaN
1,0,510.000000000000,NaN,0,510,0,0,0.000070382727,NaN,NaN,0.003669249986,NaN,NaN
1,0,514.000000000000,NaN,0,514,0,0,0.000074608292,NaN,NaN,0.003647373267,NaN,NaN
1,0,483.000000000000,NaN,0,483,0,0,0.000071220810,NaN,NaN,0.004166480787,NaN,NaN
1,0,470.000000000000,NaN,0,470,0,0,0.000102439583,NaN,NaN,0.004412846936,NaN,NaN
1,0,498.000000000000,NaN,0,498,0,0,0.000075569137,NaN,NaN,0.004136169691,NaN,NaN
1,0,520.000000000000,NaN,0,520,0,0,0.000089407794,NaN,NaN,0.003454957752,NaN,NaN
1,0,507.000000000000,NaN,0,507,0,0,0.000086475724,NaN,NaN,0.003574217966,NaN,NaN
1,0,513.000000000000,NaN,0,513,0,0,0.000079443682,NaN,NaN,0.003567103819,NaN,NaN
1,0,525.000000000000,NaN,0,525,0,0,0.000067671771,NaN,NaN,0.003584638387,NaN,NaN
1,0,537.000000000000,NaN,0,537,0,0,0.000051566639,NaN,NaN,0.003441978426,NaN,NaN
1,0,545.000000000000,NaN,0,545,0,0,0.000070311640,NaN,NaN,0.003333178580,NaN,NaN
1,0,555.000000000000,NaN,0,555,0,0,0.000060523858,NaN,NaN,0.003377823193,NaN,NaN
1,0,519.000000000000,NaN,0,519,0,0,0.000079752680,NaN,NaN,0.003682328484,NaN,NaN
1,0,514.000000000000,NaN,0,514,0,0,0.000100801914,NaN,NaN,0.003736262901,NaN,NaN
1,0,509.000000000000,NaN,0,509,0,0,0.000060152000,NaN,NaN,0.003756029841,NaN,NaN
1,0,522.000000000000,NaN,0,522,0,0,0.000062264002,NaN,NaN,0.003657970209,NaN,NaN
1,0,548.000000000000,NaN,0,548,0,0,0.000071246314,NaN,NaN,0.003614241458,NaN,NaN
1,0,533.000000000000,NaN,0,533,0,0,0.000073432402,NaN,NaN,0.003251211910,NaN,NaN
1,0,512.000000000000,NaN,0,512,0,0,0.000067331363,NaN,NaN,0.003672330660,NaN,NaN
1,0,541.000000000000,NaN,0,541,0,0,0.000081482793,NaN,NaN,0.003487695902,NaN,NaN
1,0,528.000000000000,NaN,0,528,0,0,0.000076703049,NaN,NaN,0.003549908828,NaN,NaN
1,0,486.000000000000,NaN,0,486,0,0,0.000164532500,NaN,NaN,0.003924028132,NaN,NaN
1,0,503.000000000000,NaN,0,503,0,0,0.000062137507,NaN,NaN,0.003902741127,NaN,NaN
1,0,533.000000000000,NaN,0,533,0,0,0.000067154790,NaN,NaN,0.003674834614,NaN,NaN
1,0,525.000000000000,NaN,0,525,0,0,0.000060374623,NaN,NaN,0.003759032861,NaN,NaN
1,0,531.000000000000,NaN,0,531,0,0,0.000064502548,NaN,NaN,0.003735791347,NaN,NaN
1,0,578.000000000000,NaN,0,578,0,0,0.000059866535,NaN,NaN,0.003277502533,NaN,NaN
1,0,494.000000000000,NaN,0,494,0,0,0.000064708081,NaN,NaN,0.003751267680,NaN,NaN
1,0,483.000000000000,NaN,0,483,0,0,0.000058461503,NaN,NaN,0.004167911244,NaN,NaN
1,0,511.000000000000,NaN,0,511,0,0,0.000108653033,NaN,NaN,0.003950025920,NaN,NaN
1,0,540.000000000000,NaN,0,540,0,0,0.000073893517,NaN,NaN,0.003420134209,NaN,NaN
1,0,536.000000000000,NaN,0,536,0,0,0.000065702591,NaN,NaN,0.003579549194,NaN,NaN
1,0,515.000000000000,NaN,0,515,0,0,0.000052252955,NaN,NaN,0.003873929483,NaN,NaN
1,0,500.000000000000,NaN,0,500,0,0,0.000075728704,NaN,NaN,0.004014294024,NaN,NaN
1,0,567.000000000000,NaN,0,567,0,0,0.000055895422,NaN,NaN,0.003206664947,NaN,NaN
1,0,540.000000000000,NaN,0,540,0,0,0.000086633481,NaN,NaN,0.003363847404,NaN,NaN
1,1,534.000000000000,NaN,0,534,0,0,0.000065409322,NaN,NaN,0.003680489221,NaN,NaN
1,0,516.000000000000,NaN,0,516,0,0,0.000065567911,NaN,NaN,0.003745443421,NaN,NaN
1,0,500.000000000000,NaN,0,500,0,0,0.000064776032,NaN,NaN,0.003946404870,NaN,NaN
1,0,512.000000000000,NaN,0,512,0,0,0.000056817850,NaN,NaN,0.003716715332,NaN,NaN
1,0,544.000000000000,NaN,0,544,0,0,0.000078685982,NaN,NaN,0.003424695678,NaN,NaN
1,0,517.000000000000,NaN,0,517,0,0,0.000059298961,NaN,NaN,0.003665466290,NaN,NaN
1,0,518.000000000000,NaN,0,518,0,0,0.000078320301,NaN,NaN,0.003642604736,NaN,NaN
1,0,530.000000000000,NaN,0,530,0,0,0.000113502496,NaN,NaN,0.003610563628,NaN,NaN
1,0,547.000000000000,NaN,0,547,0,0,0.000068260042,NaN,NaN,0.003147147159,NaN,NaN
1,0,494.000000000000,NaN,0,494,0,0,0.000071578719,NaN,NaN,0.003666523769,NaN,NaN
1,0,481.000000000000,NaN,0,481,0,0,0.000070165805,NaN,NaN,0.004049508279,NaN,NaN
1,0,503.000000000000,NaN,0,503,0,0,0.000103481744,NaN,NaN,0.004057195435,NaN,NaN
1,2,515.000000000000,NaN,0,515,0,0,0.000094462777,NaN,NaN,0.003870035746,NaN,NaN
1,0,500.000000000000,NaN,0,500,0,0,0.000078399156,NaN,NaN,0.004110687784,NaN,NaN
1,0,515.000000000000,NaN,0,515,0,0,0.000062255759,NaN,NaN,0.004088746295,NaN,NaN
1,0,491.000000000000,NaN,0,491,0,0,0.000075007379,NaN,NaN,0.004239218401,NaN,NaN
1,0,527.000000000000,NaN,0,527,0,0,0.000070461543,NaN,NaN,0.003717435778,NaN,NaN
1,0,543.000000000000,NaN,0,543,0,0,0.000075053814,NaN,NaN,0.003379662153,NaN,NaN
1,0,512.000000000000,NaN,0,512,0,0,0.000058238602,NaN,NaN,0.003879701416,NaN,NaN
1,0,519.000000000000,NaN,0,519,0,0,0.000084154738,NaN,NaN,0.003513001385,NaN,NaN
1,0,162.000000000000,NaN,0,162,0,0,0.000056831691,NaN,NaN,0.003268180302,NaN,NaN
STAT END
HIST START
259
   0 0
   1 0
   2 0
   3 0
   4 0
   5 0
   6 0
   7 0
   8 0
   9 0
   10 0
   11 0
   12 16
   13 104
   14 449
   15 1054
   16 1650
   17 2043
   18 2271
   19 2296
   20 2067
   21 1887
   22 1716
   23 1369
   24 1191
   25 993
   26 920
   27 787
   28 619
   29 602
   30 485
   31 427
   32 406
   33 320
   34 294
   35 247
   36 227
   37 193
   38 165
   39 169
   40 141
   41 138
   42 90
   43 83
   44 70
   45 53
   46 53
   47 55
   48 54
   49 53
   50 37
   51 47
   52 47
   53 36
   54 42
   55 30
   56 49
   57 37
   58 73
   59 118
   60 142
   61 157
   62 193
   63 269
   64 310
   65 393
   66 480
   67 541
   68 526
   69 595
   70 642
   71 600
   72 569
   73 545
   74 465
   75 395
   76 312
   77 253
   78 197
   79 159
   80 121
   81 110
   82 94
   83 66
   84 54
   85 68
   86 41
   87 46
   88 29
   89 43
   90 42
   91 35
   92 66
   93 63
   94 68
   95 76
   96 87
   97 91
   98 119
   99 181
   100 92
   101 44
   102 33
   103 33
   104 20
   105 13
   106 15
   107 8
   108 15
   109 9
   110 8
   111 10
   112 8
   113 6
   114 10
   115 6
   116 6
   117 6
   118 4
   119 3
   120 1
   121 1
   122 3
   123 4
   124 2
   125 3
   126 3
   127 4
   128 1
   129 1
   130 1
   131 6
   132 4
   133 1
   134 3
   135 2
   136 1
   137 2
   138 1
   139 3
   140 2
   141 1
   142 1
   143 0
   144 2
   145 2
   146 1
   147 1
   148 0
   149 3
   150 0
   151 1
   152 0
   153 1
   154 2
   155 2
   156 1
   157 3
   158 4
   159 1
   160 2
   161 5
   162 5
   163 2
   164 7
   165 4
   166 3
   167 5
   168 3
   169 2
   170 0
   171 1
   172 0
   173 0
   174 1
   175 0
   176 2
   177 1
   178 1
   179 0
   180 1
   181 0
   182 1
   183 0
   184 0
   185 2
   186 0
   187 0
   188 1
   189 1
   190 0
   191 0
   192 0
   193 2
   194 1
   195 0
   196 0
   197 0
   198 1
   199 2
   200 1
   201 0
   202 0
   203 0
   204 0
   205 0
   206 0
   207 0
   208 0
   209 0
   210 0
   211 0
   212 0
   213 0
   214 0
   215 0
   216 0
   217 0
   218 0
   219 0
   220 0
   221 0
   222 0
   223 0
   224 0
   225 0
   226 0
   227 0
   228 0
   229 0
   230 0
   231 0
   232 0
   233 0
   234 0
   235 0
   236 0
   237 0
   238 0
   239 0
   240 0
   241 2
   242 0
   243 0
   244 0
   245 0
   246 0
   247 0
   248 0
   249 0
   250 0
   251 0
   252 0
   253 0
   254 0
   255 0
   256 1
   257 0
   258 1
HIST END
