STAT START
secs,qlen,thru,msrt,items,nset,nget,nmget,sqt,gqt,mqt,swt,gwt,mwt
1,87,1621.000000000000,NaN,0,1621,0,0,0.047905596292,NaN,NaN,0.004821129592,NaN,NaN
1,73,1895.000000000000,NaN,0,1895,0,0,0.043508727693,NaN,NaN,0.004212881127,NaN,NaN
1,82,1995.000000000000,NaN,0,1995,0,0,0.042279458730,NaN,NaN,0.004002760229,NaN,NaN
1,88,1785.000000000000,NaN,0,1785,0,0,0.046547179311,NaN,NaN,0.004471267231,NaN,NaN
1,68,1987.000000000000,NaN,0,1987,0,0,0.041790213710,NaN,NaN,0.004034883135,NaN,NaN
1,88,1882.000000000000,NaN,0,1882,0,0,0.044076887848,NaN,NaN,0.004198240540,NaN,NaN
1,85,1874.000000000000,NaN,0,1874,0,0,0.045189017217,NaN,NaN,0.004325692796,NaN,NaN
1,88,1878.000000000000,NaN,0,1878,0,0,0.044318249565,NaN,NaN,0.004232566208,NaN,NaN
1,88,2086.000000000000,NaN,0,2086,0,0,0.039964439102,NaN,NaN,0.003840055170,NaN,NaN
1,88,1981.000000000000,NaN,0,1981,0,0,0.041728701883,NaN,NaN,0.004032674939,NaN,NaN
1,85,1966.000000000000,NaN,0,1966,0,0,0.042296512702,NaN,NaN,0.004060321333,NaN,NaN
1,88,1757.000000000000,NaN,0,1757,0,0,0.048038604002,NaN,NaN,0.004533708010,NaN,NaN
1,78,1875.000000000000,NaN,0,1875,0,0,0.044221492809,NaN,NaN,0.004281503757,NaN,NaN
1,82,1853.000000000000,NaN,0,1853,0,0,0.044731055044,NaN,NaN,0.004313465448,NaN,NaN
1,83,2114.000000000000,NaN,0,2114,0,0,0.039836879860,NaN,NaN,0.003791196346,NaN,NaN
1,87,2041.000000000000,NaN,0,2041,0,0,0.039924515663,NaN,NaN,0.003908393113,NaN,NaN
1,86,1931.000000000000,NaN,0,1931,0,0,0.043517532979,NaN,NaN,0.004145209902,NaN,NaN
1,86,1883.000000000000,NaN,0,1883,0,0,0.045105576430,NaN,NaN,0.004253323882,NaN,NaN
1,88,1935.000000000000,NaN,0,1935,0,0,0.042686692206,NaN,NaN,0.004118463609,NaN,NaN
1,88,1872.000000000000,NaN,0,1872,0,0,0.044795911951,NaN,NaN,0.004268667196,NaN,NaN
1,85,1785.000000000000,NaN,0,1785,0,0,0.046584999661,NaN,NaN,0.004475000258,NaN,NaN
1,77,1898.000000000000,NaN,0,1898,0,0,0.044389868103,NaN,NaN,0.004218562491,NaN,NaN
1,87,1853.000000000000,NaN,0,1853,0,0,0.045238002708,NaN,NaN,0.004312448699,NaN,NaN
1,83,1845.000000000000,NaN,0,1845,0,0,0.045547985740,NaN,NaN,0.004357619772,NaN,NaN
1,88,2085.000000000000,NaN,0,2085,0,0,0.039875542200,NaN,NaN,0.003826963703,NaN,NaN
1,80,2005.000000000000,NaN,0,2005,0,0,0.041507718965,NaN,NaN,0.003974954133,NaN,NaN
1,88,2249.000000000000,NaN,0,2249,0,0,0.036801243994,NaN,NaN,0.003567810011,NaN,NaN
1,82,2043.000000000000,NaN,0,2043,0,0,0.040354754604,NaN,NaN,0.003914775950,NaN,NaN
1,83,2045.000000000000,NaN,0,2045,0,0,0.041087274464,NaN,NaN,0.003918631506,NaN,NaN
1,88,1937.000000000000,NaN,0,1937,0,0,0.043030701909,NaN,NaN,0.004115219038,NaN,NaN
1,78,1899.000000000000,NaN,0,1899,0,0,0.044186869090,NaN,NaN,0.004225484733,NaN,NaN
1,88,1964.000000000000,NaN,0,1964,0,0,0.042563341931,NaN,NaN,0.004074112557,NaN,NaN
1,80,1973.000000000000,NaN,0,1973,0,0,0.042117532966,NaN,NaN,0.004024533514,NaN,NaN
1,78,2170.000000000000,NaN,0,2170,0,0,0.038409990480,NaN,NaN,0.003693104877,NaN,NaN
1,88,1961.000000000000,NaN,0,1961,0,0,0.042473832981,NaN,NaN,0.004070872581,NaN,NaN
1,88,1981.000000000000,NaN,0,1981,0,0,0.041849320243,NaN,NaN,0.004042523791,NaN,NaN
1,82,1982.000000000000,NaN,0,1982,0,0,0.041996490928,NaN,NaN,0.004054696019,NaN,NaN
1,88,1842.000000000000,NaN,0,1842,0,0,0.045059252562,NaN,NaN,0.004335466309,NaN,NaN
1,81,1869.000000000000,NaN,0,1869,0,0,0.044787127965,NaN,NaN,0.004282399500,NaN,NaN
1,87,2091.000000000000,NaN,0,2091,0,0,0.040180477765,NaN,NaN,0.003814272250,NaN,NaN
1,75,1892.000000000000,NaN,0,1892,0,0,0.044094702945,NaN,NaN,0.004243769940,NaN,NaN
1,87,1908.000000000000,NaN,0,1908,0,0,0.043675080328,NaN,NaN,0.004175310928,NaN,NaN
1,72,1926.000000000000,NaN,0,1926,0,0,0.043699055160,NaN,NaN,0.004162598604,NaN,NaN
1,87,2016.000000000000,NaN,0,2016,0,0,0.041218738742,NaN,NaN,0.003963397302,NaN,NaN
1,88,1979.000000000000,NaN,0,1979,0,0,0.042566262941,NaN,NaN,0.004039197021,NaN,NaN
1,82,1896.000000000000,NaN,0,1896,0,0,0.044299403828,NaN,NaN,0.004228608478,NaN,NaN
1,88,1963.000000000000,NaN,0,1963,0,0,0.042460755101,NaN,NaN,0.004058767767,NaN,NaN
1,88,2120.000000000000,NaN,0,2120,0,0,0.039199624593,NaN,NaN,0.003785935236,NaN,NaN
1,88,1994.000000000000,NaN,0,1994,0,0,0.041706953266,NaN,NaN,0.003990736987,NaN,NaN
1,82,2063.000000000000,NaN,0,2063,0,0,0.040556049642,NaN,NaN,0.003896787511,NaN,NaN
1,88,1994.000000000000,NaN,0,1994,0,0,0.041382390476,NaN,NaN,0.003994038087,NaN,NaN
1,87,1846.000000000000,NaN,0,1846,0,0,0.045788239998,NaN,NaN,0.004333687713,NaN,NaN
1,82,1794.000000000000,NaN,0,1794,0,0,0.046697355673,NaN,NaN,0.004470303280,NaN,NaN
1,69,1925.000000000000,NaN,0,1925,0,0,0.043080098582,NaN,NaN,0.004159622289,NaN,NaN
1,88,1904.000000000000,NaN,0,1904,0,0,0.043681320792,NaN,NaN,0.004184730318,NaN,NaN
1,88,1883.000000000000,NaN,0,1883,0,0,0.044734978626,NaN,NaN,0.004241914772,NaN,NaN
1,81,2024.000000000000,NaN,0,2024,0,0,0.041015398241,NaN,NaN,0.003974466852,NaN,NaN
1,88,2018.000000000000,NaN,0,2018,0,0,0.040760891720,NaN,NaN,0.003927050191,NaN,NaN
1,88,2047.000000000000,NaN,0,2047,0,0,0.040473547044,NaN,NaN,0.003901380815,NaN,NaN
1,78,1946.000000000000,NaN,0,1946,0,0,0.042890291869,NaN,NaN,0.004142322103,NaN,NaN
1,80,1867.000000000000,NaN,0,1867,0,0,0.044998477839,NaN,NaN,0.004288340034,NaN,NaN
1,87,1884.000000000000,NaN,0,1884,0,0,0.044158984718,NaN,NaN,0.004250484998,NaN,NaN
1,85,2048.000000000000,NaN,0,2048,0,0,0.040718815629,NaN,NaN,0.003917012186,NaN,NaN
1,88,1908.000000000000,NaN,0,1908,0,0,0.043422792688,NaN,NaN,0.004175972697,NaN,NaN
1,73,1862.000000000000,NaN,0,1862,0,0,0.044581084409,NaN,NaN,0.004294813004,NaN,NaN
1,88,1952.000000000000,NaN,0,1952,0,0,0.042753817456,NaN,NaN,0.004098125935,NaN,NaN
1,84,1855.000000000000,NaN,0,1855,0,0,0.045359613896,NaN,NaN,0.004313064699,NaN,NaN
1,84,1868.000000000000,NaN,0,1868,0,0,0.044683056960,NaN,NaN,0.004283217653,NaN,NaN
1,81,2050.000000000000,NaN,0,2050,0,0,0.040537621401,NaN,NaN,0.003901195185,NaN,NaN
1,62,1959.000000000000,NaN,0,1959,0,0,0.042930073946,NaN,NaN,0.004066737060,NaN,NaN
1,0,79.000000000000,NaN,0,79,0,0,0.030080170861,NaN,NaN,0.004146741000,NaN,NaN
STAT END
Server 0 handled 135441 requests.
SET HIST START
1241
   0 0
   1 0
   2 0
   3 0
   4 0
   5 0
   6 0
   7 0
   8 0
   9 0
   10 0
   11 0
   12 0
   13 0
   14 0
   15 0
   16 0
   17 0
   18 0
   19 0
   20 0
   21 0
   22 0
   23 0
   24 0
   25 0
   26 0
   27 0
   28 0
   29 0
   30 0
   31 0
   32 0
   33 0
   34 0
   35 0
   36 0
   37 0
   38 0
   39 0
   40 0
   41 0
   42 0
   43 0
   44 0
   45 0
   46 0
   47 0
   48 0
   49 0
   50 0
   51 0
   52 0
   53 0
   54 1
   55 0
   56 1
   57 0
   58 0
   59 0
   60 0
   61 0
   62 1
   63 0
   64 0
   65 0
   66 0
   67 0
   68 0
   69 0
   70 0
   71 0
   72 0
   73 0
   74 0
   75 0
   76 0
   77 0
   78 0
   79 0
   80 0
   81 0
   82 0
   83 1
   84 0
   85 0
   86 0
   87 0
   88 0
   89 1
   90 0
   91 0
   92 0
   93 0
   94 0
   95 0
   96 0
   97 0
   98 0
   99 0
   100 0
   101 0
   102 0
   103 0
   104 0
   105 0
   106 0
   107 3
   108 1
   109 0
   110 1
   111 0
   112 1
   113 0
   114 0
   115 0
   116 0
   117 0
   118 2
   119 1
   120 1
   121 1
   122 1
   123 0
   124 1
   125 0
   126 1
   127 1
   128 0
   129 1
   130 0
   131 2
   132 0
   133 0
   134 1
   135 0
   136 0
   137 1
   138 0
   139 2
   140 0
   141 0
   142 0
   143 0
   144 0
   145 0
   146 0
   147 0
   148 0
   149 0
   150 0
   151 0
   152 0
   153 0
   154 0
   155 0
   156 0
   157 0
   158 0
   159 0
   160 0
   161 0
   162 0
   163 0
   164 0
   165 1
   166 0
   167 0
   168 0
   169 0
   170 0
   171 0
   172 1
   173 0
   174 0
   175 0
   176 0
   177 0
   178 0
   179 0
   180 0
   181 0
   182 1
   183 0
   184 0
   185 1
   186 0
   187 0
   188 0
   189 0
   190 2
   191 1
   192 0
   193 1
   194 0
   195 0
   196 0
   197 0
   198 0
   199 0
   200 0
   201 2
   202 0
   203 0
   204 1
   205 0
   206 0
   207 0
   208 1
   209 0
   210 0
   211 3
   212 2
   213 0
   214 0
   215 0
   216 0
   217 1
   218 0
   219 0
   220 3
   221 3
   222 2
   223 0
   224 0
   225 2
   226 0
   227 3
   228 0
   229 4
   230 0
   231 2
   232 6
   233 7
   234 8
   235 8
   236 5
   237 4
   238 10
   239 4
   240 3
   241 2
   242 7
   243 11
   244 6
   245 4
   246 8
   247 9
   248 7
   249 12
   250 8
   251 8
   252 2
   253 10
   254 9
   255 21
   256 17
   257 12
   258 12
   259 11
   260 18
   261 12
   262 23
   263 21
   264 15
   265 27
   266 13
   267 22
   268 16
   269 15
   270 35
   271 19
   272 33
   273 14
   274 22
   275 27
   276 29
   277 26
   278 32
   279 29
   280 40
   281 39
   282 26
   283 31
   284 38
   285 41
   286 27
   287 40
   288 36
   289 46
   290 38
   291 49
   292 47
   293 71
   294 67
   295 46
   296 62
   297 40
   298 61
   299 71
   300 68
   301 77
   302 64
   303 59
   304 64
   305 51
   306 73
   307 86
   308 79
   309 82
   310 91
   311 94
   312 104
   313 91
   314 92
   315 138
   316 106
   317 110
   318 97
   319 111
   320 128
   321 114
   322 134
   323 130
   324 115
   325 157
   326 156
   327 161
   328 186
   329 153
   330 152
   331 157
   332 188
   333 151
   334 149
   335 181
   336 191
   337 205
   338 192
   339 203
   340 187
   341 200
   342 199
   343 236
   344 231
   345 260
   346 265
   347 248
   348 240
   349 244
   350 259
   351 268
   352 298
   353 305
   354 291
   355 294
   356 298
   357 286
   358 275
   359 334
   360 322
   361 328
   362 343
   363 314
   364 306
   365 302
   366 316
   367 306
   368 347
   369 347
   370 339
   371 397
   372 362
   373 367
   374 419
   375 448
   376 419
   377 409
   378 422
   379 443
   380 388
   381 454
   382 431
   383 482
   384 431
   385 427
   386 462
   387 481
   388 490
   389 463
   390 485
   391 498
   392 536
   393 432
   394 527
   395 534
   396 530
   397 504
   398 477
   399 500
   400 536
   401 569
   402 570
   403 562
   404 584
   405 553
   406 580
   407 636
   408 608
   409 555
   410 539
   411 533
   412 523
   413 566
   414 593
   415 648
   416 555
   417 523
   418 629
   419 599
   420 587
   421 649
   422 591
   423 606
   424 578
   425 582
   426 641
   427 593
   428 577
   429 611
   430 626
   431 616
   432 589
   433 618
   434 564
   435 576
   436 611
   437 616
   438 604
   439 578
   440 536
   441 571
   442 578
   443 619
   444 591
   445 609
   446 576
   447 652
   448 615
   449 660
   450 659
   451 679
   452 635
   453 637
   454 632
   455 645
   456 674
   457 622
   458 650
   459 650
   460 605
   461 652
   462 647
   463 588
   464 727
   465 652
   466 677
   467 743
   468 764
   469 725
   470 675
   471 644
   472 692
   473 746
   474 689
   475 661
   476 717
   477 706
   478 691
   479 682
   480 648
   481 613
   482 726
   483 668
   484 669
   485 643
   486 700
   487 634
   488 680
   489 686
   490 651
   491 649
   492 679
   493 707
   494 612
   495 631
   496 609
   497 592
   498 636
   499 592
   500 536
   501 518
   502 533
   503 549
   504 548
   505 628
   506 566
   507 565
   508 557
   509 535
   510 542
   511 471
   512 496
   513 498
   514 517
   515 483
   516 530
   517 531
   518 531
   519 502
   520 496
   521 481
   522 514
   523 452
   524 411
   525 439
   526 466
   527 453
   528 436
   529 484
   530 489
   531 409
   532 385
   533 400
   534 398
   535 445
   536 403
   537 397
   538 387
   539 402
   540 384
   541 383
   542 387
   543 365
   544 361
   545 384
   546 369
   547 365
   548 292
   549 378
   550 347
   551 328
   552 355
   553 345
   554 371
   555 323
   556 324
   557 390
   558 330
   559 347
   560 334
   561 302
   562 349
   563 328
   564 307
   565 305
   566 303
   567 273
   568 329
   569 258
   570 307
   571 269
   572 296
   573 278
   574 277
   575 237
   576 257
   577 274
   578 247
   579 237
   580 248
   581 208
   582 178
   583 193
   584 195
   585 214
   586 186
   587 181
   588 159
   589 163
   590 189
   591 186
   592 171
   593 183
   594 163
   595 187
   596 126
   597 147
   598 135
   599 114
   600 142
   601 139
   602 166
   603 150
   604 133
   605 122
   606 124
   607 137
   608 134
   609 125
   610 144
   611 90
   612 108
   613 122
   614 131
   615 115
   616 107
   617 125
   618 122
   619 129
   620 109
   621 108
   622 114
   623 109
   624 126
   625 98
   626 101
   627 103
   628 92
   629 96
   630 80
   631 87
   632 92
   633 86
   634 75
   635 72
   636 82
   637 66
   638 85
   639 79
   640 70
   641 91
   642 89
   643 64
   644 80
   645 81
   646 82
   647 61
   648 63
   649 69
   650 63
   651 63
   652 63
   653 62
   654 55
   655 63
   656 54
   657 43
   658 57
   659 65
   660 57
   661 67
   662 57
   663 42
   664 48
   665 49
   666 63
   667 48
   668 45
   669 55
   670 44
   671 40
   672 31
   673 30
   674 38
   675 40
   676 44
   677 37
   678 31
   679 31
   680 35
   681 43
   682 41
   683 34
   684 20
   685 36
   686 32
   687 32
   688 20
   689 26
   690 31
   691 13
   692 23
   693 24
   694 24
   695 19
   696 24
   697 18
   698 29
   699 23
   700 21
   701 24
   702 16
   703 31
   704 24
   705 43
   706 26
   707 25
   708 15
   709 19
   710 27
   711 22
   712 21
   713 21
   714 17
   715 24
   716 18
   717 15
   718 20
   719 20
   720 23
   721 34
   722 29
   723 24
   724 18
   725 17
   726 18
   727 26
   728 16
   729 24
   730 16
   731 12
   732 17
   733 30
   734 21
   735 11
   736 10
   737 12
   738 15
   739 12
   740 13
   741 18
   742 16
   743 12
   744 26
   745 17
   746 16
   747 10
   748 20
   749 13
   750 12
   751 17
   752 13
   753 16
   754 15
   755 12
   756 18
   757 23
   758 13
   759 17
   760 21
   761 11
   762 13
   763 14
   764 10
   765 15
   766 10
   767 13
   768 21
   769 12
   770 7
   771 12
   772 8
   773 3
   774 9
   775 10
   776 5
   777 12
   778 16
   779 9
   780 11
   781 9
   782 7
   783 9
   784 10
   785 4
   786 4
   787 6
   788 6
   789 8
   790 4
   791 6
   792 6
   793 7
   794 6
   795 2
   796 3
   797 3
   798 3
   799 4
   800 2
   801 8
   802 3
   803 2
   804 5
   805 10
   806 4
   807 2
   808 2
   809 4
   810 4
   811 4
   812 6
   813 0
   814 3
   815 9
   816 7
   817 4
   818 1
   819 2
   820 4
   821 1
   822 10
   823 2
   824 1
   825 3
   826 2
   827 0
   828 1
   829 1
   830 1
   831 4
   832 0
   833 3
   834 0
   835 0
   836 0
   837 0
   838 2
   839 0
   840 0
   841 2
   842 1
   843 4
   844 1
   845 1
   846 4
   847 4
   848 5
   849 1
   850 4
   851 0
   852 2
   853 1
   854 2
   855 2
   856 3
   857 2
   858 0
   859 3
   860 0
   861 1
   862 3
   863 2
   864 3
   865 5
   866 3
   867 2
   868 1
   869 1
   870 3
   871 3
   872 2
   873 0
   874 1
   875 6
   876 0
   877 1
   878 4
   879 4
   880 1
   881 3
   882 2
   883 1
   884 2
   885 0
   886 0
   887 0
   888 2
   889 0
   890 0
   891 0
   892 0
   893 2
   894 0
   895 0
   896 3
   897 2
   898 0
   899 0
   900 0
   901 0
   902 2
   903 1
   904 2
   905 1
   906 2
   907 2
   908 1
   909 1
   910 0
   911 4
   912 0
   913 0
   914 1
   915 0
   916 2
   917 3
   918 1
   919 0
   920 2
   921 3
   922 0
   923 2
   924 1
   925 1
   926 1
   927 1
   928 2
   929 0
   930 0
   931 0
   932 0
   933 1
   934 0
   935 0
   936 0
   937 1
   938 1
   939 0
   940 1
   941 0
   942 0
   943 0
   944 1
   945 0
   946 3
   947 3
   948 2
   949 0
   950 0
   951 1
   952 2
   953 1
   954 0
   955 2
   956 1
   957 0
   958 1
   959 0
   960 0
   961 2
   962 1
   963 1
   964 0
   965 0
   966 1
   967 1
   968 3
   969 4
   970 1
   971 0
   972 0
   973 0
   974 1
   975 0
   976 0
   977 4
   978 1
   979 2
   980 2
   981 0
   982 0
   983 0
   984 0
   985 0
   986 0
   987 0
   988 2
   989 1
   990 0
   991 0
   992 0
   993 0
   994 0
   995 0
   996 2
   997 1
   998 0
   999 0
   1000 0
   1001 2
   1002 0
   1003 2
   1004 0
   1005 2
   1006 2
   1007 3
   1008 3
   1009 0
   1010 1
   1011 1
   1012 1
   1013 2
   1014 0
   1015 1
   1016 0
   1017 1
   1018 0
   1019 0
   1020 1
   1021 0
   1022 0
   1023 1
   1024 0
   1025 1
   1026 0
   1027 0
   1028 0
   1029 0
   1030 0
   1031 0
   1032 0
   1033 0
   1034 0
   1035 0
   1036 0
   1037 0
   1038 0
   1039 0
   1040 0
   1041 0
   1042 0
   1043 0
   1044 0
   1045 0
   1046 0
   1047 0
   1048 0
   1049 0
   1050 0
   1051 0
   1052 1
   1053 0
   1054 0
   1055 0
   1056 0
   1057 0
   1058 0
   1059 1
   1060 0
   1061 2
   1062 0
   1063 0
   1064 0
   1065 2
   1066 1
   1067 1
   1068 1
   1069 0
   1070 3
   1071 4
   1072 2
   1073 2
   1074 0
   1075 0
   1076 0
   1077 0
   1078 1
   1079 0
   1080 0
   1081 0
   1082 0
   1083 0
   1084 1
   1085 0
   1086 0
   1087 0
   1088 0
   1089 0
   1090 0
   1091 0
   1092 0
   1093 0
   1094 0
   1095 0
   1096 0
   1097 0
   1098 0
   1099 0
   1100 0
   1101 1
   1102 0
   1103 0
   1104 0
   1105 0
   1106 0
   1107 0
   1108 0
   1109 0
   1110 0
   1111 1
   1112 0
   1113 0
   1114 1
   1115 0
   1116 0
   1117 0
   1118 0
   1119 0
   1120 0
   1121 0
   1122 0
   1123 0
   1124 0
   1125 2
   1126 0
   1127 0
   1128 1
   1129 0
   1130 1
   1131 0
   1132 0
   1133 0
   1134 0
   1135 0
   1136 0
   1137 0
   1138 0
   1139 0
   1140 0
   1141 0
   1142 0
   1143 0
   1144 0
   1145 0
   1146 0
   1147 0
   1148 0
   1149 0
   1150 0
   1151 0
   1152 0
   1153 0
   1154 0
   1155 0
   1156 0
   1157 0
   1158 0
   1159 0
   1160 0
   1161 0
   1162 0
   1163 0
   1164 0
   1165 0
   1166 0
   1167 0
   1168 0
   1169 0
   1170 0
   1171 0
   1172 0
   1173 0
   1174 0
   1175 0
   1176 0
   1177 0
   1178 0
   1179 0
   1180 0
   1181 0
   1182 0
   1183 0
   1184 0
   1185 0
   1186 0
   1187 0
   1188 0
   1189 0
   1190 0
   1191 0
   1192 0
   1193 0
   1194 0
   1195 0
   1196 0
   1197 0
   1198 0
   1199 0
   1200 0
   1201 0
   1202 0
   1203 0
   1204 0
   1205 0
   1206 0
   1207 0
   1208 0
   1209 0
   1210 0
   1211 0
   1212 0
   1213 0
   1214 0
   1215 1
   1216 0
   1217 0
   1218 0
   1219 0
   1220 0
   1221 0
   1222 0
   1223 0
   1224 0
   1225 0
   1226 0
   1227 1
   1228 0
   1229 0
   1230 2
   1231 0
   1232 0
   1233 0
   1234 0
   1235 1
   1236 0
   1237 2
   1238 0
   1239 0
   1240 1
SET HIST END
GET HIST START
0
GET HIST END
MGET HIST START
0
MGET HIST END
