STAT START
secs,qlen,thru,msrt,items,nset,nget,nmget,sqt,gqt,mqt,swt,gwt,mwt
1,79,1564.000000000000,NaN,0,1564,0,0,0.050346073874,NaN,NaN,0.004973072015,NaN,NaN
1,86,1984.000000000000,NaN,0,1984,0,0,0.042396650730,NaN,NaN,0.004012767345,NaN,NaN
1,88,1975.000000000000,NaN,0,1975,0,0,0.042878923036,NaN,NaN,0.004044047517,NaN,NaN
1,86,2032.000000000000,NaN,0,2032,0,0,0.041429378708,NaN,NaN,0.003943760713,NaN,NaN
1,87,1891.000000000000,NaN,0,1891,0,0,0.044793657356,NaN,NaN,0.004208945898,NaN,NaN
1,84,2135.000000000000,NaN,0,2135,0,0,0.039679877109,NaN,NaN,0.003752071807,NaN,NaN
1,85,1989.000000000000,NaN,0,1989,0,0,0.042290561110,NaN,NaN,0.004024421896,NaN,NaN
1,84,1820.000000000000,NaN,0,1820,0,0,0.046263517138,NaN,NaN,0.004385244485,NaN,NaN
1,88,2061.000000000000,NaN,0,2061,0,0,0.041197698934,NaN,NaN,0.003891737091,NaN,NaN
1,80,1889.000000000000,NaN,0,1889,0,0,0.044699115602,NaN,NaN,0.004219209163,NaN,NaN
1,87,2023.000000000000,NaN,0,2023,0,0,0.041325080488,NaN,NaN,0.003942412201,NaN,NaN
1,88,1949.000000000000,NaN,0,1949,0,0,0.043366485947,NaN,NaN,0.004117407079,NaN,NaN
1,81,2015.000000000000,NaN,0,2015,0,0,0.041742109463,NaN,NaN,0.003967467795,NaN,NaN
1,88,1939.000000000000,NaN,0,1939,0,0,0.043678141906,NaN,NaN,0.004114576583,NaN,NaN
1,83,1950.000000000000,NaN,0,1950,0,0,0.043218671551,NaN,NaN,0.004088855052,NaN,NaN
1,88,1900.000000000000,NaN,0,1900,0,0,0.044573163398,NaN,NaN,0.004215333472,NaN,NaN
1,87,2038.000000000000,NaN,0,2038,0,0,0.041175765171,NaN,NaN,0.003926053383,NaN,NaN
1,87,1980.000000000000,NaN,0,1980,0,0,0.043043555579,NaN,NaN,0.004050064145,NaN,NaN
1,83,2127.000000000000,NaN,0,2127,0,0,0.039791987894,NaN,NaN,0.003759666213,NaN,NaN
1,88,2013.000000000000,NaN,0,2013,0,0,0.041473754036,NaN,NaN,0.003960880747,NaN,NaN
1,83,1979.000000000000,NaN,0,1979,0,0,0.042547942230,NaN,NaN,0.004040308451,NaN,NaN
1,85,1950.000000000000,NaN,0,1950,0,0,0.043704779334,NaN,NaN,0.004106997831,NaN,NaN
1,88,1953.000000000000,NaN,0,1953,0,0,0.043227807259,NaN,NaN,0.004099624708,NaN,NaN
1,80,1897.000000000000,NaN,0,1897,0,0,0.044086820923,NaN,NaN,0.004215750834,NaN,NaN
1,79,2068.000000000000,NaN,0,2068,0,0,0.041018809973,NaN,NaN,0.003866816066,NaN,NaN
1,85,1857.000000000000,NaN,0,1857,0,0,0.045010246060,NaN,NaN,0.004282173541,NaN,NaN
1,84,2061.000000000000,NaN,0,2061,0,0,0.040987022488,NaN,NaN,0.003887033482,NaN,NaN
1,86,2079.000000000000,NaN,0,2079,0,0,0.040983214692,NaN,NaN,0.003864048083,NaN,NaN
1,88,2218.000000000000,NaN,0,2218,0,0,0.037512473663,NaN,NaN,0.003584587083,NaN,NaN
1,82,2019.000000000000,NaN,0,2019,0,0,0.041655843981,NaN,NaN,0.003980591484,NaN,NaN
1,86,2017.000000000000,NaN,0,2017,0,0,0.041604492232,NaN,NaN,0.003967611296,NaN,NaN
1,87,1948.000000000000,NaN,0,1948,0,0,0.042907782893,NaN,NaN,0.004077256441,NaN,NaN
1,86,1850.000000000000,NaN,0,1850,0,0,0.046103798490,NaN,NaN,0.004325617234,NaN,NaN
1,88,2181.000000000000,NaN,0,2181,0,0,0.038390431539,NaN,NaN,0.003677755163,NaN,NaN
1,87,1932.000000000000,NaN,0,1932,0,0,0.043832116255,NaN,NaN,0.004147171014,NaN,NaN
1,88,2030.000000000000,NaN,0,2030,0,0,0.041640104118,NaN,NaN,0.003931563204,NaN,NaN
1,88,2013.000000000000,NaN,0,2013,0,0,0.041941009623,NaN,NaN,0.003961485712,NaN,NaN
1,85,1936.000000000000,NaN,0,1936,0,0,0.043656381166,NaN,NaN,0.004135830335,NaN,NaN
1,81,1955.000000000000,NaN,0,1955,0,0,0.043337823853,NaN,NaN,0.004095112284,NaN,NaN
1,83,2036.000000000000,NaN,0,2036,0,0,0.041575698504,NaN,NaN,0.003928274858,NaN,NaN
1,85,1950.000000000000,NaN,0,1950,0,0,0.043251732964,NaN,NaN,0.004126985960,NaN,NaN
1,85,1864.000000000000,NaN,0,1864,0,0,0.045150232855,NaN,NaN,0.004267626548,NaN,NaN
1,84,1911.000000000000,NaN,0,1911,0,0,0.044008818814,NaN,NaN,0.004184771372,NaN,NaN
1,84,2056.000000000000,NaN,0,2056,0,0,0.040672416252,NaN,NaN,0.003889340849,NaN,NaN
1,88,1923.000000000000,NaN,0,1923,0,0,0.044181500524,NaN,NaN,0.004146690178,NaN,NaN
1,77,1957.000000000000,NaN,0,1957,0,0,0.043074908704,NaN,NaN,0.004091044916,NaN,NaN
1,79,1921.000000000000,NaN,0,1921,0,0,0.043562404119,NaN,NaN,0.004147148936,NaN,NaN
1,83,2055.000000000000,NaN,0,2055,0,0,0.041393067197,NaN,NaN,0.003904096256,NaN,NaN
1,88,2208.000000000000,NaN,0,2208,0,0,0.038090847019,NaN,NaN,0.003606337577,NaN,NaN
1,83,2121.000000000000,NaN,0,2121,0,0,0.039849596778,NaN,NaN,0.003792662410,NaN,NaN
1,87,1948.000000000000,NaN,0,1948,0,0,0.043151533510,NaN,NaN,0.004091764457,NaN,NaN
1,88,1958.000000000000,NaN,0,1958,0,0,0.043046986040,NaN,NaN,0.004096036286,NaN,NaN
1,84,1957.000000000000,NaN,0,1957,0,0,0.041402537612,NaN,NaN,0.004060784597,NaN,NaN
1,85,2057.000000000000,NaN,0,2057,0,0,0.042331311813,NaN,NaN,0.003897448042,NaN,NaN
1,84,2000.000000000000,NaN,0,2000,0,0,0.042008879405,NaN,NaN,0.003994362688,NaN,NaN
1,85,1895.000000000000,NaN,0,1895,0,0,0.044992618793,NaN,NaN,0.004232056018,NaN,NaN
1,86,2024.000000000000,NaN,0,2024,0,0,0.041813896199,NaN,NaN,0.003956578465,NaN,NaN
1,88,2001.000000000000,NaN,0,2001,0,0,0.041999401284,NaN,NaN,0.003980076242,NaN,NaN
1,88,1967.000000000000,NaN,0,1967,0,0,0.042898319188,NaN,NaN,0.004065588496,NaN,NaN
1,88,1905.000000000000,NaN,0,1905,0,0,0.043692785943,NaN,NaN,0.004193587646,NaN,NaN
1,70,2004.000000000000,NaN,0,2004,0,0,0.041248358830,NaN,NaN,0.004013737896,NaN,NaN
1,88,2035.000000000000,NaN,0,2035,0,0,0.041067147018,NaN,NaN,0.003914706582,NaN,NaN
1,84,1977.000000000000,NaN,0,1977,0,0,0.042255028506,NaN,NaN,0.004040451065,NaN,NaN
1,88,2001.000000000000,NaN,0,2001,0,0,0.043162620490,NaN,NaN,0.004015179123,NaN,NaN
1,81,2116.000000000000,NaN,0,2116,0,0,0.039380319253,NaN,NaN,0.003782042304,NaN,NaN
1,84,2216.000000000000,NaN,0,2216,0,0,0.037546892046,NaN,NaN,0.003599360153,NaN,NaN
1,85,2054.000000000000,NaN,0,2054,0,0,0.041409328766,NaN,NaN,0.003898505987,NaN,NaN
1,88,2215.000000000000,NaN,0,2215,0,0,0.037962871616,NaN,NaN,0.003602925166,NaN,NaN
1,83,1977.000000000000,NaN,0,1977,0,0,0.042503110722,NaN,NaN,0.004058114909,NaN,NaN
1,78,2179.000000000000,NaN,0,2179,0,0,0.038206733907,NaN,NaN,0.003672011571,NaN,NaN
1,0,93.000000000000,NaN,0,93,0,0,0.036412503935,NaN,NaN,0.003360337140,NaN,NaN
STAT END
Server 0 handled 139444 requests.
Server 1 handled 139672 requests.
Server 2 handled 139696 requests.
SET HIST START
1489
   0 0
   1 0
   2 0
   3 0
   4 0
   5 0
   6 0
   7 0
   8 0
   9 0
   10 0
   11 0
   12 0
   13 0
   14 0
   15 0
   16 0
   17 0
   18 0
   19 0
   20 0
   21 0
   22 0
   23 0
   24 0
   25 0
   26 0
   27 0
   28 0
   29 0
   30 0
   31 0
   32 0
   33 0
   34 0
   35 0
   36 0
   37 0
   38 0
   39 0
   40 0
   41 0
   42 0
   43 0
   44 0
   45 0
   46 0
   47 0
   48 0
   49 0
   50 0
   51 0
   52 0
   53 0
   54 0
   55 0
   56 0
   57 0
   58 0
   59 0
   60 0
   61 0
   62 0
   63 0
   64 1
   65 0
   66 0
   67 0
   68 0
   69 0
   70 0
   71 0
   72 0
   73 0
   74 0
   75 0
   76 0
   77 0
   78 0
   79 0
   80 0
   81 0
   82 0
   83 0
   84 1
   85 0
   86 0
   87 0
   88 0
   89 1
   90 0
   91 0
   92 0
   93 0
   94 1
   95 0
   96 0
   97 0
   98 0
   99 0
   100 0
   101 0
   102 1
   103 0
   104 0
   105 0
   106 0
   107 0
   108 0
   109 0
   110 0
   111 0
   112 1
   113 0
   114 0
   115 0
   116 0
   117 0
   118 0
   119 1
   120 0
   121 2
   122 1
   123 1
   124 0
   125 0
   126 1
   127 0
   128 0
   129 0
   130 0
   131 0
   132 1
   133 1
   134 0
   135 0
   136 0
   137 1
   138 0
   139 0
   140 0
   141 0
   142 0
   143 1
   144 0
   145 0
   146 1
   147 0
   148 0
   149 0
   150 0
   151 0
   152 0
   153 0
   154 0
   155 0
   156 1
   157 0
   158 0
   159 0
   160 0
   161 0
   162 0
   163 0
   164 0
   165 1
   166 0
   167 2
   168 0
   169 0
   170 0
   171 0
   172 0
   173 0
   174 0
   175 0
   176 0
   177 0
   178 0
   179 0
   180 1
   181 0
   182 0
   183 0
   184 0
   185 0
   186 0
   187 0
   188 0
   189 1
   190 1
   191 0
   192 0
   193 0
   194 0
   195 0
   196 0
   197 0
   198 0
   199 0
   200 0
   201 0
   202 0
   203 0
   204 0
   205 0
   206 1
   207 0
   208 0
   209 0
   210 0
   211 0
   212 0
   213 0
   214 0
   215 0
   216 0
   217 0
   218 0
   219 0
   220 0
   221 0
   222 0
   223 0
   224 0
   225 0
   226 0
   227 1
   228 1
   229 0
   230 1
   231 1
   232 0
   233 0
   234 4
   235 0
   236 0
   237 6
   238 2
   239 1
   240 0
   241 0
   242 6
   243 3
   244 3
   245 1
   246 1
   247 2
   248 6
   249 2
   250 1
   251 4
   252 7
   253 2
   254 0
   255 7
   256 2
   257 8
   258 3
   259 10
   260 4
   261 10
   262 7
   263 11
   264 5
   265 9
   266 6
   267 6
   268 7
   269 6
   270 5
   271 10
   272 7
   273 13
   274 9
   275 10
   276 22
   277 14
   278 9
   279 17
   280 15
   281 22
   282 11
   283 13
   284 15
   285 15
   286 23
   287 39
   288 22
   289 13
   290 24
   291 29
   292 26
   293 33
   294 36
   295 35
   296 30
   297 36
   298 46
   299 27
   300 33
   301 48
   302 41
   303 46
   304 47
   305 38
   306 59
   307 51
   308 65
   309 65
   310 74
   311 63
   312 81
   313 77
   314 84
   315 67
   316 93
   317 85
   318 84
   319 97
   320 92
   321 99
   322 97
   323 92
   324 121
   325 109
   326 133
   327 122
   328 137
   329 157
   330 142
   331 167
   332 193
   333 179
   334 190
   335 184
   336 214
   337 181
   338 171
   339 199
   340 195
   341 221
   342 232
   343 229
   344 240
   345 253
   346 221
   347 254
   348 282
   349 229
   350 226
   351 236
   352 284
   353 286
   354 277
   355 285
   356 293
   357 277
   358 326
   359 344
   360 338
   361 369
   362 358
   363 349
   364 351
   365 444
   366 405
   367 446
   368 374
   369 392
   370 420
   371 426
   372 437
   373 447
   374 482
   375 467
   376 453
   377 510
   378 481
   379 494
   380 546
   381 525
   382 521
   383 566
   384 534
   385 556
   386 494
   387 536
   388 582
   389 646
   390 600
   391 537
   392 634
   393 628
   394 637
   395 636
   396 632
   397 653
   398 703
   399 693
   400 667
   401 751
   402 731
   403 744
   404 695
   405 692
   406 733
   407 733
   408 726
   409 686
   410 777
   411 786
   412 698
   413 761
   414 752
   415 724
   416 753
   417 783
   418 716
   419 712
   420 738
   421 776
   422 783
   423 737
   424 728
   425 749
   426 742
   427 694
   428 730
   429 743
   430 699
   431 690
   432 730
   433 714
   434 721
   435 723
   436 761
   437 715
   438 720
   439 739
   440 723
   441 744
   442 764
   443 743
   444 770
   445 719
   446 747
   447 756
   448 786
   449 741
   450 737
   451 753
   452 691
   453 770
   454 725
   455 749
   456 807
   457 770
   458 761
   459 749
   460 821
   461 795
   462 794
   463 778
   464 793
   465 719
   466 755
   467 745
   468 752
   469 719
   470 753
   471 716
   472 716
   473 723
   474 717
   475 729
   476 702
   477 719
   478 718
   479 710
   480 652
   481 699
   482 713
   483 671
   484 670
   485 674
   486 659
   487 645
   488 650
   489 635
   490 594
   491 570
   492 583
   493 572
   494 573
   495 562
   496 589
   497 551
   498 565
   499 578
   500 547
   501 562
   502 541
   503 548
   504 522
   505 492
   506 527
   507 516
   508 469
   509 504
   510 492
   511 500
   512 474
   513 437
   514 460
   515 419
   516 430
   517 470
   518 446
   519 410
   520 395
   521 458
   522 407
   523 469
   524 440
   525 399
   526 402
   527 413
   528 395
   529 405
   530 392
   531 383
   532 397
   533 352
   534 340
   535 360
   536 324
   537 326
   538 308
   539 343
   540 325
   541 347
   542 305
   543 322
   544 334
   545 319
   546 295
   547 297
   548 275
   549 303
   550 292
   551 297
   552 285
   553 247
   554 253
   555 247
   556 226
   557 250
   558 233
   559 238
   560 242
   561 260
   562 211
   563 200
   564 198
   565 214
   566 190
   567 215
   568 215
   569 218
   570 200
   571 196
   572 206
   573 193
   574 196
   575 212
   576 193
   577 208
   578 195
   579 179
   580 169
   581 192
   582 157
   583 176
   584 170
   585 155
   586 159
   587 161
   588 157
   589 162
   590 146
   591 149
   592 161
   593 119
   594 119
   595 143
   596 117
   597 126
   598 123
   599 136
   600 140
   601 115
   602 121
   603 103
   604 122
   605 109
   606 106
   607 116
   608 105
   609 89
   610 103
   611 105
   612 115
   613 122
   614 93
   615 86
   616 105
   617 82
   618 88
   619 86
   620 84
   621 83
   622 103
   623 92
   624 105
   625 85
   626 83
   627 65
   628 81
   629 83
   630 67
   631 65
   632 71
   633 76
   634 72
   635 71
   636 63
   637 79
   638 67
   639 69
   640 45
   641 46
   642 51
   643 39
   644 56
   645 68
   646 41
   647 43
   648 54
   649 53
   650 42
   651 49
   652 41
   653 49
   654 41
   655 45
   656 48
   657 31
   658 43
   659 39
   660 32
   661 42
   662 35
   663 32
   664 33
   665 39
   666 28
   667 37
   668 29
   669 27
   670 32
   671 35
   672 26
   673 40
   674 33
   675 34
   676 26
   677 33
   678 22
   679 30
   680 36
   681 30
   682 21
   683 30
   684 27
   685 33
   686 28
   687 26
   688 26
   689 26
   690 29
   691 24
   692 30
   693 17
   694 32
   695 26
   696 32
   697 32
   698 21
   699 32
   700 21
   701 26
   702 16
   703 19
   704 23
   705 14
   706 17
   707 18
   708 14
   709 13
   710 11
   711 13
   712 16
   713 12
   714 14
   715 21
   716 23
   717 8
   718 20
   719 17
   720 10
   721 13
   722 17
   723 4
   724 17
   725 10
   726 16
   727 12
   728 10
   729 10
   730 15
   731 13
   732 13
   733 9
   734 7
   735 11
   736 5
   737 16
   738 10
   739 12
   740 8
   741 9
   742 14
   743 10
   744 4
   745 12
   746 8
   747 10
   748 5
   749 12
   750 5
   751 8
   752 10
   753 9
   754 3
   755 8
   756 3
   757 11
   758 6
   759 8
   760 8
   761 6
   762 7
   763 6
   764 5
   765 3
   766 7
   767 6
   768 8
   769 17
   770 13
   771 9
   772 12
   773 5
   774 7
   775 11
   776 6
   777 6
   778 6
   779 8
   780 12
   781 8
   782 12
   783 2
   784 5
   785 1
   786 3
   787 10
   788 7
   789 6
   790 7
   791 4
   792 4
   793 6
   794 4
   795 4
   796 3
   797 4
   798 6
   799 5
   800 4
   801 2
   802 8
   803 9
   804 6
   805 6
   806 10
   807 7
   808 11
   809 7
   810 8
   811 4
   812 8
   813 7
   814 3
   815 11
   816 6
   817 10
   818 3
   819 6
   820 2
   821 5
   822 6
   823 1
   824 4
   825 3
   826 3
   827 9
   828 3
   829 5
   830 8
   831 3
   832 8
   833 4
   834 3
   835 9
   836 7
   837 6
   838 3
   839 6
   840 10
   841 11
   842 9
   843 6
   844 3
   845 4
   846 3
   847 6
   848 1
   849 3
   850 1
   851 1
   852 1
   853 3
   854 1
   855 0
   856 1
   857 2
   858 4
   859 1
   860 2
   861 3
   862 1
   863 2
   864 0
   865 2
   866 4
   867 3
   868 3
   869 2
   870 2
   871 4
   872 4
   873 5
   874 5
   875 4
   876 3
   877 7
   878 4
   879 6
   880 3
   881 2
   882 2
   883 5
   884 3
   885 3
   886 2
   887 3
   888 5
   889 3
   890 1
   891 3
   892 2
   893 4
   894 1
   895 4
   896 1
   897 1
   898 4
   899 0
   900 6
   901 3
   902 2
   903 1
   904 1
   905 1
   906 0
   907 0
   908 3
   909 2
   910 2
   911 2
   912 0
   913 1
   914 1
   915 2
   916 0
   917 3
   918 2
   919 1
   920 2
   921 0
   922 1
   923 3
   924 0
   925 0
   926 1
   927 1
   928 0
   929 1
   930 1
   931 0
   932 0
   933 1
   934 0
   935 3
   936 0
   937 1
   938 1
   939 2
   940 1
   941 1
   942 3
   943 0
   944 1
   945 0
   946 2
   947 1
   948 0
   949 0
   950 0
   951 1
   952 2
   953 0
   954 0
   955 1
   956 0
   957 0
   958 0
   959 0
   960 0
   961 0
   962 0
   963 0
   964 0
   965 0
   966 0
   967 0
   968 0
   969 0
   970 0
   971 0
   972 0
   973 0
   974 0
   975 0
   976 0
   977 0
   978 0
   979 0
   980 0
   981 0
   982 0
   983 0
   984 0
   985 1
   986 0
   987 0
   988 0
   989 0
   990 0
   991 0
   992 0
   993 0
   994 0
   995 0
   996 0
   997 0
   998 0
   999 0
   1000 0
   1001 0
   1002 0
   1003 0
   1004 0
   1005 0
   1006 0
   1007 0
   1008 0
   1009 0
   1010 0
   1011 1
   1012 0
   1013 0
   1014 0
   1015 1
   1016 0
   1017 1
   1018 0
   1019 0
   1020 1
   1021 2
   1022 0
   1023 0
   1024 0
   1025 0
   1026 0
   1027 0
   1028 0
   1029 1
   1030 0
   1031 0
   1032 1
   1033 0
   1034 0
   1035 0
   1036 1
   1037 1
   1038 0
   1039 0
   1040 0
   1041 0
   1042 0
   1043 0
   1044 0
   1045 0
   1046 0
   1047 0
   1048 1
   1049 0
   1050 0
   1051 3
   1052 1
   1053 1
   1054 0
   1055 0
   1056 1
   1057 0
   1058 0
   1059 0
   1060 0
   1061 1
   1062 1
   1063 0
   1064 1
   1065 0
   1066 0
   1067 0
   1068 1
   1069 0
   1070 0
   1071 0
   1072 0
   1073 0
   1074 0
   1075 0
   1076 0
   1077 0
   1078 0
   1079 0
   1080 0
   1081 0
   1082 0
   1083 0
   1084 0
   1085 0
   1086 0
   1087 0
   1088 0
   1089 0
   1090 0
   1091 0
   1092 0
   1093 0
   1094 0
   1095 0
   1096 0
   1097 0
   1098 0
   1099 0
   1100 0
   1101 0
   1102 1
   1103 0
   1104 0
   1105 0
   1106 0
   1107 0
   1108 0
   1109 0
   1110 0
   1111 0
   1112 1
   1113 0
   1114 0
   1115 0
   1116 1
   1117 0
   1118 0
   1119 0
   1120 0
   1121 0
   1122 0
   1123 0
   1124 1
   1125 2
   1126 1
   1127 0
   1128 0
   1129 0
   1130 0
   1131 0
   1132 0
   1133 0
   1134 1
   1135 0
   1136 0
   1137 0
   1138 0
   1139 0
   1140 0
   1141 0
   1142 0
   1143 0
   1144 0
   1145 1
   1146 0
   1147 1
   1148 0
   1149 0
   1150 0
   1151 0
   1152 0
   1153 0
   1154 1
   1155 0
   1156 1
   1157 0
   1158 0
   1159 1
   1160 0
   1161 0
   1162 1
   1163 1
   1164 0
   1165 1
   1166 1
   1167 1
   1168 0
   1169 1
   1170 0
   1171 0
   1172 1
   1173 1
   1174 0
   1175 0
   1176 0
   1177 0
   1178 0
   1179 0
   1180 0
   1181 0
   1182 0
   1183 0
   1184 0
   1185 1
   1186 0
   1187 0
   1188 0
   1189 0
   1190 0
   1191 1
   1192 1
   1193 1
   1194 0
   1195 0
   1196 0
   1197 0
   1198 0
   1199 0
   1200 1
   1201 0
   1202 0
   1203 0
   1204 0
   1205 1
   1206 2
   1207 0
   1208 0
   1209 0
   1210 0
   1211 0
   1212 0
   1213 0
   1214 1
   1215 0
   1216 0
   1217 1
   1218 0
   1219 0
   1220 1
   1221 3
   1222 1
   1223 1
   1224 0
   1225 1
   1226 0
   1227 2
   1228 0
   1229 0
   1230 1
   1231 0
   1232 0
   1233 0
   1234 0
   1235 0
   1236 0
   1237 0
   1238 0
   1239 0
   1240 0
   1241 0
   1242 0
   1243 0
   1244 1
   1245 0
   1246 0
   1247 0
   1248 1
   1249 0
   1250 0
   1251 0
   1252 0
   1253 0
   1254 0
   1255 1
   1256 0
   1257 0
   1258 0
   1259 0
   1260 0
   1261 0
   1262 0
   1263 0
   1264 1
   1265 0
   1266 0
   1267 2
   1268 0
   1269 0
   1270 0
   1271 0
   1272 0
   1273 0
   1274 0
   1275 0
   1276 0
   1277 0
   1278 0
   1279 0
   1280 0
   1281 1
   1282 0
   1283 0
   1284 0
   1285 0
   1286 0
   1287 0
   1288 0
   1289 0
   1290 0
   1291 0
   1292 0
   1293 0
   1294 0
   1295 0
   1296 0
   1297 1
   1298 1
   1299 1
   1300 0
   1301 0
   1302 0
   1303 0
   1304 0
   1305 0
   1306 0
   1307 0
   1308 0
   1309 0
   1310 0
   1311 1
   1312 0
   1313 0
   1314 1
   1315 0
   1316 0
   1317 0
   1318 1
   1319 0
   1320 0
   1321 0
   1322 0
   1323 0
   1324 0
   1325 0
   1326 1
   1327 0
   1328 0
   1329 1
   1330 1
   1331 0
   1332 0
   1333 0
   1334 0
   1335 0
   1336 0
   1337 0
   1338 0
   1339 1
   1340 0
   1341 1
   1342 0
   1343 0
   1344 0
   1345 0
   1346 0
   1347 0
   1348 0
   1349 0
   1350 0
   1351 0
   1352 0
   1353 0
   1354 0
   1355 0
   1356 0
   1357 0
   1358 1
   1359 0
   1360 0
   1361 0
   1362 1
   1363 0
   1364 0
   1365 1
   1366 0
   1367 1
   1368 1
   1369 0
   1370 0
   1371 0
   1372 1
   1373 0
   1374 0
   1375 0
   1376 0
   1377 0
   1378 0
   1379 1
   1380 0
   1381 0
   1382 0
   1383 1
   1384 0
   1385 0
   1386 1
   1387 0
   1388 1
   1389 0
   1390 0
   1391 0
   1392 0
   1393 0
   1394 1
   1395 1
   1396 0
   1397 0
   1398 0
   1399 0
   1400 0
   1401 0
   1402 0
   1403 0
   1404 0
   1405 0
   1406 0
   1407 1
   1408 0
   1409 0
   1410 0
   1411 0
   1412 0
   1413 0
   1414 0
   1415 0
   1416 0
   1417 0
   1418 0
   1419 0
   1420 1
   1421 0
   1422 0
   1423 0
   1424 0
   1425 0
   1426 0
   1427 0
   1428 0
   1429 0
   1430 0
   1431 0
   1432 0
   1433 0
   1434 0
   1435 0
   1436 0
   1437 0
   1438 0
   1439 0
   1440 0
   1441 0
   1442 0
   1443 0
   1444 0
   1445 0
   1446 0
   1447 0
   1448 0
   1449 0
   1450 0
   1451 0
   1452 0
   1453 0
   1454 0
   1455 0
   1456 0
   1457 0
   1458 0
   1459 0
   1460 0
   1461 0
   1462 0
   1463 0
   1464 0
   1465 0
   1466 0
   1467 0
   1468 1
   1469 0
   1470 0
   1471 0
   1472 0
   1473 0
   1474 0
   1475 0
   1476 0
   1477 0
   1478 0
   1479 0
   1480 0
   1481 0
   1482 0
   1483 0
   1484 0
   1485 0
   1486 0
   1487 0
   1488 1
SET HIST END
GET HIST START
0
GET HIST END
MGET HIST START
0
MGET HIST END
