STAT START
secs,qlen,thru,msrt,items,nset,nget,nmget,sqt,gqt,mqt,swt,gwt,mwt
1,12,1900.000000000000,NaN,0,1900,0,0,0.002492915256,NaN,NaN,0.007312192637,NaN,NaN
1,8,2349.000000000000,NaN,0,2349,0,0,0.002206962770,NaN,NaN,0.006007215729,NaN,NaN
1,0,2551.000000000000,NaN,0,2551,0,0,0.001955208027,NaN,NaN,0.005755944405,NaN,NaN
1,7,2641.000000000000,NaN,0,2641,0,0,0.001796173873,NaN,NaN,0.005395056867,NaN,NaN
1,8,2568.000000000000,NaN,0,2568,0,0,0.001890515516,NaN,NaN,0.005622806861,NaN,NaN
1,0,2449.000000000000,NaN,0,2449,0,0,0.001660762392,NaN,NaN,0.005532249855,NaN,NaN
1,3,2311.000000000000,NaN,0,2311,0,0,0.001740282618,NaN,NaN,0.006112417838,NaN,NaN
1,8,2493.000000000000,NaN,0,2493,0,0,0.001897068861,NaN,NaN,0.005811321986,NaN,NaN
1,2,2567.000000000000,NaN,0,2567,0,0,0.002010060397,NaN,NaN,0.005553976665,NaN,NaN
1,6,2499.000000000000,NaN,0,2499,0,0,0.002006197186,NaN,NaN,0.005542420702,NaN,NaN
1,8,2442.000000000000,NaN,0,2442,0,0,0.002222333865,NaN,NaN,0.005811244485,NaN,NaN
1,6,2497.000000000000,NaN,0,2497,0,0,0.001995381303,NaN,NaN,0.005635921507,NaN,NaN
1,0,2505.000000000000,NaN,0,2505,0,0,0.001971864891,NaN,NaN,0.005698055882,NaN,NaN
1,8,2475.000000000000,NaN,0,2475,0,0,0.002006501600,NaN,NaN,0.005819804349,NaN,NaN
1,7,2538.000000000000,NaN,0,2538,0,0,0.001766116553,NaN,NaN,0.005463379863,NaN,NaN
1,8,2500.000000000000,NaN,0,2500,0,0,0.001938938107,NaN,NaN,0.005759560900,NaN,NaN
1,7,2593.000000000000,NaN,0,2593,0,0,0.001859768118,NaN,NaN,0.005604482156,NaN,NaN
1,7,2620.000000000000,NaN,0,2620,0,0,0.001854443504,NaN,NaN,0.005519011112,NaN,NaN
1,8,2583.000000000000,NaN,0,2583,0,0,0.001894433168,NaN,NaN,0.005538136987,NaN,NaN
1,12,2508.000000000000,NaN,0,2508,0,0,0.001961888449,NaN,NaN,0.005828525162,NaN,NaN
1,8,2643.000000000000,NaN,0,2643,0,0,0.001747615006,NaN,NaN,0.005489330659,NaN,NaN
1,3,2483.000000000000,NaN,0,2483,0,0,0.001972188019,NaN,NaN,0.005839698673,NaN,NaN
1,0,2635.000000000000,NaN,0,2635,0,0,0.001730475308,NaN,NaN,0.005471244983,NaN,NaN
1,0,2521.000000000000,NaN,0,2521,0,0,0.001963864031,NaN,NaN,0.005754741069,NaN,NaN
1,0,2549.000000000000,NaN,0,2549,0,0,0.001981643160,NaN,NaN,0.005715027416,NaN,NaN
1,3,2541.000000000000,NaN,0,2541,0,0,0.001944834813,NaN,NaN,0.005750499246,NaN,NaN
1,6,2471.000000000000,NaN,0,2471,0,0,0.002063000704,NaN,NaN,0.005830111935,NaN,NaN
1,8,2523.000000000000,NaN,0,2523,0,0,0.001874424618,NaN,NaN,0.005561194192,NaN,NaN
1,0,2522.000000000000,NaN,0,2522,0,0,0.002040847186,NaN,NaN,0.005738947181,NaN,NaN
1,15,2386.000000000000,NaN,0,2386,0,0,0.002217837570,NaN,NaN,0.006166683295,NaN,NaN
1,0,2526.000000000000,NaN,0,2526,0,0,0.001897789377,NaN,NaN,0.005721482778,NaN,NaN
1,17,2498.000000000000,NaN,0,2498,0,0,0.002127411815,NaN,NaN,0.005629007964,NaN,NaN
1,7,2406.000000000000,NaN,0,2406,0,0,0.002227373453,NaN,NaN,0.005912688210,NaN,NaN
1,8,2575.000000000000,NaN,0,2575,0,0,0.001938282348,NaN,NaN,0.005475821919,NaN,NaN
1,7,2586.000000000000,NaN,0,2586,0,0,0.001972180116,NaN,NaN,0.005609569518,NaN,NaN
1,2,2516.000000000000,NaN,0,2516,0,0,0.002176749120,NaN,NaN,0.005684585595,NaN,NaN
1,3,2484.000000000000,NaN,0,2484,0,0,0.002039037926,NaN,NaN,0.005943103045,NaN,NaN
1,6,2534.000000000000,NaN,0,2534,0,0,0.001911028489,NaN,NaN,0.005611907100,NaN,NaN
1,3,2505.000000000000,NaN,0,2505,0,0,0.002068580986,NaN,NaN,0.005765397124,NaN,NaN
1,6,2559.000000000000,NaN,0,2559,0,0,0.002012504161,NaN,NaN,0.005534343627,NaN,NaN
1,1,2460.000000000000,NaN,0,2460,0,0,0.001997270235,NaN,NaN,0.005763418024,NaN,NaN
1,8,2532.000000000000,NaN,0,2532,0,0,0.002038090614,NaN,NaN,0.005707592737,NaN,NaN
1,1,2577.000000000000,NaN,0,2577,0,0,0.001930357119,NaN,NaN,0.005622640976,NaN,NaN
1,0,2492.000000000000,NaN,0,2492,0,0,0.002043281221,NaN,NaN,0.005712275902,NaN,NaN
1,7,2585.000000000000,NaN,0,2585,0,0,0.001838142856,NaN,NaN,0.005561495824,NaN,NaN
1,0,2384.000000000000,NaN,0,2384,0,0,0.002165636013,NaN,NaN,0.006144284603,NaN,NaN
1,6,2456.000000000000,NaN,0,2456,0,0,0.001866491075,NaN,NaN,0.005770773128,NaN,NaN
1,1,2415.000000000000,NaN,0,2415,0,0,0.002030471465,NaN,NaN,0.006065010882,NaN,NaN
1,6,2495.000000000000,NaN,0,2495,0,0,0.001921479941,NaN,NaN,0.005814112415,NaN,NaN
1,5,2483.000000000000,NaN,0,2483,0,0,0.002053757445,NaN,NaN,0.005795343764,NaN,NaN
1,13,2446.000000000000,NaN,0,2446,0,0,0.001998673178,NaN,NaN,0.005890540570,NaN,NaN
1,0,2502.000000000000,NaN,0,2502,0,0,0.002076733715,NaN,NaN,0.005756136694,NaN,NaN
1,8,2491.000000000000,NaN,0,2491,0,0,0.001942442951,NaN,NaN,0.005875388976,NaN,NaN
1,8,2558.000000000000,NaN,0,2558,0,0,0.002021743235,NaN,NaN,0.005684500517,NaN,NaN
1,8,2407.000000000000,NaN,0,2407,0,0,0.002084350303,NaN,NaN,0.006029432834,NaN,NaN
1,7,2471.000000000000,NaN,0,2471,0,0,0.002011980391,NaN,NaN,0.005803638227,NaN,NaN
1,0,2578.000000000000,NaN,0,2578,0,0,0.002008139652,NaN,NaN,0.005762875918,NaN,NaN
1,8,2627.000000000000,NaN,0,2627,0,0,0.001877176851,NaN,NaN,0.005393100386,NaN,NaN
1,8,2445.000000000000,NaN,0,2445,0,0,0.002085054766,NaN,NaN,0.005970400692,NaN,NaN
1,18,2507.000000000000,NaN,0,2507,0,0,0.002088884521,NaN,NaN,0.005805643479,NaN,NaN
1,5,2513.000000000000,NaN,0,2513,0,0,0.001960084308,NaN,NaN,0.005744453194,NaN,NaN
1,7,2476.000000000000,NaN,0,2476,0,0,0.002011166361,NaN,NaN,0.005867838966,NaN,NaN
1,0,2420.000000000000,NaN,0,2420,0,0,0.002087939345,NaN,NaN,0.006043589797,NaN,NaN
1,0,2535.000000000000,NaN,0,2535,0,0,0.002010774841,NaN,NaN,0.005732461110,NaN,NaN
1,5,2403.000000000000,NaN,0,2403,0,0,0.002269981419,NaN,NaN,0.005936803798,NaN,NaN
1,0,2539.000000000000,NaN,0,2539,0,0,0.002110708008,NaN,NaN,0.005585508297,NaN,NaN
1,0,2530.000000000000,NaN,0,2530,0,0,0.002045001391,NaN,NaN,0.005502856023,NaN,NaN
1,4,2591.000000000000,NaN,0,2591,0,0,0.001978644315,NaN,NaN,0.005645801206,NaN,NaN
1,8,2503.000000000000,NaN,0,2503,0,0,0.001933786103,NaN,NaN,0.005833865210,NaN,NaN
1,0,2452.000000000000,NaN,0,2452,0,0,0.002115748473,NaN,NaN,0.005995289091,NaN,NaN
1,0,16.000000000000,NaN,0,16,0,0,0.000123550625,NaN,NaN,0.002759280937,NaN,NaN
STAT END
HIST START
742
   0 0
   1 0
   2 0
   3 0
   4 0
   5 0
   6 0
   7 0
   8 0
   9 0
   10 0
   11 0
   12 0
   13 0
   14 5
   15 22
   16 44
   17 123
   18 222
   19 361
   20 576
   21 858
   22 1158
   23 1421
   24 1689
   25 1958
   26 2162
   27 2330
   28 2457
   29 2542
   30 2696
   31 2640
   32 2527
   33 2469
   34 2367
   35 2218
   36 2059
   37 1867
   38 1877
   39 1685
   40 1558
   41 1519
   42 1438
   43 1288
   44 1254
   45 1193
   46 1099
   47 1101
   48 1114
   49 1048
   50 944
   51 947
   52 884
   53 943
   54 887
   55 889
   56 848
   57 835
   58 796
   59 828
   60 773
   61 822
   62 817
   63 682
   64 713
   65 735
   66 731
   67 724
   68 742
   69 766
   70 789
   71 771
   72 883
   73 939
   74 956
   75 1109
   76 1242
   77 1411
   78 1711
   79 1846
   80 1986
   81 2169
   82 2375
   83 2674
   84 2739
   85 2959
   86 3103
   87 3156
   88 3166
   89 3144
   90 3035
   91 3015
   92 2932
   93 2843
   94 2726
   95 2614
   96 2586
   97 2352
   98 2255
   99 2103
   100 1947
   101 1811
   102 1738
   103 1687
   104 1508
   105 1460
   106 1417
   107 1323
   108 1204
   109 1166
   110 1040
   111 1041
   112 999
   113 901
   114 877
   115 771
   116 722
   117 748
   118 656
   119 619
   120 588
   121 533
   122 517
   123 504
   124 437
   125 437
   126 430
   127 375
   128 413
   129 387
   130 354
   131 339
   132 328
   133 317
   134 319
   135 291
   136 308
   137 273
   138 298
   139 261
   140 269
   141 287
   142 263
   143 223
   144 225
   145 221
   146 201
   147 236
   148 220
   149 228
   150 204
   151 194
   152 186
   153 210
   154 167
   155 154
   156 165
   157 167
   158 148
   159 155
   160 141
   161 170
   162 159
   163 154
   164 143
   165 172
   166 136
   167 97
   168 115
   169 106
   170 132
   171 116
   172 108
   173 110
   174 96
   175 112
   176 117
   177 119
   178 90
   179 77
   180 82
   181 89
   182 61
   183 64
   184 65
   185 74
   186 67
   187 59
   188 61
   189 38
   190 53
   191 68
   192 49
   193 49
   194 46
   195 41
   196 33
   197 36
   198 35
   199 34
   200 36
   201 40
   202 33
   203 23
   204 33
   205 29
   206 28
   207 20
   208 17
   209 21
   210 21
   211 32
   212 21
   213 19
   214 18
   215 24
   216 19
   217 19
   218 14
   219 10
   220 21
   221 17
   222 12
   223 14
   224 17
   225 18
   226 22
   227 8
   228 10
   229 10
   230 17
   231 12
   232 16
   233 14
   234 14
   235 11
   236 12
   237 9
   238 8
   239 12
   240 7
   241 2
   242 9
   243 5
   244 5
   245 7
   246 7
   247 8
   248 6
   249 3
   250 9
   251 3
   252 8
   253 0
   254 3
   255 2
   256 7
   257 7
   258 6
   259 5
   260 5
   261 3
   262 3
   263 2
   264 2
   265 7
   266 7
   267 0
   268 1
   269 1
   270 3
   271 3
   272 2
   273 2
   274 3
   275 1
   276 4
   277 2
   278 1
   279 1
   280 0
   281 2
   282 4
   283 3
   284 3
   285 2
   286 3
   287 2
   288 2
   289 3
   290 3
   291 1
   292 0
   293 4
   294 1
   295 0
   296 0
   297 1
   298 2
   299 2
   300 5
   301 1
   302 0
   303 1
   304 5
   305 4
   306 3
   307 0
   308 3
   309 0
   310 3
   311 2
   312 2
   313 1
   314 0
   315 0
   316 1
   317 3
   318 2
   319 0
   320 2
   321 1
   322 0
   323 0
   324 0
   325 2
   326 0
   327 2
   328 0
   329 1
   330 2
   331 1
   332 0
   333 0
   334 0
   335 1
   336 1
   337 0
   338 1
   339 0
   340 1
   341 0
   342 0
   343 0
   344 1
   345 0
   346 0
   347 0
   348 1
   349 1
   350 0
   351 0
   352 1
   353 0
   354 0
   355 0
   356 0
   357 1
   358 0
   359 2
   360 0
   361 1
   362 0
   363 2
   364 1
   365 1
   366 1
   367 1
   368 0
   369 0
   370 1
   371 0
   372 0
   373 1
   374 0
   375 0
   376 0
   377 1
   378 0
   379 1
   380 0
   381 2
   382 0
   383 0
   384 0
   385 0
   386 1
   387 0
   388 0
   389 0
   390 2
   391 1
   392 0
   393 0
   394 1
   395 1
   396 0
   397 1
   398 0
   399 2
   400 1
   401 0
   402 0
   403 0
   404 0
   405 1
   406 1
   407 0
   408 0
   409 0
   410 0
   411 0
   412 0
   413 0
   414 0
   415 0
   416 1
   417 0
   418 1
   419 0
   420 0
   421 0
   422 1
   423 0
   424 0
   425 0
   426 2
   427 1
   428 0
   429 0
   430 0
   431 0
   432 0
   433 0
   434 0
   435 0
   436 0
   437 1
   438 1
   439 0
   440 0
   441 0
   442 0
   443 0
   444 0
   445 0
   446 3
   447 1
   448 0
   449 0
   450 0
   451 0
   452 0
   453 0
   454 1
   455 0
   456 0
   457 0
   458 0
   459 0
   460 0
   461 0
   462 0
   463 0
   464 0
   465 0
   466 0
   467 0
   468 0
   469 0
   470 0
   471 0
   472 0
   473 0
   474 0
   475 0
   476 0
   477 0
   478 0
   479 0
   480 0
   481 0
   482 0
   483 0
   484 0
   485 0
   486 0
   487 1
   488 1
   489 0
   490 0
   491 0
   492 0
   493 0
   494 0
   495 0
   496 0
   497 0
   498 0
   499 0
   500 0
   501 0
   502 0
   503 1
   504 0
   505 0
   506 0
   507 0
   508 0
   509 1
   510 0
   511 0
   512 0
   513 0
   514 0
   515 0
   516 0
   517 0
   518 1
   519 0
   520 0
   521 0
   522 0
   523 0
   524 0
   525 0
   526 0
   527 0
   528 0
   529 0
   530 0
   531 1
   532 0
   533 0
   534 0
   535 0
   536 0
   537 0
   538 0
   539 0
   540 0
   541 0
   542 0
   543 0
   544 0
   545 0
   546 0
   547 0
   548 0
   549 0
   550 0
   551 0
   552 0
   553 0
   554 0
   555 0
   556 0
   557 0
   558 0
   559 0
   560 0
   561 0
   562 0
   563 0
   564 0
   565 0
   566 1
   567 0
   568 0
   569 0
   570 0
   571 0
   572 0
   573 0
   574 0
   575 0
   576 0
   577 0
   578 0
   579 0
   580 0
   581 0
   582 0
   583 0
   584 0
   585 0
   586 0
   587 0
   588 0
   589 0
   590 0
   591 0
   592 0
   593 0
   594 0
   595 0
   596 0
   597 0
   598 0
   599 0
   600 0
   601 0
   602 0
   603 0
   604 0
   605 0
   606 0
   607 0
   608 0
   609 0
   610 0
   611 0
   612 0
   613 0
   614 0
   615 1
   616 0
   617 0
   618 0
   619 0
   620 0
   621 1
   622 0
   623 0
   624 0
   625 0
   626 0
   627 0
   628 0
   629 0
   630 0
   631 0
   632 0
   633 0
   634 0
   635 0
   636 1
   637 0
   638 0
   639 0
   640 0
   641 0
   642 0
   643 0
   644 0
   645 0
   646 0
   647 0
   648 0
   649 0
   650 0
   651 0
   652 0
   653 0
   654 0
   655 0
   656 0
   657 0
   658 0
   659 0
   660 0
   661 0
   662 0
   663 0
   664 0
   665 0
   666 0
   667 0
   668 0
   669 0
   670 0
   671 1
   672 0
   673 0
   674 0
   675 0
   676 0
   677 0
   678 0
   679 0
   680 0
   681 0
   682 0
   683 0
   684 0
   685 0
   686 0
   687 0
   688 0
   689 0
   690 0
   691 0
   692 0
   693 0
   694 0
   695 0
   696 0
   697 0
   698 0
   699 0
   700 0
   701 0
   702 0
   703 0
   704 0
   705 0
   706 0
   707 0
   708 0
   709 0
   710 0
   711 0
   712 0
   713 0
   714 0
   715 0
   716 0
   717 0
   718 0
   719 0
   720 0
   721 0
   722 0
   723 0
   724 0
   725 0
   726 0
   727 0
   728 1
   729 0
   730 0
   731 0
   732 0
   733 0
   734 0
   735 0
   736 0
   737 0
   738 0
   739 0
   740 0
   741 1
HIST END
