STAT START
secs,qlen,thru,msrt,items,nset,nget,nmget,sqt,gqt,mqt,swt,gwt,mwt
1,3,625.000000000000,0.000000000000,933,314,0,311,0.000175675516,NaN,0.000190585408,0.004456008455,NaN,0.002667852113
1,0,920.000000000000,0.000000000000,1380,460,0,460,0.000159100165,NaN,0.000140384909,0.004301395109,NaN,0.002765233737
1,0,1022.000000000000,0.002604166667,1536,510,0,512,0.000123990412,NaN,0.000118834191,0.003532374304,NaN,0.002306144178
1,0,915.000000000000,0.001458789205,1371,458,0,457,0.000096636031,NaN,0.000131475930,0.003935188098,NaN,0.002620053818
1,0,944.000000000000,0.000000000000,1416,472,0,472,0.000116436468,NaN,0.000100909000,0.003834403193,NaN,0.002648287754
1,0,961.000000000000,0.000000000000,1440,481,0,480,0.000100194545,NaN,0.000120827096,0.003618449817,NaN,0.002605354442
1,0,963.000000000000,0.000000000000,1443,482,0,481,0.000105699913,NaN,0.000109143877,0.003953262820,NaN,0.002184555410
1,0,924.000000000000,0.002159827214,1389,461,0,463,0.000103236705,NaN,0.000116756933,0.003697278017,NaN,0.002196352994
1,0,914.000000000000,0.002192982456,1368,458,0,456,0.000116403138,NaN,0.000109382055,0.004245501943,NaN,0.002909981373
1,0,981.000000000000,0.000000000000,1473,490,0,491,0.000120135580,NaN,0.000129645440,0.004335018024,NaN,0.002639785908
1,0,1012.000000000000,0.000000000000,1518,506,0,506,0.000081406095,NaN,0.000134347174,0.004002450453,NaN,0.002487643545
1,0,1008.000000000000,0.003960396040,1515,503,0,505,0.000094456895,NaN,0.000100918125,0.004304487738,NaN,0.002509338069
1,0,931.000000000000,0.000000000000,1398,465,0,466,0.000104624039,NaN,0.000107042974,0.004464465310,NaN,0.002859559268
1,0,952.000000000000,0.000000000000,1428,476,0,476,0.000108041739,NaN,0.000131196584,0.003975416357,NaN,0.002397880132
1,0,842.000000000000,0.000000000000,1263,421,0,421,0.000127556938,NaN,0.000138675608,0.004473527195,NaN,0.002755575394
1,0,1028.000000000000,0.000000000000,1536,516,0,512,0.000126009219,NaN,0.000119782475,0.003950057936,NaN,0.002241909727
1,0,1034.000000000000,0.003861003861,1554,516,0,518,0.000120644519,NaN,0.000128669170,0.003652396525,NaN,0.002232856938
1,0,1050.000000000000,0.000000000000,1578,524,0,526,0.000115299649,NaN,0.000185401238,0.003684571670,NaN,0.002445918124
1,0,1015.000000000000,0.003944773176,1521,508,0,507,0.000117555431,NaN,0.000107933146,0.004431829447,NaN,0.002387221771
1,1,1059.000000000000,0.000000000000,1584,531,0,528,0.000132997889,NaN,0.000138143275,0.004038020783,NaN,0.002432931547
1,0,1064.000000000000,0.000000000000,1602,530,0,534,0.000166031315,NaN,0.000184796609,0.003269696743,NaN,0.002052125075
1,0,945.000000000000,0.000000000000,1416,473,0,472,0.000116085628,NaN,0.000129882691,0.004452445148,NaN,0.002768424697
1,0,991.000000000000,0.000000000000,1485,496,0,495,0.000108943488,NaN,0.000111000010,0.004013727312,NaN,0.002526078190
1,0,1073.000000000000,0.003724394786,1611,536,0,537,0.000116623647,NaN,0.000147799035,0.003675484507,NaN,0.001891975220
1,0,1139.000000000000,0.003521126761,1704,571,0,568,0.000100435166,NaN,0.000101797752,0.003609652550,NaN,0.001997730268
1,0,1033.000000000000,0.000000000000,1551,516,0,517,0.000146578205,NaN,0.000126941959,0.003326194684,NaN,0.002321304569
1,0,959.000000000000,0.000000000000,1443,478,0,481,0.000126726561,NaN,0.000118367328,0.003999968151,NaN,0.002382832229
1,0,1007.000000000000,0.000000000000,1506,505,0,502,0.000084290580,NaN,0.000104481277,0.004183654250,NaN,0.002605632695
1,0,806.000000000000,0.000000000000,1209,403,0,403,0.000122544169,NaN,0.000127762447,0.004266544578,NaN,0.002780605119
1,0,993.000000000000,0.000000000000,1491,496,0,497,0.000109298520,NaN,0.000114595302,0.004164893887,NaN,0.002373457803
1,0,1017.000000000000,0.000000000000,1527,508,0,509,0.000143246961,NaN,0.000155661075,0.004190655030,NaN,0.002214222193
1,0,988.000000000000,0.000000000000,1479,495,0,493,0.000135851430,NaN,0.000141832347,0.003803712525,NaN,0.002363454548
1,0,1013.000000000000,0.000000000000,1524,505,0,508,0.000098190511,NaN,0.000100497559,0.003906114180,NaN,0.002244034602
1,0,978.000000000000,0.000000000000,1467,489,0,489,0.000122739847,NaN,0.000107954241,0.004204996129,NaN,0.002361152360
1,0,1045.000000000000,0.000000000000,1566,523,0,522,0.000120609906,NaN,0.000108373680,0.003945776277,NaN,0.002375650385
1,0,1065.000000000000,0.000000000000,1590,535,0,530,0.000086705236,NaN,0.000103603047,0.003968246955,NaN,0.002216204777
1,0,989.000000000000,0.000000000000,1491,492,0,497,0.000115414970,NaN,0.000126481056,0.004181945415,NaN,0.002547997320
1,0,1001.000000000000,0.000000000000,1500,501,0,500,0.000108692772,NaN,0.000108733760,0.004155488693,NaN,0.002607112842
1,0,992.000000000000,0.002682763246,1491,495,0,497,0.000121351289,NaN,0.000112471270,0.004265540224,NaN,0.002180057793
1,0,1035.000000000000,0.003229974160,1548,519,0,516,0.000099867044,NaN,0.000119219246,0.003443203098,NaN,0.002288110366
1,0,1087.000000000000,0.003683241252,1629,544,0,543,0.000186225006,NaN,0.000131706066,0.003424843140,NaN,0.001946681877
1,0,994.000000000000,0.004694835681,1491,497,0,497,0.000121553901,NaN,0.000153241602,0.003831270765,NaN,0.002322301956
1,0,1015.000000000000,0.001312335958,1524,507,0,508,0.000108285387,NaN,0.000097051386,0.003881984385,NaN,0.002475158707
1,0,1065.000000000000,0.001876172608,1599,532,0,533,0.000083361694,NaN,0.000089169101,0.003766182451,NaN,0.002119118341
1,0,995.000000000000,0.002008032129,1494,497,0,498,0.000102759664,NaN,0.000084960127,0.004621767483,NaN,0.002416147488
1,0,981.000000000000,0.000000000000,1473,490,0,491,0.000171539906,NaN,0.000127834593,0.003984699794,NaN,0.002288528866
1,0,990.000000000000,0.003373819163,1482,496,0,494,0.000115775579,NaN,0.000141190745,0.003948246230,NaN,0.002204845170
1,0,996.000000000000,0.003353454058,1491,499,0,497,0.000104274946,NaN,0.000123805330,0.003874433283,NaN,0.002402301026
1,0,1046.000000000000,0.003809523810,1575,521,0,525,0.000114817031,NaN,0.000119907213,0.004055958033,NaN,0.002074635082
1,0,1028.000000000000,0.001299545159,1539,515,0,513,0.000097204513,NaN,0.000115148427,0.003636915171,NaN,0.002395021033
1,0,1026.000000000000,0.002594033722,1542,512,0,514,0.000093074879,NaN,0.000083870356,0.004109684961,NaN,0.002320353475
1,0,983.000000000000,0.001360544218,1470,493,0,490,0.000095341193,NaN,0.000113323098,0.004457746680,NaN,0.002557573804
1,0,1048.000000000000,0.000000000000,1572,524,0,524,0.000130817704,NaN,0.000126974431,0.003588813716,NaN,0.002255859485
1,0,1065.000000000000,0.000000000000,1596,533,0,532,0.000117445544,NaN,0.000140227831,0.003359434910,NaN,0.002304739992
1,0,1099.000000000000,0.000000000000,1650,549,0,550,0.000103555696,NaN,0.000109505424,0.003339714332,NaN,0.002180130549
1,0,1053.000000000000,0.000000000000,1584,525,0,528,0.000111660276,NaN,0.000104125759,0.003309352116,NaN,0.002341548008
1,0,1028.000000000000,0.000000000000,1539,515,0,513,0.000102457322,NaN,0.000108616201,0.003840051872,NaN,0.002663660784
1,0,1030.000000000000,0.000000000000,1548,514,0,516,0.000105428142,NaN,0.000123830888,0.003830382247,NaN,0.002113575452
1,0,1051.000000000000,0.002549394519,1569,528,0,523,0.000127662610,NaN,0.000126594847,0.003891250748,NaN,0.002447897597
1,0,1073.000000000000,0.001239157373,1614,535,0,538,0.000125190535,NaN,0.000128734599,0.003143635970,NaN,0.002093718900
1,0,1065.000000000000,0.002501563477,1599,532,0,533,0.000158352011,NaN,0.000147077762,0.003617348793,NaN,0.002051304801
1,0,972.000000000000,0.001371742112,1458,486,0,486,0.000169013113,NaN,0.000180121146,0.004159643829,NaN,0.002563823897
1,0,1068.000000000000,0.000000000000,1602,534,0,534,0.000089174584,NaN,0.000092902625,0.003725956429,NaN,0.002132139674
1,0,1058.000000000000,0.000000000000,1587,529,0,529,0.000098279030,NaN,0.000110773399,0.003496045244,NaN,0.002237451289
1,0,1101.000000000000,0.000000000000,1653,550,0,551,0.000121723913,NaN,0.000107140025,0.003340176476,NaN,0.002081377457
1,0,1103.000000000000,0.000000000000,1647,554,0,549,0.000132298686,NaN,0.000118457665,0.003599295996,NaN,0.002176144876
1,0,1061.000000000000,0.000000000000,1599,528,0,533,0.000137887574,NaN,0.000141743257,0.003790486445,NaN,0.002439560353
1,0,987.000000000000,0.000677506775,1476,495,0,492,0.000127888085,NaN,0.000126794640,0.003917392503,NaN,0.002502648087
1,0,1053.000000000000,0.001901140684,1578,527,0,526,0.000166907770,NaN,0.000112493793,0.003234410165,NaN,0.002092719228
1,0,1109.000000000000,0.001801801802,1665,554,0,555,0.000088403751,NaN,0.000106665876,0.003347921327,NaN,0.001856879384
1,0,295.000000000000,0.002252252252,444,147,0,148,0.000105050054,NaN,0.000084549034,0.003551927027,NaN,0.002201073243
STAT END
Server 0 handled 70655 requests.
Server 1 handled 70721 requests.
Server 2 handled 70728 requests.
SET HIST START
253
   0 0
   1 0
   2 0
   3 0
   4 0
   5 0
   6 0
   7 0
   8 0
   9 0
   10 7
   11 38
   12 132
   13 339
   14 541
   15 945
   16 1112
   17 1300
   18 1448
   19 1547
   20 1616
   21 1529
   22 1436
   23 1296
   24 1198
   25 1127
   26 1077
   27 930
   28 827
   29 739
   30 725
   31 634
   32 557
   33 526
   34 464
   35 402
   36 375
   37 321
   38 301
   39 242
   40 192
   41 200
   42 168
   43 154
   44 141
   45 127
   46 106
   47 100
   48 111
   49 113
   50 103
   51 102
   52 80
   53 86
   54 65
   55 85
   56 71
   57 92
   58 141
   59 133
   60 138
   61 159
   62 177
   63 177
   64 237
   65 259
   66 322
   67 352
   68 367
   69 456
   70 457
   71 506
   72 504
   73 486
   74 507
   75 410
   76 380
   77 339
   78 282
   79 230
   80 183
   81 167
   82 117
   83 117
   84 117
   85 99
   86 88
   87 78
   88 72
   89 52
   90 47
   91 54
   92 49
   93 46
   94 50
   95 73
   96 59
   97 78
   98 109
   99 140
   100 133
   101 89
   102 52
   103 30
   104 27
   105 20
   106 18
   107 12
   108 23
   109 28
   110 11
   111 23
   112 15
   113 15
   114 9
   115 12
   116 2
   117 8
   118 5
   119 9
   120 11
   121 9
   122 3
   123 4
   124 4
   125 1
   126 6
   127 5
   128 6
   129 0
   130 4
   131 2
   132 5
   133 1
   134 2
   135 3
   136 4
   137 6
   138 4
   139 0
   140 2
   141 3
   142 3
   143 2
   144 4
   145 0
   146 2
   147 3
   148 2
   149 0
   150 0
   151 6
   152 3
   153 0
   154 5
   155 4
   156 1
   157 3
   158 4
   159 3
   160 2
   161 2
   162 2
   163 4
   164 1
   165 3
   166 1
   167 2
   168 2
   169 6
   170 1
   171 1
   172 2
   173 2
   174 0
   175 0
   176 1
   177 0
   178 0
   179 0
   180 0
   181 1
   182 0
   183 0
   184 3
   185 1
   186 0
   187 1
   188 2
   189 2
   190 2
   191 3
   192 0
   193 2
   194 0
   195 0
   196 1
   197 0
   198 1
   199 1
   200 0
   201 0
   202 0
   203 0
   204 0
   205 0
   206 3
   207 3
   208 2
   209 1
   210 1
   211 0
   212 0
   213 0
   214 1
   215 0
   216 0
   217 0
   218 0
   219 0
   220 0
   221 0
   222 0
   223 0
   224 0
   225 0
   226 0
   227 0
   228 1
   229 1
   230 0
   231 0
   232 0
   233 0
   234 0
   235 0
   236 0
   237 0
   238 0
   239 0
   240 0
   241 1
   242 0
   243 0
   244 0
   245 1
   246 0
   247 0
   248 0
   249 0
   250 0
   251 0
   252 1
SET HIST END
GET HIST START
0
GET HIST END
MGET HIST START
254
   0 0
   1 0
   2 0
   3 0
   4 0
   5 1
   6 64
   7 353
   8 1031
   9 1737
   10 2430
   11 2745
   12 2796
   13 2636
   14 2412
   15 2022
   16 1715
   17 1458
   18 1173
   19 968
   20 828
   21 614
   22 705
   23 473
   24 404
   25 392
   26 331
   27 277
   28 274
   29 280
   30 228
   31 207
   32 156
   33 143
   34 155
   35 140
   36 91
   37 93
   38 105
   39 87
   40 67
   41 73
   42 63
   43 44
   44 61
   45 36
   46 63
   47 43
   48 29
   49 49
   50 40
   51 47
   52 50
   53 58
   54 40
   55 54
   56 56
   57 73
   58 116
   59 178
   60 244
   61 285
   62 260
   63 325
   64 339
   65 280
   66 307
   67 272
   68 243
   69 228
   70 194
   71 165
   72 139
   73 122
   74 89
   75 70
   76 73
   77 36
   78 28
   79 26
   80 24
   81 27
   82 30
   83 23
   84 26
   85 25
   86 14
   87 18
   88 21
   89 23
   90 18
   91 22
   92 26
   93 20
   94 25
   95 25
   96 29
   97 54
   98 60
   99 58
   100 73
   101 58
   102 41
   103 25
   104 11
   105 9
   106 6
   107 2
   108 4
   109 6
   110 6
   111 1
   112 4
   113 6
   114 3
   115 1
   116 3
   117 1
   118 3
   119 1
   120 1
   121 0
   122 1
   123 0
   124 1
   125 0
   126 3
   127 0
   128 1
   129 2
   130 3
   131 2
   132 4
   133 1
   134 1
   135 5
   136 1
   137 2
   138 2
   139 4
   140 1
   141 1
   142 1
   143 0
   144 1
   145 1
   146 1
   147 0
   148 0
   149 0
   150 1
   151 0
   152 1
   153 0
   154 0
   155 0
   156 0
   157 0
   158 0
   159 2
   160 2
   161 0
   162 0
   163 0
   164 3
   165 1
   166 0
   167 0
   168 0
   169 0
   170 0
   171 0
   172 0
   173 1
   174 0
   175 0
   176 1
   177 0
   178 0
   179 0
   180 0
   181 0
   182 0
   183 0
   184 0
   185 0
   186 0
   187 1
   188 1
   189 0
   190 1
   191 0
   192 0
   193 0
   194 0
   195 0
   196 0
   197 0
   198 0
   199 0
   200 0
   201 0
   202 0
   203 0
   204 0
   205 0
   206 0
   207 0
   208 0
   209 0
   210 0
   211 0
   212 0
   213 0
   214 0
   215 0
   216 0
   217 0
   218 0
   219 0
   220 0
   221 0
   222 0
   223 0
   224 0
   225 0
   226 0
   227 0
   228 0
   229 0
   230 0
   231 0
   232 0
   233 0
   234 0
   235 0
   236 0
   237 0
   238 0
   239 0
   240 0
   241 0
   242 0
   243 0
   244 0
   245 0
   246 0
   247 0
   248 0
   249 0
   250 0
   251 0
   252 1
   253 1
MGET HIST END
