STAT START
secs,qlen,thru,msrt,items,nset,nget,nmget,sqt,gqt,mqt,swt,gwt,mwt
1,1,583.000000000000,NaN,0,583,0,0,0.000163149482,NaN,NaN,0.004436992271,NaN,NaN
1,0,1732.000000000000,NaN,0,1732,0,0,0.000181880041,NaN,NaN,0.004334890100,NaN,NaN
1,0,1824.000000000000,NaN,0,1824,0,0,0.000178792881,NaN,NaN,0.004104044297,NaN,NaN
1,0,1955.000000000000,NaN,0,1955,0,0,0.000154449268,NaN,NaN,0.003912792736,NaN,NaN
1,0,1875.000000000000,NaN,0,1875,0,0,0.000202590311,NaN,NaN,0.003980333181,NaN,NaN
1,0,1784.000000000000,NaN,0,1784,0,0,0.000179382199,NaN,NaN,0.004423274229,NaN,NaN
1,0,1836.000000000000,NaN,0,1836,0,0,0.000200121365,NaN,NaN,0.003966486362,NaN,NaN
1,0,1849.000000000000,NaN,0,1849,0,0,0.000201625184,NaN,NaN,0.003969948659,NaN,NaN
1,0,1900.000000000000,NaN,0,1900,0,0,0.000157009858,NaN,NaN,0.004054025653,NaN,NaN
1,0,1887.000000000000,NaN,0,1887,0,0,0.000142748017,NaN,NaN,0.003952627821,NaN,NaN
1,0,1900.000000000000,NaN,0,1900,0,0,0.000190679579,NaN,NaN,0.004074022364,NaN,NaN
1,0,1886.000000000000,NaN,0,1886,0,0,0.000162161641,NaN,NaN,0.004088632198,NaN,NaN
1,1,1941.000000000000,NaN,0,1941,0,0,0.000165034619,NaN,NaN,0.003848548840,NaN,NaN
1,0,1837.000000000000,NaN,0,1837,0,0,0.000216115971,NaN,NaN,0.003992145489,NaN,NaN
1,0,1873.000000000000,NaN,0,1873,0,0,0.000227719395,NaN,NaN,0.004125057184,NaN,NaN
1,0,1871.000000000000,NaN,0,1871,0,0,0.000181517065,NaN,NaN,0.004135664655,NaN,NaN
1,0,1905.000000000000,NaN,0,1905,0,0,0.000283548366,NaN,NaN,0.003915136822,NaN,NaN
1,0,1800.000000000000,NaN,0,1800,0,0,0.000156176029,NaN,NaN,0.004278449667,NaN,NaN
1,1,1979.000000000000,NaN,0,1979,0,0,0.000122325253,NaN,NaN,0.003961607491,NaN,NaN
1,0,1905.000000000000,NaN,0,1905,0,0,0.000203942780,NaN,NaN,0.004172415598,NaN,NaN
1,0,1750.000000000000,NaN,0,1750,0,0,0.000161526847,NaN,NaN,0.004884453830,NaN,NaN
1,0,1861.000000000000,NaN,0,1861,0,0,0.000175463249,NaN,NaN,0.003872121082,NaN,NaN
1,1,1732.000000000000,NaN,0,1732,0,0,0.000160326933,NaN,NaN,0.004470486557,NaN,NaN
1,0,1784.000000000000,NaN,0,1784,0,0,0.000140251207,NaN,NaN,0.004442863450,NaN,NaN
1,0,1946.000000000000,NaN,0,1946,0,0,0.000144826881,NaN,NaN,0.004126587388,NaN,NaN
1,0,1962.000000000000,NaN,0,1962,0,0,0.000152561484,NaN,NaN,0.003998118448,NaN,NaN
1,0,1914.000000000000,NaN,0,1914,0,0,0.000187715469,NaN,NaN,0.004014860787,NaN,NaN
1,0,1937.000000000000,NaN,0,1937,0,0,0.000223818504,NaN,NaN,0.003788604412,NaN,NaN
1,0,1958.000000000000,NaN,0,1958,0,0,0.000143322222,NaN,NaN,0.003987817004,NaN,NaN
1,1,1824.000000000000,NaN,0,1824,0,0,0.000149088694,NaN,NaN,0.004304033770,NaN,NaN
1,0,1917.000000000000,NaN,0,1917,0,0,0.000146996189,NaN,NaN,0.003891472117,NaN,NaN
1,8,1893.000000000000,NaN,0,1893,0,0,0.000282235774,NaN,NaN,0.003782775469,NaN,NaN
1,0,1905.000000000000,NaN,0,1905,0,0,0.000194975176,NaN,NaN,0.003857296315,NaN,NaN
1,0,1708.000000000000,NaN,0,1708,0,0,0.000214433488,NaN,NaN,0.004558855449,NaN,NaN
1,0,1701.000000000000,NaN,0,1701,0,0,0.000136708770,NaN,NaN,0.004680211037,NaN,NaN
1,0,1840.000000000000,NaN,0,1840,0,0,0.000156367933,NaN,NaN,0.004311983728,NaN,NaN
1,0,1766.000000000000,NaN,0,1766,0,0,0.000165059140,NaN,NaN,0.004673283707,NaN,NaN
1,1,1826.000000000000,NaN,0,1826,0,0,0.000165672519,NaN,NaN,0.004278582197,NaN,NaN
1,0,1855.000000000000,NaN,0,1855,0,0,0.000163980889,NaN,NaN,0.004204076811,NaN,NaN
1,0,1800.000000000000,NaN,0,1800,0,0,0.000155764981,NaN,NaN,0.004479146396,NaN,NaN
1,0,1824.000000000000,NaN,0,1824,0,0,0.000154135418,NaN,NaN,0.004423430059,NaN,NaN
1,0,1870.000000000000,NaN,0,1870,0,0,0.000178340742,NaN,NaN,0.004007854947,NaN,NaN
1,0,1783.000000000000,NaN,0,1783,0,0,0.000229659680,NaN,NaN,0.004242462574,NaN,NaN
1,0,1873.000000000000,NaN,0,1873,0,0,0.000141713452,NaN,NaN,0.004099318723,NaN,NaN
1,0,1860.000000000000,NaN,0,1860,0,0,0.000220148950,NaN,NaN,0.004042158524,NaN,NaN
1,0,1824.000000000000,NaN,0,1824,0,0,0.000180704555,NaN,NaN,0.004410778762,NaN,NaN
1,0,1823.000000000000,NaN,0,1823,0,0,0.000127202728,NaN,NaN,0.004440187865,NaN,NaN
1,0,1794.000000000000,NaN,0,1794,0,0,0.000124025128,NaN,NaN,0.004639694671,NaN,NaN
1,0,1737.000000000000,NaN,0,1737,0,0,0.000133654511,NaN,NaN,0.004605463889,NaN,NaN
1,0,1706.000000000000,NaN,0,1706,0,0,0.000159205488,NaN,NaN,0.004694058904,NaN,NaN
1,0,1771.000000000000,NaN,0,1771,0,0,0.000146706373,NaN,NaN,0.004614097615,NaN,NaN
1,0,1848.000000000000,NaN,0,1848,0,0,0.000165515205,NaN,NaN,0.004315632074,NaN,NaN
1,0,1887.000000000000,NaN,0,1887,0,0,0.000133495590,NaN,NaN,0.004303874472,NaN,NaN
1,0,1845.000000000000,NaN,0,1845,0,0,0.000170066979,NaN,NaN,0.004331940859,NaN,NaN
1,0,1880.000000000000,NaN,0,1880,0,0,0.000108864622,NaN,NaN,0.004292357595,NaN,NaN
1,0,1809.000000000000,NaN,0,1809,0,0,0.000158268753,NaN,NaN,0.004297395985,NaN,NaN
1,0,1714.000000000000,NaN,0,1714,0,0,0.000189376744,NaN,NaN,0.004483402977,NaN,NaN
1,0,1857.000000000000,NaN,0,1857,0,0,0.000145598128,NaN,NaN,0.004222323382,NaN,NaN
1,0,1945.000000000000,NaN,0,1945,0,0,0.000171195012,NaN,NaN,0.003962652460,NaN,NaN
1,0,1800.000000000000,NaN,0,1800,0,0,0.000133779605,NaN,NaN,0.004429912382,NaN,NaN
1,0,1797.000000000000,NaN,0,1797,0,0,0.000152894243,NaN,NaN,0.004702290948,NaN,NaN
1,0,1741.000000000000,NaN,0,1741,0,0,0.000130998324,NaN,NaN,0.004450179680,NaN,NaN
1,0,1863.000000000000,NaN,0,1863,0,0,0.000184407523,NaN,NaN,0.004090967748,NaN,NaN
1,0,1863.000000000000,NaN,0,1863,0,0,0.000110599915,NaN,NaN,0.004284858962,NaN,NaN
1,0,1818.000000000000,NaN,0,1818,0,0,0.000127544162,NaN,NaN,0.004218225609,NaN,NaN
1,0,1777.000000000000,NaN,0,1777,0,0,0.000230136617,NaN,NaN,0.004268319162,NaN,NaN
1,0,1846.000000000000,NaN,0,1846,0,0,0.000154468467,NaN,NaN,0.004226240685,NaN,NaN
1,0,1920.000000000000,NaN,0,1920,0,0,0.000131456859,NaN,NaN,0.004109244820,NaN,NaN
1,0,1899.000000000000,NaN,0,1899,0,0,0.000125747476,NaN,NaN,0.004217153522,NaN,NaN
1,0,1798.000000000000,NaN,0,1798,0,0,0.000112844757,NaN,NaN,0.004448122621,NaN,NaN
1,0,1303.000000000000,NaN,0,1303,0,0,0.000109609654,NaN,NaN,0.003483336468,NaN,NaN
1,0,2.000000000000,NaN,0,2,0,0,0.000053351000,NaN,NaN,0.008264903000,NaN,NaN
STAT END
HIST START
299
   0 0
   1 0
   2 0
   3 0
   4 0
   5 0
   6 0
   7 0
   8 0
   9 0
   10 0
   11 0
   12 8
   13 95
   14 483
   15 1242
   16 2333
   17 3524
   18 4531
   19 5557
   20 5927
   21 6528
   22 6269
   23 6291
   24 5407
   25 5049
   26 4556
   27 3862
   28 3552
   29 3040
   30 2487
   31 2147
   32 1841
   33 1542
   34 1450
   35 1246
   36 1003
   37 912
   38 861
   39 758
   40 600
   41 536
   42 465
   43 422
   44 361
   45 304
   46 312
   47 298
   48 253
   49 284
   50 269
   51 223
   52 262
   53 279
   54 207
   55 189
   56 190
   57 181
   58 244
   59 417
   60 529
   61 599
   62 633
   63 767
   64 889
   65 1043
   66 1253
   67 1450
   68 1567
   69 1688
   70 1760
   71 1831
   72 1700
   73 1704
   74 1565
   75 1284
   76 1289
   77 1089
   78 1002
   79 916
   80 774
   81 667
   82 605
   83 559
   84 458
   85 413
   86 381
   87 336
   88 273
   89 257
   90 242
   91 257
   92 291
   93 323
   94 418
   95 488
   96 551
   97 700
   98 858
   99 1018
   100 952
   101 826
   102 599
   103 356
   104 236
   105 197
   106 170
   107 186
   108 138
   109 144
   110 122
   111 125
   112 92
   113 78
   114 65
   115 63
   116 54
   117 56
   118 37
   119 39
   120 27
   121 30
   122 43
   123 33
   124 26
   125 30
   126 18
   127 27
   128 22
   129 19
   130 15
   131 11
   132 14
   133 22
   134 16
   135 21
   136 11
   137 9
   138 11
   139 14
   140 6
   141 13
   142 8
   143 6
   144 9
   145 3
   146 11
   147 11
   148 8
   149 3
   150 12
   151 7
   152 4
   153 18
   154 17
   155 9
   156 7
   157 17
   158 24
   159 33
   160 42
   161 34
   162 38
   163 38
   164 54
   165 39
   166 37
   167 38
   168 30
   169 31
   170 20
   171 13
   172 12
   173 8
   174 5
   175 6
   176 12
   177 15
   178 2
   179 6
   180 10
   181 5
   182 3
   183 3
   184 4
   185 5
   186 3
   187 1
   188 3
   189 3
   190 1
   191 3
   192 5
   193 6
   194 6
   195 3
   196 10
   197 4
   198 12
   199 5
   200 5
   201 3
   202 2
   203 0
   204 4
   205 2
   206 6
   207 1
   208 7
   209 1
   210 4
   211 1
   212 1
   213 1
   214 1
   215 3
   216 2
   217 1
   218 1
   219 0
   220 1
   221 2
   222 0
   223 0
   224 0
   225 0
   226 0
   227 0
   228 0
   229 1
   230 0
   231 2
   232 3
   233 1
   234 1
   235 5
   236 2
   237 0
   238 2
   239 0
   240 0
   241 1
   242 0
   243 0
   244 1
   245 0
   246 0
   247 0
   248 1
   249 0
   250 2
   251 1
   252 1
   253 0
   254 1
   255 0
   256 0
   257 0
   258 1
   259 0
   260 0
   261 1
   262 2
   263 0
   264 1
   265 0
   266 0
   267 1
   268 1
   269 0
   270 0
   271 1
   272 1
   273 0
   274 0
   275 0
   276 0
   277 0
   278 0
   279 0
   280 0
   281 0
   282 2
   283 1
   284 1
   285 0
   286 1
   287 0
   288 0
   289 2
   290 1
   291 0
   292 2
   293 2
   294 1
   295 1
   296 0
   297 0
   298 2
HIST END
