1         Threads
2         Connections per thread
70        Seconds


ALL STATS
========================================================================
Type        Ops/sec     Hits/sec   Misses/sec      Latency       KB/sec 
------------------------------------------------------------------------
Sets          28.04          ---          ---     18.59700       113.26 
Gets          28.02      1504.51         8.74     52.73800      6079.79 
Waits          0.00          ---          ---      0.00000          --- 
Totals        56.06      1504.51         8.74     35.66300      6193.04 


Request Latency Distribution
Type     <= msec         Percent
------------------------------------------------------------------------
SET       2.100         0.15
SET       2.200         0.20
SET       2.300         0.25
SET       2.400         0.41
SET       2.500         0.56
SET       2.600         0.61
SET       2.700         0.71
SET       2.800         0.82
SET       2.900         1.07
SET       3.000         1.38
SET       3.100         1.53
SET       3.200         1.88
SET       3.300         1.94
SET       3.400         2.29
SET       3.500         2.60
SET       3.600         2.75
SET       3.700         3.21
SET       3.800         3.52
SET       3.900         3.92
SET       4.000         4.43
SET       4.100         4.74
SET       4.200         5.15
SET       4.300         5.45
SET       4.400         5.71
SET       4.500         5.91
SET       4.600         6.16
SET       4.700         6.62
SET       4.800         6.93
SET       4.900         7.34
SET       5.000         7.54
SET       5.100         7.74
SET       5.200         8.00
SET       5.300         8.35
SET       5.400         8.66
SET       5.500         8.81
SET       5.600         9.37
SET       5.700         9.98
SET       5.800        10.29
SET       5.900        10.70
SET       6.000        11.41
SET       6.100        11.56
SET       6.200        11.92
SET       6.300        12.33
SET       6.400        12.94
SET       6.500        13.35
SET       6.600        13.65
SET       6.700        13.96
SET       6.800        14.21
SET       6.900        14.42
SET       7.000        14.88
SET       7.100        15.64
SET       7.200        16.20
SET       7.300        16.40
SET       7.400        16.91
SET       7.500        17.22
SET       7.600        17.73
SET       7.700        18.24
SET       7.800        18.80
SET       7.900        19.15
SET       8.000        19.51
SET       8.100        19.92
SET       8.200        20.22
SET       8.300        20.58
SET       8.400        20.84
SET       8.500        21.40
SET       8.600        21.80
SET       8.700        22.21
SET       8.800        22.62
SET       8.900        23.13
SET       9.000        23.59
SET       9.100        23.94
SET       9.200        24.15
SET       9.300        24.45
SET       9.400        24.81
SET       9.500        25.27
SET       9.600        25.52
SET       9.700        25.73
SET       9.800        25.93
SET       9.900        26.18
SET      10.000        27.05
SET      11.000        28.12
SET      12.000        29.60
SET      13.000        31.94
SET      14.000        35.76
SET      15.000        42.33
SET      16.000        47.53
SET      17.000        50.38
SET      18.000        51.86
SET      19.000        54.25
SET      20.000        56.75
SET      21.000        59.91
SET      22.000        63.83
SET      23.000        66.68
SET      24.000        69.89
SET      25.000        71.78
SET      26.000        73.26
SET      27.000        74.94
SET      28.000        76.57
SET      29.000        79.06
SET      30.000        85.94
SET      31.000        92.00
SET      32.000        94.40
SET      33.000        95.11
SET      34.000        95.82
SET      35.000        96.99
SET      36.000        97.61
SET      37.000        98.62
SET      38.000        99.34
SET      39.000        99.49
SET      41.000        99.69
SET      42.000        99.75
SET      43.000        99.85
SET      44.000        99.95
SET      59.000       100.00
---
GET       3.400         0.05
GET       3.900         0.10
GET       4.000         0.15
GET       4.100         0.31
GET       4.200         0.36
GET       4.300         0.51
GET       4.400         0.61
GET       4.500         0.76
GET       4.600         1.02
GET       4.700         1.33
GET       4.800         1.63
GET       4.900         1.78
GET       5.000         1.94
GET       5.100         2.29
GET       5.200         2.40
GET       5.300         2.65
GET       5.400         3.01
GET       5.500         3.52
GET       5.600         3.67
GET       5.700         3.87
GET       5.800         4.03
GET       5.900         4.28
GET       6.000         4.59
GET       6.100         4.89
GET       6.200         5.20
GET       6.300         5.45
GET       6.400         5.76
GET       6.500         6.42
GET       6.600         6.73
GET       6.700         6.93
GET       6.800         6.98
GET       6.900         7.19
GET       7.000         7.34
GET       7.100         7.65
GET       7.200         7.85
GET       7.300         8.05
GET       7.400         8.31
GET       7.500         8.61
GET       7.600         8.87
GET       7.700         9.07
GET       7.800         9.38
GET       7.900         9.63
GET       8.000         9.79
GET       8.100        10.04
GET       8.200        10.19
GET       8.300        10.35
GET       8.400        10.60
GET       8.500        10.96
GET       8.600        11.26
GET       8.700        11.67
GET       8.800        12.03
GET       8.900        12.13
GET       9.000        12.28
GET       9.100        12.64
GET       9.200        13.00
GET       9.300        13.30
GET       9.400        13.66
GET       9.500        14.02
GET       9.600        14.32
GET       9.700        14.58
GET       9.800        14.78
GET       9.900        15.19
GET      10.000        17.07
GET      11.000        20.03
GET      12.000        22.68
GET      13.000        24.21
GET      14.000        25.64
GET      15.000        26.30
GET      16.000        27.52
GET      17.000        28.90
GET      18.000        30.63
GET      19.000        31.40
GET      20.000        31.80
GET      21.000        32.21
GET      22.000        32.57
GET      23.000        33.33
GET      24.000        35.17
GET      25.000        36.29
GET      26.000        38.23
GET      27.000        39.04
GET      28.000        39.65
GET      29.000        40.01
GET      30.000        40.52
GET      31.000        41.64
GET      32.000        42.56
GET      33.000        43.68
GET      34.000        44.39
GET      35.000        44.95
GET      36.000        45.21
GET      37.000        45.62
GET      38.000        46.53
GET      39.000        48.06
GET      40.000        49.49
GET      41.000        50.56
GET      42.000        51.33
GET      43.000        51.73
GET      44.000        52.14
GET      45.000        52.45
GET      46.000        53.62
GET      47.000        54.54
GET      48.000        56.17
GET      49.000        56.98
GET      50.000        57.39
GET      51.000        57.65
GET      52.000        57.85
GET      53.000        58.21
GET      54.000        58.66
GET      55.000        59.89
GET      56.000        60.60
GET      57.000        61.11
GET      58.000        61.57
GET      59.000        61.72
GET      60.000        62.23
GET      61.000        63.00
GET      62.000        63.86
GET      63.000        65.55
GET      64.000        66.87
GET      65.000        67.23
GET      66.000        67.43
GET      67.000        67.64
GET      68.000        67.89
GET      69.000        68.40
GET      70.000        69.01
GET      71.000        69.88
GET      72.000        70.69
GET      73.000        71.36
GET      74.000        71.61
GET      75.000        72.02
GET      76.000        72.12
GET      77.000        72.78
GET      78.000        73.90
GET      79.000        76.10
GET      80.000        76.61
GET      81.000        76.86
GET      82.000        76.96
GET      83.000        77.37
GET      84.000        77.68
GET      85.000        78.19
GET      86.000        78.64
GET      87.000        79.26
GET      88.000        79.46
GET      89.000        79.82
GET      90.000        79.97
GET      91.000        80.02
GET      92.000        80.17
GET      93.000        80.99
GET      94.000        82.57
GET      95.000        83.64
GET      96.000        83.79
GET      97.000        83.94
GET      98.000        84.10
GET      99.000        84.20
GET     100.000        85.58
GET     110.000        89.25
GET     120.000        91.69
GET     130.000        94.60
GET     140.000        96.59
GET     150.000        97.30
GET     160.000        98.62
GET     170.000        99.29
GET     180.000        99.54
GET     190.000        99.75
GET     200.000        99.80
GET     210.000        99.85
GET     220.000        99.90
GET     230.000       100.00
---
