STAT START
secs,qlen,thru,msrt,items,nset,nget,nmget,sqt,gqt,mqt,swt,gwt,mwt
1,0,145.000000000000,0.005026455026,3780,75,0,70,0.000638280187,NaN,0.000221332686,0.011418564773,NaN,0.053109439086
1,0,178.000000000000,0.005409904286,4806,89,0,89,0.000107570371,NaN,0.000166933303,0.013847934236,NaN,0.051421837685
1,0,164.000000000000,0.005645889792,4428,82,0,82,0.000068074537,NaN,0.000077667549,0.017272914927,NaN,0.050345063280
1,0,170.000000000000,0.005664488017,4590,85,0,85,0.000114751376,NaN,0.000073134553,0.015742871153,NaN,0.050496492788
1,0,174.000000000000,0.005471380471,4752,86,0,88,0.000096390860,NaN,0.000145305534,0.016951919570,NaN,0.048883192227
1,0,167.000000000000,0.003792949576,4482,84,0,83,0.000072706357,NaN,0.000070005084,0.016526490833,NaN,0.052439813410
1,0,171.000000000000,0.003660637382,4644,85,0,86,0.000140321812,NaN,0.000103608605,0.017359687447,NaN,0.047220346581
1,0,169.000000000000,0.008156966490,4536,85,0,84,0.000095563588,NaN,0.000086062774,0.016078189271,NaN,0.048146292214
1,0,166.000000000000,0.007362784471,4482,83,0,83,0.000076537663,NaN,0.000082759783,0.014709478892,NaN,0.055536030952
1,0,163.000000000000,0.006549232159,4428,81,0,82,0.000072327494,NaN,0.000088106963,0.017745526568,NaN,0.053776510390
1,0,174.000000000000,0.004521963824,4644,88,0,86,0.000071363989,NaN,0.000065528081,0.015862805318,NaN,0.049247886035
1,0,166.000000000000,0.005354752343,4482,83,0,83,0.000073867867,NaN,0.000089672084,0.015617782867,NaN,0.051275465675
1,0,159.000000000000,0.007544581619,4374,78,0,81,0.000081689038,NaN,0.000073917580,0.017360178949,NaN,0.053337782296
1,0,167.000000000000,0.006549232159,4428,85,0,82,0.000068515494,NaN,0.000075400317,0.016195043576,NaN,0.052558000415
1,0,168.000000000000,0.006459948320,4644,82,0,86,0.000080501841,NaN,0.000086489302,0.015380113610,NaN,0.051198293395
1,0,172.000000000000,0.005731922399,4536,88,0,84,0.000073403977,NaN,0.000138046905,0.018449355011,NaN,0.048091119476
1,0,167.000000000000,0.002425044092,4536,83,0,84,0.000067214614,NaN,0.000074192119,0.018089095133,NaN,0.049578042060
1,0,177.000000000000,0.002735690236,4752,89,0,88,0.000068316101,NaN,0.000137457489,0.016244689719,NaN,0.046835464477
1,0,167.000000000000,0.004850088183,4536,83,0,84,0.000144748843,NaN,0.000197630119,0.016956426699,NaN,0.051118449702
1,0,182.000000000000,0.009057971014,4968,90,0,92,0.000066962578,NaN,0.000081509620,0.017998719500,NaN,0.044662712391
1,0,166.000000000000,0.006549232159,4428,84,0,82,0.000071457524,NaN,0.000083627476,0.017486134762,NaN,0.050105702390
1,0,164.000000000000,0.009710930443,4428,82,0,82,0.000066423268,NaN,0.000086608134,0.017135985354,NaN,0.052584358061
1,0,179.000000000000,0.007490636704,4806,90,0,89,0.000073278333,NaN,0.000082439135,0.015767174700,NaN,0.044678701461
1,0,178.000000000000,0.006658343737,4806,89,0,89,0.000086617865,NaN,0.000142288517,0.015838483764,NaN,0.048996887112
1,0,178.000000000000,0.005201831045,4806,89,0,89,0.000070995944,NaN,0.000131188112,0.015665500674,NaN,0.048655167011
1,0,171.000000000000,0.007843137255,4590,86,0,85,0.000070521244,NaN,0.000068333212,0.017233913605,NaN,0.048781546706
1,0,173.000000000000,0.007698709946,4806,84,0,89,0.000059611857,NaN,0.000065204730,0.018381176226,NaN,0.047599526337
1,0,157.000000000000,0.006974506975,4158,80,0,77,0.000286782100,NaN,0.000195739870,0.018366100813,NaN,0.053576313260
1,0,167.000000000000,0.009817045962,4482,84,0,83,0.000068465631,NaN,0.000155552940,0.017398361476,NaN,0.048233004470
1,0,161.000000000000,0.006858710562,4374,80,0,81,0.000067335013,NaN,0.000066063062,0.018326370338,NaN,0.049275888790
1,0,163.000000000000,0.004801097394,4374,82,0,81,0.000053153293,NaN,0.000068590185,0.019095791232,NaN,0.049489834914
1,0,159.000000000000,0.007175925926,4320,79,0,80,0.000073518000,NaN,0.000097369863,0.018478189481,NaN,0.056271507875
1,0,163.000000000000,0.005715592135,4374,82,0,81,0.000147455634,NaN,0.000076962198,0.017536019878,NaN,0.051054605642
1,0,173.000000000000,0.003660637382,4644,87,0,86,0.000069695713,NaN,0.000091597663,0.018298306230,NaN,0.048241038686
1,0,170.000000000000,0.002153316107,4644,84,0,86,0.000158945286,NaN,0.000075647070,0.018225456262,NaN,0.048118200000
1,1,175.000000000000,0.002767134951,4698,88,0,87,0.000208394205,NaN,0.000072774000,0.016216690750,NaN,0.048587270517
1,0,164.000000000000,0.004516711834,4428,82,0,82,0.000084655622,NaN,0.000070255073,0.016387905317,NaN,0.051736842451
1,0,157.000000000000,0.002611585945,4212,79,0,78,0.000068354494,NaN,0.000069309026,0.017465892165,NaN,0.052738249808
1,0,161.000000000000,0.005645889792,4428,79,0,82,0.000187185481,NaN,0.000075838244,0.018466675506,NaN,0.053629809488
1,0,171.000000000000,0.006971677560,4590,86,0,85,0.000069178209,NaN,0.000073195635,0.016305540791,NaN,0.051223723553
1,0,159.000000000000,0.006329113924,4266,80,0,79,0.000132906337,NaN,0.000098610038,0.017432937650,NaN,0.052407204987
1,0,170.000000000000,0.004139433551,4590,85,0,85,0.000065375353,NaN,0.000085837365,0.018293234729,NaN,0.048886961741
1,0,156.000000000000,0.006094702297,4266,77,0,79,0.000074367740,NaN,0.000071514038,0.017636120961,NaN,0.054143305278
1,0,158.000000000000,0.005157055790,4266,79,0,79,0.000075728215,NaN,0.000066273392,0.019902464392,NaN,0.051557030114
1,0,161.000000000000,0.006481481481,4320,81,0,80,0.000142190519,NaN,0.000080935500,0.019095145815,NaN,0.048876926413
1,0,150.000000000000,0.010864197531,4050,75,0,75,0.000069234640,NaN,0.000079245667,0.015948766453,NaN,0.060077712560
1,0,179.000000000000,0.008739076155,4806,90,0,89,0.000071695944,NaN,0.000067099180,0.014012745922,NaN,0.049580696596
1,0,155.000000000000,0.008309591643,4212,77,0,78,0.000160702130,NaN,0.000087127654,0.019149161818,NaN,0.050032817295
1,0,160.000000000000,0.006481481481,4320,80,0,80,0.000077980450,NaN,0.000077336587,0.017624621525,NaN,0.053230140388
1,0,180.000000000000,0.004938271605,4860,90,0,90,0.000082657533,NaN,0.000073928378,0.015712564033,NaN,0.049719522689
1,1,164.000000000000,0.002710027100,4428,82,0,82,0.000079195622,NaN,0.000075419939,0.016662127512,NaN,0.051291103549
1,0,166.000000000000,0.002008032129,4482,83,0,83,0.000073606301,NaN,0.000074094373,0.017760444735,NaN,0.049941190060
1,0,161.000000000000,0.002286236854,4374,80,0,81,0.000147746788,NaN,0.000066124642,0.019750232300,NaN,0.050192408111
1,0,174.000000000000,0.004521963824,4644,88,0,86,0.000117451045,NaN,0.000068237419,0.016264195057,NaN,0.048943353849
1,0,165.000000000000,0.004685408300,4482,82,0,83,0.000100617195,NaN,0.000066104916,0.020741798841,NaN,0.047876125759
1,0,160.000000000000,0.005391467417,4266,81,0,79,0.000065645765,NaN,0.000115747443,0.019262501259,NaN,0.050165155873
1,0,169.000000000000,0.004737295435,4644,83,0,86,0.000070642446,NaN,0.000062477930,0.019750798386,NaN,0.047367653849
1,0,167.000000000000,0.005871725384,4428,85,0,82,0.000120233941,NaN,0.000075135805,0.017162225565,NaN,0.047986451159
1,0,161.000000000000,0.005645889792,4428,79,0,82,0.000074296506,NaN,0.000082354268,0.017294281987,NaN,0.051308383159
1,0,173.000000000000,0.006890611542,4644,87,0,86,0.000071829115,NaN,0.000081983384,0.017513222885,NaN,0.048443964360
1,0,172.000000000000,0.007843137255,4590,87,0,85,0.000170222529,NaN,0.000153587000,0.015264741609,NaN,0.048784805635
1,0,164.000000000000,0.006834215168,4536,80,0,84,0.000068868825,NaN,0.000078780357,0.018976300700,NaN,0.047757277060
1,0,179.000000000000,0.006102693603,4752,91,0,88,0.000062229824,NaN,0.000075640295,0.016157158758,NaN,0.048135999807
1,0,167.000000000000,0.005511463845,4536,83,0,84,0.000091475651,NaN,0.000100452607,0.016165825422,NaN,0.051844610869
1,0,161.000000000000,0.005092592593,4320,81,0,80,0.000081068506,NaN,0.000081098113,0.017665975963,NaN,0.050482602575
1,0,180.000000000000,0.004732510288,4860,90,0,90,0.000069104789,NaN,0.000084318700,0.014962993067,NaN,0.049394177400
1,0,165.000000000000,0.005800981705,4482,82,0,83,0.000074395463,NaN,0.000080630771,0.018788720195,NaN,0.050041428506
1,0,159.000000000000,0.005324074074,4320,79,0,80,0.000076312975,NaN,0.000150834463,0.018850748253,NaN,0.052129847138
1,0,165.000000000000,0.005486968450,4374,84,0,81,0.000066063226,NaN,0.000066766691,0.014897866345,NaN,0.055724569593
1,0,159.000000000000,0.006944444444,4320,79,0,80,0.000059090873,NaN,0.000061926063,0.019930027709,NaN,0.049299388975
1,0,54.000000000000,0.006385696041,1566,25,0,29,0.000059886240,NaN,0.000063971483,0.006035966560,NaN,0.029011154276
STAT END
Server 0 handled 7817 requests.
Server 1 handled 7819 requests.
Server 2 handled 7813 requests.
SET HIST START
493
   0 0
   1 0
   2 0
   3 0
   4 0
   5 0
   6 0
   7 0
   8 0
   9 0
   10 0
   11 0
   12 0
   13 1
   14 5
   15 14
   16 20
   17 26
   18 26
   19 32
   20 52
   21 50
   22 50
   23 42
   24 39
   25 27
   26 33
   27 35
   28 27
   29 26
   30 19
   31 21
   32 23
   33 26
   34 18
   35 14
   36 22
   37 21
   38 13
   39 11
   40 18
   41 7
   42 10
   43 15
   44 9
   45 8
   46 14
   47 11
   48 6
   49 7
   50 4
   51 8
   52 8
   53 7
   54 9
   55 5
   56 4
   57 12
   58 7
   59 4
   60 8
   61 10
   62 12
   63 10
   64 11
   65 13
   66 15
   67 21
   68 24
   69 18
   70 17
   71 22
   72 15
   73 15
   74 18
   75 20
   76 23
   77 20
   78 13
   79 16
   80 12
   81 17
   82 8
   83 18
   84 11
   85 20
   86 18
   87 21
   88 18
   89 18
   90 14
   91 20
   92 19
   93 23
   94 39
   95 37
   96 27
   97 39
   98 33
   99 39
   100 26
   101 21
   102 15
   103 15
   104 18
   105 20
   106 18
   107 18
   108 22
   109 25
   110 13
   111 14
   112 13
   113 13
   114 20
   115 22
   116 15
   117 24
   118 15
   119 13
   120 21
   121 9
   122 15
   123 13
   124 20
   125 21
   126 18
   127 23
   128 13
   129 24
   130 13
   131 15
   132 26
   133 12
   134 15
   135 21
   136 17
   137 11
   138 25
   139 29
   140 15
   141 14
   142 15
   143 19
   144 20
   145 10
   146 16
   147 19
   148 15
   149 14
   150 23
   151 13
   152 20
   153 20
   154 10
   155 15
   156 26
   157 15
   158 25
   159 14
   160 12
   161 12
   162 20
   163 21
   164 10
   165 19
   166 22
   167 25
   168 22
   169 16
   170 23
   171 22
   172 26
   173 31
   174 26
   175 23
   176 24
   177 19
   178 27
   179 22
   180 20
   181 26
   182 28
   183 24
   184 34
   185 27
   186 13
   187 15
   188 39
   189 26
   190 39
   191 32
   192 40
   193 41
   194 38
   195 43
   196 32
   197 25
   198 23
   199 27
   200 23
   201 20
   202 21
   203 18
   204 14
   205 16
   206 15
   207 13
   208 20
   209 11
   210 11
   211 13
   212 12
   213 14
   214 7
   215 6
   216 7
   217 11
   218 8
   219 10
   220 14
   221 13
   222 17
   223 12
   224 10
   225 10
   226 11
   227 14
   228 6
   229 7
   230 13
   231 13
   232 8
   233 8
   234 4
   235 11
   236 7
   237 12
   238 4
   239 5
   240 7
   241 4
   242 5
   243 4
   244 8
   245 14
   246 10
   247 12
   248 11
   249 12
   250 8
   251 7
   252 11
   253 13
   254 11
   255 8
   256 11
   257 12
   258 13
   259 11
   260 11
   261 10
   262 9
   263 10
   264 15
   265 11
   266 16
   267 19
   268 25
   269 15
   270 12
   271 9
   272 20
   273 11
   274 16
   275 17
   276 20
   277 21
   278 21
   279 14
   280 23
   281 22
   282 28
   283 27
   284 33
   285 22
   286 35
   287 38
   288 38
   289 30
   290 41
   291 35
   292 35
   293 37
   294 34
   295 45
   296 35
   297 41
   298 36
   299 21
   300 24
   301 19
   302 24
   303 17
   304 14
   305 11
   306 22
   307 16
   308 19
   309 13
   310 12
   311 17
   312 19
   313 17
   314 9
   315 20
   316 16
   317 8
   318 15
   319 17
   320 11
   321 1
   322 11
   323 4
   324 7
   325 5
   326 4
   327 5
   328 3
   329 4
   330 1
   331 4
   332 3
   333 2
   334 2
   335 3
   336 3
   337 5
   338 3
   339 8
   340 3
   341 1
   342 7
   343 4
   344 4
   345 6
   346 3
   347 4
   348 2
   349 3
   350 5
   351 5
   352 3
   353 3
   354 5
   355 1
   356 1
   357 2
   358 2
   359 1
   360 3
   361 3
   362 4
   363 4
   364 1
   365 1
   366 1
   367 0
   368 3
   369 0
   370 1
   371 0
   372 1
   373 0
   374 1
   375 4
   376 1
   377 0
   378 1
   379 0
   380 2
   381 2
   382 1
   383 0
   384 1
   385 2
   386 1
   387 1
   388 0
   389 0
   390 1
   391 1
   392 0
   393 0
   394 1
   395 1
   396 0
   397 0
   398 1
   399 1
   400 0
   401 0
   402 0
   403 0
   404 1
   405 0
   406 0
   407 0
   408 0
   409 0
   410 1
   411 0
   412 1
   413 0
   414 0
   415 0
   416 0
   417 0
   418 0
   419 0
   420 0
   421 0
   422 0
   423 0
   424 0
   425 0
   426 0
   427 0
   428 0
   429 0
   430 0
   431 0
   432 0
   433 0
   434 0
   435 0
   436 0
   437 0
   438 0
   439 0
   440 0
   441 0
   442 0
   443 0
   444 0
   445 0
   446 0
   447 0
   448 0
   449 0
   450 0
   451 0
   452 0
   453 0
   454 0
   455 0
   456 0
   457 1
   458 0
   459 0
   460 0
   461 0
   462 0
   463 0
   464 1
   465 0
   466 0
   467 0
   468 1
   469 0
   470 0
   471 0
   472 0
   473 0
   474 0
   475 0
   476 0
   477 0
   478 0
   479 0
   480 0
   481 0
   482 0
   483 0
   484 0
   485 0
   486 0
   487 0
   488 0
   489 0
   490 0
   491 0
   492 1
SET HIST END
GET HIST START
0
GET HIST END
MGET HIST START
2434
   0 0
   1 0
   2 0
   3 0
   4 0
   5 0
   6 0
   7 0
   8 0
   9 0
   10 0
   11 0
   12 0
   13 0
   14 0
   15 0
   16 0
   17 0
   18 0
   19 0
   20 0
   21 0
   22 0
   23 0
   24 0
   25 0
   26 1
   27 0
   28 1
   29 2
   30 9
   31 11
   32 8
   33 13
   34 16
   35 20
   36 16
   37 18
   38 21
   39 16
   40 16
   41 18
   42 15
   43 17
   44 16
   45 9
   46 20
   47 16
   48 17
   49 12
   50 15
   51 10
   52 18
   53 16
   54 13
   55 21
   56 8
   57 20
   58 12
   59 14
   60 18
   61 10
   62 14
   63 19
   64 14
   65 14
   66 16
   67 12
   68 12
   69 16
   70 13
   71 9
   72 14
   73 8
   74 9
   75 14
   76 22
   77 20
   78 20
   79 18
   80 17
   81 19
   82 10
   83 9
   84 15
   85 16
   86 14
   87 11
   88 18
   89 16
   90 20
   91 16
   92 34
   93 29
   94 41
   95 32
   96 35
   97 28
   98 26
   99 27
   100 22
   101 19
   102 20
   103 20
   104 16
   105 17
   106 14
   107 20
   108 9
   109 12
   110 14
   111 17
   112 11
   113 11
   114 6
   115 9
   116 5
   117 10
   118 7
   119 10
   120 9
   121 4
   122 4
   123 7
   124 11
   125 6
   126 3
   127 12
   128 3
   129 8
   130 8
   131 7
   132 2
   133 5
   134 3
   135 2
   136 6
   137 4
   138 3
   139 5
   140 4
   141 10
   142 4
   143 2
   144 7
   145 2
   146 4
   147 2
   148 3
   149 7
   150 2
   151 1
   152 5
   153 2
   154 5
   155 5
   156 7
   157 9
   158 5
   159 5
   160 8
   161 7
   162 10
   163 5
   164 4
   165 8
   166 9
   167 3
   168 5
   169 4
   170 5
   171 8
   172 5
   173 4
   174 4
   175 5
   176 6
   177 2
   178 6
   179 7
   180 9
   181 9
   182 6
   183 9
   184 5
   185 6
   186 5
   187 10
   188 7
   189 13
   190 10
   191 9
   192 9
   193 10
   194 11
   195 7
   196 8
   197 7
   198 4
   199 9
   200 10
   201 6
   202 9
   203 3
   204 10
   205 6
   206 8
   207 9
   208 3
   209 7
   210 7
   211 2
   212 6
   213 6
   214 6
   215 6
   216 17
   217 9
   218 4
   219 8
   220 3
   221 8
   222 5
   223 5
   224 6
   225 2
   226 6
   227 7
   228 4
   229 8
   230 5
   231 7
   232 4
   233 7
   234 7
   235 4
   236 4
   237 10
   238 3
   239 3
   240 2
   241 3
   242 9
   243 1
   244 8
   245 8
   246 6
   247 3
   248 2
   249 3
   250 3
   251 4
   252 4
   253 5
   254 2
   255 11
   256 10
   257 2
   258 6
   259 7
   260 3
   261 4
   262 4
   263 4
   264 6
   265 6
   266 3
   267 6
   268 6
   269 5
   270 5
   271 7
   272 6
   273 5
   274 6
   275 7
   276 6
   277 5
   278 8
   279 4
   280 5
   281 9
   282 7
   283 10
   284 9
   285 6
   286 12
   287 6
   288 13
   289 12
   290 10
   291 8
   292 11
   293 5
   294 6
   295 6
   296 8
   297 9
   298 5
   299 4
   300 4
   301 6
   302 2
   303 5
   304 8
   305 4
   306 4
   307 1
   308 7
   309 4
   310 8
   311 8
   312 4
   313 5
   314 4
   315 6
   316 8
   317 5
   318 3
   319 2
   320 4
   321 4
   322 1
   323 4
   324 5
   325 2
   326 5
   327 3
   328 4
   329 3
   330 7
   331 1
   332 2
   333 4
   334 1
   335 5
   336 5
   337 3
   338 3
   339 3
   340 3
   341 2
   342 2
   343 3
   344 0
   345 1
   346 3
   347 3
   348 2
   349 7
   350 5
   351 4
   352 2
   353 3
   354 1
   355 2
   356 2
   357 3
   358 5
   359 4
   360 2
   361 7
   362 3
   363 5
   364 5
   365 6
   366 5
   367 7
   368 6
   369 2
   370 2
   371 7
   372 1
   373 12
   374 2
   375 6
   376 2
   377 10
   378 7
   379 7
   380 7
   381 8
   382 7
   383 10
   384 6
   385 2
   386 7
   387 1
   388 2
   389 19
   390 8
   391 6
   392 6
   393 4
   394 8
   395 8
   396 5
   397 9
   398 8
   399 7
   400 9
   401 4
   402 3
   403 4
   404 7
   405 4
   406 7
   407 3
   408 2
   409 6
   410 5
   411 2
   412 2
   413 5
   414 3
   415 1
   416 3
   417 4
   418 3
   419 3
   420 7
   421 2
   422 8
   423 3
   424 6
   425 3
   426 6
   427 4
   428 4
   429 4
   430 5
   431 1
   432 2
   433 3
   434 4
   435 5
   436 4
   437 1
   438 4
   439 4
   440 6
   441 5
   442 3
   443 2
   444 7
   445 2
   446 4
   447 1
   448 6
   449 7
   450 4
   451 4
   452 4
   453 3
   454 2
   455 4
   456 5
   457 2
   458 5
   459 9
   460 5
   461 2
   462 9
   463 4
   464 7
   465 6
   466 9
   467 5
   468 8
   469 3
   470 5
   471 9
   472 9
   473 4
   474 7
   475 5
   476 5
   477 5
   478 3
   479 3
   480 8
   481 7
   482 3
   483 3
   484 3
   485 2
   486 5
   487 2
   488 5
   489 2
   490 4
   491 5
   492 3
   493 2
   494 2
   495 2
   496 3
   497 3
   498 2
   499 0
   500 3
   501 3
   502 4
   503 0
   504 4
   505 3
   506 2
   507 2
   508 1
   509 2
   510 10
   511 1
   512 3
   513 1
   514 2
   515 1
   516 4
   517 2
   518 2
   519 3
   520 1
   521 1
   522 2
   523 0
   524 3
   525 1
   526 2
   527 4
   528 4
   529 4
   530 3
   531 3
   532 1
   533 3
   534 3
   535 3
   536 3
   537 8
   538 1
   539 6
   540 4
   541 3
   542 0
   543 4
   544 0
   545 3
   546 4
   547 5
   548 4
   549 4
   550 5
   551 2
   552 3
   553 1
   554 3
   555 3
   556 3
   557 3
   558 2
   559 5
   560 4
   561 6
   562 7
   563 5
   564 4
   565 10
   566 6
   567 7
   568 4
   569 4
   570 7
   571 4
   572 4
   573 4
   574 5
   575 5
   576 3
   577 3
   578 5
   579 7
   580 7
   581 6
   582 2
   583 4
   584 3
   585 2
   586 5
   587 5
   588 4
   589 6
   590 8
   591 2
   592 4
   593 2
   594 4
   595 3
   596 4
   597 6
   598 4
   599 7
   600 2
   601 6
   602 2
   603 5
   604 5
   605 4
   606 2
   607 1
   608 8
   609 11
   610 6
   611 3
   612 7
   613 8
   614 5
   615 3
   616 4
   617 5
   618 4
   619 10
   620 5
   621 4
   622 7
   623 4
   624 2
   625 3
   626 5
   627 2
   628 2
   629 4
   630 5
   631 6
   632 4
   633 1
   634 5
   635 3
   636 2
   637 2
   638 2
   639 4
   640 3
   641 4
   642 4
   643 2
   644 1
   645 4
   646 5
   647 4
   648 2
   649 1
   650 3
   651 4
   652 4
   653 3
   654 1
   655 5
   656 4
   657 1
   658 3
   659 1
   660 1
   661 1
   662 3
   663 4
   664 2
   665 3
   666 1
   667 3
   668 3
   669 6
   670 2
   671 4
   672 6
   673 4
   674 3
   675 0
   676 6
   677 5
   678 1
   679 2
   680 0
   681 5
   682 1
   683 1
   684 1
   685 2
   686 0
   687 5
   688 5
   689 2
   690 4
   691 4
   692 4
   693 3
   694 2
   695 2
   696 4
   697 2
   698 0
   699 2
   700 0
   701 2
   702 4
   703 5
   704 4
   705 0
   706 1
   707 2
   708 3
   709 1
   710 2
   711 2
   712 1
   713 4
   714 0
   715 1
   716 1
   717 0
   718 2
   719 2
   720 1
   721 1
   722 3
   723 2
   724 5
   725 2
   726 2
   727 2
   728 5
   729 5
   730 5
   731 1
   732 2
   733 3
   734 1
   735 7
   736 2
   737 4
   738 5
   739 3
   740 1
   741 4
   742 5
   743 2
   744 6
   745 3
   746 3
   747 0
   748 6
   749 4
   750 2
   751 3
   752 2
   753 6
   754 3
   755 2
   756 3
   757 7
   758 3
   759 7
   760 3
   761 5
   762 5
   763 6
   764 14
   765 2
   766 1
   767 6
   768 6
   769 3
   770 9
   771 11
   772 11
   773 8
   774 10
   775 5
   776 6
   777 4
   778 10
   779 3
   780 2
   781 6
   782 5
   783 5
   784 2
   785 2
   786 3
   787 2
   788 5
   789 0
   790 2
   791 2
   792 2
   793 0
   794 2
   795 1
   796 3
   797 1
   798 2
   799 1
   800 2
   801 6
   802 4
   803 1
   804 3
   805 1
   806 4
   807 3
   808 3
   809 4
   810 3
   811 3
   812 0
   813 1
   814 0
   815 1
   816 2
   817 1
   818 2
   819 2
   820 5
   821 3
   822 1
   823 0
   824 3
   825 4
   826 4
   827 4
   828 1
   829 3
   830 2
   831 2
   832 2
   833 1
   834 2
   835 2
   836 2
   837 0
   838 1
   839 3
   840 2
   841 2
   842 2
   843 1
   844 3
   845 2
   846 1
   847 2
   848 3
   849 1
   850 1
   851 3
   852 2
   853 1
   854 1
   855 2
   856 1
   857 1
   858 8
   859 1
   860 3
   861 3
   862 1
   863 2
   864 3
   865 1
   866 1
   867 0
   868 0
   869 2
   870 2
   871 0
   872 2
   873 1
   874 0
   875 4
   876 0
   877 5
   878 2
   879 2
   880 3
   881 1
   882 4
   883 4
   884 3
   885 5
   886 4
   887 2
   888 3
   889 4
   890 3
   891 3
   892 5
   893 1
   894 6
   895 0
   896 3
   897 1
   898 3
   899 6
   900 3
   901 3
   902 2
   903 1
   904 3
   905 4
   906 2
   907 1
   908 4
   909 1
   910 3
   911 5
   912 6
   913 3
   914 10
   915 1
   916 1
   917 6
   918 2
   919 4
   920 5
   921 2
   922 5
   923 7
   924 4
   925 3
   926 7
   927 8
   928 10
   929 5
   930 8
   931 10
   932 8
   933 12
   934 5
   935 6
   936 5
   937 4
   938 4
   939 3
   940 0
   941 1
   942 0
   943 5
   944 4
   945 4
   946 1
   947 6
   948 2
   949 2
   950 5
   951 1
   952 3
   953 6
   954 1
   955 2
   956 4
   957 3
   958 1
   959 3
   960 2
   961 1
   962 1
   963 3
   964 1
   965 0
   966 2
   967 1
   968 2
   969 3
   970 1
   971 4
   972 4
   973 1
   974 3
   975 3
   976 2
   977 1
   978 2
   979 3
   980 1
   981 2
   982 1
   983 1
   984 3
   985 1
   986 3
   987 4
   988 0
   989 2
   990 0
   991 0
   992 1
   993 1
   994 1
   995 1
   996 0
   997 2
   998 1
   999 0
   1000 0
   1001 0
   1002 3
   1003 0
   1004 1
   1005 2
   1006 1
   1007 0
   1008 1
   1009 1
   1010 0
   1011 1
   1012 2
   1013 1
   1014 1
   1015 1
   1016 1
   1017 3
   1018 0
   1019 5
   1020 1
   1021 2
   1022 1
   1023 0
   1024 1
   1025 1
   1026 0
   1027 0
   1028 1
   1029 1
   1030 2
   1031 3
   1032 1
   1033 1
   1034 1
   1035 0
   1036 2
   1037 0
   1038 3
   1039 1
   1040 2
   1041 1
   1042 3
   1043 4
   1044 1
   1045 1
   1046 2
   1047 2
   1048 3
   1049 3
   1050 2
   1051 1
   1052 3
   1053 5
   1054 6
   1055 5
   1056 2
   1057 3
   1058 1
   1059 1
   1060 0
   1061 3
   1062 1
   1063 5
   1064 0
   1065 3
   1066 0
   1067 3
   1068 2
   1069 5
   1070 1
   1071 5
   1072 3
   1073 3
   1074 9
   1075 4
   1076 4
   1077 4
   1078 4
   1079 3
   1080 3
   1081 5
   1082 8
   1083 2
   1084 3
   1085 12
   1086 5
   1087 6
   1088 10
   1089 3
   1090 9
   1091 6
   1092 3
   1093 3
   1094 3
   1095 5
   1096 0
   1097 4
   1098 2
   1099 2
   1100 0
   1101 1
   1102 0
   1103 1
   1104 1
   1105 2
   1106 3
   1107 1
   1108 1
   1109 3
   1110 0
   1111 1
   1112 1
   1113 1
   1114 1
   1115 5
   1116 2
   1117 0
   1118 2
   1119 2
   1120 0
   1121 2
   1122 0
   1123 3
   1124 1
   1125 0
   1126 4
   1127 2
   1128 2
   1129 3
   1130 1
   1131 0
   1132 1
   1133 5
   1134 1
   1135 1
   1136 3
   1137 0
   1138 4
   1139 1
   1140 1
   1141 2
   1142 0
   1143 0
   1144 1
   1145 0
   1146 0
   1147 0
   1148 1
   1149 3
   1150 0
   1151 1
   1152 2
   1153 1
   1154 2
   1155 0
   1156 2
   1157 2
   1158 1
   1159 0
   1160 0
   1161 1
   1162 1
   1163 0
   1164 1
   1165 0
   1166 1
   1167 0
   1168 0
   1169 0
   1170 3
   1171 1
   1172 1
   1173 0
   1174 0
   1175 2
   1176 1
   1177 1
   1178 2
   1179 1
   1180 1
   1181 1
   1182 1
   1183 1
   1184 0
   1185 0
   1186 3
   1187 2
   1188 0
   1189 1
   1190 2
   1191 0
   1192 1
   1193 0
   1194 2
   1195 1
   1196 2
   1197 1
   1198 0
   1199 0
   1200 3
   1201 3
   1202 0
   1203 1
   1204 2
   1205 3
   1206 0
   1207 3
   1208 1
   1209 0
   1210 3
   1211 3
   1212 1
   1213 0
   1214 1
   1215 4
   1216 3
   1217 5
   1218 2
   1219 0
   1220 1
   1221 5
   1222 0
   1223 3
   1224 4
   1225 3
   1226 1
   1227 2
   1228 0
   1229 1
   1230 1
   1231 1
   1232 1
   1233 2
   1234 2
   1235 0
   1236 2
   1237 2
   1238 2
   1239 2
   1240 2
   1241 1
   1242 3
   1243 9
   1244 10
   1245 2
   1246 4
   1247 1
   1248 5
   1249 1
   1250 0
   1251 1
   1252 4
   1253 3
   1254 0
   1255 2
   1256 3
   1257 2
   1258 1
   1259 2
   1260 0
   1261 0
   1262 0
   1263 2
   1264 2
   1265 2
   1266 1
   1267 1
   1268 2
   1269 1
   1270 2
   1271 1
   1272 1
   1273 1
   1274 1
   1275 0
   1276 3
   1277 0
   1278 0
   1279 0
   1280 1
   1281 1
   1282 0
   1283 0
   1284 0
   1285 0
   1286 0
   1287 0
   1288 0
   1289 0
   1290 0
   1291 1
   1292 1
   1293 0
   1294 1
   1295 0
   1296 0
   1297 1
   1298 0
   1299 1
   1300 0
   1301 0
   1302 0
   1303 0
   1304 1
   1305 0
   1306 0
   1307 1
   1308 1
   1309 0
   1310 1
   1311 0
   1312 0
   1313 0
   1314 0
   1315 2
   1316 1
   1317 0
   1318 1
   1319 0
   1320 1
   1321 0
   1322 0
   1323 1
   1324 2
   1325 0
   1326 0
   1327 0
   1328 0
   1329 1
   1330 0
   1331 1
   1332 0
   1333 2
   1334 0
   1335 0
   1336 1
   1337 2
   1338 0
   1339 0
   1340 1
   1341 0
   1342 0
   1343 0
   1344 1
   1345 3
   1346 0
   1347 2
   1348 0
   1349 3
   1350 1
   1351 1
   1352 0
   1353 1
   1354 0
   1355 1
   1356 1
   1357 0
   1358 0
   1359 1
   1360 2
   1361 2
   1362 0
   1363 1
   1364 1
   1365 3
   1366 0
   1367 1
   1368 1
   1369 2
   1370 1
   1371 1
   1372 1
   1373 0
   1374 1
   1375 0
   1376 1
   1377 1
   1378 1
   1379 2
   1380 0
   1381 1
   1382 2
   1383 2
   1384 0
   1385 0
   1386 1
   1387 1
   1388 5
   1389 0
   1390 1
   1391 2
   1392 2
   1393 6
   1394 2
   1395 4
   1396 2
   1397 7
   1398 1
   1399 3
   1400 3
   1401 2
   1402 3
   1403 1
   1404 2
   1405 3
   1406 1
   1407 2
   1408 1
   1409 0
   1410 1
   1411 0
   1412 0
   1413 1
   1414 2
   1415 1
   1416 1
   1417 2
   1418 1
   1419 1
   1420 0
   1421 0
   1422 1
   1423 1
   1424 2
   1425 0
   1426 0
   1427 0
   1428 0
   1429 0
   1430 1
   1431 2
   1432 0
   1433 0
   1434 2
   1435 0
   1436 1
   1437 1
   1438 0
   1439 1
   1440 0
   1441 0
   1442 1
   1443 1
   1444 2
   1445 0
   1446 0
   1447 0
   1448 2
   1449 1
   1450 1
   1451 0
   1452 2
   1453 0
   1454 1
   1455 3
   1456 0
   1457 0
   1458 1
   1459 0
   1460 1
   1461 0
   1462 0
   1463 0
   1464 0
   1465 1
   1466 0
   1467 1
   1468 0
   1469 1
   1470 1
   1471 1
   1472 0
   1473 0
   1474 1
   1475 0
   1476 0
   1477 0
   1478 0
   1479 1
   1480 0
   1481 1
   1482 0
   1483 0
   1484 0
   1485 0
   1486 0
   1487 0
   1488 2
   1489 1
   1490 0
   1491 0
   1492 0
   1493 0
   1494 0
   1495 0
   1496 0
   1497 1
   1498 1
   1499 0
   1500 0
   1501 0
   1502 2
   1503 0
   1504 0
   1505 0
   1506 0
   1507 1
   1508 1
   1509 2
   1510 0
   1511 1
   1512 0
   1513 0
   1514 0
   1515 0
   1516 0
   1517 0
   1518 1
   1519 1
   1520 0
   1521 1
   1522 1
   1523 0
   1524 0
   1525 0
   1526 1
   1527 1
   1528 1
   1529 0
   1530 0
   1531 0
   1532 2
   1533 2
   1534 4
   1535 0
   1536 0
   1537 1
   1538 0
   1539 1
   1540 0
   1541 1
   1542 1
   1543 0
   1544 0
   1545 0
   1546 1
   1547 1
   1548 0
   1549 1
   1550 2
   1551 1
   1552 3
   1553 2
   1554 2
   1555 7
   1556 1
   1557 2
   1558 2
   1559 1
   1560 0
   1561 0
   1562 0
   1563 1
   1564 0
   1565 0
   1566 1
   1567 1
   1568 0
   1569 1
   1570 1
   1571 1
   1572 1
   1573 0
   1574 1
   1575 1
   1576 0
   1577 2
   1578 0
   1579 0
   1580 1
   1581 1
   1582 1
   1583 0
   1584 0
   1585 0
   1586 0
   1587 0
   1588 0
   1589 0
   1590 0
   1591 0
   1592 0
   1593 0
   1594 0
   1595 1
   1596 2
   1597 0
   1598 0
   1599 1
   1600 0
   1601 1
   1602 0
   1603 0
   1604 1
   1605 0
   1606 0
   1607 0
   1608 0
   1609 0
   1610 0
   1611 0
   1612 0
   1613 0
   1614 0
   1615 1
   1616 0
   1617 0
   1618 0
   1619 0
   1620 0
   1621 0
   1622 0
   1623 0
   1624 0
   1625 0
   1626 1
   1627 0
   1628 0
   1629 0
   1630 0
   1631 0
   1632 1
   1633 0
   1634 0
   1635 1
   1636 0
   1637 0
   1638 0
   1639 1
   1640 0
   1641 1
   1642 0
   1643 0
   1644 0
   1645 1
   1646 0
   1647 0
   1648 0
   1649 0
   1650 0
   1651 0
   1652 0
   1653 0
   1654 0
   1655 0
   1656 0
   1657 0
   1658 0
   1659 0
   1660 0
   1661 0
   1662 2
   1663 0
   1664 1
   1665 0
   1666 2
   1667 0
   1668 0
   1669 0
   1670 2
   1671 0
   1672 0
   1673 0
   1674 0
   1675 0
   1676 0
   1677 0
   1678 0
   1679 1
   1680 0
   1681 0
   1682 0
   1683 0
   1684 0
   1685 0
   1686 1
   1687 0
   1688 0
   1689 0
   1690 0
   1691 0
   1692 0
   1693 0
   1694 1
   1695 0
   1696 0
   1697 0
   1698 0
   1699 0
   1700 0
   1701 0
   1702 0
   1703 0
   1704 1
   1705 1
   1706 2
   1707 0
   1708 0
   1709 0
   1710 0
   1711 3
   1712 0
   1713 0
   1714 1
   1715 0
   1716 0
   1717 1
   1718 0
   1719 0
   1720 0
   1721 0
   1722 1
   1723 0
   1724 0
   1725 0
   1726 0
   1727 0
   1728 0
   1729 0
   1730 1
   1731 1
   1732 0
   1733 0
   1734 2
   1735 0
   1736 0
   1737 0
   1738 1
   1739 0
   1740 1
   1741 0
   1742 0
   1743 0
   1744 1
   1745 0
   1746 0
   1747 0
   1748 0
   1749 0
   1750 0
   1751 0
   1752 0
   1753 0
   1754 0
   1755 0
   1756 0
   1757 0
   1758 0
   1759 0
   1760 0
   1761 0
   1762 1
   1763 0
   1764 0
   1765 0
   1766 0
   1767 0
   1768 0
   1769 0
   1770 2
   1771 0
   1772 0
   1773 0
   1774 0
   1775 0
   1776 0
   1777 0
   1778 0
   1779 0
   1780 0
   1781 0
   1782 0
   1783 0
   1784 0
   1785 0
   1786 0
   1787 0
   1788 0
   1789 0
   1790 0
   1791 0
   1792 0
   1793 1
   1794 0
   1795 0
   1796 0
   1797 0
   1798 0
   1799 0
   1800 0
   1801 0
   1802 0
   1803 0
   1804 0
   1805 0
   1806 0
   1807 0
   1808 0
   1809 0
   1810 0
   1811 0
   1812 0
   1813 0
   1814 0
   1815 0
   1816 1
   1817 0
   1818 0
   1819 0
   1820 0
   1821 1
   1822 1
   1823 0
   1824 0
   1825 0
   1826 0
   1827 0
   1828 0
   1829 0
   1830 0
   1831 1
   1832 0
   1833 1
   1834 0
   1835 0
   1836 1
   1837 0
   1838 0
   1839 0
   1840 1
   1841 0
   1842 0
   1843 0
   1844 1
   1845 0
   1846 0
   1847 0
   1848 2
   1849 0
   1850 0
   1851 0
   1852 0
   1853 0
   1854 0
   1855 0
   1856 0
   1857 1
   1858 0
   1859 0
   1860 1
   1861 1
   1862 0
   1863 1
   1864 1
   1865 0
   1866 0
   1867 1
   1868 1
   1869 1
   1870 2
   1871 0
   1872 0
   1873 0
   1874 0
   1875 1
   1876 0
   1877 1
   1878 0
   1879 0
   1880 0
   1881 0
   1882 0
   1883 0
   1884 0
   1885 0
   1886 0
   1887 1
   1888 0
   1889 0
   1890 0
   1891 1
   1892 0
   1893 1
   1894 0
   1895 0
   1896 0
   1897 0
   1898 0
   1899 0
   1900 0
   1901 0
   1902 0
   1903 0
   1904 0
   1905 0
   1906 0
   1907 0
   1908 0
   1909 0
   1910 0
   1911 1
   1912 0
   1913 0
   1914 0
   1915 0
   1916 0
   1917 0
   1918 0
   1919 0
   1920 0
   1921 0
   1922 0
   1923 0
   1924 0
   1925 0
   1926 0
   1927 0
   1928 0
   1929 0
   1930 0
   1931 0
   1932 0
   1933 0
   1934 0
   1935 0
   1936 0
   1937 2
   1938 0
   1939 0
   1940 0
   1941 0
   1942 0
   1943 0
   1944 0
   1945 0
   1946 0
   1947 0
   1948 0
   1949 0
   1950 0
   1951 1
   1952 0
   1953 0
   1954 0
   1955 0
   1956 0
   1957 0
   1958 0
   1959 1
   1960 0
   1961 0
   1962 0
   1963 0
   1964 0
   1965 0
   1966 0
   1967 0
   1968 0
   1969 0
   1970 1
   1971 0
   1972 0
   1973 0
   1974 0
   1975 0
   1976 0
   1977 0
   1978 0
   1979 0
   1980 0
   1981 0
   1982 1
   1983 0
   1984 0
   1985 0
   1986 0
   1987 1
   1988 0
   1989 0
   1990 0
   1991 0
   1992 0
   1993 0
   1994 0
   1995 0
   1996 0
   1997 0
   1998 0
   1999 0
   2000 0
   2001 0
   2002 1
   2003 0
   2004 0
   2005 0
   2006 0
   2007 0
   2008 1
   2009 0
   2010 0
   2011 0
   2012 0
   2013 1
   2014 0
   2015 0
   2016 0
   2017 0
   2018 0
   2019 0
   2020 0
   2021 0
   2022 0
   2023 0
   2024 0
   2025 0
   2026 0
   2027 0
   2028 0
   2029 0
   2030 0
   2031 0
   2032 0
   2033 0
   2034 0
   2035 0
   2036 0
   2037 0
   2038 0
   2039 0
   2040 0
   2041 0
   2042 0
   2043 0
   2044 0
   2045 0
   2046 0
   2047 0
   2048 0
   2049 0
   2050 0
   2051 0
   2052 0
   2053 0
   2054 0
   2055 0
   2056 0
   2057 0
   2058 0
   2059 0
   2060 0
   2061 0
   2062 0
   2063 0
   2064 2
   2065 0
   2066 0
   2067 0
   2068 0
   2069 0
   2070 0
   2071 0
   2072 0
   2073 0
   2074 0
   2075 0
   2076 0
   2077 0
   2078 0
   2079 0
   2080 0
   2081 0
   2082 0
   2083 0
   2084 0
   2085 0
   2086 0
   2087 0
   2088 0
   2089 0
   2090 0
   2091 0
   2092 0
   2093 0
   2094 0
   2095 0
   2096 0
   2097 0
   2098 0
   2099 0
   2100 0
   2101 0
   2102 0
   2103 0
   2104 0
   2105 0
   2106 0
   2107 0
   2108 0
   2109 0
   2110 0
   2111 0
   2112 0
   2113 0
   2114 0
   2115 0
   2116 0
   2117 0
   2118 0
   2119 0
   2120 0
   2121 0
   2122 0
   2123 0
   2124 0
   2125 0
   2126 0
   2127 1
   2128 0
   2129 0
   2130 0
   2131 0
   2132 0
   2133 0
   2134 0
   2135 0
   2136 0
   2137 0
   2138 0
   2139 0
   2140 0
   2141 0
   2142 0
   2143 0
   2144 0
   2145 1
   2146 0
   2147 0
   2148 0
   2149 0
   2150 0
   2151 0
   2152 0
   2153 0
   2154 0
   2155 0
   2156 0
   2157 0
   2158 0
   2159 0
   2160 0
   2161 0
   2162 0
   2163 0
   2164 0
   2165 0
   2166 0
   2167 0
   2168 0
   2169 0
   2170 0
   2171 0
   2172 0
   2173 0
   2174 0
   2175 0
   2176 0
   2177 0
   2178 0
   2179 0
   2180 0
   2181 0
   2182 0
   2183 0
   2184 0
   2185 0
   2186 0
   2187 0
   2188 0
   2189 0
   2190 0
   2191 0
   2192 0
   2193 0
   2194 0
   2195 0
   2196 0
   2197 0
   2198 0
   2199 0
   2200 0
   2201 0
   2202 0
   2203 0
   2204 0
   2205 0
   2206 0
   2207 0
   2208 0
   2209 0
   2210 0
   2211 0
   2212 0
   2213 0
   2214 0
   2215 0
   2216 0
   2217 0
   2218 0
   2219 0
   2220 0
   2221 0
   2222 0
   2223 0
   2224 0
   2225 0
   2226 0
   2227 0
   2228 0
   2229 0
   2230 0
   2231 0
   2232 0
   2233 0
   2234 0
   2235 0
   2236 0
   2237 0
   2238 0
   2239 0
   2240 0
   2241 0
   2242 0
   2243 0
   2244 0
   2245 0
   2246 0
   2247 0
   2248 0
   2249 0
   2250 0
   2251 0
   2252 0
   2253 0
   2254 0
   2255 0
   2256 0
   2257 0
   2258 0
   2259 0
   2260 0
   2261 0
   2262 0
   2263 0
   2264 0
   2265 0
   2266 0
   2267 0
   2268 0
   2269 0
   2270 0
   2271 0
   2272 0
   2273 0
   2274 0
   2275 0
   2276 0
   2277 0
   2278 0
   2279 0
   2280 0
   2281 0
   2282 0
   2283 0
   2284 0
   2285 0
   2286 0
   2287 0
   2288 0
   2289 0
   2290 0
   2291 0
   2292 0
   2293 0
   2294 0
   2295 0
   2296 0
   2297 0
   2298 0
   2299 0
   2300 0
   2301 0
   2302 0
   2303 0
   2304 0
   2305 0
   2306 0
   2307 0
   2308 0
   2309 0
   2310 0
   2311 0
   2312 0
   2313 0
   2314 0
   2315 0
   2316 0
   2317 0
   2318 0
   2319 0
   2320 0
   2321 0
   2322 0
   2323 0
   2324 0
   2325 0
   2326 0
   2327 0
   2328 0
   2329 0
   2330 0
   2331 0
   2332 0
   2333 0
   2334 0
   2335 0
   2336 0
   2337 0
   2338 0
   2339 0
   2340 0
   2341 0
   2342 0
   2343 0
   2344 0
   2345 0
   2346 0
   2347 0
   2348 0
   2349 0
   2350 0
   2351 0
   2352 0
   2353 0
   2354 0
   2355 0
   2356 0
   2357 0
   2358 0
   2359 0
   2360 0
   2361 0
   2362 1
   2363 0
   2364 0
   2365 0
   2366 0
   2367 0
   2368 0
   2369 0
   2370 0
   2371 0
   2372 0
   2373 0
   2374 0
   2375 0
   2376 0
   2377 0
   2378 0
   2379 0
   2380 0
   2381 0
   2382 0
   2383 0
   2384 0
   2385 0
   2386 0
   2387 0
   2388 0
   2389 0
   2390 0
   2391 0
   2392 0
   2393 0
   2394 0
   2395 0
   2396 0
   2397 0
   2398 0
   2399 0
   2400 0
   2401 0
   2402 0
   2403 0
   2404 0
   2405 0
   2406 0
   2407 0
   2408 0
   2409 0
   2410 0
   2411 0
   2412 0
   2413 0
   2414 0
   2415 0
   2416 0
   2417 0
   2418 0
   2419 0
   2420 0
   2421 0
   2422 0
   2423 0
   2424 0
   2425 0
   2426 0
   2427 0
   2428 0
   2429 0
   2430 0
   2431 0
   2432 0
   2433 1
MGET HIST END
