[7l----total-cpu-usage---- -dsk/total- -net/total- ---paging-- ---system--
usr sys idl wai hiq siq| read  writ| recv  send|  in   out | int   csw 
  6   2  92   0   0   0|  11k  280k|   0     0 |   0     0 |1405  3930 
 20   6  72   0   0   2|   0     0 |6616k 6622k|   0     0 |2841  7570 
 12   4  82   0   0   1|   0     0 |6675k 6676k|   0     0 |2699  7204 
  9   5  86   0   0   1|   0     0 |6603k 6599k|   0     0 |2691  7068 
 10   4  86   0   0   1|   0     0 |6957k 6958k|   0     0 |2974  7432 
 12   4  83   0   0   1|   0     0 |6562k 6545k|   0     0 |3042  7175 
  9   4  87   0   0   1|   0     0 |6481k 6487k|   0     0 |3039  6992 
  8   4  88   0   0   0|   0     0 |6688k 6685k|   0     0 |3174  7187 
  9   4  87   0   0   0|   0     0 |6748k 6752k|   0     0 |3048  7060 
 10   4  85   0   0   1|   0     0 |6713k 6700k|   0     0 |3082  7405 
  9   4  87   0   0   1|   0     0 |6559k 6567k|   0     0 |2905  6734 
  9   4  86   0   0   1|   0     0 |6754k 6748k|   0     0 |3051  7068 
  8   4  87   0   0   0|   0     0 |6790k 6787k|   0     0 |3081  7116 
  8   4  87   0   0   1|   0     0 |6606k 6589k|   0     0 |2979  6916 
 10   4  85   0   0   1|   0     0 |6540k 6543k|   0     0 |3111  7078 
  8   4  88   0   0   1|   0     0 |6630k 6635k|   0     0 |3018  6999 
  8   5  86   0   0   1|   0     0 |6430k 6430k|   0     0 |3036  7041 
  8   4  87   0   0   1|   0     0 |6647k 6643k|   0     0 |3052  7013 
  8   5  87   0   0   0|   0     0 |6710k 6704k|   0     0 |3067  7051 
 10   4  85   0   0   1|   0     0 |6562k 6560k|   0     0 |3092  7222 
  9   4  87   0   0   1|   0     0 |6419k 6411k|   0     0 |2847  6729 
  8   4  87   0   0   1|   0     0 |6670k 6656k|   0     0 |3038  7024 
  9   4  87   0   0   1|   0     0 |6735k 6745k|   0     0 |3075  7291 
 10   4  85   0   0   1|   0     0 |6872k 6859k|   0     0 |3119  7236 
 10   4  85   0   0   1|   0     0 |6631k 6634k|   0     0 |3103  7086 
  9   4  86   0   0   1|   0    56k|6711k 6704k|   0     0 |3028  7147 
  9   4  86   0   0   1|   0    32k|6460k 6458k|   0     0 |2918  6952 
  9   4  87   0   0   0|   0     0 |6800k 6788k|   0     0 |3156  7299 
  9   4  87   0   0   0|   0     0 |6788k 6776k|   0     0 |3127  7224 
  8   4  87   0   0   1|   0     0 |6505k 6510k|   0     0 |2959  6747 
  8   5  86   0   0   0|   0     0 |6932k 6931k|   0     0 |3202  7302 
  8   5  87   0   0   1|   0  8192B|6861k 6862k|   0     0 |3222  7384 
  8   4  88   0   0   0|   0     0 |6798k 6795k|   0     0 |3118  7197 
  9   3  87   0   0   0|   0     0 |6607k 6608k|   0     0 |2980  7033 
  9   4  86   0   0   1|   0     0 |6581k 6574k|   0     0 |3029  7062 
  8   3  88   0   0   0|   0     0 |6493k 6489k|   0     0 |3005  6917 
  8   5  87   0   0   1|   0     0 |6708k 6712k|   0     0 |3159  7334 
  8   4  88   0   0   0|   0     0 |6584k 6574k|   0     0 |3024  7054 
  8   4  87   0   0   0|   0     0 |6960k 6949k|   0     0 |3245  7491 
  9   5  86   0   0   1|   0     0 |6559k 6562k|   0     0 |3076  7061 
  8   4  87   0   0   1|   0     0 |6759k 6754k|   0     0 |3073  7174 
  9   4  87   0   0   1|   0     0 |6812k 6809k|   0     0 |3045  7111 
  8   4  88   0   0   1|   0     0 |6621k 6612k|   0     0 |3131  7267 
  8   5  87   0   0   1|   0     0 |6520k 6515k|   0     0 |3021  6952 
  8   4  87   0   0   1|   0     0 |6642k 6640k|   0     0 |3054  7073 
  9   3  87   0   0   1|   0     0 |6535k 6527k|   0     0 |3090  7095 
  9   4  86   0   0   1|   0     0 |6366k 6373k|   0     0 |2836  6765 
  9   4  86   0   0   1|   0     0 |6452k 6432k|   0     0 |2859  6765 
  8   4  87   0   0   0|   0     0 |6621k 6637k|   0     0 |3000  7034 
  8   4  87   0   0   1|   0     0 |6634k 6627k|   0     0 |3071  7189 
  9   5  86   0   0   1|   0     0 |6694k 6685k|   0     0 |3039  7027 
  7   4  88   0   0   1|   0     0 |6594k 6600k|   0     0 |2966  6943 
  9   4  86   0   0   1|   0     0 |6800k 6782k|   0     0 |3147  7211 
  8   4  87   0   0   1|   0     0 |6638k 6634k|   0     0 |3028  7042 
  9   4  87   0   0   0|   0     0 |6593k 6594k|   0     0 |3044  7155 
  8   5  87   0   0   1|   0    20k|6743k 6737k|   0     0 |3059  7247 
  8   4  88   0   0   0|   0     0 |6725k 6723k|   0     0 |3031  7117 
  8   4  87   0   0   1|   0    68k|6584k 6584k|   0     0 |3012  7109 
  8   3  88   0   0   1|   0     0 |6663k 6654k|   0     0 |2912  7037 
  9   5  86   0   0   1|   0     0 |6745k 6737k|   0     0 |3054  7275 
  8   3  88   0   0   1|   0     0 |6711k 6717k|   0     0 |3088  7173 
  9   3  87   0   0   1|   0     0 |6641k 6633k|   0     0 |3022  7081 
  8   4  87   0   0   1|   0    16k|6567k 6538k|   0     0 |2966  6944 
  7   5  87   0   0   1|   0     0 |6651k 6668k|   0     0 |3149  7170 
  8   5  86   0   0   0|   0     0 |6592k 6589k|   0     0 |3082  6989 
  9   4  87   0   0   1|   0     0 |6657k 6654k|   0     0 |3074  7084 
 10   4  87   0   0   0|   0     0 |6511k 6504k|   0     0 |2976  7065 
  9   4  86   0   0   1|   0     0 |6678k 6655k|   0     0 |2981  7147 
 12   4  83   0   0   1|   0     0 |6738k 6754k|   0     0 |2972  7068 
  9   4  86   0   0   0|   0     0 |6726k 6727k|   0     0 |3024  7349 
  8   5  87   0   0   0|   0     0 |6266k 6261k|   0     0 |2825  6780 
