STAT START
secs,qlen,thru,msrt,items,nset,nget,nmget,sqt,gqt,mqt,swt,gwt,mwt
1,0,574.000000000000,0.020905923345,574,0,574,0,NaN,0.000164310822,NaN,NaN,0.002651489226,NaN
1,0,1343.000000000000,0.011913626210,1343,0,1343,0,NaN,0.000211409010,NaN,NaN,0.001945381216,NaN
1,0,1569.000000000000,0.012109623964,1569,0,1569,0,NaN,0.000233761571,NaN,NaN,0.003463489834,NaN
1,0,1484.000000000000,0.006064690027,1484,0,1484,0,NaN,0.000196905396,NaN,NaN,0.004798918490,NaN
1,1,1383.000000000000,0.007230657990,1383,0,1383,0,NaN,0.000213876736,NaN,NaN,0.004845391463,NaN
1,5,1491.000000000000,0.014084507042,1491,0,1491,0,NaN,0.000265707508,NaN,NaN,0.004509323291,NaN
1,0,1446.000000000000,0.007607192254,1446,0,1446,0,NaN,0.000191511335,NaN,NaN,0.004804670205,NaN
1,0,1433.000000000000,0.016050244243,1433,0,1433,0,NaN,0.000183135511,NaN,NaN,0.004849966518,NaN
1,0,1518.000000000000,0.009222661397,1518,0,1518,0,NaN,0.000242745845,NaN,NaN,0.004408039000,NaN
1,0,1466.000000000000,0.008867667121,1466,0,1466,0,NaN,0.000223571071,NaN,NaN,0.004726519847,NaN
1,0,1485.000000000000,0.005387205387,1485,0,1485,0,NaN,0.000278124437,NaN,NaN,0.004410926680,NaN
1,0,1477.000000000000,0.009478672986,1477,0,1477,0,NaN,0.000186142116,NaN,NaN,0.004783018712,NaN
1,0,1442.000000000000,0.010402219140,1442,0,1442,0,NaN,0.000161956847,NaN,NaN,0.004860500665,NaN
1,0,1454.000000000000,0.015130674003,1454,0,1454,0,NaN,0.000166081628,NaN,NaN,0.004657644381,NaN
1,0,1455.000000000000,0.006185567010,1455,0,1455,0,NaN,0.000188193821,NaN,NaN,0.004347666003,NaN
1,3,1502.000000000000,0.015312916112,1502,0,1502,0,NaN,0.000203144830,NaN,NaN,0.003779532379,NaN
1,0,1480.000000000000,0.014189189189,1480,0,1480,0,NaN,0.000211295417,NaN,NaN,0.004600737799,NaN
1,0,1474.000000000000,0.013568521031,1474,0,1474,0,NaN,0.000224196060,NaN,NaN,0.004624545881,NaN
1,1,1424.000000000000,0.010533707865,1424,0,1424,0,NaN,0.000214567989,NaN,NaN,0.004912446422,NaN
1,0,1455.000000000000,0.002749140893,1455,0,1455,0,NaN,0.000245092202,NaN,NaN,0.004326187144,NaN
1,3,1508.000000000000,0.015251989390,1508,0,1508,0,NaN,0.000205705792,NaN,NaN,0.004295530979,NaN
1,5,1447.000000000000,0.006910850035,1447,0,1447,0,NaN,0.000164651229,NaN,NaN,0.004895983729,NaN
1,0,1422.000000000000,0.009142053446,1422,0,1422,0,NaN,0.000219200036,NaN,NaN,0.004908650185,NaN
1,12,1457.000000000000,0.002059025395,1457,0,1457,0,NaN,0.000179403123,NaN,NaN,0.005142349146,NaN
1,0,1430.000000000000,0.004195804196,1430,0,1430,0,NaN,0.000245667211,NaN,NaN,0.004661638898,NaN
1,4,1434.000000000000,0.008368200837,1434,0,1434,0,NaN,0.000246196738,NaN,NaN,0.004667488711,NaN
1,0,1507.000000000000,0.014598540146,1507,0,1507,0,NaN,0.000233907906,NaN,NaN,0.004507822301,NaN
1,4,1500.000000000000,0.005333333333,1500,0,1500,0,NaN,0.000196869089,NaN,NaN,0.004733321285,NaN
1,0,1460.000000000000,0.023287671233,1460,0,1460,0,NaN,0.000239026577,NaN,NaN,0.004763812197,NaN
1,0,1448.000000000000,0.011740331492,1448,0,1448,0,NaN,0.000206543267,NaN,NaN,0.004909253195,NaN
1,8,1490.000000000000,0.008724832215,1490,0,1490,0,NaN,0.000204668885,NaN,NaN,0.004846065991,NaN
1,0,1439.000000000000,0.016678248784,1439,0,1439,0,NaN,0.000200529366,NaN,NaN,0.004880793010,NaN
1,0,1469.000000000000,0.003403675970,1469,0,1469,0,NaN,0.000216237088,NaN,NaN,0.004294675673,NaN
1,0,1441.000000000000,0.016655100625,1441,0,1441,0,NaN,0.000211160416,NaN,NaN,0.005163135075,NaN
1,0,1504.000000000000,0.007313829787,1504,0,1504,0,NaN,0.000194164285,NaN,NaN,0.004390449717,NaN
1,0,1461.000000000000,0.007529089665,1461,0,1461,0,NaN,0.000219206719,NaN,NaN,0.004980475307,NaN
1,0,1462.000000000000,0.012995896033,1462,0,1462,0,NaN,0.000179171737,NaN,NaN,0.004898587614,NaN
1,0,1500.000000000000,0.011333333333,1500,0,1500,0,NaN,0.000189333751,NaN,NaN,0.004671433821,NaN
1,0,1456.000000000000,0.004807692308,1456,0,1456,0,NaN,0.000167367718,NaN,NaN,0.005017634637,NaN
1,0,1421.000000000000,0.015482054891,1421,0,1421,0,NaN,0.000131864938,NaN,NaN,0.004775012450,NaN
1,1,1418.000000000000,0.012693935120,1418,0,1418,0,NaN,0.000122499682,NaN,NaN,0.004826300644,NaN
1,0,1399.000000000000,0.002859185132,1399,0,1399,0,NaN,0.000142979336,NaN,NaN,0.004774485993,NaN
1,0,1434.000000000000,0.007670850767,1434,0,1434,0,NaN,0.000225167865,NaN,NaN,0.004625689177,NaN
1,0,1523.000000000000,0.003282994091,1523,0,1523,0,NaN,0.000184010412,NaN,NaN,0.003768361738,NaN
1,0,1422.000000000000,0.003516174402,1422,0,1422,0,NaN,0.000182451943,NaN,NaN,0.004857169842,NaN
1,0,1434.000000000000,0.000697350070,1434,0,1434,0,NaN,0.000207446554,NaN,NaN,0.004599779903,NaN
1,0,1449.000000000000,0.011732229124,1449,0,1449,0,NaN,0.000194584597,NaN,NaN,0.004187268469,NaN
1,0,1455.000000000000,0.006872852234,1455,0,1455,0,NaN,0.000220262640,NaN,NaN,0.004525085429,NaN
1,0,1455.000000000000,0.007560137457,1455,0,1455,0,NaN,0.000212022142,NaN,NaN,0.004840389300,NaN
1,0,1493.000000000000,0.006028131279,1493,0,1493,0,NaN,0.000219232945,NaN,NaN,0.004603305533,NaN
1,0,1494.000000000000,0.013386880857,1494,0,1494,0,NaN,0.000208965680,NaN,NaN,0.004524941197,NaN
1,0,1467.000000000000,0.017041581459,1467,0,1467,0,NaN,0.000197881513,NaN,NaN,0.004674660671,NaN
1,0,1455.000000000000,0.007560137457,1455,0,1455,0,NaN,0.000190413643,NaN,NaN,0.005112910975,NaN
1,0,1488.000000000000,0.020833333333,1488,0,1488,0,NaN,0.000192468247,NaN,NaN,0.004792159453,NaN
1,0,1503.000000000000,0.016633399867,1503,0,1503,0,NaN,0.000188483048,NaN,NaN,0.005260868343,NaN
1,0,1436.000000000000,0.006963788301,1436,0,1436,0,NaN,0.000214617331,NaN,NaN,0.004884642861,NaN
1,0,1553.000000000000,0.009658725048,1553,0,1553,0,NaN,0.000241775861,NaN,NaN,0.004347232562,NaN
1,0,1452.000000000000,0.004820936639,1452,0,1452,0,NaN,0.000174833374,NaN,NaN,0.005253991725,NaN
1,0,1498.000000000000,0.000667556742,1498,0,1498,0,NaN,0.000167104035,NaN,NaN,0.004266418194,NaN
1,0,1399.000000000000,0.008577555397,1399,0,1399,0,NaN,0.000137203644,NaN,NaN,0.004852942741,NaN
1,0,1426.000000000000,0.014726507714,1426,0,1426,0,NaN,0.000152384301,NaN,NaN,0.004336177242,NaN
1,0,1433.000000000000,0.004187020237,1433,0,1433,0,NaN,0.000159702663,NaN,NaN,0.004151720830,NaN
1,0,1396.000000000000,0.008595988539,1396,0,1396,0,NaN,0.000167709001,NaN,NaN,0.004826270074,NaN
1,0,1422.000000000000,0.009142053446,1422,0,1422,0,NaN,0.000168359025,NaN,NaN,0.004683702320,NaN
1,0,1427.000000000000,0.009110021023,1427,0,1427,0,NaN,0.000168049909,NaN,NaN,0.004851453746,NaN
1,0,1418.000000000000,0.003526093089,1418,0,1418,0,NaN,0.000188253767,NaN,NaN,0.004808612185,NaN
1,0,1416.000000000000,0.004943502825,1416,0,1416,0,NaN,0.000149106364,NaN,NaN,0.005143584255,NaN
1,0,1485.000000000000,0.007407407407,1485,0,1485,0,NaN,0.000196572639,NaN,NaN,0.004492237053,NaN
1,6,1394.000000000000,0.009325681492,1394,0,1394,0,NaN,0.000243196689,NaN,NaN,0.005250579618,NaN
1,0,1444.000000000000,0.015927977839,1444,0,1444,0,NaN,0.000226792846,NaN,NaN,0.004869524687,NaN
1,0,1115.000000000000,0.008071748879,1115,0,1115,0,NaN,0.000205844895,NaN,NaN,0.002920229076,NaN
1,0,658.000000000000,0.013677811550,658,0,658,0,NaN,0.000145119152,NaN,NaN,0.001585991292,NaN
STAT END
HIST START
303
   0 0
   1 0
   2 0
   3 0
   4 16
   5 561
   6 2260
   7 4334
   8 5968
   9 6755
   10 6415
   11 5833
   12 5053
   13 3927
   14 3036
   15 2354
   16 1854
   17 1352
   18 901
   19 743
   20 608
   21 549
   22 433
   23 395
   24 399
   25 377
   26 356
   27 370
   28 277
   29 234
   30 169
   31 187
   32 141
   33 121
   34 138
   35 138
   36 155
   37 124
   38 134
   39 187
   40 154
   41 177
   42 181
   43 168
   44 166
   45 185
   46 153
   47 177
   48 193
   49 224
   50 196
   51 247
   52 295
   53 283
   54 234
   55 290
   56 316
   57 343
   58 300
   59 310
   60 298
   61 351
   62 335
   63 302
   64 380
   65 351
   66 409
   67 398
   68 354
   69 410
   70 470
   71 587
   72 761
   73 923
   74 869
   75 996
   76 1008
   77 959
   78 940
   79 813
   80 743
   81 684
   82 644
   83 502
   84 561
   85 517
   86 559
   87 589
   88 496
   89 519
   90 520
   91 536
   92 550
   93 682
   94 835
   95 930
   96 997
   97 1128
   98 1451
   99 1913
   100 2371
   101 2064
   102 1690
   103 1379
   104 882
   105 465
   106 302
   107 252
   108 217
   109 180
   110 118
   111 135
   112 149
   113 121
   114 117
   115 97
   116 94
   117 78
   118 96
   119 83
   120 55
   121 51
   122 42
   123 33
   124 41
   125 49
   126 25
   127 19
   128 13
   129 18
   130 13
   131 11
   132 6
   133 4
   134 4
   135 6
   136 10
   137 9
   138 10
   139 2
   140 6
   141 4
   142 5
   143 2
   144 3
   145 2
   146 2
   147 4
   148 0
   149 2
   150 7
   151 9
   152 1
   153 1
   154 2
   155 10
   156 7
   157 7
   158 15
   159 19
   160 29
   161 53
   162 69
   163 60
   164 81
   165 78
   166 85
   167 81
   168 98
   169 125
   170 123
   171 179
   172 147
   173 156
   174 170
   175 171
   176 156
   177 136
   178 123
   179 95
   180 81
   181 65
   182 39
   183 25
   184 23
   185 19
   186 11
   187 14
   188 8
   189 11
   190 19
   191 12
   192 7
   193 6
   194 7
   195 14
   196 9
   197 15
   198 10
   199 12
   200 5
   201 10
   202 7
   203 9
   204 2
   205 1
   206 1
   207 1
   208 1
   209 6
   210 2
   211 2
   212 2
   213 4
   214 10
   215 2
   216 0
   217 0
   218 0
   219 1
   220 2
   221 2
   222 0
   223 0
   224 0
   225 0
   226 0
   227 1
   228 1
   229 1
   230 1
   231 2
   232 0
   233 0
   234 0
   235 0
   236 0
   237 0
   238 0
   239 0
   240 1
   241 2
   242 0
   243 0
   244 0
   245 0
   246 0
   247 0
   248 0
   249 0
   250 0
   251 0
   252 0
   253 0
   254 0
   255 0
   256 0
   257 2
   258 0
   259 0
   260 1
   261 1
   262 0
   263 1
   264 0
   265 0
   266 1
   267 2
   268 1
   269 0
   270 0
   271 0
   272 0
   273 0
   274 0
   275 2
   276 0
   277 1
   278 0
   279 1
   280 2
   281 2
   282 0
   283 1
   284 0
   285 2
   286 1
   287 0
   288 0
   289 0
   290 0
   291 0
   292 0
   293 3
   294 2
   295 1
   296 2
   297 0
   298 0
   299 1
   300 1
   301 2
   302 3
HIST END
