[7l----total-cpu-usage---- -dsk/total- -net/total- ---paging-- ---system--
usr sys idl wai hiq siq| read  writ| recv  send|  in   out | int   csw 
  2   2  94   1   0   1|  25k  184k|   0     0 |   0     0 | 336  1365 
  0   1  97   0   0   2|   0     0 |3770k  131k|   0     0 | 168   722 
  1   1  98   0   0   0|   0     0 |4097k  142k|   0     0 | 141   664 
  1   1  98   0   0   1|   0     0 |3849k  136k|   0     0 | 140   640 
  1   1  98   0   0   0|   0     0 |4019k  139k|   0     0 | 146   596 
  0   2  98   0   0   1|   0     0 |4015k  140k|   0     0 | 121   602 
  2   1  97   0   0   1|   0     0 |4569k  161k|   0     0 | 131   620 
  1   1  97   0   0   1|   0     0 |3892k  136k|   0     0 | 121   665 
  1   1  98   0   0   1|   0     0 |4169k  145k|   0     0 | 140   664 
  2   1  97   0   0   0|   0     0 |3385k  120k|   0     0 | 148   619 
  1   2  97   0   0   1|   0     0 |4160k  144k|   0     0 | 149   664 
  2   1  97   0   0   1|   0  4096B|3732k  130k|   0     0 | 184   623 
  1   1  98   0   0   1|   0     0 |4211k  149k|   0     0 | 182   671 
  1   1  98   0   0   1|   0     0 |4328k  150k|   0     0 | 138   630 
  1   1  98   0   0   0|   0     0 |3692k  129k|   0     0 | 147   618 
  1   1  97   0   0   1|   0     0 |4191k  149k|   0     0 | 120   656 
  0   1  98   0   0   1|   0   324k|3959k  138k|   0     0 | 138   664 
  1   2  96   0   0   1|   0     0 |4087k  142k|   0     0 | 133   644 
  1   1  98   0   0   1|   0     0 |4056k  143k|   0     0 | 129   650 
  1   1  97   0   0   2|   0     0 |4238k  147k|   0     0 | 113   610 
  1   0  99   0   0   1|   0     0 |4276k  148k|   0     0 | 127   627 
  0   2  96   2   0   1|   0    88k|4101k  145k|   0     0 | 161   675 
  1   1  99   0   0   0|   0    84k|3805k  132k|   0     0 | 121   605 
  1   1  98   0   0   1|   0     0 |4135k  144k|   0     0 | 127   650 
  1   1  98   0   0   0|   0     0 |4254k  150k|   0     0 | 136   639 
  1   1  98   0   0   1|   0     0 |3554k  124k|   0     0 | 151   628 
  1   1  98   0   0   0|   0     0 |3915k  136k|   0     0 | 138   675 
  1   2  97   0   0   1|   0     0 |4408k  156k|   0     0 | 141   717 
  1   2  97   0   0   1|   0     0 |4221k  147k|   0     0 | 145   651 
  1   1  97   0   0   0|   0     0 |3998k  139k|   0     0 | 116   603 
  0   1  99   0   0   0|   0     0 |4087k  145k|   0     0 | 136   671 
  1   2  97   0   0   1|   0     0 |4228k  147k|   0     0 | 146   653 
  1   0  97   0   0   1|   0  4096B|4446k  154k|   0     0 | 119   611 
  0   2  97   0   0   1|   0     0 |3836k  136k|   0     0 | 133   589 
  1   1  97   0   0   1|   0     0 |4062k  141k|   0     0 | 154   670 
  0   1  98   0   0   2|   0     0 |3971k  138k|   0     0 | 144   646 
  1   1  98   0   0   0|   0     0 |4384k  155k|   0     0 | 105   571 
  1   1  98   0   0   1|   0     0 |4166k  145k|   0     0 | 121   644 
  1   2  98   0   0   0|   0     0 |4362k  151k|   0     0 | 129   615 
  1   1  97   0   0   1|   0     0 |4140k  147k|   0     0 | 142   668 
  1   1  98   0   0   1|   0     0 |3980k  138k|   0     0 | 147   600 
  1   1  97   0   0   1|   0     0 |4143k  144k|   0     0 | 151   665 
  1   1  97   0   0   0|   0     0 |3718k  132k|   0     0 | 162   648 
  1   2  98   0   0   0|   0     0 |4242k  147k|   0     0 | 121   616 
  1   1  97   0   0   1|   0     0 |4408k  153k|   0     0 | 117   618 
  1   1  99   0   0   0|   0     0 |3696k  131k|   0     0 | 163   669 
  1   1  97   0   0   1|   0     0 |3783k  131k|   0     0 | 118   643 
  1   1  98   0   0   0|   0     0 |4122k  143k|   0     0 | 125   617 
  1   1  98   0   0   0|   0     0 |3848k  136k|   0     0 | 135   694 
  1   1  97   0   0   1|   0     0 |4090k  142k|   0     0 | 133   656 
  1   2  96   0   0   0|   0     0 |4037k  146k|   0     0 | 148   665 
  1   2  97   0   0   1|   0     0 |3526k  123k|   0     0 | 163   686 
  1   2  96   1   0   0|   0    36k|4263k  151k|   0     0 | 152   651 
  1   1  97   0   0   1|   0     0 |4104k  143k|   0     0 | 175   662 
  1   1  98   0   0   1|   0     0 |4043k  141k|   0     0 | 149   660 
  1   1  97   0   0   1|   0     0 |4180k  148k|   0     0 | 151   665 
  1   2  97   0   0   1|   0     0 |3952k  137k|   0     0 | 148   634 
  1   2  97   0   0   0|   0     0 |4173k  145k|   0     0 | 129   673 
  1   1  97   0   0   1|   0     0 |4250k  150k|   0     0 | 148   675 
  0   1  98   0   0   1|   0     0 |4335k  150k|   0     0 | 141   660 
  1   0  98   0   0   1|   0     0 |4541k  158k|   0     0 | 145   648 
  1   2  97   0   0   1|   0     0 |3935k  139k|   0     0 | 146   661 
  1   2  97   0   0   1|   0     0 |4335k  151k|   0     0 | 130   610 
  0   1  98   0   0   1|   0  8192B|4098k  142k|   0     0 | 117   626 
  1   1  97   0   0   1|   0     0 |4115k  145k|   0     0 | 133   669 
  1   1  98   0   0   0|   0     0 |4069k  141k|   0     0 | 109   555 
  1   1  97   0   0   1|   0     0 |4358k  151k|   0     0 | 132   662 
  1   1  97   0   0   1|   0     0 |4232k  150k|   0     0 | 129   697 
  1   1  98   0   0   0|   0     0 |4170k  145k|   0     0 | 131   627 
  1   1  97   0   0   1|   0     0 |3931k  136k|   0     0 | 151   633 
  1   2  97   0   0   1|   0     0 |4323k  153k|   0     0 |  81   608 
  1   1  97   0   0   0|   0     0 |4476k  156k|   0     0 | 111   614 
  1   1  99   0   0   0|   0     0 |3831k  133k|   0     0 |  78   598 
  1   1  97   0   0   1|   0     0 |3896k  138k|   0     0 | 107   679 
  1   1  98   0   0   0|   0     0 |4155k  144k|   0     0 |  83   606 
  1   1  98   0   0   1|   0     0 |3909k  137k|   0     0 |  88   642 
  1   2  96   0   0   1|   0     0 |3992k  142k|   0     0 |  97   646 
  0   1  98   0   0   1|   0     0 |4107k  143k|   0     0 |  82   653 
  1   1  98   0   0   1|   0     0 |4303k  149k|   0     0 |  87   637 
  1   2  97   0   0   0|   0     0 |4287k  151k|   0     0 | 106   616 
  1   1  97   0   0   1|   0     0 |4063k  141k|   0     0 |  96   655 
  1   1  98   0   0   0|   0     0 |3976k  138k|   0     0 | 102   623 
  2   1  97   0   0   1|   0     0 |4621k  163k|   0     0 | 103   631 
  1   1  97   1   0   1|   0    20k|3945k  137k|   0     0 | 119   656 
  1   1  97   0   0   1|   0    24k|4174k  145k|   0     0 | 123   669 
  1   1  97   0   0   2|   0     0 |4057k  143k|   0     0 | 121   638 
  1   1  96   0   0   2|   0     0 |4300k  149k|   0     0 | 124   667 
  1   0  98   0   0   1|   0     0 |4558k  158k|   0     0 | 131   702 
  1   1  97   0   0   1|   0     0 |4075k  144k|   0     0 | 101   692 
  1   1  97   0   0   1|   0     0 |4017k  139k|   0     0 |  98   667 
  1   1  98   0   0   0|   0     0 |4134k  143k|   0     0 |  89   607 
  1   2  98   0   0   0|   0     0 |4156k  147k|   0     0 | 103   718 
  1   1  98   0   0   1|   0     0 |3704k  129k|   0     0 | 107   632 
  0   1  98   0   0   1|   0     0 |3918k  136k|   0     0 | 119   646 
  1   0  98   0   0   1|   0  4096B|4538k  161k|   0     0 | 117   686 
  2   1  97   0   0   1|   0     0 |4013k  139k|   0     0 | 100   641 
  1   2  97   0   0   0|   0     0 |4074k  141k|   0     0 | 104   633 
  2   1  97   0   0   1|   0     0 |4354k  154k|   0     0 | 101   670 
  1   1  98   0   0   1|   0     0 |3863k  134k|   0     0 |  89   656 
  1   1  98   0   0   1|   0     0 |4143k  144k|   0     0 |  85   614 
  0   2  97   0   0   1|   0     0 |3765k  131k|   0     0 |  94   624 
