[7l----total-cpu-usage---- -dsk/total- -net/total- ---paging-- ---system--
usr sys idl wai hiq siq| read  writ| recv  send|  in   out | int   csw 
  1   2  95   1   0   1|  26k  186k|   0     0 |   0     0 | 328  1332 
  2   5  92   0   0   2|   0     0 | 712k   21M|   0     0 | 663  3093 
  3   5  90   0   0   3|   0     0 | 758k   22M|   0     0 | 892  3663 
  4   4  89   0   0   3|   0     0 | 785k   23M|   0     0 | 696  2911 
  2   7  86   2   0   3|   0    56k| 804k   24M|   0     0 | 651  3005 
  3   7  89   0   0   2|   0     0 | 783k   23M|   0     0 | 740  3186 
  3   6  85   0   0   5|   0     0 | 806k   24M|   0     0 | 901  3255 
  3   5  90   0   0   2|   0     0 | 763k   23M|   0     0 | 889  3392 
  2   4  92   0   0   2|   0     0 | 765k   23M|   0     0 | 882  3215 
  3   7  86   0   0   4|   0     0 | 799k   24M|   0     0 | 973  3532 
  4   4  89   0   0   3|   0     0 | 737k   22M|   0     0 | 505  2484 
  4   6  88   0   0   3|   0     0 | 764k   23M|   0     0 | 828  3182 
  3   6  88   0   0   3|   0     0 | 773k   23M|   0     0 | 813  3064 
  4   4  88   0   0   4|   0     0 | 778k   23M|   0     0 | 837  3196 
  2   5  89   0   0   4|   0     0 | 734k   22M|   0     0 | 769  2948 
  3   6  88   0   0   3|   0     0 | 764k   23M|   0     0 | 804  3218 
  3   5  89   0   0   4|   0     0 | 800k   24M|   0     0 | 807  3088 
  3   5  89   0   0   3|   0     0 | 778k   23M|   0     0 | 892  3561 
  3   6  88   0   0   4|   0     0 | 741k   22M|   0     0 | 666  2887 
  3   7  87   0   0   3|   0     0 | 755k   22M|   0     0 | 775  2966 
  4   5  89   0   0   3|   0     0 | 731k   22M|   0     0 | 951  3365 
  2   4  92   0   0   2|   0     0 | 715k   21M|   0     0 | 854  3080 
  4   6  87   0   0   4|   0     0 | 766k   23M|   0     0 | 888  3197 
  3   5  90   0   0   2|   0  4096B| 766k   23M|   0     0 | 722  2996 
  2   7  86   0   0   5|   0     0 | 751k   22M|   0     0 | 891  3336 
  4   5  88   0   0   4|   0     0 | 814k   24M|   0     0 | 851  3048 
  2   8  88   0   0   2|   0     0 | 793k   24M|   0     0 | 889  3191 
  2   5  91   0   0   3|   0     0 | 791k   23M|   0     0 | 786  3172 
  4   7  86   0   0   4|   0   324k| 800k   24M|   0     0 | 858  3226 
  3   7  87   0   0   4|   0     0 | 742k   22M|   0     0 | 708  3070 
  2   5  90   0   0   3|   0     0 | 792k   24M|   0     0 | 771  3048 
  4   6  87   0   0   3|   0     0 | 752k   22M|   0     0 | 702  3121 
  3   5  88   0   0   5|   0     0 | 744k   22M|   0     0 | 842  3115 
  2   5  89   0   0   4|   0  4096B| 767k   23M|   0     0 | 754  2949 
  3   4  91   0   0   3|   0     0 | 808k   24M|   0     0 | 895  3416 
  3   4  89   1   0   3|   0    40k| 731k   22M|   0     0 | 782  2983 
  3   6  87   0   0   4|   0     0 | 744k   22M|   0     0 | 720  3335 
  1   5  91   0   0   3|   0     0 | 733k   22M|   0     0 | 574  2869 
  3   5  89   0   0   4|   0     0 | 748k   22M|   0     0 | 709  3098 
  2   4  89   0   0   5|   0    52k| 754k   22M|   0     0 | 886  3269 
  5   6  87   0   0   3|   0     0 | 755k   22M|   0     0 | 819  3042 
  4   6  88   0   0   3|   0     0 | 784k   23M|   0     0 | 715  3468 
  3   7  88   0   0   3|   0     0 | 756k   22M|   0     0 | 820  3085 
  3   4  90   0   0   3|   0     0 | 737k   22M|   0     0 | 737  2993 
  2   6  89   0   0   3|   0     0 | 738k   22M|   0     0 | 858  3419 
  2   5  91   0   0   3|   0     0 | 780k   23M|   0     0 | 635  3141 
  3   6  86   0   0   5|   0     0 | 791k   23M|   0     0 | 717  3185 
  2   4  91   0   0   3|   0     0 | 776k   23M|   0     0 | 637  3049 
  2   7  89   0   0   3|   0     0 | 769k   23M|   0     0 | 617  3033 
  3   6  89   0   0   3|   0     0 | 758k   22M|   0     0 | 760  3348 
  3   4  90   0   0   3|   0     0 | 757k   22M|   0     0 | 909  3363 
  3   6  88   0   0   3|   0     0 | 751k   22M|   0     0 | 730  3096 
  3   7  88   0   0   2|   0     0 | 782k   23M|   0     0 | 903  3475 
  1   6  90   0   0   3|   0     0 | 793k   24M|   0     0 | 756  3234 
  3   5  88   0   0   4|   0     0 | 743k   22M|   0     0 | 870  3286 
  4   8  84   0   0   5|   0     0 | 775k   23M|   0     0 | 819  3003 
  2   5  87   0   0   6|   0     0 | 771k   23M|   0     0 | 662  3133 
  2   4  91   0   0   3|   0     0 | 777k   23M|   0     0 | 785  3342 
  2   6  89   0   0   4|   0     0 | 770k   23M|   0     0 | 780  2908 
  4   7  88   0   0   2|   0  4096B| 793k   23M|   0     0 | 661  3128 
  1   3  94   0   0   2|   0     0 | 755k   22M|   0     0 | 768  3215 
  1   7  87   0   0   4|   0     0 | 757k   23M|   0     0 | 739  3143 
  2   7  87   0   0   3|   0     0 | 801k   24M|   0     0 | 885  3110 
  2   7  88   0   0   3|   0     0 | 748k   22M|   0     0 | 738  2787 
  4   6  88   0   0   3|   0  8192B| 768k   23M|   0     0 | 660  3129 
  3   6  88   0   0   3|   0     0 | 785k   23M|   0     0 | 671  3121 
  2   5  88   3   0   2|   0    36k| 743k   22M|   0     0 | 708  2856 
  3   5  89   0   0   4|   0     0 | 786k   23M|   0     0 | 811  3496 
  4   8  86   0   0   3|   0     0 | 790k   23M|   0     0 | 926  3278 
  2   6  90   0   0   3|   0     0 | 755k   22M|   0     0 | 801  3045 
  3   5  89   0   0   3|   0     0 | 715k   21M|   0     0 | 661  2916 
  2   6  90   0   0   3|   0     0 | 764k   23M|   0     0 | 651  2976 
  3   3  93   0   0   2|   0     0 | 561k   17M|   0     0 | 570  2339 
  3   6  88   0   0   4|   0     0 | 785k   23M|   0     0 | 975  3789 
  3   4  91   0   0   3|   0     0 | 544k   16M|   0     0 | 527  2150 
  2   3  95   0   0   1|   0     0 | 301k 9061k|   0     0 | 326  1139 
  2   5  90   0   0   4|   0     0 | 664k   20M|   0     0 | 644  2673 
  2   3  92   0   0   4|   0     0 | 530k   16M|   0     0 | 563  2266 
  2   4  91   0   0   3|   0     0 | 624k   19M|   0     0 | 699  2877 
  2   3  92   0   0   3|   0     0 | 594k   18M|   0     0 | 675  2855 
  2   5  91   0   0   2|   0     0 | 533k   16M|   0     0 | 631  2237 
  2   3  93   0   0   3|   0     0 | 490k   14M|   0     0 | 546  1954 
  2   5  91   0   0   2|   0     0 | 740k   22M|   0     0 | 653  2665 
  4   4  88   0   0   5|   0     0 | 769k   23M|   0     0 | 665  2860 
  3   7  87   0   0   3|   0     0 | 762k   23M|   0     0 | 779  3055 
  4   8  87   0   0   2|   0     0 | 735k   22M|   0     0 | 821  3005 
  4   5  86   0   0   4|   0     0 | 813k   24M|   0     0 | 686  2996 
  3   6  88   0   0   4|   0     0 | 777k   23M|   0     0 | 708  2976 
  2   6  89   0   0   3|   0     0 | 740k   22M|   0     0 | 741  2851 
  4   4  91   0   0   2|   0     0 | 753k   22M|   0     0 | 730  3331 
  3   7  89   0   0   2|   0     0 | 745k   22M|   0     0 | 682  2969 
  2   4  91   0   0   3|   0     0 | 766k   23M|   0     0 | 625  2961 
  4   7  86   0   0   3|   0     0 | 825k   24M|   0     0 | 822  3371 
  2   5  91   0   0   3|   0     0 | 777k   23M|   0     0 | 723  2912 
  2   7  88   0   0   3|   0     0 | 771k   23M|   0     0 | 732  3109 
  3   6  87   0   0   4|   0  4096B| 807k   24M|   0     0 | 841  3079 
  4   4  90   0   0   3|   0     0 | 803k   24M|   0     0 | 808  3204 
  3   5  89   2   0   2|   0    12k| 753k   22M|   0     0 | 852  3343 
  3   6  89   0   0   3|   0     0 | 765k   23M|   0     0 | 784  3201 
  1   6  90   0   0   3|   0     0 | 760k   23M|   0     0 | 829  3084 
  3   8  85   0   0   3|   0    24k| 704k   21M|   0     0 | 698  2944 
