STAT START
secs,qlen,thru,msrt,items,nset,nget,nmget,sqt,gqt,mqt,swt,gwt,mwt
1,0,606.000000000000,0.000000000000,302,304,302,0,0.000137356125,0.000120582659,NaN,0.004594711632,0.001938977702,NaN
1,0,1122.000000000000,0.000000000000,560,562,560,0,0.000146058470,0.000120756154,NaN,0.003303077050,0.001351515807,NaN
1,0,1112.000000000000,0.000000000000,557,555,557,0,0.000166778852,0.000138241440,NaN,0.004112514578,0.001419522284,NaN
1,0,1184.000000000000,0.000000000000,591,593,591,0,0.000114545245,0.000086583968,NaN,0.003806542447,0.001495355629,NaN
1,0,1135.000000000000,0.000000000000,569,566,569,0,0.000166175106,0.000139090072,NaN,0.003867210270,0.001489495840,NaN
1,0,1149.000000000000,0.000000000000,575,574,575,0,0.000139032038,0.000127193988,NaN,0.003849742305,0.001396385666,NaN
1,4,1165.000000000000,0.000000000000,580,585,580,0,0.000103239060,0.000108815276,NaN,0.003592940284,0.001215134140,NaN
1,0,1199.000000000000,0.000000000000,600,599,600,0,0.000131803913,0.000112901545,NaN,0.003703120337,0.001342799960,NaN
1,0,1137.000000000000,0.000000000000,568,569,568,0,0.000129877779,0.000139717896,NaN,0.003837616023,0.001366555931,NaN
1,0,1188.000000000000,0.000000000000,595,593,595,0,0.000109292116,0.000132612343,NaN,0.003724653159,0.001384838948,NaN
1,0,1204.000000000000,0.000000000000,603,601,603,0,0.000097737459,0.000110577741,NaN,0.003595992263,0.001393196779,NaN
1,0,1170.000000000000,0.000000000000,585,585,585,0,0.000095923250,0.000106713056,NaN,0.003981166036,0.001447881897,NaN
1,0,1202.000000000000,0.000000000000,600,602,600,0,0.000099122626,0.000107672150,NaN,0.003677795744,0.001216174233,NaN
1,0,1169.000000000000,0.000000000000,586,583,586,0,0.000094529786,0.000091123043,NaN,0.003637131952,0.001412604246,NaN
1,0,1200.000000000000,0.000000000000,597,603,597,0,0.000176968794,0.000149775092,NaN,0.003662165531,0.001310992494,NaN
1,0,1213.000000000000,0.000000000000,609,604,609,0,0.000126712015,0.000160751818,NaN,0.003249978233,0.001231215911,NaN
1,0,1181.000000000000,0.000000000000,591,590,591,0,0.000144380483,0.000179983372,NaN,0.003593535964,0.001285643585,NaN
1,0,1184.000000000000,0.000000000000,590,594,590,0,0.000109081343,0.000114317320,NaN,0.003458322857,0.001338487588,NaN
1,0,1127.000000000000,0.000000000000,563,564,563,0,0.000106745278,0.000134005355,NaN,0.003680430796,0.001617663572,NaN
1,1,1109.000000000000,0.000000000000,557,552,557,0,0.000108133583,0.000116051873,NaN,0.003743350185,0.001473818045,NaN
1,1,1207.000000000000,0.000000000000,602,605,602,0,0.000095088863,0.000099819822,NaN,0.003488693284,0.001395002560,NaN
1,0,1223.000000000000,0.000000000000,612,611,612,0,0.000099716615,0.000115083845,NaN,0.003271996072,0.001293667219,NaN
1,0,1162.000000000000,0.000000000000,582,580,582,0,0.000101988436,0.000104707866,NaN,0.003727168041,0.001554343567,NaN
1,0,1125.000000000000,0.000000000000,561,564,561,0,0.000110264601,0.000137322414,NaN,0.003917803612,0.001530249779,NaN
1,0,1187.000000000000,0.000000000000,594,593,594,0,0.000110413553,0.000126810614,NaN,0.003042334734,0.001397225872,NaN
1,0,1228.000000000000,0.000000000000,613,615,613,0,0.000138224156,0.000160874024,NaN,0.003363948764,0.001241833126,NaN
1,0,1218.000000000000,0.000000000000,610,608,610,0,0.000126792544,0.000138391869,NaN,0.003302885890,0.001368414334,NaN
1,0,1157.000000000000,0.000000000000,578,579,578,0,0.000113341516,0.000140159337,NaN,0.003790782022,0.001378726003,NaN
1,4,1135.000000000000,0.000000000000,569,566,569,0,0.000105684901,0.000097553717,NaN,0.003932402890,0.001483020721,NaN
1,0,1163.000000000000,0.000000000000,580,583,580,0,0.000125910870,0.000117862345,NaN,0.003575645242,0.001231037819,NaN
1,0,1196.000000000000,0.000000000000,598,598,598,0,0.000117493677,0.000135812915,NaN,0.003360066329,0.001254612849,NaN
1,0,1223.000000000000,0.000000000000,613,610,613,0,0.000114565902,0.000121151334,NaN,0.003337010572,0.001310350511,NaN
1,0,1154.000000000000,0.000000000000,577,577,577,0,0.000168611671,0.000176277615,NaN,0.003254197477,0.001452934258,NaN
1,0,1186.000000000000,0.000000000000,591,595,591,0,0.000084233887,0.000096848283,NaN,0.003549310566,0.001288145711,NaN
1,0,1115.000000000000,0.000000000000,557,558,557,0,0.000109464842,0.000129464971,NaN,0.004053901937,0.001458682054,NaN
1,0,1178.000000000000,0.000000000000,591,587,591,0,0.000090961656,0.000084758156,NaN,0.003552121767,0.001420250450,NaN
1,0,1228.000000000000,0.000000000000,613,615,613,0,0.000099229410,0.000103156220,NaN,0.003464627296,0.001234040481,NaN
1,0,1188.000000000000,0.000000000000,595,593,595,0,0.000099663239,0.000091949487,NaN,0.003523149943,0.001271342210,NaN
1,0,1097.000000000000,0.000000000000,548,549,548,0,0.000124391526,0.000134796243,NaN,0.003898561796,0.001472617706,NaN
1,1,1203.000000000000,0.000000000000,602,601,602,0,0.000108819700,0.000124401669,NaN,0.003396732847,0.001285115535,NaN
1,0,1243.000000000000,0.003225806452,620,623,620,0,0.000098743335,0.000103649205,NaN,0.002868533955,0.001298840027,NaN
1,0,1265.000000000000,0.004739336493,633,632,633,0,0.000151889234,0.000138427575,NaN,0.003095456581,0.001340472799,NaN
1,0,1215.000000000000,0.001642036125,609,606,609,0,0.000133676771,0.000140381243,NaN,0.003020278789,0.001249951396,NaN
1,0,1197.000000000000,0.000000000000,597,600,597,0,0.000093921508,0.000103439039,NaN,0.003776230495,0.001402394487,NaN
1,0,1190.000000000000,0.000000000000,596,594,596,0,0.000096913540,0.000087379914,NaN,0.003774235032,0.001363336087,NaN
1,0,1137.000000000000,0.000000000000,569,568,569,0,0.000103162660,0.000125921910,NaN,0.003670837236,0.001382804135,NaN
1,0,1188.000000000000,0.000000000000,593,595,593,0,0.000099406054,0.000111253241,NaN,0.003065024869,0.001200731632,NaN
1,0,1174.000000000000,0.000000000000,587,587,587,0,0.000142369554,0.000159672716,NaN,0.003641036266,0.001368665182,NaN
1,0,1158.000000000000,0.000000000000,580,578,580,0,0.000110437529,0.000100662010,NaN,0.003590416092,0.001357932709,NaN
1,0,1133.000000000000,0.000000000000,565,568,565,0,0.000095759762,0.000102766310,NaN,0.003949517511,0.001433627106,NaN
1,0,1193.000000000000,0.000000000000,597,596,597,0,0.000139907057,0.000132337392,NaN,0.003436064208,0.001369528122,NaN
1,0,1241.000000000000,0.000000000000,620,621,620,0,0.000097690424,0.000096330045,NaN,0.003295418229,0.001245054819,NaN
1,0,1163.000000000000,0.000000000000,581,582,581,0,0.000103222390,0.000121626410,NaN,0.003801272844,0.001439090148,NaN
1,0,1197.000000000000,0.000000000000,599,598,599,0,0.000119610826,0.000129879970,NaN,0.003990564689,0.001296140149,NaN
1,0,1160.000000000000,0.001724137931,580,580,580,0,0.000100165260,0.000100181493,NaN,0.003549401007,0.001263941953,NaN
1,0,1198.000000000000,0.001666666667,600,598,600,0,0.000145149222,0.000146990960,NaN,0.003035125530,0.001182647797,NaN
1,0,1246.000000000000,0.003210272873,623,623,623,0,0.000111216823,0.000138613169,NaN,0.003270393522,0.001444307642,NaN
1,0,1234.000000000000,0.003246753247,616,618,616,0,0.000124591561,0.000132223735,NaN,0.003160837739,0.001227892369,NaN
1,0,1133.000000000000,0.000000000000,566,567,566,0,0.000122208781,0.000109247002,NaN,0.004229313593,0.001493517002,NaN
1,0,1139.000000000000,0.000000000000,571,568,571,0,0.000110630040,0.000106254214,NaN,0.004013249942,0.001428234702,NaN
1,0,1197.000000000000,0.000000000000,597,600,597,0,0.000083790792,0.000084727590,NaN,0.003571814327,0.001241413970,NaN
1,0,1156.000000000000,0.000000000000,579,577,579,0,0.000120780607,0.000098532843,NaN,0.004047315539,0.001269531971,NaN
1,0,1182.000000000000,0.000000000000,590,592,590,0,0.000102264958,0.000117562186,NaN,0.003427006493,0.001259596461,NaN
1,0,1191.000000000000,0.000000000000,597,594,597,0,0.000102083779,0.000106100090,NaN,0.003756701505,0.001345351179,NaN
1,0,1197.000000000000,0.000000000000,597,600,597,0,0.000098740857,0.000094479739,NaN,0.003310382553,0.001317688317,NaN
1,0,1204.000000000000,0.000000000000,602,602,602,0,0.000144211540,0.000124649653,NaN,0.003328068402,0.001353244636,NaN
1,1,1190.000000000000,0.000000000000,596,594,596,0,0.000097628037,0.000104066477,NaN,0.003368250652,0.001409083040,NaN
1,2,1251.000000000000,0.000000000000,626,625,626,0,0.000120235856,0.000121497669,NaN,0.003320390650,0.001309765278,NaN
1,0,1235.000000000000,0.000000000000,617,618,617,0,0.000097027269,0.000116119867,NaN,0.003588896037,0.001222433094,NaN
1,0,1173.000000000000,0.001706484642,586,587,586,0,0.000108059734,0.000101823433,NaN,0.003577817015,0.001346025771,NaN
1,0,331.000000000000,0.000000000000,165,166,165,0,0.000077401663,0.000072010024,NaN,0.003784952518,0.001487445745,NaN
STAT END
Server 0 handled 54895 requests.
Server 1 handled 54919 requests.
Server 2 handled 54926 requests.
SET HIST START
502
   0 0
   1 0
   2 0
   3 0
   4 0
   5 0
   6 0
   7 0
   8 0
   9 0
   10 9
   11 45
   12 168
   13 397
   14 691
   15 1195
   16 1586
   17 1855
   18 1968
   19 1947
   20 1941
   21 1863
   22 1725
   23 1584
   24 1456
   25 1395
   26 1239
   27 1105
   28 1032
   29 886
   30 804
   31 648
   32 611
   33 563
   34 510
   35 462
   36 391
   37 337
   38 293
   39 293
   40 256
   41 216
   42 193
   43 159
   44 170
   45 158
   46 139
   47 117
   48 137
   49 105
   50 101
   51 113
   52 100
   53 107
   54 125
   55 136
   56 139
   57 181
   58 193
   59 230
   60 282
   61 319
   62 340
   63 411
   64 484
   65 470
   66 517
   67 541
   68 485
   69 511
   70 485
   71 435
   72 378
   73 333
   74 295
   75 299
   76 224
   77 165
   78 139
   79 129
   80 105
   81 96
   82 82
   83 79
   84 73
   85 71
   86 60
   87 60
   88 55
   89 67
   90 77
   91 107
   92 88
   93 84
   94 68
   95 57
   96 68
   97 56
   98 29
   99 37
   100 36
   101 28
   102 19
   103 23
   104 25
   105 19
   106 20
   107 13
   108 18
   109 19
   110 10
   111 16
   112 8
   113 10
   114 8
   115 3
   116 11
   117 4
   118 8
   119 8
   120 6
   121 10
   122 7
   123 8
   124 1
   125 2
   126 5
   127 5
   128 2
   129 3
   130 6
   131 1
   132 3
   133 8
   134 3
   135 1
   136 1
   137 2
   138 2
   139 0
   140 4
   141 1
   142 2
   143 1
   144 3
   145 2
   146 4
   147 3
   148 2
   149 2
   150 4
   151 1
   152 3
   153 2
   154 3
   155 6
   156 4
   157 4
   158 6
   159 5
   160 2
   161 1
   162 1
   163 0
   164 5
   165 3
   166 3
   167 2
   168 1
   169 0
   170 0
   171 2
   172 0
   173 1
   174 1
   175 0
   176 0
   177 2
   178 0
   179 0
   180 1
   181 2
   182 1
   183 0
   184 1
   185 1
   186 0
   187 3
   188 0
   189 3
   190 0
   191 1
   192 1
   193 0
   194 0
   195 0
   196 0
   197 0
   198 0
   199 0
   200 0
   201 0
   202 0
   203 0
   204 0
   205 0
   206 1
   207 0
   208 0
   209 0
   210 1
   211 0
   212 0
   213 0
   214 0
   215 0
   216 0
   217 0
   218 0
   219 0
   220 0
   221 0
   222 0
   223 0
   224 0
   225 0
   226 0
   227 0
   228 0
   229 0
   230 0
   231 0
   232 0
   233 0
   234 0
   235 0
   236 0
   237 0
   238 0
   239 0
   240 0
   241 0
   242 0
   243 0
   244 0
   245 0
   246 0
   247 0
   248 0
   249 0
   250 0
   251 0
   252 0
   253 0
   254 0
   255 0
   256 0
   257 0
   258 0
   259 0
   260 0
   261 0
   262 0
   263 0
   264 0
   265 0
   266 0
   267 0
   268 0
   269 0
   270 0
   271 0
   272 0
   273 0
   274 0
   275 0
   276 0
   277 0
   278 0
   279 0
   280 0
   281 0
   282 0
   283 0
   284 0
   285 0
   286 0
   287 0
   288 0
   289 0
   290 0
   291 0
   292 0
   293 0
   294 0
   295 0
   296 0
   297 0
   298 0
   299 0
   300 0
   301 0
   302 0
   303 0
   304 0
   305 0
   306 0
   307 0
   308 0
   309 0
   310 0
   311 0
   312 0
   313 0
   314 0
   315 0
   316 0
   317 0
   318 0
   319 0
   320 0
   321 0
   322 0
   323 0
   324 0
   325 0
   326 0
   327 0
   328 0
   329 0
   330 0
   331 0
   332 0
   333 0
   334 0
   335 0
   336 0
   337 0
   338 0
   339 0
   340 0
   341 0
   342 0
   343 0
   344 0
   345 0
   346 0
   347 0
   348 0
   349 0
   350 0
   351 0
   352 0
   353 0
   354 0
   355 1
   356 0
   357 0
   358 0
   359 0
   360 0
   361 0
   362 0
   363 0
   364 0
   365 0
   366 0
   367 0
   368 0
   369 0
   370 0
   371 0
   372 0
   373 0
   374 0
   375 0
   376 0
   377 0
   378 0
   379 0
   380 0
   381 0
   382 0
   383 0
   384 0
   385 0
   386 0
   387 0
   388 0
   389 0
   390 0
   391 0
   392 0
   393 0
   394 0
   395 0
   396 0
   397 0
   398 0
   399 0
   400 0
   401 0
   402 0
   403 0
   404 0
   405 0
   406 0
   407 0
   408 0
   409 0
   410 0
   411 0
   412 0
   413 0
   414 0
   415 0
   416 0
   417 0
   418 0
   419 0
   420 0
   421 0
   422 0
   423 0
   424 0
   425 0
   426 0
   427 0
   428 0
   429 0
   430 0
   431 0
   432 0
   433 0
   434 0
   435 0
   436 0
   437 0
   438 0
   439 0
   440 0
   441 0
   442 0
   443 0
   444 0
   445 0
   446 0
   447 0
   448 0
   449 0
   450 0
   451 0
   452 0
   453 0
   454 0
   455 0
   456 0
   457 0
   458 0
   459 0
   460 0
   461 0
   462 0
   463 0
   464 0
   465 0
   466 0
   467 0
   468 0
   469 0
   470 0
   471 0
   472 0
   473 0
   474 0
   475 0
   476 0
   477 0
   478 0
   479 0
   480 0
   481 0
   482 0
   483 0
   484 0
   485 0
   486 0
   487 0
   488 0
   489 0
   490 0
   491 0
   492 0
   493 0
   494 0
   495 1
   496 0
   497 0
   498 0
   499 0
   500 0
   501 1
SET HIST END
GET HIST START
180
   0 0
   1 0
   2 0
   3 0
   4 66
   5 1053
   6 3199
   7 4706
   8 5333
   9 5008
   10 4136
   11 3296
   12 2483
   13 1824
   14 1455
   15 1056
   16 815
   17 614
   18 505
   19 391
   20 346
   21 302
   22 248
   23 228
   24 162
   25 167
   26 151
   27 154
   28 121
   29 121
   30 86
   31 66
   32 78
   33 72
   34 57
   35 48
   36 43
   37 35
   38 21
   39 47
   40 37
   41 35
   42 25
   43 13
   44 17
   45 13
   46 12
   47 9
   48 13
   49 25
   50 34
   51 52
   52 81
   53 108
   54 117
   55 182
   56 181
   57 163
   58 161
   59 170
   60 164
   61 132
   62 120
   63 120
   64 100
   65 67
   66 54
   67 45
   68 39
   69 27
   70 26
   71 15
   72 13
   73 13
   74 12
   75 7
   76 12
   77 11
   78 12
   79 7
   80 9
   81 10
   82 7
   83 9
   84 6
   85 9
   86 8
   87 4
   88 17
   89 13
   90 14
   91 18
   92 28
   93 10
   94 10
   95 14
   96 8
   97 10
   98 7
   99 3
   100 7
   101 7
   102 4
   103 1
   104 3
   105 2
   106 1
   107 2
   108 1
   109 0
   110 0
   111 1
   112 2
   113 2
   114 1
   115 0
   116 0
   117 1
   118 1
   119 0
   120 3
   121 5
   122 0
   123 1
   124 2
   125 0
   126 2
   127 0
   128 1
   129 1
   130 1
   131 1
   132 0
   133 1
   134 0
   135 0
   136 0
   137 1
   138 0
   139 1
   140 1
   141 1
   142 2
   143 1
   144 0
   145 0
   146 0
   147 0
   148 0
   149 0
   150 0
   151 0
   152 1
   153 0
   154 0
   155 0
   156 0
   157 0
   158 0
   159 0
   160 0
   161 0
   162 0
   163 1
   164 0
   165 0
   166 0
   167 0
   168 0
   169 0
   170 0
   171 0
   172 0
   173 0
   174 0
   175 0
   176 0
   177 1
   178 1
   179 2
GET HIST END
MGET HIST START
0
MGET HIST END
