[7l----total-cpu-usage---- -dsk/total- -net/total- ---paging-- ---system--
usr sys idl wai hiq siq| read  writ| recv  send|  in   out | int   csw 
  1   2  96   0   0   1|  32k  128k|   0     0 |   0     0 | 280  1156 
  2   3  94   0   0   2|   0     0 | 170k 5195k|   0     0 | 464  2159 
  4   5  88   0   0   4|   0     0 | 396k   12M|   0     0 | 764  3276 
  3   6  86   0   0   5|   0     0 | 408k   12M|   0     0 | 728  2965 
  6   5  87   0   0   3|   0     0 | 401k   12M|   0     0 | 771  3191 
  6   6  84   0   0   5|   0     0 | 412k   12M|   0     0 | 838  3020 
  3   5  88   0   0   5|   0     0 | 413k   12M|   0     0 | 769  3182 
  3   7  86   0   0   4|   0     0 | 395k   12M|   0     0 | 722  3120 
  5   6  87   0   0   2|   0     0 | 408k   12M|   0     0 | 789  3041 
  4   7  86   0   0   4|   0     0 | 405k   12M|   0     0 | 635  2946 
  3   6  86   0   0   5|   0     0 | 390k   12M|   0     0 | 697  2993 
  4   7  85   0   0   5|   0     0 | 427k   13M|   0     0 | 787  3076 
  4   7  88   0   0   2|   0     0 | 409k   12M|   0     0 | 757  3097 
  2   7  86   0   0   5|   0     0 | 401k   12M|   0     0 | 773  2959 
  4   6  85   0   0   5|   0     0 | 419k   12M|   0     0 | 710  3039 
  3   5  88   0   0   5|   0     0 | 397k   12M|   0     0 | 689  2867 
  3   5  89   0   0   3|   0     0 | 397k   12M|   0     0 | 641  2918 
  3   5  89   0   0   3|   0     0 | 409k   12M|   0     0 | 765  3089 
  4   5  87   0   0   4|   0     0 | 399k   12M|   0     0 | 736  2838 
  4   5  87   0   0   3|   0     0 | 408k   12M|   0     0 | 752  3032 
  5   8  83   0   0   3|   0     0 | 411k   12M|   0     0 | 696  2718 
  3   5  89   0   0   4|   0     0 | 396k   12M|   0     0 | 775  2904 
  2   7  89   0   0   3|   0  4096B| 407k   12M|   0     0 | 802  2969 
  5   7  84   1   0   5|   0    52k| 420k   12M|   0     0 | 773  2961 
  2   7  87   0   0   4|   0     0 | 407k   12M|   0     0 | 730  3040 
  3   7  87   0   0   4|   0     0 | 392k   12M|   0     0 | 723  3050 
  3   8  87   0   0   3|   0     0 | 407k   12M|   0     0 | 680  2926 
  4   6  82   2   0   5|   0   332k| 419k   12M|   0     0 | 732  3033 
  1   5  88   2   0   4|   0   192k| 393k   12M|   0     0 | 699  2815 
  3   7  86   0   0   4|   0     0 | 430k   13M|   0     0 | 792  3141 
  3   6  88   0   0   3|   0     0 | 394k   12M|   0     0 | 680  2879 
  3   7  86   0   0   5|   0     0 | 407k   12M|   0     0 | 711  2995 
  3   7  87   0   0   4|   0     0 | 405k   12M|   0     0 | 667  2984 
  3   5  88   0   0   4|   0  4096B| 409k   12M|   0     0 | 671  2996 
  5   6  85   0   0   5|   0     0 | 403k   12M|   0     0 | 593  2842 
  4   5  89   0   0   2|   0     0 | 409k   12M|   0     0 | 776  3091 
  4   5  87   0   0   5|   0     0 | 415k   12M|   0     0 | 785  3014 
  4   5  87   0   0   5|   0     0 | 395k   12M|   0     0 | 696  2991 
  3   5  88   0   0   5|   0  4096B| 413k   12M|   0     0 | 722  2901 
  2   6  87   0   0   5|   0     0 | 425k   13M|   0     0 | 760  3139 
  2   5  89   0   0   4|   0     0 | 401k   12M|   0     0 | 763  2993 
  3   5  89   0   0   3|   0     0 | 422k   13M|   0     0 | 736  3150 
  3   7  86   0   0   4|   0     0 | 430k   13M|   0     0 | 813  3079 
  3   6  85   0   0   7|   0     0 | 405k   12M|   0     0 | 764  3054 
  2  10  83   0   0   4|   0  4096B| 431k   13M|   0     0 | 831  3078 
  3   5  89   0   0   3|   0     0 | 420k   12M|   0     0 | 797  3110 
  4   6  86   0   0   4|   0     0 | 408k   12M|   0     0 | 763  3018 
  3   8  88   0   0   2|   0     0 | 392k   12M|   0     0 | 838  3095 
  4   5  88   0   0   4|   0     0 | 425k   13M|   0     0 | 801  2995 
  3   6  87   0   0   5|   0     0 | 402k   12M|   0     0 | 770  2904 
  4   7  86   0   0   3|   0  4096B| 402k   12M|   0     0 | 685  2727 
  4   4  87   0   0   5|   0     0 | 411k   12M|   0     0 | 776  3010 
  3   4  90   0   0   3|   0     0 | 406k   12M|   0     0 | 718  2986 
  3   3  90   0   0   5|   0     0 | 393k   12M|   0     0 | 705  2835 
  3   8  85   1   0   4|   0    48k| 416k   12M|   0     0 | 658  2899 
  2   6  86   0   0   7|   0     0 | 405k   12M|   0     0 | 735  3015 
  4   6  86   0   0   4|   0    40k| 393k   12M|   0     0 | 712  2825 
  2   6  88   0   0   4|   0     0 | 421k   12M|   0     0 | 706  3167 
  5   6  84   0   0   5|   0     0 | 427k   13M|   0     0 | 780  3111 
  3   5  88   0   0   4|   0     0 | 407k   12M|   0     0 | 762  3093 
  3   3  90   0   0   4|   0     0 | 389k   11M|   0     0 | 736  2933 
  4   6  84   0   0   5|   0     0 | 413k   12M|   0     0 | 673  2890 
  3   6  89   0   0   3|   0     0 | 400k   12M|   0     0 | 597  2869 
  4   5  87   0   0   5|   0     0 | 431k   13M|   0     0 | 826  3163 
  3   3  90   0   0   4|   0     0 | 393k   12M|   0     0 | 738  2923 
  4   7  85   0   0   4|   0     0 | 391k   12M|   0     0 | 850  3097 
  4   5  87   0   0   4|   0     0 | 419k   12M|   0     0 | 786  3090 
  3   8  86   0   0   4|   0     0 | 412k   12M|   0     0 | 820  3001 
  4   6  86   0   0   4|   0     0 | 404k   12M|   0     0 | 659  2723 
  4   5  87   0   0   4|   0     0 | 409k   12M|   0     0 | 800  3077 
  4   5  89   0   0   3|   0     0 | 406k   12M|   0     0 | 858  3182 
