STAT START
secs,qlen,thru,msrt,items,nset,nget,nmget,sqt,gqt,mqt,swt,gwt,mwt
1,17,4264.000000000000,NaN,0,4264,0,0,0.004971163524,NaN,NaN,0.003403336074,NaN,NaN
1,21,5425.000000000000,NaN,0,5425,0,0,0.003498125808,NaN,NaN,0.002541578735,NaN,NaN
1,0,5948.000000000000,NaN,0,5948,0,0,0.002972062918,NaN,NaN,0.002195555534,NaN,NaN
1,26,6016.000000000000,NaN,0,6016,0,0,0.002909354068,NaN,NaN,0.002288550893,NaN,NaN
1,22,5743.000000000000,NaN,0,5743,0,0,0.003173565894,NaN,NaN,0.002442108380,NaN,NaN
1,0,5614.000000000000,NaN,0,5614,0,0,0.003278127909,NaN,NaN,0.002572604080,NaN,NaN
1,25,5846.000000000000,NaN,0,5846,0,0,0.003247663897,NaN,NaN,0.002302094443,NaN,NaN
1,24,5716.000000000000,NaN,0,5716,0,0,0.003200187843,NaN,NaN,0.002392734821,NaN,NaN
1,27,5543.000000000000,NaN,0,5543,0,0,0.003488277321,NaN,NaN,0.002589989493,NaN,NaN
1,26,5495.000000000000,NaN,0,5495,0,0,0.003315891383,NaN,NaN,0.002546376445,NaN,NaN
1,7,5787.000000000000,NaN,0,5787,0,0,0.002998992798,NaN,NaN,0.002408905315,NaN,NaN
1,25,6347.000000000000,NaN,0,6347,0,0,0.002843702391,NaN,NaN,0.002144251049,NaN,NaN
1,0,6223.000000000000,NaN,0,6223,0,0,0.002794861951,NaN,NaN,0.002051586006,NaN,NaN
1,26,5949.000000000000,NaN,0,5949,0,0,0.002861268750,NaN,NaN,0.002203195379,NaN,NaN
1,0,6095.000000000000,NaN,0,6095,0,0,0.002986841245,NaN,NaN,0.002251769291,NaN,NaN
1,22,5697.000000000000,NaN,0,5697,0,0,0.003292181680,NaN,NaN,0.002441894353,NaN,NaN
1,15,5733.000000000000,NaN,0,5733,0,0,0.003114482139,NaN,NaN,0.002412214386,NaN,NaN
1,32,5544.000000000000,NaN,0,5544,0,0,0.003364716498,NaN,NaN,0.002550615872,NaN,NaN
1,32,5762.000000000000,NaN,0,5762,0,0,0.003155005997,NaN,NaN,0.002478441006,NaN,NaN
1,25,5935.000000000000,NaN,0,5935,0,0,0.002958219673,NaN,NaN,0.002312203126,NaN,NaN
1,28,5735.000000000000,NaN,0,5735,0,0,0.003250951072,NaN,NaN,0.002358209783,NaN,NaN
1,27,6120.000000000000,NaN,0,6120,0,0,0.002809239494,NaN,NaN,0.002257383350,NaN,NaN
1,27,6014.000000000000,NaN,0,6014,0,0,0.002780819509,NaN,NaN,0.002269565549,NaN,NaN
1,29,5705.000000000000,NaN,0,5705,0,0,0.003306132264,NaN,NaN,0.002496557560,NaN,NaN
1,32,5808.000000000000,NaN,0,5808,0,0,0.003092106092,NaN,NaN,0.002315580842,NaN,NaN
1,24,5885.000000000000,NaN,0,5885,0,0,0.002934078119,NaN,NaN,0.002344014594,NaN,NaN
1,39,5573.000000000000,NaN,0,5573,0,0,0.003372099308,NaN,NaN,0.002553973995,NaN,NaN
1,25,5921.000000000000,NaN,0,5921,0,0,0.003032751307,NaN,NaN,0.002275352373,NaN,NaN
1,20,5704.000000000000,NaN,0,5704,0,0,0.003368697997,NaN,NaN,0.002466939524,NaN,NaN
1,20,5882.000000000000,NaN,0,5882,0,0,0.003132277813,NaN,NaN,0.002350919349,NaN,NaN
1,23,5886.000000000000,NaN,0,5886,0,0,0.002943171442,NaN,NaN,0.002359228381,NaN,NaN
1,23,5882.000000000000,NaN,0,5882,0,0,0.003065570778,NaN,NaN,0.002367808642,NaN,NaN
1,12,5797.000000000000,NaN,0,5797,0,0,0.003127271523,NaN,NaN,0.002384444139,NaN,NaN
1,31,5752.000000000000,NaN,0,5752,0,0,0.003031189333,NaN,NaN,0.002355538155,NaN,NaN
1,25,5747.000000000000,NaN,0,5747,0,0,0.003261141516,NaN,NaN,0.002469482729,NaN,NaN
1,27,5641.000000000000,NaN,0,5641,0,0,0.003374018618,NaN,NaN,0.002470902809,NaN,NaN
1,26,5733.000000000000,NaN,0,5733,0,0,0.003256394381,NaN,NaN,0.002458366493,NaN,NaN
1,24,5960.000000000000,NaN,0,5960,0,0,0.002882344562,NaN,NaN,0.002344180964,NaN,NaN
1,32,5774.000000000000,NaN,0,5774,0,0,0.003093564966,NaN,NaN,0.002464181132,NaN,NaN
1,25,5534.000000000000,NaN,0,5534,0,0,0.003512545122,NaN,NaN,0.002509220606,NaN,NaN
1,27,6137.000000000000,NaN,0,6137,0,0,0.002787746887,NaN,NaN,0.002092738214,NaN,NaN
1,0,5607.000000000000,NaN,0,5607,0,0,0.003456792631,NaN,NaN,0.002527806020,NaN,NaN
1,1,5715.000000000000,NaN,0,5715,0,0,0.003217958665,NaN,NaN,0.002404216651,NaN,NaN
1,0,5702.000000000000,NaN,0,5702,0,0,0.003349874319,NaN,NaN,0.002484232268,NaN,NaN
1,0,5399.000000000000,NaN,0,5399,0,0,0.003683945454,NaN,NaN,0.002595053398,NaN,NaN
1,0,5714.000000000000,NaN,0,5714,0,0,0.003247340782,NaN,NaN,0.002347955537,NaN,NaN
1,24,5855.000000000000,NaN,0,5855,0,0,0.003019191102,NaN,NaN,0.002298058648,NaN,NaN
1,0,5657.000000000000,NaN,0,5657,0,0,0.003446932609,NaN,NaN,0.002537252736,NaN,NaN
1,29,5658.000000000000,NaN,0,5658,0,0,0.003390228115,NaN,NaN,0.002422327735,NaN,NaN
1,32,5649.000000000000,NaN,0,5649,0,0,0.003465378238,NaN,NaN,0.002367640287,NaN,NaN
1,25,5798.000000000000,NaN,0,5798,0,0,0.003204817492,NaN,NaN,0.002303970954,NaN,NaN
1,24,6025.000000000000,NaN,0,6025,0,0,0.002877317453,NaN,NaN,0.002366377901,NaN,NaN
1,32,5920.000000000000,NaN,0,5920,0,0,0.003180309538,NaN,NaN,0.002392764860,NaN,NaN
1,31,5772.000000000000,NaN,0,5772,0,0,0.003115400685,NaN,NaN,0.002349438053,NaN,NaN
1,0,5613.000000000000,NaN,0,5613,0,0,0.003478187854,NaN,NaN,0.002477119920,NaN,NaN
1,24,6020.000000000000,NaN,0,6020,0,0,0.002907798277,NaN,NaN,0.002201694143,NaN,NaN
1,32,5718.000000000000,NaN,0,5718,0,0,0.003280147471,NaN,NaN,0.002328786430,NaN,NaN
1,0,5994.000000000000,NaN,0,5994,0,0,0.003098831799,NaN,NaN,0.002191269700,NaN,NaN
1,40,5978.000000000000,NaN,0,5978,0,0,0.003056082895,NaN,NaN,0.002214012065,NaN,NaN
1,0,5948.000000000000,NaN,0,5948,0,0,0.003133326311,NaN,NaN,0.002230279741,NaN,NaN
1,28,5906.000000000000,NaN,0,5906,0,0,0.003095564013,NaN,NaN,0.002166242348,NaN,NaN
1,18,5693.000000000000,NaN,0,5693,0,0,0.003333414551,NaN,NaN,0.002337207464,NaN,NaN
1,0,5905.000000000000,NaN,0,5905,0,0,0.003143034449,NaN,NaN,0.002300543530,NaN,NaN
1,31,5750.000000000000,NaN,0,5750,0,0,0.003111578786,NaN,NaN,0.002368843837,NaN,NaN
1,0,5306.000000000000,NaN,0,5306,0,0,0.003857025076,NaN,NaN,0.002600254294,NaN,NaN
1,11,5686.000000000000,NaN,0,5686,0,0,0.003189575765,NaN,NaN,0.002415296502,NaN,NaN
1,38,5941.000000000000,NaN,0,5941,0,0,0.003166561110,NaN,NaN,0.002227160352,NaN,NaN
1,25,6118.000000000000,NaN,0,6118,0,0,0.002857017778,NaN,NaN,0.002145904598,NaN,NaN
1,0,6017.000000000000,NaN,0,6017,0,0,0.003061582334,NaN,NaN,0.002286155395,NaN,NaN
1,0,6080.000000000000,NaN,0,6080,0,0,0.002923104535,NaN,NaN,0.002172108829,NaN,NaN
STAT END
HIST START
497
   0 0
   1 0
   2 0
   3 0
   4 0
   5 0
   6 0
   7 2
   8 24
   9 132
   10 445
   11 902
   12 1547
   13 2471
   14 3408
   15 4444
   16 5146
   17 5648
   18 5595
   19 5355
   20 5217
   21 4637
   22 4215
   23 4207
   24 3932
   25 3715
   26 3928
   27 4031
   28 4651
   29 5123
   30 5666
   31 6319
   32 6986
   33 7732
   34 7922
   35 8506
   36 9014
   37 9463
   38 9614
   39 9058
   40 8740
   41 8695
   42 8448
   43 8293
   44 8300
   45 8080
   46 7691
   47 7181
   48 6848
   49 6638
   50 6375
   51 6037
   52 5739
   53 5429
   54 4836
   55 4412
   56 4130
   57 3895
   58 3544
   59 3238
   60 2931
   61 2806
   62 2453
   63 2359
   64 2215
   65 1990
   66 1782
   67 1681
   68 1501
   69 1467
   70 1391
   71 1362
   72 1305
   73 1200
   74 1164
   75 1022
   76 1053
   77 972
   78 900
   79 925
   80 946
   81 921
   82 900
   83 941
   84 909
   85 930
   86 1021
   87 1049
   88 1152
   89 1245
   90 1393
   91 1533
   92 1656
   93 1906
   94 2059
   95 2224
   96 2600
   97 3165
   98 3735
   99 3517
   100 3264
   101 3163
   102 3042
   103 2904
   104 2808
   105 2560
   106 2215
   107 2066
   108 1702
   109 1548
   110 1370
   111 1405
   112 1269
   113 1241
   114 1151
   115 1157
   116 1088
   117 1050
   118 1002
   119 839
   120 801
   121 792
   122 698
   123 578
   124 575
   125 499
   126 504
   127 446
   128 354
   129 329
   130 331
   131 323
   132 316
   133 308
   134 283
   135 223
   136 230
   137 195
   138 201
   139 237
   140 187
   141 175
   142 137
   143 159
   144 128
   145 129
   146 135
   147 123
   148 126
   149 102
   150 93
   151 80
   152 90
   153 68
   154 92
   155 91
   156 81
   157 86
   158 77
   159 96
   160 91
   161 105
   162 123
   163 141
   164 127
   165 107
   166 136
   167 151
   168 145
   169 105
   170 151
   171 137
   172 107
   173 120
   174 109
   175 92
   176 100
   177 114
   178 100
   179 110
   180 101
   181 83
   182 54
   183 74
   184 65
   185 70
   186 74
   187 76
   188 82
   189 69
   190 71
   191 67
   192 73
   193 72
   194 65
   195 55
   196 63
   197 73
   198 89
   199 82
   200 92
   201 89
   202 73
   203 73
   204 78
   205 66
   206 76
   207 51
   208 61
   209 46
   210 45
   211 47
   212 39
   213 40
   214 45
   215 32
   216 32
   217 46
   218 33
   219 30
   220 27
   221 33
   222 26
   223 21
   224 11
   225 20
   226 11
   227 19
   228 26
   229 22
   230 24
   231 20
   232 12
   233 15
   234 13
   235 14
   236 12
   237 12
   238 14
   239 11
   240 7
   241 8
   242 13
   243 12
   244 6
   245 7
   246 5
   247 6
   248 11
   249 3
   250 6
   251 10
   252 5
   253 2
   254 4
   255 4
   256 7
   257 8
   258 4
   259 3
   260 1
   261 3
   262 6
   263 2
   264 9
   265 5
   266 11
   267 13
   268 10
   269 9
   270 5
   271 5
   272 6
   273 8
   274 5
   275 7
   276 13
   277 13
   278 7
   279 7
   280 9
   281 4
   282 4
   283 5
   284 2
   285 3
   286 1
   287 4
   288 1
   289 1
   290 2
   291 8
   292 6
   293 4
   294 7
   295 3
   296 4
   297 3
   298 7
   299 7
   300 7
   301 9
   302 6
   303 7
   304 6
   305 3
   306 1
   307 4
   308 4
   309 5
   310 3
   311 3
   312 4
   313 9
   314 5
   315 6
   316 2
   317 1
   318 1
   319 6
   320 3
   321 1
   322 1
   323 1
   324 3
   325 3
   326 1
   327 2
   328 1
   329 2
   330 1
   331 0
   332 3
   333 0
   334 0
   335 1
   336 1
   337 1
   338 0
   339 1
   340 0
   341 0
   342 0
   343 2
   344 0
   345 1
   346 1
   347 1
   348 2
   349 2
   350 0
   351 0
   352 0
   353 1
   354 1
   355 2
   356 1
   357 0
   358 0
   359 1
   360 0
   361 0
   362 0
   363 1
   364 1
   365 1
   366 1
   367 0
   368 1
   369 0
   370 0
   371 0
   372 0
   373 1
   374 0
   375 0
   376 1
   377 0
   378 2
   379 0
   380 2
   381 1
   382 0
   383 0
   384 0
   385 2
   386 1
   387 1
   388 0
   389 1
   390 0
   391 0
   392 0
   393 1
   394 0
   395 0
   396 0
   397 0
   398 0
   399 0
   400 0
   401 1
   402 0
   403 0
   404 0
   405 0
   406 1
   407 0
   408 0
   409 1
   410 0
   411 0
   412 0
   413 0
   414 0
   415 1
   416 0
   417 0
   418 0
   419 0
   420 0
   421 0
   422 0
   423 0
   424 0
   425 0
   426 0
   427 0
   428 1
   429 0
   430 0
   431 0
   432 1
   433 0
   434 0
   435 0
   436 0
   437 0
   438 0
   439 1
   440 0
   441 0
   442 0
   443 0
   444 0
   445 0
   446 0
   447 0
   448 0
   449 1
   450 1
   451 0
   452 0
   453 0
   454 0
   455 0
   456 0
   457 0
   458 0
   459 0
   460 0
   461 0
   462 0
   463 0
   464 0
   465 0
   466 0
   467 0
   468 0
   469 0
   470 0
   471 0
   472 0
   473 0
   474 0
   475 0
   476 0
   477 0
   478 0
   479 0
   480 0
   481 0
   482 0
   483 0
   484 0
   485 0
   486 0
   487 0
   488 1
   489 0
   490 0
   491 0
   492 0
   493 0
   494 0
   495 0
   496 1
HIST END
