STAT START
secs,qlen,thru,msrt,items,nset,nget,nmget,sqt,gqt,mqt,swt,gwt,mwt
1,0,519.000000000000,NaN,0,519,0,0,0.000192028726,NaN,NaN,0.005456776083,NaN,NaN
1,0,1676.000000000000,NaN,0,1676,0,0,0.000190721193,NaN,NaN,0.004554306063,NaN,NaN
1,0,1788.000000000000,NaN,0,1788,0,0,0.000160781105,NaN,NaN,0.004445126051,NaN,NaN
1,0,1889.000000000000,NaN,0,1889,0,0,0.000204305888,NaN,NaN,0.004017399741,NaN,NaN
1,0,1783.000000000000,NaN,0,1783,0,0,0.000171302007,NaN,NaN,0.004380301746,NaN,NaN
1,0,1870.000000000000,NaN,0,1870,0,0,0.000141534557,NaN,NaN,0.004112132520,NaN,NaN
1,0,1873.000000000000,NaN,0,1873,0,0,0.000152903878,NaN,NaN,0.004023314924,NaN,NaN
1,0,1927.000000000000,NaN,0,1927,0,0,0.000174414595,NaN,NaN,0.004012423023,NaN,NaN
1,0,1759.000000000000,NaN,0,1759,0,0,0.000175739496,NaN,NaN,0.004567663159,NaN,NaN
1,0,1782.000000000000,NaN,0,1782,0,0,0.000116345828,NaN,NaN,0.004576171341,NaN,NaN
1,0,1755.000000000000,NaN,0,1755,0,0,0.000180394691,NaN,NaN,0.004418587999,NaN,NaN
1,0,1707.000000000000,NaN,0,1707,0,0,0.000146210740,NaN,NaN,0.004645644994,NaN,NaN
1,0,1891.000000000000,NaN,0,1891,0,0,0.000162662282,NaN,NaN,0.003973196712,NaN,NaN
1,0,1853.000000000000,NaN,0,1853,0,0,0.000161864071,NaN,NaN,0.004379625494,NaN,NaN
1,0,1741.000000000000,NaN,0,1741,0,0,0.000226164011,NaN,NaN,0.004544230170,NaN,NaN
1,0,1894.000000000000,NaN,0,1894,0,0,0.000170756746,NaN,NaN,0.004138524923,NaN,NaN
1,2,1817.000000000000,NaN,0,1817,0,0,0.000140302073,NaN,NaN,0.004440347239,NaN,NaN
1,0,1828.000000000000,NaN,0,1828,0,0,0.000144891353,NaN,NaN,0.004473891339,NaN,NaN
1,0,1810.000000000000,NaN,0,1810,0,0,0.000154548334,NaN,NaN,0.004508992590,NaN,NaN
1,0,1745.000000000000,NaN,0,1745,0,0,0.000114240290,NaN,NaN,0.004726827015,NaN,NaN
1,1,1844.000000000000,NaN,0,1844,0,0,0.000119247950,NaN,NaN,0.004395751934,NaN,NaN
1,0,1694.000000000000,NaN,0,1694,0,0,0.000108130662,NaN,NaN,0.004853497157,NaN,NaN
1,0,1730.000000000000,NaN,0,1730,0,0,0.000205075466,NaN,NaN,0.004617028154,NaN,NaN
1,0,1918.000000000000,NaN,0,1918,0,0,0.000152093127,NaN,NaN,0.004201499679,NaN,NaN
1,0,1970.000000000000,NaN,0,1970,0,0,0.000229392992,NaN,NaN,0.003753040994,NaN,NaN
1,0,1804.000000000000,NaN,0,1804,0,0,0.000218061936,NaN,NaN,0.004254414395,NaN,NaN
1,0,1845.000000000000,NaN,0,1845,0,0,0.000113521615,NaN,NaN,0.004421486873,NaN,NaN
1,0,1857.000000000000,NaN,0,1857,0,0,0.000157330088,NaN,NaN,0.004444636116,NaN,NaN
1,0,1822.000000000000,NaN,0,1822,0,0,0.000129051193,NaN,NaN,0.004402486150,NaN,NaN
1,0,1940.000000000000,NaN,0,1940,0,0,0.000152928097,NaN,NaN,0.003951891178,NaN,NaN
1,0,1955.000000000000,NaN,0,1955,0,0,0.000125292685,NaN,NaN,0.004030307937,NaN,NaN
1,0,1820.000000000000,NaN,0,1820,0,0,0.000170469164,NaN,NaN,0.004249645628,NaN,NaN
1,0,1977.000000000000,NaN,0,1977,0,0,0.000147590162,NaN,NaN,0.003770422854,NaN,NaN
1,0,1776.000000000000,NaN,0,1776,0,0,0.000181334762,NaN,NaN,0.004286988708,NaN,NaN
1,0,1839.000000000000,NaN,0,1839,0,0,0.000128562244,NaN,NaN,0.004441722647,NaN,NaN
1,0,1867.000000000000,NaN,0,1867,0,0,0.000102894106,NaN,NaN,0.004355454854,NaN,NaN
1,0,1745.000000000000,NaN,0,1745,0,0,0.000111172699,NaN,NaN,0.004943533654,NaN,NaN
1,0,1803.000000000000,NaN,0,1803,0,0,0.000155383470,NaN,NaN,0.004456880856,NaN,NaN
1,0,1804.000000000000,NaN,0,1804,0,0,0.000151215964,NaN,NaN,0.004217626281,NaN,NaN
1,0,1812.000000000000,NaN,0,1812,0,0,0.000162897619,NaN,NaN,0.004225678644,NaN,NaN
1,0,1931.000000000000,NaN,0,1931,0,0,0.000212489931,NaN,NaN,0.003779183603,NaN,NaN
1,0,1851.000000000000,NaN,0,1851,0,0,0.000156879835,NaN,NaN,0.004206677005,NaN,NaN
1,0,1885.000000000000,NaN,0,1885,0,0,0.000170823247,NaN,NaN,0.004110915555,NaN,NaN
1,1,1874.000000000000,NaN,0,1874,0,0,0.000098598617,NaN,NaN,0.004399408311,NaN,NaN
1,0,1761.000000000000,NaN,0,1761,0,0,0.000172467558,NaN,NaN,0.004537767962,NaN,NaN
1,0,1858.000000000000,NaN,0,1858,0,0,0.000167101850,NaN,NaN,0.004563777611,NaN,NaN
1,0,1870.000000000000,NaN,0,1870,0,0,0.000141912796,NaN,NaN,0.004171217585,NaN,NaN
1,0,1908.000000000000,NaN,0,1908,0,0,0.000136812226,NaN,NaN,0.004255177010,NaN,NaN
1,0,1910.000000000000,NaN,0,1910,0,0,0.000230069892,NaN,NaN,0.004059285239,NaN,NaN
1,0,1847.000000000000,NaN,0,1847,0,0,0.000213759959,NaN,NaN,0.003947762852,NaN,NaN
1,0,1797.000000000000,NaN,0,1797,0,0,0.000155136048,NaN,NaN,0.004230267615,NaN,NaN
1,0,2004.000000000000,NaN,0,2004,0,0,0.000169230506,NaN,NaN,0.003681541443,NaN,NaN
1,0,1891.000000000000,NaN,0,1891,0,0,0.000236152317,NaN,NaN,0.004021508200,NaN,NaN
1,0,1795.000000000000,NaN,0,1795,0,0,0.000189532867,NaN,NaN,0.004322387366,NaN,NaN
1,0,1911.000000000000,NaN,0,1911,0,0,0.000130059250,NaN,NaN,0.004163333825,NaN,NaN
1,0,1808.000000000000,NaN,0,1808,0,0,0.000172994683,NaN,NaN,0.004272607025,NaN,NaN
1,0,1790.000000000000,NaN,0,1790,0,0,0.000115362720,NaN,NaN,0.004655873680,NaN,NaN
1,0,1841.000000000000,NaN,0,1841,0,0,0.000158897559,NaN,NaN,0.004435915316,NaN,NaN
1,0,1759.000000000000,NaN,0,1759,0,0,0.000132773918,NaN,NaN,0.004356742279,NaN,NaN
1,0,1818.000000000000,NaN,0,1818,0,0,0.000191709079,NaN,NaN,0.004384245717,NaN,NaN
1,0,1759.000000000000,NaN,0,1759,0,0,0.000181134533,NaN,NaN,0.004725725220,NaN,NaN
1,0,1791.000000000000,NaN,0,1791,0,0,0.000149292835,NaN,NaN,0.004501247227,NaN,NaN
1,0,1891.000000000000,NaN,0,1891,0,0,0.000143347852,NaN,NaN,0.004154768307,NaN,NaN
1,0,1828.000000000000,NaN,0,1828,0,0,0.000144570254,NaN,NaN,0.004378389227,NaN,NaN
1,0,1955.000000000000,NaN,0,1955,0,0,0.000128770048,NaN,NaN,0.003977744741,NaN,NaN
1,0,1840.000000000000,NaN,0,1840,0,0,0.000172246337,NaN,NaN,0.004134379845,NaN,NaN
1,0,1674.000000000000,NaN,0,1674,0,0,0.000200536191,NaN,NaN,0.003785898154,NaN,NaN
1,0,1623.000000000000,NaN,0,1623,0,0,0.000149311619,NaN,NaN,0.003566132092,NaN,NaN
1,0,1631.000000000000,NaN,0,1631,0,0,0.000120852367,NaN,NaN,0.003995233103,NaN,NaN
1,0,1770.000000000000,NaN,0,1770,0,0,0.000121687399,NaN,NaN,0.003920140012,NaN,NaN
1,0,997.000000000000,NaN,0,997,0,0,0.000139130366,NaN,NaN,0.003357259283,NaN,NaN
1,0,4.000000000000,NaN,0,4,0,0,0.000061201500,NaN,NaN,0.004549363750,NaN,NaN
STAT END
HIST START
291
   0 0
   1 0
   2 0
   3 0
   4 0
   5 0
   6 0
   7 0
   8 0
   9 0
   10 0
   11 0
   12 9
   13 118
   14 500
   15 1216
   16 2175
   17 3351
   18 4416
   19 5363
   20 5784
   21 6217
   22 6162
   23 6069
   24 5500
   25 5130
   26 4472
   27 3808
   28 3343
   29 2928
   30 2396
   31 2044
   32 1814
   33 1590
   34 1414
   35 1197
   36 1047
   37 937
   38 743
   39 663
   40 531
   41 504
   42 478
   43 424
   44 345
   45 351
   46 299
   47 291
   48 335
   49 249
   50 205
   51 204
   52 240
   53 250
   54 182
   55 219
   56 166
   57 238
   58 258
   59 318
   60 434
   61 482
   62 593
   63 658
   64 881
   65 1089
   66 1327
   67 1562
   68 1772
   69 1745
   70 1868
   71 1970
   72 1846
   73 1745
   74 1631
   75 1460
   76 1313
   77 1136
   78 1012
   79 917
   80 744
   81 685
   82 629
   83 575
   84 493
   85 420
   86 420
   87 390
   88 344
   89 281
   90 290
   91 291
   92 303
   93 343
   94 365
   95 443
   96 490
   97 619
   98 799
   99 1036
   100 956
   101 819
   102 595
   103 385
   104 237
   105 204
   106 185
   107 119
   108 127
   109 156
   110 84
   111 96
   112 73
   113 75
   114 51
   115 49
   116 58
   117 54
   118 37
   119 30
   120 41
   121 43
   122 44
   123 41
   124 25
   125 26
   126 12
   127 15
   128 33
   129 19
   130 23
   131 22
   132 16
   133 16
   134 11
   135 14
   136 11
   137 9
   138 13
   139 8
   140 4
   141 2
   142 2
   143 11
   144 9
   145 4
   146 4
   147 8
   148 8
   149 7
   150 6
   151 5
   152 12
   153 12
   154 15
   155 10
   156 20
   157 24
   158 33
   159 37
   160 32
   161 34
   162 31
   163 31
   164 22
   165 32
   166 33
   167 23
   168 28
   169 23
   170 25
   171 19
   172 18
   173 16
   174 10
   175 10
   176 14
   177 7
   178 4
   179 3
   180 6
   181 6
   182 6
   183 6
   184 8
   185 20
   186 5
   187 7
   188 3
   189 8
   190 5
   191 10
   192 6
   193 9
   194 5
   195 11
   196 10
   197 12
   198 10
   199 4
   200 4
   201 6
   202 3
   203 4
   204 3
   205 3
   206 1
   207 2
   208 2
   209 1
   210 2
   211 0
   212 0
   213 4
   214 1
   215 5
   216 9
   217 4
   218 4
   219 2
   220 1
   221 0
   222 0
   223 0
   224 0
   225 0
   226 0
   227 2
   228 1
   229 2
   230 1
   231 0
   232 0
   233 0
   234 0
   235 0
   236 0
   237 0
   238 0
   239 0
   240 1
   241 0
   242 0
   243 0
   244 0
   245 1
   246 0
   247 0
   248 0
   249 0
   250 0
   251 0
   252 0
   253 0
   254 0
   255 0
   256 0
   257 0
   258 0
   259 0
   260 0
   261 0
   262 0
   263 0
   264 0
   265 0
   266 0
   267 0
   268 0
   269 0
   270 0
   271 0
   272 0
   273 0
   274 0
   275 0
   276 0
   277 0
   278 0
   279 0
   280 0
   281 0
   282 0
   283 0
   284 0
   285 0
   286 0
   287 0
   288 0
   289 0
   290 1
HIST END
