STAT START
secs,qlen,thru,msrt,items,nset,nget,nmget,sqt,gqt,mqt,swt,gwt,mwt
1,0,607.000000000000,NaN,0,607,0,0,0.000106873344,NaN,NaN,0.004159247819,NaN,NaN
1,0,1956.000000000000,NaN,0,1956,0,0,0.000243530403,NaN,NaN,0.003574172767,NaN,NaN
1,0,1984.000000000000,NaN,0,1984,0,0,0.000188536263,NaN,NaN,0.003605860139,NaN,NaN
1,0,2057.000000000000,NaN,0,2057,0,0,0.000166318526,NaN,NaN,0.003512277680,NaN,NaN
1,9,2091.000000000000,NaN,0,2091,0,0,0.000220152837,NaN,NaN,0.003321287125,NaN,NaN
1,1,2036.000000000000,NaN,0,2036,0,0,0.000237398488,NaN,NaN,0.003505584728,NaN,NaN
1,0,2029.000000000000,NaN,0,2029,0,0,0.000187456327,NaN,NaN,0.003724737231,NaN,NaN
1,0,2152.000000000000,NaN,0,2152,0,0,0.000163744056,NaN,NaN,0.003432824178,NaN,NaN
1,0,2160.000000000000,NaN,0,2160,0,0,0.000183634484,NaN,NaN,0.003585905675,NaN,NaN
1,4,2022.000000000000,NaN,0,2022,0,0,0.000222575513,NaN,NaN,0.003595693329,NaN,NaN
1,0,1956.000000000000,NaN,0,1956,0,0,0.000218252937,NaN,NaN,0.003575199179,NaN,NaN
1,0,1986.000000000000,NaN,0,1986,0,0,0.000210023227,NaN,NaN,0.003510879906,NaN,NaN
1,0,1811.000000000000,NaN,0,1811,0,0,0.000158342216,NaN,NaN,0.003188109440,NaN,NaN
1,0,1729.000000000000,NaN,0,1729,0,0,0.000187432781,NaN,NaN,0.003094759158,NaN,NaN
1,0,2050.000000000000,NaN,0,2050,0,0,0.000180125611,NaN,NaN,0.003118348056,NaN,NaN
1,0,1930.000000000000,NaN,0,1930,0,0,0.000185214567,NaN,NaN,0.003297925937,NaN,NaN
1,0,1881.000000000000,NaN,0,1881,0,0,0.000148177175,NaN,NaN,0.003062837533,NaN,NaN
1,4,1944.000000000000,NaN,0,1944,0,0,0.000128380050,NaN,NaN,0.003565017048,NaN,NaN
1,0,2014.000000000000,NaN,0,2014,0,0,0.000218349514,NaN,NaN,0.003609036229,NaN,NaN
1,3,1984.000000000000,NaN,0,1984,0,0,0.000153679339,NaN,NaN,0.003878614927,NaN,NaN
1,0,1979.000000000000,NaN,0,1979,0,0,0.000184596917,NaN,NaN,0.003759263390,NaN,NaN
1,0,2064.000000000000,NaN,0,2064,0,0,0.000148653227,NaN,NaN,0.003749937705,NaN,NaN
1,0,1993.000000000000,NaN,0,1993,0,0,0.000178535018,NaN,NaN,0.003752162801,NaN,NaN
1,0,2046.000000000000,NaN,0,2046,0,0,0.000201967927,NaN,NaN,0.003352985618,NaN,NaN
1,1,2003.000000000000,NaN,0,2003,0,0,0.000179519586,NaN,NaN,0.003077017186,NaN,NaN
1,0,1675.000000000000,NaN,0,1675,0,0,0.000227507251,NaN,NaN,0.003345704309,NaN,NaN
1,0,1991.000000000000,NaN,0,1991,0,0,0.000164788836,NaN,NaN,0.003290501105,NaN,NaN
1,0,2004.000000000000,NaN,0,2004,0,0,0.000172567872,NaN,NaN,0.003504752721,NaN,NaN
1,0,1873.000000000000,NaN,0,1873,0,0,0.000153482362,NaN,NaN,0.003262058025,NaN,NaN
1,0,2151.000000000000,NaN,0,2151,0,0,0.000140599037,NaN,NaN,0.003368239421,NaN,NaN
1,0,2106.000000000000,NaN,0,2106,0,0,0.000161052303,NaN,NaN,0.003291937174,NaN,NaN
1,0,1946.000000000000,NaN,0,1946,0,0,0.000200024683,NaN,NaN,0.003797750249,NaN,NaN
1,0,2175.000000000000,NaN,0,2175,0,0,0.000216777410,NaN,NaN,0.003281953524,NaN,NaN
1,0,1992.000000000000,NaN,0,1992,0,0,0.000184820387,NaN,NaN,0.003692279341,NaN,NaN
1,0,2117.000000000000,NaN,0,2117,0,0,0.000130098885,NaN,NaN,0.003443702992,NaN,NaN
1,0,2063.000000000000,NaN,0,2063,0,0,0.000168020565,NaN,NaN,0.003708706348,NaN,NaN
1,0,2206.000000000000,NaN,0,2206,0,0,0.000183423247,NaN,NaN,0.003277213828,NaN,NaN
1,0,2114.000000000000,NaN,0,2114,0,0,0.000177347652,NaN,NaN,0.003573643851,NaN,NaN
1,0,2263.000000000000,NaN,0,2263,0,0,0.000138155401,NaN,NaN,0.003434203734,NaN,NaN
1,0,2095.000000000000,NaN,0,2095,0,0,0.000149904694,NaN,NaN,0.003545292593,NaN,NaN
1,0,2054.000000000000,NaN,0,2054,0,0,0.000182415598,NaN,NaN,0.003809270907,NaN,NaN
1,0,2079.000000000000,NaN,0,2079,0,0,0.000168909208,NaN,NaN,0.003659329654,NaN,NaN
1,0,2051.000000000000,NaN,0,2051,0,0,0.000197986163,NaN,NaN,0.003439952878,NaN,NaN
1,0,2052.000000000000,NaN,0,2052,0,0,0.000237588983,NaN,NaN,0.003494216984,NaN,NaN
1,0,2118.000000000000,NaN,0,2118,0,0,0.000160509902,NaN,NaN,0.003361008206,NaN,NaN
1,0,2087.000000000000,NaN,0,2087,0,0,0.000211366232,NaN,NaN,0.003352970476,NaN,NaN
1,0,2033.000000000000,NaN,0,2033,0,0,0.000183593059,NaN,NaN,0.003544759550,NaN,NaN
1,0,2116.000000000000,NaN,0,2116,0,0,0.000170711494,NaN,NaN,0.003509101739,NaN,NaN
1,0,2035.000000000000,NaN,0,2035,0,0,0.000179403407,NaN,NaN,0.003474307885,NaN,NaN
1,0,2048.000000000000,NaN,0,2048,0,0,0.000159147957,NaN,NaN,0.003684073222,NaN,NaN
1,0,1878.000000000000,NaN,0,1878,0,0,0.000161582254,NaN,NaN,0.004176825997,NaN,NaN
1,0,2125.000000000000,NaN,0,2125,0,0,0.000192141691,NaN,NaN,0.003415277024,NaN,NaN
1,0,2197.000000000000,NaN,0,2197,0,0,0.000128233628,NaN,NaN,0.003494148874,NaN,NaN
1,0,2112.000000000000,NaN,0,2112,0,0,0.000207638452,NaN,NaN,0.003286732034,NaN,NaN
1,0,2058.000000000000,NaN,0,2058,0,0,0.000178723466,NaN,NaN,0.003757647896,NaN,NaN
1,0,1988.000000000000,NaN,0,1988,0,0,0.000209683891,NaN,NaN,0.003703451529,NaN,NaN
1,0,2175.000000000000,NaN,0,2175,0,0,0.000149922438,NaN,NaN,0.003482429438,NaN,NaN
1,5,2120.000000000000,NaN,0,2120,0,0,0.000142296987,NaN,NaN,0.003662611220,NaN,NaN
1,0,2010.000000000000,NaN,0,2010,0,0,0.000251655913,NaN,NaN,0.003616634199,NaN,NaN
1,1,2138.000000000000,NaN,0,2138,0,0,0.000154347057,NaN,NaN,0.003292522717,NaN,NaN
1,0,2099.000000000000,NaN,0,2099,0,0,0.000194655176,NaN,NaN,0.003397352186,NaN,NaN
1,0,2089.000000000000,NaN,0,2089,0,0,0.000166681612,NaN,NaN,0.003580166110,NaN,NaN
1,0,2088.000000000000,NaN,0,2088,0,0,0.000217672202,NaN,NaN,0.003455712720,NaN,NaN
1,0,2097.000000000000,NaN,0,2097,0,0,0.000182015020,NaN,NaN,0.003670135695,NaN,NaN
1,0,2064.000000000000,NaN,0,2064,0,0,0.000165254788,NaN,NaN,0.003782380919,NaN,NaN
1,0,2002.000000000000,NaN,0,2002,0,0,0.000137121347,NaN,NaN,0.003820610175,NaN,NaN
1,0,2105.000000000000,NaN,0,2105,0,0,0.000196031352,NaN,NaN,0.003630641192,NaN,NaN
1,0,2037.000000000000,NaN,0,2037,0,0,0.000150280323,NaN,NaN,0.003581499104,NaN,NaN
1,0,2142.000000000000,NaN,0,2142,0,0,0.000152125131,NaN,NaN,0.003599949718,NaN,NaN
1,0,2108.000000000000,NaN,0,2108,0,0,0.000149743818,NaN,NaN,0.003517897338,NaN,NaN
1,0,1370.000000000000,NaN,0,1370,0,0,0.000174674781,NaN,NaN,0.003103771675,NaN,NaN
STAT END
HIST START
297
   0 0
   1 0
   2 0
   3 0
   4 0
   5 0
   6 0
   7 0
   8 0
   9 0
   10 0
   11 1
   12 39
   13 291
   14 1030
   15 2355
   16 3828
   17 5569
   18 7011
   19 8221
   20 8668
   21 8379
   22 8512
   23 8136
   24 7188
   25 6581
   26 5402
   27 4593
   28 4002
   29 3394
   30 2677
   31 1994
   32 1753
   33 1474
   34 1136
   35 962
   36 838
   37 680
   38 562
   39 506
   40 358
   41 342
   42 323
   43 273
   44 216
   45 181
   46 138
   47 162
   48 162
   49 136
   50 132
   51 115
   52 104
   53 101
   54 124
   55 125
   56 140
   57 193
   58 279
   59 403
   60 520
   61 644
   62 715
   63 758
   64 898
   65 1067
   66 1240
   67 1369
   68 1525
   69 1664
   70 1761
   71 1765
   72 1794
   73 1695
   74 1593
   75 1348
   76 1301
   77 1174
   78 994
   79 774
   80 610
   81 503
   82 444
   83 347
   84 276
   85 269
   86 236
   87 203
   88 165
   89 170
   90 119
   91 138
   92 154
   93 137
   94 199
   95 195
   96 276
   97 320
   98 442
   99 449
   100 439
   101 341
   102 256
   103 161
   104 95
   105 102
   106 86
   107 93
   108 75
   109 62
   110 54
   111 56
   112 35
   113 48
   114 35
   115 47
   116 40
   117 25
   118 26
   119 28
   120 30
   121 30
   122 28
   123 23
   124 24
   125 22
   126 16
   127 18
   128 18
   129 12
   130 17
   131 9
   132 11
   133 5
   134 8
   135 10
   136 10
   137 11
   138 6
   139 10
   140 11
   141 5
   142 2
   143 1
   144 9
   145 13
   146 10
   147 9
   148 10
   149 7
   150 12
   151 5
   152 6
   153 7
   154 8
   155 15
   156 7
   157 6
   158 15
   159 7
   160 5
   161 12
   162 8
   163 11
   164 4
   165 12
   166 17
   167 14
   168 10
   169 10
   170 4
   171 14
   172 11
   173 6
   174 13
   175 5
   176 0
   177 2
   178 5
   179 1
   180 1
   181 9
   182 0
   183 6
   184 4
   185 5
   186 1
   187 2
   188 5
   189 11
   190 2
   191 3
   192 6
   193 2
   194 2
   195 11
   196 3
   197 2
   198 6
   199 2
   200 2
   201 3
   202 3
   203 2
   204 2
   205 2
   206 2
   207 3
   208 3
   209 2
   210 2
   211 0
   212 0
   213 1
   214 3
   215 2
   216 3
   217 0
   218 0
   219 0
   220 0
   221 0
   222 0
   223 0
   224 0
   225 0
   226 0
   227 0
   228 0
   229 0
   230 0
   231 0
   232 0
   233 0
   234 0
   235 0
   236 0
   237 0
   238 0
   239 0
   240 0
   241 0
   242 0
   243 0
   244 0
   245 0
   246 0
   247 0
   248 0
   249 0
   250 0
   251 0
   252 0
   253 0
   254 0
   255 0
   256 0
   257 0
   258 0
   259 0
   260 0
   261 0
   262 0
   263 0
   264 0
   265 0
   266 0
   267 0
   268 0
   269 0
   270 0
   271 0
   272 0
   273 0
   274 0
   275 0
   276 0
   277 0
   278 0
   279 0
   280 0
   281 0
   282 0
   283 0
   284 0
   285 0
   286 0
   287 0
   288 0
   289 0
   290 0
   291 0
   292 0
   293 0
   294 0
   295 0
   296 1
HIST END
