STAT START
secs,qlen,thru,msrt,items,nset,nget,nmget,sqt,gqt,mqt,swt,gwt,mwt
1,87,3487.000000000000,NaN,0,3487,0,0,0.026724588740,NaN,NaN,0.008593646909,NaN,NaN
1,112,4340.000000000000,NaN,0,4340,0,0,0.023386787029,NaN,NaN,0.007354211112,NaN,NaN
1,109,4930.000000000000,NaN,0,4930,0,0,0.020356977705,NaN,NaN,0.006468512052,NaN,NaN
1,112,4546.000000000000,NaN,0,4546,0,0,0.022599854879,NaN,NaN,0.007073782498,NaN,NaN
1,107,4546.000000000000,NaN,0,4546,0,0,0.022940467331,NaN,NaN,0.007053023401,NaN,NaN
1,81,4918.000000000000,NaN,0,4918,0,0,0.020624481597,NaN,NaN,0.006437729177,NaN,NaN
1,107,4738.000000000000,NaN,0,4738,0,0,0.021286573951,NaN,NaN,0.006775654996,NaN,NaN
1,110,4527.000000000000,NaN,0,4527,0,0,0.023073022477,NaN,NaN,0.007086983210,NaN,NaN
1,111,4510.000000000000,NaN,0,4510,0,0,0.022390117804,NaN,NaN,0.007071269638,NaN,NaN
1,109,4708.000000000000,NaN,0,4708,0,0,0.021804398820,NaN,NaN,0.006810931570,NaN,NaN
1,105,4544.000000000000,NaN,0,4544,0,0,0.022841867879,NaN,NaN,0.007055937741,NaN,NaN
1,108,4420.000000000000,NaN,0,4420,0,0,0.023238054087,NaN,NaN,0.007243424495,NaN,NaN
1,112,4521.000000000000,NaN,0,4521,0,0,0.022507591551,NaN,NaN,0.007076458228,NaN,NaN
1,86,4160.000000000000,NaN,0,4160,0,0,0.025001951155,NaN,NaN,0.007685368930,NaN,NaN
1,96,4533.000000000000,NaN,0,4533,0,0,0.023035181045,NaN,NaN,0.007057715185,NaN,NaN
1,99,4429.000000000000,NaN,0,4429,0,0,0.023037150900,NaN,NaN,0.007188817274,NaN,NaN
1,112,4407.000000000000,NaN,0,4407,0,0,0.023204635940,NaN,NaN,0.007286085054,NaN,NaN
1,103,4456.000000000000,NaN,0,4456,0,0,0.022958593481,NaN,NaN,0.007136372257,NaN,NaN
1,112,4400.000000000000,NaN,0,4400,0,0,0.023647988747,NaN,NaN,0.007323158632,NaN,NaN
1,88,4548.000000000000,NaN,0,4548,0,0,0.022309511459,NaN,NaN,0.007015934859,NaN,NaN
1,104,4402.000000000000,NaN,0,4402,0,0,0.023459100161,NaN,NaN,0.007232188257,NaN,NaN
1,112,4755.000000000000,NaN,0,4755,0,0,0.021404659042,NaN,NaN,0.006719797943,NaN,NaN
1,112,4323.000000000000,NaN,0,4323,0,0,0.024055898079,NaN,NaN,0.007429738112,NaN,NaN
1,112,4501.000000000000,NaN,0,4501,0,0,0.023071275691,NaN,NaN,0.007107017056,NaN,NaN
1,112,4396.000000000000,NaN,0,4396,0,0,0.023208019965,NaN,NaN,0.007272517445,NaN,NaN
1,109,4624.000000000000,NaN,0,4624,0,0,0.022136600312,NaN,NaN,0.006903752850,NaN,NaN
1,80,4438.000000000000,NaN,0,4438,0,0,0.023309514037,NaN,NaN,0.007243165203,NaN,NaN
1,112,4647.000000000000,NaN,0,4647,0,0,0.022391509377,NaN,NaN,0.006861178142,NaN,NaN
1,92,4188.000000000000,NaN,0,4188,0,0,0.024506332861,NaN,NaN,0.007608546724,NaN,NaN
1,99,4265.000000000000,NaN,0,4265,0,0,0.024988128808,NaN,NaN,0.007559630737,NaN,NaN
1,75,4508.000000000000,NaN,0,4508,0,0,0.022881960956,NaN,NaN,0.007107645380,NaN,NaN
1,111,4349.000000000000,NaN,0,4349,0,0,0.023483148751,NaN,NaN,0.007311105297,NaN,NaN
1,85,4473.000000000000,NaN,0,4473,0,0,0.023398046982,NaN,NaN,0.007198253761,NaN,NaN
1,112,4599.000000000000,NaN,0,4599,0,0,0.022175178645,NaN,NaN,0.006918162902,NaN,NaN
1,112,4252.000000000000,NaN,0,4252,0,0,0.024157369521,NaN,NaN,0.007478058561,NaN,NaN
1,112,4594.000000000000,NaN,0,4594,0,0,0.022880572887,NaN,NaN,0.007004703159,NaN,NaN
1,108,4513.000000000000,NaN,0,4513,0,0,0.022909951421,NaN,NaN,0.007114788095,NaN,NaN
1,112,4698.000000000000,NaN,0,4698,0,0,0.021616225587,NaN,NaN,0.006807610877,NaN,NaN
1,109,4548.000000000000,NaN,0,4548,0,0,0.022773858922,NaN,NaN,0.007037592043,NaN,NaN
1,109,4388.000000000000,NaN,0,4388,0,0,0.023397358460,NaN,NaN,0.007272741309,NaN,NaN
1,112,4382.000000000000,NaN,0,4382,0,0,0.023547905921,NaN,NaN,0.007328502458,NaN,NaN
1,83,4602.000000000000,NaN,0,4602,0,0,0.022634581027,NaN,NaN,0.006953527377,NaN,NaN
1,102,4319.000000000000,NaN,0,4319,0,0,0.023741378295,NaN,NaN,0.007377042478,NaN,NaN
1,102,4683.000000000000,NaN,0,4683,0,0,0.022132528469,NaN,NaN,0.006822191755,NaN,NaN
1,82,4450.000000000000,NaN,0,4450,0,0,0.023543448294,NaN,NaN,0.007214666319,NaN,NaN
1,112,4895.000000000000,NaN,0,4895,0,0,0.020511810240,NaN,NaN,0.006523800712,NaN,NaN
1,112,4827.000000000000,NaN,0,4827,0,0,0.021147604080,NaN,NaN,0.006646941463,NaN,NaN
1,110,4450.000000000000,NaN,0,4450,0,0,0.023074072323,NaN,NaN,0.007175142851,NaN,NaN
1,109,4689.000000000000,NaN,0,4689,0,0,0.021831079105,NaN,NaN,0.006789017623,NaN,NaN
1,112,4721.000000000000,NaN,0,4721,0,0,0.021832663332,NaN,NaN,0.006771787846,NaN,NaN
1,108,4547.000000000000,NaN,0,4547,0,0,0.022285170042,NaN,NaN,0.007062022836,NaN,NaN
1,91,4413.000000000000,NaN,0,4413,0,0,0.023617467096,NaN,NaN,0.007229763341,NaN,NaN
1,98,4653.000000000000,NaN,0,4653,0,0,0.022132723318,NaN,NaN,0.006843085123,NaN,NaN
1,112,4512.000000000000,NaN,0,4512,0,0,0.022741387156,NaN,NaN,0.007148830492,NaN,NaN
1,74,4317.000000000000,NaN,0,4317,0,0,0.024073284236,NaN,NaN,0.007413768870,NaN,NaN
1,94,4681.000000000000,NaN,0,4681,0,0,0.022200105844,NaN,NaN,0.006821648500,NaN,NaN
1,112,4691.000000000000,NaN,0,4691,0,0,0.021641618416,NaN,NaN,0.006775467828,NaN,NaN
1,92,4762.000000000000,NaN,0,4762,0,0,0.021514830514,NaN,NaN,0.006762338983,NaN,NaN
1,100,4528.000000000000,NaN,0,4528,0,0,0.022790497837,NaN,NaN,0.007060749250,NaN,NaN
1,111,4624.000000000000,NaN,0,4624,0,0,0.022407489256,NaN,NaN,0.006933788211,NaN,NaN
1,111,4498.000000000000,NaN,0,4498,0,0,0.022934964176,NaN,NaN,0.007098572375,NaN,NaN
1,110,4341.000000000000,NaN,0,4341,0,0,0.023868287228,NaN,NaN,0.007341962051,NaN,NaN
1,84,4428.000000000000,NaN,0,4428,0,0,0.023503942984,NaN,NaN,0.007259903737,NaN,NaN
1,104,4489.000000000000,NaN,0,4489,0,0,0.022714923798,NaN,NaN,0.007062320750,NaN,NaN
1,90,4512.000000000000,NaN,0,4512,0,0,0.023172802622,NaN,NaN,0.007159412073,NaN,NaN
1,94,4798.000000000000,NaN,0,4798,0,0,0.021130240257,NaN,NaN,0.006648789999,NaN,NaN
1,87,4122.000000000000,NaN,0,4122,0,0,0.024880418816,NaN,NaN,0.007730261869,NaN,NaN
1,83,4817.000000000000,NaN,0,4817,0,0,0.021342643660,NaN,NaN,0.006667634008,NaN,NaN
1,60,4500.000000000000,NaN,0,4500,0,0,0.022930564827,NaN,NaN,0.007122151738,NaN,NaN
1,78,4488.000000000000,NaN,0,4488,0,0,0.022795150426,NaN,NaN,0.007116446159,NaN,NaN
1,0,221.000000000000,NaN,0,221,0,0,0.015335097719,NaN,NaN,0.006040214656,NaN,NaN
STAT END
HIST START
1067
   0 0
   1 0
   2 0
   3 0
   4 0
   5 0
   6 0
   7 0
   8 0
   9 0
   10 0
   11 0
   12 0
   13 0
   14 0
   15 0
   16 0
   17 0
   18 0
   19 0
   20 0
   21 0
   22 0
   23 0
   24 0
   25 0
   26 0
   27 0
   28 0
   29 0
   30 0
   31 0
   32 0
   33 0
   34 0
   35 0
   36 0
   37 0
   38 0
   39 0
   40 0
   41 1
   42 0
   43 0
   44 0
   45 0
   46 0
   47 0
   48 0
   49 2
   50 3
   51 1
   52 2
   53 0
   54 2
   55 0
   56 0
   57 0
   58 5
   59 2
   60 6
   61 6
   62 5
   63 5
   64 8
   65 9
   66 9
   67 9
   68 4
   69 6
   70 7
   71 5
   72 12
   73 6
   74 10
   75 9
   76 6
   77 7
   78 5
   79 19
   80 19
   81 6
   82 13
   83 12
   84 6
   85 7
   86 7
   87 7
   88 8
   89 8
   90 15
   91 9
   92 10
   93 16
   94 13
   95 11
   96 16
   97 14
   98 26
   99 24
   100 32
   101 27
   102 38
   103 30
   104 41
   105 23
   106 28
   107 34
   108 38
   109 30
   110 17
   111 15
   112 36
   113 29
   114 33
   115 55
   116 54
   117 32
   118 51
   119 36
   120 65
   121 62
   122 66
   123 57
   124 96
   125 69
   126 68
   127 75
   128 51
   129 57
   130 87
   131 108
   132 121
   133 120
   134 100
   135 88
   136 103
   137 88
   138 94
   139 109
   140 112
   141 136
   142 160
   143 142
   144 178
   145 139
   146 151
   147 161
   148 163
   149 214
   150 205
   151 221
   152 205
   153 199
   154 211
   155 202
   156 237
   157 244
   158 258
   159 320
   160 289
   161 256
   162 260
   163 310
   164 322
   165 315
   166 342
   167 339
   168 326
   169 349
   170 401
   171 349
   172 355
   173 420
   174 458
   175 434
   176 474
   177 460
   178 470
   179 499
   180 490
   181 486
   182 568
   183 542
   184 510
   185 514
   186 559
   187 524
   188 561
   189 526
   190 573
   191 515
   192 549
   193 586
   194 582
   195 673
   196 663
   197 672
   198 623
   199 684
   200 700
   201 618
   202 632
   203 673
   204 665
   205 662
   206 691
   207 674
   208 760
   209 762
   210 797
   211 811
   212 819
   213 819
   214 856
   215 848
   216 877
   217 991
   218 921
   219 1052
   220 1102
   221 1102
   222 1085
   223 1124
   224 1163
   225 1325
   226 1303
   227 1296
   228 1345
   229 1395
   230 1410
   231 1317
   232 1338
   233 1428
   234 1522
   235 1554
   236 1611
   237 1689
   238 1586
   239 1552
   240 1652
   241 1655
   242 1657
   243 1720
   244 1738
   245 1721
   246 1821
   247 1769
   248 1824
   249 1831
   250 1814
   251 1815
   252 1800
   253 1853
   254 1899
   255 1839
   256 1823
   257 1837
   258 1836
   259 1810
   260 1747
   261 1801
   262 1706
   263 1670
   264 1601
   265 1642
   266 1659
   267 1569
   268 1597
   269 1540
   270 1457
   271 1517
   272 1424
   273 1379
   274 1397
   275 1335
   276 1337
   277 1293
   278 1259
   279 1281
   280 1344
   281 1290
   282 1347
   283 1317
   284 1323
   285 1329
   286 1228
   287 1288
   288 1268
   289 1299
   290 1273
   291 1308
   292 1352
   293 1322
   294 1344
   295 1449
   296 1398
   297 1363
   298 1420
   299 1472
   300 1421
   301 1470
   302 1517
   303 1597
   304 1467
   305 1557
   306 1620
   307 1687
   308 1691
   309 1700
   310 1847
   311 1740
   312 1794
   313 1826
   314 1791
   315 1794
   316 1860
   317 1856
   318 1951
   319 1918
   320 1950
   321 1899
   322 2015
   323 1936
   324 2039
   325 1993
   326 1987
   327 2013
   328 2006
   329 1898
   330 1962
   331 1913
   332 1857
   333 1915
   334 1854
   335 1836
   336 1866
   337 1816
   338 1768
   339 1727
   340 1719
   341 1603
   342 1544
   343 1553
   344 1555
   345 1422
   346 1407
   347 1385
   348 1365
   349 1325
   350 1245
   351 1167
   352 1108
   353 1078
   354 1014
   355 928
   356 957
   357 860
   358 867
   359 832
   360 748
   361 747
   362 800
   363 733
   364 731
   365 718
   366 678
   367 749
   368 687
   369 677
   370 716
   371 686
   372 676
   373 675
   374 760
   375 729
   376 748
   377 744
   378 782
   379 750
   380 762
   381 832
   382 741
   383 754
   384 764
   385 675
   386 738
   387 765
   388 799
   389 769
   390 766
   391 808
   392 782
   393 743
   394 781
   395 750
   396 748
   397 768
   398 729
   399 718
   400 744
   401 737
   402 737
   403 699
   404 706
   405 713
   406 645
   407 666
   408 653
   409 625
   410 602
   411 543
   412 584
   413 549
   414 602
   415 522
   416 508
   417 480
   418 473
   419 428
   420 445
   421 435
   422 409
   423 433
   424 366
   425 370
   426 351
   427 347
   428 304
   429 298
   430 309
   431 281
   432 268
   433 255
   434 231
   435 253
   436 219
   437 182
   438 200
   439 218
   440 194
   441 176
   442 186
   443 147
   444 163
   445 148
   446 141
   447 118
   448 107
   449 120
   450 151
   451 116
   452 121
   453 114
   454 138
   455 136
   456 122
   457 134
   458 110
   459 121
   460 123
   461 137
   462 138
   463 132
   464 147
   465 135
   466 146
   467 123
   468 111
   469 130
   470 111
   471 129
   472 119
   473 139
   474 151
   475 138
   476 132
   477 125
   478 126
   479 152
   480 122
   481 102
   482 110
   483 109
   484 110
   485 95
   486 100
   487 80
   488 87
   489 71
   490 73
   491 105
   492 73
   493 87
   494 63
   495 85
   496 62
   497 71
   498 63
   499 72
   500 51
   501 73
   502 58
   503 56
   504 46
   505 57
   506 60
   507 53
   508 51
   509 37
   510 32
   511 33
   512 25
   513 23
   514 27
   515 40
   516 53
   517 33
   518 36
   519 26
   520 31
   521 34
   522 22
   523 24
   524 17
   525 31
   526 23
   527 27
   528 17
   529 28
   530 33
   531 28
   532 28
   533 40
   534 37
   535 22
   536 27
   537 25
   538 34
   539 29
   540 23
   541 27
   542 24
   543 13
   544 20
   545 10
   546 10
   547 19
   548 20
   549 18
   550 16
   551 11
   552 12
   553 9
   554 7
   555 11
   556 19
   557 13
   558 8
   559 14
   560 3
   561 19
   562 28
   563 17
   564 18
   565 26
   566 23
   567 23
   568 18
   569 28
   570 16
   571 21
   572 18
   573 19
   574 5
   575 10
   576 18
   577 16
   578 18
   579 10
   580 4
   581 12
   582 4
   583 8
   584 7
   585 3
   586 8
   587 3
   588 9
   589 5
   590 11
   591 12
   592 12
   593 8
   594 4
   595 8
   596 5
   597 5
   598 4
   599 0
   600 5
   601 3
   602 4
   603 4
   604 5
   605 1
   606 1
   607 1
   608 1
   609 1
   610 1
   611 0
   612 2
   613 0
   614 0
   615 1
   616 2
   617 4
   618 1
   619 0
   620 1
   621 0
   622 0
   623 0
   624 2
   625 2
   626 0
   627 2
   628 2
   629 1
   630 1
   631 3
   632 6
   633 1
   634 2
   635 1
   636 1
   637 3
   638 3
   639 9
   640 3
   641 6
   642 2
   643 3
   644 2
   645 2
   646 2
   647 2
   648 3
   649 1
   650 4
   651 0
   652 2
   653 1
   654 2
   655 1
   656 2
   657 2
   658 2
   659 1
   660 4
   661 2
   662 0
   663 4
   664 3
   665 3
   666 4
   667 5
   668 2
   669 0
   670 2
   671 1
   672 1
   673 2
   674 3
   675 2
   676 0
   677 0
   678 1
   679 2
   680 2
   681 3
   682 3
   683 2
   684 0
   685 0
   686 1
   687 2
   688 1
   689 1
   690 1
   691 0
   692 0
   693 0
   694 0
   695 1
   696 1
   697 0
   698 1
   699 0
   700 0
   701 0
   702 0
   703 2
   704 0
   705 0
   706 1
   707 0
   708 0
   709 0
   710 0
   711 1
   712 0
   713 0
   714 0
   715 0
   716 2
   717 1
   718 0
   719 0
   720 2
   721 0
   722 1
   723 1
   724 2
   725 5
   726 2
   727 0
   728 1
   729 4
   730 0
   731 1
   732 2
   733 0
   734 0
   735 0
   736 0
   737 2
   738 5
   739 1
   740 0
   741 2
   742 1
   743 1
   744 5
   745 0
   746 0
   747 0
   748 1
   749 1
   750 0
   751 0
   752 1
   753 0
   754 1
   755 0
   756 0
   757 0
   758 0
   759 0
   760 0
   761 2
   762 0
   763 1
   764 3
   765 1
   766 0
   767 0
   768 0
   769 0
   770 0
   771 0
   772 0
   773 0
   774 0
   775 0
   776 0
   777 0
   778 0
   779 0
   780 0
   781 0
   782 0
   783 0
   784 0
   785 0
   786 0
   787 0
   788 0
   789 0
   790 1
   791 0
   792 0
   793 1
   794 0
   795 0
   796 0
   797 1
   798 0
   799 0
   800 1
   801 0
   802 0
   803 0
   804 0
   805 0
   806 1
   807 0
   808 0
   809 1
   810 0
   811 0
   812 0
   813 0
   814 1
   815 1
   816 0
   817 0
   818 1
   819 0
   820 3
   821 0
   822 1
   823 0
   824 2
   825 1
   826 1
   827 0
   828 0
   829 0
   830 4
   831 0
   832 2
   833 0
   834 1
   835 2
   836 1
   837 5
   838 0
   839 1
   840 0
   841 1
   842 0
   843 0
   844 0
   845 2
   846 2
   847 1
   848 0
   849 0
   850 0
   851 4
   852 0
   853 1
   854 1
   855 1
   856 1
   857 2
   858 2
   859 1
   860 3
   861 1
   862 2
   863 1
   864 0
   865 0
   866 0
   867 0
   868 0
   869 0
   870 0
   871 0
   872 1
   873 0
   874 0
   875 0
   876 0
   877 0
   878 0
   879 0
   880 0
   881 0
   882 0
   883 0
   884 0
   885 0
   886 0
   887 0
   888 0
   889 0
   890 1
   891 0
   892 0
   893 0
   894 0
   895 0
   896 0
   897 0
   898 0
   899 0
   900 1
   901 0
   902 0
   903 1
   904 0
   905 0
   906 0
   907 0
   908 0
   909 0
   910 0
   911 0
   912 0
   913 0
   914 0
   915 1
   916 2
   917 0
   918 0
   919 0
   920 0
   921 1
   922 0
   923 1
   924 0
   925 0
   926 0
   927 0
   928 0
   929 1
   930 0
   931 0
   932 0
   933 1
   934 0
   935 1
   936 0
   937 0
   938 0
   939 0
   940 0
   941 2
   942 0
   943 1
   944 0
   945 1
   946 0
   947 0
   948 2
   949 0
   950 0
   951 1
   952 0
   953 0
   954 0
   955 0
   956 1
   957 0
   958 0
   959 0
   960 0
   961 0
   962 0
   963 0
   964 0
   965 0
   966 0
   967 0
   968 0
   969 0
   970 0
   971 0
   972 0
   973 0
   974 0
   975 0
   976 0
   977 0
   978 0
   979 0
   980 0
   981 0
   982 0
   983 0
   984 0
   985 0
   986 0
   987 0
   988 0
   989 0
   990 0
   991 0
   992 0
   993 0
   994 0
   995 0
   996 0
   997 0
   998 0
   999 0
   1000 0
   1001 0
   1002 0
   1003 0
   1004 0
   1005 0
   1006 0
   1007 0
   1008 0
   1009 0
   1010 0
   1011 0
   1012 0
   1013 0
   1014 0
   1015 0
   1016 0
   1017 0
   1018 0
   1019 0
   1020 0
   1021 0
   1022 0
   1023 0
   1024 0
   1025 0
   1026 0
   1027 0
   1028 0
   1029 0
   1030 0
   1031 0
   1032 0
   1033 0
   1034 0
   1035 0
   1036 0
   1037 0
   1038 0
   1039 0
   1040 0
   1041 0
   1042 0
   1043 0
   1044 0
   1045 0
   1046 0
   1047 0
   1048 0
   1049 0
   1050 0
   1051 1
   1052 0
   1053 0
   1054 0
   1055 1
   1056 0
   1057 0
   1058 0
   1059 0
   1060 0
   1061 0
   1062 0
   1063 1
   1064 0
   1065 1
   1066 1
HIST END
