STAT START
secs,qlen,thru,msrt,items,nset,nget,nmget,sqt,gqt,mqt,swt,gwt,mwt
1,0,103.000000000000,0.000000000000,3969,54,0,49,0.000348297778,NaN,0.000473229184,0.013823500833,NaN,0.095433883224
1,0,112.000000000000,0.001299545159,4617,55,0,57,0.000082659327,NaN,0.000113928754,0.016304684491,NaN,0.083273765053
1,0,114.000000000000,0.000000000000,4536,58,0,56,0.000218849259,NaN,0.000171613304,0.018906390224,NaN,0.082656563732
1,0,109.000000000000,0.000661375661,4536,53,0,56,0.000174164792,NaN,0.000108496768,0.019641934698,NaN,0.083295175929
1,0,115.000000000000,0.000649772580,4617,58,0,57,0.000073109534,NaN,0.000117441035,0.020388417707,NaN,0.081639560632
1,0,107.000000000000,0.001164686699,4293,54,0,53,0.000077004667,NaN,0.000069153528,0.021192041759,NaN,0.086017919887
1,0,113.000000000000,0.000220458554,4536,57,0,56,0.000079562526,NaN,0.000061614768,0.020800077877,NaN,0.084698429982
1,0,108.000000000000,0.000000000000,4374,54,0,54,0.000202160926,NaN,0.000209644593,0.017065111907,NaN,0.082703959426
1,0,114.000000000000,0.000000000000,4617,57,0,57,0.000073162281,NaN,0.000073956982,0.019197676316,NaN,0.082834277228
1,0,110.000000000000,0.000000000000,4455,55,0,55,0.000080579327,NaN,0.000074826255,0.016339014800,NaN,0.084187367600
1,0,115.000000000000,0.000000000000,4617,58,0,57,0.000063990414,NaN,0.000081452053,0.019855896759,NaN,0.084383304807
1,0,106.000000000000,0.000000000000,4293,53,0,53,0.000071074283,NaN,0.000070236472,0.020145913226,NaN,0.086767158189
1,0,106.000000000000,0.000000000000,4374,52,0,54,0.000230683327,NaN,0.000194503259,0.020708358135,NaN,0.086288505000
1,0,107.000000000000,0.000000000000,4293,54,0,53,0.000081410333,NaN,0.000238884094,0.016932303426,NaN,0.090967752491
1,0,109.000000000000,0.000000000000,4455,54,0,55,0.000070859963,NaN,0.000070408000,0.021332876407,NaN,0.084567521273
1,0,104.000000000000,0.000726216412,4131,53,0,51,0.000076757547,NaN,0.000074079118,0.017299856000,NaN,0.091403783118
1,0,114.000000000000,0.000649772580,4617,57,0,57,0.000085862702,NaN,0.000074171053,0.016978152684,NaN,0.086199641982
1,0,112.000000000000,0.000000000000,4617,55,0,57,0.000080753800,NaN,0.000072091947,0.016418497764,NaN,0.086841484421
1,0,111.000000000000,0.000000000000,4455,56,0,55,0.000067979250,NaN,0.000069555145,0.015740621375,NaN,0.083426361945
1,0,106.000000000000,0.000000000000,4293,53,0,53,0.000077021679,NaN,0.000095454415,0.015646606019,NaN,0.096698362283
1,0,105.000000000000,0.000000000000,4212,53,0,52,0.000068964623,NaN,0.000067483212,0.019393988038,NaN,0.088792241115
1,0,111.000000000000,0.002204585538,4536,55,0,56,0.000175191673,NaN,0.000061991607,0.015701324727,NaN,0.087976722518
1,0,109.000000000000,0.001600365798,4374,55,0,54,0.000098119891,NaN,0.000085508685,0.018779951691,NaN,0.085247721148
1,0,108.000000000000,0.000897867565,4455,53,0,55,0.000210141547,NaN,0.000124929927,0.017331955302,NaN,0.088169712473
1,0,107.000000000000,0.001164686699,4293,54,0,53,0.000071956278,NaN,0.000068817642,0.020616811648,NaN,0.088287172887
1,0,115.000000000000,0.001082954299,4617,58,0,57,0.000339910500,NaN,0.000073809632,0.014775124466,NaN,0.088532181860
1,0,109.000000000000,0.000897867565,4455,54,0,55,0.000060600296,NaN,0.000065973273,0.019422929963,NaN,0.086336028400
1,0,110.000000000000,0.000881834215,4536,54,0,56,0.000078837963,NaN,0.000075831393,0.021117796444,NaN,0.084848442179
1,0,113.000000000000,0.000661375661,4536,57,0,56,0.000067620000,NaN,0.000069136393,0.020852590175,NaN,0.080700518018
1,0,105.000000000000,0.000000000000,4293,52,0,53,0.000072027596,NaN,0.000073819660,0.019960054288,NaN,0.086748098660
1,0,110.000000000000,0.000000000000,4455,55,0,55,0.000084679455,NaN,0.000073569909,0.019772001891,NaN,0.084727837655
1,0,108.000000000000,0.000000000000,4293,55,0,53,0.000175413491,NaN,0.000279279906,0.019115640200,NaN,0.084007658566
1,0,111.000000000000,0.000000000000,4455,56,0,55,0.000085454821,NaN,0.000080239364,0.021668247054,NaN,0.083097577109
1,0,112.000000000000,0.000000000000,4617,55,0,57,0.000067931545,NaN,0.000069756789,0.022044154473,NaN,0.081502343140
1,0,103.000000000000,0.000000000000,4131,52,0,51,0.000066721692,NaN,0.000058208039,0.020997918365,NaN,0.088137443941
1,0,112.000000000000,0.000000000000,4617,55,0,57,0.000076662673,NaN,0.000066727105,0.018385268418,NaN,0.086384050018
1,0,119.000000000000,0.000209248797,4779,60,0,59,0.000120761083,NaN,0.000063514153,0.021726381233,NaN,0.075904692169
1,0,114.000000000000,0.000216590860,4617,57,0,57,0.000062344281,NaN,0.000071237667,0.020232148702,NaN,0.082462437105
1,0,106.000000000000,0.000931749359,4293,53,0,53,0.000078240547,NaN,0.000066634434,0.021309271962,NaN,0.082765913943
1,0,110.000000000000,0.000000000000,4374,56,0,54,0.000072709696,NaN,0.000074899019,0.022396167839,NaN,0.082024067889
1,0,117.000000000000,0.000209248797,4779,58,0,59,0.000063624759,NaN,0.000063788780,0.016726585966,NaN,0.083756782831
1,0,112.000000000000,0.000433181720,4617,55,0,57,0.000105947527,NaN,0.000099480684,0.018396325145,NaN,0.083027489000
1,0,112.000000000000,0.000897867565,4455,57,0,55,0.000057630140,NaN,0.000074728164,0.022422950193,NaN,0.079225197836
1,0,115.000000000000,0.001082954299,4617,58,0,57,0.000079273552,NaN,0.000105287982,0.022064274431,NaN,0.078219289737
1,0,111.000000000000,0.000220458554,4536,55,0,56,0.000071107945,NaN,0.000097324929,0.017737550509,NaN,0.083858756375
1,0,109.000000000000,0.001600365798,4374,55,0,54,0.000065302291,NaN,0.000103346296,0.021715002691,NaN,0.084819425815
1,0,111.000000000000,0.002204585538,4536,55,0,56,0.000071219055,NaN,0.000061516554,0.021474352073,NaN,0.084374023125
1,0,111.000000000000,0.000000000000,4536,55,0,56,0.000083694000,NaN,0.000076090161,0.020215865091,NaN,0.084613329982
1,0,116.000000000000,0.000000000000,4617,59,0,57,0.000067534576,NaN,0.000068734053,0.015879671017,NaN,0.083508678105
1,0,111.000000000000,0.000220458554,4536,55,0,56,0.000176953709,NaN,0.000079554732,0.018192194073,NaN,0.083597988018
1,0,116.000000000000,0.000212856535,4698,58,0,58,0.000102641603,NaN,0.000099965690,0.017637663569,NaN,0.081199571397
1,0,112.000000000000,0.001102292769,4536,56,0,56,0.000071252554,NaN,0.000078965393,0.019713605304,NaN,0.085175041071
1,0,116.000000000000,0.000212856535,4698,58,0,58,0.000073731948,NaN,0.000076395914,0.016521873397,NaN,0.081166389086
1,0,109.000000000000,0.000914494742,4374,55,0,54,0.000072964564,NaN,0.000241780889,0.018907056127,NaN,0.084870183093
1,0,119.000000000000,0.000411522634,4860,59,0,60,0.000059746119,NaN,0.000126147950,0.017384704712,NaN,0.081691770567
1,0,107.000000000000,0.002286236854,4374,53,0,54,0.000067515566,NaN,0.000172082074,0.016365579057,NaN,0.086402617833
1,0,116.000000000000,0.000212856535,4698,58,0,58,0.000147560500,NaN,0.000119043879,0.014851370172,NaN,0.086476524845
1,0,112.000000000000,0.000440917108,4536,56,0,56,0.000096851750,NaN,0.000057443250,0.019971198464,NaN,0.082019988375
1,0,117.000000000000,0.001064282673,4698,59,0,58,0.000220340136,NaN,0.000067462776,0.016862255441,NaN,0.082680615897
1,0,115.000000000000,0.000851426139,4698,57,0,58,0.000068691895,NaN,0.000054979500,0.020089759263,NaN,0.080220758552
1,0,111.000000000000,0.000440917108,4536,55,0,56,0.000070067964,NaN,0.000073997357,0.018564991182,NaN,0.085939989857
1,0,112.000000000000,0.001984126984,4536,56,0,56,0.000106127000,NaN,0.000061030804,0.021148730107,NaN,0.080983749232
1,0,113.000000000000,0.000440917108,4536,57,0,56,0.000070476211,NaN,0.000066700571,0.018780947193,NaN,0.082173606375
1,0,119.000000000000,0.001046243984,4779,60,0,59,0.000082821367,NaN,0.000160661729,0.013253908233,NaN,0.084080812915
1,0,113.000000000000,0.000216590860,4617,56,0,57,0.000076886768,NaN,0.000068035737,0.013606428518,NaN,0.086758270281
1,0,110.000000000000,0.000000000000,4455,55,0,55,0.000076095436,NaN,0.000070760727,0.018289708491,NaN,0.084777706273
1,0,114.000000000000,0.001064282673,4698,56,0,58,0.000066805964,NaN,0.000079825276,0.017970612143,NaN,0.084345879155
1,0,110.000000000000,0.000465874680,4293,57,0,53,0.000088452351,NaN,0.000079842604,0.017649455509,NaN,0.085353632943
1,0,119.000000000000,0.000823045267,4860,59,0,60,0.000067227831,NaN,0.000074966050,0.014599728339,NaN,0.086103449117
1,0,108.000000000000,0.001828989483,4374,54,0,54,0.000148681333,NaN,0.000068920926,0.017210546500,NaN,0.086183569056
1,0,7.000000000000,0.002057613169,486,1,0,6,0.000034301000,NaN,0.000048801500,0.003706733000,NaN,0.084744913833
STAT END
Server 0 handled 7782 requests.
Server 1 handled 7790 requests.
Server 2 handled 7789 requests.
SET HIST START
494
   0 0
   1 0
   2 0
   3 0
   4 0
   5 0
   6 0
   7 0
   8 0
   9 0
   10 0
   11 0
   12 1
   13 2
   14 6
   15 6
   16 10
   17 14
   18 14
   19 30
   20 24
   21 18
   22 25
   23 29
   24 32
   25 27
   26 15
   27 25
   28 21
   29 35
   30 14
   31 17
   32 15
   33 16
   34 12
   35 17
   36 6
   37 21
   38 12
   39 7
   40 5
   41 9
   42 4
   43 2
   44 5
   45 4
   46 4
   47 2
   48 1
   49 1
   50 1
   51 8
   52 1
   53 5
   54 1
   55 1
   56 1
   57 3
   58 5
   59 2
   60 3
   61 5
   62 6
   63 4
   64 5
   65 4
   66 6
   67 11
   68 9
   69 7
   70 13
   71 13
   72 5
   73 12
   74 9
   75 5
   76 15
   77 15
   78 8
   79 10
   80 16
   81 13
   82 11
   83 12
   84 11
   85 18
   86 15
   87 14
   88 7
   89 16
   90 14
   91 8
   92 6
   93 7
   94 14
   95 14
   96 27
   97 44
   98 47
   99 47
   100 32
   101 29
   102 17
   103 22
   104 16
   105 13
   106 19
   107 15
   108 9
   109 15
   110 12
   111 13
   112 8
   113 12
   114 16
   115 21
   116 9
   117 16
   118 14
   119 12
   120 12
   121 7
   122 7
   123 9
   124 10
   125 10
   126 9
   127 6
   128 12
   129 14
   130 13
   131 16
   132 8
   133 12
   134 6
   135 8
   136 8
   137 13
   138 13
   139 13
   140 18
   141 9
   142 11
   143 7
   144 13
   145 4
   146 6
   147 2
   148 11
   149 5
   150 6
   151 9
   152 7
   153 6
   154 5
   155 5
   156 4
   157 11
   158 5
   159 2
   160 2
   161 4
   162 4
   163 9
   164 5
   165 4
   166 7
   167 5
   168 9
   169 5
   170 12
   171 10
   172 9
   173 8
   174 12
   175 8
   176 8
   177 8
   178 8
   179 4
   180 9
   181 12
   182 9
   183 6
   184 7
   185 3
   186 10
   187 8
   188 11
   189 5
   190 7
   191 7
   192 6
   193 7
   194 5
   195 9
   196 12
   197 13
   198 14
   199 3
   200 5
   201 8
   202 5
   203 8
   204 2
   205 2
   206 3
   207 3
   208 8
   209 4
   210 3
   211 4
   212 1
   213 2
   214 5
   215 4
   216 0
   217 5
   218 2
   219 1
   220 2
   221 4
   222 4
   223 1
   224 0
   225 5
   226 5
   227 4
   228 4
   229 4
   230 4
   231 7
   232 5
   233 11
   234 5
   235 5
   236 7
   237 8
   238 7
   239 11
   240 12
   241 13
   242 11
   243 11
   244 5
   245 9
   246 13
   247 8
   248 6
   249 6
   250 4
   251 8
   252 10
   253 1
   254 12
   255 11
   256 9
   257 11
   258 9
   259 14
   260 11
   261 11
   262 12
   263 7
   264 8
   265 12
   266 10
   267 11
   268 11
   269 9
   270 14
   271 6
   272 17
   273 14
   274 13
   275 13
   276 9
   277 9
   278 10
   279 15
   280 13
   281 18
   282 21
   283 24
   284 20
   285 26
   286 33
   287 21
   288 29
   289 34
   290 43
   291 43
   292 44
   293 57
   294 71
   295 59
   296 88
   297 92
   298 101
   299 87
   300 57
   301 42
   302 39
   303 18
   304 18
   305 11
   306 9
   307 9
   308 4
   309 9
   310 5
   311 4
   312 2
   313 0
   314 7
   315 4
   316 0
   317 3
   318 0
   319 4
   320 0
   321 0
   322 1
   323 1
   324 2
   325 3
   326 1
   327 0
   328 2
   329 4
   330 2
   331 0
   332 1
   333 2
   334 2
   335 0
   336 0
   337 3
   338 1
   339 4
   340 2
   341 2
   342 4
   343 1
   344 0
   345 2
   346 0
   347 1
   348 1
   349 1
   350 4
   351 2
   352 1
   353 3
   354 3
   355 3
   356 7
   357 1
   358 0
   359 0
   360 0
   361 1
   362 0
   363 1
   364 0
   365 1
   366 0
   367 0
   368 0
   369 1
   370 1
   371 0
   372 0
   373 0
   374 0
   375 0
   376 0
   377 0
   378 0
   379 0
   380 0
   381 0
   382 0
   383 0
   384 1
   385 0
   386 0
   387 0
   388 0
   389 0
   390 0
   391 0
   392 2
   393 1
   394 0
   395 0
   396 0
   397 0
   398 2
   399 1
   400 1
   401 1
   402 1
   403 0
   404 0
   405 0
   406 1
   407 0
   408 0
   409 0
   410 0
   411 1
   412 0
   413 1
   414 0
   415 1
   416 1
   417 0
   418 0
   419 1
   420 2
   421 1
   422 1
   423 2
   424 0
   425 0
   426 0
   427 0
   428 0
   429 0
   430 1
   431 0
   432 0
   433 0
   434 0
   435 1
   436 0
   437 0
   438 0
   439 0
   440 0
   441 0
   442 0
   443 0
   444 0
   445 0
   446 0
   447 1
   448 1
   449 0
   450 0
   451 1
   452 0
   453 1
   454 0
   455 0
   456 2
   457 1
   458 1
   459 1
   460 0
   461 0
   462 0
   463 0
   464 0
   465 0
   466 0
   467 0
   468 0
   469 0
   470 0
   471 0
   472 0
   473 0
   474 0
   475 0
   476 0
   477 0
   478 0
   479 0
   480 0
   481 0
   482 0
   483 0
   484 0
   485 0
   486 0
   487 0
   488 0
   489 0
   490 0
   491 0
   492 0
   493 1
SET HIST END
GET HIST START
0
GET HIST END
MGET HIST START
2410
   0 0
   1 0
   2 0
   3 0
   4 0
   5 0
   6 0
   7 0
   8 0
   9 0
   10 0
   11 0
   12 0
   13 0
   14 0
   15 0
   16 0
   17 0
   18 0
   19 0
   20 0
   21 0
   22 0
   23 0
   24 0
   25 0
   26 0
   27 0
   28 0
   29 0
   30 0
   31 0
   32 0
   33 0
   34 0
   35 0
   36 0
   37 0
   38 0
   39 0
   40 0
   41 0
   42 0
   43 0
   44 0
   45 0
   46 0
   47 0
   48 0
   49 0
   50 0
   51 0
   52 0
   53 0
   54 0
   55 0
   56 0
   57 0
   58 0
   59 0
   60 0
   61 0
   62 0
   63 0
   64 0
   65 0
   66 0
   67 0
   68 0
   69 0
   70 0
   71 0
   72 0
   73 0
   74 0
   75 0
   76 0
   77 0
   78 0
   79 0
   80 0
   81 0
   82 0
   83 0
   84 0
   85 0
   86 0
   87 0
   88 0
   89 0
   90 0
   91 0
   92 0
   93 0
   94 0
   95 0
   96 0
   97 0
   98 0
   99 0
   100 0
   101 0
   102 0
   103 0
   104 0
   105 0
   106 0
   107 0
   108 0
   109 0
   110 0
   111 0
   112 0
   113 0
   114 0
   115 0
   116 0
   117 0
   118 0
   119 0
   120 0
   121 0
   122 0
   123 0
   124 0
   125 0
   126 0
   127 0
   128 0
   129 0
   130 0
   131 0
   132 0
   133 0
   134 0
   135 0
   136 0
   137 0
   138 0
   139 0
   140 0
   141 0
   142 0
   143 0
   144 0
   145 0
   146 0
   147 0
   148 0
   149 0
   150 0
   151 0
   152 0
   153 0
   154 0
   155 0
   156 0
   157 0
   158 0
   159 0
   160 0
   161 0
   162 0
   163 0
   164 0
   165 0
   166 0
   167 0
   168 0
   169 0
   170 0
   171 0
   172 0
   173 0
   174 0
   175 0
   176 0
   177 0
   178 0
   179 0
   180 1
   181 0
   182 0
   183 0
   184 0
   185 0
   186 0
   187 0
   188 0
   189 0
   190 0
   191 0
   192 0
   193 0
   194 0
   195 0
   196 0
   197 0
   198 0
   199 0
   200 0
   201 0
   202 0
   203 0
   204 0
   205 0
   206 0
   207 0
   208 0
   209 0
   210 0
   211 0
   212 0
   213 0
   214 0
   215 0
   216 0
   217 0
   218 0
   219 0
   220 0
   221 0
   222 0
   223 0
   224 0
   225 0
   226 0
   227 0
   228 0
   229 0
   230 0
   231 0
   232 0
   233 1
   234 0
   235 0
   236 0
   237 0
   238 1
   239 0
   240 0
   241 0
   242 0
   243 0
   244 0
   245 0
   246 0
   247 0
   248 0
   249 0
   250 0
   251 0
   252 0
   253 0
   254 0
   255 0
   256 0
   257 1
   258 0
   259 0
   260 0
   261 0
   262 0
   263 1
   264 1
   265 0
   266 0
   267 0
   268 0
   269 0
   270 0
   271 0
   272 0
   273 0
   274 0
   275 0
   276 1
   277 0
   278 0
   279 0
   280 0
   281 0
   282 0
   283 0
   284 0
   285 0
   286 0
   287 0
   288 0
   289 0
   290 0
   291 0
   292 0
   293 0
   294 1
   295 0
   296 2
   297 0
   298 0
   299 1
   300 0
   301 1
   302 0
   303 0
   304 0
   305 0
   306 0
   307 0
   308 0
   309 1
   310 0
   311 0
   312 0
   313 0
   314 0
   315 0
   316 0
   317 0
   318 1
   319 1
   320 1
   321 0
   322 0
   323 2
   324 0
   325 0
   326 0
   327 0
   328 0
   329 0
   330 0
   331 0
   332 0
   333 1
   334 0
   335 0
   336 0
   337 0
   338 0
   339 0
   340 0
   341 0
   342 0
   343 1
   344 0
   345 0
   346 1
   347 1
   348 0
   349 0
   350 0
   351 0
   352 0
   353 2
   354 0
   355 0
   356 0
   357 0
   358 0
   359 1
   360 0
   361 0
   362 0
   363 0
   364 0
   365 0
   366 0
   367 0
   368 0
   369 0
   370 1
   371 0
   372 0
   373 0
   374 0
   375 0
   376 2
   377 0
   378 1
   379 1
   380 0
   381 1
   382 0
   383 0
   384 0
   385 0
   386 0
   387 0
   388 0
   389 1
   390 0
   391 1
   392 0
   393 2
   394 0
   395 1
   396 0
   397 1
   398 1
   399 1
   400 3
   401 0
   402 0
   403 1
   404 1
   405 1
   406 0
   407 0
   408 2
   409 0
   410 2
   411 2
   412 2
   413 1
   414 0
   415 4
   416 1
   417 3
   418 0
   419 1
   420 1
   421 1
   422 2
   423 2
   424 3
   425 0
   426 6
   427 1
   428 2
   429 0
   430 3
   431 0
   432 0
   433 1
   434 2
   435 3
   436 2
   437 1
   438 0
   439 3
   440 0
   441 1
   442 0
   443 1
   444 0
   445 4
   446 2
   447 1
   448 1
   449 1
   450 1
   451 2
   452 2
   453 4
   454 3
   455 0
   456 2
   457 5
   458 5
   459 3
   460 2
   461 3
   462 3
   463 3
   464 4
   465 4
   466 3
   467 3
   468 0
   469 3
   470 7
   471 6
   472 3
   473 2
   474 3
   475 2
   476 1
   477 1
   478 1
   479 1
   480 0
   481 1
   482 1
   483 0
   484 2
   485 2
   486 0
   487 1
   488 1
   489 2
   490 4
   491 0
   492 3
   493 0
   494 5
   495 2
   496 3
   497 3
   498 4
   499 2
   500 2
   501 3
   502 2
   503 2
   504 1
   505 4
   506 2
   507 1
   508 4
   509 2
   510 4
   511 2
   512 1
   513 1
   514 0
   515 2
   516 1
   517 0
   518 1
   519 2
   520 3
   521 1
   522 2
   523 1
   524 0
   525 1
   526 4
   527 3
   528 0
   529 3
   530 1
   531 2
   532 0
   533 1
   534 1
   535 1
   536 2
   537 4
   538 1
   539 2
   540 0
   541 0
   542 3
   543 1
   544 2
   545 0
   546 1
   547 2
   548 3
   549 4
   550 3
   551 1
   552 3
   553 1
   554 2
   555 1
   556 1
   557 3
   558 1
   559 4
   560 1
   561 4
   562 2
   563 2
   564 2
   565 5
   566 6
   567 3
   568 5
   569 4
   570 2
   571 3
   572 2
   573 5
   574 3
   575 1
   576 7
   577 3
   578 8
   579 8
   580 2
   581 6
   582 5
   583 8
   584 8
   585 4
   586 3
   587 6
   588 6
   589 5
   590 6
   591 4
   592 6
   593 9
   594 13
   595 6
   596 12
   597 6
   598 12
   599 2
   600 7
   601 4
   602 5
   603 10
   604 9
   605 5
   606 8
   607 5
   608 6
   609 9
   610 8
   611 3
   612 11
   613 7
   614 8
   615 9
   616 14
   617 15
   618 14
   619 17
   620 13
   621 5
   622 10
   623 7
   624 14
   625 8
   626 6
   627 3
   628 6
   629 7
   630 2
   631 6
   632 5
   633 3
   634 4
   635 2
   636 4
   637 1
   638 2
   639 5
   640 3
   641 5
   642 4
   643 2
   644 2
   645 6
   646 6
   647 2
   648 3
   649 4
   650 2
   651 3
   652 5
   653 4
   654 6
   655 6
   656 4
   657 4
   658 3
   659 6
   660 3
   661 6
   662 7
   663 4
   664 8
   665 3
   666 4
   667 4
   668 6
   669 10
   670 2
   671 4
   672 6
   673 5
   674 5
   675 3
   676 7
   677 8
   678 5
   679 2
   680 3
   681 2
   682 2
   683 3
   684 5
   685 7
   686 8
   687 4
   688 5
   689 2
   690 3
   691 2
   692 1
   693 11
   694 7
   695 0
   696 5
   697 2
   698 5
   699 4
   700 6
   701 4
   702 3
   703 3
   704 2
   705 3
   706 4
   707 5
   708 8
   709 6
   710 1
   711 4
   712 3
   713 0
   714 6
   715 2
   716 4
   717 5
   718 3
   719 1
   720 3
   721 8
   722 5
   723 4
   724 5
   725 12
   726 7
   727 6
   728 11
   729 13
   730 9
   731 6
   732 10
   733 13
   734 3
   735 7
   736 4
   737 4
   738 4
   739 10
   740 7
   741 10
   742 6
   743 3
   744 7
   745 1
   746 0
   747 5
   748 7
   749 2
   750 6
   751 1
   752 7
   753 7
   754 4
   755 5
   756 6
   757 7
   758 5
   759 7
   760 10
   761 12
   762 5
   763 9
   764 4
   765 6
   766 10
   767 9
   768 9
   769 16
   770 13
   771 18
   772 21
   773 13
   774 28
   775 49
   776 34
   777 18
   778 29
   779 14
   780 12
   781 20
   782 19
   783 10
   784 14
   785 9
   786 11
   787 11
   788 13
   789 10
   790 9
   791 11
   792 12
   793 5
   794 6
   795 8
   796 12
   797 5
   798 8
   799 5
   800 10
   801 3
   802 10
   803 6
   804 6
   805 4
   806 6
   807 3
   808 3
   809 3
   810 5
   811 7
   812 4
   813 6
   814 8
   815 8
   816 3
   817 2
   818 2
   819 5
   820 7
   821 4
   822 1
   823 3
   824 1
   825 2
   826 0
   827 3
   828 7
   829 4
   830 2
   831 3
   832 2
   833 3
   834 5
   835 7
   836 2
   837 3
   838 3
   839 1
   840 4
   841 4
   842 1
   843 5
   844 1
   845 1
   846 5
   847 2
   848 2
   849 3
   850 3
   851 5
   852 4
   853 3
   854 4
   855 1
   856 1
   857 3
   858 1
   859 3
   860 1
   861 2
   862 6
   863 4
   864 2
   865 3
   866 3
   867 2
   868 2
   869 2
   870 6
   871 3
   872 3
   873 4
   874 3
   875 3
   876 4
   877 4
   878 5
   879 4
   880 6
   881 9
   882 2
   883 6
   884 3
   885 7
   886 10
   887 9
   888 9
   889 7
   890 10
   891 8
   892 12
   893 13
   894 9
   895 9
   896 7
   897 6
   898 11
   899 11
   900 5
   901 8
   902 3
   903 8
   904 4
   905 6
   906 1
   907 2
   908 4
   909 4
   910 14
   911 9
   912 5
   913 8
   914 6
   915 15
   916 6
   917 3
   918 9
   919 7
   920 5
   921 7
   922 9
   923 12
   924 7
   925 13
   926 16
   927 8
   928 14
   929 18
   930 22
   931 16
   932 22
   933 11
   934 16
   935 14
   936 7
   937 12
   938 7
   939 8
   940 11
   941 6
   942 4
   943 5
   944 8
   945 5
   946 6
   947 4
   948 4
   949 2
   950 5
   951 6
   952 6
   953 3
   954 4
   955 4
   956 5
   957 3
   958 2
   959 4
   960 2
   961 3
   962 4
   963 3
   964 4
   965 3
   966 6
   967 1
   968 5
   969 6
   970 4
   971 7
   972 3
   973 5
   974 4
   975 6
   976 4
   977 5
   978 5
   979 2
   980 6
   981 1
   982 5
   983 5
   984 5
   985 3
   986 2
   987 1
   988 2
   989 5
   990 4
   991 4
   992 4
   993 1
   994 1
   995 0
   996 3
   997 1
   998 1
   999 0
   1000 2
   1001 3
   1002 1
   1003 2
   1004 2
   1005 0
   1006 2
   1007 0
   1008 1
   1009 1
   1010 0
   1011 1
   1012 3
   1013 2
   1014 3
   1015 1
   1016 1
   1017 1
   1018 2
   1019 2
   1020 1
   1021 1
   1022 0
   1023 0
   1024 1
   1025 0
   1026 5
   1027 3
   1028 1
   1029 2
   1030 6
   1031 1
   1032 3
   1033 2
   1034 4
   1035 3
   1036 4
   1037 5
   1038 4
   1039 2
   1040 4
   1041 3
   1042 2
   1043 5
   1044 4
   1045 3
   1046 4
   1047 1
   1048 4
   1049 2
   1050 8
   1051 3
   1052 2
   1053 5
   1054 2
   1055 7
   1056 3
   1057 4
   1058 5
   1059 2
   1060 2
   1061 4
   1062 1
   1063 1
   1064 2
   1065 2
   1066 2
   1067 4
   1068 3
   1069 5
   1070 4
   1071 4
   1072 3
   1073 3
   1074 8
   1075 1
   1076 7
   1077 6
   1078 1
   1079 3
   1080 6
   1081 10
   1082 10
   1083 5
   1084 12
   1085 12
   1086 19
   1087 17
   1088 23
   1089 12
   1090 5
   1091 11
   1092 9
   1093 14
   1094 9
   1095 1
   1096 12
   1097 8
   1098 2
   1099 6
   1100 2
   1101 4
   1102 5
   1103 6
   1104 5
   1105 4
   1106 2
   1107 4
   1108 0
   1109 2
   1110 2
   1111 2
   1112 2
   1113 1
   1114 2
   1115 6
   1116 1
   1117 2
   1118 1
   1119 4
   1120 1
   1121 2
   1122 0
   1123 2
   1124 0
   1125 2
   1126 1
   1127 3
   1128 3
   1129 1
   1130 0
   1131 0
   1132 1
   1133 3
   1134 4
   1135 1
   1136 1
   1137 0
   1138 2
   1139 0
   1140 1
   1141 1
   1142 3
   1143 1
   1144 2
   1145 0
   1146 0
   1147 0
   1148 0
   1149 1
   1150 0
   1151 1
   1152 0
   1153 0
   1154 1
   1155 1
   1156 0
   1157 0
   1158 1
   1159 1
   1160 2
   1161 2
   1162 0
   1163 0
   1164 1
   1165 1
   1166 0
   1167 1
   1168 0
   1169 0
   1170 0
   1171 1
   1172 1
   1173 2
   1174 1
   1175 2
   1176 1
   1177 0
   1178 1
   1179 0
   1180 0
   1181 0
   1182 0
   1183 3
   1184 1
   1185 1
   1186 0
   1187 1
   1188 0
   1189 3
   1190 3
   1191 1
   1192 0
   1193 2
   1194 5
   1195 4
   1196 2
   1197 1
   1198 1
   1199 1
   1200 2
   1201 2
   1202 4
   1203 2
   1204 3
   1205 3
   1206 1
   1207 1
   1208 2
   1209 4
   1210 3
   1211 2
   1212 1
   1213 1
   1214 1
   1215 2
   1216 0
   1217 0
   1218 1
   1219 0
   1220 4
   1221 0
   1222 2
   1223 1
   1224 1
   1225 1
   1226 2
   1227 0
   1228 2
   1229 2
   1230 0
   1231 1
   1232 3
   1233 2
   1234 1
   1235 4
   1236 5
   1237 0
   1238 1
   1239 2
   1240 3
   1241 5
   1242 5
   1243 6
   1244 5
   1245 2
   1246 8
   1247 2
   1248 2
   1249 1
   1250 1
   1251 2
   1252 2
   1253 0
   1254 2
   1255 1
   1256 3
   1257 0
   1258 0
   1259 1
   1260 0
   1261 2
   1262 4
   1263 1
   1264 1
   1265 0
   1266 3
   1267 1
   1268 1
   1269 3
   1270 1
   1271 1
   1272 1
   1273 3
   1274 3
   1275 1
   1276 1
   1277 1
   1278 3
   1279 5
   1280 2
   1281 1
   1282 3
   1283 3
   1284 0
   1285 0
   1286 0
   1287 2
   1288 2
   1289 1
   1290 1
   1291 0
   1292 1
   1293 1
   1294 1
   1295 0
   1296 0
   1297 2
   1298 0
   1299 1
   1300 0
   1301 0
   1302 1
   1303 0
   1304 0
   1305 0
   1306 0
   1307 0
   1308 2
   1309 0
   1310 0
   1311 0
   1312 1
   1313 0
   1314 2
   1315 0
   1316 1
   1317 1
   1318 0
   1319 0
   1320 0
   1321 0
   1322 0
   1323 0
   1324 0
   1325 0
   1326 0
   1327 0
   1328 0
   1329 0
   1330 0
   1331 0
   1332 1
   1333 0
   1334 0
   1335 0
   1336 0
   1337 1
   1338 1
   1339 0
   1340 1
   1341 0
   1342 0
   1343 0
   1344 0
   1345 2
   1346 0
   1347 0
   1348 0
   1349 0
   1350 0
   1351 0
   1352 0
   1353 0
   1354 2
   1355 1
   1356 0
   1357 0
   1358 2
   1359 0
   1360 1
   1361 0
   1362 1
   1363 0
   1364 0
   1365 1
   1366 1
   1367 1
   1368 0
   1369 2
   1370 0
   1371 1
   1372 2
   1373 0
   1374 2
   1375 0
   1376 1
   1377 0
   1378 0
   1379 2
   1380 1
   1381 0
   1382 0
   1383 1
   1384 1
   1385 0
   1386 1
   1387 1
   1388 2
   1389 0
   1390 2
   1391 1
   1392 1
   1393 2
   1394 1
   1395 4
   1396 1
   1397 1
   1398 4
   1399 4
   1400 1
   1401 2
   1402 0
   1403 2
   1404 0
   1405 3
   1406 1
   1407 2
   1408 1
   1409 0
   1410 1
   1411 1
   1412 0
   1413 1
   1414 3
   1415 1
   1416 0
   1417 1
   1418 0
   1419 0
   1420 0
   1421 1
   1422 0
   1423 0
   1424 1
   1425 0
   1426 0
   1427 0
   1428 0
   1429 0
   1430 0
   1431 0
   1432 1
   1433 0
   1434 1
   1435 0
   1436 0
   1437 0
   1438 2
   1439 0
   1440 0
   1441 0
   1442 0
   1443 0
   1444 0
   1445 1
   1446 0
   1447 2
   1448 0
   1449 0
   1450 0
   1451 0
   1452 0
   1453 1
   1454 0
   1455 0
   1456 0
   1457 0
   1458 0
   1459 0
   1460 0
   1461 1
   1462 1
   1463 0
   1464 1
   1465 0
   1466 0
   1467 1
   1468 0
   1469 0
   1470 0
   1471 0
   1472 0
   1473 0
   1474 1
   1475 0
   1476 0
   1477 0
   1478 0
   1479 0
   1480 1
   1481 0
   1482 0
   1483 0
   1484 0
   1485 0
   1486 0
   1487 0
   1488 0
   1489 0
   1490 0
   1491 0
   1492 0
   1493 0
   1494 0
   1495 0
   1496 0
   1497 1
   1498 0
   1499 1
   1500 0
   1501 0
   1502 0
   1503 1
   1504 0
   1505 0
   1506 0
   1507 0
   1508 1
   1509 0
   1510 0
   1511 1
   1512 0
   1513 0
   1514 0
   1515 0
   1516 0
   1517 0
   1518 0
   1519 0
   1520 0
   1521 0
   1522 0
   1523 0
   1524 1
   1525 0
   1526 0
   1527 0
   1528 0
   1529 0
   1530 0
   1531 0
   1532 0
   1533 0
   1534 1
   1535 1
   1536 0
   1537 1
   1538 0
   1539 1
   1540 0
   1541 0
   1542 1
   1543 2
   1544 0
   1545 1
   1546 0
   1547 0
   1548 0
   1549 0
   1550 2
   1551 1
   1552 0
   1553 1
   1554 0
   1555 0
   1556 0
   1557 1
   1558 1
   1559 1
   1560 0
   1561 1
   1562 0
   1563 0
   1564 0
   1565 1
   1566 1
   1567 0
   1568 0
   1569 0
   1570 0
   1571 1
   1572 1
   1573 1
   1574 0
   1575 0
   1576 0
   1577 0
   1578 0
   1579 0
   1580 0
   1581 0
   1582 0
   1583 0
   1584 0
   1585 0
   1586 0
   1587 1
   1588 0
   1589 0
   1590 0
   1591 0
   1592 0
   1593 1
   1594 0
   1595 0
   1596 0
   1597 0
   1598 0
   1599 0
   1600 0
   1601 1
   1602 2
   1603 0
   1604 0
   1605 0
   1606 0
   1607 0
   1608 0
   1609 0
   1610 0
   1611 0
   1612 0
   1613 0
   1614 0
   1615 0
   1616 0
   1617 0
   1618 0
   1619 0
   1620 0
   1621 0
   1622 0
   1623 0
   1624 0
   1625 0
   1626 0
   1627 0
   1628 0
   1629 0
   1630 0
   1631 0
   1632 0
   1633 0
   1634 0
   1635 0
   1636 0
   1637 0
   1638 0
   1639 0
   1640 0
   1641 0
   1642 0
   1643 0
   1644 0
   1645 0
   1646 0
   1647 0
   1648 0
   1649 1
   1650 0
   1651 0
   1652 0
   1653 0
   1654 0
   1655 0
   1656 0
   1657 0
   1658 0
   1659 0
   1660 0
   1661 0
   1662 0
   1663 0
   1664 0
   1665 0
   1666 0
   1667 1
   1668 0
   1669 0
   1670 0
   1671 0
   1672 0
   1673 0
   1674 0
   1675 1
   1676 0
   1677 0
   1678 1
   1679 0
   1680 0
   1681 0
   1682 0
   1683 0
   1684 0
   1685 1
   1686 1
   1687 0
   1688 0
   1689 0
   1690 0
   1691 0
   1692 0
   1693 0
   1694 0
   1695 1
   1696 0
   1697 0
   1698 0
   1699 0
   1700 0
   1701 0
   1702 1
   1703 0
   1704 0
   1705 0
   1706 0
   1707 0
   1708 0
   1709 0
   1710 0
   1711 0
   1712 1
   1713 0
   1714 0
   1715 2
   1716 0
   1717 0
   1718 0
   1719 1
   1720 0
   1721 0
   1722 0
   1723 0
   1724 0
   1725 0
   1726 0
   1727 0
   1728 0
   1729 0
   1730 0
   1731 0
   1732 0
   1733 1
   1734 0
   1735 0
   1736 0
   1737 0
   1738 0
   1739 0
   1740 0
   1741 0
   1742 0
   1743 0
   1744 0
   1745 0
   1746 0
   1747 0
   1748 0
   1749 0
   1750 0
   1751 0
   1752 0
   1753 1
   1754 0
   1755 0
   1756 0
   1757 1
   1758 0
   1759 0
   1760 0
   1761 0
   1762 0
   1763 0
   1764 0
   1765 0
   1766 0
   1767 0
   1768 0
   1769 0
   1770 0
   1771 0
   1772 0
   1773 0
   1774 0
   1775 0
   1776 0
   1777 0
   1778 0
   1779 0
   1780 0
   1781 0
   1782 0
   1783 0
   1784 0
   1785 0
   1786 0
   1787 0
   1788 0
   1789 0
   1790 0
   1791 0
   1792 0
   1793 0
   1794 0
   1795 0
   1796 0
   1797 0
   1798 0
   1799 0
   1800 1
   1801 0
   1802 0
   1803 0
   1804 0
   1805 0
   1806 0
   1807 0
   1808 0
   1809 0
   1810 0
   1811 0
   1812 0
   1813 0
   1814 0
   1815 0
   1816 0
   1817 0
   1818 1
   1819 0
   1820 0
   1821 0
   1822 0
   1823 0
   1824 0
   1825 0
   1826 0
   1827 0
   1828 0
   1829 0
   1830 0
   1831 0
   1832 0
   1833 0
   1834 0
   1835 0
   1836 0
   1837 0
   1838 0
   1839 0
   1840 0
   1841 0
   1842 0
   1843 0
   1844 0
   1845 0
   1846 0
   1847 0
   1848 0
   1849 0
   1850 1
   1851 0
   1852 0
   1853 0
   1854 0
   1855 0
   1856 0
   1857 0
   1858 0
   1859 0
   1860 0
   1861 0
   1862 0
   1863 0
   1864 0
   1865 0
   1866 0
   1867 0
   1868 0
   1869 0
   1870 0
   1871 0
   1872 0
   1873 0
   1874 0
   1875 1
   1876 0
   1877 0
   1878 0
   1879 0
   1880 0
   1881 0
   1882 0
   1883 0
   1884 0
   1885 0
   1886 0
   1887 0
   1888 0
   1889 0
   1890 0
   1891 0
   1892 0
   1893 0
   1894 0
   1895 0
   1896 0
   1897 0
   1898 0
   1899 0
   1900 0
   1901 0
   1902 0
   1903 0
   1904 0
   1905 0
   1906 0
   1907 0
   1908 0
   1909 0
   1910 0
   1911 0
   1912 0
   1913 0
   1914 0
   1915 0
   1916 0
   1917 0
   1918 0
   1919 0
   1920 0
   1921 0
   1922 0
   1923 0
   1924 0
   1925 0
   1926 0
   1927 0
   1928 0
   1929 0
   1930 0
   1931 0
   1932 0
   1933 0
   1934 0
   1935 0
   1936 0
   1937 0
   1938 0
   1939 0
   1940 0
   1941 0
   1942 0
   1943 0
   1944 0
   1945 0
   1946 0
   1947 0
   1948 0
   1949 0
   1950 0
   1951 0
   1952 0
   1953 0
   1954 0
   1955 0
   1956 0
   1957 0
   1958 0
   1959 0
   1960 0
   1961 0
   1962 0
   1963 0
   1964 0
   1965 0
   1966 0
   1967 0
   1968 0
   1969 0
   1970 0
   1971 0
   1972 0
   1973 0
   1974 0
   1975 0
   1976 0
   1977 0
   1978 0
   1979 0
   1980 0
   1981 0
   1982 0
   1983 0
   1984 0
   1985 0
   1986 0
   1987 0
   1988 0
   1989 0
   1990 0
   1991 0
   1992 0
   1993 0
   1994 0
   1995 0
   1996 0
   1997 0
   1998 0
   1999 0
   2000 0
   2001 0
   2002 0
   2003 0
   2004 0
   2005 0
   2006 0
   2007 0
   2008 0
   2009 0
   2010 0
   2011 0
   2012 0
   2013 0
   2014 0
   2015 0
   2016 0
   2017 0
   2018 0
   2019 0
   2020 0
   2021 0
   2022 0
   2023 0
   2024 0
   2025 0
   2026 0
   2027 0
   2028 0
   2029 0
   2030 0
   2031 0
   2032 1
   2033 0
   2034 0
   2035 0
   2036 0
   2037 0
   2038 0
   2039 0
   2040 0
   2041 0
   2042 0
   2043 0
   2044 0
   2045 0
   2046 0
   2047 0
   2048 0
   2049 0
   2050 0
   2051 1
   2052 0
   2053 0
   2054 0
   2055 0
   2056 0
   2057 0
   2058 0
   2059 0
   2060 0
   2061 1
   2062 0
   2063 0
   2064 0
   2065 0
   2066 0
   2067 0
   2068 0
   2069 0
   2070 0
   2071 0
   2072 0
   2073 0
   2074 0
   2075 0
   2076 0
   2077 0
   2078 0
   2079 0
   2080 0
   2081 1
   2082 0
   2083 0
   2084 0
   2085 0
   2086 0
   2087 0
   2088 0
   2089 0
   2090 0
   2091 0
   2092 0
   2093 0
   2094 0
   2095 0
   2096 0
   2097 0
   2098 0
   2099 0
   2100 0
   2101 0
   2102 0
   2103 0
   2104 0
   2105 0
   2106 0
   2107 0
   2108 0
   2109 0
   2110 0
   2111 0
   2112 0
   2113 0
   2114 0
   2115 0
   2116 1
   2117 0
   2118 0
   2119 0
   2120 0
   2121 0
   2122 0
   2123 0
   2124 0
   2125 0
   2126 0
   2127 0
   2128 0
   2129 0
   2130 0
   2131 0
   2132 0
   2133 0
   2134 0
   2135 0
   2136 0
   2137 0
   2138 0
   2139 0
   2140 0
   2141 0
   2142 0
   2143 0
   2144 0
   2145 0
   2146 0
   2147 0
   2148 0
   2149 0
   2150 0
   2151 0
   2152 0
   2153 0
   2154 0
   2155 0
   2156 0
   2157 0
   2158 0
   2159 0
   2160 0
   2161 0
   2162 0
   2163 0
   2164 0
   2165 0
   2166 0
   2167 0
   2168 0
   2169 0
   2170 0
   2171 0
   2172 0
   2173 0
   2174 0
   2175 0
   2176 0
   2177 0
   2178 0
   2179 0
   2180 0
   2181 0
   2182 0
   2183 0
   2184 0
   2185 0
   2186 0
   2187 0
   2188 0
   2189 0
   2190 0
   2191 0
   2192 0
   2193 0
   2194 0
   2195 0
   2196 0
   2197 0
   2198 0
   2199 0
   2200 0
   2201 0
   2202 0
   2203 0
   2204 0
   2205 0
   2206 0
   2207 0
   2208 0
   2209 0
   2210 0
   2211 0
   2212 0
   2213 0
   2214 0
   2215 0
   2216 0
   2217 0
   2218 0
   2219 0
   2220 0
   2221 0
   2222 0
   2223 0
   2224 0
   2225 0
   2226 0
   2227 0
   2228 0
   2229 0
   2230 0
   2231 0
   2232 0
   2233 0
   2234 0
   2235 0
   2236 0
   2237 0
   2238 0
   2239 0
   2240 0
   2241 0
   2242 0
   2243 0
   2244 0
   2245 0
   2246 0
   2247 0
   2248 0
   2249 0
   2250 0
   2251 0
   2252 0
   2253 0
   2254 0
   2255 0
   2256 0
   2257 0
   2258 0
   2259 0
   2260 0
   2261 0
   2262 0
   2263 0
   2264 0
   2265 0
   2266 0
   2267 0
   2268 0
   2269 0
   2270 0
   2271 0
   2272 0
   2273 0
   2274 0
   2275 0
   2276 0
   2277 0
   2278 0
   2279 0
   2280 0
   2281 0
   2282 0
   2283 0
   2284 0
   2285 0
   2286 0
   2287 0
   2288 0
   2289 0
   2290 0
   2291 0
   2292 0
   2293 0
   2294 0
   2295 0
   2296 0
   2297 0
   2298 1
   2299 0
   2300 0
   2301 0
   2302 0
   2303 0
   2304 0
   2305 0
   2306 0
   2307 0
   2308 0
   2309 0
   2310 0
   2311 0
   2312 0
   2313 0
   2314 0
   2315 0
   2316 0
   2317 0
   2318 0
   2319 0
   2320 0
   2321 0
   2322 0
   2323 0
   2324 0
   2325 0
   2326 0
   2327 0
   2328 0
   2329 0
   2330 0
   2331 0
   2332 0
   2333 0
   2334 0
   2335 0
   2336 0
   2337 0
   2338 0
   2339 0
   2340 0
   2341 0
   2342 0
   2343 0
   2344 0
   2345 0
   2346 0
   2347 0
   2348 0
   2349 0
   2350 0
   2351 0
   2352 0
   2353 0
   2354 0
   2355 0
   2356 0
   2357 0
   2358 0
   2359 0
   2360 0
   2361 0
   2362 0
   2363 0
   2364 0
   2365 0
   2366 0
   2367 0
   2368 0
   2369 0
   2370 0
   2371 0
   2372 0
   2373 0
   2374 0
   2375 0
   2376 0
   2377 0
   2378 0
   2379 0
   2380 0
   2381 0
   2382 0
   2383 0
   2384 0
   2385 0
   2386 0
   2387 0
   2388 0
   2389 0
   2390 0
   2391 0
   2392 0
   2393 0
   2394 0
   2395 0
   2396 0
   2397 0
   2398 0
   2399 0
   2400 0
   2401 0
   2402 0
   2403 0
   2404 0
   2405 0
   2406 0
   2407 0
   2408 0
   2409 1
MGET HIST END
