[7l----total-cpu-usage---- -dsk/total- -net/total- ---paging-- ---system--
usr sys idl wai hiq siq| read  writ| recv  send|  in   out | int   csw 
  5   9  81   1   0   3|  46k  147k|   0     0 |   0     0 |  19   995 
  6  16  76   0   0   1|   0     0 |  13M  433k|   0     0 |  18  4467 
 10  23  62   0   0   5|   0     0 |  14M  471k|   0     0 |  18  3709 
  5  14  76   0   0   4|   0     0 |  15M  489k|   0     0 |  18  4233 
  6  19  73   0   0   3|   0     0 |  16M  525k|   0     0 |  18  4394 
 11  17  69   0   0   3|   0     0 |  16M  511k|   0     0 |  19  4110 
  5  19  73   0   0   3|   0     0 |  15M  486k|   0     0 |  18  4287 
  5  21  70   0   0   4|   0     0 |  15M  498k|   0     0 |  18  4192 
 10  20  65   0   0   5|   0     0 |  16M  518k|   0     0 |  18  3862 
  8  19  70   0   0   4|   0     0 |  15M  495k|   0     0 |  18  4297 
  5  21  70   0   0   4|   0     0 |  16M  521k|   0     0 |  19  4011 
  8  26  65   0   0   1|   0     0 |  15M  497k|   0     0 |  18  4111 
  4  23  71   0   0   2|   0     0 |  16M  513k|   0     0 |  18  4392 
  7  19  71   0   0   2|   0     0 |  16M  514k|   0     0 |  18  4289 
 12  18  65   0   0   5|   0     0 |  15M  489k|   0     0 |  18  3671 
  6  14  75   2   0   2|   0    52k|  16M  527k|   0     0 |  19  4660 
  5  19  75   0   0   1|   0     0 |  15M  498k|   0     0 |  18  4103 
  9  23  66   0   0   2|   0     0 |  15M  491k|   0     0 |  18  3824 
  6  20  73   0   0   1|   0     0 |  16M  532k|   0     0 |  18  3986 
  7  17  74   0   0   3|   0     0 |  16M  536k|   0     0 |  18  3934 
 10  22  66   0   0   3|   0     0 |  17M  544k|   0     0 |  19  3770 
  5  20  72   0   0   3|   0     0 |  16M  525k|   0     0 |  18  3715 
 11  22  63   0   0   4|   0     0 |  16M  512k|   0     0 |  18  3992 
 10  18  66   0   0   5|   0     0 |  15M  503k|   0     0 |  18  3853 
  6  23  68   0   0   3|   0     0 |  16M  518k|   0     0 |  18  3833 
  5  20  70   0   0   5|   0     0 |  16M  518k|   0     0 |  19  3924 
  5  18  74   0   0   4|   0     0 |  16M  517k|   0     0 |  18  4256 
  5  23  70   0   0   3|   0     0 |  16M  514k|   0     0 |  18  4124 
  5  18  73   0   0   4|   0     0 |  17M  549k|   0     0 |  18  3737 
  5  19  73   0   0   3|   0     0 |  16M  532k|   0     0 |  19  4441 
  8  15  78   0   0   0|   0     0 |  15M  487k|   0     0 |  18  4028 
  4  16  77   0   0   3|   0  4096B|  15M  499k|   0     0 |  18  4185 
  8  20  67   0   0   5|   0     0 |  14M  476k|   0     0 |  18  3785 
  9  19  71   0   0   1|   0     0 |  17M  555k|   0     0 |  18  4229 
  8  18  72   0   0   3|   0     0 |  16M  516k|   0     0 |  19  3911 
  8  17  71   0   0   4|   0     0 |  17M  565k|   0     0 |  18  4290 
  5  15  77   0   0   4|   0     0 |  16M  524k|   0     0 |  18  4191 
  8  19  69   0   0   4|   0     0 |  16M  512k|   0     0 |  18  4378 
  6  14  75   0   0   4|   0     0 |  16M  534k|   0     0 |  18  4380 
  8  18  71   0   0   4|   0     0 |  15M  502k|   0     0 |  19  3780 
  5  23  67   0   0   5|   0     0 |  16M  539k|   0     0 |  18  4008 
  7  21  71   0   0   1|   0     0 |  16M  535k|   0     0 |  18  4153 
 10  11  73   0   0   5|   0     0 |  15M  494k|   0     0 |  18  4069 
  6  18  74   0   0   2|   0     0 |  16M  539k|   0     0 |  18  4240 
 11  13  73   0   0   4|   0     0 |  16M  528k|   0     0 |  19  4490 
 10  20  66   1   0   4|   0    20k|  15M  505k|   0     0 |  18  4131 
  5  16  78   0   0   1|   0    24k|  16M  526k|   0     0 |  18  4389 
  6  23  69   0   0   2|   0     0 |  16M  518k|   0     0 |  18  4271 
  6  17  73   0   0   5|   0     0 |  16M  515k|   0     0 |  18  4246 
  8  17  74   0   0   1|   0     0 |  16M  534k|   0     0 |  19  3930 
  7  19  72   0   0   3|   0     0 |  16M  522k|   0     0 |  18  4085 
 10  22  63   0   0   5|   0     0 |  14M  477k|   0     0 |  18  3749 
  5  23  69   0   0   3|   0     0 |  15M  496k|   0     0 |  18  4150 
  7  18  72   0   0   2|   0     0 |  17M  548k|   0     0 |  18  4441 
  7  19  72   0   0   2|   0     0 |  16M  515k|   0     0 |  19  4250 
  9  20  70   0   0   1|   0     0 |  16M  523k|   0     0 |  18  3935 
 10  17  70   0   0   4|   0  8192B|  16M  516k|   0     0 |  18  4367 
 10  23  61   0   0   6|   0     0 |  14M  466k|   0     0 |  18  3679 
  7  19  71   0   0   4|   0     0 |  15M  501k|   0     0 |  18  4105 
  5  22  73   0   0   0|   0     0 |  16M  525k|   0     0 |  19  4222 
  9  18  71   0   0   3|   0     0 |  15M  509k|   0     0 |  18  3782 
  4  22  72   0   0   3|   0     0 |  16M  513k|   0     0 |  18  4289 
  7  23  65   0   0   5|   0     0 |  15M  504k|   0     0 |  18  4395 
 10  25  62   0   0   3|   0     0 |  16M  519k|   0     0 |  19  3588 
  5  18  74   0   0   3|   0     0 |  15M  496k|   0     0 |  18  4290 
  5  18  75   0   0   2|   0     0 |  16M  532k|   0     0 |  18  4567 
  8  14  74   0   0   4|   0     0 |  15M  496k|   0     0 |  18  3983 
  7  20  70   0   0   4|   0     0 |  15M  489k|   0     0 |  18  3960 
  7  17  72   0   0   4|   0     0 |  15M  499k|   0     0 |  19  4007 
  5  20  72   0   0   4|   0     0 |  16M  515k|   0     0 |  18  4131 
  5  13  79   0   0   4|   0     0 |  15M  491k|   0     0 |  18  3716 
