STAT START
secs,qlen,thru,msrt,items,nset,nget,nmget,sqt,gqt,mqt,swt,gwt,mwt
1,37,1409.000000000000,NaN,0,1409,0,0,0.024570045075,NaN,NaN,0.005516364564,NaN,NaN
1,37,1746.000000000000,NaN,0,1746,0,0,0.020722782207,NaN,NaN,0.004583437216,NaN,NaN
1,40,1851.000000000000,NaN,0,1851,0,0,0.019984436656,NaN,NaN,0.004340354629,NaN,NaN
1,33,1963.000000000000,NaN,0,1963,0,0,0.018493842477,NaN,NaN,0.004055821454,NaN,NaN
1,32,1934.000000000000,NaN,0,1934,0,0,0.018790463395,NaN,NaN,0.004130110351,NaN,NaN
1,34,1808.000000000000,NaN,0,1808,0,0,0.020310472126,NaN,NaN,0.004424751649,NaN,NaN
1,29,1865.000000000000,NaN,0,1865,0,0,0.019557419135,NaN,NaN,0.004277852218,NaN,NaN
1,38,1857.000000000000,NaN,0,1857,0,0,0.019705459022,NaN,NaN,0.004312111751,NaN,NaN
1,35,1802.000000000000,NaN,0,1802,0,0,0.020251110188,NaN,NaN,0.004428975361,NaN,NaN
1,36,1986.000000000000,NaN,0,1986,0,0,0.018382365230,NaN,NaN,0.004031350966,NaN,NaN
1,34,1869.000000000000,NaN,0,1869,0,0,0.019553573750,NaN,NaN,0.004268049064,NaN,NaN
1,24,1926.000000000000,NaN,0,1926,0,0,0.019062551515,NaN,NaN,0.004155528094,NaN,NaN
1,40,1840.000000000000,NaN,0,1840,0,0,0.019888347954,NaN,NaN,0.004349070113,NaN,NaN
1,39,1825.000000000000,NaN,0,1825,0,0,0.020189081713,NaN,NaN,0.004373552455,NaN,NaN
1,39,1892.000000000000,NaN,0,1892,0,0,0.019384673564,NaN,NaN,0.004227395980,NaN,NaN
1,37,1854.000000000000,NaN,0,1854,0,0,0.020114430888,NaN,NaN,0.004327710257,NaN,NaN
1,40,1884.000000000000,NaN,0,1884,0,0,0.019448991119,NaN,NaN,0.004230908432,NaN,NaN
1,38,2019.000000000000,NaN,0,2019,0,0,0.018242791789,NaN,NaN,0.003968474426,NaN,NaN
1,40,1972.000000000000,NaN,0,1972,0,0,0.018420495519,NaN,NaN,0.004049566510,NaN,NaN
1,35,1889.000000000000,NaN,0,1889,0,0,0.019557613773,NaN,NaN,0.004234974495,NaN,NaN
1,40,2023.000000000000,NaN,0,2023,0,0,0.018081458524,NaN,NaN,0.003960934397,NaN,NaN
1,40,1821.000000000000,NaN,0,1821,0,0,0.020375765546,NaN,NaN,0.004394949120,NaN,NaN
1,40,1843.000000000000,NaN,0,1843,0,0,0.019895511908,NaN,NaN,0.004324820566,NaN,NaN
1,39,2058.000000000000,NaN,0,2058,0,0,0.017587070066,NaN,NaN,0.003886615077,NaN,NaN
1,33,1990.000000000000,NaN,0,1990,0,0,0.018450172009,NaN,NaN,0.004030359309,NaN,NaN
1,36,2010.000000000000,NaN,0,2010,0,0,0.018420785565,NaN,NaN,0.003976112839,NaN,NaN
1,37,1989.000000000000,NaN,0,1989,0,0,0.018479558645,NaN,NaN,0.004018290100,NaN,NaN
1,40,1993.000000000000,NaN,0,1993,0,0,0.018390552808,NaN,NaN,0.004019579429,NaN,NaN
1,40,2123.000000000000,NaN,0,2123,0,0,0.017151611324,NaN,NaN,0.003765201235,NaN,NaN
1,39,1914.000000000000,NaN,0,1914,0,0,0.019257486042,NaN,NaN,0.004171013156,NaN,NaN
1,40,1884.000000000000,NaN,0,1884,0,0,0.019542466803,NaN,NaN,0.004240174953,NaN,NaN
1,36,1820.000000000000,NaN,0,1820,0,0,0.020058742119,NaN,NaN,0.004401195006,NaN,NaN
1,39,2055.000000000000,NaN,0,2055,0,0,0.017640821312,NaN,NaN,0.003894594003,NaN,NaN
1,30,1966.000000000000,NaN,0,1966,0,0,0.018622008874,NaN,NaN,0.004071962306,NaN,NaN
1,40,2039.000000000000,NaN,0,2039,0,0,0.017817343688,NaN,NaN,0.003911916070,NaN,NaN
1,40,1901.000000000000,NaN,0,1901,0,0,0.019226648724,NaN,NaN,0.004198669908,NaN,NaN
1,40,1950.000000000000,NaN,0,1950,0,0,0.018933170235,NaN,NaN,0.004107950779,NaN,NaN
1,40,1912.000000000000,NaN,0,1912,0,0,0.019157599663,NaN,NaN,0.004155655829,NaN,NaN
1,35,1810.000000000000,NaN,0,1810,0,0,0.020325700549,NaN,NaN,0.004457780544,NaN,NaN
1,29,2108.000000000000,NaN,0,2108,0,0,0.017412500221,NaN,NaN,0.003794290265,NaN,NaN
1,34,1948.000000000000,NaN,0,1948,0,0,0.018501798245,NaN,NaN,0.004105564415,NaN,NaN
1,38,1923.000000000000,NaN,0,1923,0,0,0.018741588812,NaN,NaN,0.004135135976,NaN,NaN
1,32,2009.000000000000,NaN,0,2009,0,0,0.018258713774,NaN,NaN,0.004001101175,NaN,NaN
1,39,2061.000000000000,NaN,0,2061,0,0,0.017561686555,NaN,NaN,0.003848943672,NaN,NaN
1,36,1953.000000000000,NaN,0,1953,0,0,0.018840214583,NaN,NaN,0.004117287089,NaN,NaN
1,38,1917.000000000000,NaN,0,1917,0,0,0.019245183820,NaN,NaN,0.004177145194,NaN,NaN
1,39,1980.000000000000,NaN,0,1980,0,0,0.018315070604,NaN,NaN,0.004025511954,NaN,NaN
1,40,1937.000000000000,NaN,0,1937,0,0,0.018929939871,NaN,NaN,0.004142089215,NaN,NaN
1,39,1917.000000000000,NaN,0,1917,0,0,0.019234378410,NaN,NaN,0.004169618457,NaN,NaN
1,40,1983.000000000000,NaN,0,1983,0,0,0.018431900585,NaN,NaN,0.004026256352,NaN,NaN
1,37,1802.000000000000,NaN,0,1802,0,0,0.020580234385,NaN,NaN,0.004450172700,NaN,NaN
1,38,1918.000000000000,NaN,0,1918,0,0,0.018990909506,NaN,NaN,0.004167670799,NaN,NaN
1,40,2094.000000000000,NaN,0,2094,0,0,0.017364662442,NaN,NaN,0.003799592233,NaN,NaN
1,39,1861.000000000000,NaN,0,1861,0,0,0.019765565486,NaN,NaN,0.004307978189,NaN,NaN
1,40,1856.000000000000,NaN,0,1856,0,0,0.019678545689,NaN,NaN,0.004320805181,NaN,NaN
1,32,1980.000000000000,NaN,0,1980,0,0,0.018691849802,NaN,NaN,0.004036285248,NaN,NaN
1,36,1880.000000000000,NaN,0,1880,0,0,0.019516342891,NaN,NaN,0.004255068474,NaN,NaN
1,39,1861.000000000000,NaN,0,1861,0,0,0.019775041399,NaN,NaN,0.004292661684,NaN,NaN
1,38,2046.000000000000,NaN,0,2046,0,0,0.017895566369,NaN,NaN,0.003904254247,NaN,NaN
1,30,1897.000000000000,NaN,0,1897,0,0,0.019447183366,NaN,NaN,0.004220826769,NaN,NaN
1,38,1917.000000000000,NaN,0,1917,0,0,0.019091930059,NaN,NaN,0.004164466549,NaN,NaN
1,40,1928.000000000000,NaN,0,1928,0,0,0.018885627102,NaN,NaN,0.004158879840,NaN,NaN
1,40,2033.000000000000,NaN,0,2033,0,0,0.017942721145,NaN,NaN,0.003914063633,NaN,NaN
1,40,1872.000000000000,NaN,0,1872,0,0,0.019705800427,NaN,NaN,0.004274122467,NaN,NaN
1,35,1982.000000000000,NaN,0,1982,0,0,0.018667782336,NaN,NaN,0.004052778608,NaN,NaN
1,29,1948.000000000000,NaN,0,1948,0,0,0.018870816242,NaN,NaN,0.004102252270,NaN,NaN
1,36,1872.000000000000,NaN,0,1872,0,0,0.019645082447,NaN,NaN,0.004270922728,NaN,NaN
1,38,1813.000000000000,NaN,0,1813,0,0,0.020393581324,NaN,NaN,0.004398725954,NaN,NaN
1,35,1919.000000000000,NaN,0,1919,0,0,0.019142524832,NaN,NaN,0.004180419474,NaN,NaN
1,20,1936.000000000000,NaN,0,1936,0,0,0.019040604135,NaN,NaN,0.004134622676,NaN,NaN
1,0,30.000000000000,NaN,0,30,0,0,0.017486173233,NaN,NaN,0.003947127267,NaN,NaN
STAT END
HIST START
1159
   0 0
   1 0
   2 0
   3 0
   4 0
   5 0
   6 0
   7 0
   8 0
   9 0
   10 0
   11 0
   12 0
   13 0
   14 0
   15 0
   16 0
   17 0
   18 0
   19 0
   20 0
   21 0
   22 0
   23 0
   24 0
   25 0
   26 0
   27 0
   28 0
   29 0
   30 0
   31 0
   32 0
   33 0
   34 0
   35 0
   36 0
   37 0
   38 0
   39 0
   40 0
   41 0
   42 0
   43 0
   44 0
   45 0
   46 0
   47 0
   48 0
   49 0
   50 0
   51 0
   52 0
   53 0
   54 0
   55 1
   56 0
   57 0
   58 0
   59 1
   60 0
   61 0
   62 0
   63 0
   64 0
   65 1
   66 0
   67 5
   68 0
   69 0
   70 1
   71 2
   72 2
   73 5
   74 2
   75 2
   76 3
   77 2
   78 9
   79 6
   80 4
   81 1
   82 4
   83 5
   84 9
   85 2
   86 9
   87 9
   88 11
   89 9
   90 9
   91 8
   92 17
   93 9
   94 13
   95 12
   96 16
   97 14
   98 19
   99 18
   100 16
   101 24
   102 27
   103 26
   104 35
   105 38
   106 40
   107 34
   108 30
   109 45
   110 31
   111 46
   112 48
   113 49
   114 40
   115 46
   116 48
   117 67
   118 78
   119 89
   120 80
   121 89
   122 101
   123 107
   124 104
   125 113
   126 115
   127 129
   128 121
   129 150
   130 167
   131 180
   132 162
   133 194
   134 180
   135 213
   136 168
   137 201
   138 205
   139 238
   140 244
   141 242
   142 240
   143 299
   144 291
   145 271
   146 237
   147 306
   148 331
   149 321
   150 297
   151 309
   152 325
   153 341
   154 347
   155 359
   156 319
   157 359
   158 370
   159 399
   160 457
   161 447
   162 434
   163 479
   164 426
   165 475
   166 467
   167 484
   168 491
   169 542
   170 611
   171 588
   172 602
   173 602
   174 631
   175 718
   176 670
   177 761
   178 763
   179 817
   180 764
   181 788
   182 818
   183 796
   184 836
   185 949
   186 982
   187 908
   188 946
   189 881
   190 1009
   191 999
   192 1035
   193 1032
   194 1011
   195 1015
   196 1050
   197 1054
   198 1009
   199 1091
   200 1035
   201 1067
   202 1112
   203 1021
   204 1013
   205 1014
   206 1057
   207 1053
   208 1033
   209 1095
   210 1040
   211 1008
   212 1037
   213 1015
   214 911
   215 1028
   216 1027
   217 961
   218 875
   219 970
   220 931
   221 927
   222 921
   223 882
   224 885
   225 879
   226 864
   227 842
   228 920
   229 860
   230 894
   231 989
   232 966
   233 911
   234 879
   235 933
   236 938
   237 958
   238 922
   239 985
   240 958
   241 885
   242 928
   243 901
   244 934
   245 889
   246 966
   247 943
   248 921
   249 894
   250 884
   251 957
   252 928
   253 900
   254 869
   255 933
   256 932
   257 908
   258 920
   259 908
   260 919
   261 913
   262 871
   263 878
   264 795
   265 734
   266 786
   267 752
   268 785
   269 698
   270 778
   271 712
   272 706
   273 667
   274 653
   275 668
   276 610
   277 595
   278 550
   279 606
   280 546
   281 514
   282 508
   283 489
   284 461
   285 460
   286 412
   287 429
   288 419
   289 353
   290 394
   291 368
   292 314
   293 342
   294 360
   295 354
   296 341
   297 328
   298 325
   299 297
   300 315
   301 304
   302 320
   303 282
   304 248
   305 259
   306 277
   307 252
   308 268
   309 231
   310 230
   311 219
   312 225
   313 204
   314 208
   315 195
   316 218
   317 242
   318 218
   319 231
   320 215
   321 208
   322 215
   323 207
   324 191
   325 191
   326 208
   327 178
   328 187
   329 187
   330 156
   331 174
   332 155
   333 164
   334 146
   335 172
   336 154
   337 147
   338 172
   339 126
   340 149
   341 139
   342 120
   343 118
   344 119
   345 133
   346 120
   347 130
   348 90
   349 82
   350 102
   351 99
   352 85
   353 95
   354 96
   355 86
   356 67
   357 82
   358 80
   359 71
   360 58
   361 74
   362 63
   363 88
   364 58
   365 55
   366 66
   367 54
   368 44
   369 76
   370 63
   371 55
   372 42
   373 48
   374 39
   375 60
   376 58
   377 45
   378 56
   379 46
   380 56
   381 52
   382 43
   383 48
   384 32
   385 45
   386 32
   387 26
   388 44
   389 39
   390 44
   391 32
   392 40
   393 29
   394 52
   395 44
   396 39
   397 22
   398 29
   399 28
   400 29
   401 27
   402 26
   403 28
   404 16
   405 29
   406 28
   407 16
   408 24
   409 15
   410 18
   411 15
   412 31
   413 19
   414 13
   415 16
   416 16
   417 15
   418 22
   419 17
   420 18
   421 15
   422 22
   423 18
   424 12
   425 15
   426 14
   427 20
   428 15
   429 18
   430 15
   431 15
   432 17
   433 20
   434 19
   435 16
   436 18
   437 10
   438 11
   439 16
   440 18
   441 13
   442 10
   443 11
   444 14
   445 17
   446 18
   447 13
   448 10
   449 11
   450 13
   451 8
   452 12
   453 6
   454 8
   455 12
   456 11
   457 6
   458 6
   459 5
   460 11
   461 2
   462 10
   463 6
   464 8
   465 6
   466 8
   467 12
   468 4
   469 7
   470 4
   471 4
   472 7
   473 9
   474 11
   475 8
   476 7
   477 7
   478 2
   479 4
   480 3
   481 4
   482 2
   483 5
   484 5
   485 10
   486 3
   487 2
   488 4
   489 4
   490 8
   491 8
   492 6
   493 3
   494 4
   495 9
   496 15
   497 6
   498 3
   499 3
   500 4
   501 1
   502 4
   503 1
   504 4
   505 4
   506 3
   507 5
   508 10
   509 3
   510 4
   511 3
   512 3
   513 1
   514 1
   515 1
   516 0
   517 1
   518 1
   519 4
   520 1
   521 1
   522 4
   523 0
   524 2
   525 0
   526 2
   527 3
   528 4
   529 2
   530 1
   531 3
   532 3
   533 1
   534 3
   535 5
   536 4
   537 1
   538 4
   539 1
   540 2
   541 3
   542 3
   543 6
   544 2
   545 1
   546 4
   547 1
   548 1
   549 0
   550 3
   551 1
   552 5
   553 4
   554 1
   555 1
   556 1
   557 3
   558 2
   559 2
   560 1
   561 1
   562 3
   563 1
   564 0
   565 1
   566 0
   567 0
   568 1
   569 1
   570 0
   571 1
   572 0
   573 0
   574 0
   575 0
   576 0
   577 1
   578 1
   579 4
   580 0
   581 1
   582 1
   583 2
   584 0
   585 0
   586 0
   587 2
   588 2
   589 0
   590 0
   591 1
   592 1
   593 0
   594 0
   595 0
   596 2
   597 3
   598 2
   599 0
   600 2
   601 1
   602 2
   603 1
   604 0
   605 1
   606 0
   607 0
   608 0
   609 0
   610 0
   611 1
   612 1
   613 0
   614 1
   615 0
   616 0
   617 0
   618 0
   619 0
   620 1
   621 0
   622 0
   623 0
   624 0
   625 0
   626 1
   627 0
   628 0
   629 0
   630 0
   631 0
   632 2
   633 1
   634 1
   635 0
   636 0
   637 0
   638 1
   639 0
   640 0
   641 1
   642 1
   643 0
   644 1
   645 0
   646 1
   647 0
   648 1
   649 0
   650 0
   651 0
   652 1
   653 0
   654 2
   655 0
   656 0
   657 0
   658 0
   659 0
   660 1
   661 0
   662 1
   663 1
   664 2
   665 0
   666 0
   667 0
   668 0
   669 1
   670 2
   671 1
   672 0
   673 0
   674 1
   675 0
   676 0
   677 0
   678 0
   679 0
   680 2
   681 1
   682 0
   683 0
   684 0
   685 0
   686 1
   687 1
   688 0
   689 0
   690 2
   691 0
   692 0
   693 0
   694 1
   695 0
   696 0
   697 0
   698 0
   699 2
   700 0
   701 1
   702 0
   703 0
   704 0
   705 1
   706 1
   707 1
   708 2
   709 2
   710 0
   711 0
   712 0
   713 1
   714 0
   715 0
   716 1
   717 2
   718 1
   719 0
   720 2
   721 0
   722 0
   723 0
   724 0
   725 2
   726 1
   727 0
   728 0
   729 1
   730 0
   731 0
   732 1
   733 1
   734 1
   735 0
   736 2
   737 0
   738 0
   739 2
   740 0
   741 0
   742 1
   743 0
   744 1
   745 0
   746 0
   747 1
   748 2
   749 0
   750 1
   751 0
   752 1
   753 0
   754 0
   755 0
   756 4
   757 0
   758 0
   759 1
   760 0
   761 0
   762 1
   763 1
   764 0
   765 0
   766 0
   767 0
   768 0
   769 1
   770 1
   771 0
   772 0
   773 0
   774 0
   775 1
   776 1
   777 2
   778 1
   779 0
   780 0
   781 1
   782 0
   783 0
   784 0
   785 0
   786 1
   787 1
   788 0
   789 0
   790 0
   791 1
   792 0
   793 0
   794 0
   795 0
   796 0
   797 0
   798 0
   799 0
   800 0
   801 0
   802 0
   803 0
   804 0
   805 0
   806 0
   807 1
   808 0
   809 0
   810 0
   811 1
   812 0
   813 0
   814 0
   815 0
   816 0
   817 0
   818 0
   819 0
   820 0
   821 0
   822 0
   823 0
   824 0
   825 1
   826 0
   827 0
   828 0
   829 0
   830 0
   831 1
   832 0
   833 0
   834 0
   835 0
   836 0
   837 0
   838 0
   839 0
   840 0
   841 1
   842 0
   843 0
   844 0
   845 0
   846 0
   847 0
   848 0
   849 0
   850 0
   851 0
   852 0
   853 0
   854 0
   855 0
   856 0
   857 0
   858 0
   859 0
   860 0
   861 0
   862 0
   863 0
   864 0
   865 0
   866 0
   867 0
   868 0
   869 0
   870 0
   871 0
   872 0
   873 1
   874 0
   875 0
   876 3
   877 1
   878 1
   879 0
   880 0
   881 0
   882 0
   883 0
   884 2
   885 0
   886 0
   887 1
   888 0
   889 0
   890 0
   891 0
   892 0
   893 1
   894 0
   895 0
   896 1
   897 0
   898 0
   899 0
   900 0
   901 0
   902 0
   903 0
   904 0
   905 1
   906 0
   907 0
   908 0
   909 0
   910 0
   911 0
   912 0
   913 0
   914 0
   915 0
   916 0
   917 0
   918 0
   919 0
   920 0
   921 0
   922 0
   923 0
   924 0
   925 0
   926 0
   927 0
   928 0
   929 0
   930 0
   931 0
   932 0
   933 0
   934 0
   935 0
   936 0
   937 0
   938 0
   939 0
   940 0
   941 1
   942 0
   943 0
   944 0
   945 0
   946 0
   947 0
   948 0
   949 0
   950 0
   951 0
   952 0
   953 0
   954 0
   955 1
   956 0
   957 0
   958 0
   959 0
   960 0
   961 0
   962 0
   963 0
   964 0
   965 0
   966 0
   967 0
   968 0
   969 0
   970 0
   971 0
   972 1
   973 0
   974 0
   975 1
   976 0
   977 0
   978 0
   979 0
   980 0
   981 1
   982 0
   983 0
   984 0
   985 0
   986 1
   987 0
   988 0
   989 0
   990 0
   991 0
   992 0
   993 0
   994 0
   995 0
   996 0
   997 0
   998 0
   999 0
   1000 0
   1001 0
   1002 0
   1003 0
   1004 0
   1005 0
   1006 0
   1007 0
   1008 0
   1009 0
   1010 0
   1011 0
   1012 0
   1013 0
   1014 0
   1015 0
   1016 0
   1017 0
   1018 0
   1019 0
   1020 0
   1021 0
   1022 0
   1023 0
   1024 0
   1025 1
   1026 0
   1027 0
   1028 0
   1029 0
   1030 0
   1031 1
   1032 0
   1033 0
   1034 0
   1035 0
   1036 0
   1037 0
   1038 0
   1039 0
   1040 0
   1041 0
   1042 1
   1043 0
   1044 0
   1045 2
   1046 1
   1047 0
   1048 0
   1049 0
   1050 0
   1051 0
   1052 0
   1053 0
   1054 0
   1055 0
   1056 0
   1057 0
   1058 0
   1059 0
   1060 0
   1061 0
   1062 0
   1063 0
   1064 0
   1065 0
   1066 0
   1067 0
   1068 0
   1069 0
   1070 2
   1071 0
   1072 0
   1073 1
   1074 0
   1075 1
   1076 0
   1077 0
   1078 0
   1079 0
   1080 0
   1081 0
   1082 0
   1083 0
   1084 0
   1085 0
   1086 0
   1087 0
   1088 0
   1089 0
   1090 0
   1091 0
   1092 0
   1093 0
   1094 0
   1095 0
   1096 0
   1097 0
   1098 0
   1099 0
   1100 0
   1101 0
   1102 0
   1103 0
   1104 0
   1105 0
   1106 0
   1107 0
   1108 0
   1109 0
   1110 0
   1111 0
   1112 0
   1113 0
   1114 0
   1115 0
   1116 0
   1117 0
   1118 0
   1119 0
   1120 0
   1121 0
   1122 0
   1123 0
   1124 0
   1125 0
   1126 0
   1127 0
   1128 0
   1129 0
   1130 0
   1131 0
   1132 0
   1133 0
   1134 0
   1135 0
   1136 0
   1137 0
   1138 0
   1139 0
   1140 0
   1141 0
   1142 0
   1143 0
   1144 0
   1145 0
   1146 0
   1147 0
   1148 0
   1149 0
   1150 0
   1151 0
   1152 0
   1153 0
   1154 0
   1155 0
   1156 0
   1157 0
   1158 1
HIST END
