STAT START
secs,qlen,thru,msrt,items,nset,nget,nmget,sqt,gqt,mqt,swt,gwt,mwt
1,0,320.000000000000,NaN,0,320,0,0,0.000151106891,NaN,NaN,0.003468621975,NaN,NaN
1,0,577.000000000000,NaN,0,577,0,0,0.000087439560,NaN,NaN,0.002931651695,NaN,NaN
1,0,541.000000000000,NaN,0,541,0,0,0.000092943839,NaN,NaN,0.003077799671,NaN,NaN
1,0,570.000000000000,NaN,0,570,0,0,0.000068273958,NaN,NaN,0.003227895377,NaN,NaN
1,0,601.000000000000,NaN,0,601,0,0,0.000075305597,NaN,NaN,0.002816889601,NaN,NaN
1,0,563.000000000000,NaN,0,563,0,0,0.000065338984,NaN,NaN,0.003039522043,NaN,NaN
1,0,580.000000000000,NaN,0,580,0,0,0.000059654209,NaN,NaN,0.002935823245,NaN,NaN
1,0,593.000000000000,NaN,0,593,0,0,0.000064209536,NaN,NaN,0.002899842248,NaN,NaN
1,0,580.000000000000,NaN,0,580,0,0,0.000077153426,NaN,NaN,0.003033094874,NaN,NaN
1,0,598.000000000000,NaN,0,598,0,0,0.000057747266,NaN,NaN,0.003143718911,NaN,NaN
1,0,582.000000000000,NaN,0,582,0,0,0.000067807639,NaN,NaN,0.002966868699,NaN,NaN
1,0,553.000000000000,NaN,0,553,0,0,0.000065621069,NaN,NaN,0.002886830474,NaN,NaN
1,0,591.000000000000,NaN,0,591,0,0,0.000066713843,NaN,NaN,0.003030827313,NaN,NaN
1,0,589.000000000000,NaN,0,589,0,0,0.000082862988,NaN,NaN,0.003063034299,NaN,NaN
1,0,587.000000000000,NaN,0,587,0,0,0.000064674363,NaN,NaN,0.003036625559,NaN,NaN
1,0,589.000000000000,NaN,0,589,0,0,0.000091177852,NaN,NaN,0.002659538374,NaN,NaN
1,0,620.000000000000,NaN,0,620,0,0,0.000085681631,NaN,NaN,0.002666497850,NaN,NaN
1,0,586.000000000000,NaN,0,586,0,0,0.000072985630,NaN,NaN,0.002811076034,NaN,NaN
1,0,587.000000000000,NaN,0,587,0,0,0.000090970065,NaN,NaN,0.002763470458,NaN,NaN
1,1,571.000000000000,NaN,0,571,0,0,0.000073046525,NaN,NaN,0.002875214793,NaN,NaN
1,0,576.000000000000,NaN,0,576,0,0,0.000067312264,NaN,NaN,0.002621340905,NaN,NaN
1,0,609.000000000000,NaN,0,609,0,0,0.000111502734,NaN,NaN,0.002570278378,NaN,NaN
1,0,604.000000000000,NaN,0,604,0,0,0.000062308209,NaN,NaN,0.002647135379,NaN,NaN
1,0,601.000000000000,NaN,0,601,0,0,0.000057683975,NaN,NaN,0.002943660003,NaN,NaN
1,0,602.000000000000,NaN,0,602,0,0,0.000086452503,NaN,NaN,0.003033125580,NaN,NaN
1,0,568.000000000000,NaN,0,568,0,0,0.000068659113,NaN,NaN,0.003413523519,NaN,NaN
1,0,596.000000000000,NaN,0,596,0,0,0.000061882168,NaN,NaN,0.002894863218,NaN,NaN
1,0,585.000000000000,NaN,0,585,0,0,0.000078628744,NaN,NaN,0.003280007639,NaN,NaN
1,0,591.000000000000,NaN,0,591,0,0,0.000058262008,NaN,NaN,0.003175014399,NaN,NaN
1,0,585.000000000000,NaN,0,585,0,0,0.000070653643,NaN,NaN,0.002874389232,NaN,NaN
1,1,578.000000000000,NaN,0,578,0,0,0.000078078531,NaN,NaN,0.003293065424,NaN,NaN
1,0,597.000000000000,NaN,0,597,0,0,0.000067120357,NaN,NaN,0.002998997570,NaN,NaN
1,0,562.000000000000,NaN,0,562,0,0,0.000080824731,NaN,NaN,0.003088930639,NaN,NaN
1,0,582.000000000000,NaN,0,582,0,0,0.000059129268,NaN,NaN,0.002741603550,NaN,NaN
1,0,601.000000000000,NaN,0,601,0,0,0.000079957549,NaN,NaN,0.002642716830,NaN,NaN
1,0,571.000000000000,NaN,0,571,0,0,0.000064077846,NaN,NaN,0.002964038774,NaN,NaN
1,0,576.000000000000,NaN,0,576,0,0,0.000061972993,NaN,NaN,0.003049519280,NaN,NaN
1,1,593.000000000000,NaN,0,593,0,0,0.000060154078,NaN,NaN,0.002814184902,NaN,NaN
1,0,583.000000000000,NaN,0,583,0,0,0.000101506093,NaN,NaN,0.002933806041,NaN,NaN
1,0,579.000000000000,NaN,0,579,0,0,0.000071003223,NaN,NaN,0.003093646908,NaN,NaN
1,0,579.000000000000,NaN,0,579,0,0,0.000076602349,NaN,NaN,0.003070612105,NaN,NaN
1,0,598.000000000000,NaN,0,598,0,0,0.000059133538,NaN,NaN,0.003006854154,NaN,NaN
1,0,596.000000000000,NaN,0,596,0,0,0.000060881436,NaN,NaN,0.002810790386,NaN,NaN
1,0,590.000000000000,NaN,0,590,0,0,0.000067136881,NaN,NaN,0.002823016003,NaN,NaN
1,0,574.000000000000,NaN,0,574,0,0,0.000071103108,NaN,NaN,0.002900857016,NaN,NaN
1,0,584.000000000000,NaN,0,584,0,0,0.000098154830,NaN,NaN,0.002785116728,NaN,NaN
1,0,583.000000000000,NaN,0,583,0,0,0.000083210636,NaN,NaN,0.002939086710,NaN,NaN
1,0,570.000000000000,NaN,0,570,0,0,0.000068657667,NaN,NaN,0.002994844744,NaN,NaN
1,0,583.000000000000,NaN,0,583,0,0,0.000118065014,NaN,NaN,0.002743056003,NaN,NaN
1,0,599.000000000000,NaN,0,599,0,0,0.000056954624,NaN,NaN,0.002880305205,NaN,NaN
1,0,587.000000000000,NaN,0,587,0,0,0.000059847068,NaN,NaN,0.002812011530,NaN,NaN
1,0,597.000000000000,NaN,0,597,0,0,0.000061416032,NaN,NaN,0.002718921506,NaN,NaN
1,0,598.000000000000,NaN,0,598,0,0,0.000066173880,NaN,NaN,0.002764404142,NaN,NaN
1,2,606.000000000000,NaN,0,606,0,0,0.000062261277,NaN,NaN,0.002792386234,NaN,NaN
1,0,589.000000000000,NaN,0,589,0,0,0.000106383472,NaN,NaN,0.002954464744,NaN,NaN
1,0,604.000000000000,NaN,0,604,0,0,0.000067550925,NaN,NaN,0.002709337791,NaN,NaN
1,0,601.000000000000,NaN,0,601,0,0,0.000061156484,NaN,NaN,0.002768220378,NaN,NaN
1,0,597.000000000000,NaN,0,597,0,0,0.000066163243,NaN,NaN,0.002905287313,NaN,NaN
1,0,581.000000000000,NaN,0,581,0,0,0.000065093926,NaN,NaN,0.002839933487,NaN,NaN
1,0,611.000000000000,NaN,0,611,0,0,0.000069570180,NaN,NaN,0.002623709604,NaN,NaN
1,0,590.000000000000,NaN,0,590,0,0,0.000064589566,NaN,NaN,0.003024603480,NaN,NaN
1,0,592.000000000000,NaN,0,592,0,0,0.000066982368,NaN,NaN,0.003066662596,NaN,NaN
1,0,604.000000000000,NaN,0,604,0,0,0.000090344767,NaN,NaN,0.002693070616,NaN,NaN
1,0,595.000000000000,NaN,0,595,0,0,0.000081984230,NaN,NaN,0.002717337479,NaN,NaN
1,0,611.000000000000,NaN,0,611,0,0,0.000095872416,NaN,NaN,0.002524094609,NaN,NaN
1,0,598.000000000000,NaN,0,598,0,0,0.000100606943,NaN,NaN,0.002873110112,NaN,NaN
1,0,584.000000000000,NaN,0,584,0,0,0.000055951450,NaN,NaN,0.002955141572,NaN,NaN
1,1,587.000000000000,NaN,0,587,0,0,0.000070266213,NaN,NaN,0.002903902409,NaN,NaN
1,0,609.000000000000,NaN,0,609,0,0,0.000105483039,NaN,NaN,0.002427104164,NaN,NaN
1,0,577.000000000000,NaN,0,577,0,0,0.000080788393,NaN,NaN,0.003239487995,NaN,NaN
1,0,185.000000000000,NaN,0,185,0,0,0.000062689973,NaN,NaN,0.002438283151,NaN,NaN
1,0,2.000000000000,NaN,0,2,0,0,0.000082550000,NaN,NaN,0.004974721000,NaN,NaN
STAT END
HIST START
272
   0 0
   1 0
   2 0
   3 0
   4 0
   5 0
   6 0
   7 0
   8 0
   9 0
   10 0
   11 3
   12 45
   13 514
   14 1598
   15 3198
   16 4044
   17 4230
   18 3972
   19 3291
   20 2537
   21 2033
   22 1492
   23 1132
   24 905
   25 720
   26 573
   27 423
   28 368
   29 321
   30 288
   31 267
   32 179
   33 147
   34 152
   35 114
   36 111
   37 87
   38 68
   39 46
   40 45
   41 38
   42 42
   43 32
   44 23
   45 17
   46 14
   47 16
   48 20
   49 12
   50 12
   51 18
   52 10
   53 15
   54 29
   55 44
   56 85
   57 124
   58 157
   59 193
   60 196
   61 193
   62 250
   63 316
   64 337
   65 419
   66 482
   67 505
   68 497
   69 598
   70 577
   71 587
   72 497
   73 389
   74 289
   75 201
   76 133
   77 103
   78 61
   79 35
   80 30
   81 26
   82 16
   83 20
   84 18
   85 16
   86 9
   87 8
   88 19
   89 19
   90 6
   91 18
   92 26
   93 30
   94 46
   95 50
   96 46
   97 23
   98 21
   99 16
   100 13
   101 9
   102 9
   103 6
   104 7
   105 3
   106 5
   107 8
   108 2
   109 3
   110 2
   111 3
   112 5
   113 7
   114 7
   115 0
   116 2
   117 1
   118 2
   119 0
   120 0
   121 0
   122 0
   123 1
   124 1
   125 0
   126 0
   127 0
   128 0
   129 1
   130 1
   131 2
   132 0
   133 1
   134 0
   135 0
   136 0
   137 0
   138 0
   139 0
   140 0
   141 1
   142 0
   143 0
   144 0
   145 0
   146 2
   147 2
   148 2
   149 1
   150 0
   151 3
   152 1
   153 0
   154 2
   155 1
   156 1
   157 3
   158 2
   159 1
   160 0
   161 4
   162 1
   163 0
   164 1
   165 1
   166 1
   167 0
   168 0
   169 0
   170 1
   171 0
   172 1
   173 0
   174 0
   175 0
   176 0
   177 0
   178 1
   179 0
   180 1
   181 0
   182 0
   183 0
   184 0
   185 0
   186 1
   187 0
   188 1
   189 0
   190 0
   191 0
   192 0
   193 0
   194 1
   195 1
   196 0
   197 0
   198 1
   199 0
   200 0
   201 0
   202 1
   203 0
   204 0
   205 0
   206 0
   207 0
   208 0
   209 0
   210 0
   211 2
   212 0
   213 0
   214 0
   215 0
   216 0
   217 0
   218 0
   219 0
   220 0
   221 0
   222 0
   223 0
   224 0
   225 0
   226 0
   227 0
   228 0
   229 0
   230 0
   231 0
   232 0
   233 0
   234 0
   235 0
   236 0
   237 0
   238 0
   239 0
   240 0
   241 0
   242 0
   243 0
   244 0
   245 0
   246 0
   247 0
   248 2
   249 0
   250 0
   251 0
   252 0
   253 0
   254 0
   255 0
   256 0
   257 0
   258 0
   259 0
   260 0
   261 0
   262 0
   263 0
   264 0
   265 0
   266 0
   267 0
   268 0
   269 0
   270 0
   271 1
HIST END
