STAT START
secs,qlen,thru,msrt,items,nset,nget,nmget,sqt,gqt,mqt,swt,gwt,mwt
1,0,1789.000000000000,NaN,0,1789,0,0,0.000365245406,NaN,NaN,0.003690617973,NaN,NaN
1,0,2135.000000000000,NaN,0,2135,0,0,0.000223120763,NaN,NaN,0.003206196786,NaN,NaN
1,0,2239.000000000000,NaN,0,2239,0,0,0.000214521159,NaN,NaN,0.003298477745,NaN,NaN
1,0,2146.000000000000,NaN,0,2146,0,0,0.000216817072,NaN,NaN,0.003512357517,NaN,NaN
1,0,2167.000000000000,NaN,0,2167,0,0,0.000200002582,NaN,NaN,0.003390181370,NaN,NaN
1,0,2155.000000000000,NaN,0,2155,0,0,0.000207768188,NaN,NaN,0.003344147087,NaN,NaN
1,0,2280.000000000000,NaN,0,2280,0,0,0.000230809167,NaN,NaN,0.003188907789,NaN,NaN
1,0,2225.000000000000,NaN,0,2225,0,0,0.000212371496,NaN,NaN,0.003417016676,NaN,NaN
1,0,2268.000000000000,NaN,0,2268,0,0,0.000216921090,NaN,NaN,0.003043592022,NaN,NaN
1,0,2241.000000000000,NaN,0,2241,0,0,0.000198538051,NaN,NaN,0.003299943440,NaN,NaN
1,0,2294.000000000000,NaN,0,2294,0,0,0.000226680382,NaN,NaN,0.003224709743,NaN,NaN
1,0,2237.000000000000,NaN,0,2237,0,0,0.000204734167,NaN,NaN,0.003257833794,NaN,NaN
1,0,2325.000000000000,NaN,0,2325,0,0,0.000222503150,NaN,NaN,0.002878982906,NaN,NaN
1,0,2325.000000000000,NaN,0,2325,0,0,0.000242789641,NaN,NaN,0.003076491659,NaN,NaN
1,0,2174.000000000000,NaN,0,2174,0,0,0.000225898419,NaN,NaN,0.003307279995,NaN,NaN
1,0,2253.000000000000,NaN,0,2253,0,0,0.000226340676,NaN,NaN,0.003137589392,NaN,NaN
1,0,2263.000000000000,NaN,0,2263,0,0,0.000249060415,NaN,NaN,0.003240353257,NaN,NaN
1,0,2211.000000000000,NaN,0,2211,0,0,0.000213119081,NaN,NaN,0.003299076814,NaN,NaN
1,0,2240.000000000000,NaN,0,2240,0,0,0.000216067179,NaN,NaN,0.003200090181,NaN,NaN
1,0,2190.000000000000,NaN,0,2190,0,0,0.000242970464,NaN,NaN,0.003139546590,NaN,NaN
1,0,2220.000000000000,NaN,0,2220,0,0,0.000231996643,NaN,NaN,0.003257674768,NaN,NaN
1,0,2229.000000000000,NaN,0,2229,0,0,0.000268723476,NaN,NaN,0.003146318385,NaN,NaN
1,0,2311.000000000000,NaN,0,2311,0,0,0.000234009701,NaN,NaN,0.002982294883,NaN,NaN
1,0,2194.000000000000,NaN,0,2194,0,0,0.000272129854,NaN,NaN,0.003192502682,NaN,NaN
1,0,2237.000000000000,NaN,0,2237,0,0,0.000246596723,NaN,NaN,0.003190638046,NaN,NaN
1,0,2284.000000000000,NaN,0,2284,0,0,0.000231217655,NaN,NaN,0.002990577199,NaN,NaN
1,0,2222.000000000000,NaN,0,2222,0,0,0.000229609110,NaN,NaN,0.003285540833,NaN,NaN
1,0,2254.000000000000,NaN,0,2254,0,0,0.000250473292,NaN,NaN,0.003044064658,NaN,NaN
1,0,2234.000000000000,NaN,0,2234,0,0,0.000242774192,NaN,NaN,0.003048781247,NaN,NaN
1,0,2066.000000000000,NaN,0,2066,0,0,0.000205660534,NaN,NaN,0.003783784702,NaN,NaN
1,0,2191.000000000000,NaN,0,2191,0,0,0.000257221178,NaN,NaN,0.003419058304,NaN,NaN
1,0,2295.000000000000,NaN,0,2295,0,0,0.000234119953,NaN,NaN,0.003208627541,NaN,NaN
1,1,2197.000000000000,NaN,0,2197,0,0,0.000201120805,NaN,NaN,0.003495698513,NaN,NaN
1,0,2252.000000000000,NaN,0,2252,0,0,0.000236745173,NaN,NaN,0.003108276786,NaN,NaN
1,1,2178.000000000000,NaN,0,2178,0,0,0.000252256790,NaN,NaN,0.003415350437,NaN,NaN
1,1,2163.000000000000,NaN,0,2163,0,0,0.000231841047,NaN,NaN,0.003486188112,NaN,NaN
1,0,2195.000000000000,NaN,0,2195,0,0,0.000210053442,NaN,NaN,0.003245687200,NaN,NaN
1,0,2290.000000000000,NaN,0,2290,0,0,0.000232773374,NaN,NaN,0.003192490480,NaN,NaN
1,0,2171.000000000000,NaN,0,2171,0,0,0.000227434295,NaN,NaN,0.003175409804,NaN,NaN
1,0,2088.000000000000,NaN,0,2088,0,0,0.000268615841,NaN,NaN,0.003313662729,NaN,NaN
1,1,2263.000000000000,NaN,0,2263,0,0,0.000214157973,NaN,NaN,0.003081325094,NaN,NaN
1,0,2293.000000000000,NaN,0,2293,0,0,0.000206198303,NaN,NaN,0.003128513285,NaN,NaN
1,0,2240.000000000000,NaN,0,2240,0,0,0.000205488922,NaN,NaN,0.003273189692,NaN,NaN
1,0,2184.000000000000,NaN,0,2184,0,0,0.000224425112,NaN,NaN,0.003285640648,NaN,NaN
1,0,2121.000000000000,NaN,0,2121,0,0,0.000215712731,NaN,NaN,0.003347607177,NaN,NaN
1,0,2280.000000000000,NaN,0,2280,0,0,0.000203774233,NaN,NaN,0.003195729519,NaN,NaN
1,0,2204.000000000000,NaN,0,2204,0,0,0.000216747679,NaN,NaN,0.003211728889,NaN,NaN
1,0,2237.000000000000,NaN,0,2237,0,0,0.000201158835,NaN,NaN,0.003326341988,NaN,NaN
1,0,2330.000000000000,NaN,0,2330,0,0,0.000209927518,NaN,NaN,0.002896385862,NaN,NaN
1,0,2196.000000000000,NaN,0,2196,0,0,0.000235409811,NaN,NaN,0.003333044780,NaN,NaN
1,0,2203.000000000000,NaN,0,2203,0,0,0.000240905133,NaN,NaN,0.003086437153,NaN,NaN
1,0,2309.000000000000,NaN,0,2309,0,0,0.000252336363,NaN,NaN,0.003013111663,NaN,NaN
1,0,2224.000000000000,NaN,0,2224,0,0,0.000219533875,NaN,NaN,0.003187492537,NaN,NaN
1,0,2223.000000000000,NaN,0,2223,0,0,0.000208444035,NaN,NaN,0.003114886001,NaN,NaN
1,0,2238.000000000000,NaN,0,2238,0,0,0.000228758674,NaN,NaN,0.003279090318,NaN,NaN
1,0,2174.000000000000,NaN,0,2174,0,0,0.000296629751,NaN,NaN,0.003388935073,NaN,NaN
1,0,2275.000000000000,NaN,0,2275,0,0,0.000203895741,NaN,NaN,0.003165185916,NaN,NaN
1,1,2171.000000000000,NaN,0,2171,0,0,0.000242899889,NaN,NaN,0.003389589598,NaN,NaN
1,0,2272.000000000000,NaN,0,2272,0,0,0.000188910922,NaN,NaN,0.003360757734,NaN,NaN
1,8,2187.000000000000,NaN,0,2187,0,0,0.000197002590,NaN,NaN,0.003554289377,NaN,NaN
1,0,2168.000000000000,NaN,0,2168,0,0,0.000245479043,NaN,NaN,0.003473221899,NaN,NaN
1,0,2185.000000000000,NaN,0,2185,0,0,0.000250914014,NaN,NaN,0.003191370295,NaN,NaN
1,0,2212.000000000000,NaN,0,2212,0,0,0.000220329440,NaN,NaN,0.003100938291,NaN,NaN
1,0,2284.000000000000,NaN,0,2284,0,0,0.000205724850,NaN,NaN,0.003332503766,NaN,NaN
1,0,2202.000000000000,NaN,0,2202,0,0,0.000227287312,NaN,NaN,0.003410149850,NaN,NaN
1,0,2197.000000000000,NaN,0,2197,0,0,0.000301677445,NaN,NaN,0.002891911397,NaN,NaN
1,0,2240.000000000000,NaN,0,2240,0,0,0.000244850079,NaN,NaN,0.003190132785,NaN,NaN
1,0,2184.000000000000,NaN,0,2184,0,0,0.000268684053,NaN,NaN,0.002877884315,NaN,NaN
1,11,2186.000000000000,NaN,0,2186,0,0,0.000237842849,NaN,NaN,0.003280520375,NaN,NaN
1,0,2146.000000000000,NaN,0,2146,0,0,0.000272792487,NaN,NaN,0.003127810989,NaN,NaN
1,0,12.000000000000,NaN,0,12,0,0,0.000552327417,NaN,NaN,0.002695078000,NaN,NaN
STAT END
HIST START
420
   0 0
   1 0
   2 0
   3 0
   4 0
   5 0
   6 0
   7 0
   8 0
   9 0
   10 0
   11 0
   12 24
   13 194
   14 921
   15 2347
   16 4317
   17 6542
   18 8288
   19 9258
   20 9716
   21 10062
   22 9527
   23 9182
   24 8110
   25 7178
   26 6242
   27 5068
   28 4385
   29 3488
   30 2902
   31 2251
   32 1797
   33 1523
   34 1280
   35 1043
   36 868
   37 683
   38 542
   39 406
   40 383
   41 339
   42 288
   43 282
   44 234
   45 194
   46 157
   47 141
   48 136
   49 149
   50 220
   51 263
   52 400
   53 492
   54 612
   55 735
   56 812
   57 846
   58 968
   59 1067
   60 1279
   61 1288
   62 1436
   63 1573
   64 1467
   65 1541
   66 1495
   67 1510
   68 1280
   69 1252
   70 1109
   71 990
   72 777
   73 737
   74 680
   75 555
   76 438
   77 409
   78 394
   79 354
   80 331
   81 305
   82 305
   83 328
   84 280
   85 348
   86 401
   87 411
   88 379
   89 423
   90 405
   91 398
   92 363
   93 301
   94 287
   95 249
   96 224
   97 155
   98 117
   99 114
   100 94
   101 76
   102 87
   103 79
   104 42
   105 42
   106 51
   107 34
   108 31
   109 37
   110 23
   111 18
   112 15
   113 19
   114 22
   115 19
   116 19
   117 18
   118 13
   119 17
   120 18
   121 15
   122 19
   123 22
   124 9
   125 12
   126 5
   127 5
   128 6
   129 13
   130 9
   131 7
   132 20
   133 10
   134 14
   135 16
   136 19
   137 21
   138 23
   139 18
   140 18
   141 19
   142 8
   143 21
   144 20
   145 19
   146 24
   147 27
   148 15
   149 22
   150 14
   151 11
   152 9
   153 6
   154 17
   155 7
   156 8
   157 10
   158 11
   159 3
   160 9
   161 5
   162 6
   163 7
   164 10
   165 5
   166 6
   167 1
   168 3
   169 5
   170 7
   171 3
   172 10
   173 7
   174 8
   175 2
   176 7
   177 7
   178 15
   179 9
   180 9
   181 4
   182 1
   183 3
   184 2
   185 1
   186 7
   187 1
   188 2
   189 0
   190 1
   191 1
   192 0
   193 0
   194 1
   195 3
   196 0
   197 0
   198 0
   199 1
   200 0
   201 0
   202 1
   203 0
   204 1
   205 0
   206 0
   207 0
   208 0
   209 0
   210 2
   211 0
   212 0
   213 0
   214 0
   215 0
   216 0
   217 0
   218 0
   219 0
   220 0
   221 0
   222 0
   223 0
   224 0
   225 0
   226 0
   227 0
   228 0
   229 0
   230 1
   231 0
   232 2
   233 0
   234 0
   235 0
   236 1
   237 1
   238 0
   239 0
   240 0
   241 0
   242 0
   243 0
   244 0
   245 0
   246 0
   247 0
   248 2
   249 1
   250 0
   251 0
   252 0
   253 0
   254 0
   255 0
   256 0
   257 0
   258 2
   259 0
   260 0
   261 0
   262 1
   263 1
   264 2
   265 0
   266 0
   267 0
   268 1
   269 0
   270 0
   271 0
   272 0
   273 0
   274 1
   275 0
   276 0
   277 0
   278 0
   279 0
   280 0
   281 0
   282 0
   283 0
   284 0
   285 0
   286 0
   287 0
   288 0
   289 0
   290 0
   291 0
   292 0
   293 0
   294 0
   295 0
   296 0
   297 0
   298 0
   299 0
   300 0
   301 0
   302 0
   303 0
   304 0
   305 0
   306 0
   307 0
   308 0
   309 0
   310 0
   311 0
   312 0
   313 0
   314 0
   315 0
   316 0
   317 0
   318 0
   319 0
   320 0
   321 0
   322 0
   323 0
   324 0
   325 0
   326 0
   327 0
   328 0
   329 0
   330 0
   331 0
   332 0
   333 0
   334 0
   335 0
   336 0
   337 0
   338 0
   339 0
   340 0
   341 0
   342 0
   343 0
   344 0
   345 0
   346 0
   347 0
   348 0
   349 1
   350 0
   351 0
   352 0
   353 0
   354 0
   355 0
   356 0
   357 0
   358 0
   359 0
   360 0
   361 0
   362 0
   363 0
   364 0
   365 0
   366 0
   367 0
   368 0
   369 0
   370 0
   371 0
   372 0
   373 0
   374 0
   375 0
   376 0
   377 0
   378 0
   379 0
   380 0
   381 0
   382 0
   383 0
   384 0
   385 0
   386 0
   387 0
   388 0
   389 0
   390 0
   391 0
   392 0
   393 0
   394 0
   395 0
   396 0
   397 0
   398 0
   399 0
   400 0
   401 0
   402 0
   403 0
   404 0
   405 0
   406 0
   407 0
   408 0
   409 0
   410 0
   411 0
   412 0
   413 0
   414 0
   415 0
   416 0
   417 0
   418 0
   419 2
HIST END
