STAT START
secs,qlen,thru,msrt,items,nset,nget,nmget,sqt,gqt,mqt,swt,gwt,mwt
1,2,2331.000000000000,NaN,0,2331,0,0,0.001640397728,NaN,NaN,0.010291312068,NaN,NaN
1,26,3060.000000000000,NaN,0,3060,0,0,0.001141950085,NaN,NaN,0.008831570759,NaN,NaN
1,0,3228.000000000000,NaN,0,3228,0,0,0.001110421687,NaN,NaN,0.008242286304,NaN,NaN
1,4,3154.000000000000,NaN,0,3154,0,0,0.001072580446,NaN,NaN,0.008093171906,NaN,NaN
1,3,3405.000000000000,NaN,0,3405,0,0,0.000952285223,NaN,NaN,0.008029233449,NaN,NaN
1,0,3063.000000000000,NaN,0,3063,0,0,0.001044914206,NaN,NaN,0.008929408605,NaN,NaN
1,8,3414.000000000000,NaN,0,3414,0,0,0.000947470676,NaN,NaN,0.008047547438,NaN,NaN
1,4,3105.000000000000,NaN,0,3105,0,0,0.000984724460,NaN,NaN,0.008978869916,NaN,NaN
1,0,2965.000000000000,NaN,0,2965,0,0,0.001032183617,NaN,NaN,0.009291425631,NaN,NaN
1,4,3208.000000000000,NaN,0,3208,0,0,0.000861910355,NaN,NaN,0.008292754956,NaN,NaN
1,1,3189.000000000000,NaN,0,3189,0,0,0.001136011098,NaN,NaN,0.008187698791,NaN,NaN
1,4,3102.000000000000,NaN,0,3102,0,0,0.001110390044,NaN,NaN,0.008706008180,NaN,NaN
1,0,3175.000000000000,NaN,0,3175,0,0,0.001049928772,NaN,NaN,0.008563934931,NaN,NaN
1,0,3146.000000000000,NaN,0,3146,0,0,0.001076298742,NaN,NaN,0.008527395256,NaN,NaN
1,0,3216.000000000000,NaN,0,3216,0,0,0.000937584222,NaN,NaN,0.008355283868,NaN,NaN
1,4,3298.000000000000,NaN,0,3298,0,0,0.000910086567,NaN,NaN,0.008163470109,NaN,NaN
1,0,3240.000000000000,NaN,0,3240,0,0,0.000932991832,NaN,NaN,0.008448837844,NaN,NaN
1,0,3210.000000000000,NaN,0,3210,0,0,0.000941659279,NaN,NaN,0.008666898303,NaN,NaN
1,3,3197.000000000000,NaN,0,3197,0,0,0.000942928938,NaN,NaN,0.008570561285,NaN,NaN
1,1,3188.000000000000,NaN,0,3188,0,0,0.001130106628,NaN,NaN,0.008359984136,NaN,NaN
1,4,3171.000000000000,NaN,0,3171,0,0,0.001084112681,NaN,NaN,0.008655497959,NaN,NaN
1,4,3365.000000000000,NaN,0,3365,0,0,0.000987816537,NaN,NaN,0.007902452007,NaN,NaN
1,13,3298.000000000000,NaN,0,3298,0,0,0.000946152133,NaN,NaN,0.008247707475,NaN,NaN
1,4,3128.000000000000,NaN,0,3128,0,0,0.000934956844,NaN,NaN,0.008758757003,NaN,NaN
1,3,3229.000000000000,NaN,0,3229,0,0,0.000816128627,NaN,NaN,0.008517850781,NaN,NaN
1,0,3275.000000000000,NaN,0,3275,0,0,0.000869054830,NaN,NaN,0.008183797910,NaN,NaN
1,3,3110.000000000000,NaN,0,3110,0,0,0.001042080572,NaN,NaN,0.008876678439,NaN,NaN
1,0,3362.000000000000,NaN,0,3362,0,0,0.001025120903,NaN,NaN,0.008069987972,NaN,NaN
1,1,3225.000000000000,NaN,0,3225,0,0,0.000941628714,NaN,NaN,0.008547134459,NaN,NaN
1,0,3108.000000000000,NaN,0,3108,0,0,0.000917848126,NaN,NaN,0.008923228950,NaN,NaN
1,4,3008.000000000000,NaN,0,3008,0,0,0.000892709146,NaN,NaN,0.009248195997,NaN,NaN
1,0,3238.000000000000,NaN,0,3238,0,0,0.000872615849,NaN,NaN,0.008615288922,NaN,NaN
1,0,3195.000000000000,NaN,0,3195,0,0,0.001013371941,NaN,NaN,0.008565351143,NaN,NaN
1,0,3391.000000000000,NaN,0,3391,0,0,0.000861397284,NaN,NaN,0.007882989231,NaN,NaN
1,0,3318.000000000000,NaN,0,3318,0,0,0.000886000068,NaN,NaN,0.007921552400,NaN,NaN
1,4,3190.000000000000,NaN,0,3190,0,0,0.000940983961,NaN,NaN,0.008367372063,NaN,NaN
1,0,3222.000000000000,NaN,0,3222,0,0,0.001018027412,NaN,NaN,0.008355990016,NaN,NaN
1,15,3289.000000000000,NaN,0,3289,0,0,0.000876771379,NaN,NaN,0.008142014218,NaN,NaN
1,4,3343.000000000000,NaN,0,3343,0,0,0.000972131263,NaN,NaN,0.008315192210,NaN,NaN
1,0,3166.000000000000,NaN,0,3166,0,0,0.000936158239,NaN,NaN,0.008766005130,NaN,NaN
1,0,3394.000000000000,NaN,0,3394,0,0,0.000877086484,NaN,NaN,0.008093029852,NaN,NaN
1,0,3143.000000000000,NaN,0,3143,0,0,0.001149647053,NaN,NaN,0.008370696119,NaN,NaN
1,4,3382.000000000000,NaN,0,3382,0,0,0.000896756952,NaN,NaN,0.008029418965,NaN,NaN
1,1,3153.000000000000,NaN,0,3153,0,0,0.000967444485,NaN,NaN,0.008416097216,NaN,NaN
1,5,3170.000000000000,NaN,0,3170,0,0,0.001071184254,NaN,NaN,0.008310055131,NaN,NaN
1,8,3241.000000000000,NaN,0,3241,0,0,0.000881146413,NaN,NaN,0.008307686749,NaN,NaN
1,0,3213.000000000000,NaN,0,3213,0,0,0.000916668439,NaN,NaN,0.008437839902,NaN,NaN
1,16,3159.000000000000,NaN,0,3159,0,0,0.001094158891,NaN,NaN,0.008456001574,NaN,NaN
1,3,3155.000000000000,NaN,0,3155,0,0,0.001057529830,NaN,NaN,0.008646153241,NaN,NaN
1,11,3196.000000000000,NaN,0,3196,0,0,0.000923899532,NaN,NaN,0.008365773934,NaN,NaN
1,0,3217.000000000000,NaN,0,3217,0,0,0.000962943814,NaN,NaN,0.008333638225,NaN,NaN
1,4,3212.000000000000,NaN,0,3212,0,0,0.001027563409,NaN,NaN,0.008236208402,NaN,NaN
1,4,3267.000000000000,NaN,0,3267,0,0,0.000913725872,NaN,NaN,0.008335197614,NaN,NaN
1,5,3184.000000000000,NaN,0,3184,0,0,0.001080280306,NaN,NaN,0.008726658521,NaN,NaN
1,4,3248.000000000000,NaN,0,3248,0,0,0.000935168588,NaN,NaN,0.008309217185,NaN,NaN
1,0,3360.000000000000,NaN,0,3360,0,0,0.001041710521,NaN,NaN,0.007829870564,NaN,NaN
1,5,3273.000000000000,NaN,0,3273,0,0,0.000973012783,NaN,NaN,0.008352312143,NaN,NaN
1,11,3285.000000000000,NaN,0,3285,0,0,0.000935005925,NaN,NaN,0.008460434241,NaN,NaN
1,4,3088.000000000000,NaN,0,3088,0,0,0.001073678617,NaN,NaN,0.008777959831,NaN,NaN
1,8,3218.000000000000,NaN,0,3218,0,0,0.001014798920,NaN,NaN,0.008398419808,NaN,NaN
1,0,3126.000000000000,NaN,0,3126,0,0,0.000982822223,NaN,NaN,0.008705912698,NaN,NaN
1,6,3322.000000000000,NaN,0,3322,0,0,0.000942211031,NaN,NaN,0.008029082438,NaN,NaN
1,9,3229.000000000000,NaN,0,3229,0,0,0.000954478959,NaN,NaN,0.008506332560,NaN,NaN
1,4,3126.000000000000,NaN,0,3126,0,0,0.000988585125,NaN,NaN,0.008219295055,NaN,NaN
1,1,3214.000000000000,NaN,0,3214,0,0,0.001020910554,NaN,NaN,0.008343215590,NaN,NaN
1,0,3250.000000000000,NaN,0,3250,0,0,0.001031966630,NaN,NaN,0.008425540234,NaN,NaN
1,0,3149.000000000000,NaN,0,3149,0,0,0.000976277804,NaN,NaN,0.008593679748,NaN,NaN
1,4,3108.000000000000,NaN,0,3108,0,0,0.000961916701,NaN,NaN,0.008889350312,NaN,NaN
1,0,3241.000000000000,NaN,0,3241,0,0,0.000926960835,NaN,NaN,0.008241752208,NaN,NaN
1,0,3030.000000000000,NaN,0,3030,0,0,0.000949991667,NaN,NaN,0.008898363949,NaN,NaN
1,0,44.000000000000,NaN,0,44,0,0,0.000324465114,NaN,NaN,0.007861246886,NaN,NaN
STAT END
HIST START
750
   0 0
   1 0
   2 0
   3 0
   4 0
   5 0
   6 0
   7 0
   8 0
   9 0
   10 0
   11 0
   12 0
   13 1
   14 4
   15 2
   16 18
   17 35
   18 66
   19 104
   20 200
   21 329
   22 423
   23 582
   24 751
   25 922
   26 1005
   27 1163
   28 1259
   29 1394
   30 1355
   31 1522
   32 1518
   33 1533
   34 1592
   35 1509
   36 1437
   37 1452
   38 1345
   39 1308
   40 1246
   41 1094
   42 1067
   43 1004
   44 871
   45 917
   46 884
   47 886
   48 890
   49 816
   50 835
   51 850
   52 722
   53 749
   54 802
   55 821
   56 810
   57 756
   58 724
   59 674
   60 629
   61 707
   62 683
   63 691
   64 672
   65 645
   66 728
   67 762
   68 784
   69 721
   70 810
   71 794
   72 944
   73 946
   74 1035
   75 1170
   76 1262
   77 1362
   78 1449
   79 1599
   80 1945
   81 2098
   82 2384
   83 2433
   84 2578
   85 2813
   86 2956
   87 3317
   88 3582
   89 3760
   90 3953
   91 4213
   92 4447
   93 4629
   94 4742
   95 5078
   96 5333
   97 5469
   98 5998
   99 6034
   100 5995
   101 5774
   102 5658
   103 5295
   104 4930
   105 4596
   106 4176
   107 3671
   108 3183
   109 2814
   110 2306
   111 1972
   112 1696
   113 1505
   114 1320
   115 1162
   116 1112
   117 931
   118 792
   119 738
   120 696
   121 682
   122 580
   123 577
   124 576
   125 498
   126 463
   127 423
   128 416
   129 414
   130 388
   131 338
   132 319
   133 326
   134 274
   135 317
   136 277
   137 244
   138 250
   139 234
   140 237
   141 231
   142 192
   143 204
   144 207
   145 179
   146 215
   147 196
   148 207
   149 190
   150 169
   151 164
   152 129
   153 177
   154 151
   155 161
   156 156
   157 151
   158 172
   159 198
   160 181
   161 248
   162 266
   163 242
   164 264
   165 255
   166 270
   167 243
   168 286
   169 251
   170 272
   171 303
   172 262
   173 258
   174 273
   175 274
   176 304
   177 252
   178 246
   179 246
   180 293
   181 285
   182 291
   183 287
   184 276
   185 259
   186 295
   187 291
   188 300
   189 289
   190 281
   191 292
   192 324
   193 334
   194 348
   195 311
   196 363
   197 357
   198 325
   199 327
   200 283
   201 254
   202 229
   203 227
   204 224
   205 187
   206 172
   207 169
   208 174
   209 134
   210 114
   211 84
   212 102
   213 58
   214 80
   215 69
   216 58
   217 47
   218 68
   219 59
   220 45
   221 43
   222 51
   223 43
   224 40
   225 23
   226 42
   227 26
   228 32
   229 21
   230 28
   231 32
   232 31
   233 35
   234 35
   235 38
   236 27
   237 28
   238 22
   239 23
   240 18
   241 16
   242 17
   243 14
   244 8
   245 18
   246 19
   247 11
   248 11
   249 10
   250 13
   251 14
   252 8
   253 8
   254 12
   255 15
   256 11
   257 12
   258 14
   259 13
   260 17
   261 17
   262 14
   263 12
   264 19
   265 22
   266 19
   267 19
   268 20
   269 17
   270 15
   271 19
   272 7
   273 10
   274 6
   275 12
   276 9
   277 15
   278 10
   279 9
   280 14
   281 12
   282 7
   283 8
   284 9
   285 12
   286 11
   287 7
   288 9
   289 8
   290 15
   291 8
   292 10
   293 9
   294 7
   295 7
   296 10
   297 9
   298 9
   299 21
   300 19
   301 8
   302 13
   303 9
   304 15
   305 12
   306 13
   307 15
   308 10
   309 6
   310 4
   311 4
   312 4
   313 0
   314 4
   315 7
   316 4
   317 1
   318 3
   319 7
   320 3
   321 2
   322 7
   323 5
   324 4
   325 6
   326 4
   327 3
   328 5
   329 1
   330 3
   331 3
   332 5
   333 5
   334 2
   335 3
   336 3
   337 1
   338 5
   339 2
   340 0
   341 2
   342 3
   343 4
   344 1
   345 0
   346 0
   347 0
   348 2
   349 1
   350 1
   351 2
   352 0
   353 1
   354 0
   355 0
   356 1
   357 2
   358 1
   359 2
   360 0
   361 0
   362 1
   363 3
   364 1
   365 3
   366 1
   367 0
   368 0
   369 3
   370 1
   371 1
   372 3
   373 1
   374 0
   375 1
   376 1
   377 0
   378 1
   379 0
   380 3
   381 1
   382 0
   383 1
   384 2
   385 0
   386 1
   387 0
   388 0
   389 3
   390 1
   391 0
   392 0
   393 2
   394 2
   395 0
   396 3
   397 4
   398 0
   399 6
   400 5
   401 1
   402 3
   403 4
   404 2
   405 4
   406 2
   407 2
   408 2
   409 0
   410 0
   411 1
   412 0
   413 1
   414 0
   415 0
   416 0
   417 0
   418 0
   419 0
   420 1
   421 0
   422 1
   423 2
   424 0
   425 0
   426 0
   427 0
   428 0
   429 0
   430 2
   431 1
   432 0
   433 0
   434 0
   435 2
   436 2
   437 3
   438 3
   439 3
   440 4
   441 0
   442 0
   443 3
   444 2
   445 1
   446 0
   447 0
   448 0
   449 0
   450 0
   451 0
   452 1
   453 0
   454 0
   455 0
   456 0
   457 0
   458 1
   459 1
   460 1
   461 0
   462 0
   463 0
   464 0
   465 0
   466 0
   467 0
   468 0
   469 0
   470 0
   471 0
   472 0
   473 0
   474 0
   475 0
   476 0
   477 0
   478 0
   479 0
   480 0
   481 1
   482 0
   483 0
   484 0
   485 0
   486 0
   487 0
   488 0
   489 0
   490 0
   491 0
   492 0
   493 0
   494 0
   495 0
   496 0
   497 0
   498 0
   499 0
   500 0
   501 0
   502 0
   503 1
   504 0
   505 1
   506 0
   507 0
   508 0
   509 1
   510 1
   511 0
   512 0
   513 0
   514 1
   515 0
   516 0
   517 0
   518 0
   519 1
   520 0
   521 1
   522 0
   523 0
   524 0
   525 0
   526 0
   527 0
   528 0
   529 0
   530 0
   531 0
   532 0
   533 0
   534 0
   535 0
   536 1
   537 1
   538 0
   539 0
   540 0
   541 0
   542 0
   543 0
   544 0
   545 0
   546 0
   547 0
   548 0
   549 0
   550 0
   551 0
   552 0
   553 0
   554 0
   555 0
   556 0
   557 0
   558 0
   559 0
   560 0
   561 0
   562 0
   563 0
   564 0
   565 0
   566 0
   567 0
   568 0
   569 0
   570 0
   571 0
   572 0
   573 0
   574 0
   575 0
   576 0
   577 0
   578 0
   579 0
   580 0
   581 0
   582 0
   583 0
   584 0
   585 0
   586 0
   587 1
   588 0
   589 0
   590 0
   591 0
   592 0
   593 0
   594 0
   595 0
   596 0
   597 0
   598 0
   599 0
   600 0
   601 0
   602 0
   603 0
   604 0
   605 1
   606 0
   607 0
   608 0
   609 0
   610 1
   611 0
   612 0
   613 0
   614 0
   615 0
   616 1
   617 0
   618 0
   619 0
   620 0
   621 1
   622 0
   623 0
   624 0
   625 0
   626 0
   627 0
   628 0
   629 0
   630 0
   631 0
   632 2
   633 0
   634 0
   635 0
   636 0
   637 0
   638 0
   639 0
   640 0
   641 0
   642 0
   643 0
   644 0
   645 0
   646 0
   647 0
   648 0
   649 0
   650 0
   651 0
   652 0
   653 0
   654 0
   655 0
   656 0
   657 0
   658 0
   659 0
   660 0
   661 0
   662 0
   663 0
   664 0
   665 0
   666 0
   667 0
   668 0
   669 0
   670 0
   671 0
   672 0
   673 0
   674 0
   675 0
   676 0
   677 0
   678 0
   679 0
   680 0
   681 0
   682 0
   683 0
   684 0
   685 0
   686 0
   687 0
   688 0
   689 1
   690 0
   691 0
   692 0
   693 0
   694 0
   695 0
   696 0
   697 0
   698 0
   699 0
   700 0
   701 0
   702 0
   703 0
   704 0
   705 0
   706 0
   707 0
   708 0
   709 0
   710 0
   711 0
   712 0
   713 0
   714 0
   715 0
   716 0
   717 0
   718 0
   719 0
   720 0
   721 0
   722 0
   723 0
   724 0
   725 0
   726 0
   727 0
   728 0
   729 0
   730 0
   731 0
   732 0
   733 0
   734 0
   735 0
   736 0
   737 0
   738 0
   739 0
   740 0
   741 0
   742 0
   743 0
   744 0
   745 0
   746 0
   747 0
   748 0
   749 1
HIST END
