STAT START
secs,qlen,thru,msrt,items,nset,nget,nmget,sqt,gqt,mqt,swt,gwt,mwt
1,55,1556.000000000000,0.000000000000,1556,0,1556,0,NaN,0.032612938302,NaN,NaN,0.019154979733,NaN
1,64,1470.000000000000,0.031972789116,1470,0,1470,0,NaN,0.040944047328,NaN,NaN,0.021461299297,NaN
1,64,1586.000000000000,0.030895334174,1586,0,1586,0,NaN,0.038014172704,NaN,NaN,0.020244086831,NaN
1,64,1472.000000000000,0.000000000000,1472,0,1472,0,NaN,0.040896707300,NaN,NaN,0.021960209480,NaN
1,57,1479.000000000000,0.000000000000,1479,0,1479,0,NaN,0.040061456930,NaN,NaN,0.021038399047,NaN
1,62,1609.000000000000,0.000000000000,1609,0,1609,0,NaN,0.037827342799,NaN,NaN,0.020329784537,NaN
1,42,1446.000000000000,0.000000000000,1446,0,1446,0,NaN,0.041259160256,NaN,NaN,0.021985762236,NaN
1,64,1511.000000000000,0.000000000000,1511,0,1511,0,NaN,0.040292018872,NaN,NaN,0.021366850275,NaN
1,34,1523.000000000000,0.000000000000,1523,0,1523,0,NaN,0.040124184177,NaN,NaN,0.021029884511,NaN
1,63,1479.000000000000,0.000000000000,1479,0,1479,0,NaN,0.040466880963,NaN,NaN,0.021461803011,NaN
1,53,1535.000000000000,0.000000000000,1535,0,1535,0,NaN,0.038929631807,NaN,NaN,0.020696754703,NaN
1,58,1473.000000000000,0.000000000000,1473,0,1473,0,NaN,0.041176874827,NaN,NaN,0.021842284003,NaN
1,63,1391.000000000000,0.000000000000,1391,0,1391,0,NaN,0.043805998800,NaN,NaN,0.023153749765,NaN
1,63,1545.000000000000,0.000000000000,1545,0,1545,0,NaN,0.037501052311,NaN,NaN,0.020455253192,NaN
1,64,1552.000000000000,0.000000000000,1552,0,1552,0,NaN,0.039363236365,NaN,NaN,0.020724929222,NaN
1,64,1458.000000000000,0.000000000000,1458,0,1458,0,NaN,0.040713948482,NaN,NaN,0.021592956624,NaN
1,64,1452.000000000000,0.000000000000,1452,0,1452,0,NaN,0.040941524815,NaN,NaN,0.021732593370,NaN
1,63,1477.000000000000,0.000000000000,1477,0,1477,0,NaN,0.042607437473,NaN,NaN,0.022387450690,NaN
1,64,1488.000000000000,0.000000000000,1488,0,1488,0,NaN,0.039230367224,NaN,NaN,0.021021410554,NaN
1,63,1524.000000000000,0.000000000000,1524,0,1524,0,NaN,0.040693007559,NaN,NaN,0.021395640335,NaN
1,64,1472.000000000000,0.000000000000,1472,0,1472,0,NaN,0.040571178438,NaN,NaN,0.021724486626,NaN
1,64,1492.000000000000,0.000000000000,1492,0,1492,0,NaN,0.041063356152,NaN,NaN,0.021531784704,NaN
1,62,1455.000000000000,0.000000000000,1455,0,1455,0,NaN,0.041326804968,NaN,NaN,0.021789925958,NaN
1,63,1490.000000000000,0.000000000000,1490,0,1490,0,NaN,0.040604099296,NaN,NaN,0.021733381792,NaN
1,62,1565.000000000000,0.000000000000,1565,0,1565,0,NaN,0.039468169550,NaN,NaN,0.020394311028,NaN
1,41,1573.000000000000,0.000000000000,1573,0,1573,0,NaN,0.038031467634,NaN,NaN,0.020356851404,NaN
1,63,1481.000000000000,0.000000000000,1481,0,1481,0,NaN,0.040248001353,NaN,NaN,0.021513564816,NaN
1,58,1429.000000000000,0.000000000000,1429,0,1429,0,NaN,0.041885244547,NaN,NaN,0.022130048432,NaN
1,42,1485.000000000000,0.000000000000,1485,0,1485,0,NaN,0.041538822615,NaN,NaN,0.021861345075,NaN
1,63,1535.000000000000,0.000000000000,1535,0,1535,0,NaN,0.039124063715,NaN,NaN,0.020683983615,NaN
1,64,1483.000000000000,0.000000000000,1483,0,1483,0,NaN,0.040159322795,NaN,NaN,0.021552822795,NaN
1,64,1447.000000000000,0.000000000000,1447,0,1447,0,NaN,0.041865158724,NaN,NaN,0.022022273374,NaN
1,64,1510.000000000000,0.000000000000,1510,0,1510,0,NaN,0.040605924251,NaN,NaN,0.021385500015,NaN
1,64,1557.000000000000,0.000000000000,1557,0,1557,0,NaN,0.038538359381,NaN,NaN,0.020496691303,NaN
1,63,1495.000000000000,0.000000000000,1495,0,1495,0,NaN,0.040729666837,NaN,NaN,0.021559381479,NaN
1,39,1389.000000000000,0.000000000000,1389,0,1389,0,NaN,0.043301893057,NaN,NaN,0.023003415158,NaN
1,64,1487.000000000000,0.000000000000,1487,0,1487,0,NaN,0.040703952868,NaN,NaN,0.021493748581,NaN
1,59,1481.000000000000,0.000000000000,1481,0,1481,0,NaN,0.040948219139,NaN,NaN,0.021609502103,NaN
1,64,1553.000000000000,0.000000000000,1553,0,1553,0,NaN,0.038747673889,NaN,NaN,0.020561839497,NaN
1,64,1519.000000000000,0.019091507571,1519,0,1519,0,NaN,0.039046858809,NaN,NaN,0.020729537078,NaN
1,55,1605.000000000000,0.036137071651,1605,0,1605,0,NaN,0.038356499311,NaN,NaN,0.020228193551,NaN
1,64,1502.000000000000,0.005992010652,1502,0,1502,0,NaN,0.040458639242,NaN,NaN,0.021359519916,NaN
1,63,1430.000000000000,0.000000000000,1430,0,1430,0,NaN,0.042054355899,NaN,NaN,0.022411907580,NaN
1,49,1438.000000000000,0.000000000000,1438,0,1438,0,NaN,0.041980658510,NaN,NaN,0.022176779128,NaN
1,64,1505.000000000000,0.000000000000,1505,0,1505,0,NaN,0.039467508370,NaN,NaN,0.020532043725,NaN
1,61,1564.000000000000,0.000000000000,1564,0,1564,0,NaN,0.039396143763,NaN,NaN,0.021231194228,NaN
1,57,1574.000000000000,0.017153748412,1574,0,1574,0,NaN,0.038472376170,NaN,NaN,0.020364058863,NaN
1,64,1581.000000000000,0.037318153068,1581,0,1581,0,NaN,0.037334927084,NaN,NaN,0.020086319722,NaN
1,57,1513.000000000000,0.006609385327,1513,0,1513,0,NaN,0.039399516041,NaN,NaN,0.020966897751,NaN
1,63,1433.000000000000,0.000000000000,1433,0,1433,0,NaN,0.041431539994,NaN,NaN,0.022253772037,NaN
1,64,1563.000000000000,0.000000000000,1563,0,1563,0,NaN,0.038857284200,NaN,NaN,0.020118878781,NaN
1,64,1530.000000000000,0.000000000000,1530,0,1530,0,NaN,0.039853535587,NaN,NaN,0.021280631514,NaN
1,49,1539.000000000000,0.000000000000,1539,0,1539,0,NaN,0.039670693753,NaN,NaN,0.020903390090,NaN
1,64,1484.000000000000,0.000000000000,1484,0,1484,0,NaN,0.041168017095,NaN,NaN,0.021499593944,NaN
1,64,1477.000000000000,0.000000000000,1477,0,1477,0,NaN,0.041052283710,NaN,NaN,0.021933999875,NaN
1,58,1521.000000000000,0.000000000000,1521,0,1521,0,NaN,0.039811725709,NaN,NaN,0.021007572072,NaN
1,59,1485.000000000000,0.000000000000,1485,0,1485,0,NaN,0.040403399719,NaN,NaN,0.021592888445,NaN
1,64,1466.000000000000,0.000000000000,1466,0,1466,0,NaN,0.040879849258,NaN,NaN,0.021674162046,NaN
1,62,1476.000000000000,0.000000000000,1476,0,1476,0,NaN,0.041343070963,NaN,NaN,0.021889348386,NaN
1,54,1452.000000000000,0.000000000000,1452,0,1452,0,NaN,0.042113868242,NaN,NaN,0.022029467592,NaN
1,64,1584.000000000000,0.000000000000,1584,0,1584,0,NaN,0.037959572128,NaN,NaN,0.020178950242,NaN
1,62,1522.000000000000,0.000000000000,1522,0,1522,0,NaN,0.039026077170,NaN,NaN,0.020963012787,NaN
1,64,1560.000000000000,0.000000000000,1560,0,1560,0,NaN,0.038598457969,NaN,NaN,0.020530784626,NaN
1,62,1458.000000000000,0.000000000000,1458,0,1458,0,NaN,0.041260759003,NaN,NaN,0.021916254588,NaN
1,41,1543.000000000000,0.000000000000,1543,0,1543,0,NaN,0.037955407694,NaN,NaN,0.020430110801,NaN
1,37,1528.000000000000,0.000000000000,1528,0,1528,0,NaN,0.040208702187,NaN,NaN,0.021284541318,NaN
1,56,1593.000000000000,0.000000000000,1593,0,1593,0,NaN,0.037079487190,NaN,NaN,0.020022894451,NaN
1,43,1576.000000000000,0.000000000000,1576,0,1576,0,NaN,0.037896059418,NaN,NaN,0.020309044200,NaN
1,46,1480.000000000000,0.000000000000,1480,0,1480,0,NaN,0.040730090074,NaN,NaN,0.021743842764,NaN
1,56,1463.000000000000,0.000000000000,1463,0,1463,0,NaN,0.040941258440,NaN,NaN,0.021610471924,NaN
1,0,117.000000000000,0.000000000000,117,0,117,0,NaN,0.037307862880,NaN,NaN,0.020722434154,NaN
STAT END
Server 0 handled 104367 requests.
SET HIST START
0
SET HIST END
GET HIST START
2013
   0 0
   1 0
   2 0
   3 0
   4 0
   5 0
   6 0
   7 0
   8 0
   9 0
   10 0
   11 1
   12 0
   13 0
   14 2
   15 0
   16 0
   17 1
   18 0
   19 0
   20 0
   21 0
   22 1
   23 0
   24 0
   25 0
   26 0
   27 1
   28 2
   29 0
   30 2
   31 0
   32 2
   33 1
   34 0
   35 0
   36 1
   37 0
   38 0
   39 2
   40 0
   41 1
   42 0
   43 2
   44 0
   45 1
   46 0
   47 2
   48 1
   49 2
   50 1
   51 1
   52 3
   53 1
   54 1
   55 1
   56 1
   57 1
   58 2
   59 0
   60 2
   61 1
   62 0
   63 1
   64 2
   65 1
   66 0
   67 0
   68 1
   69 1
   70 1
   71 0
   72 3
   73 0
   74 0
   75 0
   76 0
   77 3
   78 0
   79 0
   80 3
   81 0
   82 1
   83 0
   84 1
   85 2
   86 0
   87 0
   88 0
   89 0
   90 0
   91 0
   92 0
   93 0
   94 0
   95 2
   96 1
   97 1
   98 0
   99 0
   100 0
   101 0
   102 0
   103 0
   104 0
   105 0
   106 0
   107 0
   108 0
   109 0
   110 0
   111 1
   112 1
   113 1
   114 1
   115 0
   116 2
   117 0
   118 0
   119 1
   120 1
   121 2
   122 0
   123 2
   124 1
   125 2
   126 1
   127 3
   128 2
   129 0
   130 1
   131 0
   132 1
   133 1
   134 0
   135 1
   136 0
   137 0
   138 1
   139 0
   140 0
   141 0
   142 1
   143 0
   144 0
   145 0
   146 1
   147 2
   148 0
   149 1
   150 1
   151 0
   152 1
   153 1
   154 0
   155 0
   156 0
   157 2
   158 0
   159 1
   160 1
   161 2
   162 0
   163 1
   164 1
   165 3
   166 1
   167 0
   168 3
   169 3
   170 2
   171 1
   172 1
   173 3
   174 3
   175 1
   176 1
   177 1
   178 1
   179 0
   180 2
   181 0
   182 2
   183 1
   184 1
   185 0
   186 2
   187 0
   188 0
   189 0
   190 1
   191 0
   192 1
   193 0
   194 1
   195 1
   196 1
   197 1
   198 0
   199 1
   200 0
   201 0
   202 0
   203 0
   204 1
   205 2
   206 1
   207 0
   208 1
   209 0
   210 1
   211 1
   212 0
   213 1
   214 0
   215 0
   216 2
   217 3
   218 4
   219 3
   220 2
   221 2
   222 0
   223 3
   224 3
   225 3
   226 3
   227 3
   228 5
   229 5
   230 3
   231 2
   232 3
   233 5
   234 1
   235 1
   236 2
   237 0
   238 2
   239 2
   240 4
   241 3
   242 0
   243 3
   244 1
   245 4
   246 2
   247 2
   248 4
   249 2
   250 1
   251 0
   252 2
   253 2
   254 4
   255 4
   256 4
   257 2
   258 2
   259 4
   260 3
   261 8
   262 2
   263 3
   264 2
   265 0
   266 4
   267 3
   268 6
   269 8
   270 9
   271 7
   272 5
   273 3
   274 11
   275 7
   276 11
   277 10
   278 7
   279 8
   280 10
   281 6
   282 6
   283 4
   284 13
   285 10
   286 15
   287 8
   288 7
   289 12
   290 17
   291 18
   292 16
   293 10
   294 16
   295 24
   296 27
   297 15
   298 19
   299 21
   300 17
   301 17
   302 11
   303 8
   304 18
   305 10
   306 18
   307 10
   308 10
   309 9
   310 16
   311 16
   312 13
   313 9
   314 7
   315 12
   316 9
   317 8
   318 6
   319 8
   320 14
   321 6
   322 7
   323 4
   324 10
   325 4
   326 3
   327 11
   328 4
   329 12
   330 17
   331 10
   332 12
   333 9
   334 7
   335 9
   336 8
   337 9
   338 6
   339 9
   340 4
   341 6
   342 11
   343 9
   344 6
   345 21
   346 24
   347 8
   348 13
   349 19
   350 9
   351 19
   352 11
   353 10
   354 6
   355 6
   356 7
   357 12
   358 14
   359 18
   360 18
   361 15
   362 13
   363 11
   364 11
   365 6
   366 3
   367 15
   368 7
   369 13
   370 11
   371 14
   372 6
   373 4
   374 11
   375 21
   376 13
   377 16
   378 17
   379 14
   380 15
   381 20
   382 15
   383 23
   384 25
   385 24
   386 27
   387 28
   388 40
   389 33
   390 37
   391 31
   392 51
   393 51
   394 51
   395 63
   396 66
   397 85
   398 75
   399 91
   400 114
   401 121
   402 133
   403 137
   404 150
   405 177
   406 176
   407 186
   408 192
   409 177
   410 205
   411 189
   412 223
   413 220
   414 257
   415 214
   416 226
   417 203
   418 209
   419 200
   420 200
   421 216
   422 190
   423 211
   424 193
   425 212
   426 189
   427 159
   428 181
   429 191
   430 158
   431 165
   432 171
   433 156
   434 178
   435 184
   436 208
   437 216
   438 222
   439 212
   440 237
   441 238
   442 275
   443 254
   444 271
   445 289
   446 334
   447 312
   448 330
   449 399
   450 418
   451 436
   452 447
   453 423
   454 429
   455 419
   456 370
   457 347
   458 315
   459 279
   460 257
   461 218
   462 209
   463 205
   464 173
   465 174
   466 186
   467 178
   468 164
   469 193
   470 197
   471 170
   472 190
   473 209
   474 193
   475 203
   476 227
   477 190
   478 195
   479 189
   480 195
   481 192
   482 218
   483 199
   484 201
   485 179
   486 185
   487 165
   488 182
   489 151
   490 164
   491 152
   492 151
   493 149
   494 110
   495 128
   496 101
   497 108
   498 105
   499 93
   500 114
   501 96
   502 104
   503 78
   504 87
   505 92
   506 85
   507 78
   508 62
   509 82
   510 73
   511 106
   512 73
   513 69
   514 80
   515 72
   516 62
   517 61
   518 58
   519 47
   520 56
   521 57
   522 38
   523 32
   524 47
   525 63
   526 48
   527 36
   528 62
   529 40
   530 50
   531 57
   532 79
   533 67
   534 63
   535 67
   536 72
   537 62
   538 73
   539 93
   540 96
   541 104
   542 91
   543 99
   544 106
   545 97
   546 115
   547 123
   548 140
   549 139
   550 172
   551 176
   552 189
   553 215
   554 277
   555 270
   556 306
   557 346
   558 357
   559 394
   560 371
   561 404
   562 377
   563 430
   564 432
   565 450
   566 466
   567 492
   568 438
   569 469
   570 491
   571 487
   572 493
   573 472
   574 517
   575 581
   576 522
   577 559
   578 587
   579 553
   580 529
   581 540
   582 547
   583 548
   584 563
   585 566
   586 570
   587 581
   588 578
   589 656
   590 601
   591 659
   592 649
   593 642
   594 714
   595 683
   596 722
   597 761
   598 762
   599 866
   600 839
   601 898
   602 870
   603 982
   604 1035
   605 1045
   606 1093
   607 994
   608 1046
   609 1000
   610 901
   611 886
   612 786
   613 626
   614 557
   615 514
   616 404
   617 437
   618 366
   619 351
   620 364
   621 297
   622 337
   623 286
   624 310
   625 291
   626 288
   627 278
   628 274
   629 277
   630 279
   631 258
   632 235
   633 266
   634 272
   635 246
   636 249
   637 255
   638 255
   639 223
   640 249
   641 233
   642 223
   643 225
   644 229
   645 262
   646 240
   647 242
   648 233
   649 220
   650 228
   651 233
   652 249
   653 228
   654 229
   655 208
   656 190
   657 190
   658 195
   659 214
   660 194
   661 143
   662 166
   663 151
   664 148
   665 147
   666 131
   667 123
   668 117
   669 102
   670 101
   671 99
   672 78
   673 73
   674 88
   675 61
   676 54
   677 63
   678 49
   679 49
   680 62
   681 49
   682 39
   683 36
   684 30
   685 40
   686 48
   687 28
   688 43
   689 48
   690 54
   691 54
   692 50
   693 45
   694 50
   695 49
   696 46
   697 54
   698 53
   699 65
   700 55
   701 64
   702 75
   703 92
   704 79
   705 85
   706 91
   707 113
   708 96
   709 102
   710 128
   711 116
   712 141
   713 149
   714 127
   715 140
   716 135
   717 159
   718 149
   719 145
   720 129
   721 150
   722 162
   723 138
   724 144
   725 142
   726 149
   727 133
   728 134
   729 145
   730 158
   731 139
   732 162
   733 128
   734 144
   735 156
   736 142
   737 151
   738 159
   739 165
   740 170
   741 177
   742 182
   743 191
   744 178
   745 188
   746 190
   747 203
   748 190
   749 180
   750 186
   751 200
   752 197
   753 242
   754 243
   755 271
   756 324
   757 312
   758 308
   759 322
   760 311
   761 299
   762 349
   763 363
   764 338
   765 313
   766 299
   767 309
   768 232
   769 207
   770 188
   771 152
   772 163
   773 167
   774 132
   775 144
   776 150
   777 143
   778 153
   779 118
   780 147
   781 153
   782 114
   783 112
   784 127
   785 119
   786 116
   787 102
   788 122
   789 110
   790 112
   791 93
   792 96
   793 87
   794 92
   795 94
   796 91
   797 85
   798 80
   799 75
   800 93
   801 88
   802 84
   803 77
   804 78
   805 68
   806 65
   807 71
   808 62
   809 68
   810 50
   811 58
   812 66
   813 53
   814 56
   815 36
   816 37
   817 48
   818 44
   819 30
   820 39
   821 34
   822 30
   823 23
   824 28
   825 26
   826 29
   827 22
   828 16
   829 14
   830 12
   831 28
   832 18
   833 19
   834 19
   835 23
   836 14
   837 15
   838 13
   839 12
   840 14
   841 8
   842 7
   843 11
   844 14
   845 12
   846 11
   847 6
   848 8
   849 10
   850 13
   851 16
   852 8
   853 10
   854 13
   855 13
   856 16
   857 19
   858 20
   859 15
   860 29
   861 18
   862 30
   863 24
   864 24
   865 20
   866 32
   867 34
   868 34
   869 37
   870 38
   871 43
   872 38
   873 39
   874 40
   875 32
   876 43
   877 22
   878 35
   879 34
   880 28
   881 35
   882 32
   883 24
   884 26
   885 42
   886 23
   887 30
   888 40
   889 35
   890 32
   891 37
   892 50
   893 48
   894 42
   895 46
   896 42
   897 49
   898 42
   899 38
   900 47
   901 46
   902 57
   903 47
   904 53
   905 44
   906 45
   907 51
   908 53
   909 56
   910 63
   911 65
   912 58
   913 59
   914 66
   915 51
   916 85
   917 55
   918 78
   919 83
   920 68
   921 57
   922 56
   923 56
   924 53
   925 39
   926 38
   927 29
   928 19
   929 38
   930 29
   931 23
   932 30
   933 22
   934 28
   935 29
   936 24
   937 26
   938 20
   939 32
   940 18
   941 32
   942 33
   943 22
   944 24
   945 35
   946 25
   947 35
   948 16
   949 15
   950 23
   951 21
   952 16
   953 19
   954 20
   955 21
   956 23
   957 18
   958 16
   959 16
   960 18
   961 22
   962 17
   963 22
   964 29
   965 16
   966 19
   967 12
   968 17
   969 17
   970 15
   971 18
   972 13
   973 15
   974 15
   975 5
   976 6
   977 6
   978 16
   979 6
   980 9
   981 8
   982 4
   983 10
   984 3
   985 4
   986 8
   987 6
   988 4
   989 2
   990 0
   991 1
   992 2
   993 5
   994 4
   995 4
   996 0
   997 5
   998 2
   999 1
   1000 2
   1001 2
   1002 0
   1003 2
   1004 4
   1005 2
   1006 1
   1007 1
   1008 5
   1009 2
   1010 4
   1011 4
   1012 3
   1013 3
   1014 5
   1015 6
   1016 5
   1017 5
   1018 4
   1019 9
   1020 11
   1021 6
   1022 4
   1023 10
   1024 6
   1025 3
   1026 6
   1027 6
   1028 10
   1029 14
   1030 8
   1031 7
   1032 7
   1033 6
   1034 7
   1035 15
   1036 10
   1037 13
   1038 7
   1039 9
   1040 8
   1041 7
   1042 9
   1043 10
   1044 3
   1045 11
   1046 9
   1047 8
   1048 10
   1049 16
   1050 6
   1051 5
   1052 9
   1053 14
   1054 7
   1055 7
   1056 11
   1057 7
   1058 9
   1059 11
   1060 8
   1061 9
   1062 17
   1063 11
   1064 19
   1065 14
   1066 15
   1067 15
   1068 16
   1069 12
   1070 16
   1071 21
   1072 18
   1073 16
   1074 26
   1075 23
   1076 14
   1077 18
   1078 12
   1079 14
   1080 14
   1081 13
   1082 7
   1083 8
   1084 11
   1085 9
   1086 3
   1087 5
   1088 8
   1089 6
   1090 9
   1091 2
   1092 5
   1093 6
   1094 11
   1095 15
   1096 8
   1097 7
   1098 10
   1099 9
   1100 3
   1101 8
   1102 9
   1103 4
   1104 8
   1105 5
   1106 8
   1107 5
   1108 4
   1109 5
   1110 7
   1111 6
   1112 8
   1113 4
   1114 8
   1115 4
   1116 3
   1117 4
   1118 6
   1119 5
   1120 6
   1121 4
   1122 12
   1123 8
   1124 3
   1125 15
   1126 4
   1127 3
   1128 3
   1129 5
   1130 3
   1131 5
   1132 3
   1133 2
   1134 6
   1135 3
   1136 5
   1137 4
   1138 2
   1139 1
   1140 0
   1141 1
   1142 0
   1143 0
   1144 1
   1145 1
   1146 1
   1147 1
   1148 1
   1149 2
   1150 3
   1151 1
   1152 1
   1153 2
   1154 1
   1155 1
   1156 0
   1157 3
   1158 2
   1159 0
   1160 1
   1161 1
   1162 0
   1163 2
   1164 3
   1165 0
   1166 4
   1167 1
   1168 1
   1169 0
   1170 1
   1171 0
   1172 3
   1173 0
   1174 2
   1175 3
   1176 3
   1177 2
   1178 2
   1179 3
   1180 2
   1181 4
   1182 1
   1183 0
   1184 0
   1185 2
   1186 1
   1187 0
   1188 3
   1189 2
   1190 2
   1191 0
   1192 1
   1193 1
   1194 3
   1195 3
   1196 4
   1197 2
   1198 5
   1199 5
   1200 1
   1201 4
   1202 10
   1203 5
   1204 5
   1205 3
   1206 5
   1207 4
   1208 5
   1209 2
   1210 5
   1211 4
   1212 4
   1213 1
   1214 2
   1215 4
   1216 3
   1217 7
   1218 3
   1219 2
   1220 5
   1221 3
   1222 7
   1223 3
   1224 2
   1225 8
   1226 12
   1227 10
   1228 5
   1229 5
   1230 5
   1231 14
   1232 13
   1233 6
   1234 8
   1235 4
   1236 3
   1237 3
   1238 3
   1239 3
   1240 4
   1241 2
   1242 6
   1243 2
   1244 2
   1245 2
   1246 2
   1247 1
   1248 1
   1249 6
   1250 2
   1251 2
   1252 5
   1253 4
   1254 4
   1255 3
   1256 1
   1257 2
   1258 4
   1259 5
   1260 3
   1261 1
   1262 0
   1263 2
   1264 2
   1265 5
   1266 2
   1267 1
   1268 1
   1269 0
   1270 2
   1271 2
   1272 1
   1273 2
   1274 0
   1275 4
   1276 3
   1277 2
   1278 1
   1279 4
   1280 2
   1281 1
   1282 1
   1283 2
   1284 0
   1285 0
   1286 0
   1287 2
   1288 0
   1289 1
   1290 0
   1291 2
   1292 0
   1293 0
   1294 0
   1295 0
   1296 1
   1297 0
   1298 0
   1299 0
   1300 0
   1301 0
   1302 0
   1303 0
   1304 0
   1305 0
   1306 0
   1307 0
   1308 0
   1309 0
   1310 0
   1311 0
   1312 0
   1313 1
   1314 1
   1315 0
   1316 0
   1317 0
   1318 1
   1319 0
   1320 1
   1321 0
   1322 0
   1323 0
   1324 0
   1325 1
   1326 2
   1327 0
   1328 0
   1329 1
   1330 0
   1331 1
   1332 0
   1333 0
   1334 0
   1335 0
   1336 0
   1337 0
   1338 0
   1339 1
   1340 2
   1341 1
   1342 1
   1343 4
   1344 2
   1345 2
   1346 2
   1347 1
   1348 2
   1349 4
   1350 0
   1351 1
   1352 0
   1353 0
   1354 1
   1355 4
   1356 1
   1357 2
   1358 3
   1359 3
   1360 2
   1361 2
   1362 1
   1363 1
   1364 0
   1365 1
   1366 2
   1367 1
   1368 2
   1369 1
   1370 1
   1371 0
   1372 1
   1373 1
   1374 2
   1375 1
   1376 1
   1377 2
   1378 2
   1379 2
   1380 3
   1381 2
   1382 1
   1383 3
   1384 3
   1385 1
   1386 1
   1387 2
   1388 1
   1389 3
   1390 1
   1391 2
   1392 1
   1393 4
   1394 5
   1395 2
   1396 2
   1397 1
   1398 0
   1399 1
   1400 1
   1401 0
   1402 1
   1403 1
   1404 1
   1405 0
   1406 0
   1407 0
   1408 1
   1409 2
   1410 0
   1411 0
   1412 0
   1413 1
   1414 0
   1415 0
   1416 1
   1417 0
   1418 3
   1419 0
   1420 1
   1421 1
   1422 0
   1423 0
   1424 1
   1425 0
   1426 1
   1427 0
   1428 1
   1429 0
   1430 0
   1431 0
   1432 1
   1433 0
   1434 0
   1435 0
   1436 0
   1437 0
   1438 0
   1439 1
   1440 0
   1441 0
   1442 1
   1443 0
   1444 0
   1445 0
   1446 2
   1447 1
   1448 0
   1449 1
   1450 2
   1451 0
   1452 0
   1453 0
   1454 0
   1455 0
   1456 0
   1457 0
   1458 0
   1459 0
   1460 1
   1461 0
   1462 0
   1463 0
   1464 0
   1465 0
   1466 1
   1467 1
   1468 2
   1469 1
   1470 0
   1471 0
   1472 0
   1473 0
   1474 1
   1475 0
   1476 1
   1477 0
   1478 0
   1479 0
   1480 0
   1481 0
   1482 0
   1483 0
   1484 0
   1485 2
   1486 0
   1487 0
   1488 1
   1489 0
   1490 0
   1491 2
   1492 2
   1493 1
   1494 1
   1495 2
   1496 1
   1497 2
   1498 0
   1499 0
   1500 0
   1501 1
   1502 0
   1503 0
   1504 1
   1505 1
   1506 1
   1507 1
   1508 0
   1509 0
   1510 0
   1511 1
   1512 0
   1513 1
   1514 0
   1515 0
   1516 0
   1517 0
   1518 0
   1519 1
   1520 2
   1521 1
   1522 0
   1523 0
   1524 0
   1525 3
   1526 0
   1527 5
   1528 2
   1529 3
   1530 0
   1531 0
   1532 1
   1533 1
   1534 1
   1535 0
   1536 2
   1537 0
   1538 1
   1539 1
   1540 0
   1541 1
   1542 1
   1543 1
   1544 3
   1545 0
   1546 0
   1547 0
   1548 1
   1549 0
   1550 0
   1551 0
   1552 0
   1553 0
   1554 0
   1555 0
   1556 0
   1557 0
   1558 0
   1559 0
   1560 0
   1561 0
   1562 1
   1563 0
   1564 2
   1565 0
   1566 0
   1567 1
   1568 1
   1569 0
   1570 0
   1571 0
   1572 0
   1573 0
   1574 1
   1575 1
   1576 0
   1577 0
   1578 0
   1579 0
   1580 0
   1581 0
   1582 0
   1583 0
   1584 0
   1585 0
   1586 0
   1587 0
   1588 0
   1589 0
   1590 0
   1591 0
   1592 0
   1593 0
   1594 0
   1595 0
   1596 0
   1597 0
   1598 0
   1599 1
   1600 0
   1601 0
   1602 0
   1603 0
   1604 0
   1605 0
   1606 0
   1607 0
   1608 0
   1609 0
   1610 0
   1611 0
   1612 0
   1613 0
   1614 0
   1615 0
   1616 0
   1617 0
   1618 0
   1619 0
   1620 0
   1621 0
   1622 0
   1623 0
   1624 0
   1625 0
   1626 0
   1627 0
   1628 0
   1629 0
   1630 0
   1631 0
   1632 0
   1633 0
   1634 0
   1635 0
   1636 3
   1637 1
   1638 0
   1639 0
   1640 0
   1641 1
   1642 1
   1643 0
   1644 0
   1645 0
   1646 0
   1647 0
   1648 0
   1649 0
   1650 0
   1651 0
   1652 0
   1653 0
   1654 0
   1655 0
   1656 0
   1657 0
   1658 0
   1659 0
   1660 0
   1661 0
   1662 0
   1663 0
   1664 0
   1665 0
   1666 0
   1667 0
   1668 0
   1669 0
   1670 0
   1671 1
   1672 0
   1673 0
   1674 0
   1675 0
   1676 0
   1677 0
   1678 0
   1679 0
   1680 0
   1681 0
   1682 0
   1683 0
   1684 0
   1685 0
   1686 0
   1687 0
   1688 0
   1689 0
   1690 0
   1691 2
   1692 3
   1693 0
   1694 1
   1695 0
   1696 0
   1697 0
   1698 2
   1699 2
   1700 1
   1701 0
   1702 0
   1703 2
   1704 1
   1705 0
   1706 0
   1707 1
   1708 1
   1709 0
   1710 1
   1711 1
   1712 2
   1713 0
   1714 1
   1715 0
   1716 0
   1717 0
   1718 0
   1719 0
   1720 0
   1721 0
   1722 1
   1723 0
   1724 0
   1725 1
   1726 0
   1727 0
   1728 0
   1729 0
   1730 0
   1731 0
   1732 0
   1733 0
   1734 0
   1735 0
   1736 0
   1737 0
   1738 0
   1739 0
   1740 0
   1741 0
   1742 0
   1743 0
   1744 0
   1745 0
   1746 0
   1747 1
   1748 0
   1749 0
   1750 0
   1751 0
   1752 0
   1753 1
   1754 0
   1755 0
   1756 0
   1757 0
   1758 0
   1759 0
   1760 0
   1761 0
   1762 0
   1763 0
   1764 0
   1765 0
   1766 0
   1767 0
   1768 0
   1769 0
   1770 0
   1771 0
   1772 0
   1773 0
   1774 0
   1775 0
   1776 0
   1777 0
   1778 0
   1779 0
   1780 0
   1781 0
   1782 0
   1783 0
   1784 0
   1785 0
   1786 0
   1787 0
   1788 0
   1789 0
   1790 0
   1791 0
   1792 0
   1793 0
   1794 0
   1795 0
   1796 0
   1797 0
   1798 0
   1799 0
   1800 0
   1801 0
   1802 0
   1803 0
   1804 0
   1805 0
   1806 0
   1807 0
   1808 0
   1809 0
   1810 0
   1811 0
   1812 0
   1813 0
   1814 0
   1815 0
   1816 0
   1817 0
   1818 0
   1819 0
   1820 0
   1821 0
   1822 0
   1823 0
   1824 0
   1825 0
   1826 0
   1827 0
   1828 0
   1829 0
   1830 0
   1831 0
   1832 0
   1833 0
   1834 0
   1835 0
   1836 0
   1837 0
   1838 0
   1839 0
   1840 0
   1841 0
   1842 0
   1843 0
   1844 0
   1845 0
   1846 0
   1847 0
   1848 0
   1849 0
   1850 0
   1851 0
   1852 0
   1853 0
   1854 0
   1855 0
   1856 0
   1857 0
   1858 0
   1859 0
   1860 0
   1861 1
   1862 0
   1863 0
   1864 0
   1865 0
   1866 0
   1867 0
   1868 0
   1869 0
   1870 0
   1871 0
   1872 0
   1873 1
   1874 0
   1875 0
   1876 0
   1877 1
   1878 0
   1879 0
   1880 1
   1881 0
   1882 0
   1883 1
   1884 1
   1885 0
   1886 0
   1887 3
   1888 0
   1889 0
   1890 1
   1891 0
   1892 1
   1893 0
   1894 0
   1895 0
   1896 0
   1897 0
   1898 0
   1899 0
   1900 2
   1901 0
   1902 0
   1903 1
   1904 0
   1905 0
   1906 0
   1907 0
   1908 0
   1909 0
   1910 0
   1911 0
   1912 0
   1913 0
   1914 0
   1915 0
   1916 2
   1917 1
   1918 1
   1919 0
   1920 0
   1921 0
   1922 0
   1923 0
   1924 0
   1925 0
   1926 0
   1927 0
   1928 0
   1929 0
   1930 0
   1931 0
   1932 0
   1933 0
   1934 0
   1935 0
   1936 0
   1937 0
   1938 0
   1939 0
   1940 1
   1941 1
   1942 0
   1943 1
   1944 1
   1945 0
   1946 0
   1947 0
   1948 0
   1949 0
   1950 0
   1951 0
   1952 0
   1953 0
   1954 0
   1955 0
   1956 0
   1957 0
   1958 0
   1959 0
   1960 0
   1961 0
   1962 0
   1963 0
   1964 0
   1965 0
   1966 0
   1967 0
   1968 0
   1969 0
   1970 0
   1971 0
   1972 0
   1973 0
   1974 0
   1975 0
   1976 0
   1977 0
   1978 0
   1979 0
   1980 0
   1981 0
   1982 0
   1983 0
   1984 0
   1985 0
   1986 0
   1987 0
   1988 0
   1989 0
   1990 0
   1991 0
   1992 0
   1993 0
   1994 0
   1995 0
   1996 0
   1997 0
   1998 0
   1999 0
   2000 0
   2001 0
   2002 1
   2003 0
   2004 0
   2005 0
   2006 0
   2007 0
   2008 0
   2009 1
   2010 1
   2011 0
   2012 1
GET HIST END
MGET HIST START
0
MGET HIST END
