STAT START
secs,qlen,thru,msrt,items,nset,nget,nmget,sqt,gqt,mqt,swt,gwt,mwt
1,60,2907.000000000000,NaN,0,2907,0,0,0.018236510161,NaN,NaN,0.010609974731,NaN,NaN
1,62,3416.000000000000,NaN,0,3416,0,0,0.016470414285,NaN,NaN,0.009366056569,NaN,NaN
1,64,3339.000000000000,NaN,0,3339,0,0,0.017197407937,NaN,NaN,0.009557428578,NaN,NaN
1,44,3379.000000000000,NaN,0,3379,0,0,0.016883369693,NaN,NaN,0.009501652330,NaN,NaN
1,64,3431.000000000000,NaN,0,3431,0,0,0.016564946813,NaN,NaN,0.009291335894,NaN,NaN
1,63,3575.000000000000,NaN,0,3575,0,0,0.015966697717,NaN,NaN,0.008961007083,NaN,NaN
1,32,3503.000000000000,NaN,0,3503,0,0,0.016350844864,NaN,NaN,0.009130236302,NaN,NaN
1,53,3345.000000000000,NaN,0,3345,0,0,0.017015027860,NaN,NaN,0.009533419475,NaN,NaN
1,64,3477.000000000000,NaN,0,3477,0,0,0.016314943047,NaN,NaN,0.009185795266,NaN,NaN
1,60,3604.000000000000,NaN,0,3604,0,0,0.015602207005,NaN,NaN,0.008915293403,NaN,NaN
1,46,3282.000000000000,NaN,0,3282,0,0,0.017388470984,NaN,NaN,0.009772275757,NaN,NaN
1,57,3359.000000000000,NaN,0,3359,0,0,0.016973932012,NaN,NaN,0.009512779558,NaN,NaN
1,46,3459.000000000000,NaN,0,3459,0,0,0.016257419141,NaN,NaN,0.009181898334,NaN,NaN
1,16,3751.000000000000,NaN,0,3751,0,0,0.015064700561,NaN,NaN,0.008575531555,NaN,NaN
1,56,3637.000000000000,NaN,0,3637,0,0,0.015480796222,NaN,NaN,0.008778283191,NaN,NaN
1,62,3632.000000000000,NaN,0,3632,0,0,0.015586167043,NaN,NaN,0.008797596376,NaN,NaN
1,37,3533.000000000000,NaN,0,3533,0,0,0.016197456109,NaN,NaN,0.009080335954,NaN,NaN
1,53,3696.000000000000,NaN,0,3696,0,0,0.015107232862,NaN,NaN,0.008604981583,NaN,NaN
1,55,3553.000000000000,NaN,0,3553,0,0,0.015528955903,NaN,NaN,0.009009816531,NaN,NaN
1,59,3411.000000000000,NaN,0,3411,0,0,0.016951316819,NaN,NaN,0.009408457709,NaN,NaN
1,64,3450.000000000000,NaN,0,3450,0,0,0.016575648820,NaN,NaN,0.009299247852,NaN,NaN
1,61,3713.000000000000,NaN,0,3713,0,0,0.015305256754,NaN,NaN,0.008610412567,NaN,NaN
1,42,3381.000000000000,NaN,0,3381,0,0,0.016673679926,NaN,NaN,0.009420253012,NaN,NaN
1,59,3498.000000000000,NaN,0,3498,0,0,0.016117586492,NaN,NaN,0.009174413079,NaN,NaN
1,64,3459.000000000000,NaN,0,3459,0,0,0.016426655013,NaN,NaN,0.009255740833,NaN,NaN
1,63,3564.000000000000,NaN,0,3564,0,0,0.016157041600,NaN,NaN,0.008944891159,NaN,NaN
1,64,3410.000000000000,NaN,0,3410,0,0,0.016732626101,NaN,NaN,0.009405694042,NaN,NaN
1,55,3525.000000000000,NaN,0,3525,0,0,0.016268810969,NaN,NaN,0.009058092297,NaN,NaN
1,64,3492.000000000000,NaN,0,3492,0,0,0.016245262180,NaN,NaN,0.009186325755,NaN,NaN
1,60,3394.000000000000,NaN,0,3394,0,0,0.016888796275,NaN,NaN,0.009369292800,NaN,NaN
1,47,3690.000000000000,NaN,0,3690,0,0,0.015169055978,NaN,NaN,0.008674380498,NaN,NaN
1,64,3580.000000000000,NaN,0,3580,0,0,0.015982949638,NaN,NaN,0.008980711888,NaN,NaN
1,60,3762.000000000000,NaN,0,3762,0,0,0.014895879710,NaN,NaN,0.008487946753,NaN,NaN
1,52,3461.000000000000,NaN,0,3461,0,0,0.016163263151,NaN,NaN,0.009237474930,NaN,NaN
1,51,3436.000000000000,NaN,0,3436,0,0,0.016818767611,NaN,NaN,0.009281398680,NaN,NaN
1,50,3599.000000000000,NaN,0,3599,0,0,0.015729683344,NaN,NaN,0.008896193303,NaN,NaN
1,64,3530.000000000000,NaN,0,3530,0,0,0.015875286991,NaN,NaN,0.009081579493,NaN,NaN
1,41,3552.000000000000,NaN,0,3552,0,0,0.015832572187,NaN,NaN,0.009013767519,NaN,NaN
1,48,3445.000000000000,NaN,0,3445,0,0,0.016427300829,NaN,NaN,0.009239317525,NaN,NaN
1,44,3632.000000000000,NaN,0,3632,0,0,0.015346216657,NaN,NaN,0.008811681119,NaN,NaN
1,64,3507.000000000000,NaN,0,3507,0,0,0.016275029374,NaN,NaN,0.009063003402,NaN,NaN
1,64,3462.000000000000,NaN,0,3462,0,0,0.016788469315,NaN,NaN,0.009294504020,NaN,NaN
1,25,3613.000000000000,NaN,0,3613,0,0,0.015667186788,NaN,NaN,0.008888740254,NaN,NaN
1,64,3453.000000000000,NaN,0,3453,0,0,0.016365375319,NaN,NaN,0.009234615713,NaN,NaN
1,62,3385.000000000000,NaN,0,3385,0,0,0.016937836251,NaN,NaN,0.009442490065,NaN,NaN
1,64,3516.000000000000,NaN,0,3516,0,0,0.016140723373,NaN,NaN,0.009070245244,NaN,NaN
1,62,3671.000000000000,NaN,0,3671,0,0,0.015327312479,NaN,NaN,0.008735768431,NaN,NaN
1,64,3415.000000000000,NaN,0,3415,0,0,0.016647294411,NaN,NaN,0.009369889440,NaN,NaN
1,53,3709.000000000000,NaN,0,3709,0,0,0.015342049964,NaN,NaN,0.008593377088,NaN,NaN
1,64,3435.000000000000,NaN,0,3435,0,0,0.016683907584,NaN,NaN,0.009326182036,NaN,NaN
1,64,3330.000000000000,NaN,0,3330,0,0,0.017377580939,NaN,NaN,0.009602831903,NaN,NaN
1,58,3634.000000000000,NaN,0,3634,0,0,0.015301366305,NaN,NaN,0.008804454654,NaN,NaN
1,75,3777.000000000000,NaN,0,3777,0,0,0.015106424625,NaN,NaN,0.008524824308,NaN,NaN
1,64,3805.000000000000,NaN,0,3805,0,0,0.014636999879,NaN,NaN,0.008327990427,NaN,NaN
1,62,3575.000000000000,NaN,0,3575,0,0,0.015861984391,NaN,NaN,0.008919680737,NaN,NaN
1,63,3505.000000000000,NaN,0,3505,0,0,0.015911627059,NaN,NaN,0.009134295748,NaN,NaN
1,64,3465.000000000000,NaN,0,3465,0,0,0.016729588512,NaN,NaN,0.009270930428,NaN,NaN
1,64,3615.000000000000,NaN,0,3615,0,0,0.015755964415,NaN,NaN,0.008784405103,NaN,NaN
1,59,3533.000000000000,NaN,0,3533,0,0,0.015941726890,NaN,NaN,0.009133306895,NaN,NaN
1,60,3527.000000000000,NaN,0,3527,0,0,0.015389967453,NaN,NaN,0.009033121652,NaN,NaN
1,64,3504.000000000000,NaN,0,3504,0,0,0.016354414160,NaN,NaN,0.009120223840,NaN,NaN
1,50,3479.000000000000,NaN,0,3479,0,0,0.016743464145,NaN,NaN,0.009236072983,NaN,NaN
1,54,3403.000000000000,NaN,0,3403,0,0,0.016670965852,NaN,NaN,0.009389413532,NaN,NaN
1,62,3487.000000000000,NaN,0,3487,0,0,0.016203344660,NaN,NaN,0.009140446139,NaN,NaN
1,61,3589.000000000000,NaN,0,3589,0,0,0.016308891827,NaN,NaN,0.008936621213,NaN,NaN
1,64,3507.000000000000,NaN,0,3507,0,0,0.015971605435,NaN,NaN,0.009080750154,NaN,NaN
1,47,3515.000000000000,NaN,0,3515,0,0,0.016067786783,NaN,NaN,0.009152804239,NaN,NaN
1,64,3487.000000000000,NaN,0,3487,0,0,0.016036167249,NaN,NaN,0.009143007667,NaN,NaN
1,64,3456.000000000000,NaN,0,3456,0,0,0.016696345053,NaN,NaN,0.009281442631,NaN,NaN
1,0,3017.000000000000,NaN,0,3017,0,0,0.016894099422,NaN,NaN,0.009486188769,NaN,NaN
STAT END
Server 0 handled 243743 requests.
SET HIST START
1238
   0 0
   1 0
   2 0
   3 0
   4 0
   5 0
   6 0
   7 0
   8 0
   9 0
   10 0
   11 0
   12 0
   13 0
   14 0
   15 0
   16 0
   17 0
   18 0
   19 0
   20 0
   21 0
   22 0
   23 0
   24 0
   25 0
   26 0
   27 0
   28 0
   29 0
   30 0
   31 0
   32 0
   33 1
   34 1
   35 1
   36 0
   37 0
   38 0
   39 0
   40 0
   41 1
   42 1
   43 0
   44 0
   45 0
   46 0
   47 1
   48 2
   49 2
   50 1
   51 0
   52 0
   53 1
   54 0
   55 7
   56 2
   57 0
   58 2
   59 8
   60 4
   61 3
   62 9
   63 14
   64 14
   65 11
   66 9
   67 7
   68 4
   69 5
   70 6
   71 6
   72 7
   73 6
   74 6
   75 9
   76 10
   77 9
   78 11
   79 7
   80 12
   81 11
   82 7
   83 15
   84 11
   85 11
   86 16
   87 9
   88 19
   89 25
   90 26
   91 18
   92 21
   93 37
   94 22
   95 29
   96 19
   97 28
   98 35
   99 38
   100 35
   101 34
   102 47
   103 28
   104 33
   105 34
   106 31
   107 32
   108 30
   109 44
   110 33
   111 45
   112 38
   113 44
   114 66
   115 42
   116 50
   117 62
   118 67
   119 60
   120 77
   121 88
   122 72
   123 91
   124 111
   125 106
   126 128
   127 136
   128 137
   129 132
   130 161
   131 178
   132 175
   133 158
   134 192
   135 195
   136 216
   137 200
   138 238
   139 217
   140 233
   141 250
   142 250
   143 281
   144 270
   145 250
   146 273
   147 270
   148 257
   149 287
   150 308
   151 282
   152 291
   153 276
   154 361
   155 375
   156 323
   157 340
   158 316
   159 351
   160 397
   161 419
   162 361
   163 400
   164 383
   165 420
   166 449
   167 449
   168 448
   169 439
   170 491
   171 535
   172 488
   173 517
   174 539
   175 566
   176 548
   177 598
   178 656
   179 671
   180 701
   181 716
   182 791
   183 789
   184 812
   185 842
   186 886
   187 961
   188 982
   189 1003
   190 1097
   191 1143
   192 1287
   193 1295
   194 1336
   195 1391
   196 1364
   197 1425
   198 1611
   199 1625
   200 1666
   201 1840
   202 1845
   203 1883
   204 2028
   205 2090
   206 2035
   207 2104
   208 2122
   209 2194
   210 2181
   211 2125
   212 2150
   213 2142
   214 2266
   215 2180
   216 2103
   217 2059
   218 2043
   219 1998
   220 1968
   221 1916
   222 2033
   223 1994
   224 1706
   225 1760
   226 1649
   227 1652
   228 1533
   229 1467
   230 1467
   231 1425
   232 1377
   233 1354
   234 1253
   235 1213
   236 1236
   237 1245
   238 1168
   239 1194
   240 1077
   241 1068
   242 1101
   243 1078
   244 1073
   245 1010
   246 1053
   247 961
   248 1037
   249 992
   250 969
   251 937
   252 995
   253 1058
   254 1023
   255 1070
   256 1028
   257 1123
   258 1166
   259 1179
   260 1250
   261 1280
   262 1289
   263 1288
   264 1275
   265 1416
   266 1418
   267 1458
   268 1548
   269 1565
   270 1613
   271 1718
   272 1650
   273 1739
   274 1714
   275 1825
   276 1821
   277 1811
   278 1797
   279 1825
   280 1805
   281 1848
   282 1841
   283 1889
   284 1728
   285 1811
   286 1793
   287 1758
   288 1678
   289 1644
   290 1611
   291 1588
   292 1597
   293 1477
   294 1438
   295 1367
   296 1344
   297 1406
   298 1245
   299 1285
   300 1160
   301 1217
   302 1196
   303 1130
   304 1098
   305 1043
   306 1029
   307 1046
   308 1017
   309 997
   310 959
   311 876
   312 849
   313 911
   314 888
   315 887
   316 841
   317 798
   318 773
   319 774
   320 758
   321 699
   322 717
   323 650
   324 657
   325 641
   326 580
   327 562
   328 574
   329 576
   330 505
   331 521
   332 520
   333 471
   334 427
   335 425
   336 479
   337 428
   338 440
   339 405
   340 399
   341 403
   342 390
   343 380
   344 343
   345 367
   346 360
   347 365
   348 348
   349 362
   350 306
   351 322
   352 347
   353 309
   354 278
   355 294
   356 306
   357 278
   358 260
   359 270
   360 277
   361 254
   362 284
   363 254
   364 230
   365 215
   366 223
   367 235
   368 220
   369 174
   370 176
   371 199
   372 169
   373 155
   374 164
   375 141
   376 139
   377 143
   378 135
   379 123
   380 117
   381 130
   382 123
   383 112
   384 97
   385 100
   386 101
   387 84
   388 94
   389 102
   390 97
   391 83
   392 104
   393 70
   394 82
   395 110
   396 98
   397 91
   398 90
   399 81
   400 63
   401 75
   402 60
   403 82
   404 85
   405 50
   406 79
   407 63
   408 46
   409 74
   410 46
   411 62
   412 61
   413 56
   414 57
   415 72
   416 47
   417 66
   418 61
   419 55
   420 44
   421 45
   422 52
   423 48
   424 44
   425 34
   426 38
   427 38
   428 41
   429 43
   430 27
   431 43
   432 49
   433 35
   434 31
   435 37
   436 40
   437 26
   438 21
   439 36
   440 41
   441 32
   442 33
   443 29
   444 47
   445 39
   446 30
   447 37
   448 35
   449 31
   450 24
   451 27
   452 41
   453 43
   454 34
   455 28
   456 33
   457 32
   458 23
   459 27
   460 19
   461 28
   462 20
   463 25
   464 17
   465 19
   466 23
   467 23
   468 9
   469 17
   470 18
   471 14
   472 12
   473 11
   474 13
   475 8
   476 10
   477 10
   478 12
   479 12
   480 10
   481 12
   482 17
   483 8
   484 15
   485 8
   486 19
   487 18
   488 18
   489 8
   490 19
   491 17
   492 14
   493 14
   494 10
   495 17
   496 20
   497 10
   498 10
   499 8
   500 9
   501 10
   502 3
   503 6
   504 7
   505 8
   506 5
   507 4
   508 11
   509 5
   510 10
   511 9
   512 6
   513 4
   514 10
   515 6
   516 11
   517 5
   518 6
   519 7
   520 4
   521 16
   522 5
   523 6
   524 6
   525 9
   526 5
   527 2
   528 7
   529 10
   530 4
   531 6
   532 8
   533 4
   534 3
   535 3
   536 1
   537 5
   538 4
   539 6
   540 5
   541 5
   542 10
   543 5
   544 11
   545 2
   546 3
   547 3
   548 4
   549 7
   550 8
   551 8
   552 4
   553 2
   554 3
   555 2
   556 6
   557 0
   558 2
   559 7
   560 5
   561 0
   562 3
   563 3
   564 1
   565 3
   566 2
   567 2
   568 4
   569 2
   570 5
   571 3
   572 1
   573 5
   574 5
   575 7
   576 9
   577 4
   578 5
   579 7
   580 3
   581 3
   582 2
   583 7
   584 5
   585 0
   586 1
   587 2
   588 4
   589 1
   590 2
   591 0
   592 2
   593 3
   594 1
   595 4
   596 4
   597 4
   598 2
   599 4
   600 0
   601 3
   602 4
   603 2
   604 0
   605 3
   606 0
   607 0
   608 1
   609 1
   610 3
   611 0
   612 0
   613 0
   614 1
   615 0
   616 1
   617 1
   618 2
   619 1
   620 0
   621 0
   622 0
   623 0
   624 1
   625 0
   626 0
   627 1
   628 2
   629 1
   630 0
   631 2
   632 2
   633 1
   634 0
   635 0
   636 1
   637 0
   638 0
   639 1
   640 0
   641 0
   642 0
   643 1
   644 1
   645 1
   646 1
   647 1
   648 0
   649 2
   650 0
   651 2
   652 0
   653 0
   654 0
   655 2
   656 1
   657 2
   658 1
   659 0
   660 0
   661 0
   662 0
   663 0
   664 2
   665 1
   666 0
   667 0
   668 1
   669 0
   670 0
   671 1
   672 1
   673 0
   674 0
   675 3
   676 1
   677 1
   678 1
   679 1
   680 1
   681 1
   682 0
   683 0
   684 0
   685 0
   686 1
   687 0
   688 1
   689 0
   690 2
   691 0
   692 0
   693 0
   694 0
   695 0
   696 0
   697 0
   698 0
   699 0
   700 0
   701 0
   702 0
   703 1
   704 0
   705 0
   706 0
   707 0
   708 0
   709 0
   710 1
   711 0
   712 2
   713 1
   714 0
   715 0
   716 0
   717 0
   718 0
   719 0
   720 1
   721 0
   722 0
   723 0
   724 0
   725 0
   726 0
   727 0
   728 1
   729 0
   730 0
   731 0
   732 0
   733 1
   734 0
   735 1
   736 0
   737 0
   738 0
   739 0
   740 0
   741 1
   742 0
   743 0
   744 0
   745 0
   746 0
   747 0
   748 0
   749 0
   750 0
   751 0
   752 1
   753 1
   754 0
   755 1
   756 0
   757 0
   758 0
   759 0
   760 0
   761 0
   762 0
   763 0
   764 0
   765 0
   766 0
   767 1
   768 0
   769 0
   770 0
   771 0
   772 1
   773 0
   774 1
   775 0
   776 0
   777 0
   778 1
   779 1
   780 0
   781 0
   782 0
   783 0
   784 0
   785 0
   786 0
   787 0
   788 1
   789 0
   790 2
   791 0
   792 0
   793 0
   794 0
   795 1
   796 0
   797 0
   798 0
   799 1
   800 0
   801 1
   802 0
   803 0
   804 0
   805 0
   806 0
   807 0
   808 0
   809 1
   810 0
   811 1
   812 0
   813 0
   814 0
   815 0
   816 0
   817 4
   818 0
   819 0
   820 0
   821 0
   822 0
   823 0
   824 0
   825 0
   826 0
   827 0
   828 0
   829 0
   830 0
   831 0
   832 0
   833 0
   834 0
   835 0
   836 0
   837 0
   838 0
   839 1
   840 0
   841 0
   842 0
   843 0
   844 0
   845 1
   846 0
   847 0
   848 0
   849 1
   850 1
   851 0
   852 0
   853 0
   854 1
   855 0
   856 0
   857 0
   858 0
   859 0
   860 0
   861 0
   862 0
   863 0
   864 1
   865 1
   866 0
   867 0
   868 0
   869 0
   870 1
   871 0
   872 1
   873 0
   874 1
   875 0
   876 0
   877 0
   878 0
   879 0
   880 0
   881 0
   882 0
   883 0
   884 0
   885 0
   886 0
   887 0
   888 0
   889 0
   890 0
   891 0
   892 0
   893 0
   894 0
   895 0
   896 0
   897 0
   898 0
   899 1
   900 0
   901 0
   902 0
   903 0
   904 1
   905 0
   906 0
   907 0
   908 0
   909 0
   910 0
   911 0
   912 0
   913 0
   914 0
   915 0
   916 0
   917 0
   918 0
   919 0
   920 0
   921 0
   922 0
   923 1
   924 0
   925 0
   926 0
   927 0
   928 0
   929 0
   930 0
   931 0
   932 0
   933 0
   934 0
   935 0
   936 0
   937 0
   938 0
   939 0
   940 0
   941 0
   942 0
   943 0
   944 0
   945 0
   946 0
   947 0
   948 2
   949 0
   950 0
   951 0
   952 0
   953 0
   954 0
   955 0
   956 0
   957 0
   958 0
   959 0
   960 0
   961 0
   962 0
   963 0
   964 0
   965 0
   966 0
   967 0
   968 0
   969 0
   970 0
   971 0
   972 0
   973 0
   974 0
   975 0
   976 0
   977 0
   978 0
   979 0
   980 0
   981 0
   982 0
   983 0
   984 0
   985 0
   986 0
   987 0
   988 0
   989 0
   990 0
   991 0
   992 0
   993 0
   994 0
   995 0
   996 0
   997 0
   998 0
   999 0
   1000 0
   1001 0
   1002 1
   1003 0
   1004 0
   1005 0
   1006 0
   1007 1
   1008 0
   1009 0
   1010 0
   1011 0
   1012 0
   1013 0
   1014 0
   1015 0
   1016 0
   1017 0
   1018 0
   1019 0
   1020 0
   1021 0
   1022 0
   1023 0
   1024 0
   1025 0
   1026 0
   1027 0
   1028 0
   1029 0
   1030 0
   1031 0
   1032 0
   1033 0
   1034 0
   1035 0
   1036 0
   1037 1
   1038 0
   1039 0
   1040 1
   1041 0
   1042 0
   1043 0
   1044 0
   1045 1
   1046 0
   1047 0
   1048 0
   1049 0
   1050 0
   1051 0
   1052 0
   1053 0
   1054 0
   1055 0
   1056 0
   1057 0
   1058 0
   1059 0
   1060 0
   1061 1
   1062 0
   1063 0
   1064 0
   1065 0
   1066 0
   1067 0
   1068 0
   1069 0
   1070 0
   1071 0
   1072 0
   1073 0
   1074 0
   1075 0
   1076 0
   1077 0
   1078 0
   1079 0
   1080 0
   1081 0
   1082 0
   1083 0
   1084 0
   1085 0
   1086 0
   1087 0
   1088 1
   1089 0
   1090 0
   1091 0
   1092 0
   1093 0
   1094 0
   1095 0
   1096 0
   1097 0
   1098 0
   1099 0
   1100 0
   1101 0
   1102 0
   1103 0
   1104 1
   1105 0
   1106 0
   1107 0
   1108 0
   1109 0
   1110 0
   1111 0
   1112 0
   1113 0
   1114 0
   1115 0
   1116 0
   1117 0
   1118 0
   1119 0
   1120 0
   1121 0
   1122 1
   1123 1
   1124 0
   1125 0
   1126 0
   1127 0
   1128 0
   1129 0
   1130 0
   1131 0
   1132 0
   1133 0
   1134 0
   1135 0
   1136 0
   1137 0
   1138 0
   1139 0
   1140 0
   1141 0
   1142 0
   1143 0
   1144 0
   1145 0
   1146 0
   1147 0
   1148 0
   1149 0
   1150 0
   1151 0
   1152 0
   1153 0
   1154 0
   1155 0
   1156 0
   1157 0
   1158 0
   1159 0
   1160 0
   1161 0
   1162 0
   1163 0
   1164 0
   1165 0
   1166 0
   1167 0
   1168 0
   1169 0
   1170 0
   1171 0
   1172 0
   1173 0
   1174 0
   1175 0
   1176 0
   1177 0
   1178 0
   1179 0
   1180 0
   1181 0
   1182 0
   1183 0
   1184 0
   1185 0
   1186 0
   1187 0
   1188 0
   1189 0
   1190 0
   1191 0
   1192 0
   1193 0
   1194 0
   1195 0
   1196 0
   1197 0
   1198 0
   1199 0
   1200 0
   1201 0
   1202 0
   1203 0
   1204 0
   1205 0
   1206 0
   1207 0
   1208 0
   1209 0
   1210 0
   1211 0
   1212 0
   1213 0
   1214 0
   1215 0
   1216 0
   1217 0
   1218 0
   1219 0
   1220 0
   1221 0
   1222 0
   1223 0
   1224 0
   1225 1
   1226 1
   1227 0
   1228 0
   1229 0
   1230 0
   1231 0
   1232 0
   1233 0
   1234 1
   1235 0
   1236 0
   1237 1
SET HIST END
GET HIST START
0
GET HIST END
MGET HIST START
0
MGET HIST END
