STAT START
secs,qlen,thru,msrt,items,nset,nget,nmget,sqt,gqt,mqt,swt,gwt,mwt
1,151,2483.000000000000,NaN,0,2483,0,0,0.052621976979,NaN,NaN,0.003127915373,NaN,NaN
1,145,3477.000000000000,NaN,0,3477,0,0,0.043528813600,NaN,NaN,0.002297713794,NaN,NaN
1,156,3415.000000000000,NaN,0,3415,0,0,0.044501315178,NaN,NaN,0.002341836690,NaN,NaN
1,157,3184.000000000000,NaN,0,3184,0,0,0.048268779078,NaN,NaN,0.002501091678,NaN,NaN
1,153,2857.000000000000,NaN,0,2857,0,0,0.052428754248,NaN,NaN,0.002795996357,NaN,NaN
1,156,3564.000000000000,NaN,0,3564,0,0,0.044211983387,NaN,NaN,0.002247033533,NaN,NaN
1,158,3041.000000000000,NaN,0,3041,0,0,0.050631005590,NaN,NaN,0.002631638945,NaN,NaN
1,160,3510.000000000000,NaN,0,3510,0,0,0.042928166098,NaN,NaN,0.002275793224,NaN,NaN
1,153,3620.000000000000,NaN,0,3620,0,0,0.043157942268,NaN,NaN,0.002208648819,NaN,NaN
1,129,4062.000000000000,NaN,0,4062,0,0,0.037176461541,NaN,NaN,0.001967583077,NaN,NaN
1,138,3128.000000000000,NaN,0,3128,0,0,0.049140992863,NaN,NaN,0.002555095233,NaN,NaN
1,155,3456.000000000000,NaN,0,3456,0,0,0.043744446771,NaN,NaN,0.002315100730,NaN,NaN
1,157,3607.000000000000,NaN,0,3607,0,0,0.043155100851,NaN,NaN,0.002214713981,NaN,NaN
1,158,3649.000000000000,NaN,0,3649,0,0,0.041124222023,NaN,NaN,0.002179172261,NaN,NaN
1,161,3696.000000000000,NaN,0,3696,0,0,0.041620929995,NaN,NaN,0.002175000356,NaN,NaN
1,160,2694.000000000000,NaN,0,2694,0,0,0.057356132999,NaN,NaN,0.002956164686,NaN,NaN
1,143,3003.000000000000,NaN,0,3003,0,0,0.051090252098,NaN,NaN,0.002670805845,NaN,NaN
1,156,3558.000000000000,NaN,0,3558,0,0,0.043035808746,NaN,NaN,0.002248660380,NaN,NaN
1,138,3684.000000000000,NaN,0,3684,0,0,0.041321225086,NaN,NaN,0.002169804240,NaN,NaN
1,160,3010.000000000000,NaN,0,3010,0,0,0.050596445029,NaN,NaN,0.002649192122,NaN,NaN
1,153,3598.000000000000,NaN,0,3598,0,0,0.042914420058,NaN,NaN,0.002227792645,NaN,NaN
1,153,3677.000000000000,NaN,0,3677,0,0,0.041161797005,NaN,NaN,0.002174465542,NaN,NaN
1,153,3671.000000000000,NaN,0,3671,0,0,0.041964566815,NaN,NaN,0.002171141439,NaN,NaN
1,159,3879.000000000000,NaN,0,3879,0,0,0.039160575334,NaN,NaN,0.002063355352,NaN,NaN
1,149,4019.000000000000,NaN,0,4019,0,0,0.037682960031,NaN,NaN,0.001993889860,NaN,NaN
1,154,3676.000000000000,NaN,0,3676,0,0,0.041367604239,NaN,NaN,0.002173582497,NaN,NaN
1,160,3369.000000000000,NaN,0,3369,0,0,0.044755426963,NaN,NaN,0.002369555725,NaN,NaN
1,160,3538.000000000000,NaN,0,3538,0,0,0.044041907986,NaN,NaN,0.002264210098,NaN,NaN
1,159,3331.000000000000,NaN,0,3331,0,0,0.045963279690,NaN,NaN,0.002400570584,NaN,NaN
1,145,3915.000000000000,NaN,0,3915,0,0,0.038833422752,NaN,NaN,0.002042574003,NaN,NaN
1,161,4021.000000000000,NaN,0,4021,0,0,0.037866262080,NaN,NaN,0.001987930810,NaN,NaN
1,156,3184.000000000000,NaN,0,3184,0,0,0.048553830312,NaN,NaN,0.002511480997,NaN,NaN
1,156,2803.000000000000,NaN,0,2803,0,0,0.055224760793,NaN,NaN,0.002852723684,NaN,NaN
1,155,3362.000000000000,NaN,0,3362,0,0,0.045338329537,NaN,NaN,0.002378876967,NaN,NaN
1,157,3293.000000000000,NaN,0,3293,0,0,0.046129961711,NaN,NaN,0.002423424781,NaN,NaN
1,161,3908.000000000000,NaN,0,3908,0,0,0.039053560247,NaN,NaN,0.002051120035,NaN,NaN
1,138,3037.000000000000,NaN,0,3037,0,0,0.049889092904,NaN,NaN,0.002629102202,NaN,NaN
1,155,3362.000000000000,NaN,0,3362,0,0,0.046394374661,NaN,NaN,0.002379345245,NaN,NaN
1,160,3496.000000000000,NaN,0,3496,0,0,0.043384722486,NaN,NaN,0.002278024489,NaN,NaN
1,161,4085.000000000000,NaN,0,4085,0,0,0.037083943239,NaN,NaN,0.001964036084,NaN,NaN
1,161,3689.000000000000,NaN,0,3689,0,0,0.041271746112,NaN,NaN,0.002170960421,NaN,NaN
1,161,3559.000000000000,NaN,0,3559,0,0,0.042900757873,NaN,NaN,0.002241711579,NaN,NaN
1,147,3612.000000000000,NaN,0,3612,0,0,0.042342072742,NaN,NaN,0.002219022889,NaN,NaN
1,152,3230.000000000000,NaN,0,3230,0,0,0.047968978365,NaN,NaN,0.002474631555,NaN,NaN
1,159,3625.000000000000,NaN,0,3625,0,0,0.041423926900,NaN,NaN,0.002202706725,NaN,NaN
1,159,3424.000000000000,NaN,0,3424,0,0,0.045502000010,NaN,NaN,0.002335650263,NaN,NaN
1,153,2929.000000000000,NaN,0,2929,0,0,0.052722632522,NaN,NaN,0.002734363159,NaN,NaN
1,156,3407.000000000000,NaN,0,3407,0,0,0.044736060814,NaN,NaN,0.002347218277,NaN,NaN
1,152,2998.000000000000,NaN,0,2998,0,0,0.051266071066,NaN,NaN,0.002666153872,NaN,NaN
1,154,4103.000000000000,NaN,0,4103,0,0,0.036737378141,NaN,NaN,0.001948884583,NaN,NaN
1,144,3586.000000000000,NaN,0,3586,0,0,0.042477655512,NaN,NaN,0.002229123521,NaN,NaN
1,156,3375.000000000000,NaN,0,3375,0,0,0.045355128071,NaN,NaN,0.002368915258,NaN,NaN
1,145,3326.000000000000,NaN,0,3326,0,0,0.046716288763,NaN,NaN,0.002408461015,NaN,NaN
1,160,3332.000000000000,NaN,0,3332,0,0,0.045349952899,NaN,NaN,0.002390390217,NaN,NaN
1,157,2983.000000000000,NaN,0,2983,0,0,0.051620982076,NaN,NaN,0.002679117444,NaN,NaN
1,158,3384.000000000000,NaN,0,3384,0,0,0.044602725350,NaN,NaN,0.002359966544,NaN,NaN
1,154,3326.000000000000,NaN,0,3326,0,0,0.046303776770,NaN,NaN,0.002412635934,NaN,NaN
1,153,2965.000000000000,NaN,0,2965,0,0,0.052777443622,NaN,NaN,0.002693806588,NaN,NaN
1,161,3427.000000000000,NaN,0,3427,0,0,0.044194928016,NaN,NaN,0.002329786726,NaN,NaN
1,156,2811.000000000000,NaN,0,2811,0,0,0.054708504500,NaN,NaN,0.002854725476,NaN,NaN
1,134,3087.000000000000,NaN,0,3087,0,0,0.051034616541,NaN,NaN,0.002590880404,NaN,NaN
1,121,3631.000000000000,NaN,0,3631,0,0,0.041924948249,NaN,NaN,0.002200351978,NaN,NaN
1,153,3374.000000000000,NaN,0,3374,0,0,0.044895788520,NaN,NaN,0.002371576215,NaN,NaN
1,161,3391.000000000000,NaN,0,3391,0,0,0.045109465079,NaN,NaN,0.002358947901,NaN,NaN
1,150,3320.000000000000,NaN,0,3320,0,0,0.046474486366,NaN,NaN,0.002405229983,NaN,NaN
1,161,3035.000000000000,NaN,0,3035,0,0,0.049474917171,NaN,NaN,0.002620466746,NaN,NaN
1,161,2798.000000000000,NaN,0,2798,0,0,0.055566475583,NaN,NaN,0.002859314425,NaN,NaN
1,134,3013.000000000000,NaN,0,3013,0,0,0.051819171794,NaN,NaN,0.002668000159,NaN,NaN
1,152,3275.000000000000,NaN,0,3275,0,0,0.047182010375,NaN,NaN,0.002444783684,NaN,NaN
1,87,3787.000000000000,NaN,0,3787,0,0,0.040326928566,NaN,NaN,0.002111155410,NaN,NaN
1,0,1319.000000000000,NaN,0,1319,0,0,0.002452093623,NaN,NaN,0.002207632436,NaN,NaN
1,0,24.000000000000,NaN,0,24,0,0,0.000244114458,NaN,NaN,0.001978512833,NaN,NaN
STAT END
HIST START
1284
   0 0
   1 0
   2 0
   3 0
   4 0
   5 0
   6 0
   7 0
   8 1
   9 0
   10 6
   11 12
   12 19
   13 22
   14 43
   15 48
   16 85
   17 97
   18 107
   19 92
   20 104
   21 74
   22 70
   23 61
   24 29
   25 33
   26 18
   27 32
   28 33
   29 29
   30 9
   31 9
   32 4
   33 6
   34 8
   35 19
   36 7
   37 9
   38 9
   39 1
   40 3
   41 7
   42 10
   43 1
   44 2
   45 15
   46 9
   47 4
   48 3
   49 1
   50 1
   51 2
   52 7
   53 2
   54 1
   55 0
   56 0
   57 0
   58 5
   59 2
   60 0
   61 2
   62 2
   63 0
   64 1
   65 2
   66 1
   67 4
   68 5
   69 2
   70 7
   71 5
   72 5
   73 4
   74 4
   75 8
   76 4
   77 2
   78 1
   79 2
   80 1
   81 0
   82 1
   83 1
   84 3
   85 0
   86 0
   87 0
   88 0
   89 0
   90 0
   91 0
   92 0
   93 0
   94 0
   95 0
   96 0
   97 0
   98 0
   99 0
   100 1
   101 0
   102 0
   103 0
   104 0
   105 1
   106 0
   107 0
   108 1
   109 3
   110 0
   111 0
   112 0
   113 1
   114 0
   115 0
   116 0
   117 0
   118 0
   119 0
   120 0
   121 0
   122 0
   123 0
   124 0
   125 0
   126 0
   127 0
   128 0
   129 1
   130 0
   131 0
   132 0
   133 0
   134 0
   135 0
   136 1
   137 0
   138 0
   139 0
   140 0
   141 0
   142 0
   143 0
   144 0
   145 0
   146 0
   147 0
   148 0
   149 0
   150 0
   151 1
   152 1
   153 0
   154 0
   155 0
   156 0
   157 0
   158 1
   159 0
   160 1
   161 0
   162 0
   163 1
   164 0
   165 0
   166 0
   167 0
   168 0
   169 0
   170 0
   171 0
   172 0
   173 0
   174 1
   175 0
   176 0
   177 1
   178 2
   179 4
   180 6
   181 0
   182 1
   183 4
   184 4
   185 2
   186 4
   187 7
   188 11
   189 8
   190 6
   191 7
   192 6
   193 8
   194 4
   195 7
   196 17
   197 12
   198 15
   199 19
   200 4
   201 14
   202 18
   203 22
   204 17
   205 18
   206 20
   207 25
   208 42
   209 20
   210 16
   211 25
   212 37
   213 68
   214 48
   215 37
   216 35
   217 28
   218 67
   219 72
   220 76
   221 57
   222 45
   223 65
   224 79
   225 98
   226 80
   227 102
   228 88
   229 90
   230 104
   231 84
   232 105
   233 76
   234 106
   235 110
   236 115
   237 94
   238 127
   239 109
   240 121
   241 130
   242 136
   243 136
   244 104
   245 106
   246 119
   247 154
   248 129
   249 120
   250 128
   251 126
   252 139
   253 166
   254 162
   255 155
   256 174
   257 140
   258 173
   259 176
   260 181
   261 202
   262 227
   263 183
   264 208
   265 219
   266 272
   267 202
   268 215
   269 202
   270 261
   271 276
   272 256
   273 256
   274 265
   275 243
   276 225
   277 263
   278 287
   279 267
   280 272
   281 287
   282 256
   283 277
   284 300
   285 292
   286 327
   287 339
   288 316
   289 308
   290 353
   291 382
   292 346
   293 400
   294 363
   295 322
   296 380
   297 469
   298 430
   299 442
   300 404
   301 428
   302 449
   303 439
   304 440
   305 430
   306 473
   307 449
   308 447
   309 512
   310 518
   311 493
   312 503
   313 472
   314 553
   315 570
   316 566
   317 537
   318 632
   319 553
   320 597
   321 584
   322 572
   323 571
   324 589
   325 571
   326 587
   327 542
   328 583
   329 593
   330 585
   331 610
   332 664
   333 639
   334 643
   335 538
   336 578
   337 606
   338 555
   339 572
   340 558
   341 557
   342 575
   343 503
   344 598
   345 513
   346 518
   347 534
   348 591
   349 546
   350 564
   351 557
   352 549
   353 632
   354 611
   355 584
   356 591
   357 557
   358 569
   359 577
   360 631
   361 582
   362 635
   363 570
   364 575
   365 664
   366 634
   367 610
   368 599
   369 655
   370 675
   371 630
   372 682
   373 710
   374 642
   375 683
   376 739
   377 657
   378 672
   379 702
   380 726
   381 697
   382 748
   383 656
   384 720
   385 772
   386 728
   387 807
   388 798
   389 743
   390 761
   391 789
   392 805
   393 799
   394 778
   395 892
   396 868
   397 942
   398 931
   399 909
   400 950
   401 911
   402 875
   403 811
   404 805
   405 844
   406 859
   407 778
   408 835
   409 819
   410 897
   411 911
   412 857
   413 865
   414 859
   415 870
   416 847
   417 853
   418 840
   419 893
   420 789
   421 819
   422 825
   423 810
   424 858
   425 720
   426 732
   427 742
   428 749
   429 712
   430 786
   431 742
   432 710
   433 766
   434 741
   435 757
   436 666
   437 651
   438 708
   439 607
   440 612
   441 621
   442 620
   443 579
   444 641
   445 587
   446 595
   447 573
   448 609
   449 621
   450 498
   451 566
   452 583
   453 508
   454 529
   455 602
   456 592
   457 523
   458 547
   459 612
   460 530
   461 588
   462 618
   463 580
   464 580
   465 592
   466 621
   467 555
   468 601
   469 568
   470 558
   471 534
   472 603
   473 581
   474 616
   475 614
   476 688
   477 590
   478 624
   479 624
   480 633
   481 661
   482 627
   483 608
   484 701
   485 690
   486 651
   487 673
   488 660
   489 679
   490 710
   491 645
   492 704
   493 745
   494 736
   495 775
   496 750
   497 804
   498 779
   499 748
   500 786
   501 797
   502 704
   503 772
   504 687
   505 699
   506 687
   507 702
   508 707
   509 752
   510 724
   511 664
   512 663
   513 670
   514 617
   515 627
   516 601
   517 556
   518 620
   519 587
   520 548
   521 615
   522 511
   523 554
   524 545
   525 562
   526 524
   527 560
   528 577
   529 516
   530 570
   531 522
   532 496
   533 544
   534 529
   535 510
   536 479
   537 431
   538 410
   539 416
   540 418
   541 438
   542 413
   543 391
   544 446
   545 435
   546 392
   547 426
   548 471
   549 389
   550 368
   551 373
   552 343
   553 353
   554 349
   555 381
   556 396
   557 392
   558 392
   559 386
   560 422
   561 333
   562 386
   563 386
   564 397
   565 377
   566 384
   567 364
   568 376
   569 435
   570 400
   571 367
   572 450
   573 390
   574 437
   575 408
   576 448
   577 420
   578 388
   579 397
   580 417
   581 434
   582 444
   583 403
   584 409
   585 451
   586 370
   587 435
   588 421
   589 422
   590 429
   591 368
   592 418
   593 497
   594 474
   595 523
   596 470
   597 453
   598 436
   599 466
   600 460
   601 435
   602 426
   603 366
   604 361
   605 370
   606 363
   607 452
   608 420
   609 332
   610 393
   611 373
   612 371
   613 397
   614 345
   615 333
   616 339
   617 337
   618 346
   619 340
   620 336
   621 322
   622 328
   623 291
   624 262
   625 278
   626 268
   627 261
   628 283
   629 268
   630 273
   631 265
   632 269
   633 270
   634 309
   635 287
   636 244
   637 203
   638 217
   639 253
   640 266
   641 231
   642 220
   643 206
   644 232
   645 243
   646 207
   647 227
   648 176
   649 185
   650 214
   651 208
   652 176
   653 171
   654 193
   655 180
   656 216
   657 203
   658 178
   659 206
   660 203
   661 199
   662 191
   663 168
   664 221
   665 237
   666 173
   667 243
   668 193
   669 168
   670 191
   671 221
   672 216
   673 190
   674 221
   675 244
   676 212
   677 208
   678 187
   679 223
   680 203
   681 180
   682 215
   683 199
   684 218
   685 236
   686 243
   687 206
   688 223
   689 200
   690 242
   691 205
   692 246
   693 240
   694 245
   695 228
   696 256
   697 243
   698 227
   699 231
   700 228
   701 227
   702 216
   703 165
   704 191
   705 170
   706 174
   707 165
   708 176
   709 159
   710 187
   711 166
   712 170
   713 171
   714 131
   715 144
   716 115
   717 119
   718 141
   719 123
   720 127
   721 132
   722 145
   723 110
   724 109
   725 138
   726 118
   727 104
   728 82
   729 124
   730 101
   731 98
   732 118
   733 108
   734 100
   735 99
   736 104
   737 120
   738 94
   739 120
   740 93
   741 93
   742 89
   743 99
   744 87
   745 88
   746 101
   747 82
   748 73
   749 82
   750 72
   751 92
   752 70
   753 79
   754 84
   755 75
   756 82
   757 67
   758 81
   759 83
   760 69
   761 71
   762 81
   763 68
   764 63
   765 81
   766 63
   767 97
   768 76
   769 57
   770 78
   771 83
   772 62
   773 78
   774 81
   775 65
   776 70
   777 71
   778 69
   779 60
   780 78
   781 86
   782 68
   783 72
   784 86
   785 80
   786 74
   787 80
   788 75
   789 83
   790 75
   791 98
   792 79
   793 70
   794 84
   795 76
   796 70
   797 67
   798 65
   799 67
   800 59
   801 60
   802 53
   803 44
   804 56
   805 60
   806 68
   807 51
   808 63
   809 59
   810 56
   811 58
   812 58
   813 49
   814 51
   815 47
   816 36
   817 36
   818 33
   819 45
   820 33
   821 33
   822 32
   823 35
   824 23
   825 29
   826 34
   827 38
   828 46
   829 47
   830 35
   831 35
   832 38
   833 28
   834 36
   835 26
   836 29
   837 27
   838 34
   839 28
   840 31
   841 26
   842 16
   843 26
   844 33
   845 31
   846 28
   847 37
   848 22
   849 17
   850 15
   851 17
   852 23
   853 25
   854 24
   855 20
   856 21
   857 30
   858 30
   859 24
   860 40
   861 32
   862 19
   863 17
   864 25
   865 22
   866 28
   867 23
   868 31
   869 31
   870 29
   871 26
   872 35
   873 24
   874 27
   875 23
   876 25
   877 33
   878 27
   879 27
   880 35
   881 26
   882 24
   883 20
   884 24
   885 33
   886 25
   887 36
   888 22
   889 22
   890 27
   891 17
   892 35
   893 32
   894 21
   895 28
   896 28
   897 16
   898 21
   899 24
   900 24
   901 21
   902 21
   903 27
   904 23
   905 18
   906 17
   907 21
   908 24
   909 18
   910 18
   911 25
   912 24
   913 18
   914 19
   915 14
   916 14
   917 25
   918 4
   919 18
   920 19
   921 19
   922 11
   923 22
   924 23
   925 19
   926 12
   927 16
   928 4
   929 14
   930 17
   931 9
   932 8
   933 17
   934 10
   935 5
   936 5
   937 6
   938 5
   939 8
   940 16
   941 1
   942 5
   943 11
   944 8
   945 12
   946 6
   947 8
   948 0
   949 5
   950 12
   951 10
   952 1
   953 9
   954 2
   955 7
   956 5
   957 10
   958 13
   959 6
   960 8
   961 16
   962 6
   963 8
   964 14
   965 7
   966 4
   967 9
   968 12
   969 9
   970 10
   971 8
   972 11
   973 13
   974 13
   975 18
   976 7
   977 6
   978 9
   979 11
   980 12
   981 8
   982 5
   983 12
   984 7
   985 3
   986 6
   987 8
   988 6
   989 5
   990 15
   991 16
   992 11
   993 25
   994 3
   995 10
   996 9
   997 5
   998 8
   999 6
   1000 12
   1001 5
   1002 11
   1003 12
   1004 10
   1005 6
   1006 9
   1007 6
   1008 2
   1009 6
   1010 11
   1011 2
   1012 4
   1013 8
   1014 7
   1015 11
   1016 4
   1017 7
   1018 5
   1019 3
   1020 6
   1021 9
   1022 5
   1023 5
   1024 3
   1025 4
   1026 2
   1027 5
   1028 9
   1029 1
   1030 7
   1031 1
   1032 9
   1033 7
   1034 6
   1035 4
   1036 6
   1037 12
   1038 3
   1039 5
   1040 4
   1041 6
   1042 4
   1043 2
   1044 5
   1045 2
   1046 3
   1047 6
   1048 6
   1049 4
   1050 4
   1051 0
   1052 3
   1053 5
   1054 3
   1055 3
   1056 2
   1057 2
   1058 6
   1059 9
   1060 9
   1061 3
   1062 7
   1063 5
   1064 2
   1065 0
   1066 3
   1067 3
   1068 2
   1069 3
   1070 0
   1071 2
   1072 3
   1073 3
   1074 1
   1075 1
   1076 1
   1077 2
   1078 1
   1079 0
   1080 0
   1081 0
   1082 0
   1083 2
   1084 2
   1085 0
   1086 7
   1087 1
   1088 1
   1089 1
   1090 1
   1091 1
   1092 1
   1093 3
   1094 0
   1095 0
   1096 1
   1097 0
   1098 0
   1099 1
   1100 0
   1101 0
   1102 0
   1103 0
   1104 0
   1105 0
   1106 0
   1107 3
   1108 1
   1109 0
   1110 0
   1111 0
   1112 1
   1113 0
   1114 0
   1115 0
   1116 0
   1117 0
   1118 0
   1119 0
   1120 0
   1121 0
   1122 0
   1123 0
   1124 0
   1125 0
   1126 0
   1127 0
   1128 0
   1129 1
   1130 0
   1131 0
   1132 0
   1133 0
   1134 1
   1135 1
   1136 0
   1137 2
   1138 0
   1139 0
   1140 0
   1141 0
   1142 0
   1143 0
   1144 2
   1145 0
   1146 0
   1147 1
   1148 0
   1149 1
   1150 0
   1151 0
   1152 0
   1153 0
   1154 0
   1155 0
   1156 0
   1157 0
   1158 0
   1159 0
   1160 0
   1161 0
   1162 0
   1163 0
   1164 0
   1165 0
   1166 0
   1167 0
   1168 0
   1169 0
   1170 2
   1171 0
   1172 0
   1173 0
   1174 0
   1175 1
   1176 2
   1177 1
   1178 0
   1179 0
   1180 0
   1181 0
   1182 0
   1183 0
   1184 0
   1185 0
   1186 1
   1187 0
   1188 0
   1189 0
   1190 0
   1191 0
   1192 0
   1193 0
   1194 0
   1195 0
   1196 0
   1197 0
   1198 0
   1199 0
   1200 0
   1201 0
   1202 0
   1203 0
   1204 0
   1205 0
   1206 0
   1207 0
   1208 0
   1209 0
   1210 0
   1211 0
   1212 0
   1213 0
   1214 0
   1215 0
   1216 0
   1217 0
   1218 0
   1219 0
   1220 0
   1221 0
   1222 1
   1223 0
   1224 0
   1225 0
   1226 0
   1227 0
   1228 0
   1229 0
   1230 0
   1231 0
   1232 0
   1233 0
   1234 0
   1235 0
   1236 0
   1237 0
   1238 0
   1239 0
   1240 0
   1241 0
   1242 0
   1243 0
   1244 0
   1245 0
   1246 0
   1247 0
   1248 0
   1249 0
   1250 0
   1251 0
   1252 0
   1253 0
   1254 0
   1255 0
   1256 0
   1257 0
   1258 1
   1259 0
   1260 1
   1261 0
   1262 0
   1263 0
   1264 0
   1265 0
   1266 0
   1267 0
   1268 0
   1269 0
   1270 0
   1271 0
   1272 0
   1273 0
   1274 0
   1275 0
   1276 0
   1277 0
   1278 0
   1279 0
   1280 0
   1281 0
   1282 0
   1283 1
HIST END
