STAT START
secs,qlen,thru,msrt,items,nset,nget,nmget,sqt,gqt,mqt,swt,gwt,mwt
1,6,2423.000000000000,NaN,0,2423,0,0,0.000608925835,NaN,NaN,0.004699221070,NaN,NaN
1,0,2688.000000000000,NaN,0,2688,0,0,0.000426630991,NaN,NaN,0.003910469179,NaN,NaN
1,1,2731.000000000000,NaN,0,2731,0,0,0.000385727209,NaN,NaN,0.004244234503,NaN,NaN
1,8,2854.000000000000,NaN,0,2854,0,0,0.000400324608,NaN,NaN,0.003780263093,NaN,NaN
1,0,2868.000000000000,NaN,0,2868,0,0,0.000358308542,NaN,NaN,0.004064370416,NaN,NaN
1,22,2729.000000000000,NaN,0,2729,0,0,0.000380728715,NaN,NaN,0.004878896646,NaN,NaN
1,0,2847.000000000000,NaN,0,2847,0,0,0.000400786028,NaN,NaN,0.004131633569,NaN,NaN
1,0,2795.000000000000,NaN,0,2795,0,0,0.000400726305,NaN,NaN,0.004340989041,NaN,NaN
1,0,2760.000000000000,NaN,0,2760,0,0,0.000348364179,NaN,NaN,0.004370271474,NaN,NaN
1,1,2775.000000000000,NaN,0,2775,0,0,0.000301860224,NaN,NaN,0.004586031890,NaN,NaN
1,0,2648.000000000000,NaN,0,2648,0,0,0.000399396736,NaN,NaN,0.005064371106,NaN,NaN
1,0,2911.000000000000,NaN,0,2911,0,0,0.000385100192,NaN,NaN,0.003972069022,NaN,NaN
1,0,2853.000000000000,NaN,0,2853,0,0,0.000396062692,NaN,NaN,0.003875312241,NaN,NaN
1,6,2822.000000000000,NaN,0,2822,0,0,0.000345100369,NaN,NaN,0.004553058740,NaN,NaN
1,7,2871.000000000000,NaN,0,2871,0,0,0.000405557844,NaN,NaN,0.004279552994,NaN,NaN
1,0,2786.000000000000,NaN,0,2786,0,0,0.000364248573,NaN,NaN,0.004610558226,NaN,NaN
1,18,2796.000000000000,NaN,0,2796,0,0,0.000339408596,NaN,NaN,0.004748657511,NaN,NaN
1,0,2774.000000000000,NaN,0,2774,0,0,0.000334405453,NaN,NaN,0.004417284487,NaN,NaN
1,0,2714.000000000000,NaN,0,2714,0,0,0.000422442721,NaN,NaN,0.003955322506,NaN,NaN
1,0,2676.000000000000,NaN,0,2676,0,0,0.000419853988,NaN,NaN,0.004077334098,NaN,NaN
1,0,2801.000000000000,NaN,0,2801,0,0,0.000460091969,NaN,NaN,0.003694379372,NaN,NaN
1,0,2834.000000000000,NaN,0,2834,0,0,0.000528495259,NaN,NaN,0.003769711820,NaN,NaN
1,0,2925.000000000000,NaN,0,2925,0,0,0.000442568020,NaN,NaN,0.003903270957,NaN,NaN
1,0,3009.000000000000,NaN,0,3009,0,0,0.000391093012,NaN,NaN,0.004208784694,NaN,NaN
1,0,2670.000000000000,NaN,0,2670,0,0,0.000350529561,NaN,NaN,0.004874185036,NaN,NaN
1,0,2758.000000000000,NaN,0,2758,0,0,0.000358836808,NaN,NaN,0.004012328644,NaN,NaN
1,0,2789.000000000000,NaN,0,2789,0,0,0.000401741033,NaN,NaN,0.004334040154,NaN,NaN
1,0,2917.000000000000,NaN,0,2917,0,0,0.000410981034,NaN,NaN,0.003593642217,NaN,NaN
1,0,2672.000000000000,NaN,0,2672,0,0,0.000323733880,NaN,NaN,0.004814494950,NaN,NaN
1,0,2719.000000000000,NaN,0,2719,0,0,0.000397911200,NaN,NaN,0.003953165102,NaN,NaN
1,0,2859.000000000000,NaN,0,2859,0,0,0.000406135397,NaN,NaN,0.004040656220,NaN,NaN
1,0,2810.000000000000,NaN,0,2810,0,0,0.000350355267,NaN,NaN,0.004449895955,NaN,NaN
1,0,2884.000000000000,NaN,0,2884,0,0,0.000386537392,NaN,NaN,0.003917085610,NaN,NaN
1,0,2676.000000000000,NaN,0,2676,0,0,0.000416332381,NaN,NaN,0.004058644882,NaN,NaN
1,0,2745.000000000000,NaN,0,2745,0,0,0.000370857833,NaN,NaN,0.004283525808,NaN,NaN
1,0,2919.000000000000,NaN,0,2919,0,0,0.000358857769,NaN,NaN,0.004301873777,NaN,NaN
1,0,2839.000000000000,NaN,0,2839,0,0,0.000363627569,NaN,NaN,0.003959452632,NaN,NaN
1,0,2725.000000000000,NaN,0,2725,0,0,0.000345624044,NaN,NaN,0.004999716114,NaN,NaN
1,0,2972.000000000000,NaN,0,2972,0,0,0.000393608908,NaN,NaN,0.004169952991,NaN,NaN
1,0,2984.000000000000,NaN,0,2984,0,0,0.000368131237,NaN,NaN,0.004075993965,NaN,NaN
1,0,2932.000000000000,NaN,0,2932,0,0,0.000447337874,NaN,NaN,0.004306076382,NaN,NaN
1,0,2926.000000000000,NaN,0,2926,0,0,0.000382120838,NaN,NaN,0.004296861724,NaN,NaN
1,0,2869.000000000000,NaN,0,2869,0,0,0.000360304984,NaN,NaN,0.004135018650,NaN,NaN
1,10,2705.000000000000,NaN,0,2705,0,0,0.000384366770,NaN,NaN,0.004544711687,NaN,NaN
1,0,2697.000000000000,NaN,0,2697,0,0,0.000416000029,NaN,NaN,0.004528492410,NaN,NaN
1,0,2824.000000000000,NaN,0,2824,0,0,0.000433841951,NaN,NaN,0.003808159558,NaN,NaN
1,1,2779.000000000000,NaN,0,2779,0,0,0.000363249903,NaN,NaN,0.004436476524,NaN,NaN
1,0,2735.000000000000,NaN,0,2735,0,0,0.000408561978,NaN,NaN,0.004517861966,NaN,NaN
1,11,2913.000000000000,NaN,0,2913,0,0,0.000418467189,NaN,NaN,0.003471268799,NaN,NaN
1,13,2816.000000000000,NaN,0,2816,0,0,0.000376929627,NaN,NaN,0.004214622213,NaN,NaN
1,0,2709.000000000000,NaN,0,2709,0,0,0.000421940004,NaN,NaN,0.004338684157,NaN,NaN
1,0,2625.000000000000,NaN,0,2625,0,0,0.000392992414,NaN,NaN,0.004724089781,NaN,NaN
1,0,2669.000000000000,NaN,0,2669,0,0,0.000389821388,NaN,NaN,0.004163713243,NaN,NaN
1,0,2754.000000000000,NaN,0,2754,0,0,0.000365090278,NaN,NaN,0.004569928329,NaN,NaN
1,0,2759.000000000000,NaN,0,2759,0,0,0.000470133345,NaN,NaN,0.003551845760,NaN,NaN
1,17,2686.000000000000,NaN,0,2686,0,0,0.000421141140,NaN,NaN,0.004741733125,NaN,NaN
1,0,2795.000000000000,NaN,0,2795,0,0,0.000435419910,NaN,NaN,0.004065506585,NaN,NaN
1,0,2719.000000000000,NaN,0,2719,0,0,0.000381037765,NaN,NaN,0.004270798382,NaN,NaN
1,0,2764.000000000000,NaN,0,2764,0,0,0.000388123928,NaN,NaN,0.004216486516,NaN,NaN
1,0,2866.000000000000,NaN,0,2866,0,0,0.000461350144,NaN,NaN,0.004403735455,NaN,NaN
1,0,2736.000000000000,NaN,0,2736,0,0,0.000391558338,NaN,NaN,0.004149559407,NaN,NaN
1,0,2824.000000000000,NaN,0,2824,0,0,0.000426984995,NaN,NaN,0.003522590295,NaN,NaN
1,0,2685.000000000000,NaN,0,2685,0,0,0.000342245639,NaN,NaN,0.004572539117,NaN,NaN
1,0,2702.000000000000,NaN,0,2702,0,0,0.000376447770,NaN,NaN,0.004680184795,NaN,NaN
1,0,2860.000000000000,NaN,0,2860,0,0,0.000378871240,NaN,NaN,0.004555215553,NaN,NaN
1,0,2687.000000000000,NaN,0,2687,0,0,0.000428976849,NaN,NaN,0.004658154046,NaN,NaN
1,0,2778.000000000000,NaN,0,2778,0,0,0.000390149300,NaN,NaN,0.004537576294,NaN,NaN
1,8,2652.000000000000,NaN,0,2652,0,0,0.000448072900,NaN,NaN,0.004705101577,NaN,NaN
1,0,2759.000000000000,NaN,0,2759,0,0,0.000389359494,NaN,NaN,0.004266615121,NaN,NaN
1,0,2827.000000000000,NaN,0,2827,0,0,0.000395899086,NaN,NaN,0.004436128046,NaN,NaN
STAT END
HIST START
408
   0 0
   1 0
   2 0
   3 0
   4 0
   5 0
   6 0
   7 0
   8 25
   9 156
   10 481
   11 869
   12 1358
   13 2026
   14 2438
   15 3120
   16 4106
   17 4812
   18 5932
   19 6425
   20 7025
   21 7611
   22 8197
   23 7920
   24 7949
   25 7803
   26 8248
   27 7488
   28 6145
   29 4722
   30 3957
   31 3563
   32 3025
   33 2602
   34 2552
   35 2105
   36 1895
   37 1638
   38 1268
   39 1163
   40 945
   41 965
   42 796
   43 686
   44 461
   45 351
   46 481
   47 385
   48 364
   49 336
   50 332
   51 332
   52 323
   53 281
   54 256
   55 226
   56 126
   57 190
   58 179
   59 201
   60 175
   61 143
   62 138
   63 191
   64 177
   65 200
   66 232
   67 271
   68 274
   69 305
   70 319
   71 452
   72 543
   73 548
   74 553
   75 569
   76 567
   77 611
   78 684
   79 660
   80 683
   81 714
   82 680
   83 722
   84 763
   85 776
   86 772
   87 839
   88 911
   89 1285
   90 1598
   91 1968
   92 1981
   93 1902
   94 1846
   95 1784
   96 1809
   97 1820
   98 2453
   99 3573
   100 3650
   101 2593
   102 2374
   103 2342
   104 2157
   105 1935
   106 1539
   107 1168
   108 813
   109 543
   110 363
   111 233
   112 151
   113 112
   114 70
   115 71
   116 53
   117 45
   118 26
   119 26
   120 30
   121 34
   122 16
   123 26
   124 22
   125 19
   126 28
   127 26
   128 17
   129 15
   130 4
   131 6
   132 13
   133 15
   134 12
   135 12
   136 11
   137 11
   138 21
   139 9
   140 14
   141 11
   142 18
   143 11
   144 9
   145 20
   146 9
   147 6
   148 9
   149 13
   150 12
   151 29
   152 8
   153 9
   154 11
   155 13
   156 12
   157 18
   158 22
   159 21
   160 8
   161 11
   162 4
   163 5
   164 1
   165 8
   166 3
   167 3
   168 10
   169 10
   170 8
   171 28
   172 20
   173 35
   174 26
   175 23
   176 15
   177 15
   178 19
   179 8
   180 9
   181 6
   182 9
   183 4
   184 2
   185 10
   186 15
   187 8
   188 5
   189 8
   190 13
   191 12
   192 9
   193 6
   194 9
   195 12
   196 12
   197 24
   198 23
   199 32
   200 14
   201 10
   202 12
   203 11
   204 11
   205 4
   206 2
   207 0
   208 1
   209 2
   210 3
   211 1
   212 0
   213 1
   214 0
   215 0
   216 0
   217 0
   218 0
   219 4
   220 1
   221 3
   222 3
   223 3
   224 0
   225 2
   226 5
   227 4
   228 0
   229 0
   230 2
   231 2
   232 0
   233 1
   234 1
   235 1
   236 0
   237 2
   238 1
   239 1
   240 0
   241 0
   242 0
   243 1
   244 0
   245 0
   246 0
   247 0
   248 0
   249 1
   250 1
   251 3
   252 2
   253 0
   254 0
   255 0
   256 2
   257 2
   258 2
   259 0
   260 0
   261 0
   262 0
   263 2
   264 1
   265 2
   266 0
   267 1
   268 0
   269 1
   270 2
   271 4
   272 2
   273 2
   274 4
   275 1
   276 4
   277 1
   278 0
   279 0
   280 0
   281 0
   282 0
   283 0
   284 0
   285 0
   286 0
   287 0
   288 0
   289 0
   290 2
   291 2
   292 0
   293 2
   294 2
   295 2
   296 0
   297 1
   298 0
   299 1
   300 0
   301 0
   302 0
   303 0
   304 0
   305 0
   306 0
   307 0
   308 0
   309 0
   310 0
   311 0
   312 0
   313 0
   314 1
   315 0
   316 0
   317 0
   318 0
   319 0
   320 0
   321 0
   322 0
   323 0
   324 0
   325 0
   326 0
   327 0
   328 0
   329 0
   330 0
   331 0
   332 1
   333 0
   334 0
   335 0
   336 1
   337 0
   338 0
   339 0
   340 0
   341 0
   342 1
   343 0
   344 2
   345 3
   346 0
   347 1
   348 0
   349 0
   350 0
   351 0
   352 0
   353 0
   354 2
   355 0
   356 0
   357 0
   358 1
   359 0
   360 0
   361 0
   362 0
   363 0
   364 0
   365 0
   366 0
   367 0
   368 0
   369 0
   370 0
   371 0
   372 0
   373 0
   374 0
   375 0
   376 0
   377 0
   378 0
   379 0
   380 0
   381 0
   382 0
   383 0
   384 0
   385 0
   386 0
   387 0
   388 0
   389 0
   390 0
   391 0
   392 0
   393 0
   394 0
   395 0
   396 0
   397 0
   398 0
   399 0
   400 0
   401 0
   402 0
   403 0
   404 0
   405 0
   406 0
   407 1
HIST END
