STAT START
secs,qlen,thru,msrt,items,nset,nget,nmget,sqt,gqt,mqt,swt,gwt,mwt
1,30,2763.000000000000,NaN,0,2763,0,0,0.000714990708,NaN,NaN,0.005178773688,NaN,NaN
1,8,4411.000000000000,NaN,0,4411,0,0,0.001502543487,NaN,NaN,0.012940000306,NaN,NaN
1,0,4197.000000000000,NaN,0,4197,0,0,0.001608291921,NaN,NaN,0.013494858501,NaN,NaN
1,8,3932.000000000000,NaN,0,3932,0,0,0.001754331383,NaN,NaN,0.014569911413,NaN,NaN
1,8,4076.000000000000,NaN,0,4076,0,0,0.001773223171,NaN,NaN,0.014237654848,NaN,NaN
1,8,4217.000000000000,NaN,0,4217,0,0,0.001378010623,NaN,NaN,0.013586329194,NaN,NaN
1,8,4360.000000000000,NaN,0,4360,0,0,0.001490162234,NaN,NaN,0.013273136932,NaN,NaN
1,6,4113.000000000000,NaN,0,4113,0,0,0.001599070092,NaN,NaN,0.013983621075,NaN,NaN
1,0,4104.000000000000,NaN,0,4104,0,0,0.001736646872,NaN,NaN,0.014140242844,NaN,NaN
1,8,4087.000000000000,NaN,0,4087,0,0,0.001363425778,NaN,NaN,0.014171461310,NaN,NaN
1,7,4100.000000000000,NaN,0,4100,0,0,0.001641110744,NaN,NaN,0.014165671698,NaN,NaN
1,0,3972.000000000000,NaN,0,3972,0,0,0.001713350542,NaN,NaN,0.014764609008,NaN,NaN
1,28,4163.000000000000,NaN,0,4163,0,0,0.001448663780,NaN,NaN,0.014147010348,NaN,NaN
1,0,4162.000000000000,NaN,0,4162,0,0,0.001495517721,NaN,NaN,0.013681345262,NaN,NaN
1,8,4183.000000000000,NaN,0,4183,0,0,0.001435355512,NaN,NaN,0.013528102954,NaN,NaN
1,8,3955.000000000000,NaN,0,3955,0,0,0.001640262932,NaN,NaN,0.015008609180,NaN,NaN
1,2,4158.000000000000,NaN,0,4158,0,0,0.001442703231,NaN,NaN,0.014204133099,NaN,NaN
1,0,4037.000000000000,NaN,0,4037,0,0,0.001573057251,NaN,NaN,0.014208036127,NaN,NaN
1,0,3911.000000000000,NaN,0,3911,0,0,0.001845792860,NaN,NaN,0.014340152379,NaN,NaN
1,0,4181.000000000000,NaN,0,4181,0,0,0.001552940679,NaN,NaN,0.013974818936,NaN,NaN
1,6,4115.000000000000,NaN,0,4115,0,0,0.001668820661,NaN,NaN,0.014044819012,NaN,NaN
1,1,4263.000000000000,NaN,0,4263,0,0,0.001542746159,NaN,NaN,0.013795829787,NaN,NaN
1,3,4281.000000000000,NaN,0,4281,0,0,0.001488991355,NaN,NaN,0.013582734177,NaN,NaN
1,8,3988.000000000000,NaN,0,3988,0,0,0.001575881504,NaN,NaN,0.014822299095,NaN,NaN
1,6,4101.000000000000,NaN,0,4101,0,0,0.001642031938,NaN,NaN,0.014186058468,NaN,NaN
1,8,4330.000000000000,NaN,0,4330,0,0,0.001388417947,NaN,NaN,0.013533139532,NaN,NaN
1,8,4275.000000000000,NaN,0,4275,0,0,0.001398122750,NaN,NaN,0.013344811199,NaN,NaN
1,1,4318.000000000000,NaN,0,4318,0,0,0.001384648398,NaN,NaN,0.013625695372,NaN,NaN
1,8,4134.000000000000,NaN,0,4134,0,0,0.001527990873,NaN,NaN,0.013813773560,NaN,NaN
1,3,4066.000000000000,NaN,0,4066,0,0,0.001636762983,NaN,NaN,0.014748600856,NaN,NaN
1,2,3968.000000000000,NaN,0,3968,0,0,0.001705984149,NaN,NaN,0.014626752973,NaN,NaN
1,0,4055.000000000000,NaN,0,4055,0,0,0.001620052193,NaN,NaN,0.013544708122,NaN,NaN
1,8,4270.000000000000,NaN,0,4270,0,0,0.001410070903,NaN,NaN,0.013384461221,NaN,NaN
1,8,4026.000000000000,NaN,0,4026,0,0,0.001577230354,NaN,NaN,0.014300926117,NaN,NaN
1,0,4181.000000000000,NaN,0,4181,0,0,0.001550666948,NaN,NaN,0.014093761196,NaN,NaN
1,14,4197.000000000000,NaN,0,4197,0,0,0.001512263083,NaN,NaN,0.013990201259,NaN,NaN
1,3,4235.000000000000,NaN,0,4235,0,0,0.001430056265,NaN,NaN,0.013452169617,NaN,NaN
1,8,4221.000000000000,NaN,0,4221,0,0,0.001530734377,NaN,NaN,0.013682589887,NaN,NaN
1,0,4184.000000000000,NaN,0,4184,0,0,0.001574343320,NaN,NaN,0.013830069501,NaN,NaN
1,8,4121.000000000000,NaN,0,4121,0,0,0.001551005157,NaN,NaN,0.014421004799,NaN,NaN
1,8,4336.000000000000,NaN,0,4336,0,0,0.001519069046,NaN,NaN,0.013266942330,NaN,NaN
1,4,4312.000000000000,NaN,0,4312,0,0,0.001450712123,NaN,NaN,0.013270994958,NaN,NaN
1,8,4060.000000000000,NaN,0,4060,0,0,0.001670458465,NaN,NaN,0.013909811765,NaN,NaN
1,0,4371.000000000000,NaN,0,4371,0,0,0.001379828559,NaN,NaN,0.013102136628,NaN,NaN
1,7,4229.000000000000,NaN,0,4229,0,0,0.001482664338,NaN,NaN,0.013777187301,NaN,NaN
1,0,4210.000000000000,NaN,0,4210,0,0,0.001595332448,NaN,NaN,0.013470050219,NaN,NaN
1,11,4042.000000000000,NaN,0,4042,0,0,0.001662910049,NaN,NaN,0.014436594782,NaN,NaN
1,8,3992.000000000000,NaN,0,3992,0,0,0.001715093144,NaN,NaN,0.014497060241,NaN,NaN
1,49,4176.000000000000,NaN,0,4176,0,0,0.001582380278,NaN,NaN,0.013696972376,NaN,NaN
1,6,4075.000000000000,NaN,0,4075,0,0,0.001756779690,NaN,NaN,0.013665801984,NaN,NaN
1,3,3843.000000000000,NaN,0,3843,0,0,0.001663361559,NaN,NaN,0.015248689323,NaN,NaN
1,33,4247.000000000000,NaN,0,4247,0,0,0.001632294563,NaN,NaN,0.013072768284,NaN,NaN
1,8,4269.000000000000,NaN,0,4269,0,0,0.001477491852,NaN,NaN,0.013231453032,NaN,NaN
1,7,4241.000000000000,NaN,0,4241,0,0,0.001597225624,NaN,NaN,0.013538071587,NaN,NaN
1,10,4115.000000000000,NaN,0,4115,0,0,0.001491159172,NaN,NaN,0.014079372723,NaN,NaN
1,8,4214.000000000000,NaN,0,4214,0,0,0.001604346078,NaN,NaN,0.013596926386,NaN,NaN
1,0,4035.000000000000,NaN,0,4035,0,0,0.001665659653,NaN,NaN,0.014456947292,NaN,NaN
1,0,4276.000000000000,NaN,0,4276,0,0,0.001402063096,NaN,NaN,0.013721456907,NaN,NaN
1,7,4295.000000000000,NaN,0,4295,0,0,0.001352390854,NaN,NaN,0.013734800361,NaN,NaN
1,8,3877.000000000000,NaN,0,3877,0,0,0.001705290746,NaN,NaN,0.014755818479,NaN,NaN
1,8,3999.000000000000,NaN,0,3999,0,0,0.001671052711,NaN,NaN,0.014366400326,NaN,NaN
1,4,4289.000000000000,NaN,0,4289,0,0,0.001729021032,NaN,NaN,0.013420988803,NaN,NaN
1,8,4163.000000000000,NaN,0,4163,0,0,0.001662800311,NaN,NaN,0.013839923624,NaN,NaN
1,0,4289.000000000000,NaN,0,4289,0,0,0.001632896392,NaN,NaN,0.013346982049,NaN,NaN
1,22,4016.000000000000,NaN,0,4016,0,0,0.001642528367,NaN,NaN,0.014510182210,NaN,NaN
1,2,4128.000000000000,NaN,0,4128,0,0,0.001559499635,NaN,NaN,0.013930946375,NaN,NaN
1,0,4141.000000000000,NaN,0,4141,0,0,0.001722711346,NaN,NaN,0.013882665340,NaN,NaN
1,14,4106.000000000000,NaN,0,4106,0,0,0.001490240693,NaN,NaN,0.013981711686,NaN,NaN
1,7,4160.000000000000,NaN,0,4160,0,0,0.001626521622,NaN,NaN,0.014231274402,NaN,NaN
1,4,4103.000000000000,NaN,0,4103,0,0,0.001470421218,NaN,NaN,0.014231702173,NaN,NaN
1,0,3242.000000000000,NaN,0,3242,0,0,0.000530653358,NaN,NaN,0.011237156733,NaN,NaN
STAT END
HIST START
2250
   0 0
   1 0
   2 0
   3 0
   4 0
   5 0
   6 0
   7 0
   8 0
   9 0
   10 0
   11 0
   12 0
   13 1
   14 5
   15 8
   16 18
   17 29
   18 46
   19 69
   20 64
   21 115
   22 106
   23 126
   24 115
   25 115
   26 131
   27 133
   28 102
   29 122
   30 125
   31 132
   32 112
   33 131
   34 111
   35 130
   36 170
   37 169
   38 182
   39 151
   40 142
   41 133
   42 143
   43 118
   44 159
   45 157
   46 171
   47 198
   48 199
   49 238
   50 202
   51 239
   52 214
   53 220
   54 206
   55 307
   56 325
   57 336
   58 379
   59 333
   60 340
   61 349
   62 379
   63 338
   64 381
   65 377
   66 352
   67 335
   68 404
   69 433
   70 478
   71 453
   72 496
   73 509
   74 498
   75 487
   76 497
   77 605
   78 581
   79 614
   80 681
   81 644
   82 687
   83 788
   84 801
   85 931
   86 940
   87 1017
   88 1107
   89 1221
   90 1308
   91 1457
   92 1651
   93 1812
   94 2084
   95 2127
   96 2381
   97 2698
   98 3231
   99 3573
   100 3663
   101 3702
   102 3627
   103 3548
   104 3510
   105 3484
   106 3368
   107 3206
   108 3031
   109 2890
   110 2807
   111 2612
   112 2461
   113 2429
   114 2329
   115 2356
   116 2246
   117 2227
   118 2054
   119 1986
   120 1843
   121 1854
   122 1861
   123 1934
   124 1832
   125 1865
   126 1814
   127 1693
   128 1759
   129 1790
   130 1679
   131 1724
   132 1730
   133 1676
   134 1677
   135 1631
   136 1550
   137 1625
   138 1545
   139 1507
   140 1404
   141 1430
   142 1391
   143 1326
   144 1270
   145 1261
   146 1149
   147 1097
   148 1035
   149 1005
   150 982
   151 861
   152 801
   153 828
   154 894
   155 794
   156 915
   157 874
   158 961
   159 902
   160 1018
   161 1008
   162 1046
   163 1038
   164 1060
   165 1038
   166 1129
   167 1214
   168 1307
   169 1262
   170 1283
   171 1343
   172 1450
   173 1495
   174 1498
   175 1564
   176 1572
   177 1558
   178 1580
   179 1738
   180 1633
   181 1773
   182 1944
   183 1915
   184 1963
   185 1833
   186 2002
   187 1954
   188 2054
   189 2176
   190 2185
   191 2321
   192 2408
   193 2495
   194 2528
   195 2687
   196 2971
   197 2891
   198 2914
   199 2827
   200 2635
   201 2515
   202 2530
   203 2356
   204 2322
   205 2093
   206 2148
   207 2059
   208 1961
   209 1927
   210 1842
   211 1767
   212 1644
   213 1590
   214 1482
   215 1329
   216 1229
   217 1135
   218 1021
   219 944
   220 818
   221 743
   222 605
   223 566
   224 525
   225 520
   226 438
   227 429
   228 399
   229 319
   230 334
   231 319
   232 296
   233 284
   234 248
   235 226
   236 225
   237 215
   238 164
   239 223
   240 191
   241 163
   242 139
   243 156
   244 155
   245 128
   246 113
   247 145
   248 122
   249 152
   250 125
   251 133
   252 149
   253 140
   254 133
   255 125
   256 147
   257 156
   258 144
   259 167
   260 191
   261 148
   262 163
   263 129
   264 132
   265 139
   266 122
   267 151
   268 170
   269 160
   270 171
   271 164
   272 162
   273 167
   274 172
   275 191
   276 197
   277 204
   278 208
   279 204
   280 220
   281 198
   282 215
   283 216
   284 226
   285 223
   286 205
   287 200
   288 207
   289 241
   290 223
   291 230
   292 267
   293 275
   294 277
   295 296
   296 288
   297 302
   298 296
   299 263
   300 174
   301 171
   302 186
   303 184
   304 164
   305 156
   306 179
   307 171
   308 171
   309 153
   310 166
   311 136
   312 118
   313 109
   314 125
   315 101
   316 95
   317 75
   318 74
   319 86
   320 77
   321 57
   322 62
   323 52
   324 44
   325 43
   326 40
   327 40
   328 39
   329 33
   330 35
   331 31
   332 35
   333 26
   334 11
   335 22
   336 29
   337 12
   338 22
   339 27
   340 21
   341 17
   342 18
   343 6
   344 13
   345 17
   346 22
   347 15
   348 7
   349 6
   350 10
   351 8
   352 13
   353 12
   354 10
   355 10
   356 5
   357 12
   358 8
   359 5
   360 9
   361 3
   362 12
   363 8
   364 10
   365 11
   366 15
   367 10
   368 8
   369 8
   370 13
   371 8
   372 9
   373 9
   374 4
   375 4
   376 6
   377 13
   378 6
   379 16
   380 21
   381 16
   382 13
   383 9
   384 7
   385 17
   386 14
   387 16
   388 13
   389 11
   390 20
   391 15
   392 14
   393 12
   394 15
   395 17
   396 11
   397 8
   398 12
   399 12
   400 7
   401 13
   402 12
   403 12
   404 17
   405 12
   406 12
   407 9
   408 8
   409 9
   410 15
   411 10
   412 15
   413 9
   414 6
   415 4
   416 3
   417 4
   418 4
   419 4
   420 2
   421 4
   422 3
   423 5
   424 6
   425 3
   426 2
   427 2
   428 0
   429 3
   430 7
   431 5
   432 8
   433 3
   434 3
   435 5
   436 1
   437 2
   438 1
   439 3
   440 1
   441 3
   442 4
   443 0
   444 1
   445 2
   446 0
   447 0
   448 0
   449 0
   450 0
   451 0
   452 1
   453 1
   454 2
   455 3
   456 3
   457 6
   458 1
   459 4
   460 3
   461 2
   462 0
   463 0
   464 0
   465 0
   466 0
   467 1
   468 0
   469 0
   470 0
   471 0
   472 0
   473 0
   474 2
   475 0
   476 0
   477 0
   478 1
   479 0
   480 0
   481 0
   482 0
   483 0
   484 1
   485 0
   486 3
   487 1
   488 4
   489 1
   490 2
   491 0
   492 0
   493 0
   494 0
   495 4
   496 1
   497 4
   498 2
   499 1
   500 0
   501 0
   502 3
   503 0
   504 0
   505 0
   506 0
   507 0
   508 0
   509 2
   510 0
   511 4
   512 3
   513 0
   514 0
   515 0
   516 0
   517 0
   518 0
   519 0
   520 0
   521 0
   522 0
   523 0
   524 0
   525 0
   526 0
   527 2
   528 2
   529 1
   530 0
   531 1
   532 0
   533 0
   534 0
   535 0
   536 0
   537 0
   538 0
   539 0
   540 0
   541 0
   542 0
   543 0
   544 0
   545 0
   546 0
   547 0
   548 0
   549 0
   550 0
   551 0
   552 0
   553 0
   554 0
   555 0
   556 0
   557 0
   558 0
   559 0
   560 0
   561 0
   562 0
   563 0
   564 2
   565 0
   566 0
   567 1
   568 0
   569 1
   570 0
   571 0
   572 0
   573 0
   574 0
   575 0
   576 0
   577 0
   578 0
   579 0
   580 0
   581 0
   582 0
   583 0
   584 0
   585 0
   586 1
   587 0
   588 0
   589 0
   590 0
   591 0
   592 0
   593 0
   594 0
   595 0
   596 4
   597 3
   598 2
   599 1
   600 0
   601 0
   602 0
   603 0
   604 0
   605 0
   606 0
   607 0
   608 0
   609 0
   610 0
   611 0
   612 0
   613 0
   614 0
   615 0
   616 0
   617 0
   618 0
   619 0
   620 0
   621 0
   622 0
   623 0
   624 0
   625 0
   626 0
   627 0
   628 0
   629 0
   630 0
   631 0
   632 0
   633 0
   634 0
   635 0
   636 0
   637 0
   638 0
   639 0
   640 0
   641 0
   642 0
   643 0
   644 0
   645 0
   646 0
   647 0
   648 0
   649 0
   650 0
   651 0
   652 0
   653 0
   654 0
   655 0
   656 0
   657 0
   658 0
   659 0
   660 0
   661 0
   662 0
   663 0
   664 0
   665 0
   666 0
   667 0
   668 0
   669 0
   670 0
   671 0
   672 0
   673 0
   674 0
   675 0
   676 0
   677 0
   678 0
   679 0
   680 0
   681 0
   682 0
   683 0
   684 0
   685 0
   686 0
   687 0
   688 0
   689 0
   690 0
   691 0
   692 0
   693 0
   694 0
   695 0
   696 0
   697 0
   698 0
   699 0
   700 0
   701 0
   702 0
   703 0
   704 0
   705 0
   706 0
   707 0
   708 0
   709 0
   710 0
   711 0
   712 0
   713 0
   714 0
   715 0
   716 0
   717 0
   718 0
   719 0
   720 0
   721 0
   722 0
   723 0
   724 0
   725 0
   726 0
   727 0
   728 0
   729 0
   730 0
   731 0
   732 0
   733 0
   734 0
   735 0
   736 0
   737 0
   738 0
   739 0
   740 0
   741 0
   742 0
   743 0
   744 0
   745 0
   746 0
   747 0
   748 0
   749 0
   750 0
   751 0
   752 0
   753 0
   754 0
   755 0
   756 0
   757 0
   758 0
   759 0
   760 0
   761 0
   762 0
   763 0
   764 0
   765 0
   766 0
   767 0
   768 0
   769 0
   770 0
   771 0
   772 0
   773 0
   774 0
   775 0
   776 0
   777 0
   778 0
   779 0
   780 0
   781 0
   782 0
   783 0
   784 0
   785 0
   786 0
   787 0
   788 0
   789 0
   790 0
   791 0
   792 0
   793 0
   794 0
   795 0
   796 0
   797 0
   798 0
   799 0
   800 0
   801 0
   802 0
   803 0
   804 0
   805 0
   806 0
   807 0
   808 0
   809 0
   810 0
   811 0
   812 0
   813 0
   814 0
   815 0
   816 0
   817 0
   818 0
   819 0
   820 0
   821 0
   822 0
   823 0
   824 0
   825 0
   826 0
   827 0
   828 0
   829 0
   830 0
   831 0
   832 0
   833 0
   834 0
   835 0
   836 0
   837 0
   838 0
   839 0
   840 0
   841 0
   842 0
   843 0
   844 0
   845 0
   846 0
   847 0
   848 0
   849 0
   850 0
   851 0
   852 0
   853 0
   854 0
   855 0
   856 0
   857 0
   858 0
   859 0
   860 0
   861 0
   862 0
   863 0
   864 0
   865 0
   866 0
   867 0
   868 0
   869 0
   870 0
   871 0
   872 0
   873 0
   874 0
   875 0
   876 0
   877 0
   878 0
   879 0
   880 0
   881 0
   882 0
   883 0
   884 0
   885 0
   886 0
   887 0
   888 0
   889 0
   890 0
   891 0
   892 0
   893 0
   894 0
   895 0
   896 0
   897 0
   898 0
   899 0
   900 0
   901 0
   902 0
   903 0
   904 0
   905 0
   906 0
   907 0
   908 0
   909 0
   910 0
   911 0
   912 0
   913 0
   914 0
   915 0
   916 0
   917 0
   918 0
   919 0
   920 0
   921 0
   922 0
   923 0
   924 0
   925 0
   926 0
   927 0
   928 0
   929 0
   930 0
   931 0
   932 0
   933 0
   934 0
   935 0
   936 0
   937 0
   938 0
   939 0
   940 0
   941 0
   942 0
   943 0
   944 0
   945 0
   946 0
   947 0
   948 0
   949 0
   950 0
   951 0
   952 0
   953 0
   954 0
   955 0
   956 0
   957 0
   958 0
   959 0
   960 0
   961 0
   962 0
   963 0
   964 0
   965 0
   966 0
   967 0
   968 0
   969 0
   970 0
   971 0
   972 0
   973 0
   974 0
   975 0
   976 0
   977 0
   978 0
   979 0
   980 0
   981 0
   982 0
   983 0
   984 0
   985 0
   986 0
   987 0
   988 0
   989 0
   990 0
   991 0
   992 0
   993 0
   994 0
   995 0
   996 0
   997 0
   998 0
   999 0
   1000 0
   1001 0
   1002 0
   1003 0
   1004 0
   1005 0
   1006 0
   1007 0
   1008 0
   1009 0
   1010 0
   1011 0
   1012 0
   1013 0
   1014 0
   1015 0
   1016 0
   1017 0
   1018 0
   1019 0
   1020 0
   1021 0
   1022 0
   1023 0
   1024 0
   1025 0
   1026 0
   1027 0
   1028 0
   1029 0
   1030 0
   1031 0
   1032 0
   1033 0
   1034 0
   1035 0
   1036 0
   1037 0
   1038 0
   1039 0
   1040 0
   1041 0
   1042 0
   1043 0
   1044 0
   1045 0
   1046 0
   1047 0
   1048 0
   1049 0
   1050 0
   1051 0
   1052 0
   1053 0
   1054 0
   1055 0
   1056 0
   1057 0
   1058 0
   1059 0
   1060 0
   1061 0
   1062 0
   1063 0
   1064 0
   1065 0
   1066 0
   1067 0
   1068 0
   1069 0
   1070 0
   1071 0
   1072 0
   1073 0
   1074 0
   1075 0
   1076 0
   1077 0
   1078 0
   1079 0
   1080 0
   1081 0
   1082 0
   1083 0
   1084 0
   1085 0
   1086 0
   1087 0
   1088 0
   1089 0
   1090 0
   1091 0
   1092 0
   1093 0
   1094 0
   1095 0
   1096 0
   1097 0
   1098 0
   1099 0
   1100 0
   1101 0
   1102 0
   1103 0
   1104 0
   1105 0
   1106 0
   1107 0
   1108 0
   1109 0
   1110 0
   1111 0
   1112 0
   1113 0
   1114 0
   1115 0
   1116 0
   1117 0
   1118 0
   1119 0
   1120 0
   1121 0
   1122 0
   1123 0
   1124 0
   1125 0
   1126 0
   1127 0
   1128 0
   1129 0
   1130 0
   1131 0
   1132 0
   1133 0
   1134 0
   1135 0
   1136 0
   1137 0
   1138 0
   1139 0
   1140 0
   1141 0
   1142 0
   1143 0
   1144 0
   1145 0
   1146 0
   1147 0
   1148 0
   1149 0
   1150 0
   1151 0
   1152 0
   1153 0
   1154 0
   1155 0
   1156 0
   1157 0
   1158 0
   1159 0
   1160 0
   1161 0
   1162 0
   1163 0
   1164 0
   1165 0
   1166 0
   1167 0
   1168 0
   1169 0
   1170 0
   1171 0
   1172 0
   1173 0
   1174 0
   1175 0
   1176 0
   1177 0
   1178 0
   1179 0
   1180 0
   1181 0
   1182 0
   1183 0
   1184 0
   1185 0
   1186 0
   1187 0
   1188 0
   1189 0
   1190 0
   1191 0
   1192 0
   1193 0
   1194 0
   1195 0
   1196 0
   1197 0
   1198 0
   1199 0
   1200 0
   1201 0
   1202 0
   1203 0
   1204 0
   1205 0
   1206 0
   1207 0
   1208 0
   1209 0
   1210 0
   1211 0
   1212 0
   1213 0
   1214 0
   1215 0
   1216 0
   1217 0
   1218 0
   1219 0
   1220 0
   1221 0
   1222 0
   1223 0
   1224 0
   1225 0
   1226 0
   1227 0
   1228 0
   1229 0
   1230 0
   1231 0
   1232 0
   1233 0
   1234 0
   1235 0
   1236 0
   1237 0
   1238 0
   1239 0
   1240 0
   1241 0
   1242 0
   1243 0
   1244 0
   1245 0
   1246 0
   1247 0
   1248 0
   1249 0
   1250 0
   1251 0
   1252 0
   1253 0
   1254 0
   1255 0
   1256 0
   1257 0
   1258 0
   1259 0
   1260 0
   1261 0
   1262 0
   1263 0
   1264 0
   1265 0
   1266 0
   1267 0
   1268 0
   1269 0
   1270 0
   1271 0
   1272 0
   1273 0
   1274 0
   1275 0
   1276 0
   1277 0
   1278 0
   1279 0
   1280 0
   1281 0
   1282 0
   1283 0
   1284 0
   1285 0
   1286 0
   1287 0
   1288 0
   1289 0
   1290 0
   1291 0
   1292 0
   1293 0
   1294 0
   1295 0
   1296 0
   1297 0
   1298 0
   1299 0
   1300 0
   1301 0
   1302 0
   1303 0
   1304 0
   1305 0
   1306 0
   1307 0
   1308 0
   1309 0
   1310 0
   1311 0
   1312 0
   1313 0
   1314 0
   1315 0
   1316 0
   1317 0
   1318 0
   1319 0
   1320 0
   1321 0
   1322 0
   1323 0
   1324 0
   1325 0
   1326 0
   1327 0
   1328 0
   1329 0
   1330 0
   1331 0
   1332 0
   1333 0
   1334 0
   1335 0
   1336 0
   1337 0
   1338 0
   1339 0
   1340 0
   1341 0
   1342 0
   1343 0
   1344 0
   1345 0
   1346 0
   1347 0
   1348 0
   1349 0
   1350 0
   1351 0
   1352 0
   1353 0
   1354 0
   1355 0
   1356 0
   1357 0
   1358 0
   1359 0
   1360 0
   1361 0
   1362 0
   1363 0
   1364 0
   1365 0
   1366 0
   1367 0
   1368 0
   1369 0
   1370 0
   1371 0
   1372 0
   1373 0
   1374 0
   1375 0
   1376 0
   1377 0
   1378 0
   1379 0
   1380 0
   1381 0
   1382 0
   1383 0
   1384 0
   1385 0
   1386 0
   1387 0
   1388 0
   1389 0
   1390 0
   1391 0
   1392 0
   1393 0
   1394 0
   1395 0
   1396 0
   1397 0
   1398 0
   1399 0
   1400 0
   1401 0
   1402 0
   1403 0
   1404 0
   1405 0
   1406 0
   1407 0
   1408 0
   1409 0
   1410 0
   1411 0
   1412 0
   1413 0
   1414 0
   1415 0
   1416 0
   1417 0
   1418 0
   1419 0
   1420 0
   1421 0
   1422 0
   1423 0
   1424 0
   1425 0
   1426 0
   1427 0
   1428 0
   1429 0
   1430 0
   1431 0
   1432 0
   1433 0
   1434 0
   1435 0
   1436 0
   1437 0
   1438 0
   1439 0
   1440 0
   1441 0
   1442 0
   1443 0
   1444 0
   1445 0
   1446 0
   1447 0
   1448 0
   1449 0
   1450 0
   1451 0
   1452 0
   1453 0
   1454 0
   1455 0
   1456 0
   1457 0
   1458 0
   1459 0
   1460 0
   1461 0
   1462 0
   1463 0
   1464 0
   1465 0
   1466 0
   1467 0
   1468 0
   1469 0
   1470 0
   1471 0
   1472 0
   1473 0
   1474 0
   1475 0
   1476 0
   1477 0
   1478 0
   1479 0
   1480 0
   1481 0
   1482 0
   1483 0
   1484 0
   1485 0
   1486 0
   1487 0
   1488 0
   1489 0
   1490 0
   1491 0
   1492 0
   1493 0
   1494 0
   1495 0
   1496 0
   1497 0
   1498 0
   1499 0
   1500 0
   1501 0
   1502 0
   1503 0
   1504 0
   1505 0
   1506 0
   1507 0
   1508 0
   1509 0
   1510 0
   1511 0
   1512 0
   1513 0
   1514 0
   1515 0
   1516 0
   1517 0
   1518 0
   1519 0
   1520 0
   1521 0
   1522 0
   1523 0
   1524 0
   1525 0
   1526 0
   1527 0
   1528 0
   1529 0
   1530 0
   1531 0
   1532 0
   1533 0
   1534 0
   1535 0
   1536 0
   1537 0
   1538 0
   1539 0
   1540 0
   1541 0
   1542 0
   1543 0
   1544 0
   1545 0
   1546 0
   1547 0
   1548 0
   1549 0
   1550 0
   1551 0
   1552 0
   1553 0
   1554 0
   1555 0
   1556 0
   1557 0
   1558 0
   1559 0
   1560 0
   1561 0
   1562 0
   1563 0
   1564 0
   1565 0
   1566 0
   1567 0
   1568 0
   1569 0
   1570 0
   1571 0
   1572 0
   1573 0
   1574 0
   1575 0
   1576 0
   1577 0
   1578 0
   1579 0
   1580 0
   1581 0
   1582 0
   1583 0
   1584 0
   1585 0
   1586 0
   1587 0
   1588 0
   1589 0
   1590 0
   1591 0
   1592 0
   1593 0
   1594 0
   1595 0
   1596 0
   1597 0
   1598 0
   1599 0
   1600 0
   1601 0
   1602 0
   1603 0
   1604 0
   1605 0
   1606 0
   1607 0
   1608 0
   1609 0
   1610 0
   1611 0
   1612 0
   1613 0
   1614 0
   1615 0
   1616 0
   1617 0
   1618 0
   1619 0
   1620 0
   1621 0
   1622 0
   1623 0
   1624 0
   1625 0
   1626 0
   1627 0
   1628 0
   1629 0
   1630 0
   1631 0
   1632 0
   1633 0
   1634 0
   1635 0
   1636 0
   1637 0
   1638 0
   1639 0
   1640 0
   1641 0
   1642 0
   1643 0
   1644 0
   1645 0
   1646 0
   1647 0
   1648 0
   1649 0
   1650 0
   1651 0
   1652 0
   1653 0
   1654 0
   1655 0
   1656 0
   1657 0
   1658 0
   1659 0
   1660 0
   1661 0
   1662 0
   1663 0
   1664 0
   1665 0
   1666 0
   1667 0
   1668 0
   1669 0
   1670 0
   1671 0
   1672 0
   1673 0
   1674 0
   1675 0
   1676 0
   1677 0
   1678 0
   1679 0
   1680 0
   1681 0
   1682 0
   1683 0
   1684 0
   1685 0
   1686 0
   1687 0
   1688 0
   1689 0
   1690 0
   1691 0
   1692 0
   1693 0
   1694 0
   1695 0
   1696 0
   1697 0
   1698 0
   1699 0
   1700 0
   1701 0
   1702 0
   1703 0
   1704 0
   1705 0
   1706 0
   1707 0
   1708 0
   1709 0
   1710 0
   1711 0
   1712 0
   1713 0
   1714 0
   1715 0
   1716 0
   1717 0
   1718 0
   1719 0
   1720 0
   1721 0
   1722 0
   1723 0
   1724 0
   1725 0
   1726 0
   1727 0
   1728 0
   1729 0
   1730 0
   1731 0
   1732 0
   1733 0
   1734 0
   1735 0
   1736 0
   1737 0
   1738 0
   1739 0
   1740 0
   1741 0
   1742 0
   1743 0
   1744 0
   1745 0
   1746 0
   1747 0
   1748 0
   1749 0
   1750 0
   1751 0
   1752 0
   1753 0
   1754 0
   1755 0
   1756 0
   1757 0
   1758 0
   1759 0
   1760 0
   1761 0
   1762 0
   1763 0
   1764 0
   1765 0
   1766 0
   1767 0
   1768 0
   1769 0
   1770 0
   1771 0
   1772 0
   1773 0
   1774 0
   1775 0
   1776 0
   1777 0
   1778 0
   1779 0
   1780 0
   1781 0
   1782 0
   1783 0
   1784 0
   1785 0
   1786 0
   1787 0
   1788 0
   1789 0
   1790 0
   1791 0
   1792 0
   1793 0
   1794 0
   1795 0
   1796 0
   1797 0
   1798 0
   1799 0
   1800 0
   1801 0
   1802 0
   1803 0
   1804 0
   1805 0
   1806 0
   1807 0
   1808 0
   1809 0
   1810 0
   1811 0
   1812 0
   1813 0
   1814 0
   1815 0
   1816 0
   1817 0
   1818 0
   1819 0
   1820 0
   1821 0
   1822 0
   1823 0
   1824 0
   1825 0
   1826 0
   1827 0
   1828 0
   1829 0
   1830 0
   1831 0
   1832 0
   1833 0
   1834 0
   1835 0
   1836 0
   1837 0
   1838 0
   1839 0
   1840 0
   1841 0
   1842 0
   1843 0
   1844 0
   1845 0
   1846 0
   1847 0
   1848 0
   1849 0
   1850 0
   1851 0
   1852 0
   1853 0
   1854 0
   1855 0
   1856 0
   1857 0
   1858 0
   1859 0
   1860 0
   1861 0
   1862 0
   1863 0
   1864 0
   1865 0
   1866 0
   1867 0
   1868 0
   1869 0
   1870 0
   1871 0
   1872 0
   1873 0
   1874 0
   1875 0
   1876 0
   1877 0
   1878 0
   1879 0
   1880 0
   1881 0
   1882 0
   1883 0
   1884 0
   1885 0
   1886 0
   1887 0
   1888 0
   1889 0
   1890 0
   1891 0
   1892 0
   1893 0
   1894 0
   1895 0
   1896 0
   1897 0
   1898 0
   1899 0
   1900 0
   1901 0
   1902 0
   1903 0
   1904 0
   1905 0
   1906 0
   1907 0
   1908 0
   1909 0
   1910 0
   1911 0
   1912 0
   1913 0
   1914 0
   1915 0
   1916 0
   1917 0
   1918 0
   1919 0
   1920 0
   1921 0
   1922 0
   1923 0
   1924 0
   1925 0
   1926 0
   1927 0
   1928 0
   1929 0
   1930 0
   1931 0
   1932 0
   1933 0
   1934 0
   1935 0
   1936 0
   1937 0
   1938 0
   1939 0
   1940 0
   1941 0
   1942 0
   1943 0
   1944 0
   1945 0
   1946 0
   1947 0
   1948 0
   1949 0
   1950 0
   1951 0
   1952 0
   1953 0
   1954 0
   1955 0
   1956 0
   1957 0
   1958 0
   1959 0
   1960 0
   1961 0
   1962 0
   1963 0
   1964 0
   1965 0
   1966 0
   1967 0
   1968 0
   1969 0
   1970 0
   1971 0
   1972 0
   1973 0
   1974 0
   1975 0
   1976 0
   1977 0
   1978 0
   1979 0
   1980 0
   1981 0
   1982 0
   1983 0
   1984 0
   1985 0
   1986 0
   1987 0
   1988 0
   1989 0
   1990 0
   1991 0
   1992 0
   1993 0
   1994 0
   1995 0
   1996 0
   1997 0
   1998 0
   1999 0
   2000 0
   2001 0
   2002 0
   2003 0
   2004 0
   2005 0
   2006 0
   2007 0
   2008 0
   2009 0
   2010 0
   2011 0
   2012 0
   2013 0
   2014 0
   2015 0
   2016 0
   2017 0
   2018 0
   2019 0
   2020 0
   2021 0
   2022 0
   2023 0
   2024 0
   2025 0
   2026 0
   2027 0
   2028 0
   2029 0
   2030 0
   2031 0
   2032 0
   2033 0
   2034 0
   2035 0
   2036 0
   2037 0
   2038 0
   2039 0
   2040 0
   2041 0
   2042 0
   2043 0
   2044 0
   2045 0
   2046 0
   2047 0
   2048 0
   2049 0
   2050 0
   2051 0
   2052 0
   2053 0
   2054 0
   2055 0
   2056 0
   2057 0
   2058 0
   2059 0
   2060 0
   2061 0
   2062 0
   2063 0
   2064 0
   2065 0
   2066 0
   2067 0
   2068 0
   2069 0
   2070 0
   2071 0
   2072 0
   2073 0
   2074 0
   2075 0
   2076 0
   2077 0
   2078 0
   2079 0
   2080 0
   2081 0
   2082 0
   2083 0
   2084 0
   2085 0
   2086 0
   2087 0
   2088 0
   2089 0
   2090 0
   2091 0
   2092 0
   2093 0
   2094 0
   2095 0
   2096 0
   2097 0
   2098 0
   2099 0
   2100 0
   2101 0
   2102 0
   2103 0
   2104 0
   2105 0
   2106 0
   2107 0
   2108 0
   2109 0
   2110 0
   2111 0
   2112 0
   2113 0
   2114 0
   2115 0
   2116 0
   2117 0
   2118 0
   2119 0
   2120 0
   2121 0
   2122 0
   2123 0
   2124 0
   2125 0
   2126 0
   2127 0
   2128 0
   2129 0
   2130 0
   2131 0
   2132 0
   2133 0
   2134 0
   2135 0
   2136 0
   2137 0
   2138 0
   2139 0
   2140 0
   2141 0
   2142 0
   2143 0
   2144 0
   2145 0
   2146 0
   2147 0
   2148 0
   2149 0
   2150 0
   2151 0
   2152 0
   2153 0
   2154 0
   2155 0
   2156 0
   2157 0
   2158 0
   2159 0
   2160 0
   2161 0
   2162 0
   2163 0
   2164 0
   2165 0
   2166 0
   2167 0
   2168 0
   2169 0
   2170 0
   2171 0
   2172 0
   2173 0
   2174 0
   2175 0
   2176 0
   2177 0
   2178 0
   2179 0
   2180 0
   2181 0
   2182 0
   2183 0
   2184 0
   2185 0
   2186 0
   2187 0
   2188 0
   2189 0
   2190 0
   2191 0
   2192 0
   2193 0
   2194 0
   2195 0
   2196 0
   2197 0
   2198 0
   2199 0
   2200 0
   2201 0
   2202 0
   2203 0
   2204 0
   2205 0
   2206 0
   2207 0
   2208 0
   2209 0
   2210 0
   2211 0
   2212 0
   2213 0
   2214 0
   2215 0
   2216 0
   2217 0
   2218 0
   2219 0
   2220 0
   2221 0
   2222 0
   2223 0
   2224 0
   2225 0
   2226 0
   2227 0
   2228 0
   2229 0
   2230 0
   2231 0
   2232 0
   2233 0
   2234 1
   2235 1
   2236 0
   2237 1
   2238 0
   2239 0
   2240 1
   2241 0
   2242 0
   2243 1
   2244 0
   2245 0
   2246 0
   2247 0
   2248 1
   2249 1
HIST END
