STAT START
secs,qlen,thru,msrt,items,nset,nget,nmget,sqt,gqt,mqt,swt,gwt,mwt
1,167,2617.000000000000,0.000000000000,2617,0,2617,0,NaN,0.035849728875,NaN,NaN,0.010747787196,NaN
1,146,3038.000000000000,0.012508229098,3038,0,3038,0,NaN,0.047572417448,NaN,NaN,0.010519179329,NaN
1,160,3076.000000000000,0.047139141743,3076,0,3076,0,NaN,0.048833765877,NaN,NaN,0.010336351566,NaN
1,160,3166.000000000000,0.060644346178,3166,0,3166,0,NaN,0.047912167087,NaN,NaN,0.010153569241,NaN
1,160,2941.000000000000,0.003060183611,2941,0,2941,0,NaN,0.051579060542,NaN,NaN,0.010887395843,NaN
1,158,2932.000000000000,0.000000000000,2932,0,2932,0,NaN,0.052166493241,NaN,NaN,0.010845105887,NaN
1,160,3111.000000000000,0.058502089360,3111,0,3111,0,NaN,0.048921421051,NaN,NaN,0.010297120854,NaN
1,160,2943.000000000000,0.003397893306,2943,0,2943,0,NaN,0.051528449105,NaN,NaN,0.010858528154,NaN
1,160,2933.000000000000,0.000000000000,2933,0,2933,0,NaN,0.051943135672,NaN,NaN,0.010945896738,NaN
1,160,2978.000000000000,0.000000000000,2978,0,2978,0,NaN,0.051126836514,NaN,NaN,0.010706539283,NaN
1,160,2933.000000000000,0.000000000000,2933,0,2933,0,NaN,0.051695597492,NaN,NaN,0.010905913073,NaN
1,127,2932.000000000000,0.000000000000,2932,0,2932,0,NaN,0.051810992387,NaN,NaN,0.010947938637,NaN
1,157,2995.000000000000,0.021035058431,2995,0,2995,0,NaN,0.050992659520,NaN,NaN,0.010648182824,NaN
1,124,3007.000000000000,0.041237113402,3007,0,3007,0,NaN,0.049583403771,NaN,NaN,0.010468706845,NaN
1,159,3038.000000000000,0.001645819618,3038,0,3038,0,NaN,0.050999725907,NaN,NaN,0.010738893048,NaN
1,159,2924.000000000000,0.000000000000,2924,0,2924,0,NaN,0.051560463463,NaN,NaN,0.010902611158,NaN
1,157,2975.000000000000,0.000000000000,2975,0,2975,0,NaN,0.050963843591,NaN,NaN,0.010791095339,NaN
1,160,2983.000000000000,0.000000000000,2983,0,2983,0,NaN,0.050915073727,NaN,NaN,0.010687071281,NaN
1,160,2972.000000000000,0.000000000000,2972,0,2972,0,NaN,0.050922104963,NaN,NaN,0.010764628705,NaN
1,160,2933.000000000000,0.000000000000,2933,0,2933,0,NaN,0.051961294803,NaN,NaN,0.010913288948,NaN
1,160,2932.000000000000,0.000000000000,2932,0,2932,0,NaN,0.052153960040,NaN,NaN,0.010905418562,NaN
1,159,2930.000000000000,0.000000000000,2930,0,2930,0,NaN,0.051679388868,NaN,NaN,0.010937238380,NaN
1,159,2934.000000000000,0.000000000000,2934,0,2934,0,NaN,0.051949834142,NaN,NaN,0.010911040784,NaN
1,160,2933.000000000000,0.000000000000,2933,0,2933,0,NaN,0.052287719089,NaN,NaN,0.010887863621,NaN
1,160,3024.000000000000,0.000000000000,3024,0,3024,0,NaN,0.049620800003,NaN,NaN,0.010587970792,NaN
1,160,2928.000000000000,0.000000000000,2928,0,2928,0,NaN,0.052343949598,NaN,NaN,0.010942624758,NaN
1,160,3148.000000000000,0.040660736976,3148,0,3148,0,NaN,0.048906969660,NaN,NaN,0.010139846829,NaN
1,156,2989.000000000000,0.020742723319,2989,0,2989,0,NaN,0.050640413911,NaN,NaN,0.010722929723,NaN
1,160,2970.000000000000,0.000673400673,2970,0,2970,0,NaN,0.050615277881,NaN,NaN,0.010772731098,NaN
1,160,3038.000000000000,0.000000000000,3038,0,3038,0,NaN,0.050304496409,NaN,NaN,0.010509319687,NaN
1,160,2932.000000000000,0.000000000000,2932,0,2932,0,NaN,0.051838814160,NaN,NaN,0.010920263115,NaN
1,159,2977.000000000000,0.000000000000,2977,0,2977,0,NaN,0.050909497345,NaN,NaN,0.010740798224,NaN
1,160,2931.000000000000,0.000000000000,2931,0,2931,0,NaN,0.051625038897,NaN,NaN,0.010916759207,NaN
1,156,2932.000000000000,0.000000000000,2932,0,2932,0,NaN,0.051959343725,NaN,NaN,0.010917510471,NaN
1,160,2979.000000000000,0.000000000000,2979,0,2979,0,NaN,0.050631234725,NaN,NaN,0.010736167878,NaN
1,160,2933.000000000000,0.000000000000,2933,0,2933,0,NaN,0.051695005448,NaN,NaN,0.010923112013,NaN
1,160,2932.000000000000,0.000000000000,2932,0,2932,0,NaN,0.052058265126,NaN,NaN,0.010895033205,NaN
1,157,2931.000000000000,0.000000000000,2931,0,2931,0,NaN,0.052028950787,NaN,NaN,0.010946993914,NaN
1,153,2979.000000000000,0.000000000000,2979,0,2979,0,NaN,0.050881080843,NaN,NaN,0.010701394230,NaN
1,157,3071.000000000000,0.045913383263,3071,0,3071,0,NaN,0.049767842089,NaN,NaN,0.010428157300,NaN
1,159,3170.000000000000,0.069400630915,3170,0,3170,0,NaN,0.046917251806,NaN,NaN,0.010049559411,NaN
1,160,2981.000000000000,0.007715531701,2981,0,2981,0,NaN,0.051457012843,NaN,NaN,0.010787479031,NaN
1,160,2943.000000000000,0.003397893306,2943,0,2943,0,NaN,0.052100939121,NaN,NaN,0.010861937743,NaN
1,159,3093.000000000000,0.053346265761,3093,0,3093,0,NaN,0.048804338407,NaN,NaN,0.010343640992,NaN
1,158,2949.000000000000,0.005425567989,2949,0,2949,0,NaN,0.051639311522,NaN,NaN,0.010846840165,NaN
1,160,2930.000000000000,0.000341296928,2930,0,2930,0,NaN,0.052248488819,NaN,NaN,0.010914101585,NaN
1,160,2892.000000000000,0.000000000000,2892,0,2892,0,NaN,0.051947434834,NaN,NaN,0.010910791303,NaN
1,150,3105.000000000000,0.045088566828,3105,0,3105,0,NaN,0.049576348562,NaN,NaN,0.010435943566,NaN
1,155,2987.000000000000,0.016069635085,2987,0,2987,0,NaN,0.051112223139,NaN,NaN,0.010711401428,NaN
1,153,2976.000000000000,0.001344086022,2976,0,2976,0,NaN,0.050892436558,NaN,NaN,0.010769933048,NaN
1,153,2936.000000000000,0.000000000000,2936,0,2936,0,NaN,0.051795157471,NaN,NaN,0.010902390351,NaN
1,158,2932.000000000000,0.000000000000,2932,0,2932,0,NaN,0.051523146524,NaN,NaN,0.010886662533,NaN
1,158,2947.000000000000,0.005768578215,2947,0,2947,0,NaN,0.051782088194,NaN,NaN,0.010865984313,NaN
1,159,3126.000000000000,0.047984644914,3126,0,3126,0,NaN,0.048308268219,NaN,NaN,0.010271791202,NaN
1,160,3000.000000000000,0.008000000000,3000,0,3000,0,NaN,0.050778274279,NaN,NaN,0.010620652788,NaN
1,141,2933.000000000000,0.000340947835,2933,0,2933,0,NaN,0.051512483553,NaN,NaN,0.010902891442,NaN
1,159,2932.000000000000,0.000000000000,2932,0,2932,0,NaN,0.051583460517,NaN,NaN,0.010911250433,NaN
1,143,2933.000000000000,0.000000000000,2933,0,2933,0,NaN,0.052069909864,NaN,NaN,0.010909516980,NaN
1,131,2962.000000000000,0.010128291695,2962,0,2962,0,NaN,0.051173910397,NaN,NaN,0.010802939449,NaN
1,160,3070.000000000000,0.045276872964,3070,0,3070,0,NaN,0.049446370926,NaN,NaN,0.010453139863,NaN
1,160,2953.000000000000,0.007111412123,2953,0,2953,0,NaN,0.051714065151,NaN,NaN,0.010803995506,NaN
1,89,2923.000000000000,0.000684228532,2923,0,2923,0,NaN,0.051735867794,NaN,NaN,0.010945967932,NaN
1,147,2942.000000000000,0.000000000000,2942,0,2942,0,NaN,0.051874543133,NaN,NaN,0.010874781212,NaN
1,117,2931.000000000000,0.000000000000,2931,0,2931,0,NaN,0.051843936804,NaN,NaN,0.010913237735,NaN
1,156,2920.000000000000,0.000000000000,2920,0,2920,0,NaN,0.051773685609,NaN,NaN,0.010939614619,NaN
1,132,3039.000000000000,0.000000000000,3039,0,3039,0,NaN,0.049884161370,NaN,NaN,0.010544621452,NaN
1,160,2933.000000000000,0.000000000000,2933,0,2933,0,NaN,0.051490539457,NaN,NaN,0.010910821322,NaN
1,155,2930.000000000000,0.000000000000,2930,0,2930,0,NaN,0.052050174677,NaN,NaN,0.010920653299,NaN
1,160,2959.000000000000,0.010476512335,2959,0,2959,0,NaN,0.051241019609,NaN,NaN,0.010812277820,NaN
1,77,3060.000000000000,0.042483660131,3060,0,3060,0,NaN,0.049579820825,NaN,NaN,0.010455378974,NaN
1,0,1718.000000000000,0.012223515716,1718,0,1718,0,NaN,0.003263008681,NaN,NaN,0.001941297178,NaN
1,0,9.000000000000,0.000000000000,9,0,9,0,NaN,0.000253410778,NaN,NaN,0.001175172000,NaN
STAT END
HIST START
1870
   0 0
   1 0
   2 0
   3 0
   4 2
   5 16
   6 60
   7 121
   8 168
   9 173
   10 158
   11 127
   12 171
   13 155
   14 123
   15 72
   16 54
   17 24
   18 17
   19 8
   20 13
   21 16
   22 8
   23 5
   24 11
   25 9
   26 5
   27 7
   28 1
   29 4
   30 6
   31 6
   32 5
   33 6
   34 1
   35 0
   36 2
   37 2
   38 1
   39 3
   40 5
   41 10
   42 2
   43 3
   44 7
   45 3
   46 1
   47 3
   48 0
   49 4
   50 2
   51 1
   52 1
   53 1
   54 2
   55 2
   56 0
   57 2
   58 6
   59 7
   60 11
   61 10
   62 10
   63 11
   64 10
   65 3
   66 3
   67 4
   68 5
   69 2
   70 2
   71 4
   72 4
   73 1
   74 4
   75 3
   76 4
   77 4
   78 2
   79 2
   80 2
   81 3
   82 5
   83 1
   84 2
   85 4
   86 3
   87 2
   88 3
   89 2
   90 3
   91 3
   92 4
   93 1
   94 0
   95 0
   96 4
   97 1
   98 5
   99 2
   100 1
   101 1
   102 0
   103 2
   104 1
   105 1
   106 2
   107 0
   108 3
   109 2
   110 4
   111 1
   112 3
   113 3
   114 5
   115 2
   116 2
   117 2
   118 2
   119 2
   120 0
   121 1
   122 2
   123 0
   124 1
   125 2
   126 3
   127 4
   128 1
   129 0
   130 2
   131 2
   132 0
   133 1
   134 3
   135 3
   136 1
   137 1
   138 1
   139 0
   140 2
   141 1
   142 2
   143 6
   144 2
   145 1
   146 3
   147 3
   148 2
   149 4
   150 4
   151 0
   152 3
   153 2
   154 3
   155 0
   156 0
   157 4
   158 0
   159 2
   160 1
   161 3
   162 3
   163 1
   164 2
   165 1
   166 0
   167 3
   168 1
   169 3
   170 1
   171 2
   172 0
   173 1
   174 2
   175 4
   176 2
   177 3
   178 2
   179 1
   180 3
   181 3
   182 4
   183 1
   184 2
   185 1
   186 4
   187 2
   188 1
   189 3
   190 6
   191 0
   192 2
   193 0
   194 0
   195 2
   196 3
   197 2
   198 3
   199 5
   200 2
   201 1
   202 3
   203 3
   204 0
   205 7
   206 2
   207 4
   208 1
   209 3
   210 8
   211 2
   212 1
   213 3
   214 5
   215 4
   216 2
   217 4
   218 2
   219 4
   220 3
   221 2
   222 5
   223 4
   224 1
   225 4
   226 1
   227 3
   228 6
   229 4
   230 2
   231 3
   232 2
   233 3
   234 4
   235 0
   236 3
   237 0
   238 4
   239 6
   240 0
   241 4
   242 0
   243 8
   244 4
   245 1
   246 5
   247 1
   248 4
   249 4
   250 6
   251 4
   252 5
   253 4
   254 6
   255 1
   256 7
   257 1
   258 0
   259 5
   260 11
   261 2
   262 8
   263 8
   264 5
   265 5
   266 5
   267 7
   268 3
   269 2
   270 6
   271 1
   272 8
   273 5
   274 2
   275 2
   276 4
   277 7
   278 4
   279 4
   280 5
   281 3
   282 3
   283 4
   284 2
   285 4
   286 1
   287 4
   288 1
   289 1
   290 4
   291 2
   292 9
   293 3
   294 2
   295 4
   296 9
   297 6
   298 5
   299 2
   300 5
   301 15
   302 10
   303 3
   304 10
   305 11
   306 6
   307 7
   308 2
   309 5
   310 4
   311 5
   312 11
   313 10
   314 5
   315 8
   316 5
   317 10
   318 5
   319 9
   320 21
   321 12
   322 10
   323 13
   324 10
   325 9
   326 15
   327 6
   328 9
   329 13
   330 9
   331 9
   332 11
   333 14
   334 10
   335 5
   336 7
   337 4
   338 11
   339 8
   340 8
   341 6
   342 10
   343 8
   344 7
   345 2
   346 12
   347 8
   348 10
   349 5
   350 2
   351 15
   352 8
   353 8
   354 21
   355 11
   356 11
   357 5
   358 6
   359 3
   360 9
   361 13
   362 7
   363 10
   364 8
   365 12
   366 9
   367 12
   368 8
   369 14
   370 13
   371 7
   372 7
   373 5
   374 12
   375 18
   376 15
   377 14
   378 4
   379 14
   380 12
   381 15
   382 16
   383 11
   384 12
   385 15
   386 19
   387 19
   388 29
   389 22
   390 22
   391 26
   392 23
   393 29
   394 31
   395 55
   396 51
   397 57
   398 37
   399 63
   400 58
   401 61
   402 56
   403 62
   404 76
   405 93
   406 82
   407 84
   408 76
   409 64
   410 78
   411 68
   412 84
   413 90
   414 100
   415 110
   416 116
   417 120
   418 95
   419 115
   420 132
   421 154
   422 142
   423 138
   424 136
   425 125
   426 109
   427 118
   428 108
   429 132
   430 122
   431 117
   432 150
   433 128
   434 120
   435 114
   436 106
   437 96
   438 88
   439 80
   440 82
   441 87
   442 92
   443 89
   444 131
   445 95
   446 87
   447 104
   448 96
   449 100
   450 107
   451 108
   452 105
   453 113
   454 125
   455 101
   456 129
   457 133
   458 120
   459 109
   460 122
   461 113
   462 122
   463 139
   464 113
   465 129
   466 124
   467 112
   468 101
   469 104
   470 102
   471 110
   472 117
   473 102
   474 100
   475 117
   476 84
   477 87
   478 120
   479 93
   480 107
   481 104
   482 89
   483 108
   484 96
   485 91
   486 95
   487 113
   488 105
   489 90
   490 100
   491 119
   492 105
   493 92
   494 93
   495 97
   496 120
   497 110
   498 109
   499 114
   500 92
   501 122
   502 138
   503 152
   504 160
   505 135
   506 111
   507 128
   508 141
   509 151
   510 155
   511 121
   512 122
   513 122
   514 132
   515 114
   516 114
   517 139
   518 127
   519 125
   520 128
   521 131
   522 134
   523 113
   524 120
   525 121
   526 125
   527 108
   528 108
   529 133
   530 155
   531 140
   532 164
   533 163
   534 160
   535 152
   536 144
   537 177
   538 180
   539 170
   540 202
   541 214
   542 215
   543 249
   544 306
   545 292
   546 357
   547 397
   548 473
   549 519
   550 633
   551 637
   552 696
   553 768
   554 826
   555 899
   556 928
   557 1033
   558 1038
   559 1100
   560 1112
   561 1229
   562 1197
   563 1202
   564 1251
   565 1251
   566 1201
   567 1173
   568 1097
   569 1118
   570 1080
   571 1054
   572 972
   573 1094
   574 1018
   575 1019
   576 1087
   577 1033
   578 1068
   579 1105
   580 1191
   581 1090
   582 1165
   583 1182
   584 1210
   585 1207
   586 1277
   587 1340
   588 1423
   589 1536
   590 1600
   591 1663
   592 1761
   593 1729
   594 1814
   595 1853
   596 1947
   597 1939
   598 2039
   599 2020
   600 2181
   601 2361
   602 2459
   603 2640
   604 2747
   605 3010
   606 3140
   607 3166
   608 3324
   609 3286
   610 3416
   611 3241
   612 3067
   613 2888
   614 2648
   615 2356
   616 2281
   617 1950
   618 1773
   619 1589
   620 1471
   621 1290
   622 1207
   623 1096
   624 1043
   625 1003
   626 970
   627 955
   628 909
   629 874
   630 834
   631 758
   632 771
   633 712
   634 661
   635 678
   636 641
   637 621
   638 580
   639 573
   640 545
   641 496
   642 484
   643 490
   644 504
   645 461
   646 475
   647 454
   648 420
   649 430
   650 413
   651 419
   652 441
   653 398
   654 467
   655 438
   656 411
   657 470
   658 479
   659 444
   660 441
   661 408
   662 497
   663 518
   664 519
   665 524
   666 501
   667 450
   668 492
   669 437
   670 428
   671 405
   672 394
   673 375
   674 371
   675 383
   676 322
   677 328
   678 324
   679 300
   680 266
   681 281
   682 246
   683 243
   684 234
   685 223
   686 227
   687 220
   688 231
   689 213
   690 241
   691 242
   692 245
   693 252
   694 276
   695 284
   696 308
   697 316
   698 375
   699 386
   700 393
   701 414
   702 446
   703 446
   704 477
   705 509
   706 469
   707 476
   708 490
   709 425
   710 424
   711 462
   712 436
   713 419
   714 427
   715 435
   716 428
   717 408
   718 416
   719 418
   720 371
   721 376
   722 341
   723 288
   724 369
   725 311
   726 303
   727 286
   728 312
   729 289
   730 303
   731 277
   732 295
   733 297
   734 294
   735 334
   736 321
   737 289
   738 305
   739 292
   740 269
   741 274
   742 290
   743 271
   744 280
   745 311
   746 289
   747 310
   748 342
   749 334
   750 360
   751 356
   752 355
   753 349
   754 364
   755 364
   756 312
   757 290
   758 306
   759 295
   760 251
   761 251
   762 223
   763 256
   764 233
   765 215
   766 204
   767 230
   768 227
   769 234
   770 226
   771 190
   772 190
   773 211
   774 220
   775 203
   776 198
   777 181
   778 191
   779 204
   780 193
   781 161
   782 180
   783 187
   784 182
   785 189
   786 170
   787 172
   788 160
   789 149
   790 151
   791 138
   792 115
   793 155
   794 127
   795 131
   796 116
   797 115
   798 104
   799 114
   800 114
   801 121
   802 106
   803 84
   804 103
   805 81
   806 89
   807 83
   808 87
   809 54
   810 58
   811 54
   812 53
   813 65
   814 54
   815 46
   816 42
   817 47
   818 42
   819 36
   820 34
   821 30
   822 31
   823 35
   824 40
   825 29
   826 20
   827 21
   828 30
   829 20
   830 16
   831 16
   832 12
   833 14
   834 12
   835 9
   836 9
   837 9
   838 7
   839 10
   840 10
   841 10
   842 8
   843 12
   844 8
   845 6
   846 8
   847 7
   848 6
   849 6
   850 6
   851 5
   852 5
   853 2
   854 6
   855 3
   856 3
   857 1
   858 2
   859 3
   860 8
   861 5
   862 6
   863 7
   864 7
   865 9
   866 11
   867 13
   868 3
   869 3
   870 2
   871 6
   872 6
   873 6
   874 9
   875 5
   876 4
   877 6
   878 4
   879 4
   880 6
   881 10
   882 7
   883 7
   884 9
   885 5
   886 3
   887 10
   888 7
   889 9
   890 11
   891 7
   892 5
   893 8
   894 11
   895 9
   896 4
   897 5
   898 4
   899 5
   900 3
   901 6
   902 4
   903 4
   904 5
   905 3
   906 12
   907 6
   908 3
   909 7
   910 4
   911 4
   912 7
   913 6
   914 7
   915 3
   916 8
   917 5
   918 3
   919 1
   920 3
   921 1
   922 3
   923 2
   924 3
   925 2
   926 4
   927 2
   928 1
   929 0
   930 1
   931 1
   932 0
   933 2
   934 1
   935 1
   936 2
   937 2
   938 0
   939 1
   940 0
   941 0
   942 2
   943 1
   944 0
   945 2
   946 1
   947 0
   948 3
   949 1
   950 1
   951 0
   952 1
   953 0
   954 3
   955 5
   956 2
   957 2
   958 1
   959 0
   960 0
   961 2
   962 4
   963 6
   964 5
   965 1
   966 1
   967 0
   968 1
   969 3
   970 3
   971 4
   972 3
   973 3
   974 2
   975 7
   976 2
   977 2
   978 3
   979 1
   980 0
   981 2
   982 1
   983 2
   984 0
   985 1
   986 1
   987 2
   988 2
   989 2
   990 1
   991 0
   992 1
   993 0
   994 2
   995 0
   996 0
   997 0
   998 0
   999 0
   1000 0
   1001 0
   1002 3
   1003 0
   1004 1
   1005 0
   1006 1
   1007 0
   1008 1
   1009 2
   1010 0
   1011 1
   1012 0
   1013 0
   1014 0
   1015 0
   1016 0
   1017 0
   1018 0
   1019 0
   1020 0
   1021 0
   1022 0
   1023 0
   1024 0
   1025 1
   1026 1
   1027 0
   1028 0
   1029 1
   1030 0
   1031 2
   1032 2
   1033 1
   1034 2
   1035 2
   1036 2
   1037 0
   1038 2
   1039 0
   1040 2
   1041 0
   1042 1
   1043 1
   1044 0
   1045 1
   1046 1
   1047 1
   1048 1
   1049 0
   1050 0
   1051 0
   1052 1
   1053 1
   1054 0
   1055 0
   1056 0
   1057 0
   1058 0
   1059 0
   1060 0
   1061 0
   1062 0
   1063 1
   1064 0
   1065 0
   1066 0
   1067 1
   1068 0
   1069 0
   1070 0
   1071 0
   1072 0
   1073 1
   1074 0
   1075 1
   1076 0
   1077 0
   1078 0
   1079 0
   1080 0
   1081 0
   1082 1
   1083 0
   1084 0
   1085 0
   1086 0
   1087 0
   1088 0
   1089 0
   1090 1
   1091 0
   1092 0
   1093 0
   1094 0
   1095 0
   1096 0
   1097 0
   1098 0
   1099 2
   1100 1
   1101 1
   1102 1
   1103 0
   1104 0
   1105 0
   1106 0
   1107 0
   1108 1
   1109 0
   1110 0
   1111 1
   1112 0
   1113 1
   1114 0
   1115 0
   1116 1
   1117 1
   1118 0
   1119 1
   1120 1
   1121 1
   1122 0
   1123 0
   1124 0
   1125 0
   1126 0
   1127 0
   1128 0
   1129 0
   1130 0
   1131 0
   1132 0
   1133 0
   1134 0
   1135 0
   1136 0
   1137 0
   1138 0
   1139 0
   1140 0
   1141 0
   1142 0
   1143 0
   1144 0
   1145 0
   1146 0
   1147 1
   1148 0
   1149 0
   1150 0
   1151 0
   1152 0
   1153 0
   1154 0
   1155 0
   1156 0
   1157 0
   1158 0
   1159 0
   1160 0
   1161 0
   1162 0
   1163 0
   1164 0
   1165 0
   1166 0
   1167 0
   1168 0
   1169 0
   1170 0
   1171 0
   1172 2
   1173 0
   1174 0
   1175 0
   1176 1
   1177 0
   1178 0
   1179 1
   1180 1
   1181 0
   1182 0
   1183 2
   1184 0
   1185 0
   1186 0
   1187 0
   1188 0
   1189 0
   1190 0
   1191 0
   1192 2
   1193 0
   1194 0
   1195 0
   1196 0
   1197 0
   1198 0
   1199 0
   1200 1
   1201 0
   1202 0
   1203 0
   1204 1
   1205 0
   1206 0
   1207 0
   1208 0
   1209 0
   1210 1
   1211 0
   1212 0
   1213 0
   1214 0
   1215 0
   1216 0
   1217 0
   1218 0
   1219 0
   1220 0
   1221 0
   1222 0
   1223 0
   1224 0
   1225 0
   1226 0
   1227 0
   1228 0
   1229 0
   1230 0
   1231 0
   1232 0
   1233 0
   1234 0
   1235 0
   1236 0
   1237 0
   1238 0
   1239 0
   1240 1
   1241 0
   1242 0
   1243 0
   1244 0
   1245 1
   1246 0
   1247 0
   1248 0
   1249 0
   1250 0
   1251 0
   1252 1
   1253 0
   1254 0
   1255 0
   1256 0
   1257 0
   1258 0
   1259 0
   1260 0
   1261 0
   1262 0
   1263 0
   1264 0
   1265 0
   1266 0
   1267 0
   1268 0
   1269 1
   1270 0
   1271 0
   1272 0
   1273 0
   1274 0
   1275 0
   1276 0
   1277 0
   1278 0
   1279 0
   1280 0
   1281 0
   1282 0
   1283 0
   1284 0
   1285 0
   1286 0
   1287 0
   1288 0
   1289 0
   1290 0
   1291 0
   1292 0
   1293 0
   1294 0
   1295 0
   1296 0
   1297 0
   1298 0
   1299 0
   1300 0
   1301 0
   1302 0
   1303 0
   1304 0
   1305 0
   1306 0
   1307 0
   1308 0
   1309 0
   1310 0
   1311 0
   1312 0
   1313 0
   1314 0
   1315 0
   1316 0
   1317 0
   1318 0
   1319 0
   1320 0
   1321 0
   1322 0
   1323 0
   1324 0
   1325 0
   1326 0
   1327 0
   1328 0
   1329 0
   1330 0
   1331 0
   1332 0
   1333 0
   1334 0
   1335 0
   1336 0
   1337 0
   1338 0
   1339 0
   1340 0
   1341 0
   1342 0
   1343 0
   1344 0
   1345 0
   1346 0
   1347 0
   1348 0
   1349 0
   1350 0
   1351 0
   1352 0
   1353 0
   1354 0
   1355 0
   1356 0
   1357 0
   1358 0
   1359 0
   1360 0
   1361 0
   1362 0
   1363 0
   1364 0
   1365 0
   1366 0
   1367 0
   1368 0
   1369 0
   1370 0
   1371 0
   1372 0
   1373 1
   1374 0
   1375 0
   1376 0
   1377 0
   1378 0
   1379 0
   1380 0
   1381 0
   1382 0
   1383 0
   1384 1
   1385 0
   1386 0
   1387 0
   1388 0
   1389 0
   1390 0
   1391 0
   1392 0
   1393 0
   1394 0
   1395 0
   1396 0
   1397 0
   1398 0
   1399 0
   1400 0
   1401 0
   1402 0
   1403 0
   1404 1
   1405 1
   1406 0
   1407 0
   1408 0
   1409 0
   1410 0
   1411 0
   1412 0
   1413 0
   1414 0
   1415 0
   1416 0
   1417 0
   1418 0
   1419 0
   1420 0
   1421 0
   1422 0
   1423 0
   1424 0
   1425 0
   1426 0
   1427 0
   1428 0
   1429 0
   1430 0
   1431 0
   1432 0
   1433 0
   1434 0
   1435 0
   1436 0
   1437 0
   1438 0
   1439 0
   1440 0
   1441 0
   1442 0
   1443 0
   1444 0
   1445 0
   1446 0
   1447 0
   1448 0
   1449 0
   1450 0
   1451 0
   1452 0
   1453 0
   1454 0
   1455 0
   1456 0
   1457 0
   1458 0
   1459 0
   1460 0
   1461 0
   1462 0
   1463 0
   1464 0
   1465 0
   1466 0
   1467 0
   1468 0
   1469 1
   1470 0
   1471 0
   1472 0
   1473 0
   1474 0
   1475 0
   1476 0
   1477 0
   1478 0
   1479 0
   1480 0
   1481 0
   1482 0
   1483 0
   1484 0
   1485 0
   1486 0
   1487 0
   1488 0
   1489 0
   1490 0
   1491 0
   1492 0
   1493 0
   1494 0
   1495 0
   1496 0
   1497 0
   1498 0
   1499 0
   1500 0
   1501 0
   1502 0
   1503 0
   1504 0
   1505 0
   1506 0
   1507 0
   1508 0
   1509 0
   1510 0
   1511 0
   1512 0
   1513 0
   1514 0
   1515 0
   1516 0
   1517 0
   1518 0
   1519 0
   1520 0
   1521 0
   1522 0
   1523 0
   1524 0
   1525 0
   1526 0
   1527 0
   1528 0
   1529 0
   1530 0
   1531 0
   1532 0
   1533 0
   1534 0
   1535 0
   1536 0
   1537 0
   1538 0
   1539 0
   1540 0
   1541 0
   1542 0
   1543 0
   1544 0
   1545 0
   1546 0
   1547 0
   1548 0
   1549 0
   1550 0
   1551 0
   1552 0
   1553 0
   1554 0
   1555 0
   1556 0
   1557 0
   1558 0
   1559 0
   1560 0
   1561 0
   1562 1
   1563 0
   1564 0
   1565 0
   1566 0
   1567 0
   1568 0
   1569 0
   1570 0
   1571 0
   1572 0
   1573 0
   1574 0
   1575 0
   1576 0
   1577 0
   1578 0
   1579 0
   1580 0
   1581 0
   1582 0
   1583 0
   1584 0
   1585 0
   1586 0
   1587 0
   1588 0
   1589 0
   1590 0
   1591 0
   1592 0
   1593 0
   1594 0
   1595 0
   1596 0
   1597 0
   1598 1
   1599 0
   1600 0
   1601 0
   1602 0
   1603 0
   1604 0
   1605 0
   1606 0
   1607 0
   1608 1
   1609 0
   1610 0
   1611 0
   1612 0
   1613 0
   1614 0
   1615 0
   1616 0
   1617 1
   1618 0
   1619 0
   1620 0
   1621 0
   1622 0
   1623 0
   1624 0
   1625 1
   1626 0
   1627 0
   1628 0
   1629 0
   1630 0
   1631 0
   1632 0
   1633 1
   1634 0
   1635 0
   1636 0
   1637 0
   1638 0
   1639 0
   1640 0
   1641 0
   1642 0
   1643 0
   1644 0
   1645 0
   1646 0
   1647 0
   1648 0
   1649 0
   1650 0
   1651 0
   1652 0
   1653 0
   1654 0
   1655 0
   1656 0
   1657 0
   1658 0
   1659 1
   1660 1
   1661 0
   1662 0
   1663 0
   1664 0
   1665 0
   1666 0
   1667 0
   1668 0
   1669 0
   1670 0
   1671 0
   1672 0
   1673 0
   1674 0
   1675 0
   1676 0
   1677 1
   1678 0
   1679 0
   1680 0
   1681 0
   1682 0
   1683 1
   1684 0
   1685 0
   1686 0
   1687 0
   1688 0
   1689 0
   1690 0
   1691 0
   1692 0
   1693 0
   1694 0
   1695 0
   1696 0
   1697 0
   1698 0
   1699 0
   1700 0
   1701 0
   1702 0
   1703 0
   1704 0
   1705 0
   1706 0
   1707 0
   1708 0
   1709 0
   1710 0
   1711 0
   1712 0
   1713 1
   1714 0
   1715 0
   1716 0
   1717 0
   1718 0
   1719 0
   1720 0
   1721 0
   1722 0
   1723 0
   1724 0
   1725 0
   1726 0
   1727 0
   1728 1
   1729 0
   1730 0
   1731 0
   1732 0
   1733 0
   1734 0
   1735 0
   1736 0
   1737 0
   1738 0
   1739 0
   1740 0
   1741 0
   1742 1
   1743 0
   1744 0
   1745 0
   1746 0
   1747 0
   1748 0
   1749 0
   1750 0
   1751 0
   1752 0
   1753 0
   1754 0
   1755 1
   1756 0
   1757 0
   1758 0
   1759 0
   1760 0
   1761 0
   1762 0
   1763 0
   1764 0
   1765 0
   1766 0
   1767 0
   1768 0
   1769 0
   1770 1
   1771 0
   1772 0
   1773 0
   1774 0
   1775 0
   1776 0
   1777 0
   1778 0
   1779 0
   1780 0
   1781 0
   1782 0
   1783 0
   1784 0
   1785 0
   1786 0
   1787 0
   1788 0
   1789 0
   1790 0
   1791 0
   1792 0
   1793 0
   1794 0
   1795 0
   1796 0
   1797 0
   1798 0
   1799 0
   1800 0
   1801 0
   1802 0
   1803 0
   1804 0
   1805 0
   1806 0
   1807 0
   1808 0
   1809 0
   1810 0
   1811 0
   1812 0
   1813 0
   1814 0
   1815 0
   1816 0
   1817 0
   1818 0
   1819 0
   1820 0
   1821 0
   1822 0
   1823 0
   1824 0
   1825 0
   1826 0
   1827 0
   1828 0
   1829 0
   1830 0
   1831 0
   1832 0
   1833 0
   1834 0
   1835 0
   1836 0
   1837 0
   1838 0
   1839 0
   1840 0
   1841 0
   1842 0
   1843 0
   1844 0
   1845 0
   1846 0
   1847 0
   1848 0
   1849 0
   1850 0
   1851 0
   1852 0
   1853 0
   1854 0
   1855 0
   1856 0
   1857 1
   1858 0
   1859 0
   1860 0
   1861 0
   1862 0
   1863 0
   1864 0
   1865 1
   1866 0
   1867 0
   1868 0
   1869 1
HIST END
