STAT START
secs,qlen,thru,msrt,items,nset,nget,nmget,sqt,gqt,mqt,swt,gwt,mwt
1,0,1024.000000000000,NaN,0,1024,0,0,0.000277861445,NaN,NaN,0.003479264294,NaN,NaN
1,0,1621.000000000000,NaN,0,1621,0,0,0.000235898202,NaN,NaN,0.003453698138,NaN,NaN
1,0,1591.000000000000,NaN,0,1591,0,0,0.000316297891,NaN,NaN,0.003246110648,NaN,NaN
1,0,1553.000000000000,NaN,0,1553,0,0,0.000258537892,NaN,NaN,0.004014409514,NaN,NaN
1,0,1622.000000000000,NaN,0,1622,0,0,0.000255243176,NaN,NaN,0.003473947384,NaN,NaN
1,0,1767.000000000000,NaN,0,1767,0,0,0.000244140044,NaN,NaN,0.003243706335,NaN,NaN
1,10,1644.000000000000,NaN,0,1644,0,0,0.000365242185,NaN,NaN,0.002884818497,NaN,NaN
1,0,1541.000000000000,NaN,0,1541,0,0,0.000276849114,NaN,NaN,0.003935706370,NaN,NaN
1,0,1650.000000000000,NaN,0,1650,0,0,0.000280132455,NaN,NaN,0.003574124915,NaN,NaN
1,0,1599.000000000000,NaN,0,1599,0,0,0.000273433821,NaN,NaN,0.003453612098,NaN,NaN
1,0,1554.000000000000,NaN,0,1554,0,0,0.000267144377,NaN,NaN,0.003958145817,NaN,NaN
1,1,1680.000000000000,NaN,0,1680,0,0,0.000254775962,NaN,NaN,0.003097131323,NaN,NaN
1,0,1688.000000000000,NaN,0,1688,0,0,0.000231761997,NaN,NaN,0.003285305050,NaN,NaN
1,0,1675.000000000000,NaN,0,1675,0,0,0.000247331362,NaN,NaN,0.003238700376,NaN,NaN
1,0,1584.000000000000,NaN,0,1584,0,0,0.000263076508,NaN,NaN,0.004143643512,NaN,NaN
1,0,1691.000000000000,NaN,0,1691,0,0,0.000316559406,NaN,NaN,0.002913432554,NaN,NaN
1,0,1647.000000000000,NaN,0,1647,0,0,0.000335880311,NaN,NaN,0.003207362163,NaN,NaN
1,0,1672.000000000000,NaN,0,1672,0,0,0.000259174258,NaN,NaN,0.003841058812,NaN,NaN
1,0,1565.000000000000,NaN,0,1565,0,0,0.000262769194,NaN,NaN,0.003848385008,NaN,NaN
1,0,1595.000000000000,NaN,0,1595,0,0,0.000257169021,NaN,NaN,0.003727913746,NaN,NaN
1,4,1743.000000000000,NaN,0,1743,0,0,0.000277117573,NaN,NaN,0.003380200453,NaN,NaN
1,0,1801.000000000000,NaN,0,1801,0,0,0.000261492390,NaN,NaN,0.002679017202,NaN,NaN
1,0,1741.000000000000,NaN,0,1741,0,0,0.000267411962,NaN,NaN,0.002945734367,NaN,NaN
1,0,1724.000000000000,NaN,0,1724,0,0,0.000249096881,NaN,NaN,0.003077846129,NaN,NaN
1,0,1672.000000000000,NaN,0,1672,0,0,0.000270048390,NaN,NaN,0.003015294621,NaN,NaN
1,0,1573.000000000000,NaN,0,1573,0,0,0.000288274894,NaN,NaN,0.003859538507,NaN,NaN
1,0,1781.000000000000,NaN,0,1781,0,0,0.000241142696,NaN,NaN,0.003220254760,NaN,NaN
1,0,1667.000000000000,NaN,0,1667,0,0,0.000237615627,NaN,NaN,0.003333223349,NaN,NaN
1,0,1596.000000000000,NaN,0,1596,0,0,0.000270536522,NaN,NaN,0.003025805320,NaN,NaN
1,0,1671.000000000000,NaN,0,1671,0,0,0.000259045700,NaN,NaN,0.003140594332,NaN,NaN
1,0,1700.000000000000,NaN,0,1700,0,0,0.000294537248,NaN,NaN,0.003028156844,NaN,NaN
1,0,1757.000000000000,NaN,0,1757,0,0,0.000281313965,NaN,NaN,0.003026951941,NaN,NaN
1,0,1659.000000000000,NaN,0,1659,0,0,0.000327270121,NaN,NaN,0.003202314890,NaN,NaN
1,0,1677.000000000000,NaN,0,1677,0,0,0.000268624833,NaN,NaN,0.003223256168,NaN,NaN
1,0,1576.000000000000,NaN,0,1576,0,0,0.000267270192,NaN,NaN,0.003507808966,NaN,NaN
1,0,1648.000000000000,NaN,0,1648,0,0,0.000261944318,NaN,NaN,0.003333913749,NaN,NaN
1,0,1529.000000000000,NaN,0,1529,0,0,0.000263374103,NaN,NaN,0.003442565272,NaN,NaN
1,0,1693.000000000000,NaN,0,1693,0,0,0.000247611880,NaN,NaN,0.003261482373,NaN,NaN
1,0,1620.000000000000,NaN,0,1620,0,0,0.000321022740,NaN,NaN,0.003563695967,NaN,NaN
1,0,1711.000000000000,NaN,0,1711,0,0,0.000250885688,NaN,NaN,0.003496975939,NaN,NaN
1,0,1766.000000000000,NaN,0,1766,0,0,0.000309737971,NaN,NaN,0.002805649933,NaN,NaN
1,0,1607.000000000000,NaN,0,1607,0,0,0.000309053661,NaN,NaN,0.003301140047,NaN,NaN
1,0,1577.000000000000,NaN,0,1577,0,0,0.000281526460,NaN,NaN,0.003729989936,NaN,NaN
1,0,1558.000000000000,NaN,0,1558,0,0,0.000333369479,NaN,NaN,0.003386400651,NaN,NaN
1,3,1700.000000000000,NaN,0,1700,0,0,0.000264104961,NaN,NaN,0.003231117548,NaN,NaN
1,0,1712.000000000000,NaN,0,1712,0,0,0.000254317172,NaN,NaN,0.003077041834,NaN,NaN
1,0,1598.000000000000,NaN,0,1598,0,0,0.000273410068,NaN,NaN,0.003417754519,NaN,NaN
1,0,1586.000000000000,NaN,0,1586,0,0,0.000278233634,NaN,NaN,0.003656322595,NaN,NaN
1,0,1530.000000000000,NaN,0,1530,0,0,0.000298264675,NaN,NaN,0.003627219376,NaN,NaN
1,0,1632.000000000000,NaN,0,1632,0,0,0.000313401956,NaN,NaN,0.003319856890,NaN,NaN
1,1,1676.000000000000,NaN,0,1676,0,0,0.000297624838,NaN,NaN,0.003449930949,NaN,NaN
1,0,1615.000000000000,NaN,0,1615,0,0,0.000260073850,NaN,NaN,0.003308538424,NaN,NaN
1,0,1668.000000000000,NaN,0,1668,0,0,0.000271743504,NaN,NaN,0.003227179903,NaN,NaN
1,5,1636.000000000000,NaN,0,1636,0,0,0.000258245864,NaN,NaN,0.003352100895,NaN,NaN
1,0,1541.000000000000,NaN,0,1541,0,0,0.000273741724,NaN,NaN,0.003971426275,NaN,NaN
1,0,1504.000000000000,NaN,0,1504,0,0,0.000276093252,NaN,NaN,0.003774800758,NaN,NaN
1,0,1552.000000000000,NaN,0,1552,0,0,0.000252772372,NaN,NaN,0.003534662564,NaN,NaN
1,0,1477.000000000000,NaN,0,1477,0,0,0.000287620768,NaN,NaN,0.003496474753,NaN,NaN
1,0,1573.000000000000,NaN,0,1573,0,0,0.000313393687,NaN,NaN,0.003328953519,NaN,NaN
1,0,1691.000000000000,NaN,0,1691,0,0,0.000272540789,NaN,NaN,0.003127219795,NaN,NaN
1,0,1663.000000000000,NaN,0,1663,0,0,0.000255046302,NaN,NaN,0.003316417332,NaN,NaN
1,0,1568.000000000000,NaN,0,1568,0,0,0.000314920923,NaN,NaN,0.003532905651,NaN,NaN
1,0,1657.000000000000,NaN,0,1657,0,0,0.000300520855,NaN,NaN,0.002869244010,NaN,NaN
1,0,1541.000000000000,NaN,0,1541,0,0,0.000270797823,NaN,NaN,0.003729447351,NaN,NaN
1,0,1495.000000000000,NaN,0,1495,0,0,0.000306063133,NaN,NaN,0.003597048173,NaN,NaN
1,0,1604.000000000000,NaN,0,1604,0,0,0.000286744279,NaN,NaN,0.003316474989,NaN,NaN
1,0,1705.000000000000,NaN,0,1705,0,0,0.000278238531,NaN,NaN,0.002912963633,NaN,NaN
1,0,1644.000000000000,NaN,0,1644,0,0,0.000266270922,NaN,NaN,0.003650106686,NaN,NaN
1,0,1498.000000000000,NaN,0,1498,0,0,0.000286354653,NaN,NaN,0.003530617836,NaN,NaN
1,0,1575.000000000000,NaN,0,1575,0,0,0.000262104850,NaN,NaN,0.003238430634,NaN,NaN
1,0,600.000000000000,NaN,0,600,0,0,0.000193269698,NaN,NaN,0.002332019717,NaN,NaN
STAT END
HIST START
230
   0 0
   1 0
   2 0
   3 0
   4 0
   5 0
   6 0
   7 0
   8 28
   9 208
   10 709
   11 1257
   12 1976
   13 2779
   14 3491
   15 4143
   16 4779
   17 5323
   18 5658
   19 6154
   20 6257
   21 6285
   22 5826
   23 5593
   24 5016
   25 4393
   26 4022
   27 3231
   28 2367
   29 1514
   30 1251
   31 893
   32 724
   33 729
   34 623
   35 467
   36 477
   37 519
   38 364
   39 299
   40 300
   41 269
   42 261
   43 250
   44 241
   45 144
   46 167
   47 160
   48 94
   49 116
   50 81
   51 80
   52 76
   53 66
   54 55
   55 65
   56 58
   57 50
   58 41
   59 57
   60 42
   61 44
   62 65
   63 115
   64 117
   65 114
   66 206
   67 263
   68 295
   69 333
   70 389
   71 472
   72 602
   73 694
   74 789
   75 803
   76 846
   77 836
   78 782
   79 679
   80 654
   81 568
   82 489
   83 410
   84 372
   85 320
   86 314
   87 288
   88 281
   89 248
   90 276
   91 316
   92 420
   93 541
   94 601
   95 722
   96 701
   97 752
   98 730
   99 997
   100 1111
   101 1037
   102 949
   103 836
   104 578
   105 308
   106 197
   107 81
   108 56
   109 39
   110 33
   111 28
   112 32
   113 26
   114 21
   115 23
   116 17
   117 7
   118 6
   119 5
   120 9
   121 9
   122 23
   123 13
   124 5
   125 5
   126 13
   127 5
   128 5
   129 6
   130 12
   131 2
   132 5
   133 3
   134 3
   135 0
   136 1
   137 2
   138 7
   139 9
   140 3
   141 3
   142 6
   143 4
   144 5
   145 6
   146 11
   147 5
   148 1
   149 4
   150 2
   151 9
   152 2
   153 3
   154 1
   155 3
   156 2
   157 5
   158 1
   159 2
   160 1
   161 8
   162 3
   163 6
   164 3
   165 5
   166 2
   167 5
   168 3
   169 1
   170 9
   171 7
   172 13
   173 5
   174 11
   175 8
   176 9
   177 4
   178 4
   179 5
   180 1
   181 2
   182 1
   183 2
   184 4
   185 2
   186 4
   187 3
   188 3
   189 0
   190 4
   191 1
   192 0
   193 0
   194 1
   195 5
   196 4
   197 4
   198 2
   199 5
   200 2
   201 0
   202 0
   203 0
   204 0
   205 0
   206 0
   207 0
   208 1
   209 1
   210 1
   211 0
   212 0
   213 0
   214 0
   215 0
   216 1
   217 0
   218 0
   219 0
   220 0
   221 0
   222 0
   223 0
   224 0
   225 0
   226 0
   227 0
   228 6
   229 2
HIST END
