[7l----total-cpu-usage---- -dsk/total- -net/total- ---paging-- ---system--
usr sys idl wai hiq siq| read  writ| recv  send|  in   out | int   csw 
  6   2  91   0   0   0|  27k  301k|   0     0 |   0     0 |1329  3631 
 14   1  85   0   0   0|   0     0 | 898k  833k|   0     0 | 914  2231 
 26   5  69   0   0   1|   0     0 |7846k   21M|   0     0 |2178  7295 
 15   4  80   0   0   1|   0     0 |8376k   22M|   0     0 |1596  6323 
 14   5  79   0   0   2|   0     0 |9159k   24M|   0     0 |2028  6457 
 12   3  84   0   0   1|   0     0 |8709k   23M|   0     0 |2498  6291 
 15   4  80   0   0   1|   0     0 |9129k   24M|   0     0 |2477  6083 
 13   4  81   0   0   1|   0     0 |8613k   22M|   0     0 |2443  6241 
 12   4  84   0   0   1|   0     0 |8351k   22M|   0     0 |2304  6041 
 12   3  84   0   0   0|   0     0 |8839k   23M|   0     0 |2374  5977 
 19   4  75   0   0   1|   0     0 |8293k   22M|   0     0 |2488  5962 
 16   4  79   0   0   1|   0     0 |8710k   22M|   0     0 |2543  5951 
 12   4  84   0   0   1|   0     0 |8484k   22M|   0     0 |2423  5873 
 13   4  83   0   0   1|   0    24k|8950k   23M|   0     0 |2576  6429 
 11   4  84   0   0   1|   0     0 |8786k   23M|   0     0 |2500  6409 
 11   5  84   0   0   1|   0     0 |8881k   23M|   0     0 |2577  6346 
 12   3  84   0   0   1|   0     0 |9120k   24M|   0     0 |2543  6244 
 11   5  84   0   0   1|   0     0 |8442k   22M|   0     0 |2378  5786 
 11   4  84   0   0   1|   0  4096B|8465k   22M|   0     0 |2360  5693 
 11   5  83   0   0   1|   0     0 |8933k   23M|   0     0 |2558  6348 
 11   4  84   0   0   1|   0     0 |8747k   23M|   0     0 |2524  6351 
 11   4  84   0   0   1|   0     0 |8440k   22M|   0     0 |2405  5907 
 11   3  85   0   0   1|   0     0 |9069k   24M|   0     0 |2477  5858 
 11   4  84   0   0   1|   0     0 |8842k   23M|   0     0 |2376  5711 
 11   4  85   0   0   1|   0     0 |8519k   22M|   0     0 |2355  5384 
 12   3  84   0   0   1|   0     0 |8773k   23M|   0     0 |2310  5690 
 12   3  85   0   0   1|   0     0 |9244k   24M|   0     0 |2545  6424 
 11   3  86   0   0   1|   0     0 |7876k   21M|   0     0 |2336  5529 
 10   3  86   0   0   1|   0     0 |7398k   19M|   0     0 |2134  4965 
 10   3  86   0   0   1|   0    32k|8393k   22M|   0     0 |2310  5291 
 11   3  86   0   0   1|   0     0 |8440k   22M|   0     0 |2616  6201 
 10   4  84   1   0   1|   0    28k|9092k   24M|   0     0 |2314  5776 
 10   4  84   0   0   1|   0     0 |8791k   23M|   0     0 |2492  6129 
 11   4  84   0   0   1|   0     0 |8799k   23M|   0     0 |2468  6120 
 12   4  84   0   0   1|   0    40k|8435k   22M|   0     0 |2357  5839 
 12   4  83   0   0   1|   0     0 |9110k   24M|   0     0 |2475  6178 
 11   3  85   0   0   1|   0     0 |8764k   23M|   0     0 |2318  6002 
 10   4  85   0   0   1|   0     0 |8519k   22M|   0     0 |2589  6200 
 10   3  85   0   0   1|   0     0 |8599k   22M|   0     0 |2451  5979 
 11   3  85   0   0   1|   0     0 |8755k   23M|   0     0 |2395  5992 
 11   4  84   0   0   1|   0     0 |8627k   23M|   0     0 |2562  6157 
 11   4  84   0   0   1|   0     0 |8583k   22M|   0     0 |2619  6160 
 10   4  85   0   0   1|   0     0 |8661k   23M|   0     0 |2535  5978 
 10   3  87   0   0   1|   0     0 |8453k   22M|   0     0 |2371  5911 
 11   4  85   0   0   1|   0     0 |9195k   24M|   0     0 |2617  6374 
 11   3  85   0   0   1|   0     0 |7974k   21M|   0     0 |2419  6133 
 11   3  85   0   0   1|   0     0 |8370k   22M|   0     0 |2433  6101 
 11   4  84   0   0   1|   0     0 |8963k   23M|   0     0 |2650  6424 
 11   4  84   0   0   1|   0     0 |7960k   21M|   0     0 |2366  5730 
 12   4  83   0   0   1|   0     0 |8426k   22M|   0     0 |2447  6020 
 12   3  84   0   0   0|   0     0 |9579k   25M|   0     0 |2652  6496 
 11   4  84   0   0   1|   0     0 |8487k   22M|   0     0 |2460  6047 
 11   4  84   0   0   1|   0     0 |8763k   23M|   0     0 |2394  5857 
 11   4  85   0   0   1|   0     0 |8764k   23M|   0     0 |2429  5643 
 10   3  87   0   0   0|   0     0 |8445k   22M|   0     0 |2379  5717 
 11   4  85   0   0   1|   0     0 |8822k   23M|   0     0 |2683  6423 
 11   2  86   0   0   1|   0     0 |8148k   21M|   0     0 |2488  5995 
 12   5  82   0   0   1|   0     0 |8620k   22M|   0     0 |2573  6379 
 15   3  81   0   0   1|   0     0 |9192k   24M|   0     0 |2473  6034 
 11   4  85   0   0   1|   0    20k|9045k   23M|   0     0 |2375  5772 
 10   4  85   0   0   1|   0     0 |8525k   22M|   0     0 |2478  6098 
 11   4  83   0   0   0|   0    20k|9165k   24M|   0     0 |2461  5976 
 13   4  83   0   0   1|   0     0 |8411k   22M|   0     0 |2432  5805 
 12   4  83   0   0   1|   0     0 |8098k   21M|   0     0 |2414  5845 
 11   5  83   0   0   1|   0     0 |8835k   23M|   0     0 |2301  5623 
 11   3  85   0   0   1|   0    16k|8271k   22M|   0     0 |2287  5589 
 11   4  84   0   0   1|   0     0 |9002k   24M|   0     0 |2450  5930 
 11   3  85   0   0   1|   0     0 |8461k   22M|   0     0 |2579  6044 
 11   4  84   0   0   1|   0     0 |8568k   22M|   0     0 |2344  5749 
 11   5  83   0   0   1|   0     0 |8850k   23M|   0     0 |2554  6063 
 11   4  83   0   0   1|   0     0 |8956k   23M|   0     0 |2540  6207 
