STAT START
secs,qlen,thru,msrt,items,nset,nget,nmget,sqt,gqt,mqt,swt,gwt,mwt
1,133,1581.000000000000,NaN,0,1581,0,0,0.074122627440,NaN,NaN,0.004961633127,NaN,NaN
1,128,2024.000000000000,NaN,0,2024,0,0,0.066314286978,NaN,NaN,0.003940762800,NaN,NaN
1,135,1957.000000000000,NaN,0,1957,0,0,0.066452407289,NaN,NaN,0.004032234167,NaN,NaN
1,133,2166.000000000000,NaN,0,2166,0,0,0.062626523511,NaN,NaN,0.003745062168,NaN,NaN
1,132,2044.000000000000,NaN,0,2044,0,0,0.064700697648,NaN,NaN,0.003907318229,NaN,NaN
1,136,2133.000000000000,NaN,0,2133,0,0,0.062285498076,NaN,NaN,0.003748803139,NaN,NaN
1,132,1984.000000000000,NaN,0,1984,0,0,0.066779438474,NaN,NaN,0.004026924739,NaN,NaN
1,134,1904.000000000000,NaN,0,1904,0,0,0.068742521294,NaN,NaN,0.004193423927,NaN,NaN
1,133,1972.000000000000,NaN,0,1972,0,0,0.067868679718,NaN,NaN,0.004059931925,NaN,NaN
1,131,2154.000000000000,NaN,0,2154,0,0,0.061955854156,NaN,NaN,0.003711588073,NaN,NaN
1,135,2235.000000000000,NaN,0,2235,0,0,0.058802615473,NaN,NaN,0.003561332695,NaN,NaN
1,133,2100.000000000000,NaN,0,2100,0,0,0.063581238241,NaN,NaN,0.003825881751,NaN,NaN
1,135,2176.000000000000,NaN,0,2176,0,0,0.060741694343,NaN,NaN,0.003670885525,NaN,NaN
1,123,2086.000000000000,NaN,0,2086,0,0,0.063335432280,NaN,NaN,0.003837040685,NaN,NaN
1,134,2140.000000000000,NaN,0,2140,0,0,0.062026197063,NaN,NaN,0.003735906745,NaN,NaN
1,134,2050.000000000000,NaN,0,2050,0,0,0.064738719031,NaN,NaN,0.003899877434,NaN,NaN
1,136,2164.000000000000,NaN,0,2164,0,0,0.061331349830,NaN,NaN,0.003691215491,NaN,NaN
1,135,2207.000000000000,NaN,0,2207,0,0,0.059921223840,NaN,NaN,0.003621377183,NaN,NaN
1,126,2077.000000000000,NaN,0,2077,0,0,0.063053554525,NaN,NaN,0.003854569668,NaN,NaN
1,128,2101.000000000000,NaN,0,2101,0,0,0.063697933794,NaN,NaN,0.003777788734,NaN,NaN
1,122,2215.000000000000,NaN,0,2215,0,0,0.059350736494,NaN,NaN,0.003641624851,NaN,NaN
1,135,2020.000000000000,NaN,0,2020,0,0,0.065916848147,NaN,NaN,0.003952965806,NaN,NaN
1,127,2197.000000000000,NaN,0,2197,0,0,0.060737445557,NaN,NaN,0.003642129857,NaN,NaN
1,123,2133.000000000000,NaN,0,2133,0,0,0.061500717561,NaN,NaN,0.003747216674,NaN,NaN
1,134,2074.000000000000,NaN,0,2074,0,0,0.064276606176,NaN,NaN,0.003854903365,NaN,NaN
1,136,2155.000000000000,NaN,0,2155,0,0,0.060874920551,NaN,NaN,0.003699603154,NaN,NaN
1,133,2136.000000000000,NaN,0,2136,0,0,0.062867084325,NaN,NaN,0.003753290488,NaN,NaN
1,134,2078.000000000000,NaN,0,2078,0,0,0.063673267268,NaN,NaN,0.003845995848,NaN,NaN
1,136,2251.000000000000,NaN,0,2251,0,0,0.058051204554,NaN,NaN,0.003543777977,NaN,NaN
1,136,2087.000000000000,NaN,0,2087,0,0,0.063859932226,NaN,NaN,0.003837714258,NaN,NaN
1,136,2247.000000000000,NaN,0,2247,0,0,0.059025233795,NaN,NaN,0.003567194299,NaN,NaN
1,135,2006.000000000000,NaN,0,2006,0,0,0.065762682929,NaN,NaN,0.003965101769,NaN,NaN
1,131,2027.000000000000,NaN,0,2027,0,0,0.066050040508,NaN,NaN,0.003975215177,NaN,NaN
1,135,1935.000000000000,NaN,0,1935,0,0,0.068716825670,NaN,NaN,0.004125575231,NaN,NaN
1,130,2016.000000000000,NaN,0,2016,0,0,0.066372603187,NaN,NaN,0.003974180947,NaN,NaN
1,136,2043.000000000000,NaN,0,2043,0,0,0.064881587737,NaN,NaN,0.003920648793,NaN,NaN
1,133,1990.000000000000,NaN,0,1990,0,0,0.066663391048,NaN,NaN,0.003998647530,NaN,NaN
1,134,2046.000000000000,NaN,0,2046,0,0,0.064692727647,NaN,NaN,0.003914170327,NaN,NaN
1,122,2030.000000000000,NaN,0,2030,0,0,0.065281618902,NaN,NaN,0.003936252177,NaN,NaN
1,134,2070.000000000000,NaN,0,2070,0,0,0.063820569388,NaN,NaN,0.003866901779,NaN,NaN
1,135,2090.000000000000,NaN,0,2090,0,0,0.062902948051,NaN,NaN,0.003811270878,NaN,NaN
1,133,2008.000000000000,NaN,0,2008,0,0,0.065900282051,NaN,NaN,0.003978959627,NaN,NaN
1,133,1899.000000000000,NaN,0,1899,0,0,0.070428046944,NaN,NaN,0.004221714401,NaN,NaN
1,134,2053.000000000000,NaN,0,2053,0,0,0.064841269556,NaN,NaN,0.003897335307,NaN,NaN
1,136,2060.000000000000,NaN,0,2060,0,0,0.064185287177,NaN,NaN,0.003871507371,NaN,NaN
1,132,2071.000000000000,NaN,0,2071,0,0,0.064278124447,NaN,NaN,0.003880212523,NaN,NaN
1,135,2065.000000000000,NaN,0,2065,0,0,0.064035467862,NaN,NaN,0.003868109268,NaN,NaN
1,133,2005.000000000000,NaN,0,2005,0,0,0.066751360341,NaN,NaN,0.003993897572,NaN,NaN
1,132,1996.000000000000,NaN,0,1996,0,0,0.066446772493,NaN,NaN,0.004001715456,NaN,NaN
1,130,1808.000000000000,NaN,0,1808,0,0,0.072840158550,NaN,NaN,0.004423726106,NaN,NaN
1,136,2035.000000000000,NaN,0,2035,0,0,0.065516606906,NaN,NaN,0.003925783814,NaN,NaN
1,131,1996.000000000000,NaN,0,1996,0,0,0.066513375714,NaN,NaN,0.004015730597,NaN,NaN
1,135,2166.000000000000,NaN,0,2166,0,0,0.060970823069,NaN,NaN,0.003683937689,NaN,NaN
1,126,1922.000000000000,NaN,0,1922,0,0,0.069076760418,NaN,NaN,0.004166092694,NaN,NaN
1,134,2100.000000000000,NaN,0,2100,0,0,0.063225455798,NaN,NaN,0.003805395711,NaN,NaN
1,127,2149.000000000000,NaN,0,2149,0,0,0.061167058585,NaN,NaN,0.003722526259,NaN,NaN
1,136,2048.000000000000,NaN,0,2048,0,0,0.065261796741,NaN,NaN,0.003906754218,NaN,NaN
1,129,2086.000000000000,NaN,0,2086,0,0,0.064350855795,NaN,NaN,0.003836650165,NaN,NaN
1,133,2175.000000000000,NaN,0,2175,0,0,0.060907976512,NaN,NaN,0.003677837997,NaN,NaN
1,134,2058.000000000000,NaN,0,2058,0,0,0.063189935496,NaN,NaN,0.003852618928,NaN,NaN
1,127,1985.000000000000,NaN,0,1985,0,0,0.066656958833,NaN,NaN,0.004060259038,NaN,NaN
1,134,2037.000000000000,NaN,0,2037,0,0,0.065980487745,NaN,NaN,0.003926275033,NaN,NaN
1,135,1999.000000000000,NaN,0,1999,0,0,0.066313992786,NaN,NaN,0.003999746394,NaN,NaN
1,132,2072.000000000000,NaN,0,2072,0,0,0.063256224207,NaN,NaN,0.003851320844,NaN,NaN
1,133,2090.000000000000,NaN,0,2090,0,0,0.064540885686,NaN,NaN,0.003837718823,NaN,NaN
1,129,1919.000000000000,NaN,0,1919,0,0,0.069068788547,NaN,NaN,0.004169902696,NaN,NaN
1,131,2106.000000000000,NaN,0,2106,0,0,0.062709988752,NaN,NaN,0.003795457715,NaN,NaN
1,136,1997.000000000000,NaN,0,1997,0,0,0.065975799996,NaN,NaN,0.003993902442,NaN,NaN
1,133,2018.000000000000,NaN,0,2018,0,0,0.065680126855,NaN,NaN,0.003962845823,NaN,NaN
1,121,2112.000000000000,NaN,0,2112,0,0,0.063303547067,NaN,NaN,0.003797441841,NaN,NaN
1,0,264.000000000000,NaN,0,264,0,0,0.042188562807,NaN,NaN,0.003794294758,NaN,NaN
STAT END
HIST START
1539
   0 0
   1 0
   2 0
   3 0
   4 0
   5 0
   6 0
   7 0
   8 0
   9 0
   10 0
   11 0
   12 0
   13 0
   14 0
   15 0
   16 0
   17 0
   18 0
   19 0
   20 0
   21 0
   22 0
   23 0
   24 0
   25 0
   26 0
   27 0
   28 0
   29 0
   30 0
   31 0
   32 0
   33 0
   34 0
   35 0
   36 0
   37 0
   38 0
   39 0
   40 0
   41 0
   42 0
   43 0
   44 0
   45 0
   46 0
   47 0
   48 0
   49 0
   50 0
   51 0
   52 0
   53 0
   54 0
   55 0
   56 0
   57 0
   58 0
   59 0
   60 0
   61 0
   62 0
   63 0
   64 0
   65 0
   66 1
   67 0
   68 0
   69 0
   70 1
   71 0
   72 0
   73 0
   74 0
   75 0
   76 0
   77 0
   78 0
   79 0
   80 0
   81 1
   82 1
   83 0
   84 0
   85 0
   86 0
   87 2
   88 0
   89 1
   90 0
   91 0
   92 0
   93 1
   94 0
   95 0
   96 0
   97 0
   98 0
   99 0
   100 1
   101 0
   102 0
   103 0
   104 0
   105 1
   106 0
   107 0
   108 1
   109 1
   110 0
   111 0
   112 0
   113 0
   114 0
   115 0
   116 1
   117 0
   118 0
   119 0
   120 0
   121 1
   122 2
   123 0
   124 0
   125 2
   126 1
   127 1
   128 0
   129 0
   130 0
   131 0
   132 0
   133 1
   134 1
   135 0
   136 0
   137 0
   138 1
   139 0
   140 0
   141 0
   142 0
   143 0
   144 0
   145 0
   146 1
   147 2
   148 1
   149 0
   150 0
   151 0
   152 0
   153 0
   154 0
   155 2
   156 0
   157 3
   158 1
   159 1
   160 0
   161 1
   162 2
   163 0
   164 1
   165 0
   166 1
   167 0
   168 1
   169 1
   170 2
   171 0
   172 3
   173 0
   174 0
   175 0
   176 0
   177 1
   178 0
   179 0
   180 0
   181 1
   182 0
   183 1
   184 1
   185 0
   186 0
   187 1
   188 2
   189 1
   190 2
   191 3
   192 1
   193 1
   194 1
   195 0
   196 0
   197 0
   198 1
   199 0
   200 0
   201 0
   202 0
   203 0
   204 1
   205 0
   206 0
   207 0
   208 0
   209 0
   210 0
   211 1
   212 0
   213 0
   214 0
   215 1
   216 0
   217 0
   218 0
   219 0
   220 0
   221 0
   222 0
   223 0
   224 0
   225 0
   226 3
   227 0
   228 0
   229 0
   230 0
   231 1
   232 0
   233 0
   234 1
   235 0
   236 0
   237 0
   238 0
   239 0
   240 0
   241 0
   242 0
   243 0
   244 0
   245 0
   246 0
   247 1
   248 0
   249 0
   250 0
   251 0
   252 0
   253 0
   254 0
   255 0
   256 0
   257 1
   258 0
   259 0
   260 0
   261 0
   262 0
   263 0
   264 0
   265 1
   266 0
   267 1
   268 2
   269 1
   270 1
   271 0
   272 0
   273 0
   274 0
   275 3
   276 0
   277 0
   278 0
   279 0
   280 0
   281 0
   282 0
   283 0
   284 0
   285 1
   286 0
   287 0
   288 0
   289 0
   290 0
   291 0
   292 2
   293 0
   294 2
   295 2
   296 0
   297 1
   298 0
   299 0
   300 0
   301 0
   302 0
   303 1
   304 1
   305 0
   306 0
   307 0
   308 0
   309 1
   310 0
   311 0
   312 0
   313 0
   314 2
   315 2
   316 0
   317 2
   318 0
   319 0
   320 0
   321 0
   322 0
   323 0
   324 1
   325 0
   326 1
   327 3
   328 0
   329 1
   330 0
   331 0
   332 0
   333 1
   334 0
   335 1
   336 0
   337 1
   338 1
   339 1
   340 2
   341 1
   342 2
   343 1
   344 0
   345 1
   346 0
   347 2
   348 0
   349 0
   350 0
   351 2
   352 0
   353 1
   354 0
   355 4
   356 0
   357 0
   358 0
   359 1
   360 0
   361 1
   362 0
   363 0
   364 2
   365 1
   366 0
   367 1
   368 0
   369 0
   370 0
   371 0
   372 0
   373 0
   374 1
   375 2
   376 0
   377 1
   378 0
   379 0
   380 2
   381 0
   382 2
   383 0
   384 0
   385 3
   386 2
   387 2
   388 1
   389 1
   390 4
   391 3
   392 2
   393 1
   394 0
   395 1
   396 2
   397 2
   398 2
   399 0
   400 2
   401 1
   402 1
   403 2
   404 3
   405 2
   406 7
   407 2
   408 11
   409 2
   410 1
   411 3
   412 5
   413 2
   414 1
   415 3
   416 5
   417 1
   418 4
   419 10
   420 2
   421 8
   422 7
   423 11
   424 7
   425 8
   426 5
   427 6
   428 2
   429 15
   430 9
   431 16
   432 8
   433 11
   434 7
   435 12
   436 18
   437 9
   438 7
   439 5
   440 9
   441 10
   442 19
   443 21
   444 16
   445 14
   446 15
   447 11
   448 15
   449 29
   450 14
   451 16
   452 13
   453 26
   454 20
   455 29
   456 21
   457 27
   458 18
   459 35
   460 13
   461 14
   462 39
   463 15
   464 34
   465 32
   466 34
   467 27
   468 26
   469 36
   470 34
   471 19
   472 30
   473 32
   474 32
   475 39
   476 31
   477 45
   478 32
   479 41
   480 47
   481 52
   482 66
   483 53
   484 55
   485 62
   486 59
   487 60
   488 62
   489 54
   490 61
   491 66
   492 60
   493 60
   494 75
   495 59
   496 71
   497 71
   498 74
   499 75
   500 57
   501 80
   502 77
   503 88
   504 90
   505 95
   506 90
   507 100
   508 87
   509 106
   510 98
   511 113
   512 118
   513 102
   514 112
   515 105
   516 95
   517 150
   518 156
   519 185
   520 156
   521 124
   522 135
   523 150
   524 144
   525 152
   526 171
   527 165
   528 183
   529 154
   530 161
   531 150
   532 169
   533 170
   534 145
   535 181
   536 169
   537 179
   538 209
   539 178
   540 194
   541 187
   542 217
   543 201
   544 205
   545 201
   546 247
   547 242
   548 229
   549 248
   550 263
   551 324
   552 307
   553 251
   554 265
   555 291
   556 284
   557 271
   558 282
   559 297
   560 289
   561 314
   562 298
   563 295
   564 282
   565 325
   566 338
   567 355
   568 379
   569 368
   570 295
   571 332
   572 370
   573 346
   574 392
   575 412
   576 343
   577 385
   578 420
   579 404
   580 389
   581 397
   582 401
   583 415
   584 436
   585 391
   586 381
   587 426
   588 467
   589 469
   590 441
   591 441
   592 440
   593 478
   594 460
   595 483
   596 465
   597 467
   598 488
   599 480
   600 502
   601 449
   602 511
   603 505
   604 484
   605 559
   606 510
   607 515
   608 616
   609 496
   610 531
   611 573
   612 491
   613 581
   614 522
   615 536
   616 525
   617 487
   618 527
   619 610
   620 515
   621 562
   622 570
   623 553
   624 601
   625 598
   626 583
   627 560
   628 580
   629 579
   630 590
   631 627
   632 618
   633 599
   634 604
   635 608
   636 670
   637 638
   638 659
   639 628
   640 630
   641 599
   642 626
   643 624
   644 605
   645 665
   646 672
   647 648
   648 617
   649 625
   650 606
   651 623
   652 642
   653 623
   654 618
   655 591
   656 623
   657 594
   658 658
   659 598
   660 630
   661 599
   662 639
   663 620
   664 610
   665 650
   666 623
   667 599
   668 610
   669 662
   670 623
   671 631
   672 616
   673 667
   674 681
   675 603
   676 661
   677 670
   678 638
   679 625
   680 689
   681 691
   682 616
   683 611
   684 656
   685 686
   686 654
   687 620
   688 611
   689 601
   690 609
   691 595
   692 617
   693 640
   694 620
   695 598
   696 639
   697 600
   698 553
   699 602
   700 550
   701 594
   702 567
   703 579
   704 565
   705 558
   706 604
   707 609
   708 574
   709 564
   710 554
   711 552
   712 506
   713 610
   714 559
   715 515
   716 540
   717 557
   718 517
   719 503
   720 520
   721 514
   722 509
   723 506
   724 499
   725 476
   726 528
   727 463
   728 477
   729 470
   730 490
   731 452
   732 439
   733 409
   734 425
   735 427
   736 493
   737 443
   738 429
   739 437
   740 454
   741 421
   742 389
   743 439
   744 416
   745 391
   746 372
   747 403
   748 365
   749 393
   750 374
   751 397
   752 362
   753 340
   754 390
   755 365
   756 359
   757 352
   758 372
   759 303
   760 305
   761 335
   762 347
   763 346
   764 314
   765 351
   766 293
   767 329
   768 330
   769 281
   770 299
   771 328
   772 331
   773 312
   774 316
   775 285
   776 310
   777 267
   778 288
   779 288
   780 291
   781 292
   782 232
   783 271
   784 247
   785 235
   786 254
   787 250
   788 250
   789 240
   790 263
   791 226
   792 218
   793 259
   794 202
   795 197
   796 199
   797 214
   798 216
   799 200
   800 209
   801 228
   802 202
   803 233
   804 203
   805 220
   806 203
   807 184
   808 179
   809 203
   810 185
   811 181
   812 153
   813 179
   814 199
   815 169
   816 172
   817 167
   818 178
   819 199
   820 189
   821 161
   822 155
   823 163
   824 158
   825 133
   826 140
   827 138
   828 147
   829 134
   830 131
   831 151
   832 133
   833 121
   834 121
   835 113
   836 116
   837 98
   838 115
   839 148
   840 121
   841 130
   842 100
   843 121
   844 129
   845 143
   846 133
   847 131
   848 117
   849 116
   850 128
   851 113
   852 127
   853 115
   854 139
   855 121
   856 104
   857 124
   858 127
   859 108
   860 99
   861 96
   862 98
   863 86
   864 85
   865 71
   866 80
   867 84
   868 71
   869 81
   870 77
   871 76
   872 78
   873 93
   874 82
   875 89
   876 67
   877 81
   878 88
   879 81
   880 94
   881 82
   882 79
   883 90
   884 75
   885 79
   886 74
   887 79
   888 70
   889 71
   890 74
   891 74
   892 54
   893 84
   894 78
   895 69
   896 77
   897 65
   898 64
   899 73
   900 51
   901 75
   902 71
   903 54
   904 88
   905 60
   906 56
   907 60
   908 59
   909 52
   910 47
   911 70
   912 53
   913 50
   914 46
   915 38
   916 48
   917 46
   918 40
   919 47
   920 39
   921 40
   922 48
   923 61
   924 46
   925 26
   926 45
   927 36
   928 38
   929 49
   930 54
   931 62
   932 45
   933 39
   934 43
   935 53
   936 40
   937 40
   938 41
   939 52
   940 37
   941 44
   942 40
   943 34
   944 34
   945 29
   946 28
   947 40
   948 28
   949 17
   950 26
   951 21
   952 35
   953 29
   954 21
   955 22
   956 25
   957 22
   958 21
   959 20
   960 32
   961 19
   962 33
   963 19
   964 25
   965 30
   966 22
   967 20
   968 14
   969 25
   970 18
   971 19
   972 9
   973 14
   974 13
   975 14
   976 14
   977 6
   978 16
   979 25
   980 9
   981 20
   982 16
   983 14
   984 19
   985 10
   986 16
   987 12
   988 16
   989 18
   990 18
   991 17
   992 13
   993 17
   994 10
   995 18
   996 13
   997 15
   998 14
   999 11
   1000 8
   1001 9
   1002 5
   1003 7
   1004 8
   1005 10
   1006 5
   1007 2
   1008 7
   1009 5
   1010 6
   1011 14
   1012 13
   1013 12
   1014 8
   1015 4
   1016 11
   1017 13
   1018 10
   1019 5
   1020 4
   1021 5
   1022 10
   1023 3
   1024 5
   1025 7
   1026 3
   1027 10
   1028 7
   1029 6
   1030 3
   1031 7
   1032 1
   1033 6
   1034 7
   1035 9
   1036 10
   1037 5
   1038 8
   1039 4
   1040 4
   1041 9
   1042 11
   1043 6
   1044 4
   1045 7
   1046 6
   1047 10
   1048 7
   1049 11
   1050 8
   1051 8
   1052 5
   1053 5
   1054 8
   1055 3
   1056 8
   1057 7
   1058 2
   1059 6
   1060 6
   1061 7
   1062 2
   1063 5
   1064 8
   1065 6
   1066 7
   1067 4
   1068 3
   1069 3
   1070 6
   1071 5
   1072 0
   1073 5
   1074 11
   1075 3
   1076 8
   1077 0
   1078 3
   1079 3
   1080 1
   1081 2
   1082 2
   1083 3
   1084 5
   1085 4
   1086 2
   1087 2
   1088 5
   1089 2
   1090 1
   1091 2
   1092 2
   1093 0
   1094 3
   1095 4
   1096 2
   1097 1
   1098 1
   1099 2
   1100 2
   1101 2
   1102 1
   1103 0
   1104 0
   1105 4
   1106 1
   1107 3
   1108 1
   1109 8
   1110 2
   1111 4
   1112 2
   1113 1
   1114 2
   1115 0
   1116 3
   1117 0
   1118 0
   1119 1
   1120 2
   1121 1
   1122 1
   1123 1
   1124 2
   1125 0
   1126 0
   1127 2
   1128 0
   1129 1
   1130 1
   1131 4
   1132 0
   1133 2
   1134 1
   1135 1
   1136 0
   1137 2
   1138 0
   1139 4
   1140 0
   1141 0
   1142 1
   1143 0
   1144 0
   1145 1
   1146 1
   1147 1
   1148 0
   1149 0
   1150 1
   1151 0
   1152 1
   1153 1
   1154 1
   1155 1
   1156 0
   1157 0
   1158 0
   1159 0
   1160 0
   1161 1
   1162 1
   1163 1
   1164 2
   1165 1
   1166 0
   1167 0
   1168 0
   1169 0
   1170 2
   1171 1
   1172 1
   1173 1
   1174 0
   1175 0
   1176 3
   1177 2
   1178 1
   1179 0
   1180 1
   1181 3
   1182 2
   1183 0
   1184 0
   1185 0
   1186 1
   1187 2
   1188 3
   1189 0
   1190 1
   1191 0
   1192 0
   1193 1
   1194 1
   1195 0
   1196 1
   1197 0
   1198 3
   1199 0
   1200 2
   1201 1
   1202 1
   1203 2
   1204 0
   1205 0
   1206 0
   1207 0
   1208 0
   1209 2
   1210 1
   1211 1
   1212 2
   1213 2
   1214 1
   1215 1
   1216 1
   1217 1
   1218 0
   1219 1
   1220 1
   1221 0
   1222 1
   1223 2
   1224 4
   1225 1
   1226 2
   1227 1
   1228 0
   1229 1
   1230 2
   1231 2
   1232 1
   1233 2
   1234 1
   1235 2
   1236 1
   1237 5
   1238 2
   1239 2
   1240 5
   1241 3
   1242 0
   1243 3
   1244 4
   1245 2
   1246 0
   1247 0
   1248 0
   1249 1
   1250 1
   1251 1
   1252 0
   1253 0
   1254 1
   1255 0
   1256 1
   1257 2
   1258 0
   1259 0
   1260 0
   1261 0
   1262 0
   1263 2
   1264 0
   1265 1
   1266 0
   1267 1
   1268 0
   1269 0
   1270 0
   1271 1
   1272 0
   1273 0
   1274 4
   1275 0
   1276 1
   1277 0
   1278 2
   1279 1
   1280 1
   1281 1
   1282 0
   1283 0
   1284 0
   1285 0
   1286 0
   1287 1
   1288 0
   1289 0
   1290 0
   1291 0
   1292 1
   1293 1
   1294 0
   1295 1
   1296 0
   1297 0
   1298 0
   1299 1
   1300 0
   1301 1
   1302 0
   1303 0
   1304 0
   1305 0
   1306 2
   1307 0
   1308 0
   1309 0
   1310 0
   1311 0
   1312 1
   1313 0
   1314 0
   1315 0
   1316 0
   1317 0
   1318 0
   1319 0
   1320 1
   1321 1
   1322 0
   1323 0
   1324 0
   1325 2
   1326 1
   1327 1
   1328 0
   1329 0
   1330 0
   1331 0
   1332 0
   1333 0
   1334 0
   1335 0
   1336 0
   1337 0
   1338 0
   1339 0
   1340 0
   1341 0
   1342 0
   1343 1
   1344 0
   1345 0
   1346 1
   1347 0
   1348 0
   1349 0
   1350 0
   1351 0
   1352 0
   1353 0
   1354 0
   1355 0
   1356 0
   1357 0
   1358 0
   1359 0
   1360 0
   1361 0
   1362 1
   1363 0
   1364 0
   1365 0
   1366 0
   1367 0
   1368 0
   1369 0
   1370 0
   1371 0
   1372 0
   1373 0
   1374 0
   1375 0
   1376 0
   1377 0
   1378 0
   1379 0
   1380 0
   1381 0
   1382 0
   1383 0
   1384 0
   1385 0
   1386 0
   1387 0
   1388 1
   1389 1
   1390 0
   1391 0
   1392 0
   1393 0
   1394 0
   1395 1
   1396 0
   1397 0
   1398 2
   1399 1
   1400 0
   1401 0
   1402 0
   1403 0
   1404 1
   1405 0
   1406 0
   1407 0
   1408 0
   1409 0
   1410 1
   1411 1
   1412 0
   1413 0
   1414 0
   1415 0
   1416 0
   1417 1
   1418 0
   1419 0
   1420 0
   1421 1
   1422 0
   1423 0
   1424 0
   1425 0
   1426 0
   1427 0
   1428 1
   1429 0
   1430 0
   1431 0
   1432 0
   1433 0
   1434 0
   1435 0
   1436 0
   1437 0
   1438 0
   1439 1
   1440 0
   1441 0
   1442 0
   1443 0
   1444 0
   1445 0
   1446 0
   1447 0
   1448 0
   1449 0
   1450 0
   1451 0
   1452 0
   1453 0
   1454 0
   1455 0
   1456 0
   1457 0
   1458 0
   1459 0
   1460 0
   1461 0
   1462 0
   1463 0
   1464 0
   1465 0
   1466 0
   1467 0
   1468 0
   1469 0
   1470 0
   1471 0
   1472 0
   1473 0
   1474 0
   1475 0
   1476 0
   1477 0
   1478 0
   1479 0
   1480 0
   1481 0
   1482 0
   1483 0
   1484 0
   1485 0
   1486 0
   1487 0
   1488 0
   1489 0
   1490 0
   1491 0
   1492 0
   1493 0
   1494 0
   1495 0
   1496 0
   1497 0
   1498 0
   1499 0
   1500 0
   1501 0
   1502 0
   1503 0
   1504 0
   1505 0
   1506 0
   1507 0
   1508 0
   1509 1
   1510 0
   1511 0
   1512 0
   1513 0
   1514 0
   1515 0
   1516 0
   1517 0
   1518 0
   1519 0
   1520 0
   1521 1
   1522 0
   1523 0
   1524 0
   1525 0
   1526 0
   1527 0
   1528 0
   1529 0
   1530 0
   1531 0
   1532 0
   1533 0
   1534 0
   1535 1
   1536 0
   1537 0
   1538 1
HIST END
