STAT START
secs,qlen,thru,msrt,items,nset,nget,nmget,sqt,gqt,mqt,swt,gwt,mwt
1,124,1441.000000000000,NaN,0,1441,0,0,0.083257441652,NaN,NaN,0.005345279519,NaN,NaN
1,134,1998.000000000000,NaN,0,1998,0,0,0.064907196428,NaN,NaN,0.003979780359,NaN,NaN
1,123,1967.000000000000,NaN,0,1967,0,0,0.068802099147,NaN,NaN,0.004083117880,NaN,NaN
1,136,1951.000000000000,NaN,0,1951,0,0,0.067529811566,NaN,NaN,0.004092340126,NaN,NaN
1,130,1923.000000000000,NaN,0,1923,0,0,0.069039284350,NaN,NaN,0.004154338176,NaN,NaN
1,134,1889.000000000000,NaN,0,1889,0,0,0.070866458260,NaN,NaN,0.004238543883,NaN,NaN
1,134,2038.000000000000,NaN,0,2038,0,0,0.064893615689,NaN,NaN,0.003911071764,NaN,NaN
1,136,1894.000000000000,NaN,0,1894,0,0,0.069694304247,NaN,NaN,0.004225738378,NaN,NaN
1,136,2016.000000000000,NaN,0,2016,0,0,0.066091642030,NaN,NaN,0.003971360022,NaN,NaN
1,134,2059.000000000000,NaN,0,2059,0,0,0.064653909454,NaN,NaN,0.003879767919,NaN,NaN
1,133,2102.000000000000,NaN,0,2102,0,0,0.063213146582,NaN,NaN,0.003810058007,NaN,NaN
1,135,2040.000000000000,NaN,0,2040,0,0,0.065244043216,NaN,NaN,0.003920923674,NaN,NaN
1,135,2030.000000000000,NaN,0,2030,0,0,0.065043944711,NaN,NaN,0.003931878639,NaN,NaN
1,135,2081.000000000000,NaN,0,2081,0,0,0.063739556757,NaN,NaN,0.003836930254,NaN,NaN
1,130,2008.000000000000,NaN,0,2008,0,0,0.066388310351,NaN,NaN,0.003994074600,NaN,NaN
1,132,2043.000000000000,NaN,0,2043,0,0,0.064689328641,NaN,NaN,0.003896323775,NaN,NaN
1,136,2048.000000000000,NaN,0,2048,0,0,0.064567178772,NaN,NaN,0.003911896522,NaN,NaN
1,125,2095.000000000000,NaN,0,2095,0,0,0.063938418991,NaN,NaN,0.003827736379,NaN,NaN
1,130,2026.000000000000,NaN,0,2026,0,0,0.065245058751,NaN,NaN,0.003928080939,NaN,NaN
1,130,2067.000000000000,NaN,0,2067,0,0,0.064188751060,NaN,NaN,0.003893880379,NaN,NaN
1,122,2031.000000000000,NaN,0,2031,0,0,0.065319117060,NaN,NaN,0.003931829541,NaN,NaN
1,130,1956.000000000000,NaN,0,1956,0,0,0.067415508124,NaN,NaN,0.004076987200,NaN,NaN
1,130,2057.000000000000,NaN,0,2057,0,0,0.064995338778,NaN,NaN,0.003898890105,NaN,NaN
1,133,1953.000000000000,NaN,0,1953,0,0,0.067811021863,NaN,NaN,0.004097566504,NaN,NaN
1,135,2094.000000000000,NaN,0,2094,0,0,0.063516121571,NaN,NaN,0.003817873378,NaN,NaN
1,130,2043.000000000000,NaN,0,2043,0,0,0.064719538688,NaN,NaN,0.003914991766,NaN,NaN
1,129,2024.000000000000,NaN,0,2024,0,0,0.065557260768,NaN,NaN,0.003945738900,NaN,NaN
1,125,1951.000000000000,NaN,0,1951,0,0,0.068041061794,NaN,NaN,0.004106234363,NaN,NaN
1,132,2168.000000000000,NaN,0,2168,0,0,0.061328802321,NaN,NaN,0.003674232368,NaN,NaN
1,132,2058.000000000000,NaN,0,2058,0,0,0.064327805580,NaN,NaN,0.003897202228,NaN,NaN
1,133,2196.000000000000,NaN,0,2196,0,0,0.060519319406,NaN,NaN,0.003644007521,NaN,NaN
1,135,2060.000000000000,NaN,0,2060,0,0,0.064244757931,NaN,NaN,0.003870791952,NaN,NaN
1,129,2102.000000000000,NaN,0,2102,0,0,0.062731884279,NaN,NaN,0.003818943546,NaN,NaN
1,135,1914.000000000000,NaN,0,1914,0,0,0.068435354694,NaN,NaN,0.004150636737,NaN,NaN
1,134,2143.000000000000,NaN,0,2143,0,0,0.062796325094,NaN,NaN,0.003755428803,NaN,NaN
1,132,1959.000000000000,NaN,0,1959,0,0,0.067876745814,NaN,NaN,0.004079461160,NaN,NaN
1,132,1988.000000000000,NaN,0,1988,0,0,0.066461825875,NaN,NaN,0.004019448346,NaN,NaN
1,131,2124.000000000000,NaN,0,2124,0,0,0.062806107769,NaN,NaN,0.003771202445,NaN,NaN
1,132,2069.000000000000,NaN,0,2069,0,0,0.064163752915,NaN,NaN,0.003863611181,NaN,NaN
1,133,2068.000000000000,NaN,0,2068,0,0,0.064253442376,NaN,NaN,0.003867718646,NaN,NaN
1,130,2064.000000000000,NaN,0,2064,0,0,0.064132229016,NaN,NaN,0.003872699056,NaN,NaN
1,136,1974.000000000000,NaN,0,1974,0,0,0.067220394806,NaN,NaN,0.004039959512,NaN,NaN
1,135,1942.000000000000,NaN,0,1942,0,0,0.068373700608,NaN,NaN,0.004131938971,NaN,NaN
1,133,2071.000000000000,NaN,0,2071,0,0,0.064342386444,NaN,NaN,0.003863459197,NaN,NaN
1,133,2179.000000000000,NaN,0,2179,0,0,0.060847044708,NaN,NaN,0.003664864726,NaN,NaN
1,136,2022.000000000000,NaN,0,2022,0,0,0.065422639082,NaN,NaN,0.003961012334,NaN,NaN
1,136,2015.000000000000,NaN,0,2015,0,0,0.065835609300,NaN,NaN,0.003964339188,NaN,NaN
1,134,1866.000000000000,NaN,0,1866,0,0,0.070934136768,NaN,NaN,0.004280582616,NaN,NaN
1,125,2051.000000000000,NaN,0,2051,0,0,0.065232836368,NaN,NaN,0.003904390273,NaN,NaN
1,136,2188.000000000000,NaN,0,2188,0,0,0.060285753394,NaN,NaN,0.003648799159,NaN,NaN
1,128,2053.000000000000,NaN,0,2053,0,0,0.064966981783,NaN,NaN,0.003904562639,NaN,NaN
1,136,2119.000000000000,NaN,0,2119,0,0,0.061512698736,NaN,NaN,0.003760204632,NaN,NaN
1,134,2011.000000000000,NaN,0,2011,0,0,0.066472368566,NaN,NaN,0.003990312349,NaN,NaN
1,136,2011.000000000000,NaN,0,2011,0,0,0.065546957711,NaN,NaN,0.003969010131,NaN,NaN
1,135,2025.000000000000,NaN,0,2025,0,0,0.065412310210,NaN,NaN,0.003960094976,NaN,NaN
1,131,1978.000000000000,NaN,0,1978,0,0,0.067762015623,NaN,NaN,0.004043047143,NaN,NaN
1,136,2093.000000000000,NaN,0,2093,0,0,0.063113940704,NaN,NaN,0.003804905648,NaN,NaN
1,130,1930.000000000000,NaN,0,1930,0,0,0.068287683720,NaN,NaN,0.004158534389,NaN,NaN
1,136,2094.000000000000,NaN,0,2094,0,0,0.063202297833,NaN,NaN,0.003794787330,NaN,NaN
1,136,2088.000000000000,NaN,0,2088,0,0,0.063643695090,NaN,NaN,0.003854013586,NaN,NaN
1,124,1977.000000000000,NaN,0,1977,0,0,0.067384963390,NaN,NaN,0.004045933829,NaN,NaN
1,134,2128.000000000000,NaN,0,2128,0,0,0.062216241069,NaN,NaN,0.003755156887,NaN,NaN
1,131,1891.000000000000,NaN,0,1891,0,0,0.069509791212,NaN,NaN,0.004236263529,NaN,NaN
1,133,1978.000000000000,NaN,0,1978,0,0,0.067208153142,NaN,NaN,0.004019721189,NaN,NaN
1,136,1939.000000000000,NaN,0,1939,0,0,0.068532266946,NaN,NaN,0.004143518226,NaN,NaN
1,127,2000.000000000000,NaN,0,2000,0,0,0.066898734422,NaN,NaN,0.003995589585,NaN,NaN
1,134,2071.000000000000,NaN,0,2071,0,0,0.063411543682,NaN,NaN,0.003872858041,NaN,NaN
1,130,1955.000000000000,NaN,0,1955,0,0,0.068449091838,NaN,NaN,0.004076777651,NaN,NaN
1,133,1985.000000000000,NaN,0,1985,0,0,0.067017036176,NaN,NaN,0.004033916154,NaN,NaN
1,136,2120.000000000000,NaN,0,2120,0,0,0.062518437354,NaN,NaN,0.003770190474,NaN,NaN
1,0,208.000000000000,NaN,0,208,0,0,0.048775005938,NaN,NaN,0.003116733370,NaN,NaN
STAT END
HIST START
1761
   0 0
   1 0
   2 0
   3 0
   4 0
   5 0
   6 0
   7 0
   8 0
   9 0
   10 0
   11 0
   12 0
   13 0
   14 0
   15 0
   16 0
   17 0
   18 0
   19 0
   20 0
   21 0
   22 0
   23 0
   24 0
   25 0
   26 0
   27 0
   28 0
   29 0
   30 0
   31 0
   32 0
   33 0
   34 0
   35 0
   36 0
   37 0
   38 0
   39 0
   40 0
   41 0
   42 0
   43 0
   44 0
   45 0
   46 0
   47 0
   48 0
   49 0
   50 0
   51 0
   52 0
   53 0
   54 0
   55 0
   56 0
   57 0
   58 0
   59 0
   60 0
   61 0
   62 0
   63 0
   64 0
   65 0
   66 0
   67 0
   68 0
   69 0
   70 0
   71 0
   72 0
   73 0
   74 0
   75 0
   76 0
   77 0
   78 0
   79 0
   80 0
   81 0
   82 0
   83 0
   84 0
   85 0
   86 0
   87 0
   88 0
   89 0
   90 0
   91 0
   92 0
   93 0
   94 0
   95 0
   96 0
   97 0
   98 0
   99 0
   100 0
   101 0
   102 0
   103 0
   104 0
   105 0
   106 0
   107 0
   108 0
   109 0
   110 0
   111 0
   112 0
   113 1
   114 0
   115 0
   116 0
   117 0
   118 0
   119 0
   120 0
   121 0
   122 1
   123 0
   124 0
   125 0
   126 0
   127 0
   128 0
   129 0
   130 0
   131 0
   132 0
   133 0
   134 0
   135 0
   136 0
   137 2
   138 0
   139 0
   140 0
   141 0
   142 0
   143 0
   144 0
   145 0
   146 0
   147 0
   148 0
   149 0
   150 0
   151 0
   152 0
   153 0
   154 1
   155 0
   156 0
   157 0
   158 0
   159 0
   160 1
   161 0
   162 0
   163 0
   164 1
   165 0
   166 0
   167 0
   168 0
   169 0
   170 1
   171 0
   172 0
   173 0
   174 0
   175 0
   176 0
   177 0
   178 0
   179 0
   180 0
   181 0
   182 0
   183 0
   184 0
   185 0
   186 1
   187 0
   188 0
   189 0
   190 0
   191 0
   192 0
   193 0
   194 0
   195 0
   196 1
   197 0
   198 0
   199 0
   200 0
   201 0
   202 0
   203 0
   204 0
   205 0
   206 0
   207 0
   208 0
   209 0
   210 0
   211 0
   212 0
   213 0
   214 0
   215 0
   216 0
   217 1
   218 0
   219 0
   220 1
   221 0
   222 0
   223 0
   224 0
   225 0
   226 0
   227 0
   228 0
   229 0
   230 0
   231 0
   232 0
   233 0
   234 0
   235 0
   236 0
   237 0
   238 0
   239 0
   240 0
   241 0
   242 0
   243 0
   244 0
   245 0
   246 0
   247 0
   248 0
   249 0
   250 0
   251 0
   252 0
   253 0
   254 0
   255 0
   256 0
   257 0
   258 0
   259 0
   260 0
   261 0
   262 0
   263 0
   264 0
   265 0
   266 1
   267 1
   268 0
   269 0
   270 0
   271 0
   272 0
   273 0
   274 0
   275 1
   276 0
   277 0
   278 0
   279 1
   280 0
   281 0
   282 1
   283 1
   284 1
   285 2
   286 0
   287 2
   288 1
   289 0
   290 0
   291 0
   292 0
   293 0
   294 1
   295 0
   296 0
   297 1
   298 0
   299 0
   300 0
   301 0
   302 0
   303 1
   304 0
   305 0
   306 0
   307 0
   308 0
   309 0
   310 0
   311 0
   312 2
   313 0
   314 0
   315 0
   316 0
   317 0
   318 0
   319 0
   320 0
   321 0
   322 0
   323 0
   324 0
   325 0
   326 0
   327 0
   328 0
   329 0
   330 0
   331 0
   332 0
   333 0
   334 0
   335 0
   336 0
   337 1
   338 0
   339 0
   340 1
   341 0
   342 1
   343 0
   344 0
   345 5
   346 0
   347 0
   348 0
   349 0
   350 1
   351 0
   352 0
   353 0
   354 0
   355 0
   356 0
   357 0
   358 0
   359 0
   360 2
   361 4
   362 2
   363 1
   364 0
   365 0
   366 0
   367 2
   368 1
   369 0
   370 0
   371 1
   372 0
   373 0
   374 0
   375 0
   376 0
   377 2
   378 0
   379 0
   380 0
   381 0
   382 0
   383 0
   384 0
   385 0
   386 0
   387 2
   388 1
   389 3
   390 0
   391 1
   392 0
   393 3
   394 0
   395 0
   396 1
   397 0
   398 2
   399 0
   400 0
   401 0
   402 1
   403 2
   404 3
   405 0
   406 2
   407 0
   408 0
   409 0
   410 0
   411 3
   412 2
   413 2
   414 1
   415 0
   416 1
   417 0
   418 3
   419 4
   420 3
   421 2
   422 1
   423 0
   424 1
   425 3
   426 4
   427 6
   428 1
   429 4
   430 2
   431 1
   432 4
   433 3
   434 2
   435 1
   436 0
   437 3
   438 1
   439 1
   440 4
   441 6
   442 5
   443 2
   444 5
   445 12
   446 8
   447 5
   448 10
   449 6
   450 6
   451 9
   452 11
   453 5
   454 5
   455 3
   456 15
   457 11
   458 8
   459 6
   460 13
   461 6
   462 12
   463 10
   464 9
   465 13
   466 11
   467 12
   468 13
   469 10
   470 15
   471 13
   472 17
   473 13
   474 15
   475 21
   476 18
   477 22
   478 13
   479 16
   480 22
   481 23
   482 24
   483 19
   484 17
   485 26
   486 17
   487 29
   488 30
   489 19
   490 38
   491 39
   492 31
   493 39
   494 23
   495 32
   496 33
   497 32
   498 38
   499 41
   500 32
   501 43
   502 48
   503 56
   504 44
   505 42
   506 52
   507 55
   508 41
   509 43
   510 73
   511 69
   512 81
   513 55
   514 71
   515 58
   516 57
   517 62
   518 62
   519 87
   520 72
   521 80
   522 66
   523 97
   524 105
   525 89
   526 93
   527 99
   528 110
   529 100
   530 91
   531 111
   532 117
   533 90
   534 108
   535 112
   536 135
   537 139
   538 129
   539 128
   540 149
   541 136
   542 117
   543 137
   544 163
   545 153
   546 175
   547 144
   548 166
   549 190
   550 173
   551 161
   552 195
   553 201
   554 192
   555 197
   556 200
   557 197
   558 219
   559 234
   560 229
   561 238
   562 253
   563 270
   564 280
   565 233
   566 272
   567 238
   568 275
   569 287
   570 292
   571 283
   572 285
   573 273
   574 273
   575 279
   576 287
   577 333
   578 338
   579 294
   580 347
   581 318
   582 300
   583 362
   584 383
   585 369
   586 340
   587 386
   588 323
   589 341
   590 400
   591 394
   592 384
   593 380
   594 329
   595 414
   596 414
   597 418
   598 422
   599 424
   600 419
   601 440
   602 413
   603 421
   604 486
   605 437
   606 467
   607 428
   608 473
   609 493
   610 487
   611 470
   612 466
   613 515
   614 480
   615 527
   616 514
   617 522
   618 536
   619 564
   620 502
   621 539
   622 464
   623 546
   624 553
   625 542
   626 561
   627 576
   628 579
   629 574
   630 544
   631 552
   632 573
   633 584
   634 652
   635 572
   636 566
   637 664
   638 596
   639 642
   640 596
   641 592
   642 653
   643 595
   644 595
   645 670
   646 654
   647 662
   648 661
   649 635
   650 667
   651 600
   652 632
   653 676
   654 664
   655 674
   656 660
   657 656
   658 652
   659 726
   660 625
   661 675
   662 577
   663 604
   664 601
   665 641
   666 601
   667 649
   668 646
   669 588
   670 605
   671 575
   672 646
   673 666
   674 614
   675 664
   676 640
   677 656
   678 629
   679 653
   680 664
   681 640
   682 671
   683 722
   684 687
   685 734
   686 670
   687 714
   688 688
   689 685
   690 638
   691 653
   692 632
   693 635
   694 660
   695 640
   696 611
   697 648
   698 581
   699 643
   700 586
   701 574
   702 594
   703 602
   704 616
   705 563
   706 545
   707 568
   708 576
   709 561
   710 602
   711 555
   712 609
   713 569
   714 522
   715 536
   716 522
   717 561
   718 531
   719 559
   720 565
   721 564
   722 560
   723 535
   724 523
   725 555
   726 557
   727 549
   728 509
   729 533
   730 608
   731 576
   732 513
   733 457
   734 526
   735 488
   736 512
   737 497
   738 511
   739 440
   740 462
   741 482
   742 499
   743 522
   744 534
   745 492
   746 520
   747 487
   748 484
   749 441
   750 475
   751 441
   752 455
   753 440
   754 415
   755 405
   756 435
   757 389
   758 442
   759 410
   760 373
   761 363
   762 391
   763 371
   764 396
   765 371
   766 396
   767 381
   768 363
   769 352
   770 356
   771 329
   772 338
   773 315
   774 337
   775 336
   776 299
   777 337
   778 335
   779 321
   780 299
   781 294
   782 270
   783 298
   784 303
   785 297
   786 300
   787 288
   788 266
   789 263
   790 280
   791 249
   792 237
   793 263
   794 255
   795 269
   796 274
   797 266
   798 242
   799 264
   800 234
   801 230
   802 250
   803 229
   804 238
   805 233
   806 230
   807 255
   808 271
   809 196
   810 211
   811 242
   812 212
   813 199
   814 211
   815 185
   816 215
   817 187
   818 206
   819 201
   820 177
   821 201
   822 183
   823 158
   824 174
   825 164
   826 182
   827 166
   828 174
   829 161
   830 155
   831 140
   832 130
   833 157
   834 132
   835 145
   836 139
   837 141
   838 149
   839 146
   840 135
   841 126
   842 155
   843 144
   844 117
   845 116
   846 104
   847 132
   848 128
   849 131
   850 120
   851 132
   852 115
   853 101
   854 105
   855 124
   856 95
   857 124
   858 105
   859 100
   860 101
   861 123
   862 117
   863 80
   864 98
   865 108
   866 112
   867 116
   868 140
   869 103
   870 90
   871 106
   872 97
   873 91
   874 102
   875 92
   876 84
   877 86
   878 92
   879 106
   880 96
   881 95
   882 86
   883 80
   884 94
   885 91
   886 68
   887 89
   888 70
   889 89
   890 79
   891 80
   892 63
   893 52
   894 58
   895 61
   896 54
   897 53
   898 63
   899 57
   900 55
   901 52
   902 47
   903 61
   904 57
   905 65
   906 65
   907 27
   908 38
   909 46
   910 36
   911 43
   912 36
   913 42
   914 34
   915 31
   916 37
   917 37
   918 42
   919 35
   920 44
   921 48
   922 43
   923 34
   924 41
   925 30
   926 50
   927 50
   928 41
   929 39
   930 45
   931 31
   932 33
   933 34
   934 25
   935 41
   936 36
   937 26
   938 46
   939 43
   940 42
   941 29
   942 23
   943 32
   944 28
   945 38
   946 31
   947 52
   948 34
   949 30
   950 29
   951 21
   952 28
   953 37
   954 42
   955 32
   956 35
   957 29
   958 16
   959 21
   960 25
   961 19
   962 27
   963 22
   964 19
   965 25
   966 19
   967 26
   968 20
   969 22
   970 20
   971 20
   972 16
   973 18
   974 19
   975 16
   976 20
   977 18
   978 25
   979 29
   980 17
   981 20
   982 16
   983 21
   984 17
   985 23
   986 23
   987 17
   988 13
   989 10
   990 8
   991 15
   992 16
   993 11
   994 18
   995 12
   996 16
   997 17
   998 16
   999 14
   1000 16
   1001 9
   1002 16
   1003 11
   1004 8
   1005 14
   1006 8
   1007 12
   1008 13
   1009 10
   1010 9
   1011 13
   1012 10
   1013 8
   1014 10
   1015 11
   1016 9
   1017 8
   1018 7
   1019 8
   1020 16
   1021 7
   1022 6
   1023 7
   1024 4
   1025 3
   1026 7
   1027 8
   1028 5
   1029 5
   1030 10
   1031 3
   1032 2
   1033 7
   1034 8
   1035 6
   1036 3
   1037 3
   1038 1
   1039 4
   1040 3
   1041 2
   1042 3
   1043 4
   1044 4
   1045 2
   1046 4
   1047 7
   1048 1
   1049 9
   1050 4
   1051 3
   1052 8
   1053 4
   1054 1
   1055 3
   1056 6
   1057 5
   1058 1
   1059 0
   1060 4
   1061 3
   1062 4
   1063 5
   1064 6
   1065 4
   1066 5
   1067 4
   1068 5
   1069 3
   1070 0
   1071 2
   1072 2
   1073 2
   1074 0
   1075 1
   1076 4
   1077 4
   1078 3
   1079 2
   1080 2
   1081 6
   1082 0
   1083 2
   1084 2
   1085 1
   1086 3
   1087 5
   1088 2
   1089 3
   1090 3
   1091 10
   1092 0
   1093 4
   1094 5
   1095 1
   1096 2
   1097 3
   1098 1
   1099 2
   1100 3
   1101 2
   1102 4
   1103 3
   1104 1
   1105 2
   1106 4
   1107 0
   1108 2
   1109 3
   1110 2
   1111 4
   1112 1
   1113 2
   1114 1
   1115 2
   1116 1
   1117 0
   1118 3
   1119 3
   1120 3
   1121 2
   1122 3
   1123 3
   1124 3
   1125 2
   1126 3
   1127 2
   1128 2
   1129 2
   1130 1
   1131 1
   1132 0
   1133 2
   1134 3
   1135 4
   1136 3
   1137 3
   1138 4
   1139 2
   1140 1
   1141 1
   1142 3
   1143 3
   1144 1
   1145 3
   1146 3
   1147 1
   1148 0
   1149 0
   1150 3
   1151 0
   1152 3
   1153 3
   1154 3
   1155 3
   1156 4
   1157 5
   1158 2
   1159 6
   1160 3
   1161 3
   1162 1
   1163 0
   1164 2
   1165 2
   1166 3
   1167 4
   1168 4
   1169 1
   1170 2
   1171 2
   1172 1
   1173 2
   1174 1
   1175 2
   1176 1
   1177 6
   1178 4
   1179 7
   1180 4
   1181 4
   1182 7
   1183 4
   1184 1
   1185 4
   1186 6
   1187 2
   1188 0
   1189 2
   1190 0
   1191 3
   1192 0
   1193 1
   1194 2
   1195 4
   1196 0
   1197 1
   1198 4
   1199 1
   1200 5
   1201 2
   1202 0
   1203 0
   1204 1
   1205 0
   1206 3
   1207 2
   1208 2
   1209 3
   1210 0
   1211 3
   1212 5
   1213 3
   1214 1
   1215 2
   1216 1
   1217 2
   1218 1
   1219 5
   1220 2
   1221 3
   1222 0
   1223 3
   1224 2
   1225 1
   1226 1
   1227 7
   1228 2
   1229 0
   1230 2
   1231 2
   1232 0
   1233 6
   1234 2
   1235 0
   1236 1
   1237 1
   1238 1
   1239 0
   1240 1
   1241 2
   1242 2
   1243 3
   1244 2
   1245 0
   1246 2
   1247 1
   1248 1
   1249 0
   1250 2
   1251 3
   1252 3
   1253 2
   1254 2
   1255 0
   1256 5
   1257 1
   1258 1
   1259 1
   1260 2
   1261 1
   1262 0
   1263 0
   1264 1
   1265 0
   1266 2
   1267 0
   1268 0
   1269 2
   1270 1
   1271 0
   1272 1
   1273 0
   1274 1
   1275 0
   1276 1
   1277 2
   1278 0
   1279 1
   1280 3
   1281 1
   1282 1
   1283 3
   1284 2
   1285 1
   1286 2
   1287 0
   1288 0
   1289 0
   1290 0
   1291 1
   1292 0
   1293 2
   1294 0
   1295 0
   1296 1
   1297 4
   1298 0
   1299 1
   1300 3
   1301 1
   1302 0
   1303 0
   1304 0
   1305 1
   1306 1
   1307 0
   1308 1
   1309 0
   1310 0
   1311 1
   1312 0
   1313 0
   1314 0
   1315 0
   1316 0
   1317 0
   1318 0
   1319 1
   1320 0
   1321 0
   1322 0
   1323 2
   1324 0
   1325 0
   1326 1
   1327 0
   1328 0
   1329 0
   1330 0
   1331 0
   1332 1
   1333 0
   1334 1
   1335 0
   1336 1
   1337 0
   1338 0
   1339 0
   1340 0
   1341 0
   1342 0
   1343 0
   1344 0
   1345 0
   1346 0
   1347 0
   1348 0
   1349 0
   1350 0
   1351 0
   1352 0
   1353 0
   1354 0
   1355 1
   1356 0
   1357 0
   1358 0
   1359 0
   1360 0
   1361 0
   1362 0
   1363 0
   1364 0
   1365 1
   1366 0
   1367 1
   1368 0
   1369 0
   1370 0
   1371 0
   1372 0
   1373 0
   1374 0
   1375 0
   1376 0
   1377 0
   1378 0
   1379 0
   1380 0
   1381 0
   1382 0
   1383 0
   1384 0
   1385 0
   1386 0
   1387 0
   1388 0
   1389 0
   1390 0
   1391 0
   1392 0
   1393 0
   1394 0
   1395 1
   1396 0
   1397 0
   1398 0
   1399 0
   1400 1
   1401 0
   1402 0
   1403 1
   1404 0
   1405 2
   1406 0
   1407 0
   1408 1
   1409 0
   1410 0
   1411 1
   1412 0
   1413 0
   1414 0
   1415 0
   1416 1
   1417 0
   1418 0
   1419 1
   1420 1
   1421 0
   1422 0
   1423 0
   1424 0
   1425 1
   1426 1
   1427 0
   1428 0
   1429 0
   1430 1
   1431 0
   1432 0
   1433 0
   1434 0
   1435 0
   1436 0
   1437 0
   1438 1
   1439 0
   1440 0
   1441 1
   1442 0
   1443 0
   1444 1
   1445 0
   1446 0
   1447 0
   1448 0
   1449 0
   1450 2
   1451 0
   1452 0
   1453 0
   1454 0
   1455 0
   1456 0
   1457 0
   1458 1
   1459 0
   1460 0
   1461 0
   1462 1
   1463 0
   1464 0
   1465 1
   1466 0
   1467 0
   1468 0
   1469 0
   1470 2
   1471 0
   1472 0
   1473 1
   1474 0
   1475 0
   1476 0
   1477 0
   1478 0
   1479 0
   1480 0
   1481 0
   1482 0
   1483 0
   1484 0
   1485 0
   1486 1
   1487 0
   1488 0
   1489 1
   1490 0
   1491 0
   1492 2
   1493 0
   1494 1
   1495 0
   1496 0
   1497 0
   1498 0
   1499 0
   1500 0
   1501 0
   1502 0
   1503 1
   1504 1
   1505 1
   1506 0
   1507 1
   1508 0
   1509 1
   1510 0
   1511 0
   1512 0
   1513 0
   1514 0
   1515 2
   1516 1
   1517 0
   1518 0
   1519 0
   1520 3
   1521 1
   1522 0
   1523 0
   1524 0
   1525 0
   1526 0
   1527 0
   1528 0
   1529 0
   1530 0
   1531 1
   1532 0
   1533 0
   1534 0
   1535 1
   1536 0
   1537 0
   1538 0
   1539 0
   1540 0
   1541 1
   1542 0
   1543 1
   1544 1
   1545 0
   1546 0
   1547 0
   1548 0
   1549 1
   1550 1
   1551 1
   1552 1
   1553 0
   1554 1
   1555 0
   1556 1
   1557 0
   1558 0
   1559 0
   1560 0
   1561 0
   1562 0
   1563 0
   1564 1
   1565 1
   1566 0
   1567 0
   1568 0
   1569 0
   1570 0
   1571 1
   1572 0
   1573 0
   1574 0
   1575 0
   1576 1
   1577 0
   1578 0
   1579 0
   1580 1
   1581 3
   1582 1
   1583 0
   1584 0
   1585 1
   1586 1
   1587 0
   1588 1
   1589 1
   1590 0
   1591 0
   1592 0
   1593 0
   1594 1
   1595 0
   1596 0
   1597 0
   1598 0
   1599 0
   1600 0
   1601 1
   1602 1
   1603 0
   1604 0
   1605 0
   1606 0
   1607 0
   1608 0
   1609 0
   1610 0
   1611 0
   1612 1
   1613 0
   1614 0
   1615 1
   1616 0
   1617 0
   1618 0
   1619 0
   1620 1
   1621 0
   1622 0
   1623 0
   1624 0
   1625 0
   1626 0
   1627 0
   1628 0
   1629 0
   1630 1
   1631 1
   1632 1
   1633 0
   1634 0
   1635 0
   1636 0
   1637 0
   1638 0
   1639 0
   1640 0
   1641 1
   1642 0
   1643 2
   1644 1
   1645 0
   1646 0
   1647 1
   1648 0
   1649 1
   1650 1
   1651 0
   1652 0
   1653 0
   1654 1
   1655 0
   1656 0
   1657 0
   1658 1
   1659 0
   1660 0
   1661 0
   1662 0
   1663 0
   1664 0
   1665 0
   1666 0
   1667 0
   1668 0
   1669 0
   1670 0
   1671 0
   1672 0
   1673 0
   1674 0
   1675 0
   1676 0
   1677 0
   1678 0
   1679 0
   1680 0
   1681 1
   1682 0
   1683 0
   1684 0
   1685 0
   1686 1
   1687 1
   1688 0
   1689 0
   1690 0
   1691 0
   1692 0
   1693 0
   1694 0
   1695 1
   1696 0
   1697 0
   1698 0
   1699 0
   1700 0
   1701 0
   1702 0
   1703 0
   1704 0
   1705 0
   1706 0
   1707 0
   1708 0
   1709 0
   1710 0
   1711 0
   1712 0
   1713 0
   1714 0
   1715 0
   1716 0
   1717 1
   1718 0
   1719 0
   1720 0
   1721 0
   1722 0
   1723 0
   1724 0
   1725 0
   1726 0
   1727 0
   1728 0
   1729 0
   1730 0
   1731 0
   1732 0
   1733 0
   1734 0
   1735 0
   1736 0
   1737 0
   1738 0
   1739 0
   1740 0
   1741 0
   1742 0
   1743 0
   1744 0
   1745 0
   1746 0
   1747 0
   1748 0
   1749 0
   1750 0
   1751 0
   1752 0
   1753 0
   1754 0
   1755 0
   1756 0
   1757 0
   1758 0
   1759 0
   1760 1
HIST END
