[7l----total-cpu-usage---- -dsk/total- -net/total- ---paging-- ---system--
usr sys idl wai hiq siq| read  writ| recv  send|  in   out | int   csw 
  3   7  88   1   0   1|  34k  101k|   0     0 |   0     0 |  19  1403 
  0   0 100   0   0   0|   0     0 |4224B 2112B|   0     0 |  18    54 
  1   3  96   0   0   0|   0     0 |2947k  103k|   0     0 |  18  1384 
  6  16  77   0   0   1|   0     0 |  26M  841k|   0     0 |  19  3923 
  9  24  64   0   0   4|   0     0 |  29M  947k|   0     0 |  18  2421 
 15  24  55   0   0   6|   0     0 |  29M  940k|   0     0 |  18  2354 
 15  24  59   0   0   1|   0     0 |  30M  980k|   0     0 |  18  2474 
  9  24  62   0   0   5|   0     0 |  28M  929k|   0     0 |  18  2439 
 10  28  56   0   0   6|   0     0 |  30M  989k|   0     0 |  19  2530 
 11  24  61   0   0   5|   0     0 |  30M  964k|   0     0 |  18  2429 
 11  27  59   0   0   4|   0     0 |  30M  972k|   0     0 |  18  2459 
  7  22  67   0   0   4|   0     0 |  28M  930k|   0     0 |  18  2179 
  8  28  59   0   0   5|   0     0 |  29M  962k|   0     0 |  19  2240 
  8  29  59   0   0   4|   0     0 |  30M  984k|   0     0 |  18  2358 
  7  26  63   0   0   4|   0     0 |  29M  959k|   0     0 |  18  2194 
 12  30  55   0   0   3|   0     0 |  31M 1007k|   0     0 |  18  2415 
  9  28  62   0   0   1|   0     0 |  30M  973k|   0     0 |  18  2491 
 12  28  54   0   0   6|   0     0 |  30M  970k|   0     0 |  19  2321 
  9  26  61   0   0   4|   0     0 |  29M  947k|   0     0 |  18  2346 
  9  28  57   0   0   5|   0     0 |  30M  970k|   0     0 |  18  2389 
  9  28  57   0   0   5|   0     0 |  29M  967k|   0     0 |  18  2416 
 14  26  55   0   0   5|   0  4096B|  29M  945k|   0     0 |  18  2453 
 12  27  57   0   0   4|   0     0 |  30M  977k|   0     0 |  19  2321 
  9  32  51   0   0   9|   0     0 |  31M 1015k|   0     0 |  18  2446 
 11  26  59   0   0   4|   0     0 |  29M  937k|   0     0 |  18  2218 
 14  26  56   0   0   4|   0     0 |  31M 1023k|   0     0 |  18  2362 
 12  24  62   0   0   1|   0     0 |  30M  983k|   0     0 |  18  2319 
 10  27  59   0   0   4|   0     0 |  30M  966k|   0     0 |  19  2190 
 11  26  60   0   0   3|   0     0 |  30M  988k|   0     0 |  18  2266 
 11  27  58   0   0   4|   0     0 |  30M  978k|   0     0 |  18  2453 
  9  31  56   0   0   4|   0     0 |  31M 1010k|   0     0 |  18  2416 
 14  25  55   3   0   4|   0    44k|  30M  968k|   0     0 |  18  2417 
 11  28  54   0   0   7|   0     0 |  29M  937k|   0     0 |  19  2286 
 10  27  60   0   0   4|   0     0 |  29M  942k|   0     0 |  18  2076 
  8  29  58   0   0   5|   0     0 |  32M 1038k|   0     0 |  18  2507 
  8  29  60   0   0   3|   0     0 |  29M  941k|   0     0 |  18  2323 
 10  29  54   0   0   6|   0     0 |  31M 1012k|   0     0 |  18  2346 
  9  28  59   0   0   5|   0     0 |  29M  950k|   0     0 |  19  2603 
 14  27  52   0   0   8|   0     0 |  30M  999k|   0     0 |  18  2389 
  8  30  58   0   0   4|   0     0 |  30M  997k|   0     0 |  18  2383 
 11  25  59   0   0   6|   0     0 |  30M  985k|   0     0 |  18  2384 
 15  24  55   0   0   7|   0     0 |  30M  973k|   0     0 |  18  2228 
 12  31  51   0   0   6|   0     0 |  30M  985k|   0     0 |  19  2381 
 12  26  58   0   0   5|   0     0 |  31M 1010k|   0     0 |  18  2414 
  9  27  57   0   0   7|   0     0 |  29M  967k|   0     0 |  18  2134 
 14  33  48   0   0   5|   0     0 |  32M 1044k|   0     0 |  18  2204 
 13  29  52   0   0   6|   0     0 |  31M 1027k|   0     0 |  18  2527 
 14  28  50   0   0   9|   0     0 |  30M  996k|   0     0 |  19  2398 
  9  30  58   0   0   3|   0     0 |  30M  984k|   0     0 |  18  2377 
 11  30  53   0   0   6|   0     0 |  31M 1007k|   0     0 |  18  2261 
 14  27  54   0   0   5|   0     0 |  30M  981k|   0     0 |  18  2233 
 13  25  56   0   0   6|   0     0 |  30M  985k|   0     0 |  18  2178 
 12  33  52   0   0   2|   0     0 |  31M 1000k|   0     0 |  19  2405 
 11  28  53   0   0   8|   0     0 |  29M  948k|   0     0 |  18  2376 
 10  26  59   0   0   5|   0     0 |  29M  947k|   0     0 |  18  2378 
  9  26  58   0   0   7|   0     0 |  31M  999k|   0     0 |  18  2424 
 13  26  56   0   0   5|   0     0 |  30M  997k|   0     0 |  18  2326 
 13  28  53   0   0   5|   0     0 |  28M  929k|   0     0 |  19  2227 
 13  31  50   0   0   6|   0     0 |  30M  987k|   0     0 |  18  2272 
 10  25  61   0   0   4|   0     0 |  31M 1005k|   0     0 |  18  2390 
 10  28  56   0   0   6|   0     0 |  30M  976k|   0     0 |  18  2396 
  7  33  52   0   0   8|   0     0 |  30M  991k|   0     0 |  19  2458 
  9  28  59   1   0   3|   0    60k|  30M  985k|   0     0 |  18  2312 
 14  29  55   0   0   2|   0     0 |  28M  929k|   0     0 |  18  2188 
 10  26  61   0   0   3|   0     0 |  31M 1001k|   0     0 |  18  2534 
 13  21  60   0   0   7|   0     0 |  30M  993k|   0     0 |  18  2326 
  8  30  58   0   0   4|   0     0 |  30M  993k|   0     0 |  19  2541 
  9  24  61   0   0   6|   0     0 |  30M  981k|   0     0 |  18  2512 
 13  23  59   0   0   5|   0     0 |  29M  956k|   0     0 |  18  2149 
 11  25  60   0   0   4|   0     0 |  30M  980k|   0     0 |  18  2318 
 12  26  58   0   0   4|   0     0 |  30M  963k|   0     0 |  18  2347 
