STAT START
secs,qlen,thru,msrt,items,nset,nget,nmget,sqt,gqt,mqt,swt,gwt,mwt
1,0,3317.000000000000,NaN,0,3317,0,0,0.000749759735,NaN,NaN,0.003448359022,NaN,NaN
1,0,4093.000000000000,NaN,0,4093,0,0,0.000465634800,NaN,NaN,0.002884248335,NaN,NaN
1,0,4093.000000000000,NaN,0,4093,0,0,0.000458963078,NaN,NaN,0.002849112530,NaN,NaN
1,0,4500.000000000000,NaN,0,4500,0,0,0.000398179752,NaN,NaN,0.002281374825,NaN,NaN
1,0,4385.000000000000,NaN,0,4385,0,0,0.000427497644,NaN,NaN,0.002352362970,NaN,NaN
1,0,4397.000000000000,NaN,0,4397,0,0,0.000432143821,NaN,NaN,0.002603876602,NaN,NaN
1,0,4286.000000000000,NaN,0,4286,0,0,0.000366326653,NaN,NaN,0.002566418656,NaN,NaN
1,0,4181.000000000000,NaN,0,4181,0,0,0.000471549141,NaN,NaN,0.002487108564,NaN,NaN
1,0,4202.000000000000,NaN,0,4202,0,0,0.000465381506,NaN,NaN,0.002599234719,NaN,NaN
1,0,4372.000000000000,NaN,0,4372,0,0,0.000467386343,NaN,NaN,0.002466003142,NaN,NaN
1,0,4146.000000000000,NaN,0,4146,0,0,0.000410337416,NaN,NaN,0.002675117041,NaN,NaN
1,0,4269.000000000000,NaN,0,4269,0,0,0.000424302954,NaN,NaN,0.002523217232,NaN,NaN
1,0,4123.000000000000,NaN,0,4123,0,0,0.000419752708,NaN,NaN,0.002630347209,NaN,NaN
1,0,4124.000000000000,NaN,0,4124,0,0,0.000378067935,NaN,NaN,0.003142814411,NaN,NaN
1,0,4122.000000000000,NaN,0,4122,0,0,0.000406816216,NaN,NaN,0.002865398440,NaN,NaN
1,0,4140.000000000000,NaN,0,4140,0,0,0.000423777062,NaN,NaN,0.002805313256,NaN,NaN
1,0,4165.000000000000,NaN,0,4165,0,0,0.000432818667,NaN,NaN,0.002780705677,NaN,NaN
1,0,4175.000000000000,NaN,0,4175,0,0,0.000406801840,NaN,NaN,0.002919077741,NaN,NaN
1,0,4219.000000000000,NaN,0,4219,0,0,0.000426211728,NaN,NaN,0.002626811400,NaN,NaN
1,19,4231.000000000000,NaN,0,4231,0,0,0.000424847806,NaN,NaN,0.002529623849,NaN,NaN
1,0,4238.000000000000,NaN,0,4238,0,0,0.000431451015,NaN,NaN,0.002728766215,NaN,NaN
1,0,4186.000000000000,NaN,0,4186,0,0,0.000405688399,NaN,NaN,0.002911459549,NaN,NaN
1,0,4249.000000000000,NaN,0,4249,0,0,0.000447869944,NaN,NaN,0.002782960915,NaN,NaN
1,0,4275.000000000000,NaN,0,4275,0,0,0.000451632182,NaN,NaN,0.002639430549,NaN,NaN
1,0,4089.000000000000,NaN,0,4089,0,0,0.000489617072,NaN,NaN,0.002877210685,NaN,NaN
1,0,4289.000000000000,NaN,0,4289,0,0,0.000483268892,NaN,NaN,0.002452120794,NaN,NaN
1,0,4299.000000000000,NaN,0,4299,0,0,0.000443938523,NaN,NaN,0.002719582632,NaN,NaN
1,0,3797.000000000000,NaN,0,3797,0,0,0.000520637700,NaN,NaN,0.003250362784,NaN,NaN
1,0,4179.000000000000,NaN,0,4179,0,0,0.000513598167,NaN,NaN,0.002745905863,NaN,NaN
1,12,4332.000000000000,NaN,0,4332,0,0,0.000400405135,NaN,NaN,0.002608346251,NaN,NaN
1,0,4269.000000000000,NaN,0,4269,0,0,0.000369436355,NaN,NaN,0.002751715348,NaN,NaN
1,0,4255.000000000000,NaN,0,4255,0,0,0.000423219027,NaN,NaN,0.002666197737,NaN,NaN
1,0,4183.000000000000,NaN,0,4183,0,0,0.000402818400,NaN,NaN,0.002715812559,NaN,NaN
1,0,4201.000000000000,NaN,0,4201,0,0,0.000375414780,NaN,NaN,0.002754541815,NaN,NaN
1,0,4170.000000000000,NaN,0,4170,0,0,0.000400243872,NaN,NaN,0.002785261847,NaN,NaN
1,0,4234.000000000000,NaN,0,4234,0,0,0.000463198385,NaN,NaN,0.002767808974,NaN,NaN
1,0,4033.000000000000,NaN,0,4033,0,0,0.000412663213,NaN,NaN,0.002890640051,NaN,NaN
1,0,4073.000000000000,NaN,0,4073,0,0,0.000438515492,NaN,NaN,0.002868195390,NaN,NaN
1,0,4108.000000000000,NaN,0,4108,0,0,0.000461062561,NaN,NaN,0.002942060652,NaN,NaN
1,0,4150.000000000000,NaN,0,4150,0,0,0.000467140666,NaN,NaN,0.002588961373,NaN,NaN
1,3,4134.000000000000,NaN,0,4134,0,0,0.000428288935,NaN,NaN,0.002697275971,NaN,NaN
1,0,4224.000000000000,NaN,0,4224,0,0,0.000392979389,NaN,NaN,0.002907145659,NaN,NaN
1,0,4442.000000000000,NaN,0,4442,0,0,0.000411417281,NaN,NaN,0.002647290467,NaN,NaN
1,0,4375.000000000000,NaN,0,4375,0,0,0.000435630782,NaN,NaN,0.002708135681,NaN,NaN
1,0,4521.000000000000,NaN,0,4521,0,0,0.000395030118,NaN,NaN,0.002657606249,NaN,NaN
1,0,4287.000000000000,NaN,0,4287,0,0,0.000410912039,NaN,NaN,0.002926741812,NaN,NaN
1,0,3994.000000000000,NaN,0,3994,0,0,0.000433780093,NaN,NaN,0.002929158388,NaN,NaN
1,0,4262.000000000000,NaN,0,4262,0,0,0.000483537623,NaN,NaN,0.002699276644,NaN,NaN
1,0,4277.000000000000,NaN,0,4277,0,0,0.000494870709,NaN,NaN,0.002579375410,NaN,NaN
1,0,4525.000000000000,NaN,0,4525,0,0,0.000393981873,NaN,NaN,0.002466805830,NaN,NaN
1,0,4464.000000000000,NaN,0,4464,0,0,0.000475414955,NaN,NaN,0.002431575487,NaN,NaN
1,8,4090.000000000000,NaN,0,4090,0,0,0.000450118545,NaN,NaN,0.002864301440,NaN,NaN
1,0,4282.000000000000,NaN,0,4282,0,0,0.000519437532,NaN,NaN,0.002587863531,NaN,NaN
1,0,4400.000000000000,NaN,0,4400,0,0,0.000468193586,NaN,NaN,0.002305352824,NaN,NaN
1,0,4203.000000000000,NaN,0,4203,0,0,0.000394537784,NaN,NaN,0.002841597374,NaN,NaN
1,0,4260.000000000000,NaN,0,4260,0,0,0.000395631913,NaN,NaN,0.002654971641,NaN,NaN
1,1,4420.000000000000,NaN,0,4420,0,0,0.000419226805,NaN,NaN,0.002588461723,NaN,NaN
1,0,4324.000000000000,NaN,0,4324,0,0,0.000398891572,NaN,NaN,0.002898732797,NaN,NaN
1,0,4256.000000000000,NaN,0,4256,0,0,0.000387956242,NaN,NaN,0.002754979517,NaN,NaN
1,2,4258.000000000000,NaN,0,4258,0,0,0.000362638038,NaN,NaN,0.002882381237,NaN,NaN
1,0,4218.000000000000,NaN,0,4218,0,0,0.000395236932,NaN,NaN,0.002769851409,NaN,NaN
1,1,4125.000000000000,NaN,0,4125,0,0,0.000417260048,NaN,NaN,0.002744446928,NaN,NaN
1,0,3985.000000000000,NaN,0,3985,0,0,0.000441201074,NaN,NaN,0.003028582980,NaN,NaN
1,3,3963.000000000000,NaN,0,3963,0,0,0.000407763071,NaN,NaN,0.003206934803,NaN,NaN
1,0,4219.000000000000,NaN,0,4219,0,0,0.000430503719,NaN,NaN,0.002614648707,NaN,NaN
1,20,4280.000000000000,NaN,0,4280,0,0,0.000400187805,NaN,NaN,0.002723880365,NaN,NaN
1,0,4166.000000000000,NaN,0,4166,0,0,0.000398189933,NaN,NaN,0.003040924628,NaN,NaN
1,14,4262.000000000000,NaN,0,4262,0,0,0.000424697123,NaN,NaN,0.002881471396,NaN,NaN
1,1,4109.000000000000,NaN,0,4109,0,0,0.000392218995,NaN,NaN,0.003082017288,NaN,NaN
1,0,4146.000000000000,NaN,0,4146,0,0,0.000459860484,NaN,NaN,0.002699021403,NaN,NaN
STAT END
HIST START
359
   0 0
   1 0
   2 0
   3 0
   4 0
   5 0
   6 1
   7 33
   8 253
   9 904
   10 2357
   11 4496
   12 7054
   13 9048
   14 11350
   15 12921
   16 13815
   17 14075
   18 14325
   19 14154
   20 13489
   21 13129
   22 12459
   23 12006
   24 11073
   25 10436
   26 9640
   27 8509
   28 7402
   29 6347
   30 5427
   31 4817
   32 3973
   33 3520
   34 2996
   35 2538
   36 2163
   37 1787
   38 1601
   39 1261
   40 1068
   41 851
   42 765
   43 697
   44 521
   45 492
   46 473
   47 486
   48 407
   49 381
   50 351
   51 410
   52 369
   53 345
   54 370
   55 366
   56 375
   57 368
   58 474
   59 499
   60 670
   61 775
   62 961
   63 1059
   64 1221
   65 1401
   66 1614
   67 1862
   68 2051
   69 2170
   70 2201
   71 2153
   72 2132
   73 2011
   74 1951
   75 1706
   76 1571
   77 1363
   78 1221
   79 1057
   80 992
   81 864
   82 756
   83 655
   84 519
   85 487
   86 396
   87 382
   88 319
   89 267
   90 259
   91 241
   92 237
   93 223
   94 216
   95 250
   96 249
   97 313
   98 344
   99 387
   100 292
   101 294
   102 291
   103 292
   104 314
   105 310
   106 290
   107 311
   108 295
   109 250
   110 215
   111 192
   112 150
   113 147
   114 114
   115 85
   116 79
   117 62
   118 53
   119 69
   120 66
   121 50
   122 41
   123 46
   124 49
   125 41
   126 33
   127 39
   128 34
   129 28
   130 24
   131 17
   132 25
   133 26
   134 27
   135 21
   136 16
   137 18
   138 6
   139 28
   140 18
   141 20
   142 10
   143 14
   144 24
   145 18
   146 17
   147 14
   148 20
   149 17
   150 14
   151 18
   152 9
   153 7
   154 8
   155 7
   156 11
   157 9
   158 12
   159 11
   160 15
   161 20
   162 16
   163 12
   164 12
   165 12
   166 18
   167 21
   168 26
   169 14
   170 13
   171 17
   172 20
   173 17
   174 21
   175 18
   176 15
   177 8
   178 12
   179 8
   180 15
   181 10
   182 10
   183 10
   184 4
   185 11
   186 7
   187 5
   188 6
   189 6
   190 6
   191 8
   192 16
   193 15
   194 12
   195 13
   196 5
   197 12
   198 10
   199 9
   200 12
   201 10
   202 8
   203 6
   204 8
   205 7
   206 8
   207 5
   208 2
   209 5
   210 6
   211 7
   212 10
   213 7
   214 4
   215 6
   216 2
   217 1
   218 0
   219 2
   220 1
   221 1
   222 2
   223 1
   224 1
   225 0
   226 5
   227 2
   228 5
   229 4
   230 3
   231 0
   232 0
   233 0
   234 0
   235 1
   236 0
   237 0
   238 0
   239 4
   240 4
   241 0
   242 0
   243 0
   244 1
   245 0
   246 1
   247 0
   248 1
   249 0
   250 0
   251 0
   252 0
   253 1
   254 2
   255 1
   256 0
   257 1
   258 0
   259 0
   260 1
   261 0
   262 0
   263 0
   264 0
   265 0
   266 0
   267 0
   268 0
   269 0
   270 0
   271 0
   272 0
   273 0
   274 1
   275 0
   276 0
   277 0
   278 0
   279 0
   280 0
   281 0
   282 0
   283 1
   284 0
   285 0
   286 0
   287 0
   288 0
   289 0
   290 0
   291 0
   292 0
   293 0
   294 0
   295 0
   296 0
   297 0
   298 0
   299 0
   300 0
   301 0
   302 0
   303 0
   304 0
   305 0
   306 0
   307 0
   308 0
   309 1
   310 0
   311 0
   312 0
   313 0
   314 0
   315 0
   316 0
   317 0
   318 0
   319 0
   320 0
   321 0
   322 0
   323 0
   324 0
   325 0
   326 0
   327 0
   328 0
   329 0
   330 0
   331 1
   332 0
   333 0
   334 0
   335 0
   336 0
   337 0
   338 0
   339 0
   340 0
   341 0
   342 0
   343 0
   344 0
   345 0
   346 0
   347 0
   348 0
   349 0
   350 0
   351 0
   352 0
   353 0
   354 0
   355 0
   356 0
   357 0
   358 1
HIST END
