STAT START
secs,qlen,thru,msrt,items,nset,nget,nmget,sqt,gqt,mqt,swt,gwt,mwt
1,0,984.000000000000,0.018292682927,984,0,984,0,NaN,0.000238126316,NaN,NaN,0.001741557058,NaN
1,0,1132.000000000000,0.005300353357,1132,0,1132,0,NaN,0.000163810116,NaN,NaN,0.001230697862,NaN
1,0,1118.000000000000,0.005366726297,1118,0,1118,0,NaN,0.000166781846,NaN,NaN,0.001345640151,NaN
1,0,1125.000000000000,0.018666666667,1125,0,1125,0,NaN,0.000159691540,NaN,NaN,0.001199923237,NaN
1,4,1170.000000000000,0.010256410256,1170,0,1170,0,NaN,0.000136257302,NaN,NaN,0.001172665532,NaN
1,0,1154.000000000000,0.009532062392,1154,0,1154,0,NaN,0.000166508144,NaN,NaN,0.001355405736,NaN
1,0,1142.000000000000,0.007005253940,1142,0,1142,0,NaN,0.000212517049,NaN,NaN,0.001204112881,NaN
1,0,1166.000000000000,0.007718696398,1166,0,1166,0,NaN,0.000161329127,NaN,NaN,0.001316272028,NaN
1,0,1099.000000000000,0.013648771611,1099,0,1099,0,NaN,0.000182209971,NaN,NaN,0.001304310435,NaN
1,0,1171.000000000000,0.011955593510,1171,0,1171,0,NaN,0.000152726348,NaN,NaN,0.001154005648,NaN
1,1,1164.000000000000,0.013745704467,1164,0,1164,0,NaN,0.000127413039,NaN,NaN,0.001204415912,NaN
1,0,1178.000000000000,0.007640067912,1178,0,1178,0,NaN,0.000145516121,NaN,NaN,0.001182961713,NaN
1,0,1191.000000000000,0.016792611251,1191,0,1191,0,NaN,0.000131102834,NaN,NaN,0.001208451655,NaN
1,0,1127.000000000000,0.000887311446,1127,0,1127,0,NaN,0.000128499732,NaN,NaN,0.001289539487,NaN
1,0,1245.000000000000,0.005622489960,1245,0,1245,0,NaN,0.000147779337,NaN,NaN,0.001107813007,NaN
1,0,1206.000000000000,0.010779436153,1206,0,1206,0,NaN,0.000168540377,NaN,NaN,0.001148787921,NaN
1,1,1263.000000000000,0.007125890736,1263,0,1263,0,NaN,0.000148853489,NaN,NaN,0.001086624859,NaN
1,0,1230.000000000000,0.018699186992,1230,0,1230,0,NaN,0.000185334180,NaN,NaN,0.001011326314,NaN
1,0,1184.000000000000,0.010979729730,1184,0,1184,0,NaN,0.000184632230,NaN,NaN,0.001194570237,NaN
1,0,1183.000000000000,0.005071851226,1183,0,1183,0,NaN,0.000125398617,NaN,NaN,0.001058910197,NaN
1,0,1201.000000000000,0.015820149875,1201,0,1201,0,NaN,0.000168331425,NaN,NaN,0.001058593191,NaN
1,0,1201.000000000000,0.008326394671,1201,0,1201,0,NaN,0.000198491337,NaN,NaN,0.001078042650,NaN
1,2,1188.000000000000,0.013468013468,1188,0,1188,0,NaN,0.000169743518,NaN,NaN,0.001030240850,NaN
1,0,1192.000000000000,0.005872483221,1192,0,1192,0,NaN,0.000214780062,NaN,NaN,0.001068499187,NaN
1,0,1141.000000000000,0.014022787029,1141,0,1141,0,NaN,0.000184153878,NaN,NaN,0.001261414927,NaN
1,0,1207.000000000000,0.004142502071,1207,0,1207,0,NaN,0.000203509518,NaN,NaN,0.001033557943,NaN
1,0,1587.000000000000,0.005671077505,1587,0,1587,0,NaN,0.000135040725,NaN,NaN,0.000936360365,NaN
1,0,1189.000000000000,0.008410428932,1189,0,1189,0,NaN,0.000160976616,NaN,NaN,0.001115818650,NaN
1,0,1152.000000000000,0.005208333333,1152,0,1152,0,NaN,0.000166181592,NaN,NaN,0.001201893396,NaN
1,0,1179.000000000000,0.005089058524,1179,0,1179,0,NaN,0.000273277797,NaN,NaN,0.001159491489,NaN
1,0,1188.000000000000,0.015151515152,1188,0,1188,0,NaN,0.000205710963,NaN,NaN,0.001035671474,NaN
1,0,1175.000000000000,0.012765957447,1175,0,1175,0,NaN,0.000149804636,NaN,NaN,0.001110687532,NaN
1,0,1231.000000000000,0.012997562957,1231,0,1231,0,NaN,0.000188281400,NaN,NaN,0.001037939956,NaN
1,0,1201.000000000000,0.005828476270,1201,0,1201,0,NaN,0.000181208737,NaN,NaN,0.001131486364,NaN
1,0,1174.000000000000,0.009369676320,1174,0,1174,0,NaN,0.000172262724,NaN,NaN,0.001142232010,NaN
1,0,1187.000000000000,0.009267059815,1187,0,1187,0,NaN,0.000188394807,NaN,NaN,0.001028884184,NaN
1,0,1197.000000000000,0.013366750209,1197,0,1197,0,NaN,0.000178671453,NaN,NaN,0.001170333171,NaN
1,0,1214.000000000000,0.006589785832,1214,0,1214,0,NaN,0.000172229770,NaN,NaN,0.001089313563,NaN
1,0,1164.000000000000,0.004295532646,1164,0,1164,0,NaN,0.000191725709,NaN,NaN,0.001214967323,NaN
1,0,1195.000000000000,0.002510460251,1195,0,1195,0,NaN,0.000187492623,NaN,NaN,0.001067103256,NaN
1,0,1223.000000000000,0.011447260834,1223,0,1223,0,NaN,0.000191796655,NaN,NaN,0.001146880744,NaN
1,0,1222.000000000000,0.014729950900,1222,0,1222,0,NaN,0.000170983151,NaN,NaN,0.001049404572,NaN
1,0,1170.000000000000,0.005128205128,1170,0,1170,0,NaN,0.000174009748,NaN,NaN,0.001148341950,NaN
1,0,1179.000000000000,0.001696352841,1179,0,1179,0,NaN,0.000169231053,NaN,NaN,0.001216193539,NaN
1,0,1231.000000000000,0.013809910642,1231,0,1231,0,NaN,0.000146352134,NaN,NaN,0.001181374562,NaN
1,0,1211.000000000000,0.009909165979,1211,0,1211,0,NaN,0.000171516836,NaN,NaN,0.001153418936,NaN
1,0,1256.000000000000,0.010350318471,1256,0,1256,0,NaN,0.000199024603,NaN,NaN,0.000914724780,NaN
1,0,1213.000000000000,0.004122011542,1213,0,1213,0,NaN,0.000206658706,NaN,NaN,0.001108576431,NaN
1,0,1180.000000000000,0.008474576271,1180,0,1180,0,NaN,0.000179477242,NaN,NaN,0.001111299938,NaN
1,0,1216.000000000000,0.013980263158,1216,0,1216,0,NaN,0.000229182070,NaN,NaN,0.001109029341,NaN
1,0,1262.000000000000,0.011885895404,1262,0,1262,0,NaN,0.000193603121,NaN,NaN,0.001014399988,NaN
1,0,1257.000000000000,0.009546539379,1257,0,1257,0,NaN,0.000152300621,NaN,NaN,0.001085142200,NaN
1,0,1216.000000000000,0.005756578947,1216,0,1216,0,NaN,0.000154764029,NaN,NaN,0.001060740453,NaN
1,0,1154.000000000000,0.012131715771,1154,0,1154,0,NaN,0.000177364761,NaN,NaN,0.001195585196,NaN
1,0,1205.000000000000,0.013278008299,1205,0,1205,0,NaN,0.000190564069,NaN,NaN,0.001256763715,NaN
1,0,1193.000000000000,0.010896898575,1193,0,1193,0,NaN,0.000141558137,NaN,NaN,0.001075490361,NaN
1,0,1177.000000000000,0.009345794393,1177,0,1177,0,NaN,0.000185789494,NaN,NaN,0.001041647585,NaN
1,0,1204.000000000000,0.009136212625,1204,0,1204,0,NaN,0.000165378262,NaN,NaN,0.001190685444,NaN
1,0,1190.000000000000,0.007563025210,1190,0,1190,0,NaN,0.000237512818,NaN,NaN,0.001084898115,NaN
1,0,1223.000000000000,0.004905968929,1223,0,1223,0,NaN,0.000200381906,NaN,NaN,0.001013249253,NaN
1,0,1181.000000000000,0.011854360711,1181,0,1181,0,NaN,0.000183353140,NaN,NaN,0.001095961718,NaN
1,0,1192.000000000000,0.009228187919,1192,0,1192,0,NaN,0.000169784273,NaN,NaN,0.001071826488,NaN
1,0,1184.000000000000,0.004222972973,1184,0,1184,0,NaN,0.000189708275,NaN,NaN,0.001032809867,NaN
1,0,1152.000000000000,0.005208333333,1152,0,1152,0,NaN,0.000260410744,NaN,NaN,0.001168238606,NaN
1,0,1182.000000000000,0.010998307953,1182,0,1182,0,NaN,0.000244772535,NaN,NaN,0.001009900195,NaN
1,0,1218.000000000000,0.000000000000,1218,0,1218,0,NaN,0.000153212301,NaN,NaN,0.001201028920,NaN
1,0,1157.000000000000,0.006050129646,1157,0,1157,0,NaN,0.000169849521,NaN,NaN,0.001333444618,NaN
1,0,1149.000000000000,0.013054830287,1149,0,1149,0,NaN,0.000158725433,NaN,NaN,0.001254510896,NaN
1,0,1147.000000000000,0.009590235397,1147,0,1147,0,NaN,0.000172805217,NaN,NaN,0.001181241909,NaN
1,0,1201.000000000000,0.007493755204,1201,0,1201,0,NaN,0.000149516385,NaN,NaN,0.001194565709,NaN
STAT END
HIST START
263
   0 0
   1 0
   2 0
   3 2
   4 136
   5 1359
   6 5040
   7 9997
   8 12283
   9 12959
   10 11437
   11 8730
   12 5736
   13 3537
   14 2236
   15 1391
   16 911
   17 696
   18 529
   19 352
   20 275
   21 231
   22 180
   23 167
   24 140
   25 124
   26 112
   27 110
   28 110
   29 110
   30 96
   31 97
   32 90
   33 67
   34 61
   35 61
   36 67
   37 58
   38 26
   39 38
   40 41
   41 37
   42 29
   43 29
   44 30
   45 25
   46 35
   47 33
   48 18
   49 29
   50 16
   51 20
   52 28
   53 15
   54 28
   55 26
   56 35
   57 38
   58 92
   59 143
   60 222
   61 213
   62 204
   63 211
   64 218
   65 211
   66 213
   67 155
   68 143
   69 133
   70 133
   71 101
   72 87
   73 74
   74 74
   75 72
   76 64
   77 57
   78 46
   79 28
   80 26
   81 18
   82 11
   83 10
   84 6
   85 6
   86 5
   87 10
   88 4
   89 1
   90 5
   91 5
   92 8
   93 5
   94 7
   95 14
   96 13
   97 16
   98 18
   99 26
   100 25
   101 24
   102 13
   103 3
   104 2
   105 1
   106 4
   107 1
   108 2
   109 2
   110 3
   111 6
   112 7
   113 2
   114 7
   115 0
   116 1
   117 1
   118 3
   119 4
   120 4
   121 2
   122 1
   123 1
   124 2
   125 1
   126 1
   127 1
   128 0
   129 1
   130 0
   131 2
   132 0
   133 0
   134 0
   135 1
   136 2
   137 1
   138 5
   139 0
   140 0
   141 0
   142 1
   143 0
   144 0
   145 2
   146 0
   147 1
   148 0
   149 0
   150 0
   151 0
   152 2
   153 0
   154 1
   155 1
   156 0
   157 0
   158 4
   159 1
   160 3
   161 0
   162 2
   163 0
   164 0
   165 1
   166 0
   167 0
   168 0
   169 0
   170 0
   171 0
   172 2
   173 1
   174 1
   175 2
   176 0
   177 0
   178 0
   179 0
   180 0
   181 0
   182 0
   183 1
   184 0
   185 0
   186 0
   187 0
   188 0
   189 0
   190 0
   191 0
   192 0
   193 0
   194 0
   195 0
   196 1
   197 0
   198 0
   199 0
   200 1
   201 0
   202 0
   203 0
   204 0
   205 0
   206 0
   207 0
   208 0
   209 0
   210 0
   211 0
   212 0
   213 0
   214 0
   215 0
   216 0
   217 0
   218 0
   219 0
   220 0
   221 0
   222 0
   223 0
   224 0
   225 0
   226 0
   227 0
   228 0
   229 0
   230 0
   231 1
   232 0
   233 0
   234 1
   235 0
   236 1
   237 0
   238 0
   239 0
   240 0
   241 0
   242 0
   243 0
   244 0
   245 0
   246 0
   247 0
   248 0
   249 0
   250 0
   251 0
   252 0
   253 0
   254 0
   255 0
   256 0
   257 0
   258 0
   259 0
   260 0
   261 1
   262 1
HIST END
