[7l----total-cpu-usage---- -dsk/total- -net/total- ---paging-- ---system--
usr sys idl wai hiq siq| read  writ| recv  send|  in   out | int   csw 
  1   2  95   1   0   1|  22k  159k|   0     0 |   0     0 | 327  1301 
  3   5  89   0   0   3|   0     0 | 470k   14M|   0     0 |1016  4029 
  3   4  89   0   0   4|   0     0 | 540k   16M|   0     0 |1098  4647 
  2   5  90   0   0   3|   0     0 | 514k   15M|   0     0 | 964  4443 
  2   4  90   0   0   4|   0     0 | 435k   13M|   0     0 |1113  3657 
  4   4  89   1   0   3|   0    96k| 405k   12M|   0     0 | 881  3498 
  3   5  89   0   0   4|   0     0 | 493k   14M|   0     0 |1271  4258 
  3   6  88   0   0   4|   0     0 | 526k   15M|   0     0 |1204  4385 
  3   3  90   0   0   4|   0     0 | 496k   14M|   0     0 |1237  4321 
  3   6  88   0   0   3|   0     0 | 504k   15M|   0     0 | 890  4384 
  3   5  89   0   0   4|   0     0 | 519k   15M|   0     0 | 925  4377 
  3   5  90   0   0   3|   0     0 | 478k   14M|   0     0 |1039  4071 
  4   5  88   0   0   3|   0  4096B| 492k   14M|   0     0 |1054  4180 
  2   3  92   0   0   4|   0     0 | 514k   15M|   0     0 |1018  4401 
  3   4  90   0   0   4|   0     0 | 532k   16M|   0     0 |1356  4631 
  4   4  89   0   0   3|   0     0 | 509k   15M|   0     0 |1127  4323 
  2   5  90   0   0   3|   0     0 | 483k   14M|   0     0 |1095  4130 
  2   5  91   0   0   3|   0    24k| 531k   15M|   0     0 |1144  4538 
  3   5  90   0   0   2|   0     0 | 518k   15M|   0     0 | 966  4433 
  2   4  90   0   0   4|   0     0 | 476k   14M|   0     0 | 899  4039 
  2   4  91   0   0   3|   0     0 | 489k   14M|   0     0 |1134  4204 
  3   5  91   0   0   2|   0     0 | 484k   14M|   0     0 | 778  4219 
  5   5  87   0   0   3|   0    76k| 524k   15M|   0     0 | 913  4442 
  4   5  90   0   0   2|   0     0 | 482k   14M|   0     0 |1170  4162 
  3   4  90   0   0   3|   0     0 | 485k   14M|   0     0 |1008  4099 
  3   5  90   0   0   2|   0     0 | 506k   15M|   0     0 |1145  4350 
  3   4  91   0   0   3|   0     0 | 372k   11M|   0     0 | 886  3277 
  2   4  91   0   0   3|   0     0 | 466k   14M|   0     0 | 967  4032 
  3   5  89   0   0   3|   0     0 | 554k   16M|   0     0 |1112  4690 
  3   4  91   0   0   3|   0     0 | 594k   17M|   0     0 |1270  5030 
  4   4  88   0   0   5|   0     0 | 602k   18M|   0     0 |1392  5132 
  3   4  90   0   0   4|   0     0 | 644k   19M|   0     0 |1416  5528 
  4   5  85   0   0   5|   0     0 | 564k   16M|   0     0 |1091  4831 
  3   4  89   0   0   4|   0     0 | 575k   17M|   0     0 |1207  4954 
  2   6  89   0   0   3|   0     0 | 574k   17M|   0     0 |1052  4818 
  2   4  91   1   0   3|   0    48k| 428k   12M|   0     0 | 809  3747 
  3   3  91   1   0   3|   0  4096B| 329k 9831k|   0     0 | 884  2923 
  3   4  90   0   0   4|   0     0 | 539k   16M|   0     0 |1228  4553 
  3   5  87   0   0   5|   0    40k| 530k   15M|   0     0 |1367  4523 
  3   5  89   0   0   4|   0     0 | 521k   15M|   0     0 |1086  4419 
  3   3  91   0   0   3|   0     0 | 539k   16M|   0     0 |1169  4544 
  3   5  90   0   0   3|   0     0 | 548k   16M|   0     0 |1059  4746 
  4   6  86   0   0   4|   0     0 | 529k   15M|   0     0 |1308  4615 
  4   4  89   0   0   3|   0     0 | 536k   16M|   0     0 |1055  4631 
  3   5  88   0   0   4|   0     0 | 528k   15M|   0     0 |1027  4504 
  4   6  87   0   0   3|   0     0 | 551k   16M|   0     0 |1155  4727 
  2   5  91   0   0   3|   0     0 | 456k   13M|   0     0 | 904  4011 
  3   7  87   1   0   3|   0     0 | 494k   14M|   0     0 |1132  4375 
  3   4  89   0   0   4|   0     0 | 566k   16M|   0     0 |1225  5064 
  3   5  90   0   0   3|   0     0 | 596k   17M|   0     0 |1330  5125 
  3   7  87   0   0   3|   0     0 | 606k   18M|   0     0 |1385  5287 
  3   4  88   0   0   6|   0     0 | 586k   17M|   0     0 |1372  5066 
  5   3  88   0   0   4|   0     0 | 600k   17M|   0     0 |1482  5105 
  3   5  88   0   0   4|   0     0 | 531k   16M|   0     0 | 988  4685 
  3   5  89   0   0   4|   0     0 | 526k   15M|   0     0 |1240  4451 
  3   2  92   0   0   3|   0     0 | 554k   16M|   0     0 |1288  4702 
  2   6  87   0   0   4|   0     0 | 558k   16M|   0     0 |1020  4884 
  3   5  91   0   0   2|   0     0 | 534k   16M|   0     0 | 964  4649 
  2   3  91   0   0   4|   0     0 | 451k   13M|   0     0 | 790  4029 
  2   5  89   0   0   4|   0     0 | 543k   16M|   0     0 |1068  4815 
  3   4  90   0   0   4|   0     0 | 552k   16M|   0     0 |1206  4789 
  2   5  88   0   0   5|   0     0 | 558k   16M|   0     0 |1213  4819 
  3   6  88   0   0   3|   0     0 | 561k   16M|   0     0 |1301  4852 
  4   6  87   0   0   4|   0     0 | 583k   17M|   0     0 |1210  5166 
  3   3  90   0   0   4|   0     0 | 524k   15M|   0     0 |1213  4506 
  4   6  87   0   0   5|   0     0 | 587k   17M|   0     0 |1149  5498 
  4   4  88   1   0   5|   0    32k| 586k   17M|   0     0 | 989  5260 
  5   5  87   0   0   4|   0     0 | 510k   15M|   0     0 |1239  4422 
  3   6  87   0   0   4|   0     0 | 661k   19M|   0     0 |1925  6237 
  3   4  91   0   0   3|   0    32k| 587k   17M|   0     0 |1331  5135 
  3   4  88   0   0   5|   0     0 | 568k   16M|   0     0 |1222  4878 
  3   3  91   0   0   3|   0     0 | 543k   16M|   0     0 |1151  4732 
  5   7  85   0   0   3|   0     0 | 530k   16M|   0     0 |1038  4613 
  2   3  91   0   0   4|   0     0 | 494k   14M|   0     0 |1100  4273 
  3   5  87   0   0   5|   0     0 | 550k   16M|   0     0 |1262  4809 
  2   7  89   0   0   3|   0     0 | 517k   15M|   0     0 |1091  4519 
  3   3  91   0   0   3|   0     0 | 477k   14M|   0     0 | 814  4244 
  3   5  88   0   0   4|   0     0 | 546k   16M|   0     0 |1029  4732 
  3   4  91   0   0   3|   0     0 | 509k   15M|   0     0 | 919  4474 
  2   5  90   0   0   3|   0     0 | 495k   14M|   0     0 | 722  4457 
  3   4  91   0   0   3|   0     0 | 503k   15M|   0     0 | 728  4485 
  4   5  89   0   0   3|   0     0 | 506k   15M|   0     0 |1214  4387 
  3   5  89   0   0   3|   0     0 | 473k   14M|   0     0 |1070  4209 
  4   4  90   0   0   3|   0     0 | 476k   14M|   0     0 | 978  4134 
  3   4  90   0   0   4|   0     0 | 528k   15M|   0     0 |1031  4605 
  3   4  89   0   0   5|   0     0 | 530k   15M|   0     0 |1295  4514 
  3   5  89   0   0   3|   0     0 | 528k   15M|   0     0 |1016  4557 
  3   5  89   0   0   4|   0     0 | 522k   15M|   0     0 | 914  4515 
  2   3  92   0   0   4|   0     0 | 489k   14M|   0     0 | 930  4331 
  4   5  86   0   0   4|   0     0 | 536k   15M|   0     0 |1073  4743 
  3   3  91   0   0   3|   0     0 | 498k   15M|   0     0 | 887  4349 
  4   4  89   0   0   3|   0     0 | 443k   13M|   0     0 |1158  3836 
  4   5  88   0   0   3|   0     0 | 539k   16M|   0     0 |1135  4693 
  3   4  88   0   0   4|   0     0 | 513k   15M|   0     0 |1199  4400 
  3   4  91   0   0   3|   0     0 | 491k   14M|   0     0 | 929  4319 
  3   4  91   0   0   3|   0     0 | 486k   14M|   0     0 | 913  4149 
  4   3  89   1   0   4|   0    40k| 493k   14M|   0     0 |1002  4391 
  3   5  88   1   0   4|   0  4096B| 482k   14M|   0     0 |1034  4242 
  2   4  89   0   0   5|   0     0 | 488k   14M|   0     0 |1089  4202 
  3   3  91   0   0   3|   0     0 | 498k   15M|   0     0 |1136  4305 
  5   3  89   0   0   3|   0    32k| 453k   13M|   0     0 | 966  3865 
