iperf 3.0.11
Linux Client1 4.15.0-1028-azure #29~16.04.1-Ubuntu SMP Thu Oct 18 21:21:58 UTC 2018 x86_64 x86_64 x86_64 GNU/Linux
Time: Sun, 11 Nov 2018 12:03:56 GMT
Connecting to host 10.0.0.6, port 5201
      Cookie: Client1.1541937836.728654.57e28f900c
      TCP MSS: 1406 (default)
[  4] local 10.0.0.8 port 37404 connected to 10.0.0.6 port 5201
[  6] local 10.0.0.8 port 37406 connected to 10.0.0.6 port 5201
Starting Test: protocol: TCP, 2 streams, 131072 byte blocks, omitting 0 seconds, 10 second test
[ ID] Interval           Transfer     Bandwidth       Retr  Cwnd
[  4]   0.00-1.00   sec  14.8 MBytes   124 Mbits/sec   73    188 KBytes       
[  6]   0.00-1.00   sec  11.0 MBytes  92.6 Mbits/sec   28    139 KBytes       
[SUM]   0.00-1.00   sec  25.9 MBytes   217 Mbits/sec  101             
- - - - - - - - - - - - - - - - - - - - - - - - -
[  4]   1.00-2.00   sec  13.5 MBytes   113 Mbits/sec   12    222 KBytes       
[  6]   1.00-2.00   sec  10.2 MBytes  85.6 Mbits/sec   29    174 KBytes       
[SUM]   1.00-2.00   sec  23.7 MBytes   199 Mbits/sec   41             
- - - - - - - - - - - - - - - - - - - - - - - - -
[  4]   2.00-3.00   sec  13.1 MBytes   110 Mbits/sec   12    250 KBytes       
[  6]   2.00-3.00   sec  10.9 MBytes  91.6 Mbits/sec   11    199 KBytes       
[SUM]   2.00-3.00   sec  24.0 MBytes   201 Mbits/sec   23             
- - - - - - - - - - - - - - - - - - - - - - - - -
[  4]   3.00-4.00   sec  13.0 MBytes   109 Mbits/sec   52    273 KBytes       
[  6]   3.00-4.00   sec  10.7 MBytes  89.6 Mbits/sec   82    216 KBytes       
[SUM]   3.00-4.00   sec  23.7 MBytes   198 Mbits/sec  134             
- - - - - - - - - - - - - - - - - - - - - - - - -
[  4]   4.00-5.00   sec  12.6 MBytes   105 Mbits/sec   64    283 KBytes       
[  6]   4.00-5.00   sec  11.0 MBytes  92.1 Mbits/sec   21    239 KBytes       
[SUM]   4.00-5.00   sec  23.5 MBytes   197 Mbits/sec   85             
- - - - - - - - - - - - - - - - - - - - - - - - -
[  4]   5.00-6.00   sec  12.4 MBytes   104 Mbits/sec   16    299 KBytes       
[  6]   5.00-6.00   sec  11.9 MBytes  99.5 Mbits/sec   31    264 KBytes       
[SUM]   5.00-6.00   sec  24.3 MBytes   204 Mbits/sec   47             
- - - - - - - - - - - - - - - - - - - - - - - - -
[  4]   6.00-7.00   sec  11.6 MBytes  97.0 Mbits/sec    0    306 KBytes       
[  6]   6.00-7.00   sec  12.0 MBytes   101 Mbits/sec    3    273 KBytes       
[SUM]   6.00-7.00   sec  23.6 MBytes   198 Mbits/sec    3             
- - - - - - - - - - - - - - - - - - - - - - - - -
[  4]   7.00-8.00   sec  11.9 MBytes   100 Mbits/sec    1    312 KBytes       
[  6]   7.00-8.00   sec  11.9 MBytes   100 Mbits/sec   38    281 KBytes       
[SUM]   7.00-8.00   sec  23.8 MBytes   200 Mbits/sec   39             
- - - - - - - - - - - - - - - - - - - - - - - - -
[  4]   8.00-9.00   sec  12.5 MBytes   105 Mbits/sec   26    316 KBytes       
[  6]   8.00-9.00   sec  11.6 MBytes  97.5 Mbits/sec   34    288 KBytes       
[SUM]   8.00-9.00   sec  24.1 MBytes   202 Mbits/sec   60             
- - - - - - - - - - - - - - - - - - - - - - - - -
[  4]   9.00-10.00  sec  12.3 MBytes   103 Mbits/sec   50    320 KBytes       
[  6]   9.00-10.00  sec  11.6 MBytes  97.0 Mbits/sec   19    299 KBytes       
[SUM]   9.00-10.00  sec  23.9 MBytes   200 Mbits/sec   69             
- - - - - - - - - - - - - - - - - - - - - - - - -
Test Complete. Summary Results:
[ ID] Interval           Transfer     Bandwidth       Retr
[  4]   0.00-10.00  sec   128 MBytes   107 Mbits/sec  306             sender
[  4]   0.00-10.00  sec   127 MBytes   106 Mbits/sec                  receiver
[  6]   0.00-10.00  sec   113 MBytes  94.6 Mbits/sec  296             sender
[  6]   0.00-10.00  sec   112 MBytes  93.8 Mbits/sec                  receiver
[SUM]   0.00-10.00  sec   241 MBytes   202 Mbits/sec  602             sender
[SUM]   0.00-10.00  sec   239 MBytes   200 Mbits/sec                  receiver
CPU Utilization: local/sender 1.2% (0.2%u/1.0%s), remote/receiver 0.4% (0.0%u/0.4%s)

iperf Done.
