STAT START
secs,qlen,thru,msrt,items,nset,nget,nmget,sqt,gqt,mqt,swt,gwt,mwt
1,0,2150.000000000000,NaN,0,2150,0,0,0.000913158283,NaN,NaN,0.007072357369,NaN,NaN
1,0,2460.000000000000,NaN,0,2460,0,0,0.000321749532,NaN,NaN,0.007227363595,NaN,NaN
1,5,2492.000000000000,NaN,0,2492,0,0,0.000339358159,NaN,NaN,0.007128902016,NaN,NaN
1,0,2704.000000000000,NaN,0,2704,0,0,0.000282598186,NaN,NaN,0.006590330658,NaN,NaN
1,0,2588.000000000000,NaN,0,2588,0,0,0.000305441035,NaN,NaN,0.006865092217,NaN,NaN
1,0,2671.000000000000,NaN,0,2671,0,0,0.000314775165,NaN,NaN,0.006690515109,NaN,NaN
1,0,2730.000000000000,NaN,0,2730,0,0,0.000353385824,NaN,NaN,0.006242882454,NaN,NaN
1,0,2495.000000000000,NaN,0,2495,0,0,0.000387022223,NaN,NaN,0.006906147253,NaN,NaN
1,1,2662.000000000000,NaN,0,2662,0,0,0.000291055968,NaN,NaN,0.006383315440,NaN,NaN
1,0,2590.000000000000,NaN,0,2590,0,0,0.000289599633,NaN,NaN,0.006530875885,NaN,NaN
1,7,2647.000000000000,NaN,0,2647,0,0,0.000209189774,NaN,NaN,0.007031269393,NaN,NaN
1,0,2726.000000000000,NaN,0,2726,0,0,0.000273005048,NaN,NaN,0.006460705559,NaN,NaN
1,0,2670.000000000000,NaN,0,2670,0,0,0.000390953738,NaN,NaN,0.005994902664,NaN,NaN
1,0,2534.000000000000,NaN,0,2534,0,0,0.000487971171,NaN,NaN,0.005787384788,NaN,NaN
1,0,2472.000000000000,NaN,0,2472,0,0,0.000335743436,NaN,NaN,0.006654691899,NaN,NaN
1,0,2652.000000000000,NaN,0,2652,0,0,0.000284481394,NaN,NaN,0.006805310165,NaN,NaN
1,0,2559.000000000000,NaN,0,2559,0,0,0.000249404798,NaN,NaN,0.007429490800,NaN,NaN
1,0,2647.000000000000,NaN,0,2647,0,0,0.000298829896,NaN,NaN,0.006719945381,NaN,NaN
1,4,2727.000000000000,NaN,0,2727,0,0,0.000271106704,NaN,NaN,0.006430921428,NaN,NaN
1,0,2645.000000000000,NaN,0,2645,0,0,0.000254611748,NaN,NaN,0.006884441649,NaN,NaN
1,0,2570.000000000000,NaN,0,2570,0,0,0.000426070656,NaN,NaN,0.006630748505,NaN,NaN
1,0,2587.000000000000,NaN,0,2587,0,0,0.000279383300,NaN,NaN,0.006787761923,NaN,NaN
1,0,2646.000000000000,NaN,0,2646,0,0,0.000311346717,NaN,NaN,0.006727740333,NaN,NaN
1,14,2798.000000000000,NaN,0,2798,0,0,0.000307415300,NaN,NaN,0.006364380473,NaN,NaN
1,0,2570.000000000000,NaN,0,2570,0,0,0.000476244414,NaN,NaN,0.006863917562,NaN,NaN
1,0,2608.000000000000,NaN,0,2608,0,0,0.000297109483,NaN,NaN,0.006837944862,NaN,NaN
1,0,2727.000000000000,NaN,0,2727,0,0,0.000257361815,NaN,NaN,0.006599742687,NaN,NaN
1,0,2705.000000000000,NaN,0,2705,0,0,0.000292519774,NaN,NaN,0.006739976827,NaN,NaN
1,0,2566.000000000000,NaN,0,2566,0,0,0.000470415542,NaN,NaN,0.006562837515,NaN,NaN
1,0,2522.000000000000,NaN,0,2522,0,0,0.000390798238,NaN,NaN,0.006827114645,NaN,NaN
1,0,2410.000000000000,NaN,0,2410,0,0,0.000490746961,NaN,NaN,0.007535363292,NaN,NaN
1,5,2556.000000000000,NaN,0,2556,0,0,0.000369362917,NaN,NaN,0.007011801221,NaN,NaN
1,0,2630.000000000000,NaN,0,2630,0,0,0.000371767578,NaN,NaN,0.006537660720,NaN,NaN
1,0,2599.000000000000,NaN,0,2599,0,0,0.000298106158,NaN,NaN,0.006849229360,NaN,NaN
1,0,2579.000000000000,NaN,0,2579,0,0,0.000212254568,NaN,NaN,0.006980819324,NaN,NaN
1,0,2603.000000000000,NaN,0,2603,0,0,0.000252929093,NaN,NaN,0.007078988154,NaN,NaN
1,5,2552.000000000000,NaN,0,2552,0,0,0.000282689249,NaN,NaN,0.007020509498,NaN,NaN
1,0,2629.000000000000,NaN,0,2629,0,0,0.000471596576,NaN,NaN,0.006421612866,NaN,NaN
1,0,2646.000000000000,NaN,0,2646,0,0,0.000327787074,NaN,NaN,0.006780211748,NaN,NaN
1,0,2459.000000000000,NaN,0,2459,0,0,0.000306476445,NaN,NaN,0.007214432042,NaN,NaN
1,0,2472.000000000000,NaN,0,2472,0,0,0.000345374674,NaN,NaN,0.007346710685,NaN,NaN
1,0,2680.000000000000,NaN,0,2680,0,0,0.000388716281,NaN,NaN,0.006339926049,NaN,NaN
1,0,2645.000000000000,NaN,0,2645,0,0,0.000356790447,NaN,NaN,0.006655418829,NaN,NaN
1,0,2548.000000000000,NaN,0,2548,0,0,0.000303494139,NaN,NaN,0.006486958749,NaN,NaN
1,0,2613.000000000000,NaN,0,2613,0,0,0.000331099163,NaN,NaN,0.006915238946,NaN,NaN
1,0,2624.000000000000,NaN,0,2624,0,0,0.000320733354,NaN,NaN,0.006879372457,NaN,NaN
1,0,2542.000000000000,NaN,0,2542,0,0,0.000340157178,NaN,NaN,0.007257528844,NaN,NaN
1,1,2610.000000000000,NaN,0,2610,0,0,0.000240306521,NaN,NaN,0.007043143693,NaN,NaN
1,0,2718.000000000000,NaN,0,2718,0,0,0.000232899877,NaN,NaN,0.006540980831,NaN,NaN
1,0,2580.000000000000,NaN,0,2580,0,0,0.000281074941,NaN,NaN,0.006657437043,NaN,NaN
1,0,2460.000000000000,NaN,0,2460,0,0,0.000195392994,NaN,NaN,0.007567028767,NaN,NaN
1,0,2632.000000000000,NaN,0,2632,0,0,0.000275839100,NaN,NaN,0.006636047500,NaN,NaN
1,1,2724.000000000000,NaN,0,2724,0,0,0.000283451668,NaN,NaN,0.006482091891,NaN,NaN
1,1,2596.000000000000,NaN,0,2596,0,0,0.000257256153,NaN,NaN,0.006976371215,NaN,NaN
1,4,2521.000000000000,NaN,0,2521,0,0,0.000228032925,NaN,NaN,0.007130616710,NaN,NaN
1,0,2570.000000000000,NaN,0,2570,0,0,0.000253814723,NaN,NaN,0.006841180331,NaN,NaN
1,0,2619.000000000000,NaN,0,2619,0,0,0.000358206589,NaN,NaN,0.006986358321,NaN,NaN
1,0,2568.000000000000,NaN,0,2568,0,0,0.000297325851,NaN,NaN,0.007055734280,NaN,NaN
1,0,2667.000000000000,NaN,0,2667,0,0,0.000290309693,NaN,NaN,0.006269358636,NaN,NaN
1,0,2422.000000000000,NaN,0,2422,0,0,0.000339107245,NaN,NaN,0.007590332403,NaN,NaN
1,0,2607.000000000000,NaN,0,2607,0,0,0.000344751843,NaN,NaN,0.006644216749,NaN,NaN
1,0,2656.000000000000,NaN,0,2656,0,0,0.000273725892,NaN,NaN,0.006821091725,NaN,NaN
1,0,2583.000000000000,NaN,0,2583,0,0,0.000254898613,NaN,NaN,0.007095825175,NaN,NaN
1,0,2578.000000000000,NaN,0,2578,0,0,0.000274409578,NaN,NaN,0.007074934943,NaN,NaN
1,0,2737.000000000000,NaN,0,2737,0,0,0.000255347875,NaN,NaN,0.006413236581,NaN,NaN
1,0,2463.000000000000,NaN,0,2463,0,0,0.000334893968,NaN,NaN,0.007032930229,NaN,NaN
1,15,2602.000000000000,NaN,0,2602,0,0,0.000290004208,NaN,NaN,0.007183849533,NaN,NaN
1,0,2683.000000000000,NaN,0,2683,0,0,0.000314480745,NaN,NaN,0.005918294891,NaN,NaN
1,0,2613.000000000000,NaN,0,2613,0,0,0.000392718550,NaN,NaN,0.006706963622,NaN,NaN
1,0,2635.000000000000,NaN,0,2635,0,0,0.000304703901,NaN,NaN,0.006794430407,NaN,NaN
1,0,44.000000000000,NaN,0,44,0,0,0.000086181750,NaN,NaN,0.006108901977,NaN,NaN
STAT END
HIST START
779
   0 0
   1 0
   2 0
   3 0
   4 0
   5 0
   6 0
   7 0
   8 0
   9 0
   10 0
   11 0
   12 1
   13 3
   14 37
   15 115
   16 256
   17 449
   18 802
   19 1246
   20 1731
   21 2246
   22 2633
   23 3086
   24 3395
   25 3659
   26 3618
   27 3625
   28 3703
   29 3530
   30 3219
   31 3240
   32 3000
   33 2849
   34 2561
   35 2348
   36 2184
   37 2016
   38 1763
   39 1549
   40 1343
   41 1152
   42 1036
   43 928
   44 953
   45 849
   46 781
   47 745
   48 620
   49 603
   50 585
   51 570
   52 556
   53 492
   54 475
   55 505
   56 465
   57 509
   58 449
   59 499
   60 525
   61 514
   62 570
   63 549
   64 606
   65 751
   66 839
   67 834
   68 914
   69 926
   70 1087
   71 1141
   72 1157
   73 1330
   74 1349
   75 1572
   76 1675
   77 1704
   78 1797
   79 1960
   80 2073
   81 2214
   82 2230
   83 2147
   84 2213
   85 2258
   86 2201
   87 2164
   88 2135
   89 2239
   90 2168
   91 2088
   92 2222
   93 2127
   94 2296
   95 2433
   96 2657
   97 3090
   98 3575
   99 3626
   100 3715
   101 3676
   102 3440
   103 3168
   104 2799
   105 2426
   106 2087
   107 1595
   108 1365
   109 1183
   110 939
   111 737
   112 620
   113 533
   114 439
   115 408
   116 380
   117 336
   118 371
   119 324
   120 249
   121 211
   122 219
   123 168
   124 188
   125 170
   126 137
   127 174
   128 120
   129 134
   130 138
   131 109
   132 118
   133 129
   134 109
   135 107
   136 106
   137 113
   138 134
   139 106
   140 130
   141 90
   142 86
   143 101
   144 85
   145 81
   146 68
   147 76
   148 58
   149 73
   150 72
   151 64
   152 62
   153 44
   154 63
   155 63
   156 72
   157 74
   158 82
   159 124
   160 130
   161 125
   162 105
   163 113
   164 101
   165 101
   166 87
   167 89
   168 89
   169 80
   170 69
   171 73
   172 73
   173 71
   174 51
   175 61
   176 48
   177 65
   178 49
   179 42
   180 34
   181 40
   182 36
   183 31
   184 40
   185 49
   186 38
   187 43
   188 52
   189 59
   190 57
   191 37
   192 62
   193 51
   194 60
   195 83
   196 106
   197 122
   198 114
   199 104
   200 78
   201 62
   202 58
   203 49
   204 45
   205 34
   206 32
   207 20
   208 24
   209 30
   210 8
   211 16
   212 16
   213 17
   214 18
   215 9
   216 17
   217 13
   218 5
   219 7
   220 7
   221 6
   222 6
   223 3
   224 6
   225 5
   226 4
   227 1
   228 3
   229 6
   230 1
   231 6
   232 6
   233 6
   234 3
   235 5
   236 10
   237 13
   238 6
   239 5
   240 1
   241 2
   242 0
   243 3
   244 2
   245 4
   246 3
   247 0
   248 2
   249 1
   250 3
   251 7
   252 6
   253 5
   254 5
   255 2
   256 3
   257 3
   258 0
   259 1
   260 1
   261 1
   262 1
   263 1
   264 1
   265 2
   266 3
   267 1
   268 3
   269 4
   270 2
   271 0
   272 3
   273 0
   274 0
   275 1
   276 3
   277 3
   278 5
   279 1
   280 5
   281 3
   282 1
   283 4
   284 1
   285 2
   286 2
   287 3
   288 5
   289 7
   290 0
   291 2
   292 2
   293 4
   294 3
   295 4
   296 5
   297 0
   298 0
   299 7
   300 4
   301 3
   302 5
   303 1
   304 2
   305 2
   306 5
   307 3
   308 7
   309 6
   310 1
   311 6
   312 3
   313 0
   314 5
   315 1
   316 0
   317 0
   318 0
   319 0
   320 1
   321 0
   322 0
   323 0
   324 1
   325 0
   326 0
   327 0
   328 1
   329 0
   330 1
   331 0
   332 2
   333 0
   334 0
   335 1
   336 0
   337 0
   338 0
   339 1
   340 0
   341 0
   342 0
   343 1
   344 0
   345 0
   346 1
   347 0
   348 0
   349 0
   350 1
   351 4
   352 1
   353 2
   354 0
   355 0
   356 0
   357 0
   358 0
   359 0
   360 2
   361 0
   362 0
   363 0
   364 2
   365 0
   366 1
   367 1
   368 0
   369 1
   370 1
   371 1
   372 1
   373 0
   374 1
   375 1
   376 0
   377 0
   378 1
   379 0
   380 0
   381 0
   382 0
   383 0
   384 0
   385 0
   386 0
   387 0
   388 0
   389 1
   390 0
   391 1
   392 0
   393 0
   394 0
   395 0
   396 2
   397 1
   398 1
   399 1
   400 1
   401 4
   402 2
   403 0
   404 1
   405 1
   406 0
   407 1
   408 0
   409 0
   410 1
   411 1
   412 0
   413 0
   414 0
   415 1
   416 0
   417 0
   418 2
   419 1
   420 0
   421 0
   422 1
   423 2
   424 0
   425 1
   426 0
   427 1
   428 0
   429 0
   430 0
   431 0
   432 0
   433 0
   434 0
   435 0
   436 0
   437 0
   438 0
   439 0
   440 1
   441 0
   442 0
   443 0
   444 0
   445 0
   446 0
   447 0
   448 0
   449 0
   450 0
   451 0
   452 0
   453 0
   454 0
   455 0
   456 1
   457 0
   458 0
   459 0
   460 0
   461 0
   462 0
   463 0
   464 0
   465 0
   466 0
   467 0
   468 0
   469 0
   470 0
   471 0
   472 0
   473 0
   474 0
   475 0
   476 0
   477 0
   478 1
   479 2
   480 0
   481 0
   482 1
   483 2
   484 0
   485 1
   486 0
   487 0
   488 0
   489 0
   490 0
   491 0
   492 0
   493 0
   494 0
   495 0
   496 1
   497 1
   498 0
   499 0
   500 2
   501 0
   502 0
   503 0
   504 0
   505 0
   506 0
   507 0
   508 0
   509 0
   510 0
   511 0
   512 0
   513 0
   514 0
   515 0
   516 0
   517 0
   518 0
   519 1
   520 0
   521 0
   522 0
   523 0
   524 0
   525 1
   526 0
   527 0
   528 0
   529 0
   530 0
   531 0
   532 0
   533 0
   534 1
   535 0
   536 0
   537 0
   538 0
   539 0
   540 0
   541 0
   542 0
   543 2
   544 0
   545 0
   546 0
   547 0
   548 0
   549 0
   550 0
   551 0
   552 0
   553 0
   554 0
   555 0
   556 0
   557 0
   558 0
   559 0
   560 0
   561 0
   562 0
   563 0
   564 0
   565 0
   566 0
   567 0
   568 0
   569 0
   570 0
   571 0
   572 0
   573 0
   574 0
   575 0
   576 0
   577 0
   578 0
   579 0
   580 0
   581 0
   582 0
   583 0
   584 0
   585 0
   586 0
   587 0
   588 0
   589 0
   590 0
   591 0
   592 0
   593 0
   594 0
   595 0
   596 0
   597 0
   598 0
   599 0
   600 1
   601 0
   602 0
   603 0
   604 0
   605 0
   606 1
   607 0
   608 0
   609 0
   610 0
   611 0
   612 0
   613 0
   614 0
   615 0
   616 0
   617 0
   618 0
   619 0
   620 0
   621 0
   622 0
   623 0
   624 0
   625 0
   626 0
   627 0
   628 0
   629 0
   630 0
   631 0
   632 0
   633 0
   634 0
   635 0
   636 0
   637 0
   638 0
   639 0
   640 0
   641 0
   642 0
   643 0
   644 0
   645 0
   646 0
   647 0
   648 0
   649 0
   650 0
   651 0
   652 0
   653 0
   654 0
   655 0
   656 0
   657 0
   658 0
   659 0
   660 0
   661 0
   662 0
   663 0
   664 0
   665 0
   666 0
   667 0
   668 0
   669 0
   670 0
   671 0
   672 0
   673 0
   674 0
   675 0
   676 0
   677 0
   678 0
   679 0
   680 0
   681 0
   682 0
   683 0
   684 0
   685 1
   686 0
   687 0
   688 0
   689 0
   690 2
   691 0
   692 0
   693 0
   694 0
   695 0
   696 0
   697 0
   698 0
   699 0
   700 0
   701 0
   702 0
   703 0
   704 0
   705 2
   706 0
   707 0
   708 0
   709 1
   710 2
   711 1
   712 0
   713 0
   714 0
   715 0
   716 0
   717 0
   718 0
   719 0
   720 0
   721 0
   722 0
   723 0
   724 0
   725 0
   726 0
   727 0
   728 0
   729 0
   730 0
   731 0
   732 0
   733 0
   734 0
   735 0
   736 0
   737 0
   738 0
   739 0
   740 0
   741 0
   742 0
   743 0
   744 0
   745 0
   746 0
   747 0
   748 0
   749 0
   750 0
   751 0
   752 0
   753 0
   754 0
   755 0
   756 0
   757 0
   758 0
   759 0
   760 0
   761 0
   762 1
   763 2
   764 0
   765 1
   766 2
   767 2
   768 0
   769 2
   770 0
   771 0
   772 1
   773 0
   774 1
   775 1
   776 1
   777 0
   778 1
HIST END
