STAT START
secs,qlen,thru,msrt,items,nset,nget,nmget,sqt,gqt,mqt,swt,gwt,mwt
1,9,1939.000000000000,NaN,0,1939,0,0,0.005318782609,NaN,NaN,0.003864867756,NaN,NaN
1,0,2080.000000000000,NaN,0,2080,0,0,0.004820771338,NaN,NaN,0.003483998010,NaN,NaN
1,0,2201.000000000000,NaN,0,2201,0,0,0.004385507714,NaN,NaN,0.003075386012,NaN,NaN
1,10,2041.000000000000,NaN,0,2041,0,0,0.004914603073,NaN,NaN,0.003335468613,NaN,NaN
1,12,2096.000000000000,NaN,0,2096,0,0,0.004667328036,NaN,NaN,0.003297655479,NaN,NaN
1,11,2287.000000000000,NaN,0,2287,0,0,0.004048216178,NaN,NaN,0.002807709577,NaN,NaN
1,0,2368.000000000000,NaN,0,2368,0,0,0.003850371317,NaN,NaN,0.002658231599,NaN,NaN
1,12,2467.000000000000,NaN,0,2467,0,0,0.003538897408,NaN,NaN,0.002687944463,NaN,NaN
1,14,2121.000000000000,NaN,0,2121,0,0,0.004489821476,NaN,NaN,0.003293697539,NaN,NaN
1,14,2149.000000000000,NaN,0,2149,0,0,0.004445106901,NaN,NaN,0.003493532535,NaN,NaN
1,16,2260.000000000000,NaN,0,2260,0,0,0.004211657900,NaN,NaN,0.002970358236,NaN,NaN
1,8,2223.000000000000,NaN,0,2223,0,0,0.004638928813,NaN,NaN,0.002996039000,NaN,NaN
1,13,2105.000000000000,NaN,0,2105,0,0,0.004584914763,NaN,NaN,0.003531438194,NaN,NaN
1,16,2188.000000000000,NaN,0,2188,0,0,0.004357211796,NaN,NaN,0.003328291195,NaN,NaN
1,3,2166.000000000000,NaN,0,2166,0,0,0.004578162101,NaN,NaN,0.003103192336,NaN,NaN
1,16,2177.000000000000,NaN,0,2177,0,0,0.004622652955,NaN,NaN,0.003141197638,NaN,NaN
1,0,2270.000000000000,NaN,0,2270,0,0,0.004424029752,NaN,NaN,0.002949303338,NaN,NaN
1,16,2073.000000000000,NaN,0,2073,0,0,0.004539464883,NaN,NaN,0.003463079258,NaN,NaN
1,13,1946.000000000000,NaN,0,1946,0,0,0.005777109842,NaN,NaN,0.003816596360,NaN,NaN
1,12,1876.000000000000,NaN,0,1876,0,0,0.005373646144,NaN,NaN,0.004131904251,NaN,NaN
1,0,2128.000000000000,NaN,0,2128,0,0,0.004647501453,NaN,NaN,0.003416439151,NaN,NaN
1,0,2454.000000000000,NaN,0,2454,0,0,0.003462005676,NaN,NaN,0.002702221554,NaN,NaN
1,8,2293.000000000000,NaN,0,2293,0,0,0.004136000338,NaN,NaN,0.003054681936,NaN,NaN
1,9,2271.000000000000,NaN,0,2271,0,0,0.003941507516,NaN,NaN,0.003040161030,NaN,NaN
1,0,2154.000000000000,NaN,0,2154,0,0,0.004679836154,NaN,NaN,0.003205554122,NaN,NaN
1,12,2406.000000000000,NaN,0,2406,0,0,0.003504154566,NaN,NaN,0.002604886532,NaN,NaN
1,16,2206.000000000000,NaN,0,2206,0,0,0.004563416463,NaN,NaN,0.003383601056,NaN,NaN
1,2,2216.000000000000,NaN,0,2216,0,0,0.004682221622,NaN,NaN,0.003179285298,NaN,NaN
1,11,2097.000000000000,NaN,0,2097,0,0,0.004618877485,NaN,NaN,0.003303515278,NaN,NaN
1,9,2057.000000000000,NaN,0,2057,0,0,0.005118792092,NaN,NaN,0.003547684969,NaN,NaN
1,0,2145.000000000000,NaN,0,2145,0,0,0.004758850155,NaN,NaN,0.003444936773,NaN,NaN
1,16,2181.000000000000,NaN,0,2181,0,0,0.004449434861,NaN,NaN,0.003300472669,NaN,NaN
1,16,2286.000000000000,NaN,0,2286,0,0,0.004169058483,NaN,NaN,0.003110137024,NaN,NaN
1,0,2097.000000000000,NaN,0,2097,0,0,0.004936189697,NaN,NaN,0.003522168173,NaN,NaN
1,0,2276.000000000000,NaN,0,2276,0,0,0.003958705200,NaN,NaN,0.002896113206,NaN,NaN
1,8,2211.000000000000,NaN,0,2211,0,0,0.004241006672,NaN,NaN,0.003027600030,NaN,NaN
1,14,2339.000000000000,NaN,0,2339,0,0,0.003751100486,NaN,NaN,0.002715675804,NaN,NaN
1,8,2285.000000000000,NaN,0,2285,0,0,0.004002878522,NaN,NaN,0.003013480070,NaN,NaN
1,16,2131.000000000000,NaN,0,2131,0,0,0.004495711901,NaN,NaN,0.003312522745,NaN,NaN
1,10,2018.000000000000,NaN,0,2018,0,0,0.005154399519,NaN,NaN,0.003603373883,NaN,NaN
1,16,2032.000000000000,NaN,0,2032,0,0,0.005223268844,NaN,NaN,0.003652034913,NaN,NaN
1,16,1862.000000000000,NaN,0,1862,0,0,0.005609155842,NaN,NaN,0.003909210289,NaN,NaN
1,16,2117.000000000000,NaN,0,2117,0,0,0.004793936446,NaN,NaN,0.003363680797,NaN,NaN
1,0,2147.000000000000,NaN,0,2147,0,0,0.004607917567,NaN,NaN,0.003229991290,NaN,NaN
1,0,2024.000000000000,NaN,0,2024,0,0,0.004953281142,NaN,NaN,0.003522597304,NaN,NaN
1,16,2070.000000000000,NaN,0,2070,0,0,0.004900892439,NaN,NaN,0.003272113347,NaN,NaN
1,16,2313.000000000000,NaN,0,2313,0,0,0.004112965448,NaN,NaN,0.003019663486,NaN,NaN
1,9,1973.000000000000,NaN,0,1973,0,0,0.005054104930,NaN,NaN,0.003615148438,NaN,NaN
1,15,2055.000000000000,NaN,0,2055,0,0,0.005019872379,NaN,NaN,0.003478905621,NaN,NaN
1,16,2186.000000000000,NaN,0,2186,0,0,0.004445565756,NaN,NaN,0.003065211356,NaN,NaN
1,12,2114.000000000000,NaN,0,2114,0,0,0.004852640307,NaN,NaN,0.003445688089,NaN,NaN
1,14,2065.000000000000,NaN,0,2065,0,0,0.004921235370,NaN,NaN,0.003533495520,NaN,NaN
1,0,2067.000000000000,NaN,0,2067,0,0,0.004906921799,NaN,NaN,0.003436835778,NaN,NaN
1,0,2130.000000000000,NaN,0,2130,0,0,0.004653917807,NaN,NaN,0.003305258048,NaN,NaN
1,8,2125.000000000000,NaN,0,2125,0,0,0.004699504588,NaN,NaN,0.003198775106,NaN,NaN
1,0,2338.000000000000,NaN,0,2338,0,0,0.003715780508,NaN,NaN,0.002750047071,NaN,NaN
1,16,2175.000000000000,NaN,0,2175,0,0,0.004460151617,NaN,NaN,0.003069246182,NaN,NaN
1,10,2454.000000000000,NaN,0,2454,0,0,0.003537020380,NaN,NaN,0.002766377296,NaN,NaN
1,16,1976.000000000000,NaN,0,1976,0,0,0.005227381026,NaN,NaN,0.003696718953,NaN,NaN
1,1,2084.000000000000,NaN,0,2084,0,0,0.004963905451,NaN,NaN,0.003486546363,NaN,NaN
1,9,2071.000000000000,NaN,0,2071,0,0,0.004560625081,NaN,NaN,0.003351547783,NaN,NaN
1,15,2406.000000000000,NaN,0,2406,0,0,0.003742545664,NaN,NaN,0.002755650274,NaN,NaN
1,0,2190.000000000000,NaN,0,2190,0,0,0.004314721142,NaN,NaN,0.003249546383,NaN,NaN
1,13,1962.000000000000,NaN,0,1962,0,0,0.005049860170,NaN,NaN,0.003831645556,NaN,NaN
1,0,2178.000000000000,NaN,0,2178,0,0,0.004560787785,NaN,NaN,0.003218604642,NaN,NaN
1,0,2294.000000000000,NaN,0,2294,0,0,0.004086274152,NaN,NaN,0.002913611964,NaN,NaN
1,0,2353.000000000000,NaN,0,2353,0,0,0.003770196370,NaN,NaN,0.002799347035,NaN,NaN
1,16,2145.000000000000,NaN,0,2145,0,0,0.004492478722,NaN,NaN,0.003174619593,NaN,NaN
1,8,2169.000000000000,NaN,0,2169,0,0,0.004503632721,NaN,NaN,0.003137011273,NaN,NaN
1,1,2175.000000000000,NaN,0,2175,0,0,0.004354463046,NaN,NaN,0.003050188778,NaN,NaN
1,0,22.000000000000,NaN,0,22,0,0,0.005621916273,NaN,NaN,0.005149692818,NaN,NaN
STAT END
HIST START
469
   0 0
   1 0
   2 0
   3 0
   4 0
   5 0
   6 0
   7 0
   8 0
   9 6
   10 39
   11 130
   12 336
   13 583
   14 910
   15 1158
   16 1565
   17 1760
   18 1837
   19 1988
   20 2164
   21 2019
   22 1924
   23 1922
   24 1698
   25 1736
   26 1573
   27 1444
   28 1372
   29 1183
   30 985
   31 951
   32 934
   33 1068
   34 1087
   35 1237
   36 1406
   37 1482
   38 1454
   39 1376
   40 1481
   41 1486
   42 1639
   43 1483
   44 1517
   45 1528
   46 1547
   47 1366
   48 1511
   49 1558
   50 1516
   51 1532
   52 1484
   53 1288
   54 1415
   55 1480
   56 1413
   57 1439
   58 1641
   59 1506
   60 1411
   61 1384
   62 1277
   63 1227
   64 1339
   65 1209
   66 1259
   67 1087
   68 907
   69 953
   70 1012
   71 940
   72 890
   73 875
   74 815
   75 753
   76 798
   77 692
   78 735
   79 664
   80 627
   81 616
   82 605
   83 560
   84 571
   85 554
   86 481
   87 468
   88 471
   89 451
   90 499
   91 565
   92 591
   93 751
   94 714
   95 729
   96 827
   97 1050
   98 1528
   99 2188
   100 2347
   101 2139
   102 1955
   103 1584
   104 1072
   105 803
   106 720
   107 688
   108 750
   109 719
   110 816
   111 940
   112 940
   113 1090
   114 1094
   115 1270
   116 1252
   117 1228
   118 1225
   119 1141
   120 952
   121 938
   122 847
   123 711
   124 638
   125 684
   126 495
   127 471
   128 382
   129 273
   130 251
   131 284
   132 292
   133 268
   134 256
   135 252
   136 225
   137 257
   138 314
   139 203
   140 226
   141 200
   142 202
   143 166
   144 169
   145 202
   146 166
   147 147
   148 137
   149 135
   150 151
   151 141
   152 134
   153 109
   154 128
   155 124
   156 122
   157 84
   158 109
   159 108
   160 82
   161 89
   162 111
   163 82
   164 115
   165 86
   166 104
   167 118
   168 129
   169 128
   170 174
   171 221
   172 236
   173 257
   174 287
   175 291
   176 260
   177 209
   178 189
   179 177
   180 186
   181 169
   182 171
   183 166
   184 145
   185 163
   186 188
   187 193
   188 225
   189 215
   190 194
   191 244
   192 239
   193 223
   194 265
   195 293
   196 329
   197 387
   198 456
   199 438
   200 414
   201 341
   202 299
   203 214
   204 156
   205 108
   206 73
   207 70
   208 55
   209 39
   210 54
   211 51
   212 64
   213 58
   214 78
   215 75
   216 53
   217 57
   218 53
   219 42
   220 27
   221 25
   222 32
   223 29
   224 46
   225 18
   226 22
   227 10
   228 13
   229 18
   230 11
   231 13
   232 9
   233 2
   234 2
   235 3
   236 1
   237 4
   238 4
   239 3
   240 4
   241 7
   242 8
   243 4
   244 6
   245 11
   246 3
   247 7
   248 7
   249 5
   250 1
   251 4
   252 4
   253 3
   254 5
   255 4
   256 5
   257 9
   258 8
   259 1
   260 10
   261 4
   262 3
   263 2
   264 3
   265 4
   266 6
   267 14
   268 11
   269 16
   270 9
   271 12
   272 33
   273 30
   274 23
   275 20
   276 25
   277 22
   278 16
   279 7
   280 7
   281 3
   282 8
   283 9
   284 5
   285 15
   286 13
   287 8
   288 6
   289 11
   290 14
   291 26
   292 12
   293 23
   294 17
   295 20
   296 14
   297 13
   298 12
   299 15
   300 10
   301 10
   302 12
   303 5
   304 2
   305 4
   306 2
   307 0
   308 2
   309 1
   310 2
   311 0
   312 1
   313 0
   314 0
   315 0
   316 0
   317 2
   318 1
   319 0
   320 0
   321 0
   322 1
   323 0
   324 0
   325 1
   326 0
   327 1
   328 2
   329 0
   330 2
   331 4
   332 0
   333 0
   334 1
   335 0
   336 0
   337 0
   338 2
   339 0
   340 0
   341 2
   342 2
   343 0
   344 2
   345 2
   346 0
   347 0
   348 0
   349 0
   350 0
   351 0
   352 0
   353 0
   354 0
   355 0
   356 0
   357 0
   358 0
   359 0
   360 1
   361 0
   362 0
   363 0
   364 0
   365 0
   366 0
   367 0
   368 0
   369 0
   370 3
   371 1
   372 0
   373 0
   374 0
   375 0
   376 0
   377 0
   378 0
   379 0
   380 0
   381 0
   382 2
   383 0
   384 0
   385 0
   386 0
   387 0
   388 1
   389 2
   390 0
   391 0
   392 0
   393 0
   394 2
   395 1
   396 0
   397 0
   398 0
   399 0
   400 0
   401 0
   402 1
   403 0
   404 0
   405 1
   406 0
   407 0
   408 0
   409 0
   410 0
   411 0
   412 0
   413 0
   414 0
   415 0
   416 0
   417 0
   418 0
   419 0
   420 0
   421 0
   422 0
   423 0
   424 0
   425 0
   426 0
   427 0
   428 0
   429 0
   430 0
   431 0
   432 0
   433 0
   434 0
   435 0
   436 0
   437 0
   438 0
   439 0
   440 0
   441 0
   442 1
   443 0
   444 0
   445 0
   446 0
   447 0
   448 0
   449 0
   450 0
   451 0
   452 0
   453 0
   454 0
   455 0
   456 0
   457 0
   458 0
   459 0
   460 0
   461 0
   462 0
   463 0
   464 0
   465 0
   466 0
   467 0
   468 1
HIST END
