STAT START
secs,qlen,thru,msrt,items,nset,nget,nmget,sqt,gqt,mqt,swt,gwt,mwt
1,0,315.000000000000,NaN,0,315,0,0,0.000125206603,NaN,NaN,0.004056440133,NaN,NaN
1,0,508.000000000000,NaN,0,508,0,0,0.000085247368,NaN,NaN,0.003620812118,NaN,NaN
1,0,508.000000000000,NaN,0,508,0,0,0.000086431467,NaN,NaN,0.003649395427,NaN,NaN
1,0,528.000000000000,NaN,0,528,0,0,0.000074749771,NaN,NaN,0.003423486634,NaN,NaN
1,0,532.000000000000,NaN,0,532,0,0,0.000091270652,NaN,NaN,0.003472704600,NaN,NaN
1,0,493.000000000000,NaN,0,493,0,0,0.000103057880,NaN,NaN,0.003624134700,NaN,NaN
1,0,459.000000000000,NaN,0,459,0,0,0.000077440734,NaN,NaN,0.004452507695,NaN,NaN
1,0,470.000000000000,NaN,0,470,0,0,0.000104215066,NaN,NaN,0.004260072396,NaN,NaN
1,0,532.000000000000,NaN,0,532,0,0,0.000059595329,NaN,NaN,0.003657362692,NaN,NaN
1,0,511.000000000000,NaN,0,511,0,0,0.000070962830,NaN,NaN,0.003554723871,NaN,NaN
1,0,545.000000000000,NaN,0,545,0,0,0.000068980442,NaN,NaN,0.003284421497,NaN,NaN
1,0,508.000000000000,NaN,0,508,0,0,0.000092326874,NaN,NaN,0.003670796217,NaN,NaN
1,0,525.000000000000,NaN,0,525,0,0,0.000082847939,NaN,NaN,0.003656910347,NaN,NaN
1,0,530.000000000000,NaN,0,530,0,0,0.000106620474,NaN,NaN,0.003566582792,NaN,NaN
1,0,535.000000000000,NaN,0,535,0,0,0.000063316185,NaN,NaN,0.003686115542,NaN,NaN
1,0,531.000000000000,NaN,0,531,0,0,0.000062166928,NaN,NaN,0.003668172435,NaN,NaN
1,0,543.000000000000,NaN,0,543,0,0,0.000067028956,NaN,NaN,0.003489551168,NaN,NaN
1,0,495.000000000000,NaN,0,495,0,0,0.000059139483,NaN,NaN,0.004163611137,NaN,NaN
1,0,526.000000000000,NaN,0,526,0,0,0.000100105082,NaN,NaN,0.003715157291,NaN,NaN
1,0,546.000000000000,NaN,0,546,0,0,0.000093269683,NaN,NaN,0.003325072419,NaN,NaN
1,0,534.000000000000,NaN,0,534,0,0,0.000076836934,NaN,NaN,0.003526032131,NaN,NaN
1,0,548.000000000000,NaN,0,548,0,0,0.000076414828,NaN,NaN,0.003120653464,NaN,NaN
1,0,510.000000000000,NaN,0,510,0,0,0.000103503073,NaN,NaN,0.003567650924,NaN,NaN
1,0,537.000000000000,NaN,0,537,0,0,0.000073075395,NaN,NaN,0.003479944426,NaN,NaN
1,0,546.000000000000,NaN,0,546,0,0,0.000066968707,NaN,NaN,0.003370633033,NaN,NaN
1,0,539.000000000000,NaN,0,539,0,0,0.000059700950,NaN,NaN,0.003590736497,NaN,NaN
1,0,539.000000000000,NaN,0,539,0,0,0.000071388241,NaN,NaN,0.003340739445,NaN,NaN
1,0,515.000000000000,NaN,0,515,0,0,0.000061449718,NaN,NaN,0.003820689917,NaN,NaN
1,0,508.000000000000,NaN,0,508,0,0,0.000059892478,NaN,NaN,0.004108806648,NaN,NaN
1,0,460.000000000000,NaN,0,460,0,0,0.000116118050,NaN,NaN,0.004303984300,NaN,NaN
1,0,480.000000000000,NaN,0,480,0,0,0.000080788692,NaN,NaN,0.004460441865,NaN,NaN
1,0,507.000000000000,NaN,0,507,0,0,0.000113074493,NaN,NaN,0.003776839964,NaN,NaN
1,0,493.000000000000,NaN,0,493,0,0,0.000105408446,NaN,NaN,0.003887635473,NaN,NaN
1,0,501.000000000000,NaN,0,501,0,0,0.000056146790,NaN,NaN,0.003857448808,NaN,NaN
1,0,528.000000000000,NaN,0,528,0,0,0.000077752494,NaN,NaN,0.003649385295,NaN,NaN
1,0,513.000000000000,NaN,0,513,0,0,0.000061949561,NaN,NaN,0.003612005431,NaN,NaN
1,1,515.000000000000,NaN,0,515,0,0,0.000083549241,NaN,NaN,0.003816642002,NaN,NaN
1,0,501.000000000000,NaN,0,501,0,0,0.000095397741,NaN,NaN,0.003741534525,NaN,NaN
1,0,516.000000000000,NaN,0,516,0,0,0.000064591785,NaN,NaN,0.003769679203,NaN,NaN
1,0,474.000000000000,NaN,0,474,0,0,0.000099041236,NaN,NaN,0.003802421939,NaN,NaN
1,0,492.000000000000,NaN,0,492,0,0,0.000097108293,NaN,NaN,0.003425096890,NaN,NaN
1,0,453.000000000000,NaN,0,453,0,0,0.000067947691,NaN,NaN,0.004110704969,NaN,NaN
1,0,456.000000000000,NaN,0,456,0,0,0.000083881675,NaN,NaN,0.003426310627,NaN,NaN
1,0,472.000000000000,NaN,0,472,0,0,0.000081195669,NaN,NaN,0.003864659144,NaN,NaN
1,1,440.000000000000,NaN,0,440,0,0,0.000115022132,NaN,NaN,0.003950685873,NaN,NaN
1,0,463.000000000000,NaN,0,463,0,0,0.000108784294,NaN,NaN,0.003502296251,NaN,NaN
1,1,522.000000000000,NaN,0,522,0,0,0.000067441368,NaN,NaN,0.003782174705,NaN,NaN
1,0,484.000000000000,NaN,0,484,0,0,0.000074299221,NaN,NaN,0.003682500996,NaN,NaN
1,0,517.000000000000,NaN,0,517,0,0,0.000057556594,NaN,NaN,0.003551183410,NaN,NaN
1,0,502.000000000000,NaN,0,502,0,0,0.000073573361,NaN,NaN,0.003778875478,NaN,NaN
1,0,521.000000000000,NaN,0,521,0,0,0.000071498319,NaN,NaN,0.003411462810,NaN,NaN
1,0,501.000000000000,NaN,0,501,0,0,0.000059015307,NaN,NaN,0.003588850653,NaN,NaN
1,0,507.000000000000,NaN,0,507,0,0,0.000058620424,NaN,NaN,0.003707252097,NaN,NaN
1,0,507.000000000000,NaN,0,507,0,0,0.000055652142,NaN,NaN,0.003730868984,NaN,NaN
1,0,507.000000000000,NaN,0,507,0,0,0.000067162249,NaN,NaN,0.004044434665,NaN,NaN
1,0,508.000000000000,NaN,0,508,0,0,0.000108237083,NaN,NaN,0.003586676844,NaN,NaN
1,0,517.000000000000,NaN,0,517,0,0,0.000064118043,NaN,NaN,0.003747816743,NaN,NaN
1,0,515.000000000000,NaN,0,515,0,0,0.000058126940,NaN,NaN,0.003707030122,NaN,NaN
1,0,526.000000000000,NaN,0,526,0,0,0.000107712127,NaN,NaN,0.003486691504,NaN,NaN
1,0,515.000000000000,NaN,0,515,0,0,0.000096959645,NaN,NaN,0.003575854767,NaN,NaN
1,0,496.000000000000,NaN,0,496,0,0,0.000112189823,NaN,NaN,0.004143038706,NaN,NaN
1,0,492.000000000000,NaN,0,492,0,0,0.000055786604,NaN,NaN,0.004015870598,NaN,NaN
1,0,484.000000000000,NaN,0,484,0,0,0.000081007814,NaN,NaN,0.003848913025,NaN,NaN
1,0,481.000000000000,NaN,0,481,0,0,0.000099096825,NaN,NaN,0.003743966767,NaN,NaN
1,0,496.000000000000,NaN,0,496,0,0,0.000065605127,NaN,NaN,0.003952905675,NaN,NaN
1,0,494.000000000000,NaN,0,494,0,0,0.000086455591,NaN,NaN,0.003885749409,NaN,NaN
1,0,512.000000000000,NaN,0,512,0,0,0.000074585260,NaN,NaN,0.003628770957,NaN,NaN
1,0,491.000000000000,NaN,0,491,0,0,0.000075657314,NaN,NaN,0.003825393652,NaN,NaN
1,0,511.000000000000,NaN,0,511,0,0,0.000095852051,NaN,NaN,0.003639043994,NaN,NaN
1,0,485.000000000000,NaN,0,485,0,0,0.000059105666,NaN,NaN,0.003982415254,NaN,NaN
1,0,138.000000000000,NaN,0,138,0,0,0.000106598819,NaN,NaN,0.003337160616,NaN,NaN
STAT END
HIST START
576
   0 0
   1 0
   2 0
   3 0
   4 0
   5 0
   6 0
   7 0
   8 0
   9 0
   10 0
   11 0
   12 17
   13 156
   14 505
   15 1086
   16 1688
   17 1956
   18 2062
   19 2112
   20 1876
   21 1866
   22 1549
   23 1253
   24 1138
   25 1003
   26 931
   27 791
   28 711
   29 599
   30 542
   31 521
   32 435
   33 395
   34 374
   35 323
   36 246
   37 236
   38 179
   39 165
   40 157
   41 108
   42 75
   43 101
   44 86
   45 89
   46 71
   47 59
   48 58
   49 49
   50 45
   51 53
   52 33
   53 38
   54 37
   55 36
   56 44
   57 57
   58 106
   59 144
   60 143
   61 177
   62 201
   63 215
   64 283
   65 364
   66 445
   67 451
   68 498
   69 574
   70 520
   71 583
   72 509
   73 527
   74 470
   75 413
   76 311
   77 234
   78 213
   79 134
   80 131
   81 94
   82 85
   83 67
   84 63
   85 60
   86 45
   87 44
   88 35
   89 46
   90 45
   91 32
   92 33
   93 43
   94 53
   95 59
   96 85
   97 92
   98 152
   99 216
   100 104
   101 33
   102 34
   103 25
   104 23
   105 22
   106 20
   107 13
   108 19
   109 11
   110 11
   111 7
   112 6
   113 9
   114 3
   115 3
   116 10
   117 8
   118 5
   119 3
   120 3
   121 3
   122 4
   123 1
   124 2
   125 2
   126 4
   127 6
   128 1
   129 1
   130 1
   131 1
   132 0
   133 1
   134 2
   135 1
   136 1
   137 1
   138 0
   139 1
   140 1
   141 0
   142 0
   143 1
   144 2
   145 1
   146 0
   147 0
   148 0
   149 2
   150 0
   151 0
   152 0
   153 0
   154 1
   155 6
   156 2
   157 1
   158 6
   159 3
   160 1
   161 2
   162 3
   163 2
   164 3
   165 5
   166 4
   167 1
   168 3
   169 2
   170 2
   171 2
   172 2
   173 1
   174 2
   175 1
   176 2
   177 1
   178 0
   179 0
   180 1
   181 1
   182 1
   183 0
   184 2
   185 0
   186 0
   187 0
   188 0
   189 1
   190 0
   191 1
   192 2
   193 2
   194 3
   195 0
   196 0
   197 0
   198 1
   199 1
   200 1
   201 1
   202 1
   203 0
   204 0
   205 0
   206 0
   207 1
   208 1
   209 2
   210 0
   211 0
   212 0
   213 0
   214 0
   215 0
   216 0
   217 0
   218 0
   219 0
   220 0
   221 0
   222 0
   223 0
   224 0
   225 0
   226 0
   227 0
   228 0
   229 0
   230 0
   231 0
   232 0
   233 0
   234 0
   235 0
   236 0
   237 0
   238 0
   239 0
   240 0
   241 0
   242 0
   243 0
   244 0
   245 0
   246 0
   247 0
   248 0
   249 0
   250 0
   251 0
   252 0
   253 0
   254 0
   255 0
   256 0
   257 0
   258 0
   259 1
   260 1
   261 0
   262 0
   263 0
   264 0
   265 0
   266 0
   267 0
   268 0
   269 0
   270 0
   271 1
   272 0
   273 0
   274 0
   275 0
   276 0
   277 0
   278 0
   279 0
   280 0
   281 0
   282 0
   283 0
   284 0
   285 0
   286 0
   287 0
   288 0
   289 0
   290 0
   291 0
   292 0
   293 0
   294 0
   295 0
   296 0
   297 0
   298 0
   299 0
   300 0
   301 0
   302 0
   303 0
   304 0
   305 0
   306 0
   307 0
   308 0
   309 0
   310 0
   311 0
   312 0
   313 0
   314 0
   315 0
   316 0
   317 0
   318 0
   319 0
   320 0
   321 0
   322 0
   323 0
   324 0
   325 0
   326 0
   327 0
   328 0
   329 0
   330 0
   331 0
   332 0
   333 0
   334 0
   335 0
   336 0
   337 0
   338 0
   339 0
   340 0
   341 0
   342 0
   343 0
   344 0
   345 0
   346 0
   347 0
   348 0
   349 0
   350 0
   351 0
   352 0
   353 0
   354 0
   355 0
   356 0
   357 0
   358 0
   359 0
   360 0
   361 0
   362 0
   363 0
   364 0
   365 0
   366 0
   367 0
   368 0
   369 0
   370 0
   371 0
   372 0
   373 0
   374 0
   375 0
   376 0
   377 0
   378 0
   379 0
   380 0
   381 0
   382 0
   383 0
   384 0
   385 0
   386 0
   387 0
   388 0
   389 0
   390 0
   391 0
   392 0
   393 0
   394 0
   395 0
   396 0
   397 0
   398 0
   399 0
   400 1
   401 0
   402 0
   403 0
   404 0
   405 0
   406 0
   407 0
   408 0
   409 0
   410 0
   411 0
   412 0
   413 0
   414 0
   415 0
   416 0
   417 0
   418 0
   419 0
   420 0
   421 0
   422 0
   423 0
   424 0
   425 0
   426 0
   427 0
   428 0
   429 0
   430 0
   431 0
   432 0
   433 0
   434 0
   435 0
   436 0
   437 0
   438 0
   439 0
   440 0
   441 0
   442 0
   443 0
   444 0
   445 0
   446 0
   447 0
   448 0
   449 0
   450 0
   451 0
   452 0
   453 0
   454 0
   455 0
   456 0
   457 0
   458 0
   459 0
   460 0
   461 0
   462 0
   463 0
   464 0
   465 0
   466 0
   467 0
   468 0
   469 0
   470 0
   471 0
   472 0
   473 0
   474 0
   475 0
   476 0
   477 0
   478 0
   479 0
   480 0
   481 0
   482 0
   483 0
   484 0
   485 0
   486 0
   487 0
   488 0
   489 0
   490 0
   491 0
   492 0
   493 0
   494 0
   495 0
   496 0
   497 0
   498 0
   499 0
   500 0
   501 1
   502 0
   503 0
   504 0
   505 0
   506 0
   507 0
   508 0
   509 0
   510 0
   511 0
   512 0
   513 0
   514 0
   515 0
   516 0
   517 0
   518 0
   519 1
   520 0
   521 0
   522 0
   523 0
   524 1
   525 0
   526 0
   527 0
   528 0
   529 0
   530 0
   531 0
   532 0
   533 0
   534 0
   535 0
   536 0
   537 0
   538 0
   539 0
   540 0
   541 0
   542 0
   543 0
   544 0
   545 0
   546 0
   547 0
   548 0
   549 0
   550 0
   551 0
   552 0
   553 0
   554 0
   555 0
   556 0
   557 0
   558 0
   559 0
   560 0
   561 0
   562 0
   563 0
   564 0
   565 0
   566 0
   567 0
   568 0
   569 0
   570 0
   571 0
   572 1
   573 0
   574 0
   575 2
HIST END
