STAT START
secs,qlen,thru,msrt,items,nset,nget,nmget,sqt,gqt,mqt,swt,gwt,mwt
1,13,3598.000000000000,0.026403557532,3598,0,3598,0,NaN,0.011475238086,NaN,NaN,0.008053653466,NaN
1,48,4575.000000000000,0.000218579235,4575,0,4575,0,NaN,0.010858043628,NaN,NaN,0.006954848741,NaN
1,62,4427.000000000000,0.000000000000,4427,0,4427,0,NaN,0.011138234822,NaN,NaN,0.007218000403,NaN
1,64,4473.000000000000,0.000000000000,4473,0,4473,0,NaN,0.011311257178,NaN,NaN,0.007093551303,NaN
1,43,4285.000000000000,0.000000000000,4285,0,4285,0,NaN,0.011438001997,NaN,NaN,0.007460688117,NaN
1,64,4564.000000000000,0.000000000000,4564,0,4564,0,NaN,0.010973801013,NaN,NaN,0.007006880967,NaN
1,63,4505.000000000000,0.000000000000,4505,0,4505,0,NaN,0.010806750447,NaN,NaN,0.007039319342,NaN
1,31,4542.000000000000,0.000000000000,4542,0,4542,0,NaN,0.011393672494,NaN,NaN,0.007033684155,NaN
1,64,4478.000000000000,0.000000000000,4478,0,4478,0,NaN,0.011083558918,NaN,NaN,0.006996117125,NaN
1,38,4410.000000000000,0.000000000000,4410,0,4410,0,NaN,0.011539862166,NaN,NaN,0.007337459438,NaN
1,57,4723.000000000000,0.000000000000,4723,0,4723,0,NaN,0.010602133902,NaN,NaN,0.006819675793,NaN
1,63,4593.000000000000,0.000000000000,4593,0,4593,0,NaN,0.011091904286,NaN,NaN,0.006855974490,NaN
1,63,4357.000000000000,0.000000000000,4357,0,4357,0,NaN,0.011509368882,NaN,NaN,0.007345797412,NaN
1,64,4506.000000000000,0.019307589880,4506,0,4506,0,NaN,0.011369910860,NaN,NaN,0.007094981650,NaN
1,64,4548.000000000000,0.012972735268,4548,0,4548,0,NaN,0.010704487873,NaN,NaN,0.006963665052,NaN
1,63,4573.000000000000,0.012464465340,4573,0,4573,0,NaN,0.011200819860,NaN,NaN,0.006967555887,NaN
1,64,4494.000000000000,0.010458388963,4494,0,4494,0,NaN,0.011262220104,NaN,NaN,0.007060139658,NaN
1,50,4471.000000000000,0.000000000000,4471,0,4471,0,NaN,0.011100294897,NaN,NaN,0.007178182699,NaN
1,59,4250.000000000000,0.000000000000,4250,0,4250,0,NaN,0.011991082177,NaN,NaN,0.007501441699,NaN
1,64,4512.000000000000,0.000000000000,4512,0,4512,0,NaN,0.011365392327,NaN,NaN,0.007076565070,NaN
1,0,4447.000000000000,0.000000000000,4447,0,4447,0,NaN,0.011131258945,NaN,NaN,0.007110016078,NaN
1,64,4379.000000000000,0.000000000000,4379,0,4379,0,NaN,0.011353053819,NaN,NaN,0.007272261211,NaN
1,64,4435.000000000000,0.000000000000,4435,0,4435,0,NaN,0.011330817505,NaN,NaN,0.007183134243,NaN
1,56,4382.000000000000,0.000000000000,4382,0,4382,0,NaN,0.011251781948,NaN,NaN,0.007232888699,NaN
1,62,4409.000000000000,0.000000000000,4409,0,4409,0,NaN,0.011709871753,NaN,NaN,0.007215372001,NaN
1,20,4503.000000000000,0.000000000000,4503,0,4503,0,NaN,0.011100269862,NaN,NaN,0.007056201024,NaN
1,47,4397.000000000000,0.000000000000,4397,0,4397,0,NaN,0.011121030281,NaN,NaN,0.007190378682,NaN
1,13,4665.000000000000,0.000428724544,4665,0,4665,0,NaN,0.010541835718,NaN,NaN,0.006772306158,NaN
1,0,4441.000000000000,0.012834947084,4441,0,4441,0,NaN,0.011534558099,NaN,NaN,0.007201859488,NaN
1,44,4377.000000000000,0.008224811515,4377,0,4377,0,NaN,0.011539325938,NaN,NaN,0.007202457414,NaN
1,46,4730.000000000000,0.000211416490,4730,0,4730,0,NaN,0.010265171964,NaN,NaN,0.006775304189,NaN
1,4,4655.000000000000,0.000000000000,4655,0,4655,0,NaN,0.010588145855,NaN,NaN,0.006850823308,NaN
1,61,4453.000000000000,0.000000000000,4453,0,4453,0,NaN,0.011167212904,NaN,NaN,0.007079293462,NaN
1,49,4735.000000000000,0.000000000000,4735,0,4735,0,NaN,0.010789252056,NaN,NaN,0.006764210874,NaN
1,40,4388.000000000000,0.000000000000,4388,0,4388,0,NaN,0.011727961966,NaN,NaN,0.007298711720,NaN
1,64,4715.000000000000,0.000000000000,4715,0,4715,0,NaN,0.010059553090,NaN,NaN,0.006677380209,NaN
1,33,4592.000000000000,0.004573170732,4592,0,4592,0,NaN,0.010979795679,NaN,NaN,0.006950973130,NaN
1,63,4495.000000000000,0.005561735261,4495,0,4495,0,NaN,0.011448294889,NaN,NaN,0.007098694043,NaN
1,17,4510.000000000000,0.004434589800,4510,0,4510,0,NaN,0.011093507285,NaN,NaN,0.007022512811,NaN
1,59,4477.000000000000,0.000446727719,4477,0,4477,0,NaN,0.011457341148,NaN,NaN,0.007160222641,NaN
1,52,4425.000000000000,0.007231638418,4425,0,4425,0,NaN,0.011472140392,NaN,NaN,0.007171079204,NaN
1,63,4132.000000000000,0.008712487899,4132,0,4132,0,NaN,0.012765626247,NaN,NaN,0.007692528638,NaN
1,54,4500.000000000000,0.005555555556,4500,0,4500,0,NaN,0.011073776062,NaN,NaN,0.007064119698,NaN
1,64,4440.000000000000,0.000450450450,4440,0,4440,0,NaN,0.011435397286,NaN,NaN,0.007202202188,NaN
1,61,4458.000000000000,0.000000000000,4458,0,4458,0,NaN,0.011228852940,NaN,NaN,0.007160349097,NaN
1,59,4631.000000000000,0.000000000000,4631,0,4631,0,NaN,0.010631971336,NaN,NaN,0.006825970568,NaN
1,64,4378.000000000000,0.000000000000,4378,0,4378,0,NaN,0.011709127847,NaN,NaN,0.007308550061,NaN
1,25,4504.000000000000,0.000000000000,4504,0,4504,0,NaN,0.011041558322,NaN,NaN,0.007060239749,NaN
1,56,4556.000000000000,0.000000000000,4556,0,4556,0,NaN,0.011047744043,NaN,NaN,0.006956191972,NaN
1,22,4576.000000000000,0.000000000000,4576,0,4576,0,NaN,0.010964896460,NaN,NaN,0.006920851490,NaN
1,1,4624.000000000000,0.000000000000,4624,0,4624,0,NaN,0.010993560515,NaN,NaN,0.006946418516,NaN
1,0,4549.000000000000,0.000000000000,4549,0,4549,0,NaN,0.011097926911,NaN,NaN,0.006995743722,NaN
1,11,4622.000000000000,0.000000000000,4622,0,4622,0,NaN,0.010876181842,NaN,NaN,0.006903969467,NaN
1,46,4562.000000000000,0.000000000000,4562,0,4562,0,NaN,0.010893212162,NaN,NaN,0.006966308830,NaN
1,61,4555.000000000000,0.000000000000,4555,0,4555,0,NaN,0.011240742880,NaN,NaN,0.006929352117,NaN
1,49,4449.000000000000,0.000000000000,4449,0,4449,0,NaN,0.011506916780,NaN,NaN,0.007201050954,NaN
1,41,4435.000000000000,0.000000000000,4435,0,4435,0,NaN,0.011245372729,NaN,NaN,0.007169426295,NaN
1,36,4332.000000000000,0.000000000000,4332,0,4332,0,NaN,0.011951156857,NaN,NaN,0.007280620523,NaN
1,56,4767.000000000000,0.000000000000,4767,0,4767,0,NaN,0.010098050480,NaN,NaN,0.006652525145,NaN
1,12,4550.000000000000,0.000000000000,4550,0,4550,0,NaN,0.010883781365,NaN,NaN,0.006952346731,NaN
1,0,4647.000000000000,0.000000000000,4647,0,4647,0,NaN,0.010904036907,NaN,NaN,0.006763147124,NaN
1,0,4790.000000000000,0.000000000000,4790,0,4790,0,NaN,0.010109417745,NaN,NaN,0.006579284397,NaN
1,35,4408.000000000000,0.002041742287,4408,0,4408,0,NaN,0.010872913757,NaN,NaN,0.007147349618,NaN
1,55,4449.000000000000,0.005394470668,4449,0,4449,0,NaN,0.011293661774,NaN,NaN,0.007174252716,NaN
1,47,4446.000000000000,0.003373819163,4446,0,4446,0,NaN,0.011348148925,NaN,NaN,0.007141803194,NaN
1,44,4648.000000000000,0.003657487091,4648,0,4648,0,NaN,0.010503513312,NaN,NaN,0.006912041897,NaN
1,18,4597.000000000000,0.006743528388,4597,0,4597,0,NaN,0.010849842378,NaN,NaN,0.006830942891,NaN
1,39,4376.000000000000,0.010968921389,4376,0,4376,0,NaN,0.011451846515,NaN,NaN,0.007282593191,NaN
1,39,4405.000000000000,0.014074914869,4405,0,4405,0,NaN,0.011286314996,NaN,NaN,0.007137707699,NaN
1,48,4698.000000000000,0.015751383567,4698,0,4698,0,NaN,0.010680563350,NaN,NaN,0.006748998055,NaN
1,0,117.000000000000,0.000000000000,117,0,117,0,NaN,0.008554204504,NaN,NaN,0.007797121436,NaN
STAT END
Server 0 handled 104490 requests.
Server 1 handled 104365 requests.
Server 2 handled 104341 requests.
SET HIST START
0
SET HIST END
GET HIST START
1987
   0 0
   1 0
   2 0
   3 0
   4 0
   5 3
   6 24
   7 59
   8 104
   9 130
   10 159
   11 168
   12 179
   13 152
   14 164
   15 176
   16 189
   17 168
   18 167
   19 167
   20 176
   21 174
   22 148
   23 210
   24 172
   25 213
   26 206
   27 175
   28 202
   29 163
   30 198
   31 204
   32 155
   33 195
   34 201
   35 170
   36 172
   37 184
   38 173
   39 175
   40 194
   41 173
   42 183
   43 187
   44 235
   45 211
   46 224
   47 219
   48 189
   49 199
   50 229
   51 235
   52 231
   53 240
   54 230
   55 219
   56 192
   57 233
   58 218
   59 221
   60 179
   61 220
   62 238
   63 224
   64 224
   65 203
   66 244
   67 219
   68 226
   69 259
   70 241
   71 221
   72 274
   73 267
   74 216
   75 226
   76 283
   77 270
   78 265
   79 288
   80 310
   81 322
   82 377
   83 388
   84 394
   85 463
   86 513
   87 531
   88 614
   89 635
   90 615
   91 732
   92 754
   93 758
   94 808
   95 881
   96 1003
   97 1073
   98 1134
   99 1144
   100 1199
   101 1270
   102 1351
   103 1359
   104 1465
   105 1539
   106 1497
   107 1594
   108 1689
   109 1727
   110 1795
   111 1983
   112 2005
   113 1997
   114 2010
   115 2124
   116 2288
   117 2311
   118 2392
   119 2357
   120 2473
   121 2455
   122 2603
   123 2594
   124 2670
   125 2663
   126 2679
   127 2758
   128 2672
   129 2697
   130 2763
   131 2773
   132 2944
   133 2886
   134 2815
   135 3037
   136 3219
   137 3232
   138 3124
   139 3113
   140 3154
   141 3082
   142 2966
   143 2950
   144 2883
   145 2733
   146 2694
   147 2507
   148 2343
   149 2393
   150 2167
   151 2174
   152 1883
   153 1756
   154 1777
   155 1722
   156 1688
   157 1585
   158 1489
   159 1340
   160 1341
   161 1351
   162 1308
   163 1275
   164 1264
   165 1269
   166 1367
   167 1322
   168 1321
   169 1361
   170 1318
   171 1408
   172 1405
   173 1380
   174 1466
   175 1439
   176 1409
   177 1373
   178 1446
   179 1441
   180 1418
   181 1371
   182 1361
   183 1330
   184 1285
   185 1226
   186 1236
   187 1191
   188 1143
   189 1108
   190 1091
   191 1051
   192 1042
   193 1002
   194 959
   195 950
   196 855
   197 834
   198 867
   199 842
   200 834
   201 753
   202 759
   203 776
   204 761
   205 701
   206 718
   207 696
   208 654
   209 703
   210 666
   211 669
   212 670
   213 699
   214 730
   215 651
   216 675
   217 665
   218 750
   219 707
   220 719
   221 719
   222 776
   223 756
   224 783
   225 762
   226 812
   227 787
   228 746
   229 841
   230 807
   231 801
   232 818
   233 829
   234 813
   235 887
   236 848
   237 895
   238 870
   239 845
   240 896
   241 917
   242 877
   243 919
   244 914
   245 971
   246 921
   247 907
   248 884
   249 842
   250 876
   251 940
   252 818
   253 847
   254 891
   255 907
   256 903
   257 830
   258 911
   259 942
   260 884
   261 979
   262 948
   263 938
   264 935
   265 951
   266 915
   267 920
   268 866
   269 924
   270 898
   271 919
   272 867
   273 904
   274 857
   275 876
   276 837
   277 799
   278 860
   279 793
   280 797
   281 755
   282 744
   283 679
   284 700
   285 680
   286 625
   287 624
   288 617
   289 596
   290 598
   291 621
   292 561
   293 537
   294 512
   295 479
   296 472
   297 469
   298 433
   299 404
   300 376
   301 331
   302 332
   303 309
   304 299
   305 259
   306 257
   307 246
   308 264
   309 252
   310 239
   311 222
   312 244
   313 227
   314 218
   315 182
   316 191
   317 205
   318 203
   319 183
   320 146
   321 155
   322 158
   323 168
   324 134
   325 151
   326 114
   327 152
   328 124
   329 132
   330 128
   331 119
   332 114
   333 122
   334 100
   335 109
   336 95
   337 111
   338 116
   339 85
   340 67
   341 86
   342 71
   343 73
   344 77
   345 85
   346 81
   347 70
   348 59
   349 59
   350 87
   351 49
   352 69
   353 58
   354 64
   355 70
   356 55
   357 52
   358 61
   359 59
   360 92
   361 70
   362 70
   363 62
   364 69
   365 76
   366 64
   367 57
   368 55
   369 72
   370 81
   371 75
   372 76
   373 85
   374 66
   375 74
   376 65
   377 75
   378 71
   379 79
   380 84
   381 96
   382 76
   383 94
   384 97
   385 96
   386 100
   387 76
   388 71
   389 84
   390 84
   391 79
   392 75
   393 96
   394 91
   395 101
   396 106
   397 92
   398 114
   399 101
   400 91
   401 110
   402 97
   403 98
   404 102
   405 106
   406 102
   407 109
   408 116
   409 117
   410 126
   411 107
   412 106
   413 97
   414 126
   415 103
   416 127
   417 121
   418 105
   419 110
   420 89
   421 101
   422 100
   423 110
   424 94
   425 92
   426 89
   427 80
   428 63
   429 72
   430 91
   431 88
   432 82
   433 76
   434 80
   435 75
   436 71
   437 73
   438 55
   439 56
   440 66
   441 81
   442 63
   443 76
   444 59
   445 50
   446 74
   447 68
   448 62
   449 47
   450 61
   451 41
   452 66
   453 72
   454 59
   455 40
   456 54
   457 47
   458 47
   459 42
   460 33
   461 30
   462 36
   463 34
   464 43
   465 25
   466 26
   467 32
   468 25
   469 29
   470 31
   471 28
   472 21
   473 23
   474 22
   475 27
   476 27
   477 24
   478 21
   479 23
   480 27
   481 29
   482 24
   483 32
   484 20
   485 21
   486 20
   487 23
   488 21
   489 11
   490 9
   491 7
   492 14
   493 9
   494 16
   495 15
   496 14
   497 13
   498 17
   499 10
   500 16
   501 14
   502 16
   503 12
   504 16
   505 12
   506 13
   507 16
   508 7
   509 9
   510 12
   511 6
   512 12
   513 17
   514 14
   515 12
   516 10
   517 13
   518 10
   519 19
   520 16
   521 14
   522 12
   523 8
   524 6
   525 12
   526 19
   527 20
   528 22
   529 12
   530 17
   531 23
   532 16
   533 14
   534 12
   535 11
   536 14
   537 12
   538 15
   539 16
   540 29
   541 15
   542 19
   543 22
   544 23
   545 26
   546 22
   547 16
   548 21
   549 23
   550 27
   551 18
   552 27
   553 25
   554 21
   555 19
   556 19
   557 26
   558 25
   559 16
   560 30
   561 28
   562 24
   563 23
   564 19
   565 22
   566 15
   567 26
   568 32
   569 18
   570 42
   571 25
   572 24
   573 29
   574 18
   575 25
   576 24
   577 26
   578 35
   579 27
   580 21
   581 35
   582 25
   583 33
   584 21
   585 26
   586 26
   587 18
   588 17
   589 22
   590 15
   591 16
   592 11
   593 22
   594 13
   595 16
   596 12
   597 17
   598 12
   599 15
   600 17
   601 14
   602 16
   603 16
   604 10
   605 18
   606 14
   607 12
   608 11
   609 10
   610 9
   611 7
   612 13
   613 14
   614 13
   615 8
   616 8
   617 9
   618 7
   619 8
   620 5
   621 17
   622 19
   623 5
   624 9
   625 8
   626 10
   627 12
   628 7
   629 7
   630 7
   631 2
   632 6
   633 9
   634 8
   635 5
   636 6
   637 9
   638 5
   639 10
   640 6
   641 15
   642 8
   643 6
   644 7
   645 6
   646 1
   647 5
   648 6
   649 4
   650 10
   651 2
   652 9
   653 8
   654 6
   655 2
   656 3
   657 7
   658 2
   659 3
   660 3
   661 1
   662 2
   663 5
   664 4
   665 6
   666 2
   667 6
   668 1
   669 7
   670 4
   671 2
   672 2
   673 1
   674 3
   675 5
   676 4
   677 3
   678 8
   679 7
   680 8
   681 3
   682 8
   683 13
   684 7
   685 5
   686 6
   687 9
   688 9
   689 8
   690 10
   691 4
   692 8
   693 4
   694 3
   695 9
   696 5
   697 10
   698 9
   699 4
   700 4
   701 8
   702 6
   703 8
   704 9
   705 11
   706 11
   707 10
   708 6
   709 6
   710 4
   711 4
   712 6
   713 14
   714 6
   715 7
   716 8
   717 2
   718 11
   719 11
   720 2
   721 9
   722 8
   723 6
   724 6
   725 10
   726 3
   727 4
   728 9
   729 7
   730 3
   731 6
   732 7
   733 8
   734 12
   735 9
   736 11
   737 7
   738 4
   739 2
   740 4
   741 3
   742 4
   743 2
   744 3
   745 6
   746 4
   747 5
   748 2
   749 2
   750 3
   751 7
   752 8
   753 3
   754 6
   755 6
   756 11
   757 4
   758 1
   759 11
   760 8
   761 13
   762 3
   763 6
   764 3
   765 2
   766 6
   767 1
   768 1
   769 1
   770 3
   771 3
   772 1
   773 1
   774 1
   775 1
   776 2
   777 1
   778 5
   779 8
   780 1
   781 0
   782 3
   783 1
   784 3
   785 1
   786 3
   787 0
   788 4
   789 1
   790 1
   791 1
   792 2
   793 1
   794 1
   795 0
   796 1
   797 1
   798 0
   799 2
   800 0
   801 4
   802 4
   803 0
   804 4
   805 0
   806 1
   807 2
   808 1
   809 1
   810 1
   811 2
   812 1
   813 4
   814 3
   815 1
   816 4
   817 4
   818 1
   819 2
   820 1
   821 0
   822 0
   823 0
   824 0
   825 3
   826 5
   827 3
   828 1
   829 1
   830 2
   831 1
   832 0
   833 1
   834 1
   835 2
   836 2
   837 0
   838 0
   839 0
   840 2
   841 1
   842 2
   843 2
   844 2
   845 3
   846 0
   847 4
   848 1
   849 1
   850 3
   851 2
   852 1
   853 0
   854 1
   855 0
   856 4
   857 5
   858 2
   859 2
   860 5
   861 1
   862 3
   863 0
   864 0
   865 3
   866 1
   867 2
   868 4
   869 6
   870 2
   871 2
   872 1
   873 1
   874 4
   875 1
   876 1
   877 0
   878 4
   879 1
   880 1
   881 0
   882 2
   883 2
   884 2
   885 3
   886 0
   887 3
   888 5
   889 4
   890 6
   891 1
   892 3
   893 2
   894 5
   895 0
   896 1
   897 4
   898 1
   899 3
   900 4
   901 2
   902 0
   903 4
   904 4
   905 1
   906 4
   907 7
   908 3
   909 2
   910 3
   911 2
   912 1
   913 3
   914 2
   915 2
   916 2
   917 3
   918 1
   919 1
   920 1
   921 1
   922 1
   923 1
   924 0
   925 1
   926 1
   927 1
   928 0
   929 1
   930 2
   931 0
   932 3
   933 0
   934 0
   935 3
   936 1
   937 0
   938 0
   939 0
   940 0
   941 0
   942 0
   943 0
   944 0
   945 0
   946 0
   947 0
   948 0
   949 0
   950 0
   951 0
   952 1
   953 0
   954 0
   955 0
   956 1
   957 0
   958 1
   959 4
   960 2
   961 0
   962 0
   963 1
   964 0
   965 0
   966 0
   967 0
   968 0
   969 2
   970 0
   971 0
   972 0
   973 0
   974 1
   975 1
   976 0
   977 0
   978 1
   979 0
   980 0
   981 0
   982 0
   983 1
   984 0
   985 1
   986 0
   987 0
   988 0
   989 1
   990 0
   991 1
   992 0
   993 0
   994 0
   995 0
   996 2
   997 0
   998 1
   999 0
   1000 0
   1001 1
   1002 2
   1003 0
   1004 0
   1005 1
   1006 0
   1007 0
   1008 0
   1009 1
   1010 0
   1011 0
   1012 0
   1013 0
   1014 0
   1015 0
   1016 0
   1017 1
   1018 0
   1019 0
   1020 0
   1021 0
   1022 0
   1023 0
   1024 0
   1025 0
   1026 1
   1027 0
   1028 1
   1029 1
   1030 3
   1031 4
   1032 2
   1033 2
   1034 3
   1035 1
   1036 2
   1037 2
   1038 1
   1039 0
   1040 1
   1041 1
   1042 0
   1043 4
   1044 2
   1045 5
   1046 1
   1047 1
   1048 0
   1049 0
   1050 0
   1051 1
   1052 1
   1053 0
   1054 4
   1055 1
   1056 0
   1057 0
   1058 1
   1059 1
   1060 2
   1061 0
   1062 2
   1063 1
   1064 0
   1065 0
   1066 0
   1067 0
   1068 1
   1069 3
   1070 0
   1071 1
   1072 0
   1073 0
   1074 0
   1075 0
   1076 2
   1077 1
   1078 0
   1079 0
   1080 0
   1081 1
   1082 0
   1083 0
   1084 0
   1085 0
   1086 0
   1087 0
   1088 0
   1089 1
   1090 0
   1091 0
   1092 0
   1093 0
   1094 2
   1095 1
   1096 1
   1097 0
   1098 0
   1099 1
   1100 1
   1101 0
   1102 0
   1103 0
   1104 1
   1105 1
   1106 0
   1107 3
   1108 0
   1109 0
   1110 0
   1111 1
   1112 1
   1113 0
   1114 2
   1115 1
   1116 3
   1117 2
   1118 0
   1119 1
   1120 1
   1121 0
   1122 0
   1123 0
   1124 0
   1125 0
   1126 0
   1127 0
   1128 0
   1129 0
   1130 0
   1131 0
   1132 0
   1133 1
   1134 0
   1135 0
   1136 0
   1137 0
   1138 0
   1139 0
   1140 0
   1141 0
   1142 0
   1143 1
   1144 0
   1145 0
   1146 3
   1147 0
   1148 0
   1149 0
   1150 0
   1151 0
   1152 0
   1153 0
   1154 0
   1155 0
   1156 0
   1157 0
   1158 3
   1159 6
   1160 2
   1161 1
   1162 2
   1163 0
   1164 1
   1165 0
   1166 0
   1167 0
   1168 0
   1169 0
   1170 0
   1171 0
   1172 0
   1173 1
   1174 0
   1175 0
   1176 0
   1177 0
   1178 0
   1179 0
   1180 0
   1181 0
   1182 0
   1183 0
   1184 1
   1185 0
   1186 0
   1187 1
   1188 0
   1189 0
   1190 0
   1191 0
   1192 0
   1193 0
   1194 1
   1195 2
   1196 0
   1197 0
   1198 0
   1199 0
   1200 0
   1201 4
   1202 3
   1203 0
   1204 1
   1205 0
   1206 0
   1207 0
   1208 2
   1209 0
   1210 0
   1211 0
   1212 0
   1213 0
   1214 0
   1215 0
   1216 0
   1217 0
   1218 0
   1219 0
   1220 0
   1221 0
   1222 0
   1223 0
   1224 0
   1225 0
   1226 0
   1227 0
   1228 1
   1229 1
   1230 2
   1231 1
   1232 1
   1233 1
   1234 1
   1235 0
   1236 1
   1237 0
   1238 0
   1239 0
   1240 0
   1241 0
   1242 1
   1243 0
   1244 0
   1245 1
   1246 0
   1247 0
   1248 1
   1249 0
   1250 0
   1251 1
   1252 0
   1253 0
   1254 0
   1255 0
   1256 0
   1257 0
   1258 0
   1259 0
   1260 1
   1261 0
   1262 0
   1263 0
   1264 0
   1265 0
   1266 0
   1267 1
   1268 0
   1269 0
   1270 0
   1271 1
   1272 0
   1273 0
   1274 0
   1275 0
   1276 0
   1277 0
   1278 0
   1279 0
   1280 0
   1281 1
   1282 1
   1283 0
   1284 1
   1285 1
   1286 2
   1287 0
   1288 0
   1289 0
   1290 0
   1291 0
   1292 0
   1293 0
   1294 0
   1295 0
   1296 2
   1297 2
   1298 2
   1299 1
   1300 0
   1301 2
   1302 0
   1303 0
   1304 1
   1305 1
   1306 0
   1307 0
   1308 0
   1309 0
   1310 0
   1311 0
   1312 0
   1313 1
   1314 0
   1315 0
   1316 0
   1317 0
   1318 0
   1319 0
   1320 0
   1321 0
   1322 0
   1323 1
   1324 0
   1325 0
   1326 2
   1327 0
   1328 0
   1329 0
   1330 0
   1331 0
   1332 0
   1333 0
   1334 0
   1335 1
   1336 0
   1337 0
   1338 0
   1339 0
   1340 0
   1341 0
   1342 0
   1343 0
   1344 0
   1345 1
   1346 0
   1347 0
   1348 3
   1349 0
   1350 0
   1351 0
   1352 2
   1353 0
   1354 0
   1355 1
   1356 1
   1357 0
   1358 3
   1359 0
   1360 0
   1361 1
   1362 0
   1363 0
   1364 0
   1365 0
   1366 0
   1367 0
   1368 0
   1369 0
   1370 0
   1371 0
   1372 0
   1373 0
   1374 0
   1375 0
   1376 0
   1377 0
   1378 0
   1379 1
   1380 0
   1381 0
   1382 0
   1383 0
   1384 0
   1385 0
   1386 0
   1387 0
   1388 0
   1389 0
   1390 0
   1391 0
   1392 0
   1393 0
   1394 0
   1395 0
   1396 0
   1397 0
   1398 0
   1399 0
   1400 0
   1401 0
   1402 0
   1403 0
   1404 0
   1405 0
   1406 0
   1407 0
   1408 0
   1409 0
   1410 0
   1411 0
   1412 0
   1413 0
   1414 0
   1415 0
   1416 0
   1417 0
   1418 1
   1419 0
   1420 0
   1421 0
   1422 0
   1423 0
   1424 0
   1425 0
   1426 0
   1427 0
   1428 0
   1429 0
   1430 0
   1431 0
   1432 0
   1433 0
   1434 0
   1435 0
   1436 0
   1437 0
   1438 0
   1439 0
   1440 0
   1441 0
   1442 0
   1443 1
   1444 0
   1445 0
   1446 0
   1447 0
   1448 0
   1449 0
   1450 0
   1451 0
   1452 0
   1453 0
   1454 0
   1455 0
   1456 0
   1457 0
   1458 0
   1459 0
   1460 1
   1461 0
   1462 0
   1463 0
   1464 0
   1465 0
   1466 0
   1467 0
   1468 0
   1469 0
   1470 0
   1471 0
   1472 0
   1473 0
   1474 0
   1475 0
   1476 0
   1477 1
   1478 1
   1479 0
   1480 0
   1481 1
   1482 0
   1483 0
   1484 0
   1485 1
   1486 0
   1487 0
   1488 0
   1489 0
   1490 0
   1491 0
   1492 0
   1493 1
   1494 1
   1495 1
   1496 0
   1497 0
   1498 0
   1499 0
   1500 0
   1501 0
   1502 0
   1503 0
   1504 0
   1505 0
   1506 0
   1507 0
   1508 1
   1509 0
   1510 0
   1511 0
   1512 0
   1513 0
   1514 0
   1515 0
   1516 0
   1517 0
   1518 0
   1519 0
   1520 0
   1521 0
   1522 1
   1523 0
   1524 0
   1525 1
   1526 0
   1527 0
   1528 0
   1529 0
   1530 0
   1531 0
   1532 0
   1533 0
   1534 0
   1535 0
   1536 0
   1537 0
   1538 0
   1539 0
   1540 0
   1541 0
   1542 0
   1543 0
   1544 0
   1545 0
   1546 0
   1547 0
   1548 1
   1549 0
   1550 1
   1551 0
   1552 0
   1553 0
   1554 0
   1555 0
   1556 0
   1557 0
   1558 0
   1559 0
   1560 0
   1561 0
   1562 0
   1563 0
   1564 0
   1565 0
   1566 0
   1567 0
   1568 0
   1569 0
   1570 0
   1571 0
   1572 0
   1573 0
   1574 0
   1575 0
   1576 0
   1577 0
   1578 0
   1579 0
   1580 0
   1581 0
   1582 0
   1583 0
   1584 0
   1585 0
   1586 0
   1587 0
   1588 0
   1589 0
   1590 0
   1591 0
   1592 0
   1593 0
   1594 0
   1595 0
   1596 0
   1597 0
   1598 0
   1599 0
   1600 0
   1601 0
   1602 0
   1603 0
   1604 0
   1605 0
   1606 0
   1607 0
   1608 0
   1609 0
   1610 0
   1611 0
   1612 0
   1613 0
   1614 0
   1615 0
   1616 0
   1617 0
   1618 0
   1619 0
   1620 0
   1621 0
   1622 0
   1623 0
   1624 0
   1625 0
   1626 0
   1627 0
   1628 0
   1629 0
   1630 0
   1631 0
   1632 0
   1633 0
   1634 0
   1635 0
   1636 0
   1637 0
   1638 0
   1639 0
   1640 0
   1641 0
   1642 0
   1643 0
   1644 0
   1645 0
   1646 0
   1647 0
   1648 0
   1649 0
   1650 0
   1651 0
   1652 0
   1653 0
   1654 0
   1655 0
   1656 0
   1657 0
   1658 0
   1659 0
   1660 0
   1661 0
   1662 0
   1663 0
   1664 0
   1665 0
   1666 0
   1667 0
   1668 0
   1669 0
   1670 0
   1671 0
   1672 0
   1673 0
   1674 0
   1675 0
   1676 0
   1677 0
   1678 0
   1679 0
   1680 0
   1681 0
   1682 0
   1683 0
   1684 0
   1685 0
   1686 0
   1687 0
   1688 0
   1689 0
   1690 0
   1691 0
   1692 0
   1693 0
   1694 0
   1695 0
   1696 0
   1697 0
   1698 0
   1699 0
   1700 0
   1701 0
   1702 0
   1703 0
   1704 0
   1705 0
   1706 0
   1707 0
   1708 0
   1709 0
   1710 0
   1711 0
   1712 0
   1713 0
   1714 0
   1715 0
   1716 0
   1717 0
   1718 0
   1719 0
   1720 0
   1721 0
   1722 0
   1723 0
   1724 0
   1725 0
   1726 0
   1727 0
   1728 0
   1729 0
   1730 0
   1731 0
   1732 0
   1733 0
   1734 0
   1735 0
   1736 0
   1737 0
   1738 0
   1739 0
   1740 0
   1741 0
   1742 0
   1743 0
   1744 0
   1745 0
   1746 0
   1747 0
   1748 0
   1749 0
   1750 0
   1751 0
   1752 0
   1753 0
   1754 0
   1755 0
   1756 0
   1757 0
   1758 0
   1759 0
   1760 0
   1761 0
   1762 0
   1763 0
   1764 0
   1765 0
   1766 0
   1767 0
   1768 0
   1769 0
   1770 0
   1771 0
   1772 0
   1773 0
   1774 0
   1775 0
   1776 0
   1777 1
   1778 0
   1779 0
   1780 0
   1781 0
   1782 0
   1783 0
   1784 0
   1785 0
   1786 0
   1787 0
   1788 0
   1789 0
   1790 0
   1791 0
   1792 0
   1793 0
   1794 0
   1795 0
   1796 0
   1797 0
   1798 0
   1799 0
   1800 0
   1801 0
   1802 0
   1803 0
   1804 0
   1805 0
   1806 0
   1807 0
   1808 0
   1809 0
   1810 0
   1811 0
   1812 0
   1813 0
   1814 0
   1815 0
   1816 0
   1817 0
   1818 0
   1819 0
   1820 0
   1821 0
   1822 0
   1823 0
   1824 0
   1825 0
   1826 0
   1827 0
   1828 0
   1829 0
   1830 0
   1831 0
   1832 0
   1833 0
   1834 0
   1835 0
   1836 0
   1837 0
   1838 0
   1839 0
   1840 0
   1841 0
   1842 0
   1843 0
   1844 0
   1845 0
   1846 0
   1847 0
   1848 0
   1849 0
   1850 0
   1851 0
   1852 0
   1853 0
   1854 0
   1855 0
   1856 0
   1857 0
   1858 0
   1859 0
   1860 0
   1861 0
   1862 0
   1863 0
   1864 0
   1865 0
   1866 0
   1867 0
   1868 0
   1869 0
   1870 0
   1871 0
   1872 0
   1873 0
   1874 0
   1875 0
   1876 0
   1877 0
   1878 0
   1879 0
   1880 0
   1881 0
   1882 0
   1883 0
   1884 0
   1885 0
   1886 0
   1887 0
   1888 0
   1889 0
   1890 0
   1891 0
   1892 0
   1893 0
   1894 0
   1895 0
   1896 0
   1897 0
   1898 0
   1899 0
   1900 0
   1901 0
   1902 0
   1903 0
   1904 0
   1905 0
   1906 0
   1907 0
   1908 0
   1909 0
   1910 0
   1911 0
   1912 0
   1913 0
   1914 0
   1915 0
   1916 0
   1917 0
   1918 0
   1919 0
   1920 0
   1921 0
   1922 0
   1923 0
   1924 0
   1925 0
   1926 0
   1927 0
   1928 0
   1929 0
   1930 0
   1931 0
   1932 0
   1933 0
   1934 0
   1935 0
   1936 0
   1937 0
   1938 0
   1939 0
   1940 0
   1941 0
   1942 0
   1943 0
   1944 0
   1945 0
   1946 0
   1947 0
   1948 0
   1949 0
   1950 0
   1951 0
   1952 0
   1953 0
   1954 0
   1955 0
   1956 0
   1957 0
   1958 1
   1959 1
   1960 0
   1961 0
   1962 0
   1963 0
   1964 0
   1965 0
   1966 0
   1967 0
   1968 0
   1969 0
   1970 0
   1971 0
   1972 0
   1973 0
   1974 0
   1975 0
   1976 0
   1977 0
   1978 0
   1979 0
   1980 0
   1981 0
   1982 0
   1983 0
   1984 0
   1985 0
   1986 1
GET HIST END
MGET HIST START
0
MGET HIST END
