STAT START
secs,qlen,thru,msrt,items,nset,nget,nmget,sqt,gqt,mqt,swt,gwt,mwt
1,5,3090.000000000000,NaN,0,3090,0,0,0.000962072430,NaN,NaN,0.004082637690,NaN,NaN
1,7,7322.000000000000,NaN,0,7322,0,0,0.001692287082,NaN,NaN,0.005261280436,NaN,NaN
1,12,8190.000000000000,NaN,0,8190,0,0,0.001203668024,NaN,NaN,0.004869863592,NaN,NaN
1,23,7834.000000000000,NaN,0,7834,0,0,0.001571747498,NaN,NaN,0.004925445793,NaN,NaN
1,0,7677.000000000000,NaN,0,7677,0,0,0.001401367291,NaN,NaN,0.004940879990,NaN,NaN
1,3,7978.000000000000,NaN,0,7978,0,0,0.001316737981,NaN,NaN,0.004846596716,NaN,NaN
1,2,7639.000000000000,NaN,0,7639,0,0,0.001216401312,NaN,NaN,0.005632023519,NaN,NaN
1,5,7447.000000000000,NaN,0,7447,0,0,0.001700630680,NaN,NaN,0.004858885374,NaN,NaN
1,0,8239.000000000000,NaN,0,8239,0,0,0.001272129356,NaN,NaN,0.004826685339,NaN,NaN
1,51,8012.000000000000,NaN,0,8012,0,0,0.001184274999,NaN,NaN,0.005227059323,NaN,NaN
1,0,7734.000000000000,NaN,0,7734,0,0,0.001396838326,NaN,NaN,0.005110077947,NaN,NaN
1,34,8286.000000000000,NaN,0,8286,0,0,0.001171346945,NaN,NaN,0.004868495867,NaN,NaN
1,0,7790.000000000000,NaN,0,7790,0,0,0.001355531749,NaN,NaN,0.005115240111,NaN,NaN
1,8,8038.000000000000,NaN,0,8038,0,0,0.001270706098,NaN,NaN,0.005051527133,NaN,NaN
1,28,7976.000000000000,NaN,0,7976,0,0,0.001323555528,NaN,NaN,0.005173631453,NaN,NaN
1,5,8078.000000000000,NaN,0,8078,0,0,0.001440876457,NaN,NaN,0.004570653537,NaN,NaN
1,63,7723.000000000000,NaN,0,7723,0,0,0.001396495620,NaN,NaN,0.005220408318,NaN,NaN
1,0,7990.000000000000,NaN,0,7990,0,0,0.001283992294,NaN,NaN,0.005073835328,NaN,NaN
1,2,8082.000000000000,NaN,0,8082,0,0,0.001307356510,NaN,NaN,0.005016320106,NaN,NaN
1,0,7419.000000000000,NaN,0,7419,0,0,0.001478234498,NaN,NaN,0.005853531037,NaN,NaN
1,4,8236.000000000000,NaN,0,8236,0,0,0.001162940796,NaN,NaN,0.004939872203,NaN,NaN
1,0,7283.000000000000,NaN,0,7283,0,0,0.001500280575,NaN,NaN,0.005699464603,NaN,NaN
1,31,7845.000000000000,NaN,0,7845,0,0,0.001274434167,NaN,NaN,0.005090943627,NaN,NaN
1,4,7923.000000000000,NaN,0,7923,0,0,0.001307753683,NaN,NaN,0.005049358462,NaN,NaN
1,50,7929.000000000000,NaN,0,7929,0,0,0.001346864756,NaN,NaN,0.004841356632,NaN,NaN
1,39,7684.000000000000,NaN,0,7684,0,0,0.001270135945,NaN,NaN,0.005685213140,NaN,NaN
1,0,8045.000000000000,NaN,0,8045,0,0,0.001149898689,NaN,NaN,0.004989322613,NaN,NaN
1,0,8106.000000000000,NaN,0,8106,0,0,0.001131009681,NaN,NaN,0.004862148799,NaN,NaN
1,0,7832.000000000000,NaN,0,7832,0,0,0.001149136854,NaN,NaN,0.005333305277,NaN,NaN
1,23,8352.000000000000,NaN,0,8352,0,0,0.001178573089,NaN,NaN,0.004613526449,NaN,NaN
1,2,7855.000000000000,NaN,0,7855,0,0,0.001409711218,NaN,NaN,0.004755298596,NaN,NaN
1,0,7944.000000000000,NaN,0,7944,0,0,0.001222212836,NaN,NaN,0.005130320410,NaN,NaN
1,8,8271.000000000000,NaN,0,8271,0,0,0.001230716603,NaN,NaN,0.004749249675,NaN,NaN
1,8,7928.000000000000,NaN,0,7928,0,0,0.001294766563,NaN,NaN,0.005044432167,NaN,NaN
1,65,7623.000000000000,NaN,0,7623,0,0,0.001323256348,NaN,NaN,0.005357448943,NaN,NaN
1,47,7748.000000000000,NaN,0,7748,0,0,0.001239101672,NaN,NaN,0.005456624099,NaN,NaN
1,0,7908.000000000000,NaN,0,7908,0,0,0.001306140094,NaN,NaN,0.004844435482,NaN,NaN
1,0,8001.000000000000,NaN,0,8001,0,0,0.001156796571,NaN,NaN,0.005048197879,NaN,NaN
1,0,8100.000000000000,NaN,0,8100,0,0,0.001281715237,NaN,NaN,0.004521750744,NaN,NaN
1,0,8096.000000000000,NaN,0,8096,0,0,0.001286870531,NaN,NaN,0.004994788929,NaN,NaN
1,0,7563.000000000000,NaN,0,7563,0,0,0.001231891227,NaN,NaN,0.005244044795,NaN,NaN
1,22,8078.000000000000,NaN,0,8078,0,0,0.001110607302,NaN,NaN,0.005016875343,NaN,NaN
1,8,7941.000000000000,NaN,0,7941,0,0,0.001212322672,NaN,NaN,0.005241203300,NaN,NaN
1,0,7331.000000000000,NaN,0,7331,0,0,0.001420261902,NaN,NaN,0.005903339755,NaN,NaN
1,59,7511.000000000000,NaN,0,7511,0,0,0.001434273980,NaN,NaN,0.005461007137,NaN,NaN
1,32,7653.000000000000,NaN,0,7653,0,0,0.001373169171,NaN,NaN,0.005492459845,NaN,NaN
1,38,7836.000000000000,NaN,0,7836,0,0,0.001350203085,NaN,NaN,0.005053016862,NaN,NaN
1,0,8352.000000000000,NaN,0,8352,0,0,0.001424388485,NaN,NaN,0.004043129870,NaN,NaN
1,17,7964.000000000000,NaN,0,7964,0,0,0.001447731922,NaN,NaN,0.004945709451,NaN,NaN
1,8,7485.000000000000,NaN,0,7485,0,0,0.001364218716,NaN,NaN,0.005515510046,NaN,NaN
1,36,8057.000000000000,NaN,0,8057,0,0,0.001434282749,NaN,NaN,0.005009607665,NaN,NaN
1,0,7775.000000000000,NaN,0,7775,0,0,0.001229028746,NaN,NaN,0.005676400755,NaN,NaN
1,0,7934.000000000000,NaN,0,7934,0,0,0.001410981296,NaN,NaN,0.004686710099,NaN,NaN
1,0,8050.000000000000,NaN,0,8050,0,0,0.001392178761,NaN,NaN,0.004529483556,NaN,NaN
1,6,7399.000000000000,NaN,0,7399,0,0,0.001400214434,NaN,NaN,0.005756077060,NaN,NaN
1,43,7891.000000000000,NaN,0,7891,0,0,0.001208437588,NaN,NaN,0.005100256846,NaN,NaN
1,5,7656.000000000000,NaN,0,7656,0,0,0.001193114651,NaN,NaN,0.005131814115,NaN,NaN
1,0,8127.000000000000,NaN,0,8127,0,0,0.001107243061,NaN,NaN,0.005185949397,NaN,NaN
1,0,8077.000000000000,NaN,0,8077,0,0,0.001210620923,NaN,NaN,0.004812648847,NaN,NaN
1,1,7436.000000000000,NaN,0,7436,0,0,0.001641718855,NaN,NaN,0.005112310986,NaN,NaN
1,10,7459.000000000000,NaN,0,7459,0,0,0.001611725582,NaN,NaN,0.005103263452,NaN,NaN
1,0,7557.000000000000,NaN,0,7557,0,0,0.001480395914,NaN,NaN,0.005100733976,NaN,NaN
1,0,7990.000000000000,NaN,0,7990,0,0,0.001203222197,NaN,NaN,0.004854078198,NaN,NaN
1,0,8261.000000000000,NaN,0,8261,0,0,0.001317249513,NaN,NaN,0.004687539491,NaN,NaN
1,0,7911.000000000000,NaN,0,7911,0,0,0.001252706402,NaN,NaN,0.004942374226,NaN,NaN
1,0,7919.000000000000,NaN,0,7919,0,0,0.001182700689,NaN,NaN,0.005266936822,NaN,NaN
1,0,8005.000000000000,NaN,0,8005,0,0,0.001274015567,NaN,NaN,0.004811655089,NaN,NaN
1,0,7932.000000000000,NaN,0,7932,0,0,0.001391723277,NaN,NaN,0.004946277284,NaN,NaN
1,5,8177.000000000000,NaN,0,8177,0,0,0.001229739539,NaN,NaN,0.004801302046,NaN,NaN
1,22,7939.000000000000,NaN,0,7939,0,0,0.001241810909,NaN,NaN,0.005344074380,NaN,NaN
1,0,6344.000000000000,NaN,0,6344,0,0,0.000893358179,NaN,NaN,0.003298546817,NaN,NaN
STAT END
HIST START
398
   0 0
   1 0
   2 0
   3 0
   4 0
   5 0
   6 0
   7 4
   8 50
   9 137
   10 391
   11 794
   12 1327
   13 1956
   14 2862
   15 3694
   16 4433
   17 5277
   18 6150
   19 6728
   20 7454
   21 8004
   22 8357
   23 8495
   24 8658
   25 9149
   26 9371
   27 9542
   28 9493
   29 9410
   30 9404
   31 9052
   32 9163
   33 8745
   34 8543
   35 8335
   36 7973
   37 8009
   38 7866
   39 7390
   40 7151
   41 6940
   42 6618
   43 6415
   44 6167
   45 6136
   46 5924
   47 5903
   48 5905
   49 5689
   50 5554
   51 5272
   52 5251
   53 4542
   54 4468
   55 4262
   56 3967
   57 3628
   58 3476
   59 3036
   60 3022
   61 2736
   62 2614
   63 2461
   64 2444
   65 2557
   66 2682
   67 2718
   68 2636
   69 2740
   70 2723
   71 2931
   72 2996
   73 2980
   74 3054
   75 3104
   76 3175
   77 3310
   78 3172
   79 3391
   80 3548
   81 3533
   82 3486
   83 3415
   84 3630
   85 3651
   86 3590
   87 3583
   88 3521
   89 3623
   90 3612
   91 3625
   92 3588
   93 3794
   94 3763
   95 4144
   96 4460
   97 5035
   98 5113
   99 4727
   100 4295
   101 4194
   102 4132
   103 3989
   104 4067
   105 3976
   106 3705
   107 3644
   108 3525
   109 3400
   110 3285
   111 3222
   112 2998
   113 2873
   114 2835
   115 2732
   116 2628
   117 2516
   118 2424
   119 2279
   120 2146
   121 2011
   122 1911
   123 1694
   124 1505
   125 1553
   126 1346
   127 1261
   128 1112
   129 967
   130 941
   131 824
   132 723
   133 727
   134 660
   135 630
   136 568
   137 554
   138 491
   139 450
   140 416
   141 375
   142 362
   143 330
   144 304
   145 309
   146 329
   147 261
   148 285
   149 243
   150 204
   151 208
   152 196
   153 225
   154 223
   155 208
   156 216
   157 239
   158 206
   159 208
   160 213
   161 192
   162 179
   163 188
   164 237
   165 214
   166 195
   167 210
   168 200
   169 202
   170 185
   171 203
   172 188
   173 198
   174 169
   175 189
   176 157
   177 173
   178 146
   179 167
   180 144
   181 159
   182 146
   183 127
   184 152
   185 142
   186 151
   187 136
   188 153
   189 161
   190 140
   191 167
   192 175
   193 186
   194 172
   195 152
   196 151
   197 184
   198 160
   199 148
   200 152
   201 125
   202 134
   203 114
   204 97
   205 94
   206 89
   207 95
   208 98
   209 107
   210 84
   211 98
   212 75
   213 84
   214 75
   215 68
   216 86
   217 74
   218 70
   219 76
   220 66
   221 64
   222 70
   223 61
   224 58
   225 68
   226 73
   227 57
   228 76
   229 68
   230 57
   231 70
   232 49
   233 59
   234 37
   235 33
   236 28
   237 24
   238 28
   239 28
   240 23
   241 31
   242 51
   243 42
   244 33
   245 41
   246 29
   247 37
   248 22
   249 23
   250 21
   251 20
   252 29
   253 28
   254 25
   255 14
   256 19
   257 20
   258 15
   259 22
   260 17
   261 26
   262 30
   263 20
   264 15
   265 20
   266 27
   267 25
   268 26
   269 24
   270 15
   271 17
   272 17
   273 16
   274 22
   275 26
   276 16
   277 14
   278 10
   279 4
   280 7
   281 16
   282 6
   283 11
   284 11
   285 6
   286 6
   287 7
   288 5
   289 6
   290 5
   291 7
   292 7
   293 12
   294 11
   295 12
   296 12
   297 18
   298 15
   299 14
   300 19
   301 11
   302 16
   303 14
   304 16
   305 16
   306 13
   307 15
   308 16
   309 16
   310 10
   311 10
   312 8
   313 9
   314 12
   315 4
   316 9
   317 4
   318 9
   319 10
   320 5
   321 7
   322 5
   323 9
   324 4
   325 1
   326 1
   327 3
   328 5
   329 5
   330 4
   331 2
   332 1
   333 0
   334 0
   335 1
   336 0
   337 1
   338 0
   339 1
   340 0
   341 0
   342 1
   343 0
   344 0
   345 0
   346 1
   347 0
   348 0
   349 1
   350 1
   351 2
   352 0
   353 0
   354 0
   355 0
   356 0
   357 0
   358 0
   359 0
   360 0
   361 0
   362 0
   363 0
   364 0
   365 1
   366 0
   367 0
   368 0
   369 1
   370 0
   371 0
   372 0
   373 0
   374 0
   375 0
   376 0
   377 0
   378 0
   379 1
   380 1
   381 0
   382 0
   383 0
   384 1
   385 1
   386 0
   387 0
   388 1
   389 0
   390 2
   391 1
   392 0
   393 0
   394 0
   395 0
   396 1
   397 1
HIST END
