[7l----total-cpu-usage---- -dsk/total- -net/total- ---paging-- ---system--
usr sys idl wai hiq siq| read  writ| recv  send|  in   out | int   csw 
  1   1  97   0   0   1|8547B   36k|   0     0 |   0     0 | 268  1082 
  2   3  93   0   0   2|   0    32k| 211k 6269k|   0     0 | 622  2384 
  2   4  93   0   0   2|   0     0 | 258k 7861k|   0     0 | 675  2518 
  2   3  93   0   0   3|   0     0 | 264k 8023k|   0     0 | 714  2625 
  3   3  93   0   0   2|   0     0 | 279k 8363k|   0     0 | 549  2803 
  1   4  93   0   0   2|   0     0 | 266k 8114k|   0     0 | 633  2720 
  2   4  93   0   0   2|   0     0 | 253k 7707k|   0     0 | 579  2771 
  3   4  90   0   0   3|   0     0 | 288k 8590k|   0     0 | 738  2867 
  3   3  92   0   0   3|   0     0 | 268k 8135k|   0     0 | 681  2842 
  3   4  91   0   0   3|   0     0 | 260k 7936k|   0     0 | 742  2656 
  2   2  95   0   0   2|   0     0 | 252k 7538k|   0     0 | 754  2742 
  4   5  89   0   0   2|   0   196k| 269k 8167k|   0     0 | 777  2641 
  1   3  94   0   0   2|   0     0 | 252k 7685k|   0     0 | 585  2443 
  2   3  93   0   0   2|   0     0 | 282k 8445k|   0     0 | 601  2714 
  2   5  90   0   0   3|   0     0 | 261k 7922k|   0     0 | 721  2609 
  2   3  92   0   0   3|   0     0 | 261k 7959k|   0     0 | 709  2637 
  2   3  94   0   0   1|   0     0 | 276k 8237k|   0     0 | 516  2739 
  2   2  94   0   0   3|   0     0 | 266k 8076k|   0     0 | 562  2745 
  3   3  91   0   0   3|   0     0 | 279k 8525k|   0     0 | 754  2707 
  2   4  92   0   0   2|   0     0 | 268k 7999k|   0     0 | 725  2750 
  4   4  90   0   0   3|   0     0 | 268k 8134k|   0     0 | 647  2543 
  4   4  89   0   0   2|   0     0 | 267k 8151k|   0     0 | 703  2652 
  2   2  94   0   0   3|   0     0 | 263k 7833k|   0     0 | 724  2720 
  3   2  93   0   0   2|   0     0 | 262k 7963k|   0     0 | 668  2691 
  1   4  92   0   0   3|   0     0 | 263k 7980k|   0     0 | 599  2600 
  2   3  92   0   0   3|   0     0 | 267k 7988k|   0     0 | 631  2757 
  2   3  93   0   0   3|   0     0 | 274k 8326k|   0     0 | 629  2709 
  4   3  90   0   0   4|   0     0 | 268k 8151k|   0     0 | 548  2747 
  2   3  94   0   0   2|   0     0 | 260k 7758k|   0     0 | 778  2674 
  2   3  93   0   0   2|   0     0 | 268k 8169k|   0     0 | 491  2821 
  2   5  91   0   0   3|   0     0 | 268k 8126k|   0     0 | 634  2690 
  3   4  89   2   0   3|   0    56k| 287k 8580k|   0     0 | 797  2935 
  2   4  92   0   0   2|   0     0 | 269k 8172k|   0     0 | 661  2552 
  2   4  91   0   0   4|   0     0 | 279k 8471k|   0     0 | 809  2809 
  2   4  92   0   0   2|   0     0 | 272k 8137k|   0     0 | 729  2686 
  2   3  93   0   0   3|   0     0 | 268k 8144k|   0     0 | 612  2598 
  3   3  92   0   0   2|   0     0 | 272k 8267k|   0     0 | 679  2574 
  2   4  91   0   0   3|   0     0 | 274k 8172k|   0     0 | 499  2702 
  2   2  95   0   0   1|   0     0 | 272k 8269k|   0     0 | 672  2843 
  2   4  94   0   0   1|   0     0 | 264k 8034k|   0     0 | 688  2687 
  2   4  92   0   0   3|   0     0 | 259k 7897k|   0     0 | 479  2704 
  3   3  93   0   0   1|   0     0 | 266k 7929k|   0     0 | 623  2740 
  2   4  91   0   0   3|   0     0 | 276k 8410k|   0     0 | 641  2674 
  3   3  93   0   0   2|   0     0 | 277k 8420k|   0     0 | 699  2814 
  3   4  90   0   0   4|   0     0 | 264k 7866k|   0     0 | 709  2766 
  2   3  93   0   0   2|   0     0 | 249k 7585k|   0     0 | 578  2439 
  2   4  91   0   0   3|   0     0 | 280k 8517k|   0     0 | 458  2787 
  2   3  94   0   0   2|   0     0 | 279k 8303k|   0     0 | 573  2793 
  2   3  93   0   0   2|   0     0 | 245k 7481k|   0     0 | 524  2567 
  2   4  92   0   0   3|   0     0 | 243k 7407k|   0     0 | 504  2657 
  2   3  92   0   0   3|   0     0 | 278k 8311k|   0     0 | 861  2891 
  3   3  93   0   0   2|   0     0 | 257k 7822k|   0     0 | 679  2590 
  3   3  93   0   0   2|   0     0 | 275k 8319k|   0     0 | 489  2607 
  3   3  92   0   0   2|   0     0 | 272k 8094k|   0     0 | 501  2537 
  2   3  91   0   0   4|   0     0 | 257k 7851k|   0     0 | 783  2622 
  3   2  94   0   0   2|   0     0 | 250k 7593k|   0     0 | 674  2572 
  3   4  91   0   0   3|   0     0 | 268k 7974k|   0     0 | 554  2743 
  1   3  94   0   0   3|   0     0 | 261k 7958k|   0     0 | 553  2544 
  1   3  94   0   0   3|   0     0 | 267k 8127k|   0     0 | 509  2757 
  2   3  94   0   0   1|   0     0 | 266k 7945k|   0     0 | 730  2507 
  2   3  93   0   0   2|   0     0 | 247k 7520k|   0     0 | 617  2376 
  2   4  91   0   0   3|   0     0 | 266k 8097k|   0     0 | 800  2897 
  4   3  89   2   0   3|   0   108k| 265k 7900k|   0     0 | 708  2730 
  2   2  93   0   0   3|   0     0 | 242k 7352k|   0     0 | 618  2600 
  2   6  90   0   0   2|   0     0 | 259k 7882k|   0     0 | 708  2772 
  2   2  93   0   0   3|   0     0 | 271k 8106k|   0     0 | 660  2670 
  2   4  91   0   0   4|   0     0 | 282k 8583k|   0     0 | 804  2638 
  1   4  93   0   0   2|   0     0 | 253k 7689k|   0     0 | 640  2555 
  2   3  93   0   0   2|   0     0 | 270k 8081k|   0     0 | 664  2595 
  1   2  93   0   0   4|   0     0 | 276k 8388k|   0     0 | 800  2644 
  2   4  93   0   0   2|   0     0 | 240k 7222k|   0     0 | 599  2290 
