STAT START
secs,qlen,thru,msrt,items,nset,nget,nmget,sqt,gqt,mqt,swt,gwt,mwt
1,32,4042.000000000000,NaN,0,4042,0,0,0.005656611821,NaN,NaN,0.013394608675,NaN,NaN
1,29,5122.000000000000,NaN,0,5122,0,0,0.004651318926,NaN,NaN,0.011907370464,NaN,NaN
1,27,5361.000000000000,NaN,0,5361,0,0,0.004622532098,NaN,NaN,0.011274652865,NaN,NaN
1,31,5144.000000000000,NaN,0,5144,0,0,0.004603046867,NaN,NaN,0.011889258661,NaN,NaN
1,31,5124.000000000000,NaN,0,5124,0,0,0.004808179441,NaN,NaN,0.012108304179,NaN,NaN
1,30,5413.000000000000,NaN,0,5413,0,0,0.004265557706,NaN,NaN,0.011061678312,NaN,NaN
1,32,5357.000000000000,NaN,0,5357,0,0,0.004473945558,NaN,NaN,0.011384243022,NaN,NaN
1,25,5234.000000000000,NaN,0,5234,0,0,0.004744763460,NaN,NaN,0.011699427963,NaN,NaN
1,0,5433.000000000000,NaN,0,5433,0,0,0.004483429558,NaN,NaN,0.011342601124,NaN,NaN
1,24,5324.000000000000,NaN,0,5324,0,0,0.004386967064,NaN,NaN,0.011463027927,NaN,NaN
1,0,5019.000000000000,NaN,0,5019,0,0,0.004909875364,NaN,NaN,0.012387617465,NaN,NaN
1,23,5312.000000000000,NaN,0,5312,0,0,0.004752110950,NaN,NaN,0.011625731566,NaN,NaN
1,22,5092.000000000000,NaN,0,5092,0,0,0.004798619823,NaN,NaN,0.011937829021,NaN,NaN
1,10,5379.000000000000,NaN,0,5379,0,0,0.004589270429,NaN,NaN,0.011234917905,NaN,NaN
1,32,5358.000000000000,NaN,0,5358,0,0,0.004383437565,NaN,NaN,0.011348241969,NaN,NaN
1,32,5192.000000000000,NaN,0,5192,0,0,0.004490298646,NaN,NaN,0.011751403470,NaN,NaN
1,32,5211.000000000000,NaN,0,5211,0,0,0.004607504999,NaN,NaN,0.011607597141,NaN,NaN
1,0,5236.000000000000,NaN,0,5236,0,0,0.004614812358,NaN,NaN,0.011769930325,NaN,NaN
1,32,5169.000000000000,NaN,0,5169,0,0,0.004905431672,NaN,NaN,0.011905607448,NaN,NaN
1,26,5449.000000000000,NaN,0,5449,0,0,0.004625365966,NaN,NaN,0.011349483768,NaN,NaN
1,27,5285.000000000000,NaN,0,5285,0,0,0.004430768956,NaN,NaN,0.011413480740,NaN,NaN
1,38,5253.000000000000,NaN,0,5253,0,0,0.004591047258,NaN,NaN,0.011758201379,NaN,NaN
1,30,5212.000000000000,NaN,0,5212,0,0,0.004558458473,NaN,NaN,0.011675635350,NaN,NaN
1,32,5364.000000000000,NaN,0,5364,0,0,0.004779724556,NaN,NaN,0.011410285541,NaN,NaN
1,30,5410.000000000000,NaN,0,5410,0,0,0.004358867919,NaN,NaN,0.011366141869,NaN,NaN
1,74,5276.000000000000,NaN,0,5276,0,0,0.004535369273,NaN,NaN,0.011545678472,NaN,NaN
1,16,5486.000000000000,NaN,0,5486,0,0,0.004387021077,NaN,NaN,0.010998606407,NaN,NaN
1,27,5484.000000000000,NaN,0,5484,0,0,0.004385288232,NaN,NaN,0.011161859573,NaN,NaN
1,32,5217.000000000000,NaN,0,5217,0,0,0.004493337105,NaN,NaN,0.011658866659,NaN,NaN
1,27,5396.000000000000,NaN,0,5396,0,0,0.004469728163,NaN,NaN,0.011388141466,NaN,NaN
1,68,5169.000000000000,NaN,0,5169,0,0,0.004824020343,NaN,NaN,0.011838496299,NaN,NaN
1,38,5153.000000000000,NaN,0,5153,0,0,0.005049141896,NaN,NaN,0.011889932526,NaN,NaN
1,21,5186.000000000000,NaN,0,5186,0,0,0.004941062881,NaN,NaN,0.011681028703,NaN,NaN
1,25,5397.000000000000,NaN,0,5397,0,0,0.004503872193,NaN,NaN,0.011466840860,NaN,NaN
1,14,5184.000000000000,NaN,0,5184,0,0,0.004699179317,NaN,NaN,0.011831611584,NaN,NaN
1,29,5245.000000000000,NaN,0,5245,0,0,0.004958062597,NaN,NaN,0.011837084148,NaN,NaN
1,32,5262.000000000000,NaN,0,5262,0,0,0.004770938227,NaN,NaN,0.011670005010,NaN,NaN
1,32,5387.000000000000,NaN,0,5387,0,0,0.004802568599,NaN,NaN,0.011438496037,NaN,NaN
1,22,5373.000000000000,NaN,0,5373,0,0,0.004572996448,NaN,NaN,0.011336800704,NaN,NaN
1,30,5470.000000000000,NaN,0,5470,0,0,0.004444351968,NaN,NaN,0.010988697329,NaN,NaN
1,32,5287.000000000000,NaN,0,5287,0,0,0.004660059981,NaN,NaN,0.011780008708,NaN,NaN
1,31,5468.000000000000,NaN,0,5468,0,0,0.004287618325,NaN,NaN,0.011144590734,NaN,NaN
1,31,5629.000000000000,NaN,0,5629,0,0,0.004122574802,NaN,NaN,0.010937361555,NaN,NaN
1,0,5136.000000000000,NaN,0,5136,0,0,0.004743904882,NaN,NaN,0.011851140380,NaN,NaN
1,0,5391.000000000000,NaN,0,5391,0,0,0.004312300455,NaN,NaN,0.011386111522,NaN,NaN
1,0,5197.000000000000,NaN,0,5197,0,0,0.004554071718,NaN,NaN,0.011696247861,NaN,NaN
1,32,5313.000000000000,NaN,0,5313,0,0,0.004425133582,NaN,NaN,0.011523331760,NaN,NaN
1,32,5306.000000000000,NaN,0,5306,0,0,0.004552004050,NaN,NaN,0.011496389406,NaN,NaN
1,29,5382.000000000000,NaN,0,5382,0,0,0.004448617852,NaN,NaN,0.011286109262,NaN,NaN
1,0,5331.000000000000,NaN,0,5331,0,0,0.004566664896,NaN,NaN,0.011409586929,NaN,NaN
1,31,5400.000000000000,NaN,0,5400,0,0,0.004694077687,NaN,NaN,0.011504092061,NaN,NaN
1,31,5279.000000000000,NaN,0,5279,0,0,0.004509461152,NaN,NaN,0.011487281940,NaN,NaN
1,0,5395.000000000000,NaN,0,5395,0,0,0.004447642080,NaN,NaN,0.011388209967,NaN,NaN
1,32,5139.000000000000,NaN,0,5139,0,0,0.004721643039,NaN,NaN,0.011857053723,NaN,NaN
1,32,5449.000000000000,NaN,0,5449,0,0,0.004560681770,NaN,NaN,0.011221779357,NaN,NaN
1,32,5229.000000000000,NaN,0,5229,0,0,0.004719172321,NaN,NaN,0.011653694709,NaN,NaN
1,32,5016.000000000000,NaN,0,5016,0,0,0.004873586838,NaN,NaN,0.012174807796,NaN,NaN
1,32,5270.000000000000,NaN,0,5270,0,0,0.004554015314,NaN,NaN,0.011572163399,NaN,NaN
1,19,5444.000000000000,NaN,0,5444,0,0,0.004406661253,NaN,NaN,0.011171707603,NaN,NaN
1,32,5385.000000000000,NaN,0,5385,0,0,0.004379716150,NaN,NaN,0.011329104722,NaN,NaN
1,13,5293.000000000000,NaN,0,5293,0,0,0.004700958443,NaN,NaN,0.011756720055,NaN,NaN
1,32,5241.000000000000,NaN,0,5241,0,0,0.004564991958,NaN,NaN,0.011618766214,NaN,NaN
1,32,5001.000000000000,NaN,0,5001,0,0,0.004983801644,NaN,NaN,0.012256561400,NaN,NaN
1,0,5177.000000000000,NaN,0,5177,0,0,0.004923569671,NaN,NaN,0.011752743501,NaN,NaN
1,32,5092.000000000000,NaN,0,5092,0,0,0.004539084683,NaN,NaN,0.012103480333,NaN,NaN
1,32,5331.000000000000,NaN,0,5331,0,0,0.004913575111,NaN,NaN,0.011591946367,NaN,NaN
1,31,5286.000000000000,NaN,0,5286,0,0,0.004463630945,NaN,NaN,0.011475371148,NaN,NaN
1,29,5335.000000000000,NaN,0,5335,0,0,0.004571843579,NaN,NaN,0.011269572225,NaN,NaN
1,31,5286.000000000000,NaN,0,5286,0,0,0.004768709986,NaN,NaN,0.011626102820,NaN,NaN
1,0,5327.000000000000,NaN,0,5327,0,0,0.004482878304,NaN,NaN,0.011448555017,NaN,NaN
1,0,71.000000000000,NaN,0,71,0,0,0.003952094338,NaN,NaN,0.008101495479,NaN,NaN
STAT END
HIST START
1474
   0 0
   1 0
   2 0
   3 0
   4 0
   5 0
   6 0
   7 0
   8 0
   9 0
   10 0
   11 0
   12 1
   13 1
   14 1
   15 2
   16 5
   17 11
   18 14
   19 13
   20 11
   21 29
   22 35
   23 28
   24 36
   25 26
   26 42
   27 37
   28 41
   29 54
   30 59
   31 70
   32 82
   33 82
   34 91
   35 123
   36 107
   37 120
   38 148
   39 118
   40 181
   41 169
   42 153
   43 192
   44 188
   45 186
   46 237
   47 275
   48 279
   49 325
   50 346
   51 379
   52 357
   53 423
   54 437
   55 462
   56 524
   57 513
   58 521
   59 508
   60 578
   61 561
   62 627
   63 671
   64 734
   65 747
   66 809
   67 765
   68 689
   69 815
   70 874
   71 888
   72 898
   73 946
   74 1088
   75 1149
   76 1234
   77 1331
   78 1473
   79 1514
   80 1514
   81 1657
   82 1616
   83 1803
   84 1850
   85 1953
   86 2081
   87 2188
   88 2243
   89 2337
   90 2301
   91 2264
   92 2240
   93 2412
   94 2399
   95 2400
   96 2410
   97 2389
   98 2423
   99 2242
   100 2296
   101 2179
   102 2144
   103 2083
   104 2072
   105 2050
   106 1910
   107 1864
   108 1693
   109 1790
   110 1673
   111 1619
   112 1624
   113 1594
   114 1716
   115 1491
   116 1365
   117 1326
   118 1381
   119 1388
   120 1351
   121 1332
   122 1290
   123 1269
   124 1304
   125 1330
   126 1358
   127 1380
   128 1308
   129 1371
   130 1523
   131 1478
   132 1542
   133 1583
   134 1667
   135 1680
   136 1729
   137 1686
   138 1847
   139 1902
   140 1931
   141 2027
   142 2154
   143 2088
   144 2185
   145 2312
   146 2340
   147 2395
   148 2505
   149 2704
   150 2626
   151 2579
   152 2775
   153 2852
   154 2784
   155 2983
   156 2899
   157 3140
   158 3091
   159 3191
   160 3024
   161 3191
   162 3157
   163 3152
   164 3209
   165 3152
   166 3258
   167 3173
   168 3219
   169 3181
   170 3138
   171 3119
   172 2952
   173 2936
   174 2787
   175 2741
   176 2698
   177 2602
   178 2406
   179 2385
   180 2351
   181 2214
   182 2062
   183 1964
   184 2037
   185 1920
   186 1754
   187 1914
   188 1780
   189 1615
   190 1620
   191 1457
   192 1445
   193 1385
   194 1450
   195 1367
   196 1291
   197 1288
   198 1202
   199 1257
   200 1164
   201 1106
   202 1140
   203 1136
   204 1149
   205 1087
   206 1061
   207 1051
   208 1057
   209 1104
   210 1055
   211 1094
   212 1144
   213 1155
   214 1189
   215 1166
   216 1230
   217 1273
   218 1297
   219 1305
   220 1352
   221 1305
   222 1341
   223 1382
   224 1412
   225 1414
   226 1429
   227 1360
   228 1473
   229 1451
   230 1342
   231 1401
   232 1374
   233 1347
   234 1299
   235 1317
   236 1313
   237 1207
   238 1284
   239 1267
   240 1318
   241 1259
   242 1224
   243 1223
   244 1137
   245 1071
   246 1064
   247 1036
   248 995
   249 948
   250 896
   251 924
   252 857
   253 816
   254 744
   255 752
   256 690
   257 632
   258 589
   259 567
   260 597
   261 558
   262 447
   263 476
   264 450
   265 406
   266 371
   267 352
   268 349
   269 308
   270 291
   271 303
   272 254
   273 265
   274 309
   275 277
   276 228
   277 265
   278 228
   279 253
   280 257
   281 241
   282 250
   283 239
   284 262
   285 292
   286 265
   287 264
   288 262
   289 272
   290 263
   291 260
   292 285
   293 266
   294 265
   295 260
   296 287
   297 307
   298 284
   299 259
   300 238
   301 238
   302 242
   303 238
   304 227
   305 252
   306 249
   307 251
   308 247
   309 247
   310 201
   311 218
   312 221
   313 208
   314 214
   315 207
   316 172
   317 179
   318 169
   319 160
   320 139
   321 127
   322 153
   323 133
   324 141
   325 126
   326 116
   327 108
   328 104
   329 110
   330 91
   331 81
   332 87
   333 64
   334 62
   335 71
   336 56
   337 56
   338 52
   339 89
   340 52
   341 55
   342 47
   343 54
   344 52
   345 56
   346 53
   347 55
   348 54
   349 61
   350 55
   351 50
   352 61
   353 47
   354 34
   355 54
   356 38
   357 46
   358 40
   359 50
   360 68
   361 49
   362 42
   363 55
   364 52
   365 37
   366 44
   367 46
   368 33
   369 35
   370 53
   371 39
   372 37
   373 32
   374 30
   375 33
   376 27
   377 32
   378 31
   379 31
   380 18
   381 32
   382 32
   383 29
   384 32
   385 32
   386 24
   387 25
   388 27
   389 21
   390 28
   391 27
   392 25
   393 30
   394 25
   395 23
   396 22
   397 15
   398 14
   399 14
   400 12
   401 11
   402 16
   403 9
   404 15
   405 10
   406 8
   407 5
   408 3
   409 4
   410 4
   411 5
   412 6
   413 5
   414 7
   415 5
   416 11
   417 15
   418 11
   419 10
   420 16
   421 7
   422 10
   423 10
   424 7
   425 9
   426 8
   427 5
   428 6
   429 9
   430 3
   431 4
   432 3
   433 3
   434 4
   435 2
   436 5
   437 3
   438 1
   439 5
   440 0
   441 3
   442 1
   443 0
   444 4
   445 0
   446 1
   447 0
   448 1
   449 0
   450 1
   451 4
   452 3
   453 0
   454 2
   455 4
   456 3
   457 2
   458 2
   459 0
   460 4
   461 1
   462 1
   463 2
   464 1
   465 0
   466 2
   467 1
   468 1
   469 6
   470 1
   471 2
   472 4
   473 6
   474 1
   475 1
   476 3
   477 0
   478 3
   479 2
   480 6
   481 2
   482 3
   483 1
   484 2
   485 1
   486 0
   487 1
   488 0
   489 1
   490 1
   491 2
   492 1
   493 1
   494 1
   495 2
   496 2
   497 1
   498 3
   499 0
   500 2
   501 0
   502 1
   503 3
   504 1
   505 1
   506 1
   507 0
   508 1
   509 0
   510 0
   511 0
   512 0
   513 1
   514 0
   515 0
   516 0
   517 0
   518 0
   519 0
   520 0
   521 0
   522 0
   523 0
   524 0
   525 0
   526 1
   527 0
   528 0
   529 2
   530 1
   531 0
   532 0
   533 0
   534 3
   535 2
   536 1
   537 1
   538 2
   539 1
   540 0
   541 0
   542 1
   543 1
   544 1
   545 1
   546 0
   547 2
   548 3
   549 1
   550 0
   551 0
   552 1
   553 2
   554 0
   555 0
   556 0
   557 0
   558 0
   559 0
   560 1
   561 0
   562 0
   563 0
   564 3
   565 0
   566 0
   567 0
   568 0
   569 0
   570 0
   571 0
   572 0
   573 0
   574 0
   575 0
   576 1
   577 0
   578 0
   579 0
   580 0
   581 0
   582 0
   583 0
   584 0
   585 0
   586 0
   587 0
   588 0
   589 0
   590 0
   591 0
   592 0
   593 0
   594 0
   595 0
   596 0
   597 0
   598 1
   599 0
   600 0
   601 2
   602 2
   603 0
   604 0
   605 0
   606 0
   607 0
   608 0
   609 1
   610 0
   611 0
   612 0
   613 0
   614 0
   615 0
   616 0
   617 0
   618 0
   619 1
   620 0
   621 1
   622 0
   623 1
   624 0
   625 0
   626 1
   627 1
   628 2
   629 0
   630 0
   631 0
   632 0
   633 0
   634 1
   635 0
   636 0
   637 0
   638 0
   639 0
   640 1
   641 1
   642 1
   643 0
   644 0
   645 0
   646 1
   647 0
   648 1
   649 0
   650 1
   651 0
   652 1
   653 1
   654 0
   655 1
   656 0
   657 0
   658 0
   659 0
   660 0
   661 0
   662 0
   663 0
   664 0
   665 2
   666 0
   667 1
   668 2
   669 1
   670 0
   671 0
   672 0
   673 0
   674 0
   675 0
   676 0
   677 0
   678 1
   679 0
   680 0
   681 0
   682 0
   683 0
   684 0
   685 1
   686 0
   687 0
   688 0
   689 0
   690 1
   691 0
   692 0
   693 0
   694 0
   695 0
   696 0
   697 0
   698 0
   699 1
   700 1
   701 1
   702 0
   703 0
   704 1
   705 0
   706 0
   707 0
   708 2
   709 1
   710 1
   711 0
   712 0
   713 0
   714 0
   715 1
   716 0
   717 2
   718 1
   719 1
   720 0
   721 1
   722 0
   723 1
   724 0
   725 0
   726 0
   727 2
   728 0
   729 1
   730 1
   731 0
   732 1
   733 0
   734 0
   735 0
   736 1
   737 0
   738 0
   739 0
   740 0
   741 1
   742 0
   743 0
   744 0
   745 0
   746 0
   747 0
   748 1
   749 0
   750 0
   751 0
   752 0
   753 0
   754 0
   755 0
   756 0
   757 0
   758 0
   759 0
   760 0
   761 0
   762 0
   763 0
   764 0
   765 0
   766 0
   767 0
   768 0
   769 0
   770 0
   771 0
   772 0
   773 0
   774 0
   775 0
   776 0
   777 0
   778 0
   779 0
   780 0
   781 0
   782 0
   783 0
   784 0
   785 0
   786 1
   787 0
   788 0
   789 0
   790 0
   791 0
   792 0
   793 2
   794 2
   795 0
   796 2
   797 2
   798 3
   799 0
   800 3
   801 0
   802 1
   803 0
   804 0
   805 0
   806 0
   807 0
   808 2
   809 0
   810 0
   811 1
   812 1
   813 0
   814 0
   815 1
   816 1
   817 1
   818 0
   819 2
   820 0
   821 1
   822 1
   823 0
   824 1
   825 0
   826 0
   827 1
   828 0
   829 1
   830 1
   831 0
   832 3
   833 3
   834 3
   835 1
   836 1
   837 0
   838 0
   839 0
   840 0
   841 0
   842 0
   843 0
   844 0
   845 0
   846 0
   847 0
   848 0
   849 0
   850 0
   851 0
   852 0
   853 0
   854 0
   855 0
   856 0
   857 0
   858 0
   859 0
   860 0
   861 0
   862 0
   863 0
   864 0
   865 0
   866 0
   867 0
   868 0
   869 0
   870 0
   871 0
   872 0
   873 0
   874 0
   875 0
   876 0
   877 0
   878 0
   879 0
   880 0
   881 0
   882 0
   883 0
   884 0
   885 0
   886 0
   887 0
   888 0
   889 1
   890 0
   891 0
   892 0
   893 0
   894 0
   895 0
   896 0
   897 0
   898 0
   899 0
   900 0
   901 0
   902 0
   903 0
   904 0
   905 0
   906 0
   907 0
   908 0
   909 0
   910 0
   911 0
   912 0
   913 0
   914 0
   915 0
   916 0
   917 1
   918 0
   919 0
   920 0
   921 0
   922 1
   923 0
   924 0
   925 0
   926 0
   927 0
   928 1
   929 1
   930 1
   931 0
   932 0
   933 0
   934 0
   935 0
   936 0
   937 0
   938 0
   939 0
   940 0
   941 0
   942 0
   943 0
   944 0
   945 0
   946 0
   947 0
   948 0
   949 0
   950 0
   951 0
   952 0
   953 0
   954 0
   955 0
   956 0
   957 0
   958 0
   959 0
   960 0
   961 0
   962 0
   963 0
   964 0
   965 0
   966 0
   967 0
   968 0
   969 0
   970 0
   971 0
   972 0
   973 0
   974 0
   975 0
   976 0
   977 0
   978 0
   979 0
   980 0
   981 0
   982 0
   983 0
   984 0
   985 0
   986 0
   987 0
   988 0
   989 0
   990 0
   991 0
   992 0
   993 0
   994 0
   995 0
   996 0
   997 0
   998 0
   999 0
   1000 0
   1001 0
   1002 0
   1003 0
   1004 0
   1005 0
   1006 0
   1007 0
   1008 0
   1009 0
   1010 0
   1011 0
   1012 1
   1013 0
   1014 0
   1015 1
   1016 1
   1017 0
   1018 0
   1019 0
   1020 0
   1021 0
   1022 0
   1023 0
   1024 0
   1025 0
   1026 0
   1027 0
   1028 0
   1029 0
   1030 0
   1031 0
   1032 0
   1033 0
   1034 0
   1035 0
   1036 0
   1037 0
   1038 0
   1039 0
   1040 0
   1041 0
   1042 0
   1043 0
   1044 0
   1045 0
   1046 0
   1047 0
   1048 0
   1049 0
   1050 0
   1051 0
   1052 0
   1053 0
   1054 0
   1055 0
   1056 0
   1057 0
   1058 0
   1059 0
   1060 0
   1061 0
   1062 0
   1063 0
   1064 0
   1065 0
   1066 0
   1067 0
   1068 0
   1069 0
   1070 0
   1071 0
   1072 0
   1073 0
   1074 0
   1075 0
   1076 0
   1077 0
   1078 0
   1079 0
   1080 0
   1081 0
   1082 0
   1083 0
   1084 0
   1085 0
   1086 0
   1087 0
   1088 0
   1089 0
   1090 0
   1091 0
   1092 0
   1093 0
   1094 0
   1095 0
   1096 0
   1097 0
   1098 0
   1099 0
   1100 0
   1101 0
   1102 0
   1103 0
   1104 0
   1105 0
   1106 0
   1107 0
   1108 0
   1109 1
   1110 0
   1111 0
   1112 0
   1113 0
   1114 0
   1115 0
   1116 0
   1117 0
   1118 0
   1119 0
   1120 0
   1121 0
   1122 0
   1123 0
   1124 0
   1125 0
   1126 0
   1127 0
   1128 0
   1129 0
   1130 0
   1131 0
   1132 0
   1133 0
   1134 0
   1135 0
   1136 0
   1137 0
   1138 0
   1139 0
   1140 0
   1141 0
   1142 0
   1143 0
   1144 0
   1145 0
   1146 0
   1147 0
   1148 0
   1149 0
   1150 0
   1151 0
   1152 0
   1153 0
   1154 0
   1155 0
   1156 0
   1157 0
   1158 0
   1159 0
   1160 0
   1161 0
   1162 0
   1163 0
   1164 0
   1165 0
   1166 0
   1167 0
   1168 0
   1169 0
   1170 0
   1171 0
   1172 0
   1173 0
   1174 0
   1175 0
   1176 0
   1177 0
   1178 0
   1179 0
   1180 0
   1181 0
   1182 0
   1183 0
   1184 0
   1185 0
   1186 0
   1187 0
   1188 0
   1189 0
   1190 0
   1191 0
   1192 0
   1193 0
   1194 0
   1195 0
   1196 0
   1197 0
   1198 0
   1199 0
   1200 0
   1201 0
   1202 0
   1203 0
   1204 0
   1205 0
   1206 0
   1207 0
   1208 0
   1209 0
   1210 0
   1211 0
   1212 0
   1213 0
   1214 0
   1215 0
   1216 0
   1217 0
   1218 0
   1219 0
   1220 0
   1221 0
   1222 0
   1223 0
   1224 0
   1225 0
   1226 0
   1227 0
   1228 0
   1229 0
   1230 0
   1231 0
   1232 0
   1233 0
   1234 0
   1235 0
   1236 0
   1237 0
   1238 0
   1239 0
   1240 0
   1241 0
   1242 0
   1243 0
   1244 0
   1245 0
   1246 0
   1247 0
   1248 0
   1249 0
   1250 0
   1251 0
   1252 0
   1253 0
   1254 0
   1255 0
   1256 0
   1257 0
   1258 0
   1259 0
   1260 0
   1261 0
   1262 0
   1263 0
   1264 0
   1265 0
   1266 0
   1267 0
   1268 0
   1269 0
   1270 0
   1271 0
   1272 0
   1273 0
   1274 0
   1275 0
   1276 0
   1277 0
   1278 0
   1279 0
   1280 0
   1281 0
   1282 0
   1283 0
   1284 0
   1285 0
   1286 0
   1287 0
   1288 0
   1289 0
   1290 0
   1291 0
   1292 0
   1293 0
   1294 0
   1295 0
   1296 0
   1297 0
   1298 0
   1299 0
   1300 0
   1301 0
   1302 0
   1303 0
   1304 0
   1305 0
   1306 0
   1307 0
   1308 0
   1309 0
   1310 0
   1311 0
   1312 0
   1313 0
   1314 0
   1315 0
   1316 0
   1317 0
   1318 0
   1319 0
   1320 0
   1321 0
   1322 0
   1323 0
   1324 0
   1325 0
   1326 0
   1327 0
   1328 0
   1329 0
   1330 0
   1331 0
   1332 0
   1333 0
   1334 0
   1335 0
   1336 0
   1337 0
   1338 0
   1339 0
   1340 0
   1341 0
   1342 0
   1343 0
   1344 0
   1345 0
   1346 0
   1347 0
   1348 0
   1349 0
   1350 0
   1351 0
   1352 0
   1353 0
   1354 0
   1355 0
   1356 0
   1357 0
   1358 0
   1359 0
   1360 0
   1361 0
   1362 0
   1363 0
   1364 0
   1365 0
   1366 0
   1367 0
   1368 0
   1369 0
   1370 0
   1371 0
   1372 0
   1373 0
   1374 0
   1375 0
   1376 0
   1377 0
   1378 0
   1379 0
   1380 0
   1381 0
   1382 0
   1383 0
   1384 0
   1385 0
   1386 0
   1387 0
   1388 0
   1389 0
   1390 0
   1391 0
   1392 0
   1393 0
   1394 0
   1395 0
   1396 0
   1397 0
   1398 0
   1399 0
   1400 0
   1401 0
   1402 0
   1403 0
   1404 0
   1405 0
   1406 0
   1407 0
   1408 0
   1409 0
   1410 0
   1411 0
   1412 0
   1413 0
   1414 0
   1415 0
   1416 0
   1417 0
   1418 0
   1419 0
   1420 0
   1421 0
   1422 0
   1423 0
   1424 0
   1425 0
   1426 0
   1427 0
   1428 0
   1429 0
   1430 0
   1431 0
   1432 0
   1433 0
   1434 0
   1435 0
   1436 0
   1437 0
   1438 0
   1439 0
   1440 0
   1441 0
   1442 0
   1443 0
   1444 0
   1445 0
   1446 0
   1447 0
   1448 0
   1449 0
   1450 0
   1451 0
   1452 0
   1453 0
   1454 0
   1455 0
   1456 0
   1457 0
   1458 0
   1459 0
   1460 0
   1461 0
   1462 0
   1463 0
   1464 0
   1465 0
   1466 0
   1467 0
   1468 0
   1469 0
   1470 0
   1471 0
   1472 1
   1473 1
HIST END
