STAT START
secs,qlen,thru,msrt,items,nset,nget,nmget,sqt,gqt,mqt,swt,gwt,mwt
1,0,4430.000000000000,NaN,0,4430,0,0,0.005144638148,NaN,NaN,0.013006425442,NaN,NaN
1,42,5362.000000000000,NaN,0,5362,0,0,0.004392550403,NaN,NaN,0.011476373286,NaN,NaN
1,2,4993.000000000000,NaN,0,4993,0,0,0.004924117901,NaN,NaN,0.012355254964,NaN,NaN
1,18,5314.000000000000,NaN,0,5314,0,0,0.004642173293,NaN,NaN,0.011452325414,NaN,NaN
1,25,5149.000000000000,NaN,0,5149,0,0,0.004665480805,NaN,NaN,0.011886531040,NaN,NaN
1,14,4999.000000000000,NaN,0,4999,0,0,0.005056971254,NaN,NaN,0.012272946511,NaN,NaN
1,32,5117.000000000000,NaN,0,5117,0,0,0.004656512084,NaN,NaN,0.011982098588,NaN,NaN
1,23,5186.000000000000,NaN,0,5186,0,0,0.004834933220,NaN,NaN,0.011735709266,NaN,NaN
1,15,5079.000000000000,NaN,0,5079,0,0,0.005043608096,NaN,NaN,0.012095183441,NaN,NaN
1,0,5160.000000000000,NaN,0,5160,0,0,0.004546249578,NaN,NaN,0.011728682709,NaN,NaN
1,32,5069.000000000000,NaN,0,5069,0,0,0.004552259227,NaN,NaN,0.012116429768,NaN,NaN
1,14,5362.000000000000,NaN,0,5362,0,0,0.004768091672,NaN,NaN,0.011368218736,NaN,NaN
1,28,5336.000000000000,NaN,0,5336,0,0,0.004701728814,NaN,NaN,0.011545599084,NaN,NaN
1,17,5364.000000000000,NaN,0,5364,0,0,0.004463678204,NaN,NaN,0.011295378193,NaN,NaN
1,29,5242.000000000000,NaN,0,5242,0,0,0.004667561838,NaN,NaN,0.011737440230,NaN,NaN
1,32,5359.000000000000,NaN,0,5359,0,0,0.004515568609,NaN,NaN,0.011348146877,NaN,NaN
1,32,5204.000000000000,NaN,0,5204,0,0,0.004635723696,NaN,NaN,0.011787115651,NaN,NaN
1,18,5212.000000000000,NaN,0,5212,0,0,0.004762332801,NaN,NaN,0.011808736439,NaN,NaN
1,12,5168.000000000000,NaN,0,5168,0,0,0.004674766914,NaN,NaN,0.011960332917,NaN,NaN
1,26,5443.000000000000,NaN,0,5443,0,0,0.004440443717,NaN,NaN,0.011189999794,NaN,NaN
1,10,4898.000000000000,NaN,0,4898,0,0,0.005003540516,NaN,NaN,0.012485415402,NaN,NaN
1,32,5256.000000000000,NaN,0,5256,0,0,0.004709047973,NaN,NaN,0.011423818567,NaN,NaN
1,9,5218.000000000000,NaN,0,5218,0,0,0.004623158472,NaN,NaN,0.011944029006,NaN,NaN
1,32,4864.000000000000,NaN,0,4864,0,0,0.005004484881,NaN,NaN,0.012887242609,NaN,NaN
1,32,4649.000000000000,NaN,0,4649,0,0,0.005342658505,NaN,NaN,0.013134125517,NaN,NaN
1,32,5135.000000000000,NaN,0,5135,0,0,0.004951293468,NaN,NaN,0.011975496005,NaN,NaN
1,5,5129.000000000000,NaN,0,5129,0,0,0.004718478396,NaN,NaN,0.011964947722,NaN,NaN
1,32,5224.000000000000,NaN,0,5224,0,0,0.004381924173,NaN,NaN,0.011643503232,NaN,NaN
1,32,5338.000000000000,NaN,0,5338,0,0,0.004527478323,NaN,NaN,0.011653224667,NaN,NaN
1,32,5320.000000000000,NaN,0,5320,0,0,0.004647132149,NaN,NaN,0.011314589955,NaN,NaN
1,32,5115.000000000000,NaN,0,5115,0,0,0.004826039981,NaN,NaN,0.012048053439,NaN,NaN
1,21,5047.000000000000,NaN,0,5047,0,0,0.004771859800,NaN,NaN,0.012143303897,NaN,NaN
1,30,5422.000000000000,NaN,0,5422,0,0,0.004353172249,NaN,NaN,0.011318000517,NaN,NaN
1,31,5228.000000000000,NaN,0,5228,0,0,0.004698023438,NaN,NaN,0.011872500880,NaN,NaN
1,11,5309.000000000000,NaN,0,5309,0,0,0.004644026250,NaN,NaN,0.011695250620,NaN,NaN
1,31,5198.000000000000,NaN,0,5198,0,0,0.004535239546,NaN,NaN,0.011641088261,NaN,NaN
1,0,5127.000000000000,NaN,0,5127,0,0,0.004888938920,NaN,NaN,0.011945024099,NaN,NaN
1,32,5598.000000000000,NaN,0,5598,0,0,0.004381518080,NaN,NaN,0.011041355668,NaN,NaN
1,32,5175.000000000000,NaN,0,5175,0,0,0.004645571398,NaN,NaN,0.011986249557,NaN,NaN
1,0,5250.000000000000,NaN,0,5250,0,0,0.004621466555,NaN,NaN,0.011619906835,NaN,NaN
1,20,5063.000000000000,NaN,0,5063,0,0,0.004870988743,NaN,NaN,0.011939688383,NaN,NaN
1,2,5474.000000000000,NaN,0,5474,0,0,0.004393150417,NaN,NaN,0.011047274269,NaN,NaN
1,28,5296.000000000000,NaN,0,5296,0,0,0.004731603974,NaN,NaN,0.011701146464,NaN,NaN
1,23,5375.000000000000,NaN,0,5375,0,0,0.004519554298,NaN,NaN,0.011336212569,NaN,NaN
1,32,5304.000000000000,NaN,0,5304,0,0,0.004482876209,NaN,NaN,0.011550615985,NaN,NaN
1,0,5292.000000000000,NaN,0,5292,0,0,0.004507203435,NaN,NaN,0.011655554485,NaN,NaN
1,31,5131.000000000000,NaN,0,5131,0,0,0.004572914477,NaN,NaN,0.011944743011,NaN,NaN
1,32,5301.000000000000,NaN,0,5301,0,0,0.004525896966,NaN,NaN,0.011549012926,NaN,NaN
1,32,5095.000000000000,NaN,0,5095,0,0,0.004731743157,NaN,NaN,0.012149753081,NaN,NaN
1,11,5181.000000000000,NaN,0,5181,0,0,0.004774661331,NaN,NaN,0.011619800120,NaN,NaN
1,0,5294.000000000000,NaN,0,5294,0,0,0.004647930104,NaN,NaN,0.011569889460,NaN,NaN
1,24,5325.000000000000,NaN,0,5325,0,0,0.004646247453,NaN,NaN,0.011384415071,NaN,NaN
1,32,5046.000000000000,NaN,0,5046,0,0,0.004914602217,NaN,NaN,0.012162874054,NaN,NaN
1,11,5292.000000000000,NaN,0,5292,0,0,0.004505538209,NaN,NaN,0.011573117965,NaN,NaN
1,32,5127.000000000000,NaN,0,5127,0,0,0.004830156365,NaN,NaN,0.011956705309,NaN,NaN
1,32,5182.000000000000,NaN,0,5182,0,0,0.004793252321,NaN,NaN,0.011809421427,NaN,NaN
1,32,5463.000000000000,NaN,0,5463,0,0,0.004616641833,NaN,NaN,0.011154236412,NaN,NaN
1,32,5262.000000000000,NaN,0,5262,0,0,0.004461052133,NaN,NaN,0.011669013835,NaN,NaN
1,24,5218.000000000000,NaN,0,5218,0,0,0.004730094639,NaN,NaN,0.011717046165,NaN,NaN
1,32,5248.000000000000,NaN,0,5248,0,0,0.004678818283,NaN,NaN,0.011767541466,NaN,NaN
1,32,5312.000000000000,NaN,0,5312,0,0,0.004541030401,NaN,NaN,0.011454217319,NaN,NaN
1,1,5509.000000000000,NaN,0,5509,0,0,0.004482990423,NaN,NaN,0.010988512042,NaN,NaN
1,32,5103.000000000000,NaN,0,5103,0,0,0.004799337832,NaN,NaN,0.012141908565,NaN,NaN
1,20,5109.000000000000,NaN,0,5109,0,0,0.004729557943,NaN,NaN,0.011966325078,NaN,NaN
1,31,5351.000000000000,NaN,0,5351,0,0,0.004469770876,NaN,NaN,0.011442009187,NaN,NaN
1,26,5521.000000000000,NaN,0,5521,0,0,0.004184807811,NaN,NaN,0.010950233288,NaN,NaN
1,29,5295.000000000000,NaN,0,5295,0,0,0.004476987360,NaN,NaN,0.011495766780,NaN,NaN
1,31,5453.000000000000,NaN,0,5453,0,0,0.004075763506,NaN,NaN,0.011183365897,NaN,NaN
1,14,5351.000000000000,NaN,0,5351,0,0,0.004320094702,NaN,NaN,0.011385219198,NaN,NaN
1,0,5086.000000000000,NaN,0,5086,0,0,0.004786647494,NaN,NaN,0.012175091598,NaN,NaN
1,0,65.000000000000,NaN,0,65,0,0,0.003719183123,NaN,NaN,0.011887952569,NaN,NaN
STAT END
HIST START
1490
   0 0
   1 0
   2 0
   3 0
   4 0
   5 0
   6 0
   7 0
   8 0
   9 0
   10 0
   11 0
   12 2
   13 5
   14 7
   15 9
   16 4
   17 11
   18 15
   19 24
   20 18
   21 28
   22 26
   23 38
   24 29
   25 30
   26 50
   27 50
   28 49
   29 52
   30 62
   31 76
   32 107
   33 108
   34 96
   35 76
   36 79
   37 86
   38 117
   39 106
   40 115
   41 186
   42 184
   43 213
   44 222
   45 252
   46 243
   47 281
   48 261
   49 319
   50 299
   51 306
   52 350
   53 389
   54 380
   55 456
   56 500
   57 511
   58 529
   59 542
   60 551
   61 533
   62 539
   63 642
   64 590
   65 566
   66 617
   67 585
   68 630
   69 679
   70 711
   71 815
   72 930
   73 958
   74 1068
   75 1131
   76 1271
   77 1246
   78 1416
   79 1434
   80 1570
   81 1613
   82 1650
   83 1687
   84 1780
   85 1872
   86 1940
   87 1995
   88 2095
   89 2023
   90 2250
   91 2097
   92 2229
   93 2207
   94 2148
   95 2247
   96 2124
   97 2200
   98 2093
   99 2118
   100 2145
   101 1996
   102 2019
   103 1872
   104 1863
   105 1860
   106 1904
   107 1793
   108 1699
   109 1700
   110 1661
   111 1472
   112 1371
   113 1347
   114 1403
   115 1308
   116 1251
   117 1175
   118 1283
   119 1226
   120 1301
   121 1285
   122 1233
   123 1268
   124 1261
   125 1369
   126 1287
   127 1378
   128 1505
   129 1570
   130 1613
   131 1560
   132 1593
   133 1631
   134 1735
   135 1733
   136 1822
   137 1850
   138 1804
   139 1874
   140 1822
   141 1968
   142 2013
   143 2067
   144 2064
   145 2365
   146 2263
   147 2394
   148 2451
   149 2543
   150 2648
   151 2719
   152 2855
   153 2815
   154 2952
   155 2953
   156 2999
   157 3081
   158 3205
   159 3183
   160 3158
   161 3303
   162 3154
   163 3345
   164 3257
   165 3228
   166 3203
   167 3198
   168 3153
   169 3044
   170 3049
   171 3105
   172 3185
   173 3033
   174 2946
   175 2776
   176 2778
   177 2597
   178 2528
   179 2383
   180 2297
   181 2227
   182 2268
   183 2082
   184 2024
   185 1854
   186 1781
   187 1822
   188 1645
   189 1633
   190 1546
   191 1531
   192 1517
   193 1376
   194 1300
   195 1252
   196 1260
   197 1200
   198 1168
   199 1140
   200 1091
   201 1077
   202 1015
   203 1092
   204 1109
   205 1215
   206 1095
   207 1092
   208 1200
   209 1188
   210 1263
   211 1256
   212 1320
   213 1390
   214 1318
   215 1364
   216 1302
   217 1284
   218 1311
   219 1328
   220 1347
   221 1265
   222 1321
   223 1354
   224 1434
   225 1445
   226 1387
   227 1326
   228 1370
   229 1370
   230 1395
   231 1318
   232 1364
   233 1302
   234 1352
   235 1408
   236 1293
   237 1341
   238 1340
   239 1271
   240 1225
   241 1143
   242 1231
   243 1181
   244 1123
   245 1127
   246 1126
   247 1058
   248 984
   249 957
   250 872
   251 921
   252 890
   253 833
   254 824
   255 801
   256 715
   257 740
   258 685
   259 592
   260 585
   261 568
   262 540
   263 484
   264 469
   265 417
   266 391
   267 429
   268 378
   269 319
   270 344
   271 349
   272 309
   273 307
   274 277
   275 296
   276 263
   277 282
   278 249
   279 280
   280 275
   281 307
   282 289
   283 251
   284 247
   285 238
   286 274
   287 269
   288 269
   289 258
   290 282
   291 231
   292 237
   293 260
   294 293
   295 245
   296 268
   297 250
   298 278
   299 252
   300 279
   301 227
   302 247
   303 257
   304 252
   305 232
   306 244
   307 262
   308 248
   309 213
   310 212
   311 199
   312 229
   313 190
   314 195
   315 188
   316 175
   317 174
   318 173
   319 174
   320 163
   321 167
   322 143
   323 158
   324 134
   325 153
   326 161
   327 145
   328 107
   329 115
   330 129
   331 110
   332 98
   333 90
   334 81
   335 94
   336 95
   337 68
   338 68
   339 84
   340 67
   341 82
   342 70
   343 52
   344 53
   345 56
   346 47
   347 58
   348 43
   349 42
   350 38
   351 41
   352 45
   353 45
   354 29
   355 36
   356 31
   357 25
   358 24
   359 31
   360 33
   361 32
   362 27
   363 19
   364 28
   365 21
   366 32
   367 29
   368 41
   369 34
   370 35
   371 30
   372 31
   373 42
   374 41
   375 28
   376 37
   377 28
   378 30
   379 33
   380 25
   381 33
   382 25
   383 22
   384 29
   385 32
   386 21
   387 19
   388 28
   389 31
   390 32
   391 27
   392 32
   393 33
   394 24
   395 16
   396 19
   397 17
   398 18
   399 21
   400 20
   401 12
   402 13
   403 13
   404 10
   405 11
   406 18
   407 7
   408 8
   409 9
   410 10
   411 8
   412 13
   413 9
   414 14
   415 16
   416 10
   417 9
   418 5
   419 8
   420 14
   421 10
   422 8
   423 8
   424 9
   425 17
   426 9
   427 4
   428 4
   429 7
   430 5
   431 8
   432 8
   433 8
   434 3
   435 9
   436 5
   437 6
   438 4
   439 5
   440 2
   441 3
   442 3
   443 1
   444 4
   445 6
   446 3
   447 4
   448 9
   449 5
   450 3
   451 7
   452 2
   453 4
   454 2
   455 1
   456 8
   457 5
   458 5
   459 5
   460 4
   461 3
   462 5
   463 5
   464 3
   465 4
   466 6
   467 7
   468 4
   469 1
   470 5
   471 3
   472 1
   473 1
   474 1
   475 5
   476 1
   477 2
   478 5
   479 1
   480 7
   481 6
   482 3
   483 4
   484 4
   485 4
   486 1
   487 3
   488 8
   489 9
   490 4
   491 2
   492 1
   493 4
   494 2
   495 1
   496 0
   497 0
   498 1
   499 2
   500 0
   501 0
   502 1
   503 0
   504 0
   505 0
   506 0
   507 0
   508 1
   509 0
   510 0
   511 0
   512 0
   513 0
   514 1
   515 2
   516 1
   517 0
   518 1
   519 0
   520 1
   521 0
   522 3
   523 1
   524 1
   525 0
   526 0
   527 0
   528 1
   529 0
   530 0
   531 1
   532 1
   533 1
   534 0
   535 4
   536 2
   537 2
   538 4
   539 1
   540 0
   541 6
   542 3
   543 4
   544 2
   545 0
   546 0
   547 0
   548 0
   549 0
   550 1
   551 0
   552 0
   553 0
   554 2
   555 1
   556 0
   557 0
   558 5
   559 1
   560 1
   561 0
   562 1
   563 1
   564 0
   565 0
   566 0
   567 0
   568 0
   569 0
   570 0
   571 0
   572 0
   573 0
   574 1
   575 0
   576 0
   577 0
   578 0
   579 0
   580 0
   581 0
   582 0
   583 0
   584 0
   585 0
   586 0
   587 1
   588 0
   589 0
   590 0
   591 0
   592 0
   593 0
   594 0
   595 0
   596 0
   597 0
   598 0
   599 0
   600 0
   601 1
   602 0
   603 0
   604 0
   605 0
   606 0
   607 0
   608 1
   609 1
   610 2
   611 0
   612 1
   613 0
   614 0
   615 0
   616 0
   617 2
   618 2
   619 3
   620 0
   621 1
   622 0
   623 1
   624 0
   625 2
   626 1
   627 0
   628 2
   629 0
   630 0
   631 0
   632 1
   633 0
   634 0
   635 0
   636 1
   637 1
   638 0
   639 1
   640 1
   641 0
   642 0
   643 0
   644 1
   645 1
   646 1
   647 0
   648 1
   649 1
   650 0
   651 0
   652 0
   653 0
   654 0
   655 1
   656 0
   657 0
   658 0
   659 1
   660 0
   661 0
   662 2
   663 0
   664 1
   665 0
   666 0
   667 0
   668 2
   669 0
   670 1
   671 0
   672 1
   673 1
   674 2
   675 0
   676 0
   677 0
   678 0
   679 0
   680 0
   681 0
   682 0
   683 0
   684 0
   685 1
   686 1
   687 0
   688 0
   689 0
   690 0
   691 0
   692 0
   693 0
   694 0
   695 0
   696 0
   697 0
   698 0
   699 0
   700 0
   701 0
   702 0
   703 0
   704 0
   705 0
   706 0
   707 0
   708 0
   709 0
   710 1
   711 0
   712 0
   713 0
   714 0
   715 1
   716 0
   717 0
   718 0
   719 0
   720 0
   721 0
   722 0
   723 0
   724 0
   725 0
   726 0
   727 0
   728 0
   729 0
   730 0
   731 0
   732 0
   733 0
   734 0
   735 0
   736 0
   737 0
   738 0
   739 0
   740 0
   741 0
   742 0
   743 0
   744 0
   745 0
   746 0
   747 0
   748 0
   749 1
   750 0
   751 0
   752 0
   753 1
   754 0
   755 0
   756 0
   757 0
   758 0
   759 0
   760 0
   761 0
   762 0
   763 0
   764 1
   765 0
   766 2
   767 0
   768 0
   769 0
   770 0
   771 1
   772 0
   773 0
   774 0
   775 0
   776 0
   777 1
   778 0
   779 0
   780 0
   781 1
   782 0
   783 0
   784 0
   785 0
   786 0
   787 0
   788 0
   789 0
   790 0
   791 0
   792 0
   793 1
   794 0
   795 1
   796 1
   797 0
   798 0
   799 1
   800 1
   801 0
   802 0
   803 0
   804 0
   805 0
   806 0
   807 0
   808 0
   809 0
   810 0
   811 0
   812 0
   813 0
   814 0
   815 0
   816 0
   817 0
   818 0
   819 0
   820 0
   821 0
   822 0
   823 0
   824 0
   825 0
   826 0
   827 0
   828 0
   829 2
   830 3
   831 0
   832 1
   833 1
   834 0
   835 0
   836 0
   837 1
   838 0
   839 0
   840 1
   841 2
   842 2
   843 0
   844 0
   845 0
   846 0
   847 0
   848 0
   849 0
   850 0
   851 0
   852 1
   853 0
   854 1
   855 1
   856 0
   857 2
   858 1
   859 0
   860 1
   861 2
   862 0
   863 1
   864 0
   865 2
   866 0
   867 0
   868 0
   869 0
   870 0
   871 0
   872 0
   873 0
   874 0
   875 0
   876 1
   877 0
   878 0
   879 0
   880 0
   881 1
   882 0
   883 1
   884 0
   885 2
   886 0
   887 0
   888 0
   889 1
   890 0
   891 0
   892 1
   893 1
   894 1
   895 0
   896 0
   897 0
   898 0
   899 0
   900 0
   901 0
   902 0
   903 0
   904 0
   905 0
   906 0
   907 0
   908 0
   909 0
   910 1
   911 0
   912 1
   913 0
   914 0
   915 0
   916 0
   917 1
   918 0
   919 0
   920 0
   921 0
   922 0
   923 0
   924 0
   925 0
   926 0
   927 0
   928 0
   929 0
   930 0
   931 0
   932 0
   933 0
   934 0
   935 0
   936 0
   937 0
   938 0
   939 0
   940 0
   941 0
   942 0
   943 0
   944 0
   945 0
   946 0
   947 0
   948 0
   949 0
   950 0
   951 0
   952 0
   953 0
   954 0
   955 0
   956 0
   957 0
   958 0
   959 0
   960 1
   961 0
   962 0
   963 0
   964 0
   965 0
   966 0
   967 0
   968 0
   969 0
   970 0
   971 0
   972 0
   973 0
   974 0
   975 0
   976 0
   977 3
   978 0
   979 0
   980 0
   981 0
   982 0
   983 0
   984 0
   985 0
   986 0
   987 0
   988 0
   989 0
   990 0
   991 0
   992 0
   993 0
   994 0
   995 0
   996 0
   997 0
   998 0
   999 0
   1000 0
   1001 0
   1002 0
   1003 0
   1004 3
   1005 0
   1006 1
   1007 0
   1008 0
   1009 0
   1010 0
   1011 0
   1012 0
   1013 0
   1014 0
   1015 0
   1016 0
   1017 1
   1018 0
   1019 0
   1020 0
   1021 0
   1022 0
   1023 0
   1024 0
   1025 0
   1026 0
   1027 0
   1028 0
   1029 0
   1030 0
   1031 0
   1032 0
   1033 0
   1034 0
   1035 0
   1036 1
   1037 1
   1038 0
   1039 0
   1040 0
   1041 0
   1042 0
   1043 0
   1044 0
   1045 0
   1046 0
   1047 0
   1048 0
   1049 0
   1050 0
   1051 0
   1052 0
   1053 1
   1054 0
   1055 0
   1056 0
   1057 0
   1058 0
   1059 0
   1060 0
   1061 0
   1062 0
   1063 0
   1064 0
   1065 0
   1066 0
   1067 0
   1068 0
   1069 0
   1070 0
   1071 1
   1072 0
   1073 0
   1074 0
   1075 0
   1076 0
   1077 0
   1078 0
   1079 0
   1080 0
   1081 1
   1082 0
   1083 0
   1084 0
   1085 0
   1086 0
   1087 0
   1088 0
   1089 0
   1090 0
   1091 0
   1092 0
   1093 0
   1094 0
   1095 0
   1096 0
   1097 0
   1098 0
   1099 0
   1100 0
   1101 0
   1102 0
   1103 0
   1104 0
   1105 0
   1106 0
   1107 0
   1108 0
   1109 0
   1110 0
   1111 0
   1112 0
   1113 0
   1114 0
   1115 0
   1116 0
   1117 0
   1118 0
   1119 0
   1120 0
   1121 0
   1122 0
   1123 0
   1124 0
   1125 0
   1126 0
   1127 0
   1128 0
   1129 0
   1130 0
   1131 0
   1132 0
   1133 0
   1134 0
   1135 0
   1136 0
   1137 0
   1138 0
   1139 0
   1140 0
   1141 0
   1142 0
   1143 0
   1144 0
   1145 0
   1146 0
   1147 0
   1148 0
   1149 0
   1150 0
   1151 0
   1152 0
   1153 0
   1154 0
   1155 0
   1156 0
   1157 0
   1158 0
   1159 0
   1160 0
   1161 0
   1162 0
   1163 0
   1164 0
   1165 0
   1166 0
   1167 0
   1168 0
   1169 0
   1170 0
   1171 0
   1172 0
   1173 0
   1174 0
   1175 0
   1176 0
   1177 0
   1178 0
   1179 0
   1180 0
   1181 0
   1182 0
   1183 0
   1184 0
   1185 0
   1186 0
   1187 0
   1188 0
   1189 0
   1190 0
   1191 0
   1192 0
   1193 0
   1194 0
   1195 0
   1196 0
   1197 0
   1198 0
   1199 0
   1200 0
   1201 0
   1202 0
   1203 1
   1204 0
   1205 0
   1206 0
   1207 0
   1208 0
   1209 0
   1210 0
   1211 0
   1212 0
   1213 0
   1214 0
   1215 0
   1216 0
   1217 0
   1218 0
   1219 0
   1220 0
   1221 0
   1222 0
   1223 0
   1224 0
   1225 0
   1226 0
   1227 0
   1228 0
   1229 0
   1230 0
   1231 0
   1232 0
   1233 0
   1234 0
   1235 0
   1236 0
   1237 0
   1238 0
   1239 0
   1240 0
   1241 0
   1242 0
   1243 0
   1244 0
   1245 0
   1246 0
   1247 0
   1248 0
   1249 0
   1250 0
   1251 0
   1252 0
   1253 0
   1254 0
   1255 0
   1256 0
   1257 0
   1258 0
   1259 0
   1260 0
   1261 0
   1262 0
   1263 0
   1264 0
   1265 0
   1266 0
   1267 0
   1268 0
   1269 0
   1270 0
   1271 0
   1272 0
   1273 0
   1274 0
   1275 0
   1276 0
   1277 0
   1278 0
   1279 0
   1280 0
   1281 0
   1282 0
   1283 0
   1284 0
   1285 0
   1286 0
   1287 0
   1288 0
   1289 0
   1290 0
   1291 0
   1292 0
   1293 0
   1294 0
   1295 0
   1296 0
   1297 0
   1298 0
   1299 0
   1300 0
   1301 0
   1302 0
   1303 0
   1304 0
   1305 0
   1306 0
   1307 0
   1308 0
   1309 0
   1310 0
   1311 0
   1312 0
   1313 0
   1314 0
   1315 0
   1316 0
   1317 0
   1318 0
   1319 0
   1320 0
   1321 0
   1322 0
   1323 0
   1324 0
   1325 0
   1326 0
   1327 0
   1328 0
   1329 0
   1330 0
   1331 0
   1332 0
   1333 0
   1334 0
   1335 0
   1336 0
   1337 0
   1338 0
   1339 0
   1340 0
   1341 0
   1342 0
   1343 0
   1344 0
   1345 0
   1346 0
   1347 0
   1348 0
   1349 0
   1350 0
   1351 0
   1352 0
   1353 0
   1354 0
   1355 0
   1356 0
   1357 0
   1358 0
   1359 0
   1360 0
   1361 0
   1362 0
   1363 0
   1364 0
   1365 0
   1366 0
   1367 0
   1368 0
   1369 0
   1370 0
   1371 0
   1372 0
   1373 0
   1374 0
   1375 0
   1376 0
   1377 0
   1378 0
   1379 0
   1380 0
   1381 0
   1382 0
   1383 0
   1384 0
   1385 0
   1386 0
   1387 0
   1388 0
   1389 0
   1390 0
   1391 0
   1392 0
   1393 0
   1394 0
   1395 0
   1396 0
   1397 0
   1398 0
   1399 0
   1400 0
   1401 0
   1402 0
   1403 0
   1404 0
   1405 0
   1406 0
   1407 0
   1408 0
   1409 0
   1410 0
   1411 0
   1412 0
   1413 0
   1414 0
   1415 0
   1416 0
   1417 0
   1418 0
   1419 0
   1420 0
   1421 0
   1422 0
   1423 0
   1424 0
   1425 0
   1426 0
   1427 0
   1428 0
   1429 0
   1430 0
   1431 0
   1432 0
   1433 0
   1434 0
   1435 0
   1436 0
   1437 0
   1438 0
   1439 0
   1440 0
   1441 0
   1442 0
   1443 0
   1444 0
   1445 0
   1446 0
   1447 0
   1448 0
   1449 0
   1450 0
   1451 0
   1452 0
   1453 0
   1454 0
   1455 0
   1456 0
   1457 0
   1458 0
   1459 0
   1460 0
   1461 0
   1462 0
   1463 0
   1464 0
   1465 0
   1466 0
   1467 0
   1468 0
   1469 0
   1470 0
   1471 0
   1472 0
   1473 0
   1474 0
   1475 0
   1476 0
   1477 0
   1478 0
   1479 0
   1480 0
   1481 0
   1482 0
   1483 0
   1484 1
   1485 0
   1486 0
   1487 1
   1488 1
   1489 2
HIST END
