[7l----total-cpu-usage---- -dsk/total- -net/total- ---paging-- ---system--
usr sys idl wai hiq siq| read  writ| recv  send|  in   out | int   csw 
  1   1  97   0   0   1|  12k   51k|   0     0 |   0     0 | 182   742 
  4   3  92   0   0   2|   0     0 |4669k  161k|   0     0 | 530  1970 
  2   2  93   0   0   3|   0     0 |4453k  158k|   0     0 | 457  1738 
  2   3  92   0   0   3|   0     0 |4537k  156k|   0     0 | 436  1674 
  2   3  94   0   0   2|   0     0 |4491k  158k|   0     0 | 461  1738 
  1   3  95   0   0   1|   0     0 |4136k  145k|   0     0 | 393  1570 
  2   3  94   0   0   2|   0     0 |4206k  144k|   0     0 | 416  1510 
  1   2  94   0   0   3|   0     0 |4366k  153k|   0     0 | 420  1521 
  2   2  93   0   0   4|   0     0 |4053k  141k|   0     0 | 358  1437 
  2   3  94   0   0   2|   0     0 |4327k  148k|   0     0 | 354  1547 
  2   3  92   2   0   2|   0    52k|4234k  145k|   0     0 | 436  1530 
  1   2  95   0   0   2|   0     0 |4240k  148k|   0     0 | 388  1635 
  1   3  93   0   0   2|   0    48k|4317k  148k|   0     0 | 353  1486 
  1   3  94   0   0   2|   0     0 |4233k  147k|   0     0 | 436  1492 
  3   3  93   0   0   2|   0     0 |4439k  156k|   0     0 | 424  1587 
  2   2  95   0   0   2|   0     0 |4398k  152k|   0     0 | 407  1463 
  2   2  94   0   0   2|   0     0 |4247k  145k|   0     0 | 388  1466 
  2   4  93   0   0   2|   0     0 |4376k  152k|   0     0 | 418  1516 
  2   2  95   0   0   2|   0     0 |4397k  150k|   0     0 | 345  1585 
  1   5  92   0   0   2|   0     0 |4332k  150k|   0     0 | 416  1606 
  2   2  94   0   0   2|   0     0 |4162k  146k|   0     0 | 338  1520 
  1   2  95   0   0   3|   0     0 |4299k  147k|   0     0 | 419  1640 
  2   3  93   0   0   3|   0   520k|4120k  140k|   0     0 | 434  1563 
  2   3  94   0   0   1|   0     0 |4246k  147k|   0     0 | 413  1521 
  2   1  96   0   0   1|   0     0 |4208k  144k|   0     0 | 314  1550 
  1   1  96   0   0   2|   0     0 |3973k  137k|   0     0 | 354  1580 
  1   2  95   0   0   2|   0     0 |4269k  150k|   0     0 | 383  1619 
  2   4  94   0   0   1|   0     0 |4126k  143k|   0     0 | 415  1496 
  2   2  92   0   0   3|   0     0 |4391k  152k|   0     0 | 436  1588 
  2   3  92   0   0   3|   0     0 |4029k  142k|   0     0 | 407  1555 
  2   2  96   0   0   1|   0     0 |4138k  142k|   0     0 | 394  1586 
  1   3  95   0   0   2|   0     0 |4055k  139k|   0     0 | 448  1594 
  2   2  95   0   0   1|   0  8192B|4194k  146k|   0     0 | 434  1580 
  1   3  94   0   0   3|   0     0 |4462k  151k|   0     0 | 434  1525 
  1   4  94   0   0   2|   0     0 |4340k  148k|   0     0 | 400  1547 
  2   2  95   0   0   2|   0     0 |4143k  143k|   0     0 | 333  1421 
  2   3  93   0   0   3|   0     0 |4172k  144k|   0     0 | 358  1403 
  2   4  94   0   0   1|   0     0 |4523k  154k|   0     0 | 381  1398 
  2   4  94   0   0   1|   0     0 |4155k  145k|   0     0 | 376  1459 
  1   3  93   0   0   3|   0     0 |4198k  144k|   0     0 | 417  1553 
  2   3  93   1   0   1|   0    40k|4156k  146k|   0     0 | 402  1511 
  1   2  96   0   0   2|   0     0 |4207k  150k|   0     0 | 419  1606 
  2   3  93   0   0   2|   0     0 |4385k  151k|   0     0 | 346  1494 
  2   1  96   0   0   2|   0     0 |4252k  146k|   0     0 | 403  1523 
  3   5  92   0   0   1|   0     0 |4609k  163k|   0     0 | 418  1659 
  1   2  94   0   0   3|   0     0 |4501k  155k|   0     0 | 413  1494 
  2   2  95   0   0   1|   0     0 |4166k  143k|   0     0 | 384  1500 
  1   2  96   0   0   1|   0     0 |4223k  147k|   0     0 | 427  1535 
  1   2  95   0   0   2|   0     0 |4441k  155k|   0     0 | 408  1618 
  1   4  93   0   0   2|   0     0 |4247k  147k|   0     0 | 427  1583 
  1   3  94   0   0   3|   0     0 |4116k  145k|   0     0 | 389  1632 
  2   1  95   0   0   2|   0     0 |4054k  139k|   0     0 | 312  1445 
  2   3  95   0   0   1|   0     0 |4264k  146k|   0     0 | 309  1452 
  2   2  93   0   0   3|   0     0 |3990k  140k|   0     0 | 388  1529 
  1   3  93   0   0   3|   0     0 |4288k  148k|   0     0 | 382  1524 
  2   3  94   0   0   2|   0     0 |4227k  146k|   0     0 | 440  1668 
  1   1  95   0   0   3|   0     0 |4221k  149k|   0     0 | 321  1490 
  1   2  95   0   0   2|   0     0 |4002k  137k|   0     0 | 307  1260 
  1   3  95   0   0   2|   0    36k|4150k  143k|   0     0 | 331  1540 
  2   2  94   0   0   3|   0     0 |4184k  145k|   0     0 | 403  1540 
  2   3  94   0   0   2|   0     0 |4319k  150k|   0     0 | 351  1524 
  2   2  95   0   0   2|   0     0 |4435k  153k|   0     0 | 297  1458 
  0   2  95   0   0   3|   0     0 |4047k  138k|   0     0 | 290  1423 
  3   3  93   0   0   2|   0     0 |4373k  152k|   0     0 | 301  1429 
  2   4  93   0   0   2|   0  8192B|4135k  143k|   0     0 | 290  1467 
  1   3  95   0   0   1|   0     0 |4090k  141k|   0     0 | 350  1438 
  3   3  90   0   0   4|   0     0 |4363k  153k|   0     0 | 353  1539 
  1   2  96   0   0   2|   0     0 |4200k  144k|   0     0 | 349  1469 
  2   2  94   0   0   2|   0     0 |3971k  136k|   0     0 | 373  1538 
  3   3  92   0   0   2|   0     0 |4235k  148k|   0     0 | 350  1546 
  0   3  96   0   0   2|   0     0 |4164k  142k|   0     0 | 338  1458 
