STAT START
secs,qlen,thru,msrt,items,nset,nget,nmget,sqt,gqt,mqt,swt,gwt,mwt
1,1,473.000000000000,0.019027484144,473,0,473,0,NaN,0.000131436992,NaN,NaN,0.002169223841,NaN
1,0,534.000000000000,0.005617977528,534,0,534,0,NaN,0.000170980704,NaN,NaN,0.001409051099,NaN
1,0,534.000000000000,0.005617977528,534,0,534,0,NaN,0.000078246627,NaN,NaN,0.001817255991,NaN
1,0,535.000000000000,0.013084112150,535,0,535,0,NaN,0.000093880764,NaN,NaN,0.001523122746,NaN
1,0,513.000000000000,0.013645224172,513,0,513,0,NaN,0.000142871417,NaN,NaN,0.001414186544,NaN
1,0,509.000000000000,0.011787819253,509,0,509,0,NaN,0.000101797525,NaN,NaN,0.001652998705,NaN
1,0,531.000000000000,0.003766478343,531,0,531,0,NaN,0.000094276309,NaN,NaN,0.001558842243,NaN
1,0,534.000000000000,0.011235955056,534,0,534,0,NaN,0.000102641303,NaN,NaN,0.001479597833,NaN
1,0,508.000000000000,0.009842519685,508,0,508,0,NaN,0.000126288431,NaN,NaN,0.001304982663,NaN
1,0,507.000000000000,0.009861932939,507,0,507,0,NaN,0.000081849878,NaN,NaN,0.001603585099,NaN
1,0,474.000000000000,0.016877637131,474,0,474,0,NaN,0.000127140795,NaN,NaN,0.001510036395,NaN
1,0,513.000000000000,0.013645224172,513,0,513,0,NaN,0.000139232559,NaN,NaN,0.001728422973,NaN
1,0,500.000000000000,0.004000000000,500,0,500,0,NaN,0.000112749816,NaN,NaN,0.001851421846,NaN
1,0,546.000000000000,0.014652014652,546,0,546,0,NaN,0.000093685932,NaN,NaN,0.001867671189,NaN
1,0,519.000000000000,0.009633911368,519,0,519,0,NaN,0.000098119335,NaN,NaN,0.001927531958,NaN
1,0,505.000000000000,0.000000000000,505,0,505,0,NaN,0.000131106596,NaN,NaN,0.001895457570,NaN
1,0,507.000000000000,0.009861932939,507,0,507,0,NaN,0.000156998471,NaN,NaN,0.001901001533,NaN
1,0,528.000000000000,0.013257575758,528,0,528,0,NaN,0.000094708932,NaN,NaN,0.001636604286,NaN
1,0,516.000000000000,0.011627906977,516,0,516,0,NaN,0.000127598126,NaN,NaN,0.001527862777,NaN
1,0,529.000000000000,0.005671077505,529,0,529,0,NaN,0.000110886828,NaN,NaN,0.001668155788,NaN
1,0,510.000000000000,0.011764705882,510,0,510,0,NaN,0.000100394769,NaN,NaN,0.001555782065,NaN
1,0,515.000000000000,0.017475728155,515,0,515,0,NaN,0.000109346763,NaN,NaN,0.001574041357,NaN
1,0,496.000000000000,0.002016129032,496,0,496,0,NaN,0.000123270685,NaN,NaN,0.001592599401,NaN
1,0,513.000000000000,0.017543859649,513,0,513,0,NaN,0.000105294290,NaN,NaN,0.001850204579,NaN
1,0,527.000000000000,0.007590132827,527,0,527,0,NaN,0.000104953467,NaN,NaN,0.001535940546,NaN
1,0,530.000000000000,0.013207547170,530,0,530,0,NaN,0.000100305349,NaN,NaN,0.001763958938,NaN
1,0,531.000000000000,0.005649717514,531,0,531,0,NaN,0.000103631620,NaN,NaN,0.001801153215,NaN
1,0,566.000000000000,0.012367491166,566,0,566,0,NaN,0.000086727710,NaN,NaN,0.001435495097,NaN
1,0,543.000000000000,0.003683241252,543,0,543,0,NaN,0.000099306401,NaN,NaN,0.001766399396,NaN
1,0,525.000000000000,0.007619047619,525,0,525,0,NaN,0.000111940253,NaN,NaN,0.001675544491,NaN
1,0,506.000000000000,0.007905138340,506,0,506,0,NaN,0.000101208336,NaN,NaN,0.001850105650,NaN
1,0,523.000000000000,0.001912045889,523,0,523,0,NaN,0.000127383621,NaN,NaN,0.001641694176,NaN
1,0,526.000000000000,0.020912547529,526,0,526,0,NaN,0.000147172601,NaN,NaN,0.001321885061,NaN
1,0,532.000000000000,0.005639097744,532,0,532,0,NaN,0.000105151118,NaN,NaN,0.001610935938,NaN
1,0,529.000000000000,0.009451795841,529,0,529,0,NaN,0.000089530949,NaN,NaN,0.001554295178,NaN
1,0,534.000000000000,0.011235955056,534,0,534,0,NaN,0.000150156045,NaN,NaN,0.001818376657,NaN
1,0,542.000000000000,0.007380073801,542,0,542,0,NaN,0.000124943295,NaN,NaN,0.001773443681,NaN
1,0,530.000000000000,0.011320754717,530,0,530,0,NaN,0.000118894145,NaN,NaN,0.001703959374,NaN
1,0,538.000000000000,0.007434944238,538,0,538,0,NaN,0.000087101264,NaN,NaN,0.001696529355,NaN
1,0,506.000000000000,0.005928853755,506,0,506,0,NaN,0.000105870038,NaN,NaN,0.001808501457,NaN
1,0,530.000000000000,0.007547169811,530,0,530,0,NaN,0.000105683762,NaN,NaN,0.001781728019,NaN
1,0,485.000000000000,0.012371134021,485,0,485,0,NaN,0.000102992998,NaN,NaN,0.001791627804,NaN
1,0,539.000000000000,0.011131725417,539,0,539,0,NaN,0.000117023553,NaN,NaN,0.001602111690,NaN
1,0,544.000000000000,0.011029411765,544,0,544,0,NaN,0.000106575574,NaN,NaN,0.001631010914,NaN
1,3,533.000000000000,0.007504690432,533,0,533,0,NaN,0.000088854373,NaN,NaN,0.001583382009,NaN
1,0,527.000000000000,0.003795066414,527,0,527,0,NaN,0.000111416175,NaN,NaN,0.001849590070,NaN
1,0,550.000000000000,0.001818181818,550,0,550,0,NaN,0.000111654002,NaN,NaN,0.001654884793,NaN
1,0,526.000000000000,0.017110266160,526,0,526,0,NaN,0.000112258435,NaN,NaN,0.001355780749,NaN
1,0,505.000000000000,0.011881188119,505,0,505,0,NaN,0.000107330794,NaN,NaN,0.001501866964,NaN
1,0,537.000000000000,0.005586592179,537,0,537,0,NaN,0.000081470983,NaN,NaN,0.001766831644,NaN
1,0,552.000000000000,0.003623188406,552,0,552,0,NaN,0.000147546667,NaN,NaN,0.001579239332,NaN
1,0,546.000000000000,0.014652014652,546,0,546,0,NaN,0.000100458742,NaN,NaN,0.001772992233,NaN
1,0,540.000000000000,0.005555555556,540,0,540,0,NaN,0.000088402557,NaN,NaN,0.001776932298,NaN
1,0,520.000000000000,0.007692307692,520,0,520,0,NaN,0.000103998019,NaN,NaN,0.001691250202,NaN
1,0,510.000000000000,0.013725490196,510,0,510,0,NaN,0.000107171108,NaN,NaN,0.001833699037,NaN
1,0,523.000000000000,0.009560229446,523,0,523,0,NaN,0.000099271187,NaN,NaN,0.001834199107,NaN
1,0,520.000000000000,0.005769230769,520,0,520,0,NaN,0.000095678877,NaN,NaN,0.001872661771,NaN
1,0,526.000000000000,0.011406844106,526,0,526,0,NaN,0.000108167852,NaN,NaN,0.001651657523,NaN
1,0,518.000000000000,0.011583011583,518,0,518,0,NaN,0.000083469502,NaN,NaN,0.001891422799,NaN
1,0,507.000000000000,0.015779092702,507,0,507,0,NaN,0.000148490465,NaN,NaN,0.001578667617,NaN
1,0,474.000000000000,0.004219409283,474,0,474,0,NaN,0.000114380728,NaN,NaN,0.001492680778,NaN
1,0,516.000000000000,0.009689922481,516,0,516,0,NaN,0.000089643316,NaN,NaN,0.001798648426,NaN
1,0,538.000000000000,0.009293680297,538,0,538,0,NaN,0.000121177546,NaN,NaN,0.001547637240,NaN
1,0,505.000000000000,0.007920792079,505,0,505,0,NaN,0.000132003663,NaN,NaN,0.002057478705,NaN
1,0,506.000000000000,0.005928853755,506,0,506,0,NaN,0.000117959170,NaN,NaN,0.002004203540,NaN
1,0,532.000000000000,0.013157894737,532,0,532,0,NaN,0.000084204573,NaN,NaN,0.001612960124,NaN
1,0,514.000000000000,0.007782101167,514,0,514,0,NaN,0.000094584765,NaN,NaN,0.001747614119,NaN
1,0,496.000000000000,0.008064516129,496,0,496,0,NaN,0.000133139200,NaN,NaN,0.001820600823,NaN
1,0,498.000000000000,0.012048192771,498,0,498,0,NaN,0.000129460450,NaN,NaN,0.001529548452,NaN
1,0,516.000000000000,0.000000000000,516,0,516,0,NaN,0.000098404868,NaN,NaN,0.001703746275,NaN
1,0,2.000000000000,0.000000000000,2,0,2,0,NaN,0.000061601000,NaN,NaN,0.000757360500,NaN
STAT END
HIST START
250
   0 0
   1 0
   2 0
   3 0
   4 2
   5 296
   6 2630
   7 4796
   8 5710
   9 4931
   10 3587
   11 2317
   12 1634
   13 1244
   14 929
   15 799
   16 597
   17 467
   18 424
   19 334
   20 250
   21 225
   22 212
   23 145
   24 119
   25 106
   26 79
   27 83
   28 73
   29 65
   30 50
   31 28
   32 21
   33 28
   34 12
   35 17
   36 31
   37 25
   38 11
   39 13
   40 10
   41 8
   42 14
   43 13
   44 14
   45 8
   46 7
   47 6
   48 10
   49 4
   50 7
   51 5
   52 8
   53 5
   54 5
   55 10
   56 5
   57 7
   58 10
   59 10
   60 6
   61 11
   62 19
   63 29
   64 59
   65 113
   66 196
   67 269
   68 307
   69 361
   70 390
   71 394
   72 327
   73 304
   74 257
   75 191
   76 126
   77 85
   78 56
   79 29
   80 21
   81 24
   82 8
   83 11
   84 5
   85 8
   86 5
   87 4
   88 9
   89 12
   90 16
   91 26
   92 35
   93 59
   94 69
   95 47
   96 39
   97 30
   98 10
   99 5
   100 4
   101 2
   102 4
   103 2
   104 3
   105 0
   106 0
   107 1
   108 0
   109 1
   110 1
   111 0
   112 1
   113 1
   114 1
   115 1
   116 1
   117 1
   118 0
   119 2
   120 0
   121 0
   122 0
   123 0
   124 0
   125 2
   126 0
   127 0
   128 0
   129 2
   130 1
   131 1
   132 0
   133 0
   134 0
   135 0
   136 0
   137 0
   138 0
   139 0
   140 1
   141 0
   142 0
   143 0
   144 0
   145 1
   146 0
   147 0
   148 1
   149 0
   150 0
   151 0
   152 1
   153 0
   154 0
   155 0
   156 0
   157 0
   158 0
   159 2
   160 1
   161 1
   162 0
   163 0
   164 1
   165 1
   166 1
   167 0
   168 0
   169 0
   170 0
   171 0
   172 0
   173 0
   174 0
   175 0
   176 0
   177 0
   178 0
   179 0
   180 0
   181 0
   182 0
   183 0
   184 0
   185 0
   186 0
   187 0
   188 0
   189 0
   190 0
   191 0
   192 0
   193 0
   194 0
   195 0
   196 0
   197 0
   198 0
   199 0
   200 0
   201 0
   202 0
   203 0
   204 0
   205 0
   206 0
   207 0
   208 0
   209 0
   210 0
   211 0
   212 0
   213 0
   214 0
   215 0
   216 0
   217 0
   218 0
   219 0
   220 0
   221 0
   222 0
   223 0
   224 0
   225 0
   226 0
   227 0
   228 0
   229 0
   230 0
   231 0
   232 0
   233 0
   234 0
   235 0
   236 0
   237 0
   238 0
   239 0
   240 0
   241 0
   242 0
   243 0
   244 0
   245 0
   246 0
   247 0
   248 0
   249 1
HIST END
