STAT START
secs,qlen,thru,msrt,items,nset,nget,nmget,sqt,gqt,mqt,swt,gwt,mwt
1,16,3005.000000000000,0.031946755408,3005,0,3005,0,NaN,0.003825437037,NaN,NaN,0.007407357637,NaN
1,14,2977.000000000000,0.016123614377,2977,0,2977,0,NaN,0.003965862661,NaN,NaN,0.009179652216,NaN
1,16,2935.000000000000,0.000000000000,2935,0,2935,0,NaN,0.004206067952,NaN,NaN,0.009465786210,NaN
1,1,2980.000000000000,0.016107382550,2980,0,2980,0,NaN,0.004124079148,NaN,NaN,0.009104969616,NaN
1,0,2978.000000000000,0.000000000000,2978,0,2978,0,NaN,0.003946121115,NaN,NaN,0.009137979631,NaN
1,15,2932.000000000000,0.000000000000,2932,0,2932,0,NaN,0.004177985631,NaN,NaN,0.009202992229,NaN
1,1,3026.000000000000,0.015862524785,3026,0,3026,0,NaN,0.004171431965,NaN,NaN,0.009149145970,NaN
1,12,2944.000000000000,0.000000000000,2944,0,2944,0,NaN,0.003842005385,NaN,NaN,0.009124497614,NaN
1,16,2967.000000000000,0.000000000000,2967,0,2967,0,NaN,0.004303298040,NaN,NaN,0.009380996852,NaN
1,16,2967.000000000000,0.011459386586,2967,0,2967,0,NaN,0.004040695654,NaN,NaN,0.009293402377,NaN
1,16,3029.000000000000,0.032353912182,3029,0,3029,0,NaN,0.004043714800,NaN,NaN,0.009139870843,NaN
1,14,2970.000000000000,0.013131313131,2970,0,2970,0,NaN,0.004133327806,NaN,NaN,0.009662918340,NaN
1,16,2954.000000000000,0.007109004739,2954,0,2954,0,NaN,0.003950702826,NaN,NaN,0.009260873411,NaN
1,16,2980.000000000000,0.016107382550,2980,0,2980,0,NaN,0.004228625015,NaN,NaN,0.009430711145,NaN
1,16,2968.000000000000,0.010781671159,2968,0,2968,0,NaN,0.004066894343,NaN,NaN,0.009215190826,NaN
1,7,3027.000000000000,0.005285761480,3027,0,3027,0,NaN,0.004212751163,NaN,NaN,0.008995096064,NaN
1,0,2969.000000000000,0.000000000000,2969,0,2969,0,NaN,0.004257645335,NaN,NaN,0.009340899888,NaN
1,16,2999.000000000000,0.019339779927,2999,0,2999,0,NaN,0.004001156768,NaN,NaN,0.009067133204,NaN
1,16,2970.000000000000,0.012794612795,2970,0,2970,0,NaN,0.004139839684,NaN,NaN,0.009097941315,NaN
1,16,2977.000000000000,0.000000000000,2977,0,2977,0,NaN,0.004337687863,NaN,NaN,0.009284186891,NaN
1,16,2978.000000000000,0.000000000000,2978,0,2978,0,NaN,0.004109223196,NaN,NaN,0.009103196457,NaN
1,16,2973.000000000000,0.015472586613,2973,0,2973,0,NaN,0.004094225287,NaN,NaN,0.009545921347,NaN
1,15,2948.000000000000,0.005427408412,2948,0,2948,0,NaN,0.004211373369,NaN,NaN,0.009355991447,NaN
1,22,3014.000000000000,0.011280690113,3014,0,3014,0,NaN,0.004002430233,NaN,NaN,0.009036854920,NaN
1,16,2955.000000000000,0.007445008460,2955,0,2955,0,NaN,0.004231926575,NaN,NaN,0.009557170384,NaN
1,15,2970.000000000000,0.012794612795,2970,0,2970,0,NaN,0.004243394392,NaN,NaN,0.009366594098,NaN
1,16,3012.000000000000,0.027556440903,3012,0,3012,0,NaN,0.004115426605,NaN,NaN,0.008989782669,NaN
1,26,2946.000000000000,0.004412763069,2946,0,2946,0,NaN,0.004241489759,NaN,NaN,0.009426485927,NaN
1,16,2968.000000000000,0.012129380054,2968,0,2968,0,NaN,0.004239482370,NaN,NaN,0.009403125080,NaN
1,16,3023.000000000000,0.000000000000,3023,0,3023,0,NaN,0.004183104988,NaN,NaN,0.009301074299,NaN
1,16,2981.000000000000,0.016437437102,2981,0,2981,0,NaN,0.004053348255,NaN,NaN,0.009171359140,NaN
1,18,2986.000000000000,0.019423978567,2986,0,2986,0,NaN,0.004145457523,NaN,NaN,0.009272057285,NaN
1,27,3067.000000000000,0.031300945549,3067,0,3067,0,NaN,0.003895884094,NaN,NaN,0.008749377894,NaN
1,16,2969.000000000000,0.012462108454,2969,0,2969,0,NaN,0.004256924730,NaN,NaN,0.009643007700,NaN
1,0,2897.000000000000,0.001035554021,2897,0,2897,0,NaN,0.003930268801,NaN,NaN,0.009386412332,NaN
1,16,3053.000000000000,0.012119226990,3053,0,3053,0,NaN,0.004037720053,NaN,NaN,0.009145217030,NaN
1,16,2987.000000000000,0.002678272514,2987,0,2987,0,NaN,0.003940106097,NaN,NaN,0.009292359033,NaN
1,5,2938.000000000000,0.000000000000,2938,0,2938,0,NaN,0.003969426972,NaN,NaN,0.009061298406,NaN
1,26,2971.000000000000,0.000000000000,2971,0,2971,0,NaN,0.004279639741,NaN,NaN,0.009573457947,NaN
1,25,2993.000000000000,0.004343468092,2993,0,2993,0,NaN,0.004083439732,NaN,NaN,0.009343568460,NaN
1,16,3040.000000000000,0.036184210526,3040,0,3040,0,NaN,0.004168203091,NaN,NaN,0.008870859549,NaN
1,1,2976.000000000000,0.022177419355,2976,0,2976,0,NaN,0.004331013741,NaN,NaN,0.009180720485,NaN
1,16,2959.000000000000,0.001013856032,2959,0,2959,0,NaN,0.004240324015,NaN,NaN,0.009328605320,NaN
1,16,2933.000000000000,0.000000000000,2933,0,2933,0,NaN,0.004326555148,NaN,NaN,0.009626840127,NaN
1,13,2933.000000000000,0.000000000000,2933,0,2933,0,NaN,0.004384663558,NaN,NaN,0.009466002563,NaN
1,16,2932.000000000000,0.000000000000,2932,0,2932,0,NaN,0.004284486296,NaN,NaN,0.009183168488,NaN
1,0,3025.000000000000,0.000000000000,3025,0,3025,0,NaN,0.004095817709,NaN,NaN,0.009153983267,NaN
1,16,2940.000000000000,0.003061224490,2940,0,2940,0,NaN,0.004196805892,NaN,NaN,0.009602076408,NaN
1,16,2961.000000000000,0.009793988517,2961,0,2961,0,NaN,0.004150801658,NaN,NaN,0.009286889367,NaN
1,16,2989.000000000000,0.003345600535,2989,0,2989,0,NaN,0.004366446758,NaN,NaN,0.009402120465,NaN
1,16,2968.000000000000,0.012129380054,2968,0,2968,0,NaN,0.004513548471,NaN,NaN,0.009219346099,NaN
1,8,3050.000000000000,0.023934426230,3050,0,3050,0,NaN,0.004125600218,NaN,NaN,0.009084161139,NaN
1,13,2996.000000000000,0.021695594126,2996,0,2996,0,NaN,0.004311185916,NaN,NaN,0.009130286341,NaN
1,16,2951.000000000000,0.006099627245,2951,0,2951,0,NaN,0.004227711448,NaN,NaN,0.009312487041,NaN
1,8,2933.000000000000,0.000000000000,2933,0,2933,0,NaN,0.004241224577,NaN,NaN,0.009509822013,NaN
1,15,2943.000000000000,0.004077471967,2943,0,2943,0,NaN,0.004036832737,NaN,NaN,0.009190670281,NaN
1,22,3021.000000000000,0.030453492221,3021,0,3021,0,NaN,0.003945640660,NaN,NaN,0.009117144590,NaN
1,16,3037.000000000000,0.036219953902,3037,0,3037,0,NaN,0.004101056161,NaN,NaN,0.009072523232,NaN
1,33,2961.000000000000,0.008443093549,2961,0,2961,0,NaN,0.004439783988,NaN,NaN,0.009227794305,NaN
1,32,2934.000000000000,0.000340831629,2934,0,2934,0,NaN,0.004366935634,NaN,NaN,0.009402850572,NaN
1,16,2953.000000000000,0.007111412123,2953,0,2953,0,NaN,0.004172024481,NaN,NaN,0.009335752334,NaN
1,2,2964.000000000000,0.020242914980,2964,0,2964,0,NaN,0.004478284600,NaN,NaN,0.009205128977,NaN
1,12,2972.000000000000,0.005047106326,2972,0,2972,0,NaN,0.004263740507,NaN,NaN,0.009356417991,NaN
1,0,2970.000000000000,0.000000000000,2970,0,2970,0,NaN,0.004035940081,NaN,NaN,0.009173448512,NaN
1,1,2904.000000000000,0.003787878788,2904,0,2904,0,NaN,0.004102974452,NaN,NaN,0.009596827406,NaN
1,6,3047.000000000000,0.016409583197,3047,0,3047,0,NaN,0.004347966429,NaN,NaN,0.009274565662,NaN
1,31,3005.000000000000,0.017637271215,3005,0,3005,0,NaN,0.004103451709,NaN,NaN,0.009368371396,NaN
1,0,2974.000000000000,0.013449899126,2974,0,2974,0,NaN,0.004302598316,NaN,NaN,0.009538903622,NaN
1,10,2963.000000000000,0.010462369220,2963,0,2963,0,NaN,0.004432600775,NaN,NaN,0.009396186708,NaN
1,0,2940.000000000000,0.002721088435,2940,0,2940,0,NaN,0.004296128284,NaN,NaN,0.009176761257,NaN
1,0,7.000000000000,0.000000000000,7,0,7,0,NaN,0.000115262000,NaN,NaN,0.010437052143,NaN
STAT END
HIST START
614
   0 0
   1 0
   2 0
   3 1
   4 3
   5 18
   6 71
   7 167
   8 239
   9 273
   10 224
   11 243
   12 279
   13 283
   14 265
   15 268
   16 259
   17 218
   18 235
   19 215
   20 228
   21 219
   22 195
   23 189
   24 176
   25 164
   26 126
   27 131
   28 145
   29 143
   30 140
   31 148
   32 120
   33 104
   34 110
   35 114
   36 106
   37 108
   38 112
   39 115
   40 109
   41 97
   42 119
   43 117
   44 119
   45 113
   46 115
   47 118
   48 112
   49 100
   50 115
   51 115
   52 107
   53 124
   54 150
   55 148
   56 115
   57 134
   58 135
   59 119
   60 114
   61 106
   62 108
   63 118
   64 123
   65 120
   66 124
   67 126
   68 129
   69 141
   70 155
   71 159
   72 153
   73 189
   74 176
   75 238
   76 291
   77 315
   78 399
   79 428
   80 568
   81 591
   82 671
   83 807
   84 844
   85 932
   86 1060
   87 1122
   88 1089
   89 1222
   90 1376
   91 1433
   92 1639
   93 1606
   94 1631
   95 1776
   96 1927
   97 2040
   98 2447
   99 2741
   100 2765
   101 2750
   102 2684
   103 2702
   104 2686
   105 2601
   106 2742
   107 2917
   108 2786
   109 3052
   110 2992
   111 2907
   112 3081
   113 3003
   114 2765
   115 2726
   116 2672
   117 2487
   118 2411
   119 2231
   120 2139
   121 2115
   122 2030
   123 2071
   124 2013
   125 1948
   126 2005
   127 2033
   128 1899
   129 1912
   130 1990
   131 1946
   132 1963
   133 1959
   134 2066
   135 2117
   136 2071
   137 2249
   138 2284
   139 2237
   140 2264
   141 2208
   142 2020
   143 1850
   144 1526
   145 1337
   146 1103
   147 887
   148 763
   149 596
   150 521
   151 481
   152 418
   153 351
   154 321
   155 323
   156 312
   157 315
   158 346
   159 345
   160 370
   161 433
   162 443
   163 494
   164 508
   165 533
   166 602
   167 673
   168 709
   169 700
   170 792
   171 875
   172 993
   173 984
   174 1008
   175 1096
   176 1170
   177 1165
   178 1267
   179 1328
   180 1337
   181 1358
   182 1368
   183 1335
   184 1409
   185 1392
   186 1352
   187 1321
   188 1266
   189 1199
   190 1171
   191 1102
   192 1078
   193 1050
   194 1030
   195 925
   196 921
   197 810
   198 733
   199 701
   200 675
   201 591
   202 543
   203 506
   204 407
   205 417
   206 378
   207 330
   208 306
   209 314
   210 246
   211 238
   212 217
   213 193
   214 174
   215 157
   216 160
   217 117
   218 124
   219 150
   220 105
   221 115
   222 102
   223 87
   224 147
   225 109
   226 117
   227 122
   228 124
   229 92
   230 93
   231 86
   232 136
   233 100
   234 110
   235 94
   236 104
   237 90
   238 108
   239 83
   240 73
   241 93
   242 75
   243 60
   244 80
   245 72
   246 75
   247 56
   248 66
   249 53
   250 46
   251 57
   252 54
   253 69
   254 56
   255 58
   256 60
   257 57
   258 37
   259 61
   260 47
   261 51
   262 73
   263 70
   264 65
   265 80
   266 85
   267 103
   268 89
   269 67
   270 108
   271 96
   272 93
   273 99
   274 98
   275 109
   276 140
   277 138
   278 121
   279 135
   280 171
   281 163
   282 147
   283 153
   284 152
   285 133
   286 131
   287 119
   288 158
   289 117
   290 110
   291 108
   292 111
   293 117
   294 74
   295 84
   296 88
   297 93
   298 88
   299 90
   300 68
   301 86
   302 72
   303 73
   304 66
   305 48
   306 54
   307 43
   308 54
   309 50
   310 57
   311 43
   312 51
   313 30
   314 43
   315 39
   316 41
   317 26
   318 27
   319 34
   320 18
   321 12
   322 28
   323 25
   324 15
   325 11
   326 7
   327 8
   328 13
   329 17
   330 11
   331 11
   332 9
   333 12
   334 12
   335 13
   336 8
   337 14
   338 11
   339 8
   340 9
   341 2
   342 12
   343 8
   344 6
   345 4
   346 1
   347 3
   348 0
   349 3
   350 1
   351 3
   352 0
   353 2
   354 5
   355 1
   356 4
   357 2
   358 1
   359 1
   360 1
   361 0
   362 1
   363 1
   364 0
   365 1
   366 0
   367 4
   368 2
   369 4
   370 1
   371 0
   372 0
   373 0
   374 1
   375 0
   376 1
   377 0
   378 0
   379 1
   380 1
   381 0
   382 1
   383 0
   384 1
   385 2
   386 1
   387 1
   388 0
   389 2
   390 0
   391 0
   392 1
   393 3
   394 4
   395 0
   396 0
   397 1
   398 0
   399 0
   400 2
   401 0
   402 1
   403 0
   404 0
   405 1
   406 0
   407 0
   408 0
   409 0
   410 0
   411 0
   412 1
   413 1
   414 1
   415 0
   416 0
   417 0
   418 0
   419 0
   420 0
   421 0
   422 0
   423 0
   424 1
   425 0
   426 0
   427 0
   428 0
   429 0
   430 0
   431 1
   432 0
   433 0
   434 0
   435 1
   436 0
   437 0
   438 0
   439 1
   440 0
   441 0
   442 0
   443 1
   444 0
   445 1
   446 0
   447 0
   448 0
   449 0
   450 1
   451 0
   452 0
   453 2
   454 0
   455 0
   456 0
   457 0
   458 1
   459 0
   460 0
   461 0
   462 0
   463 0
   464 0
   465 0
   466 0
   467 1
   468 0
   469 1
   470 0
   471 0
   472 0
   473 1
   474 0
   475 0
   476 0
   477 1
   478 1
   479 0
   480 0
   481 0
   482 0
   483 0
   484 0
   485 1
   486 0
   487 0
   488 0
   489 0
   490 1
   491 0
   492 0
   493 0
   494 0
   495 0
   496 0
   497 0
   498 0
   499 0
   500 0
   501 0
   502 0
   503 0
   504 0
   505 0
   506 1
   507 0
   508 0
   509 0
   510 0
   511 0
   512 0
   513 0
   514 0
   515 0
   516 0
   517 0
   518 0
   519 0
   520 0
   521 0
   522 0
   523 0
   524 0
   525 1
   526 0
   527 0
   528 0
   529 0
   530 0
   531 0
   532 0
   533 0
   534 0
   535 0
   536 0
   537 0
   538 0
   539 0
   540 0
   541 0
   542 0
   543 0
   544 0
   545 0
   546 0
   547 0
   548 1
   549 0
   550 0
   551 0
   552 0
   553 0
   554 0
   555 0
   556 0
   557 0
   558 0
   559 1
   560 0
   561 0
   562 0
   563 0
   564 0
   565 0
   566 0
   567 0
   568 0
   569 0
   570 0
   571 0
   572 0
   573 0
   574 0
   575 0
   576 0
   577 0
   578 0
   579 0
   580 0
   581 0
   582 0
   583 0
   584 0
   585 0
   586 0
   587 0
   588 0
   589 0
   590 0
   591 0
   592 0
   593 0
   594 0
   595 0
   596 0
   597 0
   598 0
   599 0
   600 0
   601 0
   602 0
   603 0
   604 0
   605 0
   606 0
   607 0
   608 0
   609 0
   610 0
   611 0
   612 0
   613 1
HIST END
