STAT START
secs,qlen,thru,msrt,items,nset,nget,nmget,sqt,gqt,mqt,swt,gwt,mwt
1,127,2258.000000000000,NaN,0,2258,0,0,0.054207966825,NaN,NaN,0.003493837470,NaN,NaN
1,136,1964.000000000000,NaN,0,1964,0,0,0.065170494888,NaN,NaN,0.004055717317,NaN,NaN
1,107,2480.000000000000,NaN,0,2480,0,0,0.053050651306,NaN,NaN,0.003233577938,NaN,NaN
1,136,2716.000000000000,NaN,0,2716,0,0,0.046740648764,NaN,NaN,0.002945352387,NaN,NaN
1,136,2360.000000000000,NaN,0,2360,0,0,0.054686224375,NaN,NaN,0.003365759692,NaN,NaN
1,136,2265.000000000000,NaN,0,2265,0,0,0.057690519857,NaN,NaN,0.003551049160,NaN,NaN
1,134,2343.000000000000,NaN,0,2343,0,0,0.055931172245,NaN,NaN,0.003406940797,NaN,NaN
1,136,2228.000000000000,NaN,0,2228,0,0,0.056922006735,NaN,NaN,0.003571622544,NaN,NaN
1,112,2058.000000000000,NaN,0,2058,0,0,0.064479035017,NaN,NaN,0.003907351809,NaN,NaN
1,119,2308.000000000000,NaN,0,2308,0,0,0.055897754912,NaN,NaN,0.003465060903,NaN,NaN
1,136,2403.000000000000,NaN,0,2403,0,0,0.054246393767,NaN,NaN,0.003326584482,NaN,NaN
1,128,2206.000000000000,NaN,0,2206,0,0,0.058557570191,NaN,NaN,0.003614918364,NaN,NaN
1,136,2298.000000000000,NaN,0,2298,0,0,0.055820018240,NaN,NaN,0.003485227932,NaN,NaN
1,136,2220.000000000000,NaN,0,2220,0,0,0.059475623434,NaN,NaN,0.003601304878,NaN,NaN
1,131,2439.000000000000,NaN,0,2439,0,0,0.052643650523,NaN,NaN,0.003282695515,NaN,NaN
1,131,2020.000000000000,NaN,0,2020,0,0,0.063791276811,NaN,NaN,0.003954256316,NaN,NaN
1,122,2440.000000000000,NaN,0,2440,0,0,0.054533061720,NaN,NaN,0.003280814892,NaN,NaN
1,130,2399.000000000000,NaN,0,2399,0,0,0.054201101001,NaN,NaN,0.003330947266,NaN,NaN
1,129,2267.000000000000,NaN,0,2267,0,0,0.056303208473,NaN,NaN,0.003526122770,NaN,NaN
1,128,2350.000000000000,NaN,0,2350,0,0,0.055188042655,NaN,NaN,0.003402579591,NaN,NaN
1,131,2122.000000000000,NaN,0,2122,0,0,0.061457316086,NaN,NaN,0.003765931996,NaN,NaN
1,136,2048.000000000000,NaN,0,2048,0,0,0.063284623608,NaN,NaN,0.003891070051,NaN,NaN
1,133,2305.000000000000,NaN,0,2305,0,0,0.056770667479,NaN,NaN,0.003472558583,NaN,NaN
1,130,2286.000000000000,NaN,0,2286,0,0,0.057921662157,NaN,NaN,0.003517565151,NaN,NaN
1,132,2084.000000000000,NaN,0,2084,0,0,0.061775018902,NaN,NaN,0.003814845234,NaN,NaN
1,136,2472.000000000000,NaN,0,2472,0,0,0.052225338727,NaN,NaN,0.003237545483,NaN,NaN
1,135,2324.000000000000,NaN,0,2324,0,0,0.055720774254,NaN,NaN,0.003430544196,NaN,NaN
1,129,2374.000000000000,NaN,0,2374,0,0,0.054915861225,NaN,NaN,0.003391680309,NaN,NaN
1,123,2162.000000000000,NaN,0,2162,0,0,0.059688791064,NaN,NaN,0.003699038424,NaN,NaN
1,108,1865.000000000000,NaN,0,1865,0,0,0.070894588195,NaN,NaN,0.004289937104,NaN,NaN
1,130,2354.000000000000,NaN,0,2354,0,0,0.054978646836,NaN,NaN,0.003396126312,NaN,NaN
1,128,2573.000000000000,NaN,0,2573,0,0,0.050203752579,NaN,NaN,0.003108079973,NaN,NaN
1,114,2697.000000000000,NaN,0,2697,0,0,0.047613863027,NaN,NaN,0.002965108631,NaN,NaN
1,130,2278.000000000000,NaN,0,2278,0,0,0.057203638008,NaN,NaN,0.003508667262,NaN,NaN
1,131,2374.000000000000,NaN,0,2374,0,0,0.053790922461,NaN,NaN,0.003365079181,NaN,NaN
1,113,2812.000000000000,NaN,0,2812,0,0,0.046371869811,NaN,NaN,0.002848049571,NaN,NaN
1,136,2029.000000000000,NaN,0,2029,0,0,0.062054509251,NaN,NaN,0.003940457691,NaN,NaN
1,136,2122.000000000000,NaN,0,2122,0,0,0.062693129701,NaN,NaN,0.003743102780,NaN,NaN
1,136,2443.000000000000,NaN,0,2443,0,0,0.052335493467,NaN,NaN,0.003294763338,NaN,NaN
1,136,2321.000000000000,NaN,0,2321,0,0,0.056880147854,NaN,NaN,0.003449451045,NaN,NaN
1,136,2356.000000000000,NaN,0,2356,0,0,0.054316409533,NaN,NaN,0.003388068684,NaN,NaN
1,132,2604.000000000000,NaN,0,2604,0,0,0.050167005670,NaN,NaN,0.003068129684,NaN,NaN
1,135,2455.000000000000,NaN,0,2455,0,0,0.051148879866,NaN,NaN,0.003236106485,NaN,NaN
1,114,2323.000000000000,NaN,0,2323,0,0,0.056514718632,NaN,NaN,0.003470921905,NaN,NaN
1,135,2543.000000000000,NaN,0,2543,0,0,0.051299188750,NaN,NaN,0.003146979965,NaN,NaN
1,132,2510.000000000000,NaN,0,2510,0,0,0.050976502036,NaN,NaN,0.003179653229,NaN,NaN
1,136,2386.000000000000,NaN,0,2386,0,0,0.053518844225,NaN,NaN,0.003358269047,NaN,NaN
1,134,2483.000000000000,NaN,0,2483,0,0,0.052568642474,NaN,NaN,0.003222603596,NaN,NaN
1,113,2648.000000000000,NaN,0,2648,0,0,0.049012743343,NaN,NaN,0.003018730005,NaN,NaN
1,136,2503.000000000000,NaN,0,2503,0,0,0.050929821281,NaN,NaN,0.003189076393,NaN,NaN
1,136,2495.000000000000,NaN,0,2495,0,0,0.051895495216,NaN,NaN,0.003208941276,NaN,NaN
1,133,1878.000000000000,NaN,0,1878,0,0,0.070180561511,NaN,NaN,0.004260992941,NaN,NaN
1,123,2191.000000000000,NaN,0,2191,0,0,0.058731995033,NaN,NaN,0.003650608443,NaN,NaN
1,132,2241.000000000000,NaN,0,2241,0,0,0.059268197940,NaN,NaN,0.003571672050,NaN,NaN
1,136,2423.000000000000,NaN,0,2423,0,0,0.052412630654,NaN,NaN,0.003278928200,NaN,NaN
1,134,2544.000000000000,NaN,0,2544,0,0,0.050568147812,NaN,NaN,0.003141867942,NaN,NaN
1,136,2101.000000000000,NaN,0,2101,0,0,0.061846595632,NaN,NaN,0.003833582439,NaN,NaN
1,136,2216.000000000000,NaN,0,2216,0,0,0.059424884663,NaN,NaN,0.003588818777,NaN,NaN
1,130,2408.000000000000,NaN,0,2408,0,0,0.053400384252,NaN,NaN,0.003339159578,NaN,NaN
1,136,2318.000000000000,NaN,0,2318,0,0,0.056465033854,NaN,NaN,0.003448165550,NaN,NaN
1,136,2257.000000000000,NaN,0,2257,0,0,0.057638926642,NaN,NaN,0.003539492687,NaN,NaN
1,128,2415.000000000000,NaN,0,2415,0,0,0.053361449496,NaN,NaN,0.003319551383,NaN,NaN
1,136,2157.000000000000,NaN,0,2157,0,0,0.059877834413,NaN,NaN,0.003680633694,NaN,NaN
1,122,1980.000000000000,NaN,0,1980,0,0,0.066895533676,NaN,NaN,0.004061773979,NaN,NaN
1,136,1983.000000000000,NaN,0,1983,0,0,0.064555549503,NaN,NaN,0.004033190977,NaN,NaN
1,131,1756.000000000000,NaN,0,1756,0,0,0.075240459905,NaN,NaN,0.004561699851,NaN,NaN
1,136,1851.000000000000,NaN,0,1851,0,0,0.070124466177,NaN,NaN,0.004288188365,NaN,NaN
1,129,1825.000000000000,NaN,0,1825,0,0,0.072342934073,NaN,NaN,0.004410030378,NaN,NaN
1,131,2246.000000000000,NaN,0,2246,0,0,0.058271244679,NaN,NaN,0.003562510751,NaN,NaN
1,135,2236.000000000000,NaN,0,2236,0,0,0.056187033532,NaN,NaN,0.003576173786,NaN,NaN
1,0,169.000000000000,NaN,0,169,0,0,0.068304479166,NaN,NaN,0.003107251515,NaN,NaN
STAT END
HIST START
1699
   0 0
   1 0
   2 0
   3 0
   4 0
   5 0
   6 0
   7 0
   8 0
   9 0
   10 0
   11 0
   12 0
   13 0
   14 0
   15 0
   16 0
   17 0
   18 0
   19 0
   20 0
   21 0
   22 0
   23 0
   24 0
   25 0
   26 0
   27 0
   28 0
   29 0
   30 0
   31 0
   32 0
   33 0
   34 0
   35 0
   36 0
   37 0
   38 0
   39 0
   40 0
   41 0
   42 0
   43 0
   44 0
   45 0
   46 0
   47 0
   48 0
   49 0
   50 0
   51 0
   52 0
   53 0
   54 0
   55 0
   56 0
   57 0
   58 0
   59 0
   60 0
   61 0
   62 0
   63 0
   64 0
   65 0
   66 0
   67 0
   68 0
   69 0
   70 0
   71 0
   72 0
   73 0
   74 0
   75 0
   76 0
   77 0
   78 0
   79 0
   80 0
   81 0
   82 0
   83 0
   84 0
   85 0
   86 0
   87 0
   88 0
   89 0
   90 0
   91 0
   92 0
   93 0
   94 0
   95 0
   96 0
   97 0
   98 0
   99 1
   100 0
   101 0
   102 1
   103 0
   104 0
   105 0
   106 0
   107 0
   108 1
   109 0
   110 1
   111 0
   112 0
   113 0
   114 0
   115 0
   116 0
   117 0
   118 0
   119 1
   120 0
   121 1
   122 0
   123 0
   124 0
   125 0
   126 1
   127 0
   128 0
   129 0
   130 0
   131 0
   132 0
   133 0
   134 0
   135 0
   136 0
   137 0
   138 0
   139 0
   140 0
   141 0
   142 0
   143 0
   144 0
   145 0
   146 0
   147 0
   148 0
   149 0
   150 0
   151 0
   152 0
   153 0
   154 0
   155 0
   156 0
   157 0
   158 0
   159 0
   160 0
   161 0
   162 0
   163 0
   164 0
   165 0
   166 0
   167 0
   168 0
   169 0
   170 0
   171 0
   172 0
   173 1
   174 0
   175 0
   176 0
   177 0
   178 0
   179 0
   180 0
   181 0
   182 1
   183 0
   184 0
   185 0
   186 0
   187 0
   188 0
   189 0
   190 0
   191 0
   192 0
   193 0
   194 1
   195 0
   196 0
   197 0
   198 0
   199 0
   200 0
   201 0
   202 2
   203 0
   204 0
   205 0
   206 0
   207 0
   208 0
   209 1
   210 2
   211 0
   212 0
   213 0
   214 0
   215 0
   216 0
   217 0
   218 0
   219 0
   220 0
   221 0
   222 0
   223 0
   224 0
   225 0
   226 0
   227 0
   228 0
   229 0
   230 0
   231 0
   232 0
   233 0
   234 0
   235 0
   236 0
   237 2
   238 1
   239 1
   240 1
   241 3
   242 0
   243 0
   244 0
   245 2
   246 1
   247 1
   248 3
   249 3
   250 0
   251 0
   252 4
   253 0
   254 0
   255 5
   256 2
   257 8
   258 2
   259 2
   260 0
   261 3
   262 1
   263 6
   264 8
   265 6
   266 5
   267 8
   268 11
   269 6
   270 4
   271 5
   272 6
   273 8
   274 17
   275 12
   276 9
   277 8
   278 8
   279 17
   280 17
   281 5
   282 5
   283 13
   284 19
   285 21
   286 14
   287 15
   288 12
   289 16
   290 13
   291 15
   292 34
   293 21
   294 23
   295 23
   296 14
   297 43
   298 21
   299 27
   300 26
   301 25
   302 25
   303 27
   304 34
   305 26
   306 24
   307 43
   308 47
   309 39
   310 31
   311 30
   312 35
   313 44
   314 41
   315 53
   316 50
   317 45
   318 40
   319 34
   320 51
   321 54
   322 45
   323 75
   324 54
   325 29
   326 40
   327 51
   328 44
   329 49
   330 41
   331 67
   332 61
   333 53
   334 41
   335 49
   336 54
   337 79
   338 60
   339 66
   340 55
   341 57
   342 90
   343 59
   344 61
   345 71
   346 80
   347 84
   348 85
   349 75
   350 78
   351 86
   352 101
   353 73
   354 85
   355 62
   356 84
   357 103
   358 113
   359 102
   360 107
   361 100
   362 139
   363 109
   364 127
   365 108
   366 136
   367 121
   368 146
   369 116
   370 110
   371 136
   372 151
   373 121
   374 132
   375 129
   376 141
   377 147
   378 174
   379 154
   380 164
   381 180
   382 114
   383 160
   384 134
   385 190
   386 174
   387 154
   388 157
   389 152
   390 157
   391 163
   392 185
   393 214
   394 138
   395 179
   396 195
   397 226
   398 226
   399 218
   400 234
   401 209
   402 216
   403 237
   404 180
   405 167
   406 185
   407 195
   408 217
   409 220
   410 226
   411 220
   412 244
   413 275
   414 215
   415 221
   416 214
   417 234
   418 291
   419 275
   420 210
   421 226
   422 206
   423 222
   424 215
   425 212
   426 163
   427 222
   428 197
   429 178
   430 211
   431 267
   432 172
   433 236
   434 206
   435 204
   436 195
   437 223
   438 247
   439 239
   440 200
   441 236
   442 234
   443 222
   444 243
   445 255
   446 278
   447 271
   448 203
   449 267
   450 263
   451 284
   452 274
   453 312
   454 308
   455 274
   456 299
   457 251
   458 306
   459 340
   460 359
   461 360
   462 329
   463 281
   464 311
   465 349
   466 373
   467 318
   468 372
   469 312
   470 360
   471 337
   472 370
   473 374
   474 404
   475 427
   476 408
   477 436
   478 369
   479 428
   480 389
   481 432
   482 415
   483 409
   484 395
   485 363
   486 461
   487 380
   488 373
   489 434
   490 421
   491 440
   492 470
   493 503
   494 510
   495 506
   496 537
   497 590
   498 589
   499 575
   500 584
   501 508
   502 414
   503 424
   504 434
   505 392
   506 377
   507 367
   508 455
   509 424
   510 444
   511 436
   512 436
   513 497
   514 476
   515 477
   516 514
   517 591
   518 455
   519 427
   520 437
   521 422
   522 424
   523 394
   524 400
   525 413
   526 308
   527 364
   528 352
   529 350
   530 328
   531 349
   532 325
   533 348
   534 377
   535 352
   536 379
   537 356
   538 375
   539 378
   540 419
   541 392
   542 387
   543 397
   544 382
   545 406
   546 422
   547 440
   548 412
   549 407
   550 396
   551 375
   552 407
   553 435
   554 408
   555 383
   556 406
   557 414
   558 380
   559 447
   560 387
   561 476
   562 434
   563 390
   564 450
   565 475
   566 407
   567 389
   568 448
   569 448
   570 462
   571 473
   572 481
   573 539
   574 474
   575 456
   576 445
   577 458
   578 484
   579 501
   580 435
   581 462
   582 501
   583 463
   584 480
   585 547
   586 527
   587 561
   588 531
   589 601
   590 574
   591 577
   592 649
   593 611
   594 626
   595 685
   596 699
   597 729
   598 731
   599 663
   600 548
   601 520
   602 511
   603 402
   604 453
   605 475
   606 453
   607 450
   608 462
   609 481
   610 475
   611 483
   612 563
   613 547
   614 608
   615 534
   616 486
   617 473
   618 453
   619 434
   620 435
   621 447
   622 430
   623 395
   624 314
   625 312
   626 307
   627 351
   628 355
   629 311
   630 322
   631 336
   632 379
   633 348
   634 357
   635 392
   636 344
   637 312
   638 337
   639 302
   640 360
   641 366
   642 331
   643 353
   644 354
   645 334
   646 277
   647 323
   648 331
   649 319
   650 313
   651 312
   652 317
   653 299
   654 277
   655 302
   656 351
   657 339
   658 314
   659 313
   660 308
   661 345
   662 309
   663 379
   664 352
   665 381
   666 346
   667 313
   668 330
   669 349
   670 394
   671 448
   672 413
   673 362
   674 333
   675 342
   676 322
   677 355
   678 341
   679 379
   680 327
   681 393
   682 378
   683 387
   684 366
   685 401
   686 377
   687 384
   688 424
   689 412
   690 420
   691 439
   692 441
   693 467
   694 490
   695 527
   696 538
   697 507
   698 478
   699 451
   700 413
   701 366
   702 321
   703 362
   704 359
   705 355
   706 307
   707 329
   708 329
   709 338
   710 343
   711 356
   712 338
   713 390
   714 331
   715 310
   716 273
   717 368
   718 255
   719 267
   720 267
   721 251
   722 236
   723 198
   724 187
   725 205
   726 212
   727 150
   728 174
   729 174
   730 203
   731 166
   732 200
   733 214
   734 217
   735 226
   736 234
   737 177
   738 200
   739 193
   740 188
   741 181
   742 158
   743 186
   744 167
   745 165
   746 164
   747 161
   748 150
   749 160
   750 172
   751 165
   752 182
   753 182
   754 178
   755 179
   756 178
   757 178
   758 169
   759 177
   760 213
   761 180
   762 183
   763 188
   764 153
   765 163
   766 197
   767 204
   768 177
   769 214
   770 198
   771 190
   772 198
   773 161
   774 178
   775 206
   776 221
   777 178
   778 233
   779 198
   780 196
   781 196
   782 197
   783 224
   784 211
   785 215
   786 214
   787 226
   788 239
   789 206
   790 237
   791 242
   792 263
   793 273
   794 243
   795 299
   796 267
   797 268
   798 205
   799 206
   800 184
   801 170
   802 172
   803 175
   804 156
   805 155
   806 156
   807 150
   808 123
   809 152
   810 137
   811 140
   812 132
   813 145
   814 118
   815 124
   816 140
   817 86
   818 100
   819 98
   820 92
   821 102
   822 72
   823 65
   824 74
   825 74
   826 49
   827 62
   828 69
   829 69
   830 78
   831 64
   832 68
   833 53
   834 78
   835 66
   836 68
   837 71
   838 73
   839 60
   840 69
   841 37
   842 64
   843 59
   844 68
   845 73
   846 64
   847 84
   848 63
   849 73
   850 72
   851 72
   852 74
   853 69
   854 61
   855 74
   856 58
   857 63
   858 66
   859 70
   860 94
   861 96
   862 78
   863 65
   864 66
   865 74
   866 102
   867 70
   868 62
   869 104
   870 98
   871 105
   872 82
   873 98
   874 112
   875 116
   876 108
   877 102
   878 91
   879 101
   880 74
   881 81
   882 84
   883 99
   884 96
   885 79
   886 86
   887 85
   888 62
   889 83
   890 95
   891 74
   892 100
   893 103
   894 97
   895 98
   896 107
   897 124
   898 77
   899 66
   900 68
   901 60
   902 37
   903 59
   904 64
   905 47
   906 42
   907 53
   908 58
   909 48
   910 44
   911 49
   912 42
   913 49
   914 42
   915 33
   916 43
   917 38
   918 38
   919 29
   920 38
   921 19
   922 27
   923 27
   924 23
   925 17
   926 25
   927 29
   928 22
   929 24
   930 12
   931 22
   932 27
   933 24
   934 23
   935 21
   936 19
   937 17
   938 17
   939 24
   940 26
   941 19
   942 34
   943 27
   944 23
   945 25
   946 15
   947 19
   948 24
   949 26
   950 40
   951 25
   952 19
   953 17
   954 10
   955 13
   956 15
   957 11
   958 12
   959 15
   960 22
   961 20
   962 31
   963 24
   964 28
   965 22
   966 30
   967 23
   968 19
   969 25
   970 19
   971 13
   972 21
   973 19
   974 25
   975 32
   976 27
   977 16
   978 17
   979 27
   980 29
   981 31
   982 17
   983 23
   984 23
   985 22
   986 23
   987 17
   988 24
   989 31
   990 31
   991 21
   992 23
   993 33
   994 38
   995 27
   996 30
   997 24
   998 27
   999 17
   1000 9
   1001 9
   1002 18
   1003 13
   1004 10
   1005 17
   1006 18
   1007 15
   1008 7
   1009 11
   1010 10
   1011 11
   1012 9
   1013 5
   1014 7
   1015 3
   1016 5
   1017 6
   1018 9
   1019 9
   1020 10
   1021 5
   1022 6
   1023 5
   1024 6
   1025 6
   1026 3
   1027 3
   1028 4
   1029 2
   1030 2
   1031 3
   1032 4
   1033 5
   1034 1
   1035 3
   1036 3
   1037 3
   1038 3
   1039 7
   1040 3
   1041 2
   1042 1
   1043 0
   1044 1
   1045 2
   1046 3
   1047 1
   1048 3
   1049 1
   1050 3
   1051 0
   1052 1
   1053 1
   1054 2
   1055 7
   1056 6
   1057 10
   1058 4
   1059 4
   1060 2
   1061 6
   1062 5
   1063 4
   1064 4
   1065 8
   1066 8
   1067 1
   1068 9
   1069 15
   1070 17
   1071 7
   1072 9
   1073 7
   1074 6
   1075 4
   1076 9
   1077 3
   1078 7
   1079 8
   1080 8
   1081 3
   1082 8
   1083 11
   1084 9
   1085 11
   1086 5
   1087 9
   1088 7
   1089 7
   1090 1
   1091 1
   1092 2
   1093 1
   1094 5
   1095 7
   1096 3
   1097 2
   1098 0
   1099 3
   1100 3
   1101 3
   1102 3
   1103 2
   1104 2
   1105 4
   1106 3
   1107 0
   1108 3
   1109 3
   1110 0
   1111 0
   1112 3
   1113 2
   1114 2
   1115 3
   1116 0
   1117 0
   1118 1
   1119 0
   1120 1
   1121 4
   1122 1
   1123 0
   1124 1
   1125 2
   1126 2
   1127 0
   1128 0
   1129 0
   1130 2
   1131 2
   1132 0
   1133 1
   1134 1
   1135 0
   1136 1
   1137 0
   1138 1
   1139 0
   1140 2
   1141 3
   1142 1
   1143 1
   1144 1
   1145 1
   1146 0
   1147 0
   1148 0
   1149 0
   1150 0
   1151 3
   1152 1
   1153 0
   1154 0
   1155 1
   1156 0
   1157 0
   1158 0
   1159 2
   1160 2
   1161 2
   1162 0
   1163 0
   1164 0
   1165 0
   1166 2
   1167 2
   1168 5
   1169 3
   1170 0
   1171 0
   1172 0
   1173 0
   1174 1
   1175 1
   1176 1
   1177 3
   1178 1
   1179 0
   1180 0
   1181 4
   1182 1
   1183 1
   1184 0
   1185 0
   1186 0
   1187 0
   1188 0
   1189 0
   1190 6
   1191 0
   1192 0
   1193 1
   1194 2
   1195 2
   1196 0
   1197 0
   1198 0
   1199 1
   1200 3
   1201 2
   1202 2
   1203 0
   1204 0
   1205 0
   1206 0
   1207 0
   1208 0
   1209 0
   1210 0
   1211 0
   1212 3
   1213 0
   1214 0
   1215 0
   1216 0
   1217 0
   1218 0
   1219 0
   1220 3
   1221 2
   1222 0
   1223 0
   1224 0
   1225 1
   1226 0
   1227 0
   1228 0
   1229 0
   1230 0
   1231 0
   1232 0
   1233 1
   1234 1
   1235 0
   1236 0
   1237 0
   1238 0
   1239 0
   1240 0
   1241 0
   1242 0
   1243 0
   1244 0
   1245 0
   1246 0
   1247 0
   1248 0
   1249 1
   1250 0
   1251 0
   1252 0
   1253 0
   1254 1
   1255 0
   1256 0
   1257 0
   1258 0
   1259 0
   1260 1
   1261 2
   1262 0
   1263 0
   1264 0
   1265 0
   1266 0
   1267 0
   1268 0
   1269 0
   1270 0
   1271 0
   1272 1
   1273 3
   1274 0
   1275 1
   1276 1
   1277 0
   1278 0
   1279 0
   1280 1
   1281 1
   1282 0
   1283 0
   1284 1
   1285 0
   1286 0
   1287 0
   1288 1
   1289 1
   1290 2
   1291 0
   1292 0
   1293 0
   1294 0
   1295 0
   1296 0
   1297 0
   1298 0
   1299 0
   1300 0
   1301 0
   1302 0
   1303 0
   1304 0
   1305 0
   1306 1
   1307 0
   1308 0
   1309 2
   1310 0
   1311 2
   1312 0
   1313 0
   1314 0
   1315 0
   1316 0
   1317 0
   1318 2
   1319 2
   1320 0
   1321 0
   1322 0
   1323 0
   1324 0
   1325 0
   1326 0
   1327 1
   1328 0
   1329 0
   1330 0
   1331 0
   1332 1
   1333 2
   1334 0
   1335 0
   1336 0
   1337 0
   1338 0
   1339 0
   1340 0
   1341 0
   1342 0
   1343 0
   1344 0
   1345 0
   1346 0
   1347 0
   1348 0
   1349 0
   1350 0
   1351 0
   1352 0
   1353 0
   1354 0
   1355 0
   1356 0
   1357 0
   1358 0
   1359 0
   1360 0
   1361 0
   1362 0
   1363 0
   1364 0
   1365 0
   1366 0
   1367 0
   1368 0
   1369 0
   1370 0
   1371 0
   1372 0
   1373 0
   1374 0
   1375 0
   1376 0
   1377 0
   1378 0
   1379 0
   1380 0
   1381 1
   1382 1
   1383 1
   1384 0
   1385 1
   1386 1
   1387 1
   1388 3
   1389 2
   1390 1
   1391 0
   1392 1
   1393 3
   1394 1
   1395 3
   1396 0
   1397 0
   1398 0
   1399 0
   1400 0
   1401 0
   1402 0
   1403 0
   1404 0
   1405 0
   1406 0
   1407 0
   1408 0
   1409 0
   1410 0
   1411 0
   1412 0
   1413 0
   1414 0
   1415 0
   1416 0
   1417 0
   1418 0
   1419 0
   1420 0
   1421 0
   1422 0
   1423 0
   1424 0
   1425 0
   1426 0
   1427 0
   1428 0
   1429 0
   1430 0
   1431 0
   1432 0
   1433 0
   1434 0
   1435 0
   1436 0
   1437 0
   1438 0
   1439 0
   1440 0
   1441 0
   1442 0
   1443 0
   1444 0
   1445 2
   1446 0
   1447 0
   1448 0
   1449 0
   1450 0
   1451 0
   1452 2
   1453 1
   1454 2
   1455 1
   1456 0
   1457 1
   1458 1
   1459 1
   1460 0
   1461 2
   1462 1
   1463 0
   1464 1
   1465 1
   1466 0
   1467 0
   1468 0
   1469 0
   1470 0
   1471 0
   1472 0
   1473 0
   1474 0
   1475 0
   1476 0
   1477 0
   1478 0
   1479 0
   1480 0
   1481 0
   1482 0
   1483 0
   1484 0
   1485 0
   1486 0
   1487 0
   1488 0
   1489 0
   1490 0
   1491 0
   1492 0
   1493 0
   1494 0
   1495 0
   1496 0
   1497 0
   1498 0
   1499 0
   1500 0
   1501 0
   1502 0
   1503 0
   1504 0
   1505 0
   1506 0
   1507 1
   1508 0
   1509 0
   1510 1
   1511 2
   1512 0
   1513 0
   1514 0
   1515 0
   1516 2
   1517 3
   1518 2
   1519 0
   1520 2
   1521 1
   1522 0
   1523 0
   1524 1
   1525 2
   1526 2
   1527 1
   1528 0
   1529 0
   1530 0
   1531 0
   1532 0
   1533 0
   1534 2
   1535 0
   1536 0
   1537 0
   1538 0
   1539 0
   1540 0
   1541 0
   1542 0
   1543 0
   1544 0
   1545 0
   1546 0
   1547 0
   1548 0
   1549 0
   1550 0
   1551 2
   1552 0
   1553 0
   1554 0
   1555 0
   1556 0
   1557 0
   1558 0
   1559 0
   1560 0
   1561 0
   1562 1
   1563 0
   1564 0
   1565 0
   1566 0
   1567 0
   1568 0
   1569 0
   1570 0
   1571 0
   1572 0
   1573 0
   1574 0
   1575 0
   1576 0
   1577 0
   1578 0
   1579 0
   1580 2
   1581 1
   1582 1
   1583 0
   1584 0
   1585 2
   1586 1
   1587 2
   1588 4
   1589 4
   1590 1
   1591 2
   1592 0
   1593 0
   1594 5
   1595 0
   1596 0
   1597 0
   1598 0
   1599 0
   1600 0
   1601 2
   1602 0
   1603 0
   1604 0
   1605 0
   1606 0
   1607 0
   1608 0
   1609 0
   1610 0
   1611 2
   1612 0
   1613 0
   1614 0
   1615 0
   1616 0
   1617 0
   1618 0
   1619 3
   1620 3
   1621 0
   1622 3
   1623 0
   1624 0
   1625 2
   1626 0
   1627 1
   1628 1
   1629 4
   1630 1
   1631 2
   1632 0
   1633 2
   1634 0
   1635 0
   1636 0
   1637 3
   1638 0
   1639 0
   1640 2
   1641 0
   1642 1
   1643 2
   1644 2
   1645 0
   1646 0
   1647 4
   1648 0
   1649 0
   1650 0
   1651 0
   1652 0
   1653 0
   1654 0
   1655 0
   1656 0
   1657 2
   1658 1
   1659 0
   1660 0
   1661 0
   1662 0
   1663 0
   1664 0
   1665 0
   1666 0
   1667 0
   1668 1
   1669 0
   1670 0
   1671 0
   1672 0
   1673 0
   1674 0
   1675 0
   1676 0
   1677 0
   1678 0
   1679 0
   1680 0
   1681 0
   1682 0
   1683 0
   1684 0
   1685 0
   1686 0
   1687 1
   1688 2
   1689 0
   1690 2
   1691 1
   1692 1
   1693 1
   1694 1
   1695 0
   1696 0
   1697 0
   1698 1
HIST END
