STAT START
secs,qlen,thru,msrt,items,nset,nget,nmget,sqt,gqt,mqt,swt,gwt,mwt
1,0,294.000000000000,0.006088280061,3942,148,0,146,0.000208581128,NaN,0.000218327068,0.006178465669,NaN,0.013957533377
1,0,324.000000000000,0.002530480791,4347,163,0,161,0.000122252258,NaN,0.000165850385,0.010998118018,NaN,0.020351747963
1,0,347.000000000000,0.007449978714,4698,173,0,174,0.000106886335,NaN,0.000079353586,0.010696707827,NaN,0.020202998460
1,0,340.000000000000,0.005040543502,4563,171,0,169,0.000092321725,NaN,0.000100917621,0.013049591573,NaN,0.018310684462
1,0,339.000000000000,0.005228758170,4590,169,0,170,0.000185465284,NaN,0.000173427347,0.011796248994,NaN,0.018430861594
1,0,343.000000000000,0.004331817197,4617,172,0,171,0.000117741959,NaN,0.000108400216,0.011212161442,NaN,0.019808181643
1,0,349.000000000000,0.004044274159,4698,175,0,174,0.000128213280,NaN,0.000122642943,0.010522474697,NaN,0.019643033253
1,0,343.000000000000,0.009474590870,4644,171,0,172,0.000103358468,NaN,0.000098366128,0.011632602047,NaN,0.019076663331
1,0,341.000000000000,0.007580680095,4617,170,0,171,0.000113573947,NaN,0.000089807035,0.010751152700,NaN,0.019861281567
1,0,326.000000000000,0.004516711834,4428,162,0,164,0.000097193963,NaN,0.000081052433,0.010463326500,NaN,0.021900569835
1,0,327.000000000000,0.005645889792,4428,163,0,164,0.000080723282,NaN,0.000123444030,0.012061184994,NaN,0.019890058518
1,0,327.000000000000,0.005944215821,4374,165,0,162,0.000155092533,NaN,0.000103190426,0.011524824145,NaN,0.020343470130
1,0,331.000000000000,0.006693440428,4482,165,0,166,0.000163555358,NaN,0.000131958994,0.011717153261,NaN,0.019840450548
1,0,356.000000000000,0.008322929671,4806,178,0,178,0.000118907067,NaN,0.000115225455,0.011536294910,NaN,0.017842166770
1,0,335.000000000000,0.004908522981,4482,169,0,166,0.000117253846,NaN,0.000123615253,0.012152358947,NaN,0.019784941693
1,0,329.000000000000,0.005354752343,4482,163,0,166,0.000112844405,NaN,0.000108797084,0.012632453080,NaN,0.019310345096
1,0,326.000000000000,0.002743484225,4374,164,0,162,0.000206084951,NaN,0.000129663877,0.012067092622,NaN,0.020125947519
1,0,347.000000000000,0.004044274159,4698,173,0,174,0.000112669821,NaN,0.000097961356,0.010950666023,NaN,0.019395082741
1,0,356.000000000000,0.007114459092,4779,179,0,177,0.000131757358,NaN,0.000143950565,0.011547025615,NaN,0.018440991616
1,0,356.000000000000,0.009104076143,4833,177,0,179,0.000134736040,NaN,0.000093405341,0.011098931644,NaN,0.017854966369
1,0,334.000000000000,0.010141093474,4536,166,0,168,0.000099330386,NaN,0.000101459357,0.012825613855,NaN,0.018587636929
1,0,327.000000000000,0.009770506703,4401,164,0,163,0.000131719360,NaN,0.000084136926,0.013021966159,NaN,0.019461790025
1,0,330.000000000000,0.004065040650,4428,166,0,164,0.000152806873,NaN,0.000156507116,0.010987353193,NaN,0.020725587970
1,0,328.000000000000,0.008080808081,4455,163,0,165,0.000119078982,NaN,0.000102056703,0.012620553460,NaN,0.020297981309
1,0,318.000000000000,0.007032348805,4266,160,0,158,0.000113808850,NaN,0.000089246386,0.012371917331,NaN,0.020889587728
1,0,324.000000000000,0.006134969325,4401,161,0,163,0.000124832317,NaN,0.000113389798,0.012468694323,NaN,0.020187656067
1,0,357.000000000000,0.009571369122,4806,179,0,178,0.000087597285,NaN,0.000083978989,0.010931884140,NaN,0.018602410045
1,0,338.000000000000,0.009204470743,4563,169,0,169,0.000084721568,NaN,0.000086383172,0.011606476562,NaN,0.020231390373
1,0,329.000000000000,0.006323396567,4428,165,0,164,0.000086237842,NaN,0.000114480171,0.012002828133,NaN,0.019444907543
1,0,338.000000000000,0.006574621959,4563,169,0,169,0.000111016799,NaN,0.000103853811,0.012092635207,NaN,0.019684628225
1,0,350.000000000000,0.005892255892,4752,174,0,176,0.000174465839,NaN,0.000124357869,0.011551754006,NaN,0.017683383307
1,0,336.000000000000,0.005731922399,4536,168,0,168,0.000112280101,NaN,0.000099456274,0.011400477875,NaN,0.019896454964
1,0,338.000000000000,0.002645502646,4536,170,0,168,0.000153902841,NaN,0.000109786452,0.010706673353,NaN,0.020734648875
1,0,343.000000000000,0.002799310939,4644,171,0,172,0.000132492491,NaN,0.000142444186,0.011456724971,NaN,0.018597159029
1,0,343.000000000000,0.004764998917,4617,172,0,171,0.000105623355,NaN,0.000097278643,0.011356603953,NaN,0.019102640503
1,0,334.000000000000,0.004657351963,4509,167,0,167,0.000151630168,NaN,0.000129603988,0.011047408844,NaN,0.020601330892
1,0,347.000000000000,0.006172839506,4698,173,0,174,0.000156130121,NaN,0.000114648845,0.011479939671,NaN,0.019045164971
1,0,346.000000000000,0.007278955256,4671,173,0,173,0.000092732405,NaN,0.000115001087,0.010073503590,NaN,0.020645210902
1,0,334.000000000000,0.006834215168,4536,166,0,168,0.000125285139,NaN,0.000141785470,0.011555670090,NaN,0.019206390250
1,0,337.000000000000,0.007275132275,4536,169,0,168,0.000086340521,NaN,0.000096159083,0.011234054592,NaN,0.019284270702
1,0,337.000000000000,0.005952380952,4536,169,0,168,0.000084712675,NaN,0.000132146417,0.011700238456,NaN,0.019986797577
1,0,339.000000000000,0.006136313829,4563,170,0,169,0.000143999976,NaN,0.000087589053,0.011284945512,NaN,0.019831052982
1,0,346.000000000000,0.006422607579,4671,173,0,173,0.000090036347,NaN,0.000133899613,0.012225525983,NaN,0.018308892821
1,0,338.000000000000,0.011328976035,4590,168,0,170,0.000104622554,NaN,0.000130851782,0.011878659494,NaN,0.018310111388
1,0,350.000000000000,0.009578544061,4698,176,0,174,0.000131599585,NaN,0.000118420764,0.011564913295,NaN,0.019043897443
1,0,326.000000000000,0.009033423668,4428,162,0,164,0.000169894093,NaN,0.000160541341,0.011824919994,NaN,0.020778492573
1,0,333.000000000000,0.005836139169,4455,168,0,165,0.000128662839,NaN,0.000125488048,0.010878689173,NaN,0.019788846958
1,0,317.000000000000,0.004192872117,4293,158,0,159,0.000090372987,NaN,0.000140090547,0.011851873709,NaN,0.021067086497
1,0,349.000000000000,0.002314814815,4752,173,0,176,0.000129067052,NaN,0.000112686284,0.011798731977,NaN,0.019052601375
1,0,355.000000000000,0.001893939394,4752,179,0,176,0.000105018659,NaN,0.000097435062,0.011801086905,NaN,0.017838363335
1,0,335.000000000000,0.003326679973,4509,168,0,167,0.000179747863,NaN,0.000138415144,0.011117323333,NaN,0.019437943353
1,0,353.000000000000,0.005201831045,4806,175,0,178,0.000107615686,NaN,0.000145282253,0.011585014177,NaN,0.018486275017
1,0,340.000000000000,0.005917159763,4563,171,0,169,0.000097100789,NaN,0.000108474006,0.011764619643,NaN,0.018259504012
1,0,351.000000000000,0.005892255892,4752,175,0,176,0.000176664423,NaN,0.000114387517,0.011206319754,NaN,0.018112322375
1,0,347.000000000000,0.006172839506,4698,173,0,174,0.000100945520,NaN,0.000140645954,0.012194804254,NaN,0.018366708828
1,0,339.000000000000,0.006136313829,4563,170,0,169,0.000096553100,NaN,0.000083918509,0.012316571035,NaN,0.018813916864
1,0,349.000000000000,0.008088548318,4698,175,0,174,0.000114969091,NaN,0.000106826540,0.011141902549,NaN,0.018461477833
1,0,344.000000000000,0.007921216014,4671,171,0,173,0.000096210766,NaN,0.000122877705,0.011142327637,NaN,0.019124993994
1,0,336.000000000000,0.007984031936,4509,169,0,167,0.000107897071,NaN,0.000105898689,0.013101636686,NaN,0.018117694102
1,0,334.000000000000,0.007054673721,4536,166,0,168,0.000164322904,NaN,0.000195487274,0.012117961217,NaN,0.019552416417
1,0,355.000000000000,0.006695961498,4779,178,0,177,0.000096022803,NaN,0.000115851446,0.010993304455,NaN,0.018263958130
1,0,337.000000000000,0.005070546737,4536,169,0,168,0.000105409396,NaN,0.000142528351,0.011512171923,NaN,0.019690508649
1,0,340.000000000000,0.005664488017,4590,170,0,170,0.000238725882,NaN,0.000088348059,0.011159371006,NaN,0.019003726835
1,0,325.000000000000,0.005871725384,4428,161,0,164,0.000103428149,NaN,0.000107741939,0.011824971012,NaN,0.020619609756
1,0,331.000000000000,0.005836139169,4455,166,0,165,0.000117150952,NaN,0.000084657109,0.012405693837,NaN,0.019775021612
1,0,335.000000000000,0.005577867024,4482,169,0,166,0.000109329148,NaN,0.000120436620,0.011957080000,NaN,0.019853913566
1,0,330.000000000000,0.007096917277,4509,163,0,167,0.000117158540,NaN,0.000172184263,0.011095858982,NaN,0.020005547892
1,0,363.000000000000,0.007201646091,4860,183,0,180,0.000105123770,NaN,0.000098163283,0.011370652497,NaN,0.017166719589
1,0,338.000000000000,0.007451238220,4563,169,0,169,0.000172972704,NaN,0.000168579704,0.012063282314,NaN,0.018616907438
1,0,337.000000000000,0.004793028322,4590,167,0,170,0.000118670431,NaN,0.000116218129,0.010963768808,NaN,0.020198821171
1,0,282.000000000000,0.006566850538,3807,141,0,141,0.000068832128,NaN,0.000097346199,0.003322172248,NaN,0.005279649383
1,0,11.000000000000,0.007407407407,135,6,0,5,0.000058586000,NaN,0.000049882000,0.003498120833,NaN,0.003616899800
STAT END
Server 0 handled 23939 requests.
Server 1 handled 23957 requests.
Server 2 handled 23968 requests.
SET HIST START
406
   0 0
   1 0
   2 0
   3 0
   4 0
   5 0
   6 0
   7 0
   8 0
   9 0
   10 0
   11 0
   12 1
   13 6
   14 17
   15 30
   16 52
   17 66
   18 90
   19 100
   20 103
   21 131
   22 130
   23 131
   24 121
   25 131
   26 114
   27 116
   28 115
   29 117
   30 78
   31 86
   32 79
   33 71
   34 66
   35 61
   36 58
   37 40
   38 39
   39 45
   40 41
   41 34
   42 26
   43 36
   44 24
   45 36
   46 28
   47 31
   48 19
   49 8
   50 19
   51 20
   52 12
   53 28
   54 25
   55 29
   56 24
   57 25
   58 25
   59 25
   60 27
   61 25
   62 50
   63 30
   64 45
   65 41
   66 39
   67 36
   68 31
   69 47
   70 35
   71 44
   72 42
   73 35
   74 41
   75 34
   76 31
   77 49
   78 40
   79 44
   80 43
   81 40
   82 37
   83 51
   84 37
   85 54
   86 55
   87 43
   88 56
   89 73
   90 79
   91 96
   92 91
   93 84
   94 87
   95 96
   96 83
   97 112
   98 113
   99 94
   100 92
   101 99
   102 96
   103 85
   104 92
   105 83
   106 91
   107 78
   108 92
   109 105
   110 81
   111 80
   112 78
   113 86
   114 87
   115 78
   116 83
   117 77
   118 86
   119 79
   120 87
   121 73
   122 80
   123 84
   124 83
   125 87
   126 85
   127 90
   128 82
   129 94
   130 87
   131 79
   132 93
   133 85
   134 87
   135 102
   136 78
   137 90
   138 92
   139 86
   140 70
   141 76
   142 89
   143 72
   144 80
   145 69
   146 73
   147 55
   148 65
   149 69
   150 73
   151 52
   152 44
   153 48
   154 59
   155 37
   156 51
   157 32
   158 37
   159 42
   160 47
   161 46
   162 44
   163 32
   164 34
   165 38
   166 36
   167 53
   168 48
   169 40
   170 38
   171 47
   172 40
   173 48
   174 43
   175 59
   176 39
   177 39
   178 49
   179 40
   180 39
   181 53
   182 54
   183 48
   184 43
   185 54
   186 51
   187 32
   188 19
   189 21
   190 18
   191 17
   192 9
   193 18
   194 21
   195 12
   196 14
   197 20
   198 12
   199 8
   200 9
   201 9
   202 8
   203 5
   204 3
   205 6
   206 7
   207 5
   208 7
   209 3
   210 3
   211 7
   212 9
   213 5
   214 4
   215 6
   216 6
   217 3
   218 7
   219 2
   220 5
   221 4
   222 2
   223 4
   224 1
   225 5
   226 3
   227 3
   228 4
   229 4
   230 8
   231 8
   232 6
   233 2
   234 4
   235 2
   236 5
   237 4
   238 4
   239 3
   240 2
   241 8
   242 17
   243 9
   244 11
   245 8
   246 10
   247 6
   248 5
   249 7
   250 4
   251 7
   252 11
   253 6
   254 7
   255 9
   256 10
   257 3
   258 8
   259 8
   260 3
   261 7
   262 8
   263 7
   264 9
   265 11
   266 11
   267 8
   268 16
   269 10
   270 13
   271 17
   272 11
   273 7
   274 11
   275 19
   276 13
   277 13
   278 19
   279 19
   280 14
   281 16
   282 11
   283 25
   284 14
   285 18
   286 21
   287 15
   288 26
   289 19
   290 13
   291 19
   292 21
   293 14
   294 15
   295 14
   296 14
   297 6
   298 14
   299 6
   300 6
   301 3
   302 5
   303 7
   304 3
   305 4
   306 3
   307 6
   308 2
   309 1
   310 3
   311 3
   312 3
   313 6
   314 1
   315 1
   316 2
   317 1
   318 4
   319 2
   320 2
   321 1
   322 4
   323 1
   324 2
   325 3
   326 3
   327 3
   328 3
   329 2
   330 0
   331 1
   332 3
   333 3
   334 1
   335 2
   336 3
   337 1
   338 2
   339 1
   340 1
   341 1
   342 1
   343 2
   344 2
   345 2
   346 2
   347 1
   348 1
   349 0
   350 0
   351 0
   352 0
   353 0
   354 0
   355 0
   356 0
   357 0
   358 0
   359 0
   360 0
   361 0
   362 0
   363 0
   364 0
   365 0
   366 0
   367 0
   368 0
   369 0
   370 0
   371 0
   372 0
   373 0
   374 0
   375 0
   376 0
   377 0
   378 0
   379 0
   380 0
   381 0
   382 0
   383 0
   384 0
   385 0
   386 0
   387 0
   388 0
   389 0
   390 0
   391 0
   392 0
   393 0
   394 0
   395 0
   396 0
   397 0
   398 0
   399 0
   400 0
   401 0
   402 0
   403 0
   404 0
   405 1
SET HIST END
GET HIST START
0
GET HIST END
MGET HIST START
716
   0 0
   1 0
   2 0
   3 0
   4 0
   5 0
   6 0
   7 0
   8 0
   9 0
   10 0
   11 0
   12 0
   13 0
   14 0
   15 0
   16 0
   17 1
   18 0
   19 0
   20 5
   21 2
   22 3
   23 5
   24 8
   25 5
   26 12
   27 14
   28 22
   29 17
   30 18
   31 21
   32 22
   33 12
   34 14
   35 21
   36 25
   37 23
   38 30
   39 12
   40 18
   41 18
   42 19
   43 30
   44 18
   45 23
   46 19
   47 13
   48 8
   49 22
   50 17
   51 8
   52 13
   53 13
   54 12
   55 14
   56 16
   57 13
   58 11
   59 10
   60 13
   61 12
   62 16
   63 15
   64 14
   65 16
   66 18
   67 18
   68 22
   69 19
   70 20
   71 17
   72 16
   73 17
   74 17
   75 11
   76 13
   77 19
   78 16
   79 21
   80 24
   81 20
   82 20
   83 18
   84 13
   85 22
   86 12
   87 22
   88 22
   89 20
   90 30
   91 30
   92 36
   93 46
   94 35
   95 43
   96 49
   97 47
   98 53
   99 37
   100 36
   101 30
   102 47
   103 44
   104 33
   105 28
   106 43
   107 27
   108 26
   109 36
   110 41
   111 47
   112 36
   113 55
   114 32
   115 55
   116 65
   117 55
   118 52
   119 47
   120 53
   121 56
   122 49
   123 56
   124 50
   125 50
   126 57
   127 67
   128 51
   129 56
   130 55
   131 50
   132 59
   133 49
   134 61
   135 61
   136 73
   137 66
   138 54
   139 55
   140 62
   141 70
   142 44
   143 56
   144 66
   145 69
   146 85
   147 78
   148 76
   149 63
   150 85
   151 76
   152 85
   153 86
   154 94
   155 78
   156 63
   157 69
   158 88
   159 68
   160 69
   161 45
   162 68
   163 62
   164 56
   165 57
   166 60
   167 41
   168 51
   169 47
   170 42
   171 55
   172 42
   173 49
   174 43
   175 58
   176 47
   177 56
   178 48
   179 43
   180 57
   181 47
   182 57
   183 49
   184 60
   185 57
   186 59
   187 58
   188 61
   189 63
   190 35
   191 40
   192 33
   193 40
   194 44
   195 44
   196 38
   197 49
   198 28
   199 36
   200 29
   201 28
   202 25
   203 43
   204 31
   205 31
   206 28
   207 21
   208 32
   209 25
   210 24
   211 23
   212 28
   213 28
   214 38
   215 45
   216 24
   217 43
   218 36
   219 29
   220 18
   221 34
   222 28
   223 36
   224 34
   225 30
   226 23
   227 28
   228 25
   229 20
   230 25
   231 22
   232 22
   233 23
   234 24
   235 20
   236 13
   237 18
   238 29
   239 21
   240 19
   241 27
   242 24
   243 20
   244 42
   245 34
   246 23
   247 37
   248 30
   249 43
   250 37
   251 37
   252 27
   253 47
   254 30
   255 37
   256 44
   257 26
   258 39
   259 36
   260 33
   261 35
   262 46
   263 48
   264 44
   265 49
   266 42
   267 32
   268 41
   269 46
   270 43
   271 47
   272 47
   273 56
   274 41
   275 55
   276 66
   277 49
   278 54
   279 48
   280 51
   281 68
   282 59
   283 48
   284 63
   285 62
   286 51
   287 56
   288 52
   289 59
   290 42
   291 49
   292 59
   293 70
   294 53
   295 78
   296 64
   297 75
   298 77
   299 62
   300 60
   301 54
   302 46
   303 36
   304 56
   305 54
   306 46
   307 33
   308 25
   309 23
   310 27
   311 30
   312 19
   313 20
   314 11
   315 22
   316 15
   317 9
   318 16
   319 15
   320 9
   321 10
   322 11
   323 5
   324 8
   325 9
   326 8
   327 13
   328 5
   329 9
   330 10
   331 14
   332 13
   333 8
   334 10
   335 10
   336 10
   337 9
   338 7
   339 8
   340 7
   341 13
   342 15
   343 9
   344 10
   345 11
   346 15
   347 6
   348 8
   349 9
   350 8
   351 7
   352 4
   353 3
   354 7
   355 6
   356 4
   357 6
   358 5
   359 8
   360 0
   361 3
   362 7
   363 3
   364 0
   365 2
   366 3
   367 2
   368 4
   369 4
   370 4
   371 8
   372 3
   373 6
   374 2
   375 5
   376 0
   377 0
   378 3
   379 1
   380 1
   381 4
   382 1
   383 2
   384 1
   385 0
   386 3
   387 2
   388 2
   389 3
   390 2
   391 2
   392 1
   393 1
   394 0
   395 2
   396 2
   397 2
   398 2
   399 1
   400 2
   401 2
   402 0
   403 0
   404 1
   405 1
   406 2
   407 0
   408 1
   409 2
   410 0
   411 2
   412 2
   413 2
   414 0
   415 2
   416 3
   417 0
   418 0
   419 1
   420 3
   421 3
   422 2
   423 1
   424 0
   425 2
   426 3
   427 0
   428 0
   429 0
   430 0
   431 1
   432 0
   433 1
   434 1
   435 0
   436 1
   437 0
   438 0
   439 1
   440 0
   441 0
   442 0
   443 2
   444 1
   445 2
   446 0
   447 2
   448 0
   449 0
   450 1
   451 1
   452 1
   453 0
   454 2
   455 1
   456 1
   457 1
   458 1
   459 2
   460 3
   461 1
   462 1
   463 2
   464 1
   465 0
   466 0
   467 0
   468 1
   469 1
   470 0
   471 0
   472 1
   473 1
   474 1
   475 0
   476 1
   477 0
   478 1
   479 0
   480 0
   481 0
   482 0
   483 2
   484 0
   485 0
   486 1
   487 1
   488 0
   489 1
   490 0
   491 0
   492 1
   493 1
   494 0
   495 0
   496 0
   497 0
   498 0
   499 0
   500 0
   501 0
   502 1
   503 0
   504 0
   505 0
   506 0
   507 0
   508 0
   509 0
   510 0
   511 0
   512 1
   513 0
   514 0
   515 0
   516 0
   517 0
   518 0
   519 0
   520 0
   521 0
   522 0
   523 0
   524 0
   525 0
   526 0
   527 0
   528 0
   529 0
   530 0
   531 0
   532 0
   533 0
   534 0
   535 0
   536 0
   537 0
   538 0
   539 0
   540 0
   541 0
   542 0
   543 0
   544 0
   545 0
   546 0
   547 0
   548 0
   549 0
   550 0
   551 0
   552 0
   553 0
   554 0
   555 0
   556 0
   557 0
   558 0
   559 0
   560 0
   561 1
   562 0
   563 0
   564 0
   565 0
   566 0
   567 0
   568 0
   569 0
   570 1
   571 0
   572 0
   573 0
   574 0
   575 0
   576 0
   577 0
   578 0
   579 0
   580 0
   581 0
   582 0
   583 0
   584 0
   585 0
   586 0
   587 0
   588 0
   589 0
   590 0
   591 0
   592 0
   593 0
   594 0
   595 0
   596 0
   597 0
   598 0
   599 0
   600 0
   601 0
   602 0
   603 0
   604 0
   605 0
   606 0
   607 0
   608 0
   609 0
   610 0
   611 0
   612 0
   613 0
   614 0
   615 0
   616 0
   617 0
   618 0
   619 0
   620 0
   621 0
   622 0
   623 0
   624 0
   625 0
   626 0
   627 0
   628 0
   629 0
   630 0
   631 0
   632 0
   633 0
   634 0
   635 0
   636 0
   637 0
   638 0
   639 0
   640 0
   641 0
   642 0
   643 0
   644 0
   645 0
   646 0
   647 0
   648 0
   649 0
   650 0
   651 0
   652 0
   653 0
   654 0
   655 0
   656 0
   657 0
   658 0
   659 0
   660 0
   661 0
   662 0
   663 0
   664 0
   665 0
   666 0
   667 0
   668 0
   669 0
   670 0
   671 0
   672 0
   673 0
   674 0
   675 0
   676 0
   677 0
   678 0
   679 0
   680 0
   681 0
   682 0
   683 0
   684 0
   685 0
   686 0
   687 0
   688 0
   689 0
   690 1
   691 0
   692 0
   693 0
   694 0
   695 0
   696 0
   697 0
   698 0
   699 0
   700 0
   701 0
   702 0
   703 0
   704 0
   705 0
   706 0
   707 0
   708 0
   709 0
   710 0
   711 0
   712 0
   713 0
   714 0
   715 1
MGET HIST END
