STAT START
secs,qlen,thru,msrt,items,nset,nget,nmget,sqt,gqt,mqt,swt,gwt,mwt
1,37,2405.000000000000,NaN,0,2405,0,0,0.012936693301,NaN,NaN,0.003275890734,NaN,NaN
1,37,2330.000000000000,NaN,0,2330,0,0,0.014561236540,NaN,NaN,0.003442603854,NaN,NaN
1,38,2504.000000000000,NaN,0,2504,0,0,0.013126789040,NaN,NaN,0.003197512550,NaN,NaN
1,22,2416.000000000000,NaN,0,2416,0,0,0.013651970050,NaN,NaN,0.003303669130,NaN,NaN
1,40,2698.000000000000,NaN,0,2698,0,0,0.011857508264,NaN,NaN,0.002966091838,NaN,NaN
1,36,2197.000000000000,NaN,0,2197,0,0,0.015316045907,NaN,NaN,0.003620339022,NaN,NaN
1,40,2091.000000000000,NaN,0,2091,0,0,0.016178443171,NaN,NaN,0.003834361188,NaN,NaN
1,36,1932.000000000000,NaN,0,1932,0,0,0.017954495566,NaN,NaN,0.004136033511,NaN,NaN
1,26,1995.000000000000,NaN,0,1995,0,0,0.017244919579,NaN,NaN,0.004013411235,NaN,NaN
1,35,1953.000000000000,NaN,0,1953,0,0,0.017471198282,NaN,NaN,0.004076436873,NaN,NaN
1,27,1999.000000000000,NaN,0,1999,0,0,0.016978182197,NaN,NaN,0.004008486985,NaN,NaN
1,40,2210.000000000000,NaN,0,2210,0,0,0.015170851253,NaN,NaN,0.003621901435,NaN,NaN
1,30,2608.000000000000,NaN,0,2608,0,0,0.012497938536,NaN,NaN,0.003063444178,NaN,NaN
1,38,2472.000000000000,NaN,0,2472,0,0,0.013376058664,NaN,NaN,0.003230127131,NaN,NaN
1,26,2471.000000000000,NaN,0,2471,0,0,0.013110187055,NaN,NaN,0.003242190711,NaN,NaN
1,32,2712.000000000000,NaN,0,2712,0,0,0.012078710632,NaN,NaN,0.002949824274,NaN,NaN
1,32,2740.000000000000,NaN,0,2740,0,0,0.011599680444,NaN,NaN,0.002917792032,NaN,NaN
1,24,2685.000000000000,NaN,0,2685,0,0,0.011783406494,NaN,NaN,0.002978846966,NaN,NaN
1,20,2581.000000000000,NaN,0,2581,0,0,0.012840357434,NaN,NaN,0.003097630441,NaN,NaN
1,34,2116.000000000000,NaN,0,2116,0,0,0.016138884741,NaN,NaN,0.003771852984,NaN,NaN
1,39,2509.000000000000,NaN,0,2509,0,0,0.013226296098,NaN,NaN,0.003184620807,NaN,NaN
1,33,2413.000000000000,NaN,0,2413,0,0,0.013571004521,NaN,NaN,0.003317618349,NaN,NaN
1,33,2589.000000000000,NaN,0,2589,0,0,0.012684217512,NaN,NaN,0.003091305197,NaN,NaN
1,38,2564.000000000000,NaN,0,2564,0,0,0.012626538984,NaN,NaN,0.003119553436,NaN,NaN
1,38,2508.000000000000,NaN,0,2508,0,0,0.013210357795,NaN,NaN,0.003190481393,NaN,NaN
1,38,2266.000000000000,NaN,0,2266,0,0,0.014938851760,NaN,NaN,0.003526697804,NaN,NaN
1,32,2492.000000000000,NaN,0,2492,0,0,0.013064213167,NaN,NaN,0.003212064271,NaN,NaN
1,35,2591.000000000000,NaN,0,2591,0,0,0.012385303749,NaN,NaN,0.003086143713,NaN,NaN
1,33,2677.000000000000,NaN,0,2677,0,0,0.011887183476,NaN,NaN,0.002975640507,NaN,NaN
1,20,2153.000000000000,NaN,0,2153,0,0,0.015935900046,NaN,NaN,0.003723180202,NaN,NaN
1,23,2639.000000000000,NaN,0,2639,0,0,0.012434816804,NaN,NaN,0.003029488045,NaN,NaN
1,27,2387.000000000000,NaN,0,2387,0,0,0.013692841415,NaN,NaN,0.003343939093,NaN,NaN
1,33,2203.000000000000,NaN,0,2203,0,0,0.015567729921,NaN,NaN,0.003657375007,NaN,NaN
1,40,2414.000000000000,NaN,0,2414,0,0,0.013750580533,NaN,NaN,0.003294121691,NaN,NaN
1,25,2871.000000000000,NaN,0,2871,0,0,0.010809658958,NaN,NaN,0.002790177262,NaN,NaN
1,40,2307.000000000000,NaN,0,2307,0,0,0.014551914285,NaN,NaN,0.003479694717,NaN,NaN
1,40,2388.000000000000,NaN,0,2388,0,0,0.014073813162,NaN,NaN,0.003349817750,NaN,NaN
1,39,2385.000000000000,NaN,0,2385,0,0,0.013807156408,NaN,NaN,0.003334270300,NaN,NaN
1,33,2399.000000000000,NaN,0,2399,0,0,0.013783093629,NaN,NaN,0.003337510368,NaN,NaN
1,24,2367.000000000000,NaN,0,2367,0,0,0.014220340216,NaN,NaN,0.003376309383,NaN,NaN
1,32,2249.000000000000,NaN,0,2249,0,0,0.014838500089,NaN,NaN,0.003556867894,NaN,NaN
1,32,2565.000000000000,NaN,0,2565,0,0,0.012728563647,NaN,NaN,0.003117529219,NaN,NaN
1,40,2853.000000000000,NaN,0,2853,0,0,0.011110616930,NaN,NaN,0.002797139001,NaN,NaN
1,30,2315.000000000000,NaN,0,2315,0,0,0.014269824401,NaN,NaN,0.003458536098,NaN,NaN
1,40,2212.000000000000,NaN,0,2212,0,0,0.015261682363,NaN,NaN,0.003622186992,NaN,NaN
1,31,1862.000000000000,NaN,0,1862,0,0,0.018450100753,NaN,NaN,0.004286592258,NaN,NaN
1,38,2055.000000000000,NaN,0,2055,0,0,0.016641228383,NaN,NaN,0.003874451758,NaN,NaN
1,22,1973.000000000000,NaN,0,1973,0,0,0.017526570174,NaN,NaN,0.004065505128,NaN,NaN
1,31,2191.000000000000,NaN,0,2191,0,0,0.015274378545,NaN,NaN,0.003659157631,NaN,NaN
1,40,2492.000000000000,NaN,0,2492,0,0,0.013196976860,NaN,NaN,0.003192535951,NaN,NaN
1,35,2620.000000000000,NaN,0,2620,0,0,0.012202566406,NaN,NaN,0.003066553916,NaN,NaN
1,40,2641.000000000000,NaN,0,2641,0,0,0.012273660288,NaN,NaN,0.003009996787,NaN,NaN
1,32,2218.000000000000,NaN,0,2218,0,0,0.015252323292,NaN,NaN,0.003628035709,NaN,NaN
1,18,2201.000000000000,NaN,0,2201,0,0,0.015507707583,NaN,NaN,0.003634451647,NaN,NaN
1,40,2240.000000000000,NaN,0,2240,0,0,0.014964508466,NaN,NaN,0.003548911170,NaN,NaN
1,38,2605.000000000000,NaN,0,2605,0,0,0.012569437519,NaN,NaN,0.003084774192,NaN,NaN
1,40,2706.000000000000,NaN,0,2706,0,0,0.011829299674,NaN,NaN,0.002956475119,NaN,NaN
1,40,2317.000000000000,NaN,0,2317,0,0,0.014328526893,NaN,NaN,0.003442790125,NaN,NaN
1,34,1984.000000000000,NaN,0,1984,0,0,0.017332040876,NaN,NaN,0.004044048853,NaN,NaN
1,25,1922.000000000000,NaN,0,1922,0,0,0.018049575763,NaN,NaN,0.004152158459,NaN,NaN
1,25,2044.000000000000,NaN,0,2044,0,0,0.016912722740,NaN,NaN,0.003912360776,NaN,NaN
1,35,2168.000000000000,NaN,0,2168,0,0,0.015754618726,NaN,NaN,0.003710273823,NaN,NaN
1,33,2596.000000000000,NaN,0,2596,0,0,0.012446883568,NaN,NaN,0.003063848632,NaN,NaN
1,32,2575.000000000000,NaN,0,2575,0,0,0.012485701157,NaN,NaN,0.003106081724,NaN,NaN
1,39,2510.000000000000,NaN,0,2510,0,0,0.013418994516,NaN,NaN,0.003191620629,NaN,NaN
1,26,2002.000000000000,NaN,0,2002,0,0,0.017235305260,NaN,NaN,0.003990107056,NaN,NaN
1,39,2049.000000000000,NaN,0,2049,0,0,0.016689435547,NaN,NaN,0.003898865367,NaN,NaN
1,30,2595.000000000000,NaN,0,2595,0,0,0.012457345353,NaN,NaN,0.003085393615,NaN,NaN
1,40,2598.000000000000,NaN,0,2598,0,0,0.012483555482,NaN,NaN,0.003071930962,NaN,NaN
1,20,2658.000000000000,NaN,0,2658,0,0,0.012193137669,NaN,NaN,0.003016618078,NaN,NaN
1,0,37.000000000000,NaN,0,37,0,0,0.014832679541,NaN,NaN,0.002288038730,NaN,NaN
STAT END
HIST START
571
   0 0
   1 0
   2 0
   3 0
   4 0
   5 0
   6 0
   7 0
   8 0
   9 0
   10 0
   11 2
   12 4
   13 5
   14 8
   15 17
   16 17
   17 5
   18 12
   19 22
   20 7
   21 22
   22 26
   23 30
   24 34
   25 41
   26 49
   27 40
   28 41
   29 36
   30 45
   31 28
   32 34
   33 67
   34 74
   35 50
   36 61
   37 77
   38 78
   39 86
   40 112
   41 120
   42 139
   43 109
   44 169
   45 167
   46 191
   47 200
   48 179
   49 188
   50 205
   51 190
   52 200
   53 234
   54 232
   55 221
   56 218
   57 287
   58 273
   59 289
   60 279
   61 290
   62 324
   63 328
   64 386
   65 346
   66 358
   67 405
   68 388
   69 358
   70 364
   71 367
   72 395
   73 407
   74 425
   75 469
   76 469
   77 455
   78 402
   79 457
   80 463
   81 478
   82 511
   83 539
   84 490
   85 475
   86 527
   87 590
   88 530
   89 604
   90 524
   91 623
   92 601
   93 654
   94 588
   95 621
   96 701
   97 736
   98 787
   99 876
   100 927
   101 973
   102 956
   103 785
   104 827
   105 829
   106 814
   107 926
   108 991
   109 1015
   110 974
   111 1003
   112 971
   113 1066
   114 1176
   115 1114
   116 1190
   117 1171
   118 1211
   119 1280
   120 1244
   121 1183
   122 1246
   123 1227
   124 1053
   125 1052
   126 945
   127 853
   128 706
   129 691
   130 733
   131 735
   132 792
   133 807
   134 810
   135 808
   136 701
   137 751
   138 742
   139 812
   140 846
   141 828
   142 689
   143 672
   144 812
   145 777
   146 712
   147 685
   148 694
   149 736
   150 730
   151 698
   152 632
   153 692
   154 674
   155 684
   156 656
   157 674
   158 701
   159 668
   160 631
   161 611
   162 692
   163 732
   164 675
   165 586
   166 629
   167 690
   168 615
   169 646
   170 654
   171 728
   172 761
   173 744
   174 743
   175 698
   176 701
   177 723
   178 807
   179 810
   180 756
   181 732
   182 739
   183 796
   184 775
   185 816
   186 834
   187 888
   188 916
   189 873
   190 873
   191 984
   192 968
   193 969
   194 1017
   195 1108
   196 1137
   197 1259
   198 1762
   199 2006
   200 1798
   201 1631
   202 1408
   203 1103
   204 939
   205 871
   206 797
   207 782
   208 691
   209 794
   210 791
   211 759
   212 813
   213 818
   214 935
   215 930
   216 891
   217 821
   218 829
   219 917
   220 864
   221 774
   222 672
   223 651
   224 489
   225 562
   226 492
   227 404
   228 391
   229 361
   230 320
   231 360
   232 337
   233 343
   234 343
   235 338
   236 395
   237 377
   238 399
   239 345
   240 339
   241 338
   242 279
   243 264
   244 249
   245 327
   246 266
   247 242
   248 280
   249 275
   250 245
   251 218
   252 238
   253 187
   254 211
   255 254
   256 196
   257 190
   258 208
   259 203
   260 225
   261 219
   262 249
   263 196
   264 179
   265 199
   266 198
   267 224
   268 213
   269 276
   270 322
   271 306
   272 310
   273 332
   274 330
   275 356
   276 338
   277 289
   278 292
   279 290
   280 287
   281 321
   282 284
   283 286
   284 297
   285 326
   286 279
   287 265
   288 310
   289 327
   290 346
   291 387
   292 371
   293 399
   294 409
   295 456
   296 510
   297 607
   298 717
   299 667
   300 550
   301 399
   302 320
   303 285
   304 231
   305 193
   306 208
   307 173
   308 179
   309 209
   310 151
   311 156
   312 127
   313 138
   314 132
   315 145
   316 154
   317 165
   318 173
   319 136
   320 148
   321 118
   322 99
   323 86
   324 84
   325 99
   326 74
   327 68
   328 60
   329 38
   330 41
   331 27
   332 27
   333 26
   334 28
   335 24
   336 29
   337 27
   338 22
   339 34
   340 27
   341 26
   342 23
   343 31
   344 18
   345 18
   346 16
   347 28
   348 19
   349 28
   350 21
   351 24
   352 27
   353 19
   354 22
   355 27
   356 20
   357 16
   358 17
   359 17
   360 31
   361 24
   362 12
   363 41
   364 31
   365 42
   366 36
   367 41
   368 49
   369 41
   370 57
   371 70
   372 85
   373 72
   374 70
   375 64
   376 54
   377 52
   378 45
   379 52
   380 47
   381 48
   382 51
   383 68
   384 54
   385 40
   386 54
   387 42
   388 51
   389 45
   390 66
   391 74
   392 63
   393 49
   394 66
   395 66
   396 89
   397 83
   398 77
   399 50
   400 30
   401 39
   402 31
   403 17
   404 15
   405 7
   406 13
   407 14
   408 6
   409 12
   410 13
   411 15
   412 13
   413 14
   414 10
   415 11
   416 1
   417 6
   418 5
   419 9
   420 10
   421 7
   422 12
   423 3
   424 4
   425 0
   426 0
   427 3
   428 6
   429 0
   430 3
   431 5
   432 1
   433 1
   434 1
   435 1
   436 2
   437 0
   438 4
   439 0
   440 0
   441 1
   442 6
   443 4
   444 2
   445 6
   446 0
   447 1
   448 1
   449 2
   450 4
   451 3
   452 5
   453 0
   454 2
   455 2
   456 1
   457 2
   458 4
   459 4
   460 1
   461 1
   462 1
   463 2
   464 2
   465 8
   466 8
   467 0
   468 1
   469 3
   470 3
   471 8
   472 11
   473 6
   474 5
   475 6
   476 7
   477 7
   478 6
   479 5
   480 2
   481 3
   482 3
   483 1
   484 6
   485 0
   486 2
   487 3
   488 2
   489 2
   490 3
   491 6
   492 4
   493 4
   494 8
   495 6
   496 12
   497 10
   498 9
   499 4
   500 6
   501 4
   502 1
   503 1
   504 3
   505 0
   506 0
   507 0
   508 0
   509 0
   510 0
   511 2
   512 0
   513 0
   514 0
   515 0
   516 0
   517 0
   518 1
   519 1
   520 0
   521 0
   522 4
   523 0
   524 1
   525 0
   526 0
   527 2
   528 2
   529 0
   530 0
   531 0
   532 0
   533 0
   534 0
   535 0
   536 0
   537 0
   538 0
   539 0
   540 0
   541 0
   542 0
   543 0
   544 0
   545 0
   546 0
   547 1
   548 0
   549 0
   550 0
   551 0
   552 0
   553 0
   554 0
   555 1
   556 1
   557 0
   558 0
   559 0
   560 0
   561 0
   562 0
   563 0
   564 0
   565 0
   566 0
   567 1
   568 0
   569 0
   570 1
HIST END
