STAT START
secs,qlen,thru,msrt,items,nset,nget,nmget,sqt,gqt,mqt,swt,gwt,mwt
1,53,2951.000000000000,NaN,0,2951,0,0,0.018125911136,NaN,NaN,0.002653268149,NaN,NaN
1,62,3236.000000000000,NaN,0,3236,0,0,0.017266400110,NaN,NaN,0.002461155530,NaN,NaN
1,55,3701.000000000000,NaN,0,3701,0,0,0.014709901286,NaN,NaN,0.002166456770,NaN,NaN
1,63,3555.000000000000,NaN,0,3555,0,0,0.015817893298,NaN,NaN,0.002243157595,NaN,NaN
1,63,3859.000000000000,NaN,0,3859,0,0,0.014277013177,NaN,NaN,0.002076663492,NaN,NaN
1,64,4120.000000000000,NaN,0,4120,0,0,0.012988160633,NaN,NaN,0.001929159810,NaN,NaN
1,55,3736.000000000000,NaN,0,3736,0,0,0.014884798319,NaN,NaN,0.002150158941,NaN,NaN
1,64,3176.000000000000,NaN,0,3176,0,0,0.017857991266,NaN,NaN,0.002515577199,NaN,NaN
1,57,3377.000000000000,NaN,0,3377,0,0,0.016759445394,NaN,NaN,0.002359563331,NaN,NaN
1,56,4063.000000000000,NaN,0,4063,0,0,0.013431906386,NaN,NaN,0.001969505047,NaN,NaN
1,57,3939.000000000000,NaN,0,3939,0,0,0.013950250997,NaN,NaN,0.002029969830,NaN,NaN
1,60,4154.000000000000,NaN,0,4154,0,0,0.012997649238,NaN,NaN,0.001923449997,NaN,NaN
1,56,4125.000000000000,NaN,0,4125,0,0,0.013233936398,NaN,NaN,0.001948921206,NaN,NaN
1,59,3824.000000000000,NaN,0,3824,0,0,0.014331496991,NaN,NaN,0.002087896193,NaN,NaN
1,47,3479.000000000000,NaN,0,3479,0,0,0.015904965969,NaN,NaN,0.002288156955,NaN,NaN
1,60,3540.000000000000,NaN,0,3540,0,0,0.015865948564,NaN,NaN,0.002253022961,NaN,NaN
1,62,3438.000000000000,NaN,0,3438,0,0,0.016211738034,NaN,NaN,0.002327298620,NaN,NaN
1,55,4359.000000000000,NaN,0,4359,0,0,0.012295096409,NaN,NaN,0.001836956715,NaN,NaN
1,60,3449.000000000000,NaN,0,3449,0,0,0.016120899065,NaN,NaN,0.002318967358,NaN,NaN
1,64,3651.000000000000,NaN,0,3651,0,0,0.015127215030,NaN,NaN,0.002190128127,NaN,NaN
1,61,4416.000000000000,NaN,0,4416,0,0,0.012008312055,NaN,NaN,0.001807653260,NaN,NaN
1,62,3898.000000000000,NaN,0,3898,0,0,0.013892583903,NaN,NaN,0.002044402155,NaN,NaN
1,64,3486.000000000000,NaN,0,3486,0,0,0.016113756090,NaN,NaN,0.002292237217,NaN,NaN
1,64,3479.000000000000,NaN,0,3479,0,0,0.016113110208,NaN,NaN,0.002303904418,NaN,NaN
1,53,3309.000000000000,NaN,0,3309,0,0,0.017020318898,NaN,NaN,0.002421107068,NaN,NaN
1,64,3844.000000000000,NaN,0,3844,0,0,0.014203551145,NaN,NaN,0.002070502857,NaN,NaN
1,64,3711.000000000000,NaN,0,3711,0,0,0.014914324708,NaN,NaN,0.002160209542,NaN,NaN
1,64,3732.000000000000,NaN,0,3732,0,0,0.014822577362,NaN,NaN,0.002145775660,NaN,NaN
1,62,3430.000000000000,NaN,0,3430,0,0,0.016040687326,NaN,NaN,0.002324289577,NaN,NaN
1,64,3527.000000000000,NaN,0,3527,0,0,0.015704078348,NaN,NaN,0.002273665138,NaN,NaN
1,64,3729.000000000000,NaN,0,3729,0,0,0.014767931966,NaN,NaN,0.002137960329,NaN,NaN
1,48,3636.000000000000,NaN,0,3636,0,0,0.015048794582,NaN,NaN,0.002204799976,NaN,NaN
1,60,3328.000000000000,NaN,0,3328,0,0,0.016878230269,NaN,NaN,0.002398240277,NaN,NaN
1,58,3550.000000000000,NaN,0,3550,0,0,0.015708330188,NaN,NaN,0.002255847398,NaN,NaN
1,59,3637.000000000000,NaN,0,3637,0,0,0.015302900014,NaN,NaN,0.002199686125,NaN,NaN
1,57,4193.000000000000,NaN,0,4193,0,0,0.012873760390,NaN,NaN,0.001914581204,NaN,NaN
1,58,3179.000000000000,NaN,0,3179,0,0,0.017706005280,NaN,NaN,0.002505017602,NaN,NaN
1,60,3280.000000000000,NaN,0,3280,0,0,0.017363194541,NaN,NaN,0.002438020237,NaN,NaN
1,57,3415.000000000000,NaN,0,3415,0,0,0.016373366963,NaN,NaN,0.002339324818,NaN,NaN
1,52,3446.000000000000,NaN,0,3446,0,0,0.016050172303,NaN,NaN,0.002321867281,NaN,NaN
1,58,3694.000000000000,NaN,0,3694,0,0,0.014854874906,NaN,NaN,0.002155341880,NaN,NaN
1,64,3685.000000000000,NaN,0,3685,0,0,0.015216218651,NaN,NaN,0.002167015085,NaN,NaN
1,46,4125.000000000000,NaN,0,4125,0,0,0.013251337258,NaN,NaN,0.001946662104,NaN,NaN
1,57,3646.000000000000,NaN,0,3646,0,0,0.015139261734,NaN,NaN,0.002192499216,NaN,NaN
1,60,3575.000000000000,NaN,0,3575,0,0,0.015706722134,NaN,NaN,0.002238356477,NaN,NaN
1,64,3283.000000000000,NaN,0,3283,0,0,0.017046824938,NaN,NaN,0.002416710061,NaN,NaN
1,39,3423.000000000000,NaN,0,3423,0,0,0.016529028426,NaN,NaN,0.002356254944,NaN,NaN
1,58,4429.000000000000,NaN,0,4429,0,0,0.011933821107,NaN,NaN,0.001799233592,NaN,NaN
1,57,4197.000000000000,NaN,0,4197,0,0,0.012729256047,NaN,NaN,0.001909485085,NaN,NaN
1,64,3794.000000000000,NaN,0,3794,0,0,0.014606147282,NaN,NaN,0.002099122058,NaN,NaN
1,56,4160.000000000000,NaN,0,4160,0,0,0.013133515187,NaN,NaN,0.001930256488,NaN,NaN
1,56,4054.000000000000,NaN,0,4054,0,0,0.013243224763,NaN,NaN,0.001970721452,NaN,NaN
1,36,4343.000000000000,NaN,0,4343,0,0,0.012402705987,NaN,NaN,0.001841618723,NaN,NaN
1,58,3837.000000000000,NaN,0,3837,0,0,0.014302654287,NaN,NaN,0.002072196669,NaN,NaN
1,57,3327.000000000000,NaN,0,3327,0,0,0.016912132200,NaN,NaN,0.002418021224,NaN,NaN
1,64,3323.000000000000,NaN,0,3323,0,0,0.016682723053,NaN,NaN,0.002403927839,NaN,NaN
1,50,3413.000000000000,NaN,0,3413,0,0,0.016766423175,NaN,NaN,0.002343233901,NaN,NaN
1,57,4011.000000000000,NaN,0,4011,0,0,0.013728535301,NaN,NaN,0.001993645591,NaN,NaN
1,63,3763.000000000000,NaN,0,3763,0,0,0.014840292195,NaN,NaN,0.002125190026,NaN,NaN
1,47,4024.000000000000,NaN,0,4024,0,0,0.013499821237,NaN,NaN,0.001987725634,NaN,NaN
1,42,4049.000000000000,NaN,0,4049,0,0,0.013416420146,NaN,NaN,0.001972309481,NaN,NaN
1,59,3780.000000000000,NaN,0,3780,0,0,0.014743074268,NaN,NaN,0.002125233629,NaN,NaN
1,56,3798.000000000000,NaN,0,3798,0,0,0.014481572986,NaN,NaN,0.002098413779,NaN,NaN
1,60,3629.000000000000,NaN,0,3629,0,0,0.015057833336,NaN,NaN,0.002202434285,NaN,NaN
1,60,3587.000000000000,NaN,0,3587,0,0,0.015342409124,NaN,NaN,0.002224431316,NaN,NaN
1,56,3758.000000000000,NaN,0,3758,0,0,0.014341291296,NaN,NaN,0.002132349090,NaN,NaN
1,62,3697.000000000000,NaN,0,3697,0,0,0.014863789202,NaN,NaN,0.002157544604,NaN,NaN
1,62,3509.000000000000,NaN,0,3509,0,0,0.015818364277,NaN,NaN,0.002272017397,NaN,NaN
1,59,3396.000000000000,NaN,0,3396,0,0,0.016552920178,NaN,NaN,0.002364133989,NaN,NaN
1,0,3740.000000000000,NaN,0,3740,0,0,0.014994582303,NaN,NaN,0.002136187821,NaN,NaN
1,0,3.000000000000,NaN,0,3,0,0,0.011146172000,NaN,NaN,0.006511609000,NaN,NaN
STAT END
HIST START
992
   0 0
   1 0
   2 0
   3 0
   4 0
   5 0
   6 0
   7 0
   8 0
   9 0
   10 0
   11 0
   12 0
   13 1
   14 0
   15 0
   16 1
   17 0
   18 2
   19 1
   20 1
   21 3
   22 0
   23 2
   24 0
   25 3
   26 9
   27 0
   28 4
   29 5
   30 9
   31 1
   32 7
   33 8
   34 9
   35 10
   36 9
   37 15
   38 38
   39 25
   40 36
   41 22
   42 39
   43 52
   44 57
   45 51
   46 74
   47 72
   48 62
   49 106
   50 119
   51 132
   52 137
   53 152
   54 150
   55 159
   56 189
   57 165
   58 205
   59 233
   60 210
   61 298
   62 258
   63 286
   64 303
   65 288
   66 313
   67 349
   68 361
   69 422
   70 414
   71 385
   72 398
   73 409
   74 512
   75 445
   76 446
   77 518
   78 515
   79 532
   80 512
   81 576
   82 661
   83 641
   84 575
   85 637
   86 589
   87 642
   88 730
   89 735
   90 693
   91 744
   92 790
   93 816
   94 805
   95 889
   96 900
   97 981
   98 1031
   99 1071
   100 1160
   101 1155
   102 1098
   103 1172
   104 1242
   105 1225
   106 1299
   107 1436
   108 1451
   109 1624
   110 1603
   111 1722
   112 1672
   113 1715
   114 1716
   115 1812
   116 1912
   117 1878
   118 1923
   119 1996
   120 1896
   121 1887
   122 1965
   123 2043
   124 2071
   125 2060
   126 2100
   127 2175
   128 2112
   129 2127
   130 2133
   131 2073
   132 2117
   133 2143
   134 2080
   135 1995
   136 1992
   137 1813
   138 1813
   139 1681
   140 1741
   141 1584
   142 1558
   143 1570
   144 1460
   145 1427
   146 1528
   147 1530
   148 1480
   149 1393
   150 1404
   151 1490
   152 1488
   153 1407
   154 1376
   155 1387
   156 1398
   157 1425
   158 1481
   159 1364
   160 1400
   161 1348
   162 1349
   163 1356
   164 1353
   165 1369
   166 1309
   167 1307
   168 1295
   169 1285
   170 1229
   171 1289
   172 1351
   173 1294
   174 1365
   175 1371
   176 1375
   177 1400
   178 1367
   179 1380
   180 1456
   181 1373
   182 1393
   183 1509
   184 1431
   185 1473
   186 1408
   187 1538
   188 1577
   189 1598
   190 1537
   191 1562
   192 1656
   193 1607
   194 1685
   195 1670
   196 1811
   197 1941
   198 1989
   199 2029
   200 1870
   201 1774
   202 1617
   203 1634
   204 1430
   205 1342
   206 1389
   207 1339
   208 1259
   209 1366
   210 1291
   211 1391
   212 1418
   213 1345
   214 1273
   215 1125
   216 1137
   217 1133
   218 1071
   219 925
   220 962
   221 881
   222 929
   223 879
   224 918
   225 885
   226 821
   227 832
   228 832
   229 724
   230 745
   231 721
   232 736
   233 744
   234 678
   235 676
   236 654
   237 640
   238 499
   239 549
   240 539
   241 515
   242 556
   243 517
   244 478
   245 470
   246 490
   247 487
   248 471
   249 409
   250 374
   251 390
   252 383
   253 418
   254 369
   255 390
   256 393
   257 389
   258 359
   259 380
   260 353
   261 384
   262 362
   263 379
   264 407
   265 397
   266 350
   267 386
   268 354
   269 390
   270 372
   271 340
   272 351
   273 346
   274 319
   275 327
   276 368
   277 357
   278 303
   279 323
   280 346
   281 328
   282 338
   283 335
   284 307
   285 358
   286 325
   287 297
   288 376
   289 382
   290 324
   291 330
   292 333
   293 318
   294 333
   295 326
   296 339
   297 377
   298 369
   299 335
   300 320
   301 297
   302 267
   303 285
   304 251
   305 221
   306 229
   307 205
   308 182
   309 200
   310 170
   311 164
   312 200
   313 193
   314 202
   315 166
   316 153
   317 128
   318 147
   319 167
   320 139
   321 129
   322 144
   323 92
   324 130
   325 122
   326 111
   327 94
   328 85
   329 87
   330 88
   331 101
   332 79
   333 84
   334 93
   335 60
   336 71
   337 51
   338 78
   339 64
   340 49
   341 53
   342 46
   343 32
   344 40
   345 33
   346 44
   347 48
   348 36
   349 40
   350 37
   351 29
   352 32
   353 38
   354 34
   355 33
   356 30
   357 33
   358 33
   359 39
   360 40
   361 31
   362 45
   363 43
   364 47
   365 40
   366 30
   367 39
   368 48
   369 43
   370 42
   371 42
   372 39
   373 41
   374 33
   375 48
   376 39
   377 31
   378 44
   379 41
   380 39
   381 33
   382 27
   383 31
   384 33
   385 23
   386 35
   387 16
   388 23
   389 21
   390 22
   391 18
   392 33
   393 23
   394 32
   395 41
   396 37
   397 43
   398 45
   399 33
   400 31
   401 32
   402 21
   403 18
   404 26
   405 18
   406 15
   407 13
   408 20
   409 19
   410 27
   411 20
   412 25
   413 18
   414 13
   415 14
   416 12
   417 12
   418 12
   419 15
   420 13
   421 11
   422 10
   423 12
   424 12
   425 12
   426 8
   427 7
   428 20
   429 19
   430 9
   431 6
   432 9
   433 12
   434 6
   435 3
   436 8
   437 8
   438 11
   439 10
   440 4
   441 4
   442 4
   443 7
   444 4
   445 9
   446 6
   447 4
   448 2
   449 4
   450 2
   451 2
   452 0
   453 4
   454 5
   455 2
   456 2
   457 2
   458 4
   459 3
   460 4
   461 4
   462 2
   463 4
   464 6
   465 8
   466 5
   467 4
   468 4
   469 2
   470 4
   471 6
   472 1
   473 5
   474 5
   475 6
   476 6
   477 5
   478 2
   479 3
   480 1
   481 8
   482 1
   483 1
   484 1
   485 1
   486 2
   487 5
   488 2
   489 4
   490 1
   491 4
   492 5
   493 3
   494 10
   495 0
   496 2
   497 4
   498 2
   499 3
   500 4
   501 2
   502 2
   503 2
   504 3
   505 3
   506 1
   507 0
   508 1
   509 1
   510 0
   511 0
   512 4
   513 1
   514 1
   515 4
   516 3
   517 2
   518 0
   519 1
   520 1
   521 2
   522 5
   523 2
   524 1
   525 0
   526 2
   527 2
   528 0
   529 0
   530 0
   531 0
   532 0
   533 0
   534 2
   535 1
   536 0
   537 1
   538 3
   539 0
   540 1
   541 0
   542 1
   543 1
   544 0
   545 0
   546 5
   547 1
   548 0
   549 0
   550 0
   551 0
   552 0
   553 0
   554 0
   555 0
   556 1
   557 0
   558 1
   559 3
   560 5
   561 1
   562 1
   563 0
   564 1
   565 1
   566 1
   567 2
   568 2
   569 0
   570 0
   571 0
   572 0
   573 1
   574 0
   575 0
   576 4
   577 0
   578 1
   579 0
   580 0
   581 2
   582 0
   583 1
   584 0
   585 1
   586 0
   587 0
   588 0
   589 2
   590 0
   591 0
   592 0
   593 0
   594 0
   595 0
   596 0
   597 0
   598 0
   599 0
   600 1
   601 0
   602 0
   603 0
   604 1
   605 2
   606 1
   607 0
   608 0
   609 0
   610 0
   611 0
   612 0
   613 0
   614 0
   615 0
   616 0
   617 0
   618 0
   619 0
   620 0
   621 0
   622 0
   623 0
   624 0
   625 1
   626 0
   627 0
   628 0
   629 0
   630 1
   631 0
   632 0
   633 1
   634 0
   635 0
   636 1
   637 0
   638 0
   639 0
   640 3
   641 0
   642 0
   643 0
   644 1
   645 0
   646 0
   647 0
   648 0
   649 0
   650 0
   651 0
   652 0
   653 0
   654 0
   655 1
   656 0
   657 0
   658 0
   659 0
   660 0
   661 1
   662 0
   663 0
   664 0
   665 0
   666 0
   667 0
   668 0
   669 0
   670 0
   671 0
   672 0
   673 0
   674 0
   675 0
   676 0
   677 0
   678 0
   679 1
   680 0
   681 0
   682 0
   683 0
   684 0
   685 0
   686 0
   687 0
   688 0
   689 0
   690 0
   691 0
   692 0
   693 0
   694 0
   695 0
   696 0
   697 0
   698 0
   699 0
   700 0
   701 0
   702 0
   703 0
   704 0
   705 0
   706 0
   707 0
   708 0
   709 1
   710 1
   711 2
   712 0
   713 0
   714 0
   715 0
   716 0
   717 0
   718 0
   719 0
   720 1
   721 1
   722 0
   723 1
   724 0
   725 0
   726 0
   727 0
   728 1
   729 0
   730 1
   731 0
   732 1
   733 0
   734 0
   735 0
   736 0
   737 0
   738 0
   739 0
   740 0
   741 0
   742 0
   743 2
   744 0
   745 0
   746 1
   747 0
   748 0
   749 0
   750 1
   751 0
   752 1
   753 0
   754 1
   755 2
   756 0
   757 0
   758 0
   759 0
   760 1
   761 0
   762 0
   763 0
   764 0
   765 0
   766 0
   767 0
   768 0
   769 0
   770 0
   771 0
   772 0
   773 0
   774 0
   775 0
   776 0
   777 0
   778 0
   779 0
   780 0
   781 0
   782 0
   783 0
   784 0
   785 0
   786 0
   787 0
   788 0
   789 0
   790 0
   791 0
   792 0
   793 0
   794 0
   795 0
   796 0
   797 0
   798 0
   799 0
   800 1
   801 0
   802 0
   803 0
   804 0
   805 0
   806 0
   807 0
   808 1
   809 0
   810 0
   811 2
   812 0
   813 0
   814 0
   815 0
   816 0
   817 0
   818 0
   819 0
   820 1
   821 0
   822 0
   823 1
   824 0
   825 0
   826 0
   827 0
   828 0
   829 0
   830 1
   831 0
   832 1
   833 0
   834 0
   835 0
   836 0
   837 0
   838 0
   839 0
   840 0
   841 0
   842 1
   843 0
   844 0
   845 0
   846 0
   847 0
   848 1
   849 0
   850 0
   851 0
   852 0
   853 0
   854 0
   855 0
   856 0
   857 0
   858 0
   859 0
   860 0
   861 0
   862 0
   863 0
   864 0
   865 2
   866 0
   867 0
   868 0
   869 1
   870 0
   871 0
   872 1
   873 1
   874 0
   875 0
   876 0
   877 0
   878 0
   879 1
   880 0
   881 0
   882 0
   883 0
   884 1
   885 0
   886 0
   887 0
   888 0
   889 0
   890 0
   891 0
   892 0
   893 0
   894 0
   895 0
   896 0
   897 0
   898 0
   899 0
   900 1
   901 0
   902 0
   903 0
   904 0
   905 0
   906 0
   907 0
   908 0
   909 0
   910 0
   911 0
   912 0
   913 0
   914 0
   915 0
   916 0
   917 0
   918 0
   919 0
   920 0
   921 0
   922 0
   923 0
   924 0
   925 0
   926 0
   927 0
   928 0
   929 0
   930 0
   931 0
   932 2
   933 0
   934 0
   935 1
   936 0
   937 0
   938 1
   939 0
   940 0
   941 0
   942 1
   943 0
   944 0
   945 0
   946 0
   947 0
   948 0
   949 0
   950 0
   951 0
   952 0
   953 0
   954 0
   955 0
   956 1
   957 0
   958 0
   959 0
   960 0
   961 0
   962 0
   963 0
   964 0
   965 0
   966 0
   967 0
   968 0
   969 0
   970 0
   971 0
   972 0
   973 0
   974 0
   975 0
   976 0
   977 0
   978 0
   979 0
   980 0
   981 0
   982 0
   983 0
   984 0
   985 0
   986 0
   987 0
   988 0
   989 0
   990 0
   991 1
HIST END
