STAT START
secs,qlen,thru,msrt,items,nset,nget,nmget,sqt,gqt,mqt,swt,gwt,mwt
1,1,2637.000000000000,NaN,0,2637,0,0,0.004732556991,NaN,NaN,0.016709055047,NaN,NaN
1,12,3818.000000000000,NaN,0,3818,0,0,0.002272313051,NaN,NaN,0.014790951105,NaN,NaN
1,25,3995.000000000000,NaN,0,3995,0,0,0.002110064897,NaN,NaN,0.013837160190,NaN,NaN
1,8,4037.000000000000,NaN,0,4037,0,0,0.002019534392,NaN,NaN,0.014142945162,NaN,NaN
1,0,4056.000000000000,NaN,0,4056,0,0,0.002007678169,NaN,NaN,0.013854127464,NaN,NaN
1,0,3824.000000000000,NaN,0,3824,0,0,0.002324772793,NaN,NaN,0.014618234096,NaN,NaN
1,0,3844.000000000000,NaN,0,3844,0,0,0.002104270419,NaN,NaN,0.014774569983,NaN,NaN
1,8,3983.000000000000,NaN,0,3983,0,0,0.002393000874,NaN,NaN,0.013814408576,NaN,NaN
1,7,4251.000000000000,NaN,0,4251,0,0,0.002140718737,NaN,NaN,0.012802322859,NaN,NaN
1,5,4070.000000000000,NaN,0,4070,0,0,0.002030283126,NaN,NaN,0.013974765056,NaN,NaN
1,22,3848.000000000000,NaN,0,3848,0,0,0.002136371552,NaN,NaN,0.014437674404,NaN,NaN
1,18,3979.000000000000,NaN,0,3979,0,0,0.002183477364,NaN,NaN,0.014160835366,NaN,NaN
1,3,3997.000000000000,NaN,0,3997,0,0,0.002247269726,NaN,NaN,0.014174860796,NaN,NaN
1,8,3959.000000000000,NaN,0,3959,0,0,0.002239393397,NaN,NaN,0.014129913598,NaN,NaN
1,22,4169.000000000000,NaN,0,4169,0,0,0.001816368563,NaN,NaN,0.013539431280,NaN,NaN
1,2,3994.000000000000,NaN,0,3994,0,0,0.002205550718,NaN,NaN,0.014104834353,NaN,NaN
1,0,3918.000000000000,NaN,0,3918,0,0,0.001966352085,NaN,NaN,0.014648534513,NaN,NaN
1,19,3657.000000000000,NaN,0,3657,0,0,0.002563647197,NaN,NaN,0.015511898627,NaN,NaN
1,3,3782.000000000000,NaN,0,3782,0,0,0.002376761465,NaN,NaN,0.014857472380,NaN,NaN
1,8,4027.000000000000,NaN,0,4027,0,0,0.002062230840,NaN,NaN,0.014103161578,NaN,NaN
1,0,4116.000000000000,NaN,0,4116,0,0,0.002002984585,NaN,NaN,0.013677974639,NaN,NaN
1,7,3927.000000000000,NaN,0,3927,0,0,0.001911422231,NaN,NaN,0.014603036587,NaN,NaN
1,11,4035.000000000000,NaN,0,4035,0,0,0.001917848346,NaN,NaN,0.014135031697,NaN,NaN
1,17,3968.000000000000,NaN,0,3968,0,0,0.002142503194,NaN,NaN,0.014417843002,NaN,NaN
1,20,3975.000000000000,NaN,0,3975,0,0,0.002209178397,NaN,NaN,0.014328039629,NaN,NaN
1,8,3970.000000000000,NaN,0,3970,0,0,0.002134580814,NaN,NaN,0.013989750433,NaN,NaN
1,8,3755.000000000000,NaN,0,3755,0,0,0.002177293432,NaN,NaN,0.014958942942,NaN,NaN
1,8,3894.000000000000,NaN,0,3894,0,0,0.002029270172,NaN,NaN,0.014398163182,NaN,NaN
1,0,3853.000000000000,NaN,0,3853,0,0,0.002030771244,NaN,NaN,0.014908389956,NaN,NaN
1,37,3986.000000000000,NaN,0,3986,0,0,0.002328529293,NaN,NaN,0.014193266503,NaN,NaN
1,8,4135.000000000000,NaN,0,4135,0,0,0.002115812377,NaN,NaN,0.013722391871,NaN,NaN
1,8,3847.000000000000,NaN,0,3847,0,0,0.002082794268,NaN,NaN,0.014919595997,NaN,NaN
1,24,3829.000000000000,NaN,0,3829,0,0,0.002337444281,NaN,NaN,0.014523528575,NaN,NaN
1,7,4004.000000000000,NaN,0,4004,0,0,0.001772152180,NaN,NaN,0.014344157613,NaN,NaN
1,8,3774.000000000000,NaN,0,3774,0,0,0.002439763749,NaN,NaN,0.014891101100,NaN,NaN
1,53,3944.000000000000,NaN,0,3944,0,0,0.002191699155,NaN,NaN,0.014395242897,NaN,NaN
1,8,4021.000000000000,NaN,0,4021,0,0,0.002209113525,NaN,NaN,0.013856553765,NaN,NaN
1,12,3885.000000000000,NaN,0,3885,0,0,0.002078313208,NaN,NaN,0.014755961812,NaN,NaN
1,2,3931.000000000000,NaN,0,3931,0,0,0.002173635198,NaN,NaN,0.014401028010,NaN,NaN
1,0,4006.000000000000,NaN,0,4006,0,0,0.002286725303,NaN,NaN,0.013993729987,NaN,NaN
1,0,4022.000000000000,NaN,0,4022,0,0,0.001930263452,NaN,NaN,0.014373446400,NaN,NaN
1,5,4103.000000000000,NaN,0,4103,0,0,0.001797994449,NaN,NaN,0.013900809407,NaN,NaN
1,16,4000.000000000000,NaN,0,4000,0,0,0.002143949030,NaN,NaN,0.014260442692,NaN,NaN
1,9,4070.000000000000,NaN,0,4070,0,0,0.002083572612,NaN,NaN,0.013761702457,NaN,NaN
1,0,3953.000000000000,NaN,0,3953,0,0,0.002076289554,NaN,NaN,0.014082722689,NaN,NaN
1,6,3933.000000000000,NaN,0,3933,0,0,0.002089433960,NaN,NaN,0.014645505447,NaN,NaN
1,32,3710.000000000000,NaN,0,3710,0,0,0.002367324109,NaN,NaN,0.015424113523,NaN,NaN
1,50,3927.000000000000,NaN,0,3927,0,0,0.002261409222,NaN,NaN,0.014290047432,NaN,NaN
1,8,4039.000000000000,NaN,0,4039,0,0,0.001973386439,NaN,NaN,0.013951930666,NaN,NaN
1,25,3835.000000000000,NaN,0,3835,0,0,0.002179577602,NaN,NaN,0.014737624140,NaN,NaN
1,17,4064.000000000000,NaN,0,4064,0,0,0.002036351364,NaN,NaN,0.013906623005,NaN,NaN
1,4,3901.000000000000,NaN,0,3901,0,0,0.002211515541,NaN,NaN,0.014229893480,NaN,NaN
1,8,3902.000000000000,NaN,0,3902,0,0,0.002195662267,NaN,NaN,0.014546294817,NaN,NaN
1,9,3688.000000000000,NaN,0,3688,0,0,0.002183237499,NaN,NaN,0.015706196705,NaN,NaN
1,12,4071.000000000000,NaN,0,4071,0,0,0.002097064853,NaN,NaN,0.014011190444,NaN,NaN
1,0,3984.000000000000,NaN,0,3984,0,0,0.002195426667,NaN,NaN,0.013942428661,NaN,NaN
1,8,3917.000000000000,NaN,0,3917,0,0,0.002028683015,NaN,NaN,0.014713756496,NaN,NaN
1,0,3941.000000000000,NaN,0,3941,0,0,0.002029319490,NaN,NaN,0.014442295714,NaN,NaN
1,4,3814.000000000000,NaN,0,3814,0,0,0.002245002988,NaN,NaN,0.014693624256,NaN,NaN
1,37,3903.000000000000,NaN,0,3903,0,0,0.002134956105,NaN,NaN,0.014619826095,NaN,NaN
1,38,3971.000000000000,NaN,0,3971,0,0,0.002365627293,NaN,NaN,0.013843886816,NaN,NaN
1,7,3930.000000000000,NaN,0,3930,0,0,0.002094425694,NaN,NaN,0.014435942825,NaN,NaN
1,18,4058.000000000000,NaN,0,4058,0,0,0.001907024094,NaN,NaN,0.014134298890,NaN,NaN
1,7,3988.000000000000,NaN,0,3988,0,0,0.002172565853,NaN,NaN,0.013856151420,NaN,NaN
1,60,3921.000000000000,NaN,0,3921,0,0,0.002114685957,NaN,NaN,0.014458180521,NaN,NaN
1,6,3988.000000000000,NaN,0,3988,0,0,0.002285124362,NaN,NaN,0.013781649096,NaN,NaN
1,2,3962.000000000000,NaN,0,3962,0,0,0.002113068221,NaN,NaN,0.014093003025,NaN,NaN
1,5,4094.000000000000,NaN,0,4094,0,0,0.002174640691,NaN,NaN,0.013855697363,NaN,NaN
1,7,3775.000000000000,NaN,0,3775,0,0,0.002571054008,NaN,NaN,0.014921211858,NaN,NaN
1,0,4092.000000000000,NaN,0,4092,0,0,0.001814596761,NaN,NaN,0.013944731826,NaN,NaN
1,0,76.000000000000,NaN,0,76,0,0,0.001459785105,NaN,NaN,0.008911123947,NaN,NaN
STAT END
HIST START
1298
   0 0
   1 0
   2 0
   3 0
   4 0
   5 0
   6 0
   7 0
   8 0
   9 0
   10 0
   11 0
   12 0
   13 0
   14 0
   15 0
   16 0
   17 0
   18 0
   19 0
   20 3
   21 4
   22 6
   23 5
   24 8
   25 16
   26 13
   27 16
   28 11
   29 19
   30 14
   31 22
   32 22
   33 28
   34 25
   35 34
   36 34
   37 29
   38 35
   39 27
   40 37
   41 31
   42 36
   43 37
   44 50
   45 47
   46 51
   47 67
   48 69
   49 66
   50 69
   51 78
   52 81
   53 85
   54 81
   55 98
   56 99
   57 93
   58 99
   59 98
   60 142
   61 132
   62 150
   63 142
   64 150
   65 178
   66 160
   67 182
   68 203
   69 213
   70 208
   71 258
   72 242
   73 276
   74 309
   75 333
   76 388
   77 413
   78 421
   79 476
   80 522
   81 584
   82 597
   83 642
   84 688
   85 761
   86 755
   87 861
   88 911
   89 973
   90 1072
   91 1090
   92 1196
   93 1337
   94 1298
   95 1379
   96 1439
   97 1487
   98 1531
   99 1576
   100 1646
   101 1644
   102 1686
   103 1728
   104 1695
   105 1732
   106 1796
   107 1838
   108 1867
   109 1835
   110 1926
   111 1849
   112 1922
   113 1946
   114 2002
   115 2029
   116 1895
   117 1866
   118 1997
   119 2087
   120 1962
   121 1999
   122 1952
   123 2053
   124 1959
   125 1973
   126 1921
   127 1926
   128 1980
   129 1902
   130 1875
   131 1958
   132 1864
   133 1728
   134 1715
   135 1797
   136 1779
   137 1741
   138 1741
   139 1793
   140 1664
   141 1673
   142 1647
   143 1700
   144 1631
   145 1560
   146 1655
   147 1659
   148 1597
   149 1591
   150 1613
   151 1651
   152 1674
   153 1607
   154 1699
   155 1653
   156 1676
   157 1727
   158 1764
   159 1783
   160 1783
   161 1834
   162 1859
   163 1888
   164 1866
   165 1886
   166 1929
   167 2161
   168 2066
   169 2081
   170 1988
   171 2082
   172 2060
   173 2153
   174 2127
   175 2111
   176 2089
   177 2136
   178 2133
   179 2133
   180 1993
   181 2026
   182 2002
   183 2081
   184 2071
   185 2066
   186 2035
   187 2057
   188 2001
   189 2030
   190 1883
   191 1808
   192 1884
   193 1852
   194 1792
   195 1830
   196 1822
   197 1793
   198 1703
   199 1570
   200 1659
   201 1595
   202 1479
   203 1484
   204 1385
   205 1357
   206 1259
   207 1287
   208 1271
   209 1162
   210 1121
   211 1194
   212 1126
   213 1107
   214 1052
   215 1061
   216 991
   217 885
   218 960
   219 860
   220 873
   221 790
   222 810
   223 777
   224 756
   225 753
   226 706
   227 660
   228 698
   229 670
   230 688
   231 614
   232 592
   233 589
   234 537
   235 568
   236 516
   237 603
   238 501
   239 479
   240 493
   241 480
   242 467
   243 487
   244 471
   245 449
   246 425
   247 455
   248 393
   249 413
   250 380
   251 387
   252 398
   253 398
   254 383
   255 363
   256 349
   257 393
   258 399
   259 373
   260 377
   261 361
   262 358
   263 357
   264 329
   265 320
   266 330
   267 311
   268 305
   269 302
   270 313
   271 328
   272 295
   273 274
   274 259
   275 281
   276 243
   277 240
   278 248
   279 243
   280 218
   281 203
   282 215
   283 209
   284 217
   285 198
   286 229
   287 202
   288 196
   289 203
   290 189
   291 175
   292 173
   293 164
   294 170
   295 147
   296 134
   297 151
   298 159
   299 136
   300 146
   301 129
   302 133
   303 133
   304 127
   305 116
   306 130
   307 102
   308 90
   309 107
   310 101
   311 84
   312 79
   313 88
   314 74
   315 75
   316 71
   317 83
   318 86
   319 68
   320 77
   321 75
   322 78
   323 76
   324 84
   325 77
   326 77
   327 81
   328 84
   329 66
   330 71
   331 76
   332 70
   333 72
   334 66
   335 71
   336 51
   337 36
   338 62
   339 55
   340 37
   341 52
   342 45
   343 45
   344 61
   345 56
   346 48
   347 50
   348 35
   349 36
   350 37
   351 39
   352 52
   353 50
   354 35
   355 34
   356 44
   357 28
   358 29
   359 22
   360 34
   361 30
   362 36
   363 27
   364 33
   365 22
   366 31
   367 36
   368 25
   369 24
   370 34
   371 32
   372 21
   373 27
   374 20
   375 23
   376 19
   377 32
   378 25
   379 24
   380 19
   381 20
   382 30
   383 13
   384 13
   385 17
   386 10
   387 17
   388 13
   389 11
   390 7
   391 13
   392 12
   393 16
   394 9
   395 16
   396 15
   397 15
   398 17
   399 15
   400 16
   401 14
   402 12
   403 13
   404 13
   405 13
   406 7
   407 15
   408 7
   409 6
   410 11
   411 7
   412 7
   413 17
   414 7
   415 13
   416 10
   417 9
   418 8
   419 17
   420 11
   421 8
   422 6
   423 6
   424 11
   425 8
   426 4
   427 5
   428 11
   429 3
   430 5
   431 6
   432 8
   433 8
   434 5
   435 5
   436 5
   437 8
   438 5
   439 9
   440 6
   441 4
   442 7
   443 5
   444 3
   445 4
   446 5
   447 4
   448 5
   449 3
   450 3
   451 6
   452 0
   453 2
   454 4
   455 4
   456 4
   457 2
   458 3
   459 2
   460 5
   461 4
   462 4
   463 1
   464 3
   465 5
   466 6
   467 3
   468 6
   469 2
   470 4
   471 4
   472 2
   473 0
   474 5
   475 2
   476 0
   477 0
   478 1
   479 1
   480 0
   481 1
   482 3
   483 2
   484 1
   485 1
   486 2
   487 3
   488 3
   489 2
   490 0
   491 0
   492 3
   493 4
   494 5
   495 5
   496 5
   497 2
   498 2
   499 0
   500 1
   501 1
   502 1
   503 0
   504 1
   505 4
   506 4
   507 0
   508 3
   509 0
   510 0
   511 0
   512 0
   513 1
   514 0
   515 1
   516 1
   517 1
   518 0
   519 1
   520 0
   521 0
   522 0
   523 0
   524 0
   525 4
   526 0
   527 1
   528 0
   529 0
   530 0
   531 1
   532 0
   533 0
   534 1
   535 0
   536 0
   537 2
   538 2
   539 1
   540 2
   541 1
   542 1
   543 1
   544 0
   545 0
   546 0
   547 3
   548 3
   549 0
   550 0
   551 2
   552 2
   553 2
   554 1
   555 1
   556 0
   557 1
   558 0
   559 0
   560 0
   561 0
   562 0
   563 0
   564 0
   565 0
   566 0
   567 0
   568 0
   569 1
   570 0
   571 0
   572 0
   573 0
   574 0
   575 1
   576 0
   577 1
   578 2
   579 0
   580 0
   581 0
   582 0
   583 0
   584 2
   585 1
   586 0
   587 0
   588 0
   589 0
   590 0
   591 0
   592 0
   593 0
   594 1
   595 0
   596 0
   597 1
   598 0
   599 0
   600 0
   601 0
   602 0
   603 1
   604 0
   605 0
   606 0
   607 0
   608 0
   609 0
   610 0
   611 1
   612 0
   613 0
   614 0
   615 0
   616 1
   617 2
   618 0
   619 0
   620 0
   621 0
   622 0
   623 0
   624 1
   625 0
   626 1
   627 1
   628 0
   629 0
   630 0
   631 0
   632 0
   633 0
   634 0
   635 1
   636 1
   637 0
   638 0
   639 0
   640 1
   641 0
   642 1
   643 1
   644 0
   645 1
   646 1
   647 0
   648 1
   649 0
   650 0
   651 0
   652 0
   653 0
   654 0
   655 0
   656 0
   657 0
   658 1
   659 0
   660 1
   661 2
   662 2
   663 2
   664 0
   665 0
   666 0
   667 2
   668 1
   669 2
   670 2
   671 1
   672 3
   673 0
   674 1
   675 0
   676 0
   677 0
   678 1
   679 1
   680 1
   681 0
   682 1
   683 0
   684 1
   685 1
   686 0
   687 0
   688 0
   689 0
   690 0
   691 0
   692 0
   693 0
   694 0
   695 1
   696 0
   697 0
   698 1
   699 0
   700 0
   701 0
   702 0
   703 0
   704 0
   705 0
   706 0
   707 0
   708 0
   709 0
   710 0
   711 0
   712 0
   713 0
   714 1
   715 0
   716 0
   717 0
   718 0
   719 0
   720 0
   721 0
   722 0
   723 0
   724 0
   725 0
   726 0
   727 1
   728 0
   729 0
   730 0
   731 0
   732 0
   733 0
   734 0
   735 0
   736 0
   737 0
   738 0
   739 0
   740 0
   741 0
   742 0
   743 0
   744 0
   745 0
   746 0
   747 0
   748 0
   749 0
   750 0
   751 1
   752 0
   753 0
   754 0
   755 0
   756 2
   757 1
   758 0
   759 1
   760 0
   761 0
   762 0
   763 0
   764 1
   765 2
   766 1
   767 2
   768 2
   769 0
   770 0
   771 0
   772 0
   773 0
   774 0
   775 1
   776 1
   777 0
   778 0
   779 0
   780 0
   781 0
   782 0
   783 0
   784 0
   785 0
   786 0
   787 0
   788 0
   789 0
   790 1
   791 0
   792 0
   793 0
   794 0
   795 0
   796 0
   797 0
   798 1
   799 0
   800 1
   801 0
   802 0
   803 0
   804 0
   805 0
   806 0
   807 2
   808 0
   809 0
   810 0
   811 1
   812 0
   813 0
   814 0
   815 1
   816 1
   817 0
   818 0
   819 0
   820 1
   821 1
   822 2
   823 0
   824 0
   825 0
   826 0
   827 1
   828 0
   829 0
   830 0
   831 0
   832 0
   833 0
   834 0
   835 0
   836 0
   837 1
   838 1
   839 0
   840 0
   841 0
   842 0
   843 0
   844 1
   845 0
   846 1
   847 0
   848 0
   849 0
   850 0
   851 0
   852 0
   853 0
   854 0
   855 0
   856 1
   857 0
   858 0
   859 1
   860 0
   861 0
   862 0
   863 0
   864 1
   865 0
   866 0
   867 0
   868 0
   869 0
   870 0
   871 0
   872 0
   873 0
   874 0
   875 0
   876 0
   877 0
   878 0
   879 0
   880 1
   881 0
   882 0
   883 1
   884 0
   885 0
   886 0
   887 1
   888 0
   889 1
   890 0
   891 0
   892 0
   893 0
   894 0
   895 0
   896 2
   897 0
   898 0
   899 0
   900 1
   901 1
   902 0
   903 0
   904 0
   905 0
   906 0
   907 1
   908 0
   909 1
   910 0
   911 0
   912 0
   913 0
   914 0
   915 0
   916 0
   917 0
   918 0
   919 0
   920 1
   921 0
   922 0
   923 0
   924 0
   925 0
   926 0
   927 0
   928 0
   929 0
   930 0
   931 0
   932 0
   933 0
   934 0
   935 1
   936 0
   937 1
   938 0
   939 0
   940 0
   941 0
   942 0
   943 0
   944 1
   945 0
   946 1
   947 0
   948 0
   949 0
   950 1
   951 0
   952 0
   953 0
   954 0
   955 0
   956 0
   957 1
   958 0
   959 0
   960 0
   961 0
   962 0
   963 0
   964 0
   965 1
   966 0
   967 0
   968 0
   969 0
   970 0
   971 0
   972 1
   973 0
   974 0
   975 0
   976 0
   977 0
   978 0
   979 0
   980 0
   981 0
   982 0
   983 0
   984 0
   985 0
   986 0
   987 0
   988 0
   989 0
   990 0
   991 0
   992 0
   993 0
   994 0
   995 0
   996 0
   997 0
   998 0
   999 0
   1000 0
   1001 1
   1002 0
   1003 0
   1004 0
   1005 0
   1006 0
   1007 0
   1008 0
   1009 0
   1010 1
   1011 1
   1012 2
   1013 0
   1014 0
   1015 0
   1016 0
   1017 0
   1018 0
   1019 0
   1020 0
   1021 0
   1022 0
   1023 0
   1024 0
   1025 0
   1026 0
   1027 0
   1028 2
   1029 0
   1030 0
   1031 0
   1032 0
   1033 0
   1034 0
   1035 0
   1036 0
   1037 0
   1038 0
   1039 0
   1040 1
   1041 0
   1042 1
   1043 1
   1044 0
   1045 0
   1046 0
   1047 0
   1048 0
   1049 0
   1050 0
   1051 0
   1052 0
   1053 0
   1054 0
   1055 0
   1056 0
   1057 0
   1058 0
   1059 0
   1060 0
   1061 0
   1062 0
   1063 0
   1064 0
   1065 0
   1066 0
   1067 0
   1068 0
   1069 0
   1070 0
   1071 0
   1072 0
   1073 0
   1074 0
   1075 0
   1076 0
   1077 0
   1078 0
   1079 0
   1080 0
   1081 0
   1082 0
   1083 0
   1084 1
   1085 0
   1086 0
   1087 0
   1088 0
   1089 0
   1090 0
   1091 0
   1092 0
   1093 0
   1094 0
   1095 0
   1096 0
   1097 0
   1098 0
   1099 0
   1100 0
   1101 0
   1102 0
   1103 0
   1104 0
   1105 0
   1106 0
   1107 0
   1108 0
   1109 0
   1110 0
   1111 0
   1112 0
   1113 0
   1114 0
   1115 0
   1116 0
   1117 0
   1118 0
   1119 0
   1120 0
   1121 0
   1122 0
   1123 0
   1124 0
   1125 0
   1126 1
   1127 0
   1128 0
   1129 0
   1130 0
   1131 0
   1132 0
   1133 0
   1134 0
   1135 0
   1136 0
   1137 0
   1138 0
   1139 0
   1140 0
   1141 0
   1142 1
   1143 0
   1144 0
   1145 0
   1146 0
   1147 0
   1148 0
   1149 0
   1150 0
   1151 0
   1152 0
   1153 0
   1154 0
   1155 0
   1156 0
   1157 0
   1158 0
   1159 0
   1160 0
   1161 0
   1162 0
   1163 0
   1164 0
   1165 0
   1166 0
   1167 0
   1168 0
   1169 0
   1170 0
   1171 0
   1172 0
   1173 0
   1174 0
   1175 0
   1176 0
   1177 0
   1178 0
   1179 0
   1180 0
   1181 0
   1182 0
   1183 0
   1184 0
   1185 0
   1186 0
   1187 0
   1188 0
   1189 0
   1190 0
   1191 0
   1192 0
   1193 0
   1194 0
   1195 0
   1196 0
   1197 0
   1198 0
   1199 0
   1200 0
   1201 0
   1202 0
   1203 0
   1204 0
   1205 0
   1206 0
   1207 0
   1208 0
   1209 0
   1210 0
   1211 0
   1212 0
   1213 0
   1214 0
   1215 0
   1216 0
   1217 1
   1218 0
   1219 0
   1220 0
   1221 0
   1222 0
   1223 0
   1224 0
   1225 0
   1226 0
   1227 0
   1228 0
   1229 0
   1230 0
   1231 0
   1232 0
   1233 0
   1234 0
   1235 0
   1236 0
   1237 0
   1238 0
   1239 0
   1240 0
   1241 0
   1242 0
   1243 0
   1244 0
   1245 0
   1246 0
   1247 0
   1248 0
   1249 0
   1250 0
   1251 0
   1252 0
   1253 0
   1254 0
   1255 0
   1256 0
   1257 0
   1258 0
   1259 0
   1260 0
   1261 0
   1262 0
   1263 0
   1264 0
   1265 0
   1266 0
   1267 0
   1268 0
   1269 0
   1270 0
   1271 0
   1272 0
   1273 0
   1274 0
   1275 0
   1276 0
   1277 0
   1278 0
   1279 0
   1280 0
   1281 0
   1282 0
   1283 0
   1284 0
   1285 0
   1286 0
   1287 0
   1288 0
   1289 0
   1290 0
   1291 0
   1292 0
   1293 0
   1294 0
   1295 0
   1296 0
   1297 1
HIST END
