STAT START
secs,qlen,thru,msrt,items,nset,nget,nmget,sqt,gqt,mqt,swt,gwt,mwt
1,83,3528.000000000000,0.027210884354,3528,0,3528,0,NaN,0.019726029203,NaN,NaN,0.002216548384,NaN
1,84,4208.000000000000,0.000000000000,4208,0,4208,0,NaN,0.016944987127,NaN,NaN,0.001899272221,NaN
1,78,3815.000000000000,0.000000000000,3815,0,3815,0,NaN,0.019256362174,NaN,NaN,0.002093599601,NaN
1,77,4144.000000000000,0.000000000000,4144,0,4144,0,NaN,0.017633131665,NaN,NaN,0.001920558980,NaN
1,78,4098.000000000000,0.000000000000,4098,0,4098,0,NaN,0.018195282023,NaN,NaN,0.001950171419,NaN
1,69,3855.000000000000,0.000000000000,3855,0,3855,0,NaN,0.019106933969,NaN,NaN,0.002077260927,NaN
1,73,4092.000000000000,0.000000000000,4092,0,4092,0,NaN,0.018003288095,NaN,NaN,0.001947970354,NaN
1,51,4062.000000000000,0.000000000000,4062,0,4062,0,NaN,0.018229934169,NaN,NaN,0.001975063781,NaN
1,80,4090.000000000000,0.000000000000,4090,0,4090,0,NaN,0.018068393916,NaN,NaN,0.001956443770,NaN
1,66,3938.000000000000,0.000000000000,3938,0,3938,0,NaN,0.018626171418,NaN,NaN,0.002020825342,NaN
1,50,4083.000000000000,0.000000000000,4083,0,4083,0,NaN,0.017823070284,NaN,NaN,0.001963249284,NaN
1,86,4070.000000000000,0.000000000000,4070,0,4070,0,NaN,0.018007767178,NaN,NaN,0.001960559013,NaN
1,77,4179.000000000000,0.000000000000,4179,0,4179,0,NaN,0.017622777518,NaN,NaN,0.001917031940,NaN
1,67,3950.000000000000,0.000000000000,3950,0,3950,0,NaN,0.018874543484,NaN,NaN,0.002025080433,NaN
1,65,3828.000000000000,0.006269592476,3828,0,3828,0,NaN,0.018963869948,NaN,NaN,0.002084483399,NaN
1,76,4143.000000000000,0.019309678977,4143,0,4143,0,NaN,0.017796410460,NaN,NaN,0.001934443971,NaN
1,66,3839.000000000000,0.018233915082,3839,0,3839,0,NaN,0.019509947443,NaN,NaN,0.002082520714,NaN
1,68,3928.000000000000,0.020621181263,3928,0,3928,0,NaN,0.019045098086,NaN,NaN,0.002032403523,NaN
1,62,4211.000000000000,0.003562099264,4211,0,4211,0,NaN,0.017385094951,NaN,NaN,0.001899008040,NaN
1,87,3929.000000000000,0.000000000000,3929,0,3929,0,NaN,0.018869438128,NaN,NaN,0.002036354904,NaN
1,88,3855.000000000000,0.000000000000,3855,0,3855,0,NaN,0.019209850727,NaN,NaN,0.002068501040,NaN
1,76,4166.000000000000,0.000000000000,4166,0,4166,0,NaN,0.017875970741,NaN,NaN,0.001923215172,NaN
1,76,4045.000000000000,0.000000000000,4045,0,4045,0,NaN,0.018378534272,NaN,NaN,0.001968108089,NaN
1,78,3945.000000000000,0.000000000000,3945,0,3945,0,NaN,0.018950412480,NaN,NaN,0.002043665759,NaN
1,74,4048.000000000000,0.000000000000,4048,0,4048,0,NaN,0.018309012702,NaN,NaN,0.001959727777,NaN
1,71,4056.000000000000,0.000000000000,4056,0,4056,0,NaN,0.018244724089,NaN,NaN,0.001973983890,NaN
1,80,4000.000000000000,0.000000000000,4000,0,4000,0,NaN,0.018232522850,NaN,NaN,0.001995661972,NaN
1,78,4188.000000000000,0.000000000000,4188,0,4188,0,NaN,0.017496270691,NaN,NaN,0.001918200112,NaN
1,78,3724.000000000000,0.000000000000,3724,0,3724,0,NaN,0.019613863132,NaN,NaN,0.002139105321,NaN
1,85,3694.000000000000,0.000000000000,3694,0,3694,0,NaN,0.020129660715,NaN,NaN,0.002163905284,NaN
1,79,3489.000000000000,0.000000000000,3489,0,3489,0,NaN,0.021438777388,NaN,NaN,0.002287645970,NaN
1,86,4077.000000000000,0.005886681383,4077,0,4077,0,NaN,0.018183369128,NaN,NaN,0.001960076768,NaN
1,85,3979.000000000000,0.018094998743,3979,0,3979,0,NaN,0.018471570739,NaN,NaN,0.002005758870,NaN
1,88,4139.000000000000,0.000000000000,4139,0,4139,0,NaN,0.017833357273,NaN,NaN,0.001932296141,NaN
1,66,3999.000000000000,0.000000000000,3999,0,3999,0,NaN,0.018223084873,NaN,NaN,0.002005310207,NaN
1,76,3851.000000000000,0.000000000000,3851,0,3851,0,NaN,0.019260865073,NaN,NaN,0.002075823168,NaN
1,76,3876.000000000000,0.000000000000,3876,0,3876,0,NaN,0.019207168404,NaN,NaN,0.002062148446,NaN
1,64,3940.000000000000,0.000000000000,3940,0,3940,0,NaN,0.018521798482,NaN,NaN,0.002027458399,NaN
1,62,4022.000000000000,0.000000000000,4022,0,4022,0,NaN,0.018238037031,NaN,NaN,0.001987994770,NaN
1,72,4475.000000000000,0.000000000000,4475,0,4475,0,NaN,0.016000969716,NaN,NaN,0.001785853731,NaN
1,76,4114.000000000000,0.000000000000,4114,0,4114,0,NaN,0.017927493541,NaN,NaN,0.001944864991,NaN
1,73,4137.000000000000,0.006284747401,4137,0,4137,0,NaN,0.017632589967,NaN,NaN,0.001930147566,NaN
1,74,3896.000000000000,0.009496919918,3896,0,3896,0,NaN,0.019023406819,NaN,NaN,0.002051363670,NaN
1,71,3950.000000000000,0.000506329114,3950,0,3950,0,NaN,0.018643113006,NaN,NaN,0.002022717241,NaN
1,71,3912.000000000000,0.000000000000,3912,0,3912,0,NaN,0.018831300228,NaN,NaN,0.002045771524,NaN
1,77,3973.000000000000,0.005033979361,3973,0,3973,0,NaN,0.018332165340,NaN,NaN,0.002014576349,NaN
1,76,4243.000000000000,0.016262078718,4243,0,4243,0,NaN,0.017533997381,NaN,NaN,0.001884949702,NaN
1,61,3837.000000000000,0.001824341934,3837,0,3837,0,NaN,0.019226239527,NaN,NaN,0.002082821221,NaN
1,78,3860.000000000000,0.000000000000,3860,0,3860,0,NaN,0.018786051263,NaN,NaN,0.002071723615,NaN
1,75,4160.000000000000,0.000000000000,4160,0,4160,0,NaN,0.017493579464,NaN,NaN,0.001921086401,NaN
1,76,4206.000000000000,0.000000000000,4206,0,4206,0,NaN,0.017326632456,NaN,NaN,0.001898766954,NaN
1,79,4082.000000000000,0.000000000000,4082,0,4082,0,NaN,0.018132792312,NaN,NaN,0.001960430638,NaN
1,80,3920.000000000000,0.000000000000,3920,0,3920,0,NaN,0.018932907960,NaN,NaN,0.002049180448,NaN
1,72,3984.000000000000,0.000000000000,3984,0,3984,0,NaN,0.018734279708,NaN,NaN,0.001998565645,NaN
1,88,4143.000000000000,0.000000000000,4143,0,4143,0,NaN,0.017816367648,NaN,NaN,0.001924168005,NaN
1,79,4253.000000000000,0.000000000000,4253,0,4253,0,NaN,0.017193821276,NaN,NaN,0.001883049163,NaN
1,84,4185.000000000000,0.000000000000,4185,0,4185,0,NaN,0.017651939823,NaN,NaN,0.001908123193,NaN
1,75,4283.000000000000,0.000000000000,4283,0,4283,0,NaN,0.017240422868,NaN,NaN,0.001871895655,NaN
1,71,4063.000000000000,0.000000000000,4063,0,4063,0,NaN,0.018166025599,NaN,NaN,0.001966842504,NaN
1,56,4059.000000000000,0.000000000000,4059,0,4059,0,NaN,0.018252717206,NaN,NaN,0.001970473599,NaN
1,57,4291.000000000000,0.000000000000,4291,0,4291,0,NaN,0.016866028209,NaN,NaN,0.001862858291,NaN
1,81,3927.000000000000,0.000000000000,3927,0,3927,0,NaN,0.018752100031,NaN,NaN,0.002042357766,NaN
1,88,3887.000000000000,0.000000000000,3887,0,3887,0,NaN,0.019067299855,NaN,NaN,0.002044829841,NaN
1,80,3912.000000000000,0.000000000000,3912,0,3912,0,NaN,0.019161073775,NaN,NaN,0.002043968735,NaN
1,84,4039.000000000000,0.000000000000,4039,0,4039,0,NaN,0.018560779328,NaN,NaN,0.001981160392,NaN
1,69,3917.000000000000,0.000000000000,3917,0,3917,0,NaN,0.019062046791,NaN,NaN,0.002037768787,NaN
1,70,4194.000000000000,0.000000000000,4194,0,4194,0,NaN,0.017578418908,NaN,NaN,0.001909459547,NaN
1,86,4109.000000000000,0.000000000000,4109,0,4109,0,NaN,0.017679730732,NaN,NaN,0.001948095370,NaN
1,82,3844.000000000000,0.000000000000,3844,0,3844,0,NaN,0.019304052873,NaN,NaN,0.002079535225,NaN
1,49,3921.000000000000,0.000000000000,3921,0,3921,0,NaN,0.019269533150,NaN,NaN,0.002041464794,NaN
1,0,70.000000000000,0.000000000000,70,0,70,0,NaN,0.018824947371,NaN,NaN,0.001810010086,NaN
STAT END
Server 0 handled 93448 requests.
Server 1 handled 93460 requests.
Server 2 handled 93434 requests.
SET HIST START
0
SET HIST END
GET HIST START
1260
   0 0
   1 0
   2 0
   3 0
   4 0
   5 0
   6 0
   7 0
   8 0
   9 0
   10 0
   11 0
   12 0
   13 0
   14 0
   15 0
   16 0
   17 0
   18 0
   19 0
   20 0
   21 0
   22 0
   23 0
   24 0
   25 0
   26 0
   27 0
   28 0
   29 0
   30 0
   31 0
   32 0
   33 0
   34 0
   35 2
   36 0
   37 3
   38 0
   39 1
   40 0
   41 0
   42 1
   43 0
   44 0
   45 1
   46 3
   47 1
   48 0
   49 0
   50 0
   51 1
   52 1
   53 1
   54 0
   55 2
   56 1
   57 4
   58 3
   59 0
   60 3
   61 1
   62 5
   63 4
   64 10
   65 6
   66 3
   67 3
   68 8
   69 9
   70 10
   71 17
   72 18
   73 11
   74 17
   75 18
   76 16
   77 31
   78 31
   79 31
   80 44
   81 40
   82 30
   83 40
   84 51
   85 59
   86 55
   87 79
   88 57
   89 79
   90 78
   91 77
   92 81
   93 92
   94 110
   95 113
   96 132
   97 130
   98 143
   99 153
   100 169
   101 194
   102 184
   103 191
   104 212
   105 259
   106 226
   107 270
   108 275
   109 295
   110 290
   111 345
   112 374
   113 380
   114 379
   115 435
   116 424
   117 499
   118 508
   119 505
   120 555
   121 547
   122 612
   123 638
   124 610
   125 669
   126 683
   127 742
   128 757
   129 771
   130 814
   131 851
   132 923
   133 880
   134 946
   135 962
   136 996
   137 965
   138 1059
   139 1037
   140 1100
   141 1116
   142 1188
   143 1166
   144 1174
   145 1228
   146 1222
   147 1244
   148 1304
   149 1332
   150 1338
   151 1392
   152 1376
   153 1401
   154 1386
   155 1511
   156 1522
   157 1537
   158 1624
   159 1625
   160 1788
   161 1660
   162 1672
   163 1798
   164 1817
   165 1851
   166 1981
   167 1955
   168 2022
   169 2044
   170 2134
   171 2128
   172 2370
   173 2392
   174 2396
   175 2482
   176 2459
   177 2590
   178 2500
   179 2426
   180 2589
   181 2473
   182 2475
   183 2518
   184 2532
   185 2506
   186 2482
   187 2486
   188 2492
   189 2514
   190 2562
   191 2484
   192 2362
   193 2366
   194 2392
   195 2353
   196 2277
   197 2206
   198 2248
   199 2299
   200 2247
   201 2205
   202 2220
   203 2168
   204 2183
   205 2184
   206 2174
   207 2241
   208 2177
   209 2278
   210 2026
   211 2063
   212 2037
   213 2017
   214 2039
   215 2058
   216 1907
   217 1885
   218 2017
   219 1877
   220 1938
   221 1858
   222 1912
   223 1895
   224 1844
   225 1894
   226 1841
   227 1841
   228 1755
   229 1740
   230 1827
   231 1680
   232 1698
   233 1682
   234 1697
   235 1692
   236 1703
   237 1637
   238 1648
   239 1620
   240 1739
   241 1581
   242 1560
   243 1488
   244 1573
   245 1664
   246 1572
   247 1499
   248 1611
   249 1585
   250 1469
   251 1501
   252 1423
   253 1382
   254 1310
   255 1322
   256 1298
   257 1191
   258 1265
   259 1161
   260 1141
   261 1157
   262 1076
   263 977
   264 920
   265 953
   266 939
   267 919
   268 816
   269 837
   270 769
   271 796
   272 717
   273 762
   274 658
   275 652
   276 593
   277 612
   278 561
   279 557
   280 552
   281 515
   282 486
   283 464
   284 421
   285 401
   286 425
   287 376
   288 379
   289 373
   290 345
   291 322
   292 343
   293 284
   294 288
   295 296
   296 286
   297 251
   298 283
   299 267
   300 246
   301 225
   302 204
   303 208
   304 196
   305 167
   306 174
   307 176
   308 171
   309 182
   310 163
   311 169
   312 151
   313 145
   314 152
   315 133
   316 149
   317 146
   318 123
   319 130
   320 127
   321 123
   322 109
   323 104
   324 131
   325 96
   326 100
   327 104
   328 111
   329 97
   330 114
   331 107
   332 84
   333 96
   334 102
   335 84
   336 94
   337 71
   338 75
   339 68
   340 83
   341 58
   342 61
   343 49
   344 45
   345 50
   346 57
   347 49
   348 49
   349 46
   350 33
   351 47
   352 50
   353 46
   354 45
   355 50
   356 47
   357 40
   358 40
   359 51
   360 30
   361 37
   362 44
   363 44
   364 49
   365 55
   366 31
   367 39
   368 35
   369 23
   370 31
   371 23
   372 29
   373 24
   374 25
   375 30
   376 21
   377 29
   378 32
   379 26
   380 23
   381 23
   382 20
   383 18
   384 26
   385 22
   386 20
   387 22
   388 21
   389 18
   390 36
   391 20
   392 25
   393 23
   394 16
   395 23
   396 20
   397 17
   398 14
   399 13
   400 14
   401 10
   402 15
   403 10
   404 13
   405 16
   406 8
   407 14
   408 15
   409 15
   410 14
   411 15
   412 17
   413 12
   414 7
   415 11
   416 14
   417 18
   418 15
   419 9
   420 6
   421 11
   422 4
   423 5
   424 7
   425 7
   426 10
   427 5
   428 4
   429 3
   430 6
   431 3
   432 13
   433 5
   434 2
   435 4
   436 5
   437 10
   438 5
   439 6
   440 2
   441 5
   442 7
   443 6
   444 10
   445 7
   446 6
   447 7
   448 4
   449 5
   450 6
   451 5
   452 7
   453 3
   454 6
   455 5
   456 8
   457 10
   458 4
   459 2
   460 3
   461 7
   462 8
   463 7
   464 7
   465 6
   466 6
   467 3
   468 6
   469 3
   470 7
   471 3
   472 4
   473 7
   474 6
   475 1
   476 1
   477 4
   478 5
   479 2
   480 3
   481 3
   482 1
   483 3
   484 2
   485 3
   486 4
   487 4
   488 5
   489 0
   490 3
   491 0
   492 1
   493 2
   494 1
   495 1
   496 1
   497 0
   498 4
   499 0
   500 1
   501 2
   502 1
   503 1
   504 0
   505 0
   506 1
   507 2
   508 3
   509 2
   510 0
   511 2
   512 0
   513 3
   514 3
   515 1
   516 0
   517 2
   518 3
   519 2
   520 4
   521 1
   522 1
   523 4
   524 2
   525 0
   526 0
   527 0
   528 2
   529 0
   530 3
   531 0
   532 0
   533 3
   534 1
   535 0
   536 0
   537 1
   538 1
   539 0
   540 0
   541 0
   542 1
   543 0
   544 0
   545 1
   546 1
   547 0
   548 0
   549 0
   550 0
   551 1
   552 0
   553 1
   554 0
   555 1
   556 0
   557 0
   558 0
   559 0
   560 1
   561 0
   562 0
   563 0
   564 0
   565 0
   566 0
   567 0
   568 0
   569 0
   570 1
   571 0
   572 0
   573 2
   574 0
   575 0
   576 0
   577 0
   578 0
   579 0
   580 0
   581 0
   582 0
   583 0
   584 0
   585 3
   586 1
   587 2
   588 2
   589 4
   590 1
   591 0
   592 1
   593 2
   594 2
   595 0
   596 1
   597 4
   598 0
   599 2
   600 2
   601 0
   602 2
   603 0
   604 1
   605 2
   606 1
   607 1
   608 0
   609 0
   610 0
   611 4
   612 0
   613 0
   614 0
   615 0
   616 0
   617 0
   618 0
   619 1
   620 0
   621 0
   622 0
   623 0
   624 0
   625 0
   626 1
   627 1
   628 0
   629 0
   630 0
   631 1
   632 0
   633 0
   634 0
   635 0
   636 1
   637 1
   638 0
   639 0
   640 0
   641 3
   642 2
   643 1
   644 0
   645 1
   646 1
   647 1
   648 1
   649 1
   650 0
   651 0
   652 0
   653 0
   654 0
   655 1
   656 0
   657 1
   658 0
   659 0
   660 0
   661 1
   662 1
   663 0
   664 0
   665 0
   666 0
   667 0
   668 1
   669 0
   670 0
   671 0
   672 0
   673 0
   674 0
   675 0
   676 0
   677 0
   678 0
   679 0
   680 0
   681 0
   682 0
   683 0
   684 0
   685 0
   686 0
   687 0
   688 0
   689 0
   690 0
   691 0
   692 0
   693 0
   694 0
   695 0
   696 0
   697 0
   698 0
   699 0
   700 0
   701 0
   702 0
   703 0
   704 0
   705 0
   706 1
   707 0
   708 0
   709 0
   710 0
   711 0
   712 1
   713 0
   714 0
   715 2
   716 0
   717 0
   718 1
   719 1
   720 0
   721 0
   722 1
   723 0
   724 1
   725 0
   726 0
   727 1
   728 1
   729 0
   730 1
   731 0
   732 0
   733 1
   734 0
   735 0
   736 0
   737 1
   738 0
   739 0
   740 0
   741 0
   742 0
   743 0
   744 0
   745 0
   746 0
   747 0
   748 0
   749 0
   750 0
   751 0
   752 0
   753 0
   754 0
   755 0
   756 0
   757 1
   758 1
   759 0
   760 0
   761 0
   762 0
   763 0
   764 0
   765 0
   766 0
   767 0
   768 0
   769 1
   770 0
   771 0
   772 0
   773 0
   774 0
   775 0
   776 0
   777 0
   778 0
   779 0
   780 0
   781 0
   782 0
   783 0
   784 0
   785 0
   786 0
   787 0
   788 0
   789 0
   790 0
   791 0
   792 0
   793 0
   794 0
   795 0
   796 0
   797 0
   798 0
   799 0
   800 0
   801 0
   802 0
   803 0
   804 0
   805 0
   806 0
   807 0
   808 0
   809 0
   810 0
   811 0
   812 0
   813 0
   814 0
   815 0
   816 0
   817 0
   818 0
   819 0
   820 0
   821 0
   822 0
   823 0
   824 0
   825 0
   826 0
   827 0
   828 0
   829 0
   830 0
   831 0
   832 0
   833 0
   834 0
   835 0
   836 0
   837 0
   838 0
   839 0
   840 0
   841 0
   842 0
   843 0
   844 0
   845 0
   846 0
   847 0
   848 0
   849 0
   850 0
   851 0
   852 0
   853 0
   854 1
   855 0
   856 0
   857 0
   858 0
   859 0
   860 0
   861 0
   862 0
   863 0
   864 1
   865 0
   866 1
   867 0
   868 0
   869 0
   870 0
   871 0
   872 0
   873 1
   874 0
   875 0
   876 0
   877 2
   878 0
   879 1
   880 0
   881 0
   882 0
   883 0
   884 1
   885 1
   886 0
   887 0
   888 0
   889 0
   890 0
   891 0
   892 0
   893 0
   894 0
   895 1
   896 0
   897 0
   898 1
   899 0
   900 0
   901 0
   902 0
   903 1
   904 0
   905 0
   906 0
   907 0
   908 1
   909 0
   910 0
   911 0
   912 1
   913 1
   914 0
   915 0
   916 0
   917 1
   918 0
   919 0
   920 0
   921 0
   922 2
   923 0
   924 0
   925 0
   926 1
   927 0
   928 1
   929 0
   930 0
   931 0
   932 0
   933 0
   934 1
   935 0
   936 0
   937 0
   938 0
   939 0
   940 0
   941 0
   942 0
   943 0
   944 0
   945 0
   946 1
   947 0
   948 0
   949 0
   950 0
   951 1
   952 1
   953 0
   954 0
   955 0
   956 0
   957 1
   958 1
   959 0
   960 0
   961 1
   962 1
   963 3
   964 2
   965 1
   966 1
   967 0
   968 0
   969 0
   970 0
   971 0
   972 0
   973 0
   974 0
   975 0
   976 1
   977 0
   978 0
   979 0
   980 0
   981 1
   982 0
   983 0
   984 0
   985 1
   986 0
   987 0
   988 0
   989 0
   990 2
   991 0
   992 0
   993 0
   994 0
   995 0
   996 0
   997 1
   998 0
   999 0
   1000 0
   1001 0
   1002 0
   1003 0
   1004 0
   1005 0
   1006 1
   1007 3
   1008 0
   1009 0
   1010 0
   1011 0
   1012 3
   1013 0
   1014 0
   1015 0
   1016 0
   1017 1
   1018 0
   1019 0
   1020 0
   1021 0
   1022 0
   1023 0
   1024 0
   1025 0
   1026 0
   1027 0
   1028 0
   1029 0
   1030 0
   1031 2
   1032 0
   1033 1
   1034 0
   1035 0
   1036 0
   1037 2
   1038 1
   1039 0
   1040 1
   1041 0
   1042 0
   1043 0
   1044 0
   1045 0
   1046 0
   1047 0
   1048 0
   1049 0
   1050 0
   1051 0
   1052 0
   1053 0
   1054 0
   1055 0
   1056 0
   1057 0
   1058 0
   1059 0
   1060 0
   1061 0
   1062 0
   1063 0
   1064 0
   1065 0
   1066 0
   1067 0
   1068 0
   1069 0
   1070 0
   1071 0
   1072 0
   1073 0
   1074 2
   1075 0
   1076 2
   1077 1
   1078 0
   1079 0
   1080 2
   1081 0
   1082 0
   1083 0
   1084 1
   1085 0
   1086 0
   1087 2
   1088 0
   1089 0
   1090 0
   1091 0
   1092 0
   1093 0
   1094 0
   1095 0
   1096 0
   1097 0
   1098 0
   1099 0
   1100 0
   1101 0
   1102 0
   1103 0
   1104 0
   1105 0
   1106 0
   1107 0
   1108 0
   1109 0
   1110 0
   1111 0
   1112 0
   1113 0
   1114 0
   1115 0
   1116 0
   1117 0
   1118 1
   1119 1
   1120 0
   1121 0
   1122 1
   1123 0
   1124 0
   1125 0
   1126 0
   1127 0
   1128 0
   1129 0
   1130 0
   1131 0
   1132 0
   1133 0
   1134 0
   1135 0
   1136 0
   1137 0
   1138 0
   1139 0
   1140 0
   1141 1
   1142 0
   1143 0
   1144 0
   1145 0
   1146 0
   1147 1
   1148 0
   1149 1
   1150 0
   1151 0
   1152 0
   1153 0
   1154 0
   1155 1
   1156 0
   1157 0
   1158 0
   1159 1
   1160 2
   1161 1
   1162 2
   1163 0
   1164 0
   1165 0
   1166 0
   1167 0
   1168 3
   1169 1
   1170 0
   1171 0
   1172 0
   1173 0
   1174 0
   1175 0
   1176 0
   1177 0
   1178 0
   1179 0
   1180 0
   1181 0
   1182 0
   1183 0
   1184 0
   1185 0
   1186 0
   1187 0
   1188 0
   1189 0
   1190 0
   1191 0
   1192 0
   1193 0
   1194 0
   1195 0
   1196 0
   1197 0
   1198 0
   1199 0
   1200 0
   1201 0
   1202 0
   1203 0
   1204 0
   1205 0
   1206 0
   1207 0
   1208 0
   1209 1
   1210 0
   1211 0
   1212 0
   1213 0
   1214 0
   1215 0
   1216 0
   1217 0
   1218 0
   1219 0
   1220 0
   1221 0
   1222 0
   1223 0
   1224 0
   1225 0
   1226 0
   1227 0
   1228 0
   1229 0
   1230 0
   1231 0
   1232 0
   1233 0
   1234 0
   1235 0
   1236 0
   1237 0
   1238 0
   1239 0
   1240 0
   1241 0
   1242 0
   1243 0
   1244 0
   1245 0
   1246 1
   1247 1
   1248 0
   1249 0
   1250 0
   1251 0
   1252 0
   1253 0
   1254 0
   1255 0
   1256 0
   1257 1
   1258 1
   1259 2
GET HIST END
MGET HIST START
0
MGET HIST END
