STAT START
secs,qlen,thru,msrt,items,nset,nget,nmget,sqt,gqt,mqt,swt,gwt,mwt
1,0,870.000000000000,NaN,0,870,0,0,0.000210226474,NaN,NaN,0.004978610503,NaN,NaN
1,0,2423.000000000000,NaN,0,2423,0,0,0.000702786239,NaN,NaN,0.004512271522,NaN,NaN
1,0,2360.000000000000,NaN,0,2360,0,0,0.000731470690,NaN,NaN,0.004855905222,NaN,NaN
1,2,2434.000000000000,NaN,0,2434,0,0,0.000709638019,NaN,NaN,0.004580205472,NaN,NaN
1,0,2490.000000000000,NaN,0,2490,0,0,0.000748555951,NaN,NaN,0.004318005618,NaN,NaN
1,0,2474.000000000000,NaN,0,2474,0,0,0.000742549919,NaN,NaN,0.004535795462,NaN,NaN
1,2,2412.000000000000,NaN,0,2412,0,0,0.000636303073,NaN,NaN,0.005165826186,NaN,NaN
1,0,2401.000000000000,NaN,0,2401,0,0,0.000565764916,NaN,NaN,0.005027356182,NaN,NaN
1,2,2434.000000000000,NaN,0,2434,0,0,0.000523055888,NaN,NaN,0.005003776428,NaN,NaN
1,9,2490.000000000000,NaN,0,2490,0,0,0.000624000522,NaN,NaN,0.004759799881,NaN,NaN
1,0,2417.000000000000,NaN,0,2417,0,0,0.000695476621,NaN,NaN,0.004994501006,NaN,NaN
1,0,2482.000000000000,NaN,0,2482,0,0,0.000580516519,NaN,NaN,0.004900387615,NaN,NaN
1,0,2530.000000000000,NaN,0,2530,0,0,0.000715637320,NaN,NaN,0.004391098709,NaN,NaN
1,0,2388.000000000000,NaN,0,2388,0,0,0.000812180765,NaN,NaN,0.004960905578,NaN,NaN
1,8,2343.000000000000,NaN,0,2343,0,0,0.000766174058,NaN,NaN,0.004958288724,NaN,NaN
1,0,2471.000000000000,NaN,0,2471,0,0,0.000711649041,NaN,NaN,0.004642221782,NaN,NaN
1,2,2362.000000000000,NaN,0,2362,0,0,0.000619328991,NaN,NaN,0.005329191876,NaN,NaN
1,0,2440.000000000000,NaN,0,2440,0,0,0.000657982848,NaN,NaN,0.004962946545,NaN,NaN
1,1,2500.000000000000,NaN,0,2500,0,0,0.000656193539,NaN,NaN,0.004794965687,NaN,NaN
1,2,2364.000000000000,NaN,0,2364,0,0,0.000724299244,NaN,NaN,0.005141523882,NaN,NaN
1,1,2561.000000000000,NaN,0,2561,0,0,0.000736915118,NaN,NaN,0.004240685887,NaN,NaN
1,0,2516.000000000000,NaN,0,2516,0,0,0.000693862420,NaN,NaN,0.004578510021,NaN,NaN
1,2,2422.000000000000,NaN,0,2422,0,0,0.000677305682,NaN,NaN,0.004980490384,NaN,NaN
1,2,2514.000000000000,NaN,0,2514,0,0,0.000735581344,NaN,NaN,0.004505475627,NaN,NaN
1,0,2394.000000000000,NaN,0,2394,0,0,0.000744004378,NaN,NaN,0.004795240636,NaN,NaN
1,2,2451.000000000000,NaN,0,2451,0,0,0.000772482490,NaN,NaN,0.004770849188,NaN,NaN
1,12,2423.000000000000,NaN,0,2423,0,0,0.000774326106,NaN,NaN,0.004830937087,NaN,NaN
1,0,2364.000000000000,NaN,0,2364,0,0,0.000736103177,NaN,NaN,0.004893387912,NaN,NaN
1,0,2394.000000000000,NaN,0,2394,0,0,0.000758123774,NaN,NaN,0.004881369193,NaN,NaN
1,0,2371.000000000000,NaN,0,2371,0,0,0.000711478594,NaN,NaN,0.004909993980,NaN,NaN
1,0,2461.000000000000,NaN,0,2461,0,0,0.000578581173,NaN,NaN,0.004924961035,NaN,NaN
1,9,2354.000000000000,NaN,0,2354,0,0,0.000720008252,NaN,NaN,0.005359030490,NaN,NaN
1,0,2403.000000000000,NaN,0,2403,0,0,0.000632575628,NaN,NaN,0.005063468975,NaN,NaN
1,2,2251.000000000000,NaN,0,2251,0,0,0.000797835503,NaN,NaN,0.005341044814,NaN,NaN
1,0,2428.000000000000,NaN,0,2428,0,0,0.000736965170,NaN,NaN,0.004860178942,NaN,NaN
1,0,2511.000000000000,NaN,0,2511,0,0,0.000609476407,NaN,NaN,0.004679182320,NaN,NaN
1,0,2484.000000000000,NaN,0,2484,0,0,0.000709967381,NaN,NaN,0.004606484236,NaN,NaN
1,0,2438.000000000000,NaN,0,2438,0,0,0.000603068562,NaN,NaN,0.005121127720,NaN,NaN
1,0,2481.000000000000,NaN,0,2481,0,0,0.000594877714,NaN,NaN,0.004877078774,NaN,NaN
1,0,2543.000000000000,NaN,0,2543,0,0,0.000611361477,NaN,NaN,0.004656279190,NaN,NaN
1,6,2405.000000000000,NaN,0,2405,0,0,0.000717313281,NaN,NaN,0.005104537027,NaN,NaN
1,2,2434.000000000000,NaN,0,2434,0,0,0.000649535298,NaN,NaN,0.004853632892,NaN,NaN
1,0,2380.000000000000,NaN,0,2380,0,0,0.000746120769,NaN,NaN,0.005122031462,NaN,NaN
1,0,2343.000000000000,NaN,0,2343,0,0,0.000707538410,NaN,NaN,0.005057682270,NaN,NaN
1,2,2501.000000000000,NaN,0,2501,0,0,0.000623670972,NaN,NaN,0.004728797304,NaN,NaN
1,0,2394.000000000000,NaN,0,2394,0,0,0.000761882260,NaN,NaN,0.004922478604,NaN,NaN
1,0,2400.000000000000,NaN,0,2400,0,0,0.000775779554,NaN,NaN,0.004779325705,NaN,NaN
1,9,2548.000000000000,NaN,0,2548,0,0,0.000538356872,NaN,NaN,0.004633822411,NaN,NaN
1,1,2459.000000000000,NaN,0,2459,0,0,0.000698876296,NaN,NaN,0.004743074658,NaN,NaN
1,2,2431.000000000000,NaN,0,2431,0,0,0.000639786497,NaN,NaN,0.005017716190,NaN,NaN
1,0,2545.000000000000,NaN,0,2545,0,0,0.000683041944,NaN,NaN,0.004464841263,NaN,NaN
1,0,2478.000000000000,NaN,0,2478,0,0,0.000672190669,NaN,NaN,0.004671543645,NaN,NaN
1,0,2415.000000000000,NaN,0,2415,0,0,0.000639777037,NaN,NaN,0.004933357931,NaN,NaN
1,0,2268.000000000000,NaN,0,2268,0,0,0.000617369493,NaN,NaN,0.005449007376,NaN,NaN
1,1,2401.000000000000,NaN,0,2401,0,0,0.000579688342,NaN,NaN,0.005047239675,NaN,NaN
1,0,2437.000000000000,NaN,0,2437,0,0,0.000634735609,NaN,NaN,0.004920890336,NaN,NaN
1,9,2410.000000000000,NaN,0,2410,0,0,0.000618789224,NaN,NaN,0.005098895420,NaN,NaN
1,2,2483.000000000000,NaN,0,2483,0,0,0.000568781531,NaN,NaN,0.004827293974,NaN,NaN
1,0,2461.000000000000,NaN,0,2461,0,0,0.000660195969,NaN,NaN,0.004865759165,NaN,NaN
1,0,2397.000000000000,NaN,0,2397,0,0,0.000646796607,NaN,NaN,0.005072217456,NaN,NaN
1,0,2472.000000000000,NaN,0,2472,0,0,0.000662682815,NaN,NaN,0.004847241290,NaN,NaN
1,0,2414.000000000000,NaN,0,2414,0,0,0.000772507359,NaN,NaN,0.004770446339,NaN,NaN
1,0,2482.000000000000,NaN,0,2482,0,0,0.000624015286,NaN,NaN,0.004775270237,NaN,NaN
1,0,2471.000000000000,NaN,0,2471,0,0,0.000680835429,NaN,NaN,0.004901921561,NaN,NaN
1,0,2392.000000000000,NaN,0,2392,0,0,0.000661341791,NaN,NaN,0.005065824452,NaN,NaN
1,0,2509.000000000000,NaN,0,2509,0,0,0.000621683711,NaN,NaN,0.004700017530,NaN,NaN
1,2,2470.000000000000,NaN,0,2470,0,0,0.000609934894,NaN,NaN,0.004758940943,NaN,NaN
1,0,2515.000000000000,NaN,0,2515,0,0,0.000594982714,NaN,NaN,0.004915113874,NaN,NaN
1,1,2448.000000000000,NaN,0,2448,0,0,0.000653374109,NaN,NaN,0.004976028090,NaN,NaN
1,3,2364.000000000000,NaN,0,2364,0,0,0.000672690656,NaN,NaN,0.005120403581,NaN,NaN
1,0,2038.000000000000,NaN,0,2038,0,0,0.000324598239,NaN,NaN,0.003176046694,NaN,NaN
1,0,3.000000000000,NaN,0,3,0,0,0.000056933333,NaN,NaN,0.003592214333,NaN,NaN
STAT END
HIST START
309
   0 0
   1 0
   2 0
   3 0
   4 0
   5 0
   6 0
   7 0
   8 0
   9 0
   10 0
   11 0
   12 2
   13 14
   14 43
   15 126
   16 353
   17 715
   18 1304
   19 2014
   20 2835
   21 3689
   22 4155
   23 4691
   24 5128
   25 5422
   26 5455
   27 5152
   28 5002
   29 4765
   30 4322
   31 3999
   32 3680
   33 3461
   34 3090
   35 2848
   36 2429
   37 2313
   38 2248
   39 1969
   40 1764
   41 1584
   42 1523
   43 1383
   44 1285
   45 1091
   46 1069
   47 1030
   48 906
   49 931
   50 788
   51 867
   52 850
   53 841
   54 863
   55 818
   56 862
   57 906
   58 815
   59 836
   60 845
   61 888
   62 882
   63 888
   64 885
   65 853
   66 935
   67 859
   68 882
   69 932
   70 936
   71 1003
   72 1093
   73 1193
   74 1311
   75 1336
   76 1550
   77 1522
   78 1758
   79 1817
   80 2018
   81 2098
   82 2226
   83 2276
   84 2229
   85 2268
   86 2244
   87 2182
   88 2088
   89 2074
   90 1982
   91 1641
   92 1585
   93 1452
   94 1343
   95 1221
   96 1089
   97 1019
   98 859
   99 755
   100 745
   101 600
   102 515
   103 482
   104 454
   105 396
   106 432
   107 392
   108 388
   109 336
   110 281
   111 277
   112 236
   113 248
   114 236
   115 237
   116 202
   117 210
   118 178
   119 181
   120 172
   121 155
   122 151
   123 153
   124 161
   125 147
   126 140
   127 146
   128 122
   129 144
   130 126
   131 123
   132 114
   133 143
   134 130
   135 136
   136 117
   137 110
   138 103
   139 91
   140 102
   141 93
   142 76
   143 68
   144 70
   145 56
   146 65
   147 54
   148 52
   149 50
   150 62
   151 53
   152 51
   153 55
   154 39
   155 41
   156 37
   157 31
   158 32
   159 28
   160 35
   161 35
   162 21
   163 33
   164 27
   165 32
   166 33
   167 37
   168 18
   169 24
   170 33
   171 37
   172 43
   173 36
   174 23
   175 23
   176 22
   177 21
   178 24
   179 21
   180 19
   181 16
   182 14
   183 15
   184 18
   185 14
   186 12
   187 9
   188 10
   189 10
   190 7
   191 7
   192 9
   193 7
   194 6
   195 7
   196 3
   197 4
   198 3
   199 5
   200 3
   201 8
   202 10
   203 2
   204 9
   205 7
   206 8
   207 1
   208 2
   209 0
   210 3
   211 1
   212 2
   213 1
   214 0
   215 1
   216 3
   217 2
   218 7
   219 1
   220 0
   221 0
   222 0
   223 1
   224 4
   225 1
   226 1
   227 1
   228 0
   229 3
   230 0
   231 0
   232 3
   233 1
   234 2
   235 2
   236 2
   237 1
   238 5
   239 1
   240 2
   241 5
   242 6
   243 5
   244 5
   245 2
   246 2
   247 2
   248 2
   249 5
   250 1
   251 7
   252 3
   253 2
   254 1
   255 1
   256 0
   257 1
   258 0
   259 0
   260 1
   261 3
   262 2
   263 0
   264 1
   265 1
   266 0
   267 0
   268 0
   269 1
   270 0
   271 0
   272 0
   273 1
   274 0
   275 0
   276 0
   277 0
   278 0
   279 0
   280 0
   281 0
   282 0
   283 1
   284 0
   285 0
   286 0
   287 0
   288 0
   289 1
   290 0
   291 0
   292 0
   293 0
   294 0
   295 0
   296 0
   297 0
   298 0
   299 0
   300 0
   301 0
   302 1
   303 1
   304 0
   305 0
   306 0
   307 0
   308 1
HIST END
