STAT START
secs,qlen,thru,msrt,items,nset,nget,nmget,sqt,gqt,mqt,swt,gwt,mwt
1,0,1698.000000000000,NaN,0,1698,0,0,0.000993821176,NaN,NaN,0.006403559413,NaN,NaN
1,0,2181.000000000000,NaN,0,2181,0,0,0.000487403090,NaN,NaN,0.005340469589,NaN,NaN
1,7,2150.000000000000,NaN,0,2150,0,0,0.000554971844,NaN,NaN,0.005868478722,NaN,NaN
1,0,2116.000000000000,NaN,0,2116,0,0,0.000628469433,NaN,NaN,0.005665473245,NaN,NaN
1,2,2179.000000000000,NaN,0,2179,0,0,0.000565675598,NaN,NaN,0.005163496492,NaN,NaN
1,0,2326.000000000000,NaN,0,2326,0,0,0.000639544290,NaN,NaN,0.004922954115,NaN,NaN
1,0,2260.000000000000,NaN,0,2260,0,0,0.000663175256,NaN,NaN,0.005043872877,NaN,NaN
1,2,2108.000000000000,NaN,0,2108,0,0,0.000573775810,NaN,NaN,0.005421741425,NaN,NaN
1,0,2322.000000000000,NaN,0,2322,0,0,0.000466290137,NaN,NaN,0.005254878703,NaN,NaN
1,0,2164.000000000000,NaN,0,2164,0,0,0.000615644464,NaN,NaN,0.005536112338,NaN,NaN
1,2,2145.000000000000,NaN,0,2145,0,0,0.000753431773,NaN,NaN,0.005471781047,NaN,NaN
1,0,2186.000000000000,NaN,0,2186,0,0,0.000432231024,NaN,NaN,0.005561273828,NaN,NaN
1,0,2106.000000000000,NaN,0,2106,0,0,0.000552860784,NaN,NaN,0.005660922097,NaN,NaN
1,0,2175.000000000000,NaN,0,2175,0,0,0.000518815585,NaN,NaN,0.005635244121,NaN,NaN
1,4,2303.000000000000,NaN,0,2303,0,0,0.000502007978,NaN,NaN,0.005002581966,NaN,NaN
1,1,2275.000000000000,NaN,0,2275,0,0,0.000525186396,NaN,NaN,0.005105066913,NaN,NaN
1,1,2311.000000000000,NaN,0,2311,0,0,0.000492834968,NaN,NaN,0.005065434770,NaN,NaN
1,0,2364.000000000000,NaN,0,2364,0,0,0.000477843033,NaN,NaN,0.004928342531,NaN,NaN
1,2,2346.000000000000,NaN,0,2346,0,0,0.000508729063,NaN,NaN,0.005007408115,NaN,NaN
1,0,2199.000000000000,NaN,0,2199,0,0,0.000557308130,NaN,NaN,0.005038708070,NaN,NaN
1,1,2382.000000000000,NaN,0,2382,0,0,0.000481638784,NaN,NaN,0.005214082681,NaN,NaN
1,0,2115.000000000000,NaN,0,2115,0,0,0.000549992595,NaN,NaN,0.005701810088,NaN,NaN
1,1,2184.000000000000,NaN,0,2184,0,0,0.000494026540,NaN,NaN,0.005500491230,NaN,NaN
1,1,2306.000000000000,NaN,0,2306,0,0,0.000481227594,NaN,NaN,0.005360036642,NaN,NaN
1,2,2292.000000000000,NaN,0,2292,0,0,0.000508063212,NaN,NaN,0.005100891027,NaN,NaN
1,2,2218.000000000000,NaN,0,2218,0,0,0.000519273559,NaN,NaN,0.005525405281,NaN,NaN
1,0,2252.000000000000,NaN,0,2252,0,0,0.000517745204,NaN,NaN,0.005089073736,NaN,NaN
1,0,2278.000000000000,NaN,0,2278,0,0,0.000465197457,NaN,NaN,0.004952343882,NaN,NaN
1,2,2257.000000000000,NaN,0,2257,0,0,0.000536829633,NaN,NaN,0.005301481096,NaN,NaN
1,1,2362.000000000000,NaN,0,2362,0,0,0.000477943726,NaN,NaN,0.005063328738,NaN,NaN
1,0,2354.000000000000,NaN,0,2354,0,0,0.000543785477,NaN,NaN,0.005082743546,NaN,NaN
1,2,2309.000000000000,NaN,0,2309,0,0,0.000559681387,NaN,NaN,0.005073857894,NaN,NaN
1,13,2254.000000000000,NaN,0,2254,0,0,0.000663352588,NaN,NaN,0.004751176843,NaN,NaN
1,0,2309.000000000000,NaN,0,2309,0,0,0.000635561749,NaN,NaN,0.005037675806,NaN,NaN
1,1,2238.000000000000,NaN,0,2238,0,0,0.000656868559,NaN,NaN,0.005035111433,NaN,NaN
1,0,2265.000000000000,NaN,0,2265,0,0,0.000687841438,NaN,NaN,0.005045915876,NaN,NaN
1,1,2204.000000000000,NaN,0,2204,0,0,0.000745345088,NaN,NaN,0.005146556998,NaN,NaN
1,0,2267.000000000000,NaN,0,2267,0,0,0.000612771236,NaN,NaN,0.005105169118,NaN,NaN
1,1,2241.000000000000,NaN,0,2241,0,0,0.000573924048,NaN,NaN,0.005264232411,NaN,NaN
1,0,2193.000000000000,NaN,0,2193,0,0,0.000613443836,NaN,NaN,0.005583705001,NaN,NaN
1,2,2259.000000000000,NaN,0,2259,0,0,0.000612941420,NaN,NaN,0.005275731525,NaN,NaN
1,10,2262.000000000000,NaN,0,2262,0,0,0.000505424965,NaN,NaN,0.005362965379,NaN,NaN
1,0,2263.000000000000,NaN,0,2263,0,0,0.000462853386,NaN,NaN,0.005336514994,NaN,NaN
1,0,2030.000000000000,NaN,0,2030,0,0,0.000576499953,NaN,NaN,0.005956594694,NaN,NaN
1,0,2194.000000000000,NaN,0,2194,0,0,0.000513261239,NaN,NaN,0.005509781969,NaN,NaN
1,0,2176.000000000000,NaN,0,2176,0,0,0.000600519907,NaN,NaN,0.005442596831,NaN,NaN
1,0,2280.000000000000,NaN,0,2280,0,0,0.000530079149,NaN,NaN,0.005251695772,NaN,NaN
1,0,2240.000000000000,NaN,0,2240,0,0,0.000556158657,NaN,NaN,0.005364044009,NaN,NaN
1,2,2213.000000000000,NaN,0,2213,0,0,0.000555767925,NaN,NaN,0.005238052177,NaN,NaN
1,0,2095.000000000000,NaN,0,2095,0,0,0.000684589457,NaN,NaN,0.005802624136,NaN,NaN
1,2,2183.000000000000,NaN,0,2183,0,0,0.000447405306,NaN,NaN,0.005465365648,NaN,NaN
1,2,2078.000000000000,NaN,0,2078,0,0,0.000726871731,NaN,NaN,0.005759845649,NaN,NaN
1,1,2051.000000000000,NaN,0,2051,0,0,0.000648292138,NaN,NaN,0.005877021872,NaN,NaN
1,0,2178.000000000000,NaN,0,2178,0,0,0.000712249053,NaN,NaN,0.005511308975,NaN,NaN
1,0,2233.000000000000,NaN,0,2233,0,0,0.000663347136,NaN,NaN,0.005487325914,NaN,NaN
1,0,2241.000000000000,NaN,0,2241,0,0,0.000673439320,NaN,NaN,0.005083108858,NaN,NaN
1,2,2225.000000000000,NaN,0,2225,0,0,0.000713639118,NaN,NaN,0.005408631632,NaN,NaN
1,0,2247.000000000000,NaN,0,2247,0,0,0.000657292408,NaN,NaN,0.005082777122,NaN,NaN
1,8,2276.000000000000,NaN,0,2276,0,0,0.000633343180,NaN,NaN,0.005046780953,NaN,NaN
1,3,2173.000000000000,NaN,0,2173,0,0,0.000571536907,NaN,NaN,0.005581685133,NaN,NaN
1,0,2192.000000000000,NaN,0,2192,0,0,0.000530737269,NaN,NaN,0.005316397799,NaN,NaN
1,2,2239.000000000000,NaN,0,2239,0,0,0.000607611900,NaN,NaN,0.005306876591,NaN,NaN
1,0,2206.000000000000,NaN,0,2206,0,0,0.000614539695,NaN,NaN,0.005128232906,NaN,NaN
1,0,2340.000000000000,NaN,0,2340,0,0,0.000652632407,NaN,NaN,0.004497731135,NaN,NaN
1,1,2129.000000000000,NaN,0,2129,0,0,0.000683240370,NaN,NaN,0.005615751220,NaN,NaN
1,0,2260.000000000000,NaN,0,2260,0,0,0.000515414245,NaN,NaN,0.005022009202,NaN,NaN
1,0,2214.000000000000,NaN,0,2214,0,0,0.000578515748,NaN,NaN,0.005272176584,NaN,NaN
1,0,2185.000000000000,NaN,0,2185,0,0,0.000559196172,NaN,NaN,0.005409672490,NaN,NaN
1,1,2232.000000000000,NaN,0,2232,0,0,0.000500722608,NaN,NaN,0.005235848475,NaN,NaN
1,0,2213.000000000000,NaN,0,2213,0,0,0.000583703768,NaN,NaN,0.005297538296,NaN,NaN
1,0,24.000000000000,NaN,0,24,0,0,0.000148611958,NaN,NaN,0.003895921042,NaN,NaN
STAT END
HIST START
432
   0 0
   1 0
   2 0
   3 0
   4 0
   5 0
   6 0
   7 0
   8 0
   9 0
   10 0
   11 0
   12 2
   13 17
   14 77
   15 245
   16 534
   17 996
   18 1585
   19 2207
   20 2907
   21 3463
   22 3975
   23 4442
   24 4659
   25 4803
   26 4733
   27 4743
   28 4560
   29 4258
   30 3987
   31 3534
   32 3106
   33 2764
   34 2420
   35 2216
   36 1959
   37 1733
   38 1601
   39 1337
   40 1105
   41 946
   42 1005
   43 889
   44 794
   45 708
   46 737
   47 679
   48 662
   49 615
   50 559
   51 512
   52 446
   53 465
   54 425
   55 422
   56 431
   57 410
   58 404
   59 424
   60 479
   61 524
   62 598
   63 628
   64 724
   65 790
   66 982
   67 1029
   68 1045
   69 1205
   70 1266
   71 1189
   72 1270
   73 1224
   74 1283
   75 1346
   76 1500
   77 1440
   78 1424
   79 1413
   80 1322
   81 1380
   82 1300
   83 1260
   84 1337
   85 1352
   86 1198
   87 1089
   88 1091
   89 1019
   90 1014
   91 1008
   92 997
   93 1064
   94 1176
   95 1305
   96 1449
   97 1779
   98 2210
   99 2606
   100 2785
   101 2538
   102 2215
   103 1803
   104 1298
   105 934
   106 704
   107 637
   108 515
   109 426
   110 365
   111 352
   112 280
   113 278
   114 260
   115 218
   116 199
   117 170
   118 186
   119 169
   120 169
   121 169
   122 136
   123 134
   124 121
   125 133
   126 150
   127 113
   128 106
   129 93
   130 123
   131 85
   132 83
   133 83
   134 66
   135 81
   136 67
   137 68
   138 52
   139 31
   140 41
   141 41
   142 38
   143 47
   144 48
   145 34
   146 24
   147 30
   148 28
   149 31
   150 37
   151 39
   152 31
   153 41
   154 47
   155 36
   156 46
   157 40
   158 88
   159 80
   160 79
   161 77
   162 125
   163 111
   164 96
   165 98
   166 87
   167 59
   168 68
   169 69
   170 53
   171 39
   172 38
   173 29
   174 28
   175 31
   176 18
   177 38
   178 26
   179 22
   180 33
   181 31
   182 31
   183 28
   184 21
   185 22
   186 25
   187 23
   188 18
   189 36
   190 31
   191 31
   192 42
   193 27
   194 36
   195 40
   196 44
   197 39
   198 48
   199 25
   200 32
   201 40
   202 21
   203 25
   204 21
   205 14
   206 7
   207 17
   208 17
   209 11
   210 12
   211 8
   212 7
   213 6
   214 7
   215 6
   216 6
   217 4
   218 8
   219 6
   220 4
   221 6
   222 1
   223 1
   224 3
   225 2
   226 0
   227 1
   228 5
   229 2
   230 5
   231 3
   232 5
   233 5
   234 5
   235 3
   236 2
   237 1
   238 4
   239 1
   240 1
   241 0
   242 1
   243 0
   244 1
   245 1
   246 3
   247 0
   248 0
   249 2
   250 1
   251 1
   252 1
   253 1
   254 2
   255 0
   256 1
   257 4
   258 1
   259 4
   260 1
   261 3
   262 5
   263 2
   264 1
   265 1
   266 2
   267 2
   268 0
   269 0
   270 0
   271 0
   272 0
   273 1
   274 0
   275 0
   276 0
   277 0
   278 0
   279 0
   280 1
   281 2
   282 0
   283 1
   284 1
   285 2
   286 3
   287 3
   288 1
   289 1
   290 2
   291 1
   292 3
   293 0
   294 0
   295 0
   296 3
   297 4
   298 1
   299 4
   300 3
   301 2
   302 3
   303 2
   304 1
   305 0
   306 0
   307 0
   308 0
   309 1
   310 1
   311 0
   312 0
   313 0
   314 0
   315 0
   316 0
   317 0
   318 0
   319 0
   320 1
   321 0
   322 0
   323 0
   324 3
   325 0
   326 0
   327 0
   328 0
   329 0
   330 0
   331 0
   332 0
   333 2
   334 0
   335 0
   336 0
   337 0
   338 0
   339 0
   340 0
   341 0
   342 0
   343 0
   344 0
   345 1
   346 1
   347 0
   348 2
   349 0
   350 0
   351 0
   352 1
   353 0
   354 0
   355 0
   356 0
   357 0
   358 0
   359 0
   360 0
   361 0
   362 2
   363 0
   364 0
   365 0
   366 0
   367 0
   368 2
   369 0
   370 0
   371 2
   372 1
   373 1
   374 0
   375 0
   376 0
   377 0
   378 0
   379 0
   380 0
   381 0
   382 0
   383 0
   384 0
   385 0
   386 0
   387 0
   388 0
   389 0
   390 0
   391 0
   392 0
   393 0
   394 0
   395 0
   396 0
   397 0
   398 0
   399 0
   400 0
   401 0
   402 0
   403 0
   404 0
   405 0
   406 0
   407 0
   408 0
   409 0
   410 0
   411 0
   412 0
   413 0
   414 0
   415 0
   416 0
   417 0
   418 0
   419 0
   420 0
   421 0
   422 0
   423 0
   424 0
   425 0
   426 0
   427 0
   428 0
   429 0
   430 2
   431 1
HIST END
