STAT START
secs,qlen,thru,msrt,items,nset,nget,nmget,sqt,gqt,mqt,swt,gwt,mwt
1,66,4661.000000000000,NaN,0,4661,0,0,0.013808106055,NaN,NaN,0.012189331029,NaN,NaN
1,80,5314.000000000000,NaN,0,5314,0,0,0.012657138385,NaN,NaN,0.011993131481,NaN,NaN
1,80,5071.000000000000,NaN,0,5071,0,0,0.013480221729,NaN,NaN,0.012562847288,NaN,NaN
1,79,5269.000000000000,NaN,0,5269,0,0,0.013291959534,NaN,NaN,0.012179650423,NaN,NaN
1,79,5280.000000000000,NaN,0,5280,0,0,0.013369931377,NaN,NaN,0.012094540364,NaN,NaN
1,80,5190.000000000000,NaN,0,5190,0,0,0.013011235562,NaN,NaN,0.012306921358,NaN,NaN
1,78,5136.000000000000,NaN,0,5136,0,0,0.013745307789,NaN,NaN,0.012509564176,NaN,NaN
1,47,5170.000000000000,NaN,0,5170,0,0,0.013208779819,NaN,NaN,0.012301586362,NaN,NaN
1,79,5183.000000000000,NaN,0,5183,0,0,0.013429158339,NaN,NaN,0.012449151660,NaN,NaN
1,51,5106.000000000000,NaN,0,5106,0,0,0.013535437031,NaN,NaN,0.012499026680,NaN,NaN
1,67,5082.000000000000,NaN,0,5082,0,0,0.013338554036,NaN,NaN,0.012340433636,NaN,NaN
1,79,5124.000000000000,NaN,0,5124,0,0,0.013586905753,NaN,NaN,0.012654241376,NaN,NaN
1,80,5415.000000000000,NaN,0,5415,0,0,0.012538446160,NaN,NaN,0.011750091478,NaN,NaN
1,79,5369.000000000000,NaN,0,5369,0,0,0.012753626003,NaN,NaN,0.011878333752,NaN,NaN
1,80,5159.000000000000,NaN,0,5159,0,0,0.013762369020,NaN,NaN,0.012411431607,NaN,NaN
1,72,5244.000000000000,NaN,0,5244,0,0,0.013458543156,NaN,NaN,0.012230544625,NaN,NaN
1,35,5227.000000000000,NaN,0,5227,0,0,0.013606683803,NaN,NaN,0.012275632414,NaN,NaN
1,75,5095.000000000000,NaN,0,5095,0,0,0.013662589867,NaN,NaN,0.012543267214,NaN,NaN
1,65,5236.000000000000,NaN,0,5236,0,0,0.013362346341,NaN,NaN,0.012172459837,NaN,NaN
1,32,5390.000000000000,NaN,0,5390,0,0,0.012971934426,NaN,NaN,0.011848156684,NaN,NaN
1,24,5013.000000000000,NaN,0,5013,0,0,0.013969405285,NaN,NaN,0.012748775691,NaN,NaN
1,61,5145.000000000000,NaN,0,5145,0,0,0.013298285486,NaN,NaN,0.012395737260,NaN,NaN
1,77,5503.000000000000,NaN,0,5503,0,0,0.012631173380,NaN,NaN,0.011697410222,NaN,NaN
1,80,5332.000000000000,NaN,0,5332,0,0,0.013123848134,NaN,NaN,0.011947018750,NaN,NaN
1,79,5398.000000000000,NaN,0,5398,0,0,0.012728958930,NaN,NaN,0.011839709750,NaN,NaN
1,29,5134.000000000000,NaN,0,5134,0,0,0.013511720907,NaN,NaN,0.012558971056,NaN,NaN
1,80,5250.000000000000,NaN,0,5250,0,0,0.012734455398,NaN,NaN,0.012099769746,NaN,NaN
1,77,5192.000000000000,NaN,0,5192,0,0,0.013753763008,NaN,NaN,0.012361708353,NaN,NaN
1,38,5571.000000000000,NaN,0,5571,0,0,0.012372113839,NaN,NaN,0.011416128481,NaN,NaN
1,57,5382.000000000000,NaN,0,5382,0,0,0.012685512800,NaN,NaN,0.011941678734,NaN,NaN
1,80,5223.000000000000,NaN,0,5223,0,0,0.013115935244,NaN,NaN,0.012163876749,NaN,NaN
1,80,5295.000000000000,NaN,0,5295,0,0,0.013063193165,NaN,NaN,0.012078702771,NaN,NaN
1,80,5474.000000000000,NaN,0,5474,0,0,0.012595780826,NaN,NaN,0.011728877384,NaN,NaN
1,80,5154.000000000000,NaN,0,5154,0,0,0.013510270789,NaN,NaN,0.012334488907,NaN,NaN
1,61,5244.000000000000,NaN,0,5244,0,0,0.013298716035,NaN,NaN,0.012253684195,NaN,NaN
1,40,5104.000000000000,NaN,0,5104,0,0,0.013884638833,NaN,NaN,0.012552692684,NaN,NaN
1,42,4735.000000000000,NaN,0,4735,0,0,0.015201291230,NaN,NaN,0.013505093972,NaN,NaN
1,64,5380.000000000000,NaN,0,5380,0,0,0.012703556500,NaN,NaN,0.011871234750,NaN,NaN
1,80,5299.000000000000,NaN,0,5299,0,0,0.012895517233,NaN,NaN,0.012086709495,NaN,NaN
1,69,4876.000000000000,NaN,0,4876,0,0,0.014751679861,NaN,NaN,0.013162346516,NaN,NaN
1,80,4988.000000000000,NaN,0,4988,0,0,0.014060150126,NaN,NaN,0.012843708204,NaN,NaN
1,71,5253.000000000000,NaN,0,5253,0,0,0.013267681923,NaN,NaN,0.012120796049,NaN,NaN
1,50,5190.000000000000,NaN,0,5190,0,0,0.013459405263,NaN,NaN,0.012307632720,NaN,NaN
1,80,5274.000000000000,NaN,0,5274,0,0,0.013233410632,NaN,NaN,0.012110340268,NaN,NaN
1,78,5268.000000000000,NaN,0,5268,0,0,0.013644177576,NaN,NaN,0.012205185462,NaN,NaN
1,80,5049.000000000000,NaN,0,5049,0,0,0.013718420223,NaN,NaN,0.012631842893,NaN,NaN
1,79,5334.000000000000,NaN,0,5334,0,0,0.012690177140,NaN,NaN,0.011958611741,NaN,NaN
1,75,5232.000000000000,NaN,0,5232,0,0,0.013213690571,NaN,NaN,0.012221564516,NaN,NaN
1,29,5198.000000000000,NaN,0,5198,0,0,0.013109282626,NaN,NaN,0.012297358142,NaN,NaN
1,80,5378.000000000000,NaN,0,5378,0,0,0.013174717260,NaN,NaN,0.011934005190,NaN,NaN
1,80,5191.000000000000,NaN,0,5191,0,0,0.013622157883,NaN,NaN,0.012363905347,NaN,NaN
1,67,5225.000000000000,NaN,0,5225,0,0,0.013415578095,NaN,NaN,0.012210627744,NaN,NaN
1,52,5492.000000000000,NaN,0,5492,0,0,0.012307059301,NaN,NaN,0.011602477336,NaN,NaN
1,80,5498.000000000000,NaN,0,5498,0,0,0.012777440959,NaN,NaN,0.011684472520,NaN,NaN
1,49,5178.000000000000,NaN,0,5178,0,0,0.013477215147,NaN,NaN,0.012322209087,NaN,NaN
1,80,5250.000000000000,NaN,0,5250,0,0,0.013337652239,NaN,NaN,0.012148455763,NaN,NaN
1,80,5191.000000000000,NaN,0,5191,0,0,0.013207716341,NaN,NaN,0.012300895937,NaN,NaN
1,65,5061.000000000000,NaN,0,5061,0,0,0.013763496969,NaN,NaN,0.012584511731,NaN,NaN
1,80,5202.000000000000,NaN,0,5202,0,0,0.013511717039,NaN,NaN,0.012442813689,NaN,NaN
1,23,5240.000000000000,NaN,0,5240,0,0,0.013353044711,NaN,NaN,0.012192333244,NaN,NaN
1,80,5527.000000000000,NaN,0,5527,0,0,0.012087765694,NaN,NaN,0.011470178454,NaN,NaN
1,80,5198.000000000000,NaN,0,5198,0,0,0.013344722376,NaN,NaN,0.012351288090,NaN,NaN
1,71,5268.000000000000,NaN,0,5268,0,0,0.013195013054,NaN,NaN,0.012190454491,NaN,NaN
1,80,5308.000000000000,NaN,0,5308,0,0,0.013002991090,NaN,NaN,0.012015047276,NaN,NaN
1,79,5308.000000000000,NaN,0,5308,0,0,0.013070342770,NaN,NaN,0.012008640752,NaN,NaN
1,32,5408.000000000000,NaN,0,5408,0,0,0.012733706506,NaN,NaN,0.011827997882,NaN,NaN
1,79,5274.000000000000,NaN,0,5274,0,0,0.013131016683,NaN,NaN,0.012154123963,NaN,NaN
1,77,5236.000000000000,NaN,0,5236,0,0,0.013324015759,NaN,NaN,0.012231241609,NaN,NaN
1,80,5335.000000000000,NaN,0,5335,0,0,0.013147195144,NaN,NaN,0.011987251572,NaN,NaN
1,80,5274.000000000000,NaN,0,5274,0,0,0.012728194498,NaN,NaN,0.012094110586,NaN,NaN
1,0,190.000000000000,NaN,0,190,0,0,0.013302636000,NaN,NaN,0.011559983458,NaN,NaN
STAT END
HIST START
1346
   0 0
   1 0
   2 0
   3 0
   4 0
   5 0
   6 0
   7 0
   8 0
   9 0
   10 0
   11 0
   12 0
   13 0
   14 0
   15 0
   16 0
   17 0
   18 2
   19 0
   20 1
   21 2
   22 1
   23 1
   24 0
   25 0
   26 0
   27 1
   28 4
   29 4
   30 4
   31 6
   32 4
   33 0
   34 4
   35 5
   36 5
   37 5
   38 5
   39 3
   40 5
   41 7
   42 3
   43 8
   44 6
   45 8
   46 5
   47 2
   48 5
   49 2
   50 7
   51 10
   52 4
   53 6
   54 8
   55 3
   56 2
   57 7
   58 14
   59 14
   60 11
   61 10
   62 13
   63 6
   64 9
   65 12
   66 11
   67 13
   68 12
   69 22
   70 20
   71 14
   72 17
   73 15
   74 23
   75 21
   76 23
   77 17
   78 23
   79 12
   80 32
   81 40
   82 25
   83 49
   84 52
   85 44
   86 44
   87 44
   88 43
   89 41
   90 47
   91 55
   92 63
   93 48
   94 63
   95 50
   96 61
   97 54
   98 62
   99 51
   100 50
   101 63
   102 63
   103 59
   104 55
   105 69
   106 48
   107 44
   108 45
   109 61
   110 67
   111 87
   112 113
   113 110
   114 108
   115 105
   116 112
   117 135
   118 119
   119 148
   120 174
   121 150
   122 155
   123 131
   124 155
   125 177
   126 193
   127 180
   128 172
   129 191
   130 192
   131 216
   132 262
   133 268
   134 264
   135 269
   136 268
   137 285
   138 310
   139 293
   140 309
   141 328
   142 353
   143 379
   144 380
   145 384
   146 409
   147 457
   148 456
   149 465
   150 514
   151 530
   152 600
   153 652
   154 703
   155 753
   156 824
   157 813
   158 850
   159 932
   160 1040
   161 1005
   162 1084
   163 1060
   164 1113
   165 1141
   166 1139
   167 1235
   168 1245
   169 1311
   170 1364
   171 1393
   172 1523
   173 1468
   174 1564
   175 1541
   176 1527
   177 1610
   178 1612
   179 1679
   180 1630
   181 1695
   182 1609
   183 1628
   184 1667
   185 1743
   186 1679
   187 1610
   188 1677
   189 1671
   190 1617
   191 1572
   192 1633
   193 1460
   194 1505
   195 1514
   196 1504
   197 1547
   198 1554
   199 1607
   200 1644
   201 1661
   202 1668
   203 1511
   204 1603
   205 1627
   206 1635
   207 1717
   208 1628
   209 1651
   210 1726
   211 1703
   212 1684
   213 1849
   214 1820
   215 1870
   216 1981
   217 2079
   218 2189
   219 2308
   220 2323
   221 2307
   222 2324
   223 2467
   224 2497
   225 2514
   226 2687
   227 2611
   228 2790
   229 2718
   230 2726
   231 2784
   232 2801
   233 2863
   234 2894
   235 3039
   236 3002
   237 2988
   238 2953
   239 3022
   240 2994
   241 2989
   242 2909
   243 2860
   244 2900
   245 2890
   246 2944
   247 2902
   248 2647
   249 2720
   250 2731
   251 2453
   252 2344
   253 2390
   254 2406
   255 2260
   256 2185
   257 2107
   258 2062
   259 2117
   260 1985
   261 1954
   262 1783
   263 1833
   264 1657
   265 1693
   266 1504
   267 1533
   268 1469
   269 1499
   270 1393
   271 1397
   272 1391
   273 1333
   274 1326
   275 1216
   276 1283
   277 1254
   278 1172
   279 1169
   280 1262
   281 1278
   282 1254
   283 1327
   284 1310
   285 1309
   286 1244
   287 1295
   288 1392
   289 1388
   290 1384
   291 1345
   292 1434
   293 1368
   294 1401
   295 1460
   296 1542
   297 1598
   298 1555
   299 1523
   300 1572
   301 1616
   302 1703
   303 1633
   304 1703
   305 1678
   306 1637
   307 1585
   308 1649
   309 1562
   310 1603
   311 1647
   312 1626
   313 1503
   314 1592
   315 1608
   316 1639
   317 1565
   318 1571
   319 1589
   320 1532
   321 1498
   322 1344
   323 1346
   324 1338
   325 1292
   326 1261
   327 1223
   328 1213
   329 1109
   330 1156
   331 1124
   332 1042
   333 1042
   334 999
   335 946
   336 866
   337 846
   338 820
   339 766
   340 803
   341 708
   342 717
   343 676
   344 698
   345 592
   346 610
   347 551
   348 564
   349 496
   350 545
   351 518
   352 459
   353 478
   354 433
   355 413
   356 403
   357 404
   358 392
   359 399
   360 390
   361 373
   362 357
   363 385
   364 365
   365 363
   366 387
   367 356
   368 364
   369 381
   370 389
   371 421
   372 391
   373 343
   374 385
   375 393
   376 396
   377 428
   378 434
   379 390
   380 376
   381 343
   382 336
   383 373
   384 357
   385 380
   386 374
   387 320
   388 343
   389 352
   390 371
   391 334
   392 330
   393 323
   394 301
   395 349
   396 334
   397 281
   398 318
   399 280
   400 265
   401 272
   402 260
   403 243
   404 254
   405 215
   406 226
   407 237
   408 211
   409 198
   410 208
   411 190
   412 180
   413 195
   414 173
   415 146
   416 165
   417 142
   418 137
   419 122
   420 120
   421 146
   422 99
   423 100
   424 116
   425 101
   426 76
   427 88
   428 109
   429 105
   430 88
   431 96
   432 105
   433 97
   434 81
   435 83
   436 70
   437 81
   438 77
   439 69
   440 88
   441 88
   442 70
   443 71
   444 57
   445 53
   446 68
   447 52
   448 69
   449 49
   450 62
   451 57
   452 48
   453 51
   454 59
   455 71
   456 66
   457 64
   458 43
   459 52
   460 50
   461 46
   462 39
   463 42
   464 59
   465 48
   466 45
   467 43
   468 42
   469 24
   470 28
   471 23
   472 40
   473 42
   474 40
   475 38
   476 30
   477 49
   478 39
   479 41
   480 55
   481 63
   482 38
   483 44
   484 41
   485 31
   486 30
   487 39
   488 28
   489 26
   490 26
   491 20
   492 17
   493 28
   494 19
   495 30
   496 18
   497 22
   498 19
   499 22
   500 22
   501 18
   502 22
   503 18
   504 16
   505 24
   506 16
   507 21
   508 13
   509 11
   510 22
   511 14
   512 11
   513 11
   514 15
   515 12
   516 14
   517 11
   518 12
   519 12
   520 11
   521 14
   522 13
   523 7
   524 6
   525 11
   526 7
   527 8
   528 10
   529 7
   530 12
   531 5
   532 7
   533 9
   534 6
   535 6
   536 8
   537 6
   538 6
   539 3
   540 8
   541 6
   542 3
   543 7
   544 3
   545 4
   546 3
   547 2
   548 4
   549 6
   550 3
   551 5
   552 2
   553 8
   554 7
   555 12
   556 11
   557 0
   558 4
   559 8
   560 2
   561 9
   562 6
   563 4
   564 9
   565 7
   566 12
   567 5
   568 6
   569 5
   570 3
   571 4
   572 4
   573 6
   574 3
   575 4
   576 4
   577 1
   578 5
   579 2
   580 6
   581 3
   582 4
   583 2
   584 2
   585 4
   586 0
   587 1
   588 2
   589 4
   590 5
   591 1
   592 0
   593 2
   594 1
   595 0
   596 1
   597 0
   598 4
   599 1
   600 3
   601 4
   602 3
   603 4
   604 4
   605 3
   606 1
   607 2
   608 0
   609 1
   610 0
   611 6
   612 2
   613 3
   614 0
   615 1
   616 3
   617 0
   618 2
   619 0
   620 0
   621 1
   622 1
   623 0
   624 4
   625 1
   626 1
   627 1
   628 0
   629 2
   630 4
   631 1
   632 2
   633 4
   634 2
   635 5
   636 1
   637 1
   638 1
   639 0
   640 1
   641 0
   642 2
   643 0
   644 0
   645 3
   646 1
   647 1
   648 4
   649 2
   650 1
   651 2
   652 1
   653 0
   654 1
   655 0
   656 0
   657 0
   658 0
   659 0
   660 0
   661 3
   662 1
   663 0
   664 1
   665 0
   666 1
   667 2
   668 2
   669 1
   670 0
   671 0
   672 0
   673 0
   674 1
   675 0
   676 0
   677 1
   678 1
   679 0
   680 0
   681 1
   682 0
   683 0
   684 1
   685 1
   686 1
   687 0
   688 0
   689 0
   690 0
   691 0
   692 0
   693 0
   694 0
   695 0
   696 1
   697 0
   698 2
   699 1
   700 0
   701 1
   702 2
   703 2
   704 0
   705 0
   706 0
   707 0
   708 0
   709 3
   710 0
   711 1
   712 1
   713 0
   714 0
   715 1
   716 0
   717 0
   718 0
   719 0
   720 0
   721 0
   722 1
   723 0
   724 0
   725 0
   726 0
   727 0
   728 0
   729 1
   730 0
   731 0
   732 1
   733 0
   734 0
   735 0
   736 0
   737 0
   738 0
   739 0
   740 0
   741 0
   742 0
   743 0
   744 0
   745 0
   746 0
   747 1
   748 4
   749 0
   750 0
   751 0
   752 0
   753 0
   754 0
   755 0
   756 0
   757 0
   758 0
   759 0
   760 0
   761 0
   762 0
   763 0
   764 0
   765 0
   766 0
   767 0
   768 0
   769 0
   770 0
   771 0
   772 0
   773 1
   774 1
   775 0
   776 0
   777 0
   778 0
   779 0
   780 1
   781 0
   782 0
   783 0
   784 0
   785 0
   786 0
   787 0
   788 0
   789 0
   790 0
   791 0
   792 0
   793 0
   794 0
   795 0
   796 1
   797 0
   798 0
   799 1
   800 1
   801 1
   802 1
   803 0
   804 1
   805 1
   806 0
   807 1
   808 1
   809 0
   810 0
   811 0
   812 0
   813 1
   814 0
   815 0
   816 0
   817 0
   818 0
   819 0
   820 0
   821 0
   822 0
   823 0
   824 0
   825 0
   826 0
   827 0
   828 0
   829 0
   830 0
   831 0
   832 0
   833 0
   834 0
   835 0
   836 0
   837 0
   838 0
   839 0
   840 0
   841 0
   842 0
   843 0
   844 0
   845 0
   846 0
   847 0
   848 0
   849 0
   850 0
   851 0
   852 0
   853 0
   854 0
   855 0
   856 0
   857 0
   858 0
   859 0
   860 0
   861 1
   862 3
   863 2
   864 0
   865 0
   866 1
   867 0
   868 0
   869 1
   870 2
   871 1
   872 0
   873 0
   874 0
   875 2
   876 0
   877 0
   878 0
   879 0
   880 1
   881 0
   882 0
   883 1
   884 0
   885 0
   886 0
   887 0
   888 1
   889 0
   890 2
   891 0
   892 0
   893 1
   894 0
   895 0
   896 1
   897 1
   898 0
   899 1
   900 0
   901 1
   902 0
   903 1
   904 0
   905 1
   906 1
   907 0
   908 1
   909 0
   910 0
   911 1
   912 1
   913 0
   914 0
   915 1
   916 3
   917 1
   918 0
   919 0
   920 0
   921 0
   922 4
   923 2
   924 0
   925 1
   926 0
   927 1
   928 0
   929 0
   930 0
   931 0
   932 0
   933 1
   934 1
   935 1
   936 0
   937 0
   938 0
   939 0
   940 0
   941 0
   942 0
   943 1
   944 0
   945 0
   946 0
   947 0
   948 0
   949 0
   950 0
   951 0
   952 0
   953 1
   954 2
   955 1
   956 0
   957 1
   958 0
   959 1
   960 1
   961 0
   962 1
   963 0
   964 1
   965 1
   966 1
   967 0
   968 1
   969 1
   970 1
   971 0
   972 0
   973 0
   974 2
   975 0
   976 1
   977 2
   978 0
   979 0
   980 3
   981 0
   982 1
   983 1
   984 1
   985 1
   986 0
   987 1
   988 1
   989 1
   990 0
   991 0
   992 2
   993 2
   994 1
   995 0
   996 0
   997 0
   998 0
   999 0
   1000 0
   1001 1
   1002 0
   1003 0
   1004 0
   1005 0
   1006 0
   1007 0
   1008 0
   1009 1
   1010 1
   1011 1
   1012 0
   1013 0
   1014 0
   1015 0
   1016 0
   1017 1
   1018 0
   1019 0
   1020 0
   1021 0
   1022 0
   1023 0
   1024 1
   1025 0
   1026 0
   1027 0
   1028 0
   1029 0
   1030 0
   1031 0
   1032 0
   1033 0
   1034 0
   1035 0
   1036 0
   1037 0
   1038 1
   1039 1
   1040 1
   1041 0
   1042 0
   1043 0
   1044 0
   1045 0
   1046 0
   1047 0
   1048 0
   1049 0
   1050 0
   1051 0
   1052 0
   1053 0
   1054 0
   1055 0
   1056 0
   1057 1
   1058 0
   1059 1
   1060 0
   1061 0
   1062 1
   1063 0
   1064 2
   1065 0
   1066 0
   1067 0
   1068 1
   1069 0
   1070 2
   1071 0
   1072 1
   1073 0
   1074 0
   1075 0
   1076 0
   1077 0
   1078 0
   1079 0
   1080 0
   1081 0
   1082 0
   1083 0
   1084 0
   1085 0
   1086 0
   1087 0
   1088 0
   1089 0
   1090 0
   1091 0
   1092 0
   1093 0
   1094 0
   1095 0
   1096 0
   1097 0
   1098 0
   1099 0
   1100 0
   1101 0
   1102 0
   1103 0
   1104 0
   1105 0
   1106 0
   1107 0
   1108 0
   1109 0
   1110 0
   1111 0
   1112 0
   1113 0
   1114 0
   1115 0
   1116 0
   1117 0
   1118 0
   1119 0
   1120 0
   1121 0
   1122 0
   1123 0
   1124 0
   1125 0
   1126 0
   1127 0
   1128 0
   1129 0
   1130 0
   1131 0
   1132 0
   1133 0
   1134 0
   1135 0
   1136 0
   1137 0
   1138 0
   1139 0
   1140 0
   1141 0
   1142 0
   1143 0
   1144 0
   1145 0
   1146 0
   1147 0
   1148 0
   1149 0
   1150 0
   1151 0
   1152 0
   1153 0
   1154 0
   1155 0
   1156 0
   1157 0
   1158 0
   1159 0
   1160 0
   1161 1
   1162 0
   1163 0
   1164 1
   1165 0
   1166 0
   1167 0
   1168 0
   1169 0
   1170 0
   1171 0
   1172 0
   1173 0
   1174 0
   1175 0
   1176 0
   1177 0
   1178 0
   1179 0
   1180 0
   1181 0
   1182 1
   1183 0
   1184 0
   1185 0
   1186 0
   1187 0
   1188 0
   1189 0
   1190 0
   1191 0
   1192 0
   1193 0
   1194 0
   1195 0
   1196 0
   1197 0
   1198 0
   1199 0
   1200 0
   1201 0
   1202 0
   1203 0
   1204 0
   1205 0
   1206 0
   1207 0
   1208 0
   1209 0
   1210 0
   1211 0
   1212 0
   1213 0
   1214 0
   1215 0
   1216 0
   1217 0
   1218 0
   1219 0
   1220 0
   1221 0
   1222 0
   1223 0
   1224 0
   1225 0
   1226 0
   1227 0
   1228 0
   1229 0
   1230 0
   1231 0
   1232 0
   1233 0
   1234 0
   1235 0
   1236 0
   1237 0
   1238 0
   1239 0
   1240 0
   1241 0
   1242 0
   1243 0
   1244 0
   1245 0
   1246 0
   1247 0
   1248 0
   1249 0
   1250 0
   1251 0
   1252 0
   1253 0
   1254 0
   1255 0
   1256 0
   1257 0
   1258 0
   1259 0
   1260 0
   1261 0
   1262 0
   1263 0
   1264 0
   1265 0
   1266 0
   1267 0
   1268 0
   1269 0
   1270 0
   1271 1
   1272 0
   1273 0
   1274 0
   1275 0
   1276 0
   1277 0
   1278 0
   1279 1
   1280 1
   1281 1
   1282 0
   1283 0
   1284 1
   1285 1
   1286 0
   1287 0
   1288 2
   1289 2
   1290 2
   1291 0
   1292 0
   1293 0
   1294 0
   1295 0
   1296 0
   1297 0
   1298 0
   1299 0
   1300 0
   1301 0
   1302 0
   1303 0
   1304 0
   1305 0
   1306 0
   1307 0
   1308 0
   1309 0
   1310 0
   1311 0
   1312 0
   1313 0
   1314 0
   1315 0
   1316 0
   1317 0
   1318 0
   1319 0
   1320 0
   1321 0
   1322 0
   1323 0
   1324 0
   1325 0
   1326 0
   1327 0
   1328 0
   1329 0
   1330 0
   1331 0
   1332 0
   1333 0
   1334 0
   1335 1
   1336 0
   1337 1
   1338 0
   1339 1
   1340 0
   1341 0
   1342 0
   1343 0
   1344 0
   1345 1
HIST END
