[7l----total-cpu-usage---- -dsk/total- -net/total- ---paging-- ---system--
usr sys idl wai hiq siq| read  writ| recv  send|  in   out | int   csw 
  1   1  96   1   0   1|  48k  188k|   0     0 |   0     0 | 223   903 
  2   4  91   0   0   3|   0     0 | 282k 8470k|   0     0 | 793  3142 
  3   4  89   0   0   4|   0     0 | 300k 9034k|   0     0 | 874  3051 
  2   5  91   0   0   2|   0     0 | 307k 9083k|   0     0 | 787  3146 
  2   2  92   0   0   4|   0     0 | 310k 9321k|   0     0 | 740  3002 
  3   3  92   0   0   3|   0     0 | 306k 9206k|   0     0 | 907  3188 
  2   4  92   0   0   3|   0     0 | 318k 9392k|   0     0 | 875  3202 
  2   4  91   0   0   3|   0     0 | 318k 9529k|   0     0 | 827  3298 
  2   4  92   0   0   3|   0     0 | 301k 9073k|   0     0 | 769  3107 
  3   4  91   0   0   3|   0     0 | 323k 9545k|   0     0 | 773  3288 
  1   4  93   0   0   3|   0     0 | 314k 9427k|   0     0 | 810  3277 
  2   3  92   0   0   3|   0     0 | 309k 9307k|   0     0 | 886  3109 
  2   4  92   0   0   3|   0     0 | 315k 9466k|   0     0 | 817  3111 
  1   3  94   0   0   2|   0     0 | 317k 9384k|   0     0 | 649  2684 
  2   3  92   0   0   3|   0     0 | 305k 9164k|   0     0 | 701  3062 
  1   5  90   0   0   4|   0     0 | 307k 9277k|   0     0 | 824  2941 
  2   4  90   0   0   4|   0     0 | 321k 9457k|   0     0 | 878  3024 
  2   2  92   0   0   4|   0     0 | 312k 9370k|   0     0 | 802  3153 
  1   2  95   0   0   3|   0     0 | 299k 9015k|   0     0 | 798  3029 
  3   2  92   0   0   4|   0     0 | 314k 9285k|   0     0 | 821  3125 
  4   4  90   0   0   2|   0     0 | 304k 9035k|   0     0 | 867  3171 
  2   3  92   0   0   4|   0     0 | 319k 9581k|   0     0 | 790  3196 
  3   3  91   0   0   4|   0     0 | 314k 9292k|   0     0 | 646  3090 
  4   4  88   2   0   3|   0    52k| 309k 9290k|   0     0 | 622  3092 
  2   4  91   0   0   3|   0     0 | 300k 8996k|   0     0 | 614  3066 
  3   5  90   0   0   3|   0     0 | 324k 9552k|   0     0 | 695  3290 
  3   4  91   0   0   3|   0     0 | 313k 9421k|   0     0 | 671  3182 
  2   3  93   0   0   3|   0     0 | 314k 9432k|   0     0 | 771  3393 
  3   4  91   0   0   3|   0     0 | 320k 9447k|   0     0 | 780  3140 
  2   4  92   0   0   4|   0     0 | 305k 9184k|   0     0 | 722  3036 
  2   3  94   0   0   2|   0     0 | 306k 9199k|   0     0 | 808  2987 
  1   3  93   0   0   3|   0  8192B| 318k 9406k|   0     0 | 770  2961 
  4   3  91   0   0   3|   0     0 | 312k 9371k|   0     0 | 799  2991 
  3   4  91   0   0   3|   0     0 | 311k 9365k|   0     0 | 793  2963 
  1   5  91   0   0   4|   0     0 | 317k 9359k|   0     0 | 762  3144 
  3   3  91   0   0   3|   0     0 | 315k 9472k|   0     0 | 916  3179 
  2   3  92   0   0   3|   0     0 | 308k 9262k|   0     0 | 782  3198 
  2   3  92   0   0   4|   0     0 | 321k 9516k|   0     0 | 804  3179 
  3   4  92   0   0   2|   0     0 | 314k 9444k|   0     0 | 806  3108 
  3   6  91   0   0   2|   0     0 | 305k 9172k|   0     0 | 670  2752 
  2   3  92   0   0   3|   0     0 | 321k 9491k|   0     0 | 822  3026 
  2   4  90   0   0   4|   0     0 | 318k 9535k|   0     0 | 742  3089 
  2   3  92   0   0   3|   0     0 | 297k 8923k|   0     0 | 765  2963 
  4   4  90   0   0   3|   0     0 | 316k 9333k|   0     0 | 822  3103 
  2   2  91   0   0   5|   0     0 | 298k 8993k|   0     0 | 850  3015 
  2   4  90   0   0   4|   0     0 | 312k 9374k|   0     0 | 749  3195 
  2   4  90   0   0   4|   0     0 | 329k 9703k|   0     0 | 830  3203 
  3   5  90   0   0   3|   0     0 | 311k 9344k|   0     0 | 860  3205 
  1   2  92   0   0   5|   0     0 | 309k 9304k|   0     0 | 746  3184 
  2   4  92   0   0   2|   0     0 | 313k 9247k|   0     0 | 899  3188 
  1   3  90   0   0   5|   0     0 | 316k 9473k|   0     0 | 925  3215 
  3   3  91   0   0   4|   0     0 | 316k 9497k|   0     0 | 814  3376 
  1   4  92   0   0   3|   0     0 | 317k 9367k|   0     0 | 785  3149 
  2   4  89   1   0   4|   0    20k| 307k 9241k|   0     0 | 794  3215 
  2   5  92   0   0   2|   0     0 | 307k 9201k|   0     0 | 650  3202 
  3   4  87   0   0   5|   0     0 | 321k 9486k|   0     0 | 844  3223 
  2   4  91   0   0   3|   0     0 | 313k 9426k|   0     0 | 819  3207 
  2   4  91   0   0   3|   0    44k| 311k 9311k|   0     0 | 721  3198 
  3   3  92   0   0   3|   0     0 | 310k 9185k|   0     0 | 762  3240 
  2   3  93   0   0   3|   0     0 | 298k 8951k|   0     0 | 656  3134 
  2   3  91   0   0   4|   0     0 | 312k 9372k|   0     0 | 792  3164 
  2   3  93   0   0   3|   0     0 | 323k 9519k|   0     0 | 929  3282 
  1   4  93   0   0   3|   0    16k| 304k 9174k|   0     0 | 619  3088 
  2   4  91   0   0   4|   0     0 | 297k 8917k|   0     0 | 844  3101 
  2   4  91   0   0   3|   0     0 | 318k 9400k|   0     0 | 833  3146 
  1   5  90   0   0   4|   0     0 | 311k 9363k|   0     0 | 763  3121 
  2   4  91   0   0   3|   0     0 | 308k 9243k|   0     0 | 645  2940 
  2   5  89   0   0   3|   0     0 | 321k 9504k|   0     0 | 852  3220 
  2   3  91   0   0   4|   0     0 | 309k 9251k|   0     0 | 852  3242 
  2   4  93   0   0   2|   0     0 | 303k 9157k|   0     0 | 713  3012 
  2   4  91   0   0   3|   0     0 | 329k 9611k|   0     0 | 684  2831 
