[7l----total-cpu-usage---- -dsk/total- -net/total- ---paging-- ---system--
usr sys idl wai hiq siq| read  writ| recv  send|  in   out | int   csw 
  2   1  95   1   0   1|  48k  188k|   0     0 |   0     0 | 220   899 
  2   3  93   0   0   3|   0     0 | 285k 8574k|   0     0 | 879  3095 
  2   4  91   0   0   4|   0     0 | 306k 9213k|   0     0 | 865  3095 
  2   3  90   0   0   5|   0     0 | 312k 9204k|   0     0 | 761  3218 
  2   5  90   0   0   3|   0     0 | 307k 9231k|   0     0 | 632  3021 
  2   4  89   0   0   5|   0     0 | 305k 9172k|   0     0 | 771  3108 
  2   2  91   0   0   5|   0     0 | 322k 9525k|   0     0 | 837  3211 
  2   3  91   0   0   4|   0     0 | 313k 9373k|   0     0 | 726  3212 
  3   4  89   0   0   5|   0     0 | 297k 8973k|   0     0 | 644  3143 
  2   4  90   0   0   4|   0     0 | 317k 9341k|   0     0 | 751  3263 
  4   7  86   0   0   4|   0     0 | 317k 9526k|   0     0 | 733  3279 
  2   3  92   0   0   3|   0     0 | 312k 9396k|   0     0 | 694  3096 
  2   3  89   0   0   6|   0  8192B| 311k 9206k|   0     0 | 825  3030 
  3   5  89   0   0   4|   0     0 | 312k 9396k|   0     0 | 618  2753 
  2   4  90   0   0   4|   0     0 | 314k 9424k|   0     0 | 719  3118 
  2   4  87   0   0   7|   0     0 | 306k 9063k|   0     0 | 771  3039 
  2   5  90   0   0   3|   0     0 | 312k 9355k|   0     0 | 620  3021 
  3   3  90   0   0   4|   0     0 | 309k 9302k|   0     0 | 756  3095 
  4   4  89   0   0   4|   0     0 | 305k 9016k|   0     0 | 790  3185 
  2   4  91   0   0   3|   0     0 | 302k 9100k|   0     0 | 817  3045 
  1   5  89   1   0   5|   0    32k| 300k 9013k|   0     0 | 684  3153 
  2   4  88   1   0   5|   0  4096B| 326k 9598k|   0     0 | 784  3432 
  4   3  90   1   0   3|   0   300k| 310k 9342k|   0     0 | 844  3144 
  2   3  90   0   0   5|   0     0 | 303k 9069k|   0     0 | 817  3167 
  3   4  89   0   0   5|   0     0 | 299k 8866k|   0     0 | 701  3025 
  3   4  90   0   0   4|   0     0 | 318k 9501k|   0     0 | 893  3357 
  3   3  88   0   0   6|   0     0 | 307k 9242k|   0     0 | 609  3097 
  3   4  88   0   0   5|   0     0 | 317k 9350k|   0     0 | 711  3114 
  2   3  91   0   0   4|   0     0 | 307k 9278k|   0     0 | 611  3024 
  3   5  88   0   0   5|   0     0 | 295k 8834k|   0     0 | 838  3029 
  2   5  89   0   0   5|   0     0 | 312k 9201k|   0     0 | 826  3216 
  1   5  91   0   0   3|   0     0 | 310k 9357k|   0     0 | 676  2976 
  1   4  91   0   0   5|   0  8192B| 309k 9281k|   0     0 | 777  3017 
  2   5  89   0   0   5|   0     0 | 316k 9377k|   0     0 | 684  3016 
  2   4  89   0   0   6|   0     0 | 314k 9395k|   0     0 | 622  3202 
  3   4  89   0   0   5|   0     0 | 316k 9510k|   0     0 | 835  3236 
  4   3  92   0   0   2|   0     0 | 312k 9231k|   0     0 | 802  3314 
  2   4  91   0   0   4|   0     0 | 317k 9525k|   0     0 | 852  3138 
  2   4  92   0   0   3|   0     0 | 310k 9306k|   0     0 | 636  3141 
  3   4  90   0   0   4|   0     0 | 299k 8991k|   0     0 | 656  2667 
  3   4  89   0   0   4|   0     0 | 315k 9312k|   0     0 | 817  3073 
  3   4  88   0   0   6|   0     0 | 312k 9366k|   0     0 | 757  2981 
  2   4  90   0   0   4|   0     0 | 292k 8760k|   0     0 | 695  2929 
  2   4  91   0   0   4|   0     0 | 309k 9187k|   0     0 | 685  2967 
  2   4  92   0   0   3|   0     0 | 298k 8955k|   0     0 | 736  2949 
  2   3  90   0   0   6|   0     0 | 308k 9217k|   0     0 | 721  3125 
  3   5  88   0   0   4|   0     0 | 319k 9440k|   0     0 | 796  3080 
  3   4  88   0   0   5|   0     0 | 305k 9200k|   0     0 | 870  3139 
  4   3  89   0   0   4|   0     0 | 307k 9254k|   0     0 | 828  3286 
  4   3  89   0   0   4|   0     0 | 312k 9199k|   0     0 | 740  3271 
  2   3  89   0   0   6|   0     0 | 312k 9363k|   0     0 | 786  3215 
  3   4  89   2   0   4|   0    52k| 314k 9427k|   0     0 | 746  3233 
  4   5  88   0   0   4|   0     0 | 320k 9468k|   0     0 | 699  3161 
  3   2  91   0   0   5|   0     0 | 312k 9360k|   0     0 | 668  3319 
  2   3  91   0   0   4|   0     0 | 302k 9043k|   0     0 | 773  3073 
  3   3  90   0   0   5|   0     0 | 321k 9463k|   0     0 | 792  3145 
  3   3  90   0   0   5|   0     0 | 314k 9450k|   0     0 | 729  3144 
  3   4  90   0   0   4|   0     0 | 317k 9506k|   0     0 | 813  3105 
  3   5  89   0   0   4|   0     0 | 311k 9185k|   0     0 | 809  3156 
  1   5  90   0   0   4|   0     0 | 302k 9073k|   0     0 | 702  3141 
  2   3  90   0   0   5|   0     0 | 312k 9386k|   0     0 | 880  3183 
  4   4  90   0   0   2|   0     0 | 317k 9332k|   0     0 | 699  3112 
  3   4  89   0   0   5|   0     0 | 306k 9223k|   0     0 | 699  3083 
  2   5  89   0   0   5|   0    16k| 300k 9017k|   0     0 | 788  3171 
  3   3  91   0   0   4|   0     0 | 310k 9145k|   0     0 | 750  3120 
  3   3  91   0   0   3|   0     0 | 312k 9423k|   0     0 | 706  3012 
  3   3  89   0   0   5|   0     0 | 307k 9219k|   0     0 | 692  3136 
  3   3  89   0   0   6|   0     0 | 318k 9372k|   0     0 | 732  3151 
  3   3  89   0   0   5|   0     0 | 313k 9406k|   0     0 | 789  3436 
  3   3  90   0   0   4|   0     0 | 304k 9154k|   0     0 | 788  3066 
  4   3  89   0   0   5|   0     0 | 329k 9588k|   0     0 | 729  2878 
