STAT START
secs,qlen,thru,msrt,items,nset,nget,nmget,sqt,gqt,mqt,swt,gwt,mwt
1,0,1589.000000000000,NaN,0,1589,0,0,0.000783632633,NaN,NaN,0.006002627267,NaN,NaN
1,16,3181.000000000000,NaN,0,3181,0,0,0.003405142372,NaN,NaN,0.009011724523,NaN,NaN
1,1,3228.000000000000,NaN,0,3228,0,0,0.003481828338,NaN,NaN,0.009372821861,NaN,NaN
1,11,3244.000000000000,NaN,0,3244,0,0,0.003455491762,NaN,NaN,0.009335282958,NaN,NaN
1,9,3296.000000000000,NaN,0,3296,0,0,0.003427896968,NaN,NaN,0.009284021842,NaN,NaN
1,8,3198.000000000000,NaN,0,3198,0,0,0.003491228707,NaN,NaN,0.009528169376,NaN,NaN
1,16,3304.000000000000,NaN,0,3304,0,0,0.003467693843,NaN,NaN,0.009173690161,NaN,NaN
1,16,3202.000000000000,NaN,0,3202,0,0,0.003711407683,NaN,NaN,0.009484227526,NaN,NaN
1,16,3305.000000000000,NaN,0,3305,0,0,0.003594546954,NaN,NaN,0.009154392617,NaN,NaN
1,16,3207.000000000000,NaN,0,3207,0,0,0.003794555508,NaN,NaN,0.009300431735,NaN,NaN
1,6,3098.000000000000,NaN,0,3098,0,0,0.003826058760,NaN,NaN,0.009779490835,NaN,NaN
1,23,3316.000000000000,NaN,0,3316,0,0,0.002765239017,NaN,NaN,0.008969487982,NaN,NaN
1,13,3245.000000000000,NaN,0,3245,0,0,0.002737115668,NaN,NaN,0.009030254029,NaN,NaN
1,14,3342.000000000000,NaN,0,3342,0,0,0.002431521927,NaN,NaN,0.008770008826,NaN,NaN
1,16,3376.000000000000,NaN,0,3376,0,0,0.002487138596,NaN,NaN,0.008621601353,NaN,NaN
1,15,3341.000000000000,NaN,0,3341,0,0,0.003152040571,NaN,NaN,0.009043977442,NaN,NaN
1,7,3363.000000000000,NaN,0,3363,0,0,0.002353347699,NaN,NaN,0.008692660470,NaN,NaN
1,13,3324.000000000000,NaN,0,3324,0,0,0.003337914199,NaN,NaN,0.009210294250,NaN,NaN
1,8,3262.000000000000,NaN,0,3262,0,0,0.003645882143,NaN,NaN,0.009345029218,NaN,NaN
1,16,3215.000000000000,NaN,0,3215,0,0,0.003566557179,NaN,NaN,0.009497775881,NaN,NaN
1,4,3403.000000000000,NaN,0,3403,0,0,0.003324372968,NaN,NaN,0.009041640548,NaN,NaN
1,16,3235.000000000000,NaN,0,3235,0,0,0.003638968414,NaN,NaN,0.009516948433,NaN,NaN
1,0,3124.000000000000,NaN,0,3124,0,0,0.003878380314,NaN,NaN,0.009783753730,NaN,NaN
1,11,3351.000000000000,NaN,0,3351,0,0,0.003473857466,NaN,NaN,0.009202572135,NaN,NaN
1,16,3337.000000000000,NaN,0,3337,0,0,0.003266837389,NaN,NaN,0.009125815578,NaN,NaN
1,7,3362.000000000000,NaN,0,3362,0,0,0.003524123725,NaN,NaN,0.009127691585,NaN,NaN
1,10,3313.000000000000,NaN,0,3313,0,0,0.003545982517,NaN,NaN,0.009210417657,NaN,NaN
1,8,3402.000000000000,NaN,0,3402,0,0,0.003443739709,NaN,NaN,0.009064184321,NaN,NaN
1,16,3319.000000000000,NaN,0,3319,0,0,0.003508118746,NaN,NaN,0.009185234318,NaN,NaN
1,18,3184.000000000000,NaN,0,3184,0,0,0.003732135521,NaN,NaN,0.009639649910,NaN,NaN
1,13,3246.000000000000,NaN,0,3246,0,0,0.003670905265,NaN,NaN,0.009397911622,NaN,NaN
1,13,3361.000000000000,NaN,0,3361,0,0,0.003513490056,NaN,NaN,0.009073972002,NaN,NaN
1,16,3227.000000000000,NaN,0,3227,0,0,0.003552908218,NaN,NaN,0.009332110774,NaN,NaN
1,6,3279.000000000000,NaN,0,3279,0,0,0.003512583463,NaN,NaN,0.009139847204,NaN,NaN
1,12,2963.000000000000,NaN,0,2963,0,0,0.004101077954,NaN,NaN,0.010323873087,NaN,NaN
1,16,3411.000000000000,NaN,0,3411,0,0,0.003301444466,NaN,NaN,0.008779221614,NaN,NaN
1,8,3436.000000000000,NaN,0,3436,0,0,0.003201428548,NaN,NaN,0.008840711661,NaN,NaN
1,9,3409.000000000000,NaN,0,3409,0,0,0.003278845627,NaN,NaN,0.008847521221,NaN,NaN
1,0,3411.000000000000,NaN,0,3411,0,0,0.003525379384,NaN,NaN,0.008782877843,NaN,NaN
1,4,3268.000000000000,NaN,0,3268,0,0,0.003546048971,NaN,NaN,0.009305924535,NaN,NaN
1,14,3450.000000000000,NaN,0,3450,0,0,0.003355123389,NaN,NaN,0.008729300029,NaN,NaN
1,16,3322.000000000000,NaN,0,3322,0,0,0.003351514943,NaN,NaN,0.009046660013,NaN,NaN
1,16,3361.000000000000,NaN,0,3361,0,0,0.003446266683,NaN,NaN,0.009023523788,NaN,NaN
1,0,3413.000000000000,NaN,0,3413,0,0,0.003294291373,NaN,NaN,0.008878168367,NaN,NaN
1,21,3138.000000000000,NaN,0,3138,0,0,0.003808602006,NaN,NaN,0.009804200091,NaN,NaN
1,14,3345.000000000000,NaN,0,3345,0,0,0.003416260918,NaN,NaN,0.008984673367,NaN,NaN
1,16,3320.000000000000,NaN,0,3320,0,0,0.003495491896,NaN,NaN,0.009187745112,NaN,NaN
1,12,3264.000000000000,NaN,0,3264,0,0,0.003554402413,NaN,NaN,0.009304927335,NaN,NaN
1,16,3273.000000000000,NaN,0,3273,0,0,0.003517121992,NaN,NaN,0.009369796454,NaN,NaN
1,16,3420.000000000000,NaN,0,3420,0,0,0.003298093713,NaN,NaN,0.008945632610,NaN,NaN
1,12,3250.000000000000,NaN,0,3250,0,0,0.003593704660,NaN,NaN,0.009247107081,NaN,NaN
1,15,3307.000000000000,NaN,0,3307,0,0,0.003513698220,NaN,NaN,0.009196602865,NaN,NaN
1,16,3305.000000000000,NaN,0,3305,0,0,0.003699518769,NaN,NaN,0.009105337394,NaN,NaN
1,8,3181.000000000000,NaN,0,3181,0,0,0.003694297859,NaN,NaN,0.009664673501,NaN,NaN
1,16,3121.000000000000,NaN,0,3121,0,0,0.003921104934,NaN,NaN,0.009441577714,NaN,NaN
1,16,3187.000000000000,NaN,0,3187,0,0,0.003802250862,NaN,NaN,0.009467158263,NaN,NaN
1,8,3258.000000000000,NaN,0,3258,0,0,0.003408877397,NaN,NaN,0.009361628817,NaN,NaN
1,12,3337.000000000000,NaN,0,3337,0,0,0.003538641380,NaN,NaN,0.009170997204,NaN,NaN
1,15,3356.000000000000,NaN,0,3356,0,0,0.003287591059,NaN,NaN,0.009051898395,NaN,NaN
1,16,3325.000000000000,NaN,0,3325,0,0,0.003530115323,NaN,NaN,0.009303237453,NaN,NaN
1,0,3304.000000000000,NaN,0,3304,0,0,0.003400321261,NaN,NaN,0.009181353772,NaN,NaN
1,16,3262.000000000000,NaN,0,3262,0,0,0.003758293475,NaN,NaN,0.009210709606,NaN,NaN
1,0,3357.000000000000,NaN,0,3357,0,0,0.003445973174,NaN,NaN,0.009039458630,NaN,NaN
1,15,3348.000000000000,NaN,0,3348,0,0,0.003484807640,NaN,NaN,0.009221541820,NaN,NaN
1,14,3292.000000000000,NaN,0,3292,0,0,0.003684410369,NaN,NaN,0.009196628813,NaN,NaN
1,10,3296.000000000000,NaN,0,3296,0,0,0.003694525100,NaN,NaN,0.009119591614,NaN,NaN
1,10,3374.000000000000,NaN,0,3374,0,0,0.003447392176,NaN,NaN,0.008908110267,NaN,NaN
1,13,3221.000000000000,NaN,0,3221,0,0,0.003648288306,NaN,NaN,0.009406364305,NaN,NaN
1,16,3259.000000000000,NaN,0,3259,0,0,0.003545057060,NaN,NaN,0.009243730151,NaN,NaN
1,10,3124.000000000000,NaN,0,3124,0,0,0.003804740066,NaN,NaN,0.009593423853,NaN,NaN
1,3,3359.000000000000,NaN,0,3359,0,0,0.000920511619,NaN,NaN,0.006740347351,NaN,NaN
1,0,57.000000000000,NaN,0,57,0,0,0.001145696105,NaN,NaN,0.003955082035,NaN,NaN
STAT END
HIST START
1012
   0 0
   1 0
   2 0
   3 0
   4 0
   5 0
   6 0
   7 0
   8 0
   9 0
   10 0
   11 0
   12 0
   13 0
   14 0
   15 0
   16 3
   17 8
   18 7
   19 23
   20 22
   21 37
   22 61
   23 69
   24 85
   25 103
   26 96
   27 123
   28 156
   29 142
   30 160
   31 179
   32 206
   33 221
   34 183
   35 182
   36 250
   37 250
   38 238
   39 265
   40 258
   41 246
   42 275
   43 244
   44 295
   45 289
   46 266
   47 284
   48 291
   49 315
   50 346
   51 353
   52 369
   53 410
   54 394
   55 396
   56 433
   57 431
   58 447
   59 512
   60 509
   61 503
   62 563
   63 527
   64 555
   65 533
   66 545
   67 555
   68 544
   69 607
   70 567
   71 630
   72 660
   73 631
   74 619
   75 787
   76 846
   77 915
   78 956
   79 1000
   80 1168
   81 1245
   82 1380
   83 1468
   84 1594
   85 1806
   86 1946
   87 2104
   88 2225
   89 2456
   90 2499
   91 2698
   92 2866
   93 2898
   94 3103
   95 3165
   96 3297
   97 3383
   98 3562
   99 3587
   100 3638
   101 3714
   102 3683
   103 3698
   104 3600
   105 3603
   106 3555
   107 3468
   108 3520
   109 3363
   110 3267
   111 3117
   112 3063
   113 2934
   114 2867
   115 2718
   116 2687
   117 2571
   118 2361
   119 2273
   120 2141
   121 1933
   122 1932
   123 1743
   124 1676
   125 1583
   126 1535
   127 1425
   128 1349
   129 1288
   130 1263
   131 1223
   132 1190
   133 1163
   134 1151
   135 1031
   136 1081
   137 1055
   138 1004
   139 923
   140 903
   141 869
   142 864
   143 878
   144 873
   145 843
   146 774
   147 788
   148 794
   149 798
   150 761
   151 829
   152 815
   153 834
   154 761
   155 814
   156 800
   157 802
   158 895
   159 913
   160 922
   161 843
   162 884
   163 921
   164 996
   165 974
   166 1035
   167 1060
   168 1042
   169 1060
   170 1098
   171 1094
   172 1138
   173 1071
   174 1112
   175 1083
   176 1020
   177 1066
   178 1059
   179 1019
   180 996
   181 976
   182 1009
   183 904
   184 917
   185 885
   186 889
   187 836
   188 788
   189 772
   190 783
   191 720
   192 714
   193 685
   194 666
   195 609
   196 580
   197 594
   198 550
   199 521
   200 546
   201 475
   202 486
   203 497
   204 469
   205 466
   206 398
   207 406
   208 420
   209 376
   210 342
   211 387
   212 313
   213 328
   214 309
   215 298
   216 291
   217 257
   218 279
   219 254
   220 229
   221 256
   222 253
   223 218
   224 221
   225 219
   226 210
   227 191
   228 201
   229 222
   230 204
   231 198
   232 182
   233 201
   234 221
   235 176
   236 162
   237 160
   238 145
   239 164
   240 147
   241 167
   242 141
   243 116
   244 117
   245 116
   246 138
   247 106
   248 122
   249 111
   250 113
   251 92
   252 96
   253 120
   254 107
   255 93
   256 73
   257 91
   258 79
   259 91
   260 83
   261 77
   262 64
   263 70
   264 64
   265 61
   266 57
   267 50
   268 55
   269 60
   270 63
   271 59
   272 55
   273 45
   274 61
   275 56
   276 43
   277 45
   278 36
   279 38
   280 38
   281 43
   282 29
   283 27
   284 36
   285 34
   286 38
   287 37
   288 38
   289 32
   290 30
   291 25
   292 28
   293 34
   294 31
   295 25
   296 36
   297 33
   298 34
   299 26
   300 29
   301 27
   302 12
   303 19
   304 29
   305 16
   306 18
   307 20
   308 17
   309 17
   310 20
   311 14
   312 13
   313 8
   314 13
   315 6
   316 12
   317 13
   318 19
   319 12
   320 11
   321 16
   322 15
   323 8
   324 14
   325 17
   326 8
   327 12
   328 14
   329 7
   330 9
   331 9
   332 1
   333 6
   334 13
   335 9
   336 7
   337 8
   338 6
   339 8
   340 4
   341 13
   342 7
   343 9
   344 9
   345 7
   346 5
   347 1
   348 2
   349 6
   350 5
   351 4
   352 3
   353 3
   354 7
   355 9
   356 7
   357 4
   358 4
   359 9
   360 9
   361 12
   362 7
   363 5
   364 4
   365 12
   366 7
   367 5
   368 3
   369 8
   370 6
   371 4
   372 6
   373 5
   374 2
   375 6
   376 11
   377 7
   378 5
   379 4
   380 4
   381 6
   382 5
   383 0
   384 4
   385 3
   386 2
   387 1
   388 6
   389 1
   390 3
   391 2
   392 2
   393 0
   394 0
   395 1
   396 1
   397 1
   398 6
   399 2
   400 2
   401 2
   402 1
   403 3
   404 1
   405 1
   406 0
   407 0
   408 0
   409 1
   410 0
   411 0
   412 0
   413 0
   414 0
   415 2
   416 1
   417 1
   418 2
   419 1
   420 2
   421 1
   422 2
   423 4
   424 1
   425 1
   426 1
   427 0
   428 1
   429 1
   430 0
   431 3
   432 1
   433 1
   434 0
   435 0
   436 0
   437 0
   438 0
   439 1
   440 2
   441 0
   442 1
   443 0
   444 1
   445 1
   446 1
   447 0
   448 1
   449 0
   450 0
   451 0
   452 0
   453 2
   454 0
   455 1
   456 0
   457 0
   458 0
   459 0
   460 0
   461 0
   462 2
   463 0
   464 0
   465 0
   466 0
   467 0
   468 1
   469 0
   470 1
   471 0
   472 0
   473 0
   474 0
   475 0
   476 2
   477 0
   478 0
   479 0
   480 0
   481 0
   482 0
   483 0
   484 0
   485 0
   486 0
   487 1
   488 0
   489 0
   490 0
   491 0
   492 0
   493 0
   494 0
   495 0
   496 0
   497 0
   498 0
   499 0
   500 0
   501 0
   502 0
   503 0
   504 0
   505 0
   506 0
   507 0
   508 0
   509 0
   510 0
   511 0
   512 0
   513 0
   514 0
   515 0
   516 0
   517 0
   518 0
   519 0
   520 0
   521 0
   522 0
   523 0
   524 0
   525 0
   526 0
   527 0
   528 0
   529 0
   530 0
   531 0
   532 0
   533 0
   534 0
   535 0
   536 0
   537 0
   538 0
   539 0
   540 0
   541 0
   542 0
   543 0
   544 0
   545 0
   546 0
   547 0
   548 0
   549 0
   550 0
   551 0
   552 0
   553 0
   554 0
   555 0
   556 0
   557 0
   558 0
   559 0
   560 1
   561 0
   562 1
   563 0
   564 0
   565 0
   566 0
   567 0
   568 0
   569 0
   570 0
   571 0
   572 0
   573 0
   574 0
   575 0
   576 0
   577 0
   578 0
   579 0
   580 0
   581 0
   582 0
   583 0
   584 0
   585 0
   586 0
   587 0
   588 0
   589 0
   590 0
   591 0
   592 0
   593 0
   594 0
   595 0
   596 0
   597 0
   598 0
   599 0
   600 0
   601 0
   602 0
   603 0
   604 0
   605 0
   606 0
   607 0
   608 0
   609 0
   610 0
   611 0
   612 0
   613 0
   614 0
   615 0
   616 0
   617 0
   618 0
   619 0
   620 0
   621 0
   622 0
   623 0
   624 0
   625 0
   626 0
   627 0
   628 0
   629 0
   630 0
   631 0
   632 0
   633 0
   634 0
   635 0
   636 0
   637 0
   638 0
   639 0
   640 0
   641 0
   642 0
   643 0
   644 0
   645 0
   646 0
   647 0
   648 0
   649 0
   650 0
   651 0
   652 0
   653 0
   654 0
   655 0
   656 0
   657 0
   658 0
   659 0
   660 0
   661 0
   662 0
   663 0
   664 0
   665 0
   666 0
   667 0
   668 0
   669 0
   670 0
   671 0
   672 0
   673 0
   674 0
   675 0
   676 0
   677 0
   678 0
   679 0
   680 0
   681 0
   682 0
   683 0
   684 0
   685 0
   686 0
   687 0
   688 0
   689 0
   690 0
   691 0
   692 0
   693 0
   694 0
   695 0
   696 0
   697 0
   698 0
   699 0
   700 0
   701 0
   702 0
   703 0
   704 0
   705 0
   706 0
   707 0
   708 0
   709 0
   710 0
   711 0
   712 0
   713 0
   714 0
   715 0
   716 0
   717 0
   718 0
   719 0
   720 0
   721 0
   722 0
   723 0
   724 0
   725 0
   726 0
   727 0
   728 0
   729 0
   730 0
   731 0
   732 0
   733 0
   734 0
   735 0
   736 0
   737 0
   738 0
   739 0
   740 0
   741 0
   742 0
   743 0
   744 0
   745 0
   746 0
   747 0
   748 0
   749 0
   750 0
   751 0
   752 0
   753 0
   754 0
   755 0
   756 0
   757 0
   758 0
   759 0
   760 0
   761 0
   762 0
   763 0
   764 0
   765 0
   766 0
   767 0
   768 0
   769 0
   770 0
   771 0
   772 0
   773 0
   774 0
   775 0
   776 0
   777 0
   778 0
   779 0
   780 0
   781 0
   782 0
   783 0
   784 0
   785 0
   786 0
   787 0
   788 0
   789 0
   790 0
   791 0
   792 0
   793 0
   794 0
   795 0
   796 0
   797 0
   798 0
   799 0
   800 0
   801 0
   802 0
   803 0
   804 0
   805 0
   806 0
   807 0
   808 0
   809 0
   810 0
   811 0
   812 0
   813 0
   814 0
   815 0
   816 0
   817 0
   818 0
   819 0
   820 0
   821 0
   822 0
   823 0
   824 0
   825 0
   826 0
   827 0
   828 0
   829 0
   830 0
   831 0
   832 0
   833 0
   834 0
   835 0
   836 0
   837 0
   838 0
   839 0
   840 0
   841 0
   842 0
   843 0
   844 0
   845 0
   846 0
   847 0
   848 0
   849 0
   850 0
   851 0
   852 0
   853 0
   854 0
   855 0
   856 1
   857 0
   858 0
   859 0
   860 0
   861 0
   862 0
   863 0
   864 0
   865 0
   866 0
   867 0
   868 0
   869 0
   870 0
   871 0
   872 0
   873 0
   874 0
   875 0
   876 0
   877 0
   878 0
   879 0
   880 0
   881 0
   882 0
   883 0
   884 0
   885 0
   886 0
   887 0
   888 0
   889 0
   890 0
   891 0
   892 0
   893 0
   894 0
   895 0
   896 0
   897 0
   898 0
   899 0
   900 0
   901 0
   902 0
   903 0
   904 0
   905 0
   906 0
   907 0
   908 0
   909 0
   910 1
   911 0
   912 0
   913 0
   914 0
   915 0
   916 0
   917 0
   918 0
   919 0
   920 0
   921 0
   922 0
   923 0
   924 0
   925 0
   926 0
   927 0
   928 0
   929 0
   930 0
   931 0
   932 0
   933 0
   934 0
   935 0
   936 0
   937 0
   938 0
   939 0
   940 0
   941 0
   942 0
   943 0
   944 0
   945 0
   946 0
   947 0
   948 0
   949 0
   950 0
   951 0
   952 0
   953 0
   954 0
   955 0
   956 0
   957 0
   958 0
   959 0
   960 0
   961 0
   962 0
   963 0
   964 0
   965 0
   966 0
   967 0
   968 0
   969 0
   970 0
   971 0
   972 0
   973 0
   974 0
   975 0
   976 0
   977 0
   978 0
   979 0
   980 0
   981 0
   982 0
   983 0
   984 0
   985 0
   986 0
   987 0
   988 0
   989 0
   990 0
   991 0
   992 0
   993 0
   994 0
   995 0
   996 0
   997 0
   998 0
   999 0
   1000 0
   1001 0
   1002 0
   1003 0
   1004 0
   1005 0
   1006 0
   1007 0
   1008 0
   1009 0
   1010 0
   1011 1
HIST END
