STAT START
secs,qlen,thru,msrt,items,nset,nget,nmget,sqt,gqt,mqt,swt,gwt,mwt
1,23,2243.000000000000,NaN,0,2243,0,0,0.001692733989,NaN,NaN,0.008559777023,NaN,NaN
1,9,3220.000000000000,NaN,0,3220,0,0,0.003326879711,NaN,NaN,0.009336002810,NaN,NaN
1,1,3365.000000000000,NaN,0,3365,0,0,0.003348634845,NaN,NaN,0.008851815354,NaN,NaN
1,15,3327.000000000000,NaN,0,3327,0,0,0.003433910388,NaN,NaN,0.009119334638,NaN,NaN
1,16,3343.000000000000,NaN,0,3343,0,0,0.003298811617,NaN,NaN,0.009031756624,NaN,NaN
1,9,3475.000000000000,NaN,0,3475,0,0,0.002977767472,NaN,NaN,0.008473695378,NaN,NaN
1,16,3329.000000000000,NaN,0,3329,0,0,0.003561468203,NaN,NaN,0.009194329475,NaN,NaN
1,0,3550.000000000000,NaN,0,3550,0,0,0.003249580202,NaN,NaN,0.008578003246,NaN,NaN
1,12,3376.000000000000,NaN,0,3376,0,0,0.003338057295,NaN,NaN,0.008966693249,NaN,NaN
1,5,3285.000000000000,NaN,0,3285,0,0,0.003396247132,NaN,NaN,0.009301236574,NaN,NaN
1,8,3326.000000000000,NaN,0,3326,0,0,0.003467416904,NaN,NaN,0.009102519950,NaN,NaN
1,12,3594.000000000000,NaN,0,3594,0,0,0.002501414585,NaN,NaN,0.008103014544,NaN,NaN
1,14,3405.000000000000,NaN,0,3405,0,0,0.002469677961,NaN,NaN,0.008542186922,NaN,NaN
1,4,3291.000000000000,NaN,0,3291,0,0,0.002216689879,NaN,NaN,0.008657370475,NaN,NaN
1,16,3459.000000000000,NaN,0,3459,0,0,0.002202467641,NaN,NaN,0.008371989294,NaN,NaN
1,16,3520.000000000000,NaN,0,3520,0,0,0.002619241905,NaN,NaN,0.008398753644,NaN,NaN
1,0,3307.000000000000,NaN,0,3307,0,0,0.002734486573,NaN,NaN,0.008553324286,NaN,NaN
1,16,3474.000000000000,NaN,0,3474,0,0,0.003126033744,NaN,NaN,0.008512295311,NaN,NaN
1,9,3319.000000000000,NaN,0,3319,0,0,0.003513529243,NaN,NaN,0.009146284781,NaN,NaN
1,16,3453.000000000000,NaN,0,3453,0,0,0.003241330463,NaN,NaN,0.008694954425,NaN,NaN
1,16,3496.000000000000,NaN,0,3496,0,0,0.003355674872,NaN,NaN,0.008573109653,NaN,NaN
1,15,3680.000000000000,NaN,0,3680,0,0,0.002918530661,NaN,NaN,0.008311450168,NaN,NaN
1,16,3260.000000000000,NaN,0,3260,0,0,0.003466974215,NaN,NaN,0.009293696779,NaN,NaN
1,14,3570.000000000000,NaN,0,3570,0,0,0.003192969555,NaN,NaN,0.008579940378,NaN,NaN
1,5,3524.000000000000,NaN,0,3524,0,0,0.003147099121,NaN,NaN,0.008455591049,NaN,NaN
1,0,3388.000000000000,NaN,0,3388,0,0,0.003535905244,NaN,NaN,0.008987372265,NaN,NaN
1,16,3484.000000000000,NaN,0,3484,0,0,0.003163917239,NaN,NaN,0.008673610549,NaN,NaN
1,0,3357.000000000000,NaN,0,3357,0,0,0.003392936241,NaN,NaN,0.009087834881,NaN,NaN
1,16,3459.000000000000,NaN,0,3459,0,0,0.003030369278,NaN,NaN,0.008638300280,NaN,NaN
1,5,3343.000000000000,NaN,0,3343,0,0,0.003259480428,NaN,NaN,0.009046667711,NaN,NaN
1,14,3429.000000000000,NaN,0,3429,0,0,0.003203658633,NaN,NaN,0.008821233522,NaN,NaN
1,0,3506.000000000000,NaN,0,3506,0,0,0.003106660567,NaN,NaN,0.008617644358,NaN,NaN
1,12,3312.000000000000,NaN,0,3312,0,0,0.003364971765,NaN,NaN,0.009251958937,NaN,NaN
1,15,3425.000000000000,NaN,0,3425,0,0,0.003029540884,NaN,NaN,0.008660097011,NaN,NaN
1,10,3623.000000000000,NaN,0,3623,0,0,0.003081541299,NaN,NaN,0.008318259559,NaN,NaN
1,23,3169.000000000000,NaN,0,3169,0,0,0.003437530463,NaN,NaN,0.009577666228,NaN,NaN
1,16,3388.000000000000,NaN,0,3388,0,0,0.003379526256,NaN,NaN,0.008922923093,NaN,NaN
1,16,3352.000000000000,NaN,0,3352,0,0,0.003300794543,NaN,NaN,0.008898697339,NaN,NaN
1,16,3369.000000000000,NaN,0,3369,0,0,0.003486207578,NaN,NaN,0.009100600505,NaN,NaN
1,0,3377.000000000000,NaN,0,3377,0,0,0.003469976401,NaN,NaN,0.009037478735,NaN,NaN
1,16,3509.000000000000,NaN,0,3509,0,0,0.003260608264,NaN,NaN,0.008486316812,NaN,NaN
1,15,3456.000000000000,NaN,0,3456,0,0,0.003226701146,NaN,NaN,0.008728229802,NaN,NaN
1,16,3271.000000000000,NaN,0,3271,0,0,0.003646786805,NaN,NaN,0.009400719258,NaN,NaN
1,16,3390.000000000000,NaN,0,3390,0,0,0.003347475352,NaN,NaN,0.009016906845,NaN,NaN
1,16,3311.000000000000,NaN,0,3311,0,0,0.003347432967,NaN,NaN,0.009172871429,NaN,NaN
1,9,3436.000000000000,NaN,0,3436,0,0,0.003357057237,NaN,NaN,0.008745088985,NaN,NaN
1,12,3503.000000000000,NaN,0,3503,0,0,0.003155667454,NaN,NaN,0.008678430918,NaN,NaN
1,16,3294.000000000000,NaN,0,3294,0,0,0.003467770745,NaN,NaN,0.009012472488,NaN,NaN
1,7,3644.000000000000,NaN,0,3644,0,0,0.002986840414,NaN,NaN,0.008024552408,NaN,NaN
1,8,3329.000000000000,NaN,0,3329,0,0,0.003385630830,NaN,NaN,0.009192281348,NaN,NaN
1,11,3515.000000000000,NaN,0,3515,0,0,0.003095435630,NaN,NaN,0.008638994536,NaN,NaN
1,11,3482.000000000000,NaN,0,3482,0,0,0.003318237593,NaN,NaN,0.008801815311,NaN,NaN
1,16,3422.000000000000,NaN,0,3422,0,0,0.003137007949,NaN,NaN,0.008687574580,NaN,NaN
1,16,3296.000000000000,NaN,0,3296,0,0,0.003421607173,NaN,NaN,0.009359599830,NaN,NaN
1,0,3055.000000000000,NaN,0,3055,0,0,0.003801558337,NaN,NaN,0.009848376451,NaN,NaN
1,16,3312.000000000000,NaN,0,3312,0,0,0.003361328049,NaN,NaN,0.009081504803,NaN,NaN
1,0,3410.000000000000,NaN,0,3410,0,0,0.003244471619,NaN,NaN,0.008668787031,NaN,NaN
1,16,3546.000000000000,NaN,0,3546,0,0,0.003156655892,NaN,NaN,0.008459926051,NaN,NaN
1,0,3546.000000000000,NaN,0,3546,0,0,0.002957702691,NaN,NaN,0.008439389794,NaN,NaN
1,16,3237.000000000000,NaN,0,3237,0,0,0.003583155825,NaN,NaN,0.009402642914,NaN,NaN
1,29,3520.000000000000,NaN,0,3520,0,0,0.003256960148,NaN,NaN,0.008572140023,NaN,NaN
1,16,3568.000000000000,NaN,0,3568,0,0,0.003178089163,NaN,NaN,0.008302539605,NaN,NaN
1,5,3488.000000000000,NaN,0,3488,0,0,0.003340991914,NaN,NaN,0.008540665603,NaN,NaN
1,16,3523.000000000000,NaN,0,3523,0,0,0.003108274593,NaN,NaN,0.008630347407,NaN,NaN
1,16,3368.000000000000,NaN,0,3368,0,0,0.003477201640,NaN,NaN,0.008990706144,NaN,NaN
1,16,3369.000000000000,NaN,0,3369,0,0,0.003397217283,NaN,NaN,0.008909096331,NaN,NaN
1,15,3451.000000000000,NaN,0,3451,0,0,0.003346777599,NaN,NaN,0.008743364403,NaN,NaN
1,2,3428.000000000000,NaN,0,3428,0,0,0.003301666285,NaN,NaN,0.008924553887,NaN,NaN
1,0,3578.000000000000,NaN,0,3578,0,0,0.002969981375,NaN,NaN,0.008342245941,NaN,NaN
1,0,3227.000000000000,NaN,0,3227,0,0,0.003549649769,NaN,NaN,0.009346608535,NaN,NaN
1,0,1967.000000000000,NaN,0,1967,0,0,0.000325906266,NaN,NaN,0.005393706641,NaN,NaN
STAT END
HIST START
1463
   0 0
   1 0
   2 0
   3 0
   4 0
   5 0
   6 0
   7 0
   8 0
   9 0
   10 0
   11 0
   12 0
   13 0
   14 0
   15 0
   16 5
   17 11
   18 23
   19 20
   20 45
   21 67
   22 92
   23 126
   24 164
   25 203
   26 240
   27 279
   28 327
   29 377
   30 418
   31 516
   32 558
   33 544
   34 576
   35 640
   36 622
   37 631
   38 606
   39 643
   40 627
   41 579
   42 515
   43 556
   44 600
   45 611
   46 676
   47 644
   48 668
   49 647
   50 704
   51 694
   52 707
   53 682
   54 745
   55 766
   56 819
   57 819
   58 830
   59 814
   60 800
   61 711
   62 762
   63 743
   64 756
   65 768
   66 736
   67 716
   68 670
   69 656
   70 701
   71 685
   72 695
   73 729
   74 758
   75 892
   76 849
   77 922
   78 922
   79 987
   80 1114
   81 1060
   82 1152
   83 1289
   84 1319
   85 1456
   86 1559
   87 1726
   88 1921
   89 2136
   90 2295
   91 2542
   92 2880
   93 3232
   94 3833
   95 4149
   96 4552
   97 4887
   98 5565
   99 5729
   100 5789
   101 5506
   102 5445
   103 5190
   104 4848
   105 4554
   106 4130
   107 3829
   108 3440
   109 3191
   110 2926
   111 2606
   112 2309
   113 2195
   114 2082
   115 1969
   116 1968
   117 1875
   118 1720
   119 1688
   120 1530
   121 1474
   122 1402
   123 1382
   124 1255
   125 1189
   126 1107
   127 1003
   128 956
   129 936
   130 849
   131 894
   132 798
   133 713
   134 667
   135 686
   136 603
   137 568
   138 518
   139 545
   140 500
   141 483
   142 471
   143 406
   144 400
   145 363
   146 352
   147 337
   148 323
   149 316
   150 305
   151 346
   152 296
   153 338
   154 363
   155 350
   156 340
   157 366
   158 385
   159 395
   160 453
   161 434
   162 437
   163 499
   164 521
   165 554
   166 613
   167 671
   168 631
   169 681
   170 756
   171 789
   172 764
   173 790
   174 870
   175 846
   176 851
   177 926
   178 917
   179 933
   180 932
   181 1004
   182 1021
   183 946
   184 984
   185 1003
   186 1078
   187 1070
   188 1158
   189 1125
   190 1140
   191 1149
   192 1175
   193 1232
   194 1170
   195 1195
   196 1229
   197 1310
   198 1188
   199 1122
   200 1092
   201 1030
   202 1064
   203 957
   204 908
   205 852
   206 810
   207 720
   208 637
   209 561
   210 496
   211 514
   212 422
   213 394
   214 361
   215 344
   216 333
   217 274
   218 263
   219 246
   220 190
   221 179
   222 189
   223 163
   224 161
   225 157
   226 120
   227 128
   228 116
   229 134
   230 132
   231 121
   232 110
   233 124
   234 94
   235 105
   236 110
   237 105
   238 96
   239 76
   240 61
   241 73
   242 71
   243 58
   244 50
   245 39
   246 46
   247 43
   248 59
   249 56
   250 49
   251 44
   252 44
   253 39
   254 38
   255 33
   256 33
   257 36
   258 47
   259 46
   260 54
   261 49
   262 41
   263 33
   264 51
   265 45
   266 35
   267 38
   268 49
   269 50
   270 44
   271 36
   272 41
   273 33
   274 41
   275 37
   276 24
   277 34
   278 33
   279 37
   280 25
   281 22
   282 36
   283 24
   284 31
   285 40
   286 43
   287 33
   288 32
   289 28
   290 32
   291 48
   292 45
   293 45
   294 44
   295 50
   296 45
   297 47
   298 38
   299 37
   300 54
   301 41
   302 41
   303 42
   304 33
   305 34
   306 34
   307 27
   308 23
   309 24
   310 18
   311 28
   312 14
   313 21
   314 18
   315 11
   316 8
   317 12
   318 15
   319 12
   320 12
   321 20
   322 10
   323 21
   324 14
   325 9
   326 11
   327 14
   328 14
   329 12
   330 8
   331 8
   332 10
   333 11
   334 10
   335 11
   336 10
   337 14
   338 10
   339 4
   340 3
   341 8
   342 6
   343 5
   344 6
   345 7
   346 10
   347 6
   348 8
   349 4
   350 3
   351 4
   352 4
   353 2
   354 3
   355 3
   356 2
   357 2
   358 0
   359 1
   360 0
   361 3
   362 3
   363 1
   364 0
   365 1
   366 2
   367 0
   368 2
   369 4
   370 3
   371 0
   372 1
   373 1
   374 2
   375 2
   376 2
   377 2
   378 6
   379 5
   380 5
   381 5
   382 6
   383 1
   384 6
   385 1
   386 3
   387 3
   388 5
   389 1
   390 2
   391 3
   392 2
   393 2
   394 2
   395 1
   396 1
   397 6
   398 1
   399 1
   400 3
   401 0
   402 0
   403 0
   404 0
   405 0
   406 0
   407 1
   408 2
   409 0
   410 1
   411 0
   412 0
   413 0
   414 0
   415 3
   416 0
   417 1
   418 0
   419 0
   420 1
   421 0
   422 2
   423 0
   424 1
   425 1
   426 0
   427 0
   428 4
   429 0
   430 0
   431 0
   432 0
   433 1
   434 0
   435 0
   436 0
   437 1
   438 0
   439 1
   440 1
   441 0
   442 0
   443 0
   444 1
   445 0
   446 0
   447 0
   448 0
   449 0
   450 0
   451 0
   452 0
   453 0
   454 0
   455 0
   456 1
   457 0
   458 0
   459 0
   460 0
   461 0
   462 0
   463 0
   464 0
   465 0
   466 0
   467 0
   468 0
   469 0
   470 0
   471 0
   472 0
   473 0
   474 1
   475 1
   476 1
   477 0
   478 0
   479 0
   480 0
   481 1
   482 3
   483 2
   484 1
   485 1
   486 0
   487 0
   488 3
   489 1
   490 3
   491 0
   492 0
   493 0
   494 1
   495 2
   496 2
   497 0
   498 1
   499 0
   500 3
   501 0
   502 0
   503 0
   504 0
   505 0
   506 0
   507 0
   508 0
   509 0
   510 0
   511 0
   512 0
   513 0
   514 0
   515 0
   516 0
   517 0
   518 0
   519 0
   520 0
   521 0
   522 1
   523 0
   524 0
   525 0
   526 0
   527 0
   528 0
   529 0
   530 0
   531 0
   532 0
   533 0
   534 0
   535 0
   536 0
   537 0
   538 0
   539 0
   540 0
   541 0
   542 0
   543 0
   544 0
   545 0
   546 0
   547 0
   548 0
   549 1
   550 0
   551 0
   552 0
   553 0
   554 0
   555 0
   556 0
   557 0
   558 0
   559 0
   560 0
   561 0
   562 0
   563 0
   564 0
   565 0
   566 0
   567 0
   568 0
   569 0
   570 0
   571 0
   572 0
   573 0
   574 0
   575 0
   576 0
   577 0
   578 0
   579 0
   580 0
   581 0
   582 0
   583 0
   584 0
   585 0
   586 0
   587 0
   588 0
   589 0
   590 0
   591 0
   592 0
   593 0
   594 0
   595 0
   596 0
   597 0
   598 0
   599 0
   600 0
   601 0
   602 0
   603 0
   604 0
   605 0
   606 0
   607 0
   608 0
   609 0
   610 0
   611 0
   612 0
   613 0
   614 0
   615 0
   616 1
   617 0
   618 0
   619 0
   620 0
   621 0
   622 0
   623 0
   624 0
   625 0
   626 0
   627 0
   628 0
   629 0
   630 0
   631 0
   632 0
   633 0
   634 0
   635 0
   636 0
   637 0
   638 0
   639 0
   640 0
   641 0
   642 0
   643 0
   644 0
   645 0
   646 0
   647 0
   648 0
   649 0
   650 0
   651 0
   652 0
   653 0
   654 0
   655 0
   656 0
   657 0
   658 0
   659 0
   660 0
   661 0
   662 0
   663 0
   664 0
   665 0
   666 0
   667 1
   668 0
   669 0
   670 0
   671 0
   672 0
   673 0
   674 0
   675 0
   676 0
   677 1
   678 0
   679 0
   680 0
   681 1
   682 0
   683 0
   684 0
   685 0
   686 0
   687 0
   688 0
   689 0
   690 0
   691 0
   692 0
   693 0
   694 0
   695 0
   696 0
   697 0
   698 0
   699 0
   700 0
   701 0
   702 0
   703 0
   704 0
   705 0
   706 0
   707 0
   708 0
   709 0
   710 0
   711 0
   712 0
   713 0
   714 0
   715 0
   716 0
   717 0
   718 0
   719 0
   720 0
   721 0
   722 0
   723 0
   724 0
   725 0
   726 0
   727 0
   728 0
   729 0
   730 0
   731 0
   732 0
   733 0
   734 0
   735 0
   736 0
   737 0
   738 0
   739 0
   740 0
   741 0
   742 0
   743 0
   744 0
   745 0
   746 0
   747 0
   748 0
   749 0
   750 0
   751 0
   752 0
   753 0
   754 0
   755 0
   756 0
   757 0
   758 0
   759 0
   760 0
   761 0
   762 0
   763 0
   764 0
   765 0
   766 0
   767 0
   768 0
   769 0
   770 0
   771 0
   772 0
   773 0
   774 0
   775 0
   776 0
   777 0
   778 0
   779 0
   780 0
   781 1
   782 0
   783 0
   784 0
   785 0
   786 0
   787 0
   788 0
   789 0
   790 0
   791 0
   792 0
   793 0
   794 0
   795 0
   796 0
   797 0
   798 1
   799 0
   800 0
   801 0
   802 0
   803 0
   804 0
   805 0
   806 0
   807 0
   808 0
   809 0
   810 0
   811 0
   812 0
   813 0
   814 1
   815 0
   816 0
   817 0
   818 0
   819 0
   820 0
   821 0
   822 0
   823 0
   824 0
   825 0
   826 0
   827 0
   828 0
   829 1
   830 0
   831 0
   832 0
   833 0
   834 0
   835 0
   836 0
   837 0
   838 0
   839 0
   840 0
   841 0
   842 0
   843 0
   844 0
   845 0
   846 0
   847 0
   848 0
   849 0
   850 0
   851 0
   852 0
   853 0
   854 0
   855 0
   856 0
   857 0
   858 0
   859 0
   860 0
   861 0
   862 0
   863 0
   864 0
   865 0
   866 0
   867 0
   868 0
   869 1
   870 0
   871 0
   872 0
   873 0
   874 0
   875 0
   876 0
   877 0
   878 0
   879 0
   880 0
   881 0
   882 0
   883 0
   884 0
   885 0
   886 0
   887 0
   888 0
   889 0
   890 0
   891 0
   892 0
   893 0
   894 0
   895 0
   896 0
   897 0
   898 0
   899 0
   900 0
   901 0
   902 0
   903 0
   904 0
   905 0
   906 0
   907 0
   908 0
   909 0
   910 0
   911 0
   912 0
   913 0
   914 0
   915 0
   916 0
   917 0
   918 0
   919 0
   920 0
   921 0
   922 0
   923 0
   924 0
   925 0
   926 0
   927 0
   928 0
   929 0
   930 0
   931 0
   932 0
   933 0
   934 0
   935 0
   936 0
   937 0
   938 0
   939 0
   940 0
   941 0
   942 0
   943 0
   944 0
   945 0
   946 0
   947 0
   948 0
   949 0
   950 0
   951 0
   952 0
   953 0
   954 0
   955 0
   956 0
   957 0
   958 0
   959 0
   960 0
   961 0
   962 0
   963 0
   964 0
   965 0
   966 0
   967 0
   968 0
   969 0
   970 0
   971 0
   972 0
   973 0
   974 0
   975 0
   976 0
   977 0
   978 0
   979 0
   980 0
   981 0
   982 0
   983 0
   984 0
   985 0
   986 0
   987 0
   988 0
   989 0
   990 0
   991 0
   992 0
   993 0
   994 0
   995 0
   996 0
   997 0
   998 0
   999 0
   1000 0
   1001 0
   1002 0
   1003 0
   1004 0
   1005 0
   1006 0
   1007 0
   1008 0
   1009 0
   1010 0
   1011 0
   1012 0
   1013 0
   1014 0
   1015 0
   1016 0
   1017 0
   1018 0
   1019 0
   1020 0
   1021 0
   1022 0
   1023 0
   1024 0
   1025 0
   1026 0
   1027 0
   1028 0
   1029 0
   1030 0
   1031 0
   1032 0
   1033 0
   1034 0
   1035 0
   1036 0
   1037 0
   1038 0
   1039 0
   1040 0
   1041 0
   1042 0
   1043 0
   1044 0
   1045 0
   1046 0
   1047 0
   1048 0
   1049 0
   1050 0
   1051 0
   1052 0
   1053 0
   1054 0
   1055 0
   1056 0
   1057 0
   1058 0
   1059 0
   1060 0
   1061 0
   1062 0
   1063 0
   1064 0
   1065 0
   1066 0
   1067 0
   1068 0
   1069 0
   1070 0
   1071 0
   1072 0
   1073 0
   1074 0
   1075 0
   1076 0
   1077 0
   1078 0
   1079 0
   1080 0
   1081 0
   1082 0
   1083 0
   1084 0
   1085 0
   1086 0
   1087 0
   1088 0
   1089 0
   1090 0
   1091 0
   1092 0
   1093 0
   1094 0
   1095 0
   1096 0
   1097 0
   1098 0
   1099 0
   1100 0
   1101 0
   1102 0
   1103 0
   1104 0
   1105 0
   1106 0
   1107 0
   1108 0
   1109 0
   1110 0
   1111 0
   1112 0
   1113 0
   1114 0
   1115 0
   1116 0
   1117 0
   1118 0
   1119 0
   1120 0
   1121 0
   1122 0
   1123 0
   1124 0
   1125 0
   1126 0
   1127 0
   1128 0
   1129 0
   1130 0
   1131 0
   1132 0
   1133 0
   1134 0
   1135 0
   1136 0
   1137 0
   1138 0
   1139 0
   1140 0
   1141 0
   1142 0
   1143 0
   1144 0
   1145 0
   1146 0
   1147 0
   1148 0
   1149 0
   1150 0
   1151 0
   1152 0
   1153 0
   1154 0
   1155 0
   1156 0
   1157 0
   1158 0
   1159 0
   1160 0
   1161 0
   1162 0
   1163 0
   1164 0
   1165 0
   1166 0
   1167 0
   1168 0
   1169 0
   1170 0
   1171 0
   1172 0
   1173 0
   1174 0
   1175 0
   1176 0
   1177 0
   1178 0
   1179 0
   1180 0
   1181 0
   1182 0
   1183 0
   1184 0
   1185 0
   1186 0
   1187 0
   1188 0
   1189 0
   1190 0
   1191 0
   1192 0
   1193 0
   1194 0
   1195 0
   1196 0
   1197 0
   1198 0
   1199 0
   1200 0
   1201 0
   1202 0
   1203 0
   1204 0
   1205 0
   1206 0
   1207 0
   1208 0
   1209 0
   1210 0
   1211 0
   1212 0
   1213 0
   1214 0
   1215 0
   1216 0
   1217 0
   1218 0
   1219 0
   1220 0
   1221 0
   1222 0
   1223 0
   1224 0
   1225 0
   1226 0
   1227 0
   1228 0
   1229 0
   1230 0
   1231 0
   1232 0
   1233 0
   1234 0
   1235 0
   1236 0
   1237 0
   1238 0
   1239 0
   1240 0
   1241 0
   1242 0
   1243 0
   1244 0
   1245 0
   1246 0
   1247 0
   1248 0
   1249 0
   1250 0
   1251 0
   1252 0
   1253 0
   1254 0
   1255 0
   1256 0
   1257 0
   1258 0
   1259 0
   1260 0
   1261 0
   1262 0
   1263 0
   1264 0
   1265 0
   1266 0
   1267 0
   1268 0
   1269 0
   1270 0
   1271 0
   1272 0
   1273 0
   1274 0
   1275 0
   1276 0
   1277 0
   1278 0
   1279 0
   1280 0
   1281 0
   1282 0
   1283 0
   1284 0
   1285 0
   1286 0
   1287 0
   1288 0
   1289 0
   1290 0
   1291 0
   1292 0
   1293 0
   1294 0
   1295 0
   1296 0
   1297 0
   1298 0
   1299 0
   1300 0
   1301 0
   1302 0
   1303 0
   1304 0
   1305 0
   1306 0
   1307 0
   1308 0
   1309 0
   1310 0
   1311 0
   1312 0
   1313 0
   1314 0
   1315 0
   1316 0
   1317 0
   1318 0
   1319 0
   1320 0
   1321 0
   1322 0
   1323 0
   1324 0
   1325 0
   1326 0
   1327 0
   1328 0
   1329 0
   1330 0
   1331 0
   1332 0
   1333 0
   1334 0
   1335 0
   1336 0
   1337 0
   1338 0
   1339 0
   1340 0
   1341 0
   1342 0
   1343 0
   1344 0
   1345 0
   1346 0
   1347 0
   1348 0
   1349 0
   1350 0
   1351 0
   1352 0
   1353 0
   1354 0
   1355 0
   1356 0
   1357 0
   1358 0
   1359 0
   1360 0
   1361 0
   1362 0
   1363 0
   1364 0
   1365 0
   1366 0
   1367 0
   1368 0
   1369 0
   1370 0
   1371 0
   1372 0
   1373 0
   1374 0
   1375 0
   1376 0
   1377 0
   1378 0
   1379 0
   1380 0
   1381 0
   1382 0
   1383 0
   1384 0
   1385 0
   1386 0
   1387 0
   1388 0
   1389 0
   1390 0
   1391 0
   1392 0
   1393 0
   1394 0
   1395 0
   1396 0
   1397 0
   1398 0
   1399 0
   1400 0
   1401 0
   1402 0
   1403 0
   1404 0
   1405 0
   1406 0
   1407 0
   1408 0
   1409 0
   1410 0
   1411 0
   1412 0
   1413 0
   1414 0
   1415 0
   1416 0
   1417 0
   1418 0
   1419 0
   1420 0
   1421 0
   1422 0
   1423 0
   1424 0
   1425 0
   1426 0
   1427 0
   1428 0
   1429 0
   1430 0
   1431 0
   1432 0
   1433 0
   1434 0
   1435 0
   1436 0
   1437 0
   1438 0
   1439 0
   1440 0
   1441 0
   1442 0
   1443 0
   1444 0
   1445 0
   1446 0
   1447 0
   1448 0
   1449 0
   1450 0
   1451 1
   1452 0
   1453 0
   1454 0
   1455 0
   1456 0
   1457 0
   1458 0
   1459 0
   1460 0
   1461 0
   1462 1
HIST END
