STAT START
secs,qlen,thru,msrt,items,nset,nget,nmget,sqt,gqt,mqt,swt,gwt,mwt
1,0,162.000000000000,0.004922644163,4266,83,0,79,0.000274684446,NaN,0.000194174823,0.010941516313,NaN,0.056234060038
1,0,163.000000000000,0.006172839506,4374,82,0,81,0.000232691024,NaN,0.000101659617,0.015063996305,NaN,0.052428872556
1,0,171.000000000000,0.004793028322,4590,86,0,85,0.000114918570,NaN,0.000215175706,0.014344615279,NaN,0.051604352976
1,0,175.000000000000,0.006034124012,4806,86,0,89,0.000102384337,NaN,0.000273976045,0.016736947756,NaN,0.048402267652
1,0,166.000000000000,0.005645889792,4428,84,0,82,0.000082214012,NaN,0.000088582805,0.016868419060,NaN,0.050269519110
1,0,160.000000000000,0.003240740741,4320,80,0,80,0.000068339012,NaN,0.000098238963,0.016040511925,NaN,0.053358068287
1,0,160.000000000000,0.003200731596,4374,79,0,81,0.000079087962,NaN,0.000098486654,0.016240747228,NaN,0.057176962580
1,0,161.000000000000,0.006094702297,4266,82,0,79,0.000140028793,NaN,0.000100549646,0.017227983878,NaN,0.053150194696
1,0,163.000000000000,0.011517615176,4428,81,0,82,0.000073612852,NaN,0.000079144646,0.016886116938,NaN,0.050364401098
1,0,162.000000000000,0.006401463192,4374,81,0,81,0.000071346062,NaN,0.000099670568,0.017556591691,NaN,0.049904067420
1,0,176.000000000000,0.004208754209,4752,88,0,88,0.000240458545,NaN,0.000137888466,0.014995851455,NaN,0.049539223193
1,0,166.000000000000,0.003792949576,4482,83,0,83,0.000100561867,NaN,0.000092667554,0.017880258542,NaN,0.050593513446
1,0,165.000000000000,0.006470325747,4482,82,0,83,0.000081461756,NaN,0.000104977675,0.017433676500,NaN,0.051354470940
1,0,162.000000000000,0.007904245709,4428,80,0,82,0.000082730712,NaN,0.000096892829,0.017497378500,NaN,0.051273729720
1,0,164.000000000000,0.008230452675,4374,83,0,81,0.000086539627,NaN,0.000094369136,0.020260692361,NaN,0.049402702840
1,0,150.000000000000,0.004004004004,3996,76,0,74,0.000081488776,NaN,0.000079043676,0.019729940974,NaN,0.053942136189
1,0,166.000000000000,0.003569834895,4482,83,0,83,0.000088358928,NaN,0.000077517482,0.017570112687,NaN,0.052443743313
1,0,170.000000000000,0.001742919390,4590,85,0,85,0.000087258706,NaN,0.000081829153,0.017837253435,NaN,0.049012724941
1,1,169.000000000000,0.004306632214,4644,83,0,86,0.000070502795,NaN,0.000077364651,0.018052871301,NaN,0.048590377756
1,0,165.000000000000,0.008687700046,4374,84,0,81,0.000084180810,NaN,0.000085475012,0.018320355964,NaN,0.049776491407
1,0,165.000000000000,0.006613756614,4536,81,0,84,0.000087435593,NaN,0.000094324083,0.019005542136,NaN,0.050346353333
1,0,165.000000000000,0.007904245709,4428,83,0,82,0.000068532880,NaN,0.000102809000,0.017475927265,NaN,0.050210001256
1,0,166.000000000000,0.008701472557,4482,83,0,83,0.000089113181,NaN,0.000103153470,0.016619020843,NaN,0.050152182675
1,0,162.000000000000,0.010516689529,4374,81,0,81,0.000278798654,NaN,0.000144331630,0.014454356148,NaN,0.056161645086
1,0,157.000000000000,0.002374169041,4212,79,0,78,0.000081206987,NaN,0.000100959103,0.018206105557,NaN,0.054192596462
1,0,167.000000000000,0.006834215168,4536,83,0,84,0.000064702578,NaN,0.000088886964,0.018245460735,NaN,0.049421591440
1,0,165.000000000000,0.008924587238,4482,82,0,83,0.000079144598,NaN,0.000087480590,0.016020032463,NaN,0.052236608795
1,0,164.000000000000,0.003886602652,4374,83,0,81,0.000291474217,NaN,0.000143855123,0.018374377446,NaN,0.048173951951
1,0,168.000000000000,0.009803921569,4590,83,0,85,0.000185918229,NaN,0.000149404824,0.018012929229,NaN,0.050360601894
1,0,167.000000000000,0.011378848728,4482,84,0,83,0.000195210155,NaN,0.000264647855,0.017378491833,NaN,0.048408488120
1,0,162.000000000000,0.004115226337,4374,81,0,81,0.000092983914,NaN,0.000107367210,0.014472643321,NaN,0.053869782185
1,0,172.000000000000,0.004952627046,4644,86,0,86,0.000092810640,NaN,0.000101585407,0.018177071826,NaN,0.049222415709
1,0,166.000000000000,0.007362784471,4482,83,0,83,0.000079705566,NaN,0.000090172205,0.016416506265,NaN,0.050320132120
1,0,173.000000000000,0.005598621878,4644,87,0,86,0.000131770724,NaN,0.000072357477,0.015850222437,NaN,0.049915253744
1,0,162.000000000000,0.002710027100,4428,80,0,82,0.000092296225,NaN,0.000111202000,0.019024741050,NaN,0.049947249695
1,0,171.000000000000,0.001543209877,4536,87,0,84,0.000078384678,NaN,0.000141743714,0.017529612690,NaN,0.049451807667
1,0,160.000000000000,0.002514860540,4374,79,0,81,0.000117435076,NaN,0.000114203272,0.018562489443,NaN,0.051546236272
1,0,185.000000000000,0.004830917874,4968,93,0,92,0.000090107871,NaN,0.000112139239,0.016707761290,NaN,0.046718329913
1,0,164.000000000000,0.004290876242,4428,82,0,82,0.000095237890,NaN,0.000113889915,0.018785889707,NaN,0.048232860415
1,0,168.000000000000,0.005291005291,4536,84,0,84,0.000086470131,NaN,0.000242272679,0.017996005976,NaN,0.048465464190
1,0,169.000000000000,0.009259259259,4536,85,0,84,0.000104420565,NaN,0.000099515833,0.018475290659,NaN,0.048009365964
1,0,167.000000000000,0.003306878307,4536,83,0,84,0.000363601145,NaN,0.000151363131,0.018782217289,NaN,0.050348173238
1,0,172.000000000000,0.005383290267,4644,86,0,86,0.000103966895,NaN,0.000098229430,0.016891067802,NaN,0.048882676895
1,0,169.000000000000,0.006318082789,4590,84,0,85,0.000104263714,NaN,0.000107238329,0.014665085667,NaN,0.050647533624
1,0,170.000000000000,0.004737295435,4644,84,0,86,0.000126278750,NaN,0.000178111779,0.016447567762,NaN,0.050576471651
1,0,176.000000000000,0.007751937984,4644,90,0,86,0.000087594567,NaN,0.000097338709,0.014076499522,NaN,0.049541891965
1,0,166.000000000000,0.013609995538,4482,83,0,83,0.000157789313,NaN,0.000152722843,0.017569793928,NaN,0.048813737687
1,0,174.000000000000,0.006450270495,4806,85,0,89,0.000100361612,NaN,0.000148681090,0.015632216106,NaN,0.048197832236
1,0,169.000000000000,0.007139669790,4482,86,0,83,0.000208569872,NaN,0.000084475542,0.017667694988,NaN,0.049811669892
1,0,169.000000000000,0.005228758170,4590,84,0,85,0.000079597155,NaN,0.000113389165,0.017284251131,NaN,0.047845494212
1,0,166.000000000000,0.003123605533,4482,83,0,83,0.000144964759,NaN,0.000093031313,0.019640586711,NaN,0.048863525747
1,0,167.000000000000,0.001115573405,4482,84,0,83,0.000079450750,NaN,0.000085288867,0.019600520488,NaN,0.046648665627
1,0,175.000000000000,0.001473063973,4752,87,0,88,0.000080169839,NaN,0.000123660511,0.016367795989,NaN,0.048735902602
1,0,165.000000000000,0.006097560976,4428,83,0,82,0.000169741651,NaN,0.000071102793,0.018293230747,NaN,0.049043390988
1,0,167.000000000000,0.003569834895,4482,84,0,83,0.000081456821,NaN,0.000070920952,0.019270297405,NaN,0.047784799205
1,0,158.000000000000,0.005391467417,4266,79,0,79,0.000092636506,NaN,0.000188099848,0.017774581354,NaN,0.052919627038
1,0,178.000000000000,0.005087505088,4914,87,0,91,0.000110251506,NaN,0.000169269308,0.018453519885,NaN,0.046897173813
1,0,168.000000000000,0.006323396567,4428,86,0,82,0.000089076814,NaN,0.000143827573,0.015832064221,NaN,0.049841343500
1,0,186.000000000000,0.004728132388,5076,92,0,94,0.000131572554,NaN,0.000144403500,0.014727470087,NaN,0.047060624064
1,0,171.000000000000,0.008278867102,4590,86,0,85,0.000078348395,NaN,0.000091818847,0.016505165988,NaN,0.048766747894
1,0,170.000000000000,0.008613264427,4644,84,0,86,0.000111744940,NaN,0.000096403860,0.017071003929,NaN,0.048959394140
1,0,167.000000000000,0.005577867024,4482,84,0,83,0.000078006619,NaN,0.000102147422,0.018324017298,NaN,0.051219033084
1,0,167.000000000000,0.005800981705,4482,84,0,83,0.000073849357,NaN,0.000071093120,0.017598104024,NaN,0.049422278964
1,0,177.000000000000,0.005826050770,4806,88,0,89,0.000118738761,NaN,0.000070625157,0.016138794864,NaN,0.047277061393
1,0,173.000000000000,0.004952627046,4644,87,0,86,0.000080461724,NaN,0.000088234872,0.018379195989,NaN,0.046877568686
1,0,165.000000000000,0.004016064257,4482,82,0,83,0.000079467780,NaN,0.000181403590,0.017864692341,NaN,0.050359219036
1,0,172.000000000000,0.005813953488,4644,86,0,86,0.000075469291,NaN,0.000086248767,0.019281258570,NaN,0.047966746442
1,0,173.000000000000,0.005747126437,4698,86,0,87,0.000085206884,NaN,0.000081892874,0.018077858826,NaN,0.046769097172
1,0,162.000000000000,0.006250000000,4320,82,0,80,0.000203951976,NaN,0.000111136875,0.018065725195,NaN,0.048826932975
1,0,167.000000000000,0.006024096386,4482,84,0,83,0.000100308619,NaN,0.000096406241,0.015625502976,NaN,0.052281450277
1,0,8.000000000000,0.003086419753,324,2,0,6,0.000047602000,NaN,0.000041518167,0.013393124500,NaN,0.060031935833
STAT END
Server 0 handled 11719 requests.
Server 1 handled 11721 requests.
Server 2 handled 11725 requests.
SET HIST START
428
   0 0
   1 0
   2 0
   3 0
   4 0
   5 0
   6 0
   7 0
   8 0
   9 0
   10 0
   11 0
   12 0
   13 1
   14 5
   15 8
   16 14
   17 23
   18 26
   19 26
   20 28
   21 39
   22 33
   23 29
   24 23
   25 34
   26 29
   27 27
   28 19
   29 20
   30 29
   31 26
   32 24
   33 7
   34 19
   35 26
   36 19
   37 11
   38 12
   39 6
   40 8
   41 7
   42 10
   43 4
   44 3
   45 6
   46 3
   47 9
   48 7
   49 6
   50 10
   51 2
   52 1
   53 3
   54 5
   55 3
   56 5
   57 4
   58 9
   59 5
   60 8
   61 8
   62 7
   63 12
   64 21
   65 12
   66 14
   67 9
   68 16
   69 18
   70 5
   71 9
   72 9
   73 13
   74 14
   75 13
   76 10
   77 16
   78 18
   79 23
   80 18
   81 14
   82 12
   83 14
   84 12
   85 16
   86 21
   87 18
   88 18
   89 28
   90 32
   91 18
   92 23
   93 37
   94 22
   95 31
   96 41
   97 28
   98 39
   99 29
   100 25
   101 24
   102 25
   103 37
   104 22
   105 29
   106 27
   107 28
   108 28
   109 31
   110 27
   111 32
   112 36
   113 36
   114 23
   115 26
   116 33
   117 40
   118 27
   119 32
   120 42
   121 36
   122 25
   123 29
   124 33
   125 30
   126 21
   127 39
   128 29
   129 27
   130 24
   131 22
   132 33
   133 34
   134 32
   135 27
   136 27
   137 28
   138 24
   139 22
   140 18
   141 23
   142 21
   143 25
   144 16
   145 26
   146 18
   147 24
   148 20
   149 19
   150 22
   151 18
   152 23
   153 15
   154 16
   155 19
   156 21
   157 17
   158 17
   159 15
   160 15
   161 16
   162 22
   163 16
   164 22
   165 24
   166 13
   167 14
   168 14
   169 14
   170 19
   171 21
   172 17
   173 13
   174 15
   175 19
   176 12
   177 22
   178 16
   179 19
   180 20
   181 16
   182 13
   183 20
   184 22
   185 22
   186 20
   187 17
   188 16
   189 16
   190 23
   191 10
   192 16
   193 22
   194 13
   195 20
   196 17
   197 12
   198 10
   199 12
   200 11
   201 11
   202 13
   203 5
   204 6
   205 4
   206 4
   207 6
   208 6
   209 7
   210 4
   211 8
   212 5
   213 5
   214 7
   215 5
   216 10
   217 8
   218 11
   219 8
   220 5
   221 8
   222 3
   223 8
   224 6
   225 8
   226 11
   227 8
   228 8
   229 6
   230 4
   231 12
   232 10
   233 14
   234 16
   235 6
   236 16
   237 8
   238 12
   239 18
   240 9
   241 7
   242 12
   243 11
   244 9
   245 11
   246 6
   247 11
   248 17
   249 11
   250 21
   251 14
   252 13
   253 17
   254 21
   255 15
   256 12
   257 14
   258 16
   259 13
   260 15
   261 10
   262 15
   263 16
   264 21
   265 24
   266 15
   267 19
   268 18
   269 29
   270 23
   271 21
   272 21
   273 25
   274 17
   275 32
   276 28
   277 40
   278 40
   279 34
   280 36
   281 51
   282 46
   283 52
   284 45
   285 35
   286 46
   287 44
   288 53
   289 48
   290 47
   291 46
   292 51
   293 35
   294 34
   295 45
   296 44
   297 36
   298 36
   299 35
   300 27
   301 15
   302 16
   303 9
   304 12
   305 9
   306 3
   307 10
   308 5
   309 1
   310 7
   311 4
   312 11
   313 6
   314 5
   315 6
   316 1
   317 1
   318 5
   319 6
   320 5
   321 5
   322 4
   323 1
   324 7
   325 5
   326 2
   327 3
   328 5
   329 1
   330 2
   331 0
   332 1
   333 4
   334 5
   335 4
   336 6
   337 6
   338 3
   339 6
   340 9
   341 2
   342 4
   343 5
   344 5
   345 4
   346 1
   347 6
   348 6
   349 2
   350 4
   351 0
   352 1
   353 2
   354 2
   355 1
   356 1
   357 0
   358 1
   359 0
   360 0
   361 1
   362 1
   363 1
   364 1
   365 0
   366 1
   367 0
   368 0
   369 1
   370 1
   371 0
   372 0
   373 0
   374 0
   375 0
   376 0
   377 0
   378 0
   379 0
   380 0
   381 0
   382 0
   383 0
   384 0
   385 0
   386 1
   387 0
   388 0
   389 0
   390 0
   391 0
   392 0
   393 0
   394 1
   395 1
   396 0
   397 0
   398 0
   399 0
   400 0
   401 0
   402 0
   403 0
   404 0
   405 0
   406 0
   407 0
   408 0
   409 0
   410 0
   411 0
   412 0
   413 0
   414 0
   415 0
   416 0
   417 0
   418 0
   419 0
   420 0
   421 0
   422 0
   423 0
   424 0
   425 0
   426 1
   427 1
SET HIST END
GET HIST START
0
GET HIST END
MGET HIST START
2156
   0 0
   1 0
   2 0
   3 0
   4 0
   5 0
   6 0
   7 0
   8 0
   9 0
   10 0
   11 0
   12 0
   13 0
   14 0
   15 0
   16 0
   17 0
   18 0
   19 0
   20 0
   21 0
   22 0
   23 0
   24 0
   25 0
   26 0
   27 0
   28 0
   29 0
   30 0
   31 0
   32 0
   33 0
   34 0
   35 0
   36 0
   37 0
   38 0
   39 0
   40 0
   41 0
   42 0
   43 1
   44 1
   45 0
   46 0
   47 0
   48 0
   49 0
   50 0
   51 1
   52 0
   53 0
   54 0
   55 0
   56 0
   57 0
   58 0
   59 0
   60 0
   61 0
   62 0
   63 1
   64 0
   65 0
   66 0
   67 0
   68 0
   69 0
   70 0
   71 0
   72 1
   73 0
   74 0
   75 0
   76 0
   77 0
   78 0
   79 0
   80 0
   81 0
   82 0
   83 0
   84 0
   85 0
   86 0
   87 0
   88 0
   89 0
   90 2
   91 1
   92 0
   93 0
   94 0
   95 1
   96 0
   97 0
   98 1
   99 0
   100 0
   101 0
   102 0
   103 0
   104 0
   105 0
   106 0
   107 0
   108 0
   109 0
   110 0
   111 0
   112 0
   113 0
   114 0
   115 0
   116 0
   117 0
   118 0
   119 1
   120 0
   121 1
   122 0
   123 1
   124 0
   125 1
   126 0
   127 0
   128 1
   129 0
   130 0
   131 1
   132 2
   133 1
   134 0
   135 1
   136 1
   137 1
   138 0
   139 0
   140 1
   141 1
   142 0
   143 0
   144 0
   145 0
   146 0
   147 1
   148 1
   149 0
   150 2
   151 0
   152 0
   153 0
   154 0
   155 0
   156 1
   157 1
   158 1
   159 1
   160 1
   161 2
   162 1
   163 1
   164 0
   165 0
   166 0
   167 0
   168 2
   169 0
   170 0
   171 2
   172 1
   173 2
   174 1
   175 0
   176 2
   177 2
   178 1
   179 3
   180 1
   181 0
   182 0
   183 1
   184 1
   185 1
   186 2
   187 2
   188 0
   189 1
   190 2
   191 0
   192 0
   193 0
   194 4
   195 1
   196 0
   197 1
   198 0
   199 1
   200 3
   201 1
   202 1
   203 5
   204 1
   205 1
   206 2
   207 2
   208 2
   209 3
   210 4
   211 2
   212 0
   213 2
   214 2
   215 4
   216 3
   217 0
   218 1
   219 1
   220 1
   221 1
   222 2
   223 2
   224 5
   225 4
   226 4
   227 3
   228 2
   229 2
   230 4
   231 0
   232 0
   233 0
   234 2
   235 2
   236 1
   237 0
   238 3
   239 2
   240 0
   241 1
   242 0
   243 1
   244 0
   245 1
   246 0
   247 5
   248 1
   249 3
   250 1
   251 1
   252 2
   253 3
   254 0
   255 1
   256 3
   257 5
   258 5
   259 3
   260 3
   261 0
   262 4
   263 1
   264 5
   265 4
   266 3
   267 3
   268 11
   269 11
   270 3
   271 4
   272 10
   273 4
   274 3
   275 6
   276 2
   277 5
   278 6
   279 6
   280 8
   281 11
   282 8
   283 13
   284 4
   285 5
   286 15
   287 15
   288 8
   289 10
   290 5
   291 13
   292 11
   293 6
   294 13
   295 10
   296 10
   297 10
   298 8
   299 17
   300 9
   301 14
   302 15
   303 11
   304 15
   305 15
   306 16
   307 11
   308 27
   309 14
   310 15
   311 9
   312 10
   313 10
   314 12
   315 19
   316 8
   317 7
   318 9
   319 12
   320 8
   321 10
   322 6
   323 15
   324 9
   325 9
   326 8
   327 5
   328 7
   329 4
   330 6
   331 5
   332 10
   333 2
   334 4
   335 6
   336 7
   337 5
   338 7
   339 7
   340 1
   341 3
   342 3
   343 9
   344 8
   345 7
   346 5
   347 7
   348 4
   349 5
   350 9
   351 5
   352 4
   353 4
   354 11
   355 6
   356 8
   357 9
   358 4
   359 11
   360 5
   361 11
   362 12
   363 10
   364 9
   365 19
   366 10
   367 10
   368 8
   369 14
   370 12
   371 11
   372 19
   373 10
   374 5
   375 14
   376 7
   377 14
   378 6
   379 9
   380 13
   381 16
   382 8
   383 8
   384 12
   385 8
   386 10
   387 18
   388 8
   389 9
   390 5
   391 9
   392 5
   393 11
   394 7
   395 9
   396 5
   397 7
   398 9
   399 6
   400 5
   401 3
   402 10
   403 4
   404 5
   405 10
   406 8
   407 11
   408 10
   409 10
   410 12
   411 14
   412 8
   413 12
   414 7
   415 14
   416 11
   417 16
   418 14
   419 14
   420 11
   421 16
   422 11
   423 13
   424 18
   425 14
   426 18
   427 21
   428 17
   429 23
   430 18
   431 7
   432 20
   433 12
   434 11
   435 21
   436 15
   437 14
   438 7
   439 20
   440 16
   441 17
   442 19
   443 13
   444 14
   445 22
   446 19
   447 20
   448 13
   449 13
   450 27
   451 19
   452 23
   453 24
   454 19
   455 23
   456 32
   457 27
   458 29
   459 35
   460 26
   461 34
   462 36
   463 37
   464 36
   465 45
   466 27
   467 26
   468 35
   469 31
   470 40
   471 38
   472 30
   473 33
   474 26
   475 30
   476 35
   477 34
   478 35
   479 21
   480 20
   481 15
   482 23
   483 23
   484 21
   485 16
   486 21
   487 10
   488 21
   489 26
   490 18
   491 15
   492 13
   493 16
   494 16
   495 13
   496 14
   497 10
   498 13
   499 7
   500 11
   501 13
   502 9
   503 13
   504 8
   505 8
   506 10
   507 10
   508 10
   509 12
   510 6
   511 10
   512 6
   513 10
   514 12
   515 12
   516 10
   517 7
   518 17
   519 9
   520 9
   521 9
   522 7
   523 10
   524 6
   525 7
   526 7
   527 6
   528 8
   529 8
   530 4
   531 5
   532 8
   533 4
   534 4
   535 9
   536 4
   537 6
   538 5
   539 4
   540 6
   541 7
   542 10
   543 4
   544 4
   545 5
   546 7
   547 5
   548 7
   549 8
   550 8
   551 5
   552 8
   553 6
   554 8
   555 4
   556 9
   557 4
   558 11
   559 10
   560 6
   561 7
   562 4
   563 11
   564 10
   565 10
   566 15
   567 12
   568 13
   569 9
   570 16
   571 13
   572 11
   573 5
   574 16
   575 8
   576 12
   577 13
   578 11
   579 13
   580 8
   581 15
   582 14
   583 13
   584 14
   585 16
   586 14
   587 13
   588 21
   589 13
   590 11
   591 22
   592 13
   593 11
   594 18
   595 10
   596 11
   597 17
   598 21
   599 20
   600 25
   601 12
   602 10
   603 14
   604 12
   605 13
   606 17
   607 14
   608 13
   609 18
   610 26
   611 18
   612 25
   613 20
   614 27
   615 24
   616 29
   617 28
   618 20
   619 21
   620 26
   621 12
   622 15
   623 15
   624 16
   625 13
   626 20
   627 9
   628 7
   629 15
   630 10
   631 13
   632 8
   633 10
   634 16
   635 12
   636 15
   637 12
   638 8
   639 13
   640 12
   641 9
   642 10
   643 12
   644 15
   645 6
   646 11
   647 7
   648 10
   649 9
   650 9
   651 7
   652 10
   653 13
   654 14
   655 11
   656 8
   657 6
   658 7
   659 9
   660 11
   661 12
   662 10
   663 7
   664 8
   665 11
   666 8
   667 8
   668 8
   669 12
   670 3
   671 10
   672 1
   673 3
   674 4
   675 3
   676 8
   677 9
   678 2
   679 3
   680 4
   681 3
   682 3
   683 2
   684 1
   685 3
   686 2
   687 2
   688 3
   689 3
   690 0
   691 2
   692 4
   693 0
   694 5
   695 2
   696 2
   697 3
   698 1
   699 2
   700 1
   701 1
   702 2
   703 2
   704 3
   705 0
   706 3
   707 0
   708 1
   709 3
   710 2
   711 2
   712 2
   713 1
   714 2
   715 4
   716 4
   717 2
   718 2
   719 3
   720 1
   721 2
   722 2
   723 3
   724 1
   725 3
   726 5
   727 5
   728 3
   729 4
   730 2
   731 6
   732 4
   733 1
   734 9
   735 6
   736 4
   737 3
   738 6
   739 2
   740 0
   741 3
   742 1
   743 1
   744 3
   745 5
   746 3
   747 3
   748 3
   749 2
   750 3
   751 4
   752 1
   753 3
   754 4
   755 5
   756 8
   757 6
   758 8
   759 6
   760 5
   761 6
   762 3
   763 10
   764 7
   765 8
   766 7
   767 9
   768 8
   769 10
   770 7
   771 11
   772 6
   773 12
   774 9
   775 7
   776 8
   777 6
   778 6
   779 3
   780 6
   781 5
   782 4
   783 6
   784 3
   785 10
   786 6
   787 4
   788 4
   789 0
   790 2
   791 6
   792 3
   793 1
   794 2
   795 7
   796 4
   797 1
   798 6
   799 2
   800 2
   801 2
   802 2
   803 1
   804 3
   805 3
   806 2
   807 1
   808 0
   809 1
   810 2
   811 2
   812 2
   813 1
   814 4
   815 1
   816 4
   817 3
   818 1
   819 0
   820 0
   821 1
   822 2
   823 1
   824 1
   825 2
   826 0
   827 1
   828 1
   829 1
   830 0
   831 0
   832 1
   833 0
   834 0
   835 0
   836 0
   837 0
   838 0
   839 0
   840 2
   841 0
   842 0
   843 0
   844 0
   845 0
   846 0
   847 0
   848 0
   849 0
   850 0
   851 0
   852 1
   853 0
   854 1
   855 0
   856 0
   857 0
   858 0
   859 0
   860 0
   861 1
   862 0
   863 0
   864 0
   865 0
   866 1
   867 1
   868 1
   869 0
   870 0
   871 0
   872 0
   873 0
   874 0
   875 0
   876 0
   877 0
   878 0
   879 0
   880 0
   881 0
   882 0
   883 0
   884 0
   885 0
   886 0
   887 0
   888 0
   889 0
   890 0
   891 1
   892 0
   893 1
   894 0
   895 0
   896 1
   897 0
   898 0
   899 0
   900 0
   901 1
   902 0
   903 1
   904 2
   905 1
   906 0
   907 1
   908 1
   909 1
   910 0
   911 1
   912 1
   913 1
   914 1
   915 0
   916 1
   917 1
   918 1
   919 0
   920 0
   921 5
   922 2
   923 1
   924 1
   925 0
   926 1
   927 1
   928 1
   929 2
   930 0
   931 0
   932 0
   933 0
   934 2
   935 0
   936 1
   937 1
   938 0
   939 1
   940 0
   941 1
   942 0
   943 0
   944 0
   945 2
   946 0
   947 0
   948 0
   949 2
   950 0
   951 1
   952 0
   953 0
   954 0
   955 0
   956 3
   957 0
   958 1
   959 1
   960 0
   961 0
   962 0
   963 0
   964 0
   965 1
   966 0
   967 0
   968 0
   969 0
   970 0
   971 0
   972 0
   973 1
   974 0
   975 0
   976 0
   977 0
   978 0
   979 0
   980 1
   981 0
   982 1
   983 0
   984 0
   985 0
   986 0
   987 0
   988 0
   989 0
   990 0
   991 0
   992 0
   993 0
   994 0
   995 0
   996 0
   997 0
   998 0
   999 0
   1000 0
   1001 0
   1002 0
   1003 0
   1004 0
   1005 0
   1006 0
   1007 0
   1008 0
   1009 0
   1010 0
   1011 0
   1012 0
   1013 0
   1014 0
   1015 0
   1016 0
   1017 0
   1018 0
   1019 0
   1020 0
   1021 0
   1022 0
   1023 0
   1024 0
   1025 0
   1026 0
   1027 1
   1028 0
   1029 0
   1030 0
   1031 0
   1032 0
   1033 0
   1034 0
   1035 0
   1036 0
   1037 0
   1038 0
   1039 0
   1040 0
   1041 0
   1042 0
   1043 0
   1044 0
   1045 0
   1046 0
   1047 0
   1048 0
   1049 0
   1050 0
   1051 1
   1052 0
   1053 0
   1054 0
   1055 0
   1056 0
   1057 0
   1058 0
   1059 1
   1060 0
   1061 0
   1062 0
   1063 0
   1064 0
   1065 0
   1066 0
   1067 0
   1068 0
   1069 0
   1070 0
   1071 0
   1072 0
   1073 0
   1074 0
   1075 0
   1076 0
   1077 0
   1078 0
   1079 0
   1080 0
   1081 1
   1082 0
   1083 0
   1084 0
   1085 0
   1086 0
   1087 0
   1088 0
   1089 0
   1090 0
   1091 0
   1092 0
   1093 0
   1094 0
   1095 0
   1096 0
   1097 0
   1098 0
   1099 0
   1100 0
   1101 0
   1102 0
   1103 0
   1104 0
   1105 0
   1106 0
   1107 0
   1108 0
   1109 0
   1110 0
   1111 0
   1112 0
   1113 0
   1114 0
   1115 0
   1116 0
   1117 0
   1118 0
   1119 0
   1120 0
   1121 0
   1122 0
   1123 0
   1124 0
   1125 0
   1126 0
   1127 0
   1128 0
   1129 0
   1130 0
   1131 0
   1132 0
   1133 0
   1134 1
   1135 0
   1136 0
   1137 0
   1138 1
   1139 0
   1140 0
   1141 0
   1142 0
   1143 0
   1144 0
   1145 0
   1146 0
   1147 0
   1148 0
   1149 0
   1150 0
   1151 0
   1152 0
   1153 0
   1154 0
   1155 0
   1156 0
   1157 0
   1158 0
   1159 0
   1160 0
   1161 0
   1162 0
   1163 0
   1164 0
   1165 0
   1166 0
   1167 0
   1168 0
   1169 0
   1170 0
   1171 0
   1172 0
   1173 0
   1174 0
   1175 0
   1176 0
   1177 0
   1178 0
   1179 0
   1180 0
   1181 1
   1182 0
   1183 0
   1184 0
   1185 0
   1186 0
   1187 0
   1188 0
   1189 0
   1190 0
   1191 0
   1192 0
   1193 0
   1194 0
   1195 0
   1196 0
   1197 0
   1198 0
   1199 0
   1200 0
   1201 0
   1202 0
   1203 0
   1204 0
   1205 0
   1206 1
   1207 0
   1208 0
   1209 0
   1210 0
   1211 0
   1212 0
   1213 0
   1214 0
   1215 0
   1216 0
   1217 0
   1218 0
   1219 0
   1220 0
   1221 0
   1222 0
   1223 0
   1224 0
   1225 0
   1226 0
   1227 0
   1228 0
   1229 0
   1230 0
   1231 0
   1232 0
   1233 0
   1234 0
   1235 0
   1236 0
   1237 0
   1238 0
   1239 0
   1240 0
   1241 0
   1242 0
   1243 0
   1244 0
   1245 0
   1246 0
   1247 0
   1248 1
   1249 0
   1250 0
   1251 0
   1252 0
   1253 0
   1254 0
   1255 0
   1256 0
   1257 0
   1258 0
   1259 0
   1260 0
   1261 0
   1262 0
   1263 0
   1264 0
   1265 0
   1266 0
   1267 0
   1268 0
   1269 0
   1270 0
   1271 0
   1272 0
   1273 0
   1274 0
   1275 0
   1276 0
   1277 0
   1278 0
   1279 0
   1280 0
   1281 0
   1282 0
   1283 0
   1284 0
   1285 0
   1286 0
   1287 0
   1288 0
   1289 0
   1290 0
   1291 0
   1292 0
   1293 0
   1294 0
   1295 0
   1296 0
   1297 0
   1298 0
   1299 0
   1300 0
   1301 0
   1302 0
   1303 0
   1304 0
   1305 0
   1306 0
   1307 0
   1308 0
   1309 0
   1310 0
   1311 0
   1312 0
   1313 0
   1314 0
   1315 1
   1316 0
   1317 0
   1318 0
   1319 0
   1320 0
   1321 0
   1322 0
   1323 0
   1324 0
   1325 0
   1326 0
   1327 0
   1328 0
   1329 0
   1330 0
   1331 0
   1332 0
   1333 0
   1334 0
   1335 0
   1336 0
   1337 0
   1338 0
   1339 0
   1340 0
   1341 0
   1342 0
   1343 0
   1344 0
   1345 0
   1346 0
   1347 0
   1348 0
   1349 0
   1350 0
   1351 0
   1352 0
   1353 0
   1354 0
   1355 0
   1356 0
   1357 0
   1358 0
   1359 0
   1360 0
   1361 0
   1362 0
   1363 0
   1364 0
   1365 0
   1366 0
   1367 0
   1368 0
   1369 0
   1370 0
   1371 0
   1372 0
   1373 0
   1374 0
   1375 0
   1376 0
   1377 0
   1378 0
   1379 0
   1380 0
   1381 0
   1382 0
   1383 0
   1384 0
   1385 0
   1386 0
   1387 0
   1388 0
   1389 0
   1390 0
   1391 0
   1392 0
   1393 0
   1394 0
   1395 0
   1396 0
   1397 0
   1398 0
   1399 0
   1400 0
   1401 0
   1402 0
   1403 0
   1404 0
   1405 0
   1406 0
   1407 0
   1408 0
   1409 0
   1410 0
   1411 0
   1412 0
   1413 0
   1414 0
   1415 0
   1416 0
   1417 0
   1418 0
   1419 0
   1420 0
   1421 0
   1422 0
   1423 0
   1424 0
   1425 0
   1426 0
   1427 0
   1428 0
   1429 0
   1430 0
   1431 0
   1432 0
   1433 0
   1434 0
   1435 0
   1436 0
   1437 0
   1438 0
   1439 0
   1440 0
   1441 0
   1442 0
   1443 0
   1444 0
   1445 0
   1446 0
   1447 0
   1448 0
   1449 0
   1450 0
   1451 0
   1452 0
   1453 0
   1454 0
   1455 0
   1456 0
   1457 0
   1458 0
   1459 0
   1460 0
   1461 0
   1462 0
   1463 0
   1464 0
   1465 0
   1466 0
   1467 0
   1468 0
   1469 0
   1470 0
   1471 0
   1472 0
   1473 0
   1474 0
   1475 0
   1476 0
   1477 0
   1478 0
   1479 0
   1480 0
   1481 0
   1482 0
   1483 0
   1484 0
   1485 0
   1486 0
   1487 0
   1488 0
   1489 0
   1490 0
   1491 0
   1492 0
   1493 0
   1494 0
   1495 0
   1496 0
   1497 0
   1498 0
   1499 0
   1500 0
   1501 0
   1502 0
   1503 0
   1504 0
   1505 0
   1506 0
   1507 0
   1508 0
   1509 0
   1510 0
   1511 0
   1512 0
   1513 0
   1514 0
   1515 0
   1516 0
   1517 0
   1518 0
   1519 0
   1520 0
   1521 0
   1522 0
   1523 0
   1524 0
   1525 0
   1526 0
   1527 0
   1528 0
   1529 0
   1530 0
   1531 0
   1532 0
   1533 0
   1534 0
   1535 0
   1536 0
   1537 0
   1538 0
   1539 0
   1540 0
   1541 0
   1542 0
   1543 0
   1544 0
   1545 0
   1546 0
   1547 0
   1548 0
   1549 0
   1550 0
   1551 0
   1552 0
   1553 1
   1554 0
   1555 0
   1556 0
   1557 0
   1558 0
   1559 0
   1560 0
   1561 0
   1562 0
   1563 0
   1564 0
   1565 0
   1566 0
   1567 0
   1568 0
   1569 0
   1570 0
   1571 1
   1572 0
   1573 0
   1574 0
   1575 0
   1576 0
   1577 0
   1578 0
   1579 0
   1580 0
   1581 0
   1582 0
   1583 0
   1584 0
   1585 0
   1586 0
   1587 0
   1588 0
   1589 0
   1590 0
   1591 0
   1592 0
   1593 0
   1594 0
   1595 0
   1596 0
   1597 0
   1598 0
   1599 0
   1600 0
   1601 0
   1602 0
   1603 0
   1604 0
   1605 0
   1606 0
   1607 0
   1608 0
   1609 0
   1610 0
   1611 0
   1612 0
   1613 0
   1614 0
   1615 0
   1616 0
   1617 0
   1618 0
   1619 0
   1620 0
   1621 0
   1622 0
   1623 0
   1624 0
   1625 0
   1626 0
   1627 0
   1628 0
   1629 0
   1630 0
   1631 0
   1632 0
   1633 0
   1634 0
   1635 0
   1636 0
   1637 0
   1638 0
   1639 0
   1640 0
   1641 0
   1642 0
   1643 0
   1644 0
   1645 0
   1646 0
   1647 0
   1648 0
   1649 0
   1650 0
   1651 0
   1652 0
   1653 0
   1654 0
   1655 0
   1656 0
   1657 0
   1658 0
   1659 0
   1660 0
   1661 0
   1662 0
   1663 0
   1664 0
   1665 0
   1666 0
   1667 0
   1668 0
   1669 0
   1670 0
   1671 0
   1672 0
   1673 0
   1674 0
   1675 0
   1676 0
   1677 0
   1678 0
   1679 0
   1680 0
   1681 0
   1682 0
   1683 0
   1684 0
   1685 0
   1686 0
   1687 0
   1688 0
   1689 0
   1690 0
   1691 0
   1692 0
   1693 0
   1694 0
   1695 0
   1696 0
   1697 0
   1698 0
   1699 0
   1700 0
   1701 0
   1702 0
   1703 0
   1704 0
   1705 0
   1706 0
   1707 0
   1708 0
   1709 0
   1710 0
   1711 0
   1712 0
   1713 0
   1714 0
   1715 0
   1716 0
   1717 0
   1718 0
   1719 0
   1720 0
   1721 0
   1722 0
   1723 0
   1724 0
   1725 0
   1726 0
   1727 0
   1728 0
   1729 0
   1730 0
   1731 0
   1732 0
   1733 0
   1734 0
   1735 0
   1736 0
   1737 0
   1738 0
   1739 0
   1740 0
   1741 0
   1742 0
   1743 0
   1744 0
   1745 0
   1746 0
   1747 0
   1748 0
   1749 0
   1750 0
   1751 0
   1752 0
   1753 0
   1754 0
   1755 0
   1756 0
   1757 0
   1758 0
   1759 0
   1760 0
   1761 0
   1762 0
   1763 0
   1764 0
   1765 0
   1766 0
   1767 0
   1768 0
   1769 0
   1770 0
   1771 0
   1772 0
   1773 0
   1774 0
   1775 0
   1776 0
   1777 0
   1778 0
   1779 0
   1780 0
   1781 0
   1782 0
   1783 0
   1784 0
   1785 0
   1786 0
   1787 0
   1788 0
   1789 0
   1790 0
   1791 0
   1792 0
   1793 0
   1794 0
   1795 0
   1796 0
   1797 0
   1798 0
   1799 0
   1800 0
   1801 0
   1802 0
   1803 0
   1804 0
   1805 0
   1806 0
   1807 0
   1808 0
   1809 0
   1810 0
   1811 0
   1812 0
   1813 0
   1814 0
   1815 0
   1816 0
   1817 0
   1818 0
   1819 0
   1820 0
   1821 0
   1822 0
   1823 0
   1824 0
   1825 0
   1826 0
   1827 0
   1828 0
   1829 0
   1830 0
   1831 0
   1832 0
   1833 0
   1834 0
   1835 0
   1836 0
   1837 0
   1838 0
   1839 0
   1840 0
   1841 0
   1842 0
   1843 0
   1844 0
   1845 0
   1846 0
   1847 0
   1848 0
   1849 0
   1850 0
   1851 0
   1852 0
   1853 0
   1854 0
   1855 0
   1856 0
   1857 0
   1858 0
   1859 0
   1860 0
   1861 0
   1862 0
   1863 0
   1864 0
   1865 0
   1866 0
   1867 0
   1868 0
   1869 0
   1870 0
   1871 0
   1872 0
   1873 0
   1874 0
   1875 0
   1876 0
   1877 0
   1878 0
   1879 0
   1880 0
   1881 0
   1882 0
   1883 0
   1884 0
   1885 0
   1886 0
   1887 0
   1888 0
   1889 0
   1890 0
   1891 0
   1892 0
   1893 0
   1894 0
   1895 0
   1896 0
   1897 0
   1898 0
   1899 0
   1900 0
   1901 0
   1902 0
   1903 0
   1904 0
   1905 0
   1906 0
   1907 0
   1908 0
   1909 0
   1910 0
   1911 0
   1912 0
   1913 0
   1914 0
   1915 0
   1916 0
   1917 0
   1918 0
   1919 0
   1920 0
   1921 0
   1922 0
   1923 0
   1924 0
   1925 0
   1926 0
   1927 0
   1928 0
   1929 0
   1930 0
   1931 0
   1932 0
   1933 0
   1934 0
   1935 0
   1936 0
   1937 0
   1938 0
   1939 0
   1940 0
   1941 0
   1942 0
   1943 0
   1944 0
   1945 0
   1946 0
   1947 0
   1948 0
   1949 0
   1950 0
   1951 0
   1952 0
   1953 0
   1954 0
   1955 0
   1956 0
   1957 0
   1958 0
   1959 0
   1960 0
   1961 0
   1962 0
   1963 0
   1964 0
   1965 0
   1966 0
   1967 0
   1968 0
   1969 0
   1970 0
   1971 0
   1972 0
   1973 0
   1974 0
   1975 0
   1976 0
   1977 0
   1978 0
   1979 0
   1980 0
   1981 0
   1982 0
   1983 0
   1984 0
   1985 0
   1986 0
   1987 0
   1988 0
   1989 0
   1990 0
   1991 0
   1992 0
   1993 0
   1994 0
   1995 0
   1996 0
   1997 0
   1998 0
   1999 0
   2000 0
   2001 0
   2002 0
   2003 0
   2004 0
   2005 0
   2006 0
   2007 0
   2008 0
   2009 0
   2010 0
   2011 0
   2012 0
   2013 0
   2014 0
   2015 0
   2016 0
   2017 0
   2018 0
   2019 0
   2020 0
   2021 0
   2022 0
   2023 0
   2024 0
   2025 0
   2026 0
   2027 0
   2028 0
   2029 0
   2030 0
   2031 0
   2032 0
   2033 0
   2034 0
   2035 0
   2036 0
   2037 0
   2038 0
   2039 0
   2040 0
   2041 0
   2042 0
   2043 0
   2044 0
   2045 0
   2046 0
   2047 0
   2048 0
   2049 0
   2050 0
   2051 0
   2052 0
   2053 0
   2054 0
   2055 0
   2056 0
   2057 0
   2058 0
   2059 0
   2060 0
   2061 0
   2062 0
   2063 0
   2064 0
   2065 0
   2066 0
   2067 0
   2068 0
   2069 0
   2070 0
   2071 0
   2072 0
   2073 0
   2074 0
   2075 0
   2076 0
   2077 0
   2078 0
   2079 0
   2080 0
   2081 0
   2082 0
   2083 0
   2084 0
   2085 0
   2086 0
   2087 0
   2088 0
   2089 0
   2090 0
   2091 0
   2092 0
   2093 0
   2094 0
   2095 0
   2096 0
   2097 0
   2098 0
   2099 0
   2100 0
   2101 0
   2102 0
   2103 0
   2104 0
   2105 0
   2106 0
   2107 0
   2108 0
   2109 0
   2110 0
   2111 0
   2112 0
   2113 0
   2114 0
   2115 0
   2116 0
   2117 0
   2118 0
   2119 0
   2120 0
   2121 0
   2122 0
   2123 0
   2124 0
   2125 0
   2126 0
   2127 0
   2128 0
   2129 0
   2130 0
   2131 0
   2132 0
   2133 0
   2134 0
   2135 0
   2136 0
   2137 0
   2138 0
   2139 0
   2140 0
   2141 0
   2142 0
   2143 0
   2144 0
   2145 0
   2146 0
   2147 0
   2148 0
   2149 0
   2150 0
   2151 0
   2152 0
   2153 0
   2154 0
   2155 1
MGET HIST END
