STAT START
secs,qlen,thru,msrt,items,nset,nget,nmget,sqt,gqt,mqt,swt,gwt,mwt
1,79,3469.000000000000,NaN,0,3469,0,0,0.018512117260,NaN,NaN,0.016918692068,NaN,NaN
1,70,4230.000000000000,NaN,0,4230,0,0,0.017065567356,NaN,NaN,0.015151052141,NaN,NaN
1,67,4365.000000000000,NaN,0,4365,0,0,0.016347392450,NaN,NaN,0.014678039840,NaN,NaN
1,59,4294.000000000000,NaN,0,4294,0,0,0.016815475952,NaN,NaN,0.014950891378,NaN,NaN
1,80,4327.000000000000,NaN,0,4327,0,0,0.016239614620,NaN,NaN,0.014616320221,NaN,NaN
1,71,4298.000000000000,NaN,0,4298,0,0,0.017026778459,NaN,NaN,0.015051037477,NaN,NaN
1,80,4240.000000000000,NaN,0,4240,0,0,0.016718622364,NaN,NaN,0.015138103723,NaN,NaN
1,75,4461.000000000000,NaN,0,4461,0,0,0.015563002988,NaN,NaN,0.014336311041,NaN,NaN
1,81,4446.000000000000,NaN,0,4446,0,0,0.015894661250,NaN,NaN,0.014260156652,NaN,NaN
1,52,4419.000000000000,NaN,0,4419,0,0,0.016072244125,NaN,NaN,0.014621446590,NaN,NaN
1,80,4311.000000000000,NaN,0,4311,0,0,0.016124440445,NaN,NaN,0.014761452858,NaN,NaN
1,80,4287.000000000000,NaN,0,4287,0,0,0.016293558550,NaN,NaN,0.014975920291,NaN,NaN
1,78,4401.000000000000,NaN,0,4401,0,0,0.016254542109,NaN,NaN,0.014514989323,NaN,NaN
1,80,4274.000000000000,NaN,0,4274,0,0,0.016593286982,NaN,NaN,0.014969057613,NaN,NaN
1,78,4509.000000000000,NaN,0,4509,0,0,0.014962533700,NaN,NaN,0.014119845757,NaN,NaN
1,80,4344.000000000000,NaN,0,4344,0,0,0.016433419091,NaN,NaN,0.014778490080,NaN,NaN
1,80,4091.000000000000,NaN,0,4091,0,0,0.017253247969,NaN,NaN,0.015668707726,NaN,NaN
1,79,4289.000000000000,NaN,0,4289,0,0,0.016428288170,NaN,NaN,0.014900020700,NaN,NaN
1,43,4097.000000000000,NaN,0,4097,0,0,0.017587532949,NaN,NaN,0.015689731951,NaN,NaN
1,80,4090.000000000000,NaN,0,4090,0,0,0.017459916817,NaN,NaN,0.015477196838,NaN,NaN
1,77,4280.000000000000,NaN,0,4280,0,0,0.016771310406,NaN,NaN,0.015099203017,NaN,NaN
1,77,4236.000000000000,NaN,0,4236,0,0,0.017225955109,NaN,NaN,0.015121848777,NaN,NaN
1,33,4418.000000000000,NaN,0,4418,0,0,0.015716597242,NaN,NaN,0.014472733305,NaN,NaN
1,80,4231.000000000000,NaN,0,4231,0,0,0.016861177047,NaN,NaN,0.015028242854,NaN,NaN
1,65,4397.000000000000,NaN,0,4397,0,0,0.015797740394,NaN,NaN,0.014649277251,NaN,NaN
1,80,4331.000000000000,NaN,0,4331,0,0,0.016329238544,NaN,NaN,0.014737459003,NaN,NaN
1,80,4093.000000000000,NaN,0,4093,0,0,0.017507287894,NaN,NaN,0.015616422406,NaN,NaN
1,79,4534.000000000000,NaN,0,4534,0,0,0.015264672002,NaN,NaN,0.014061386603,NaN,NaN
1,70,4323.000000000000,NaN,0,4323,0,0,0.016620632574,NaN,NaN,0.014910135691,NaN,NaN
1,56,4192.000000000000,NaN,0,4192,0,0,0.017322421500,NaN,NaN,0.015189092495,NaN,NaN
1,78,4424.000000000000,NaN,0,4424,0,0,0.016004526866,NaN,NaN,0.014449234842,NaN,NaN
1,53,4039.000000000000,NaN,0,4039,0,0,0.017795036822,NaN,NaN,0.015906791977,NaN,NaN
1,80,4531.000000000000,NaN,0,4531,0,0,0.015670328803,NaN,NaN,0.014076406669,NaN,NaN
1,69,4413.000000000000,NaN,0,4413,0,0,0.016017719974,NaN,NaN,0.014447912186,NaN,NaN
1,66,4404.000000000000,NaN,0,4404,0,0,0.016534069289,NaN,NaN,0.014542676161,NaN,NaN
1,80,4584.000000000000,NaN,0,4584,0,0,0.015309520365,NaN,NaN,0.014015083504,NaN,NaN
1,80,4336.000000000000,NaN,0,4336,0,0,0.016464697412,NaN,NaN,0.014760131705,NaN,NaN
1,59,4435.000000000000,NaN,0,4435,0,0,0.015809262318,NaN,NaN,0.014439258611,NaN,NaN
1,54,4428.000000000000,NaN,0,4428,0,0,0.015869523677,NaN,NaN,0.014376176308,NaN,NaN
1,80,4288.000000000000,NaN,0,4288,0,0,0.017171962426,NaN,NaN,0.014946329916,NaN,NaN
1,80,4310.000000000000,NaN,0,4310,0,0,0.016730791588,NaN,NaN,0.014850123783,NaN,NaN
1,80,4072.000000000000,NaN,0,4072,0,0,0.017929930482,NaN,NaN,0.015809310001,NaN,NaN
1,80,4228.000000000000,NaN,0,4228,0,0,0.016517346935,NaN,NaN,0.014951478808,NaN,NaN
1,80,4254.000000000000,NaN,0,4254,0,0,0.017151391408,NaN,NaN,0.015167464801,NaN,NaN
1,79,4414.000000000000,NaN,0,4414,0,0,0.015911356939,NaN,NaN,0.014471525301,NaN,NaN
1,57,4242.000000000000,NaN,0,4242,0,0,0.017467819315,NaN,NaN,0.015051028945,NaN,NaN
1,80,4289.000000000000,NaN,0,4289,0,0,0.016450814596,NaN,NaN,0.014964330738,NaN,NaN
1,80,4241.000000000000,NaN,0,4241,0,0,0.016559681785,NaN,NaN,0.015046960593,NaN,NaN
1,56,4378.000000000000,NaN,0,4378,0,0,0.016325732719,NaN,NaN,0.014647099001,NaN,NaN
1,7,4268.000000000000,NaN,0,4268,0,0,0.016548406352,NaN,NaN,0.014974131626,NaN,NaN
1,80,4227.000000000000,NaN,0,4227,0,0,0.016706481336,NaN,NaN,0.015072971091,NaN,NaN
1,77,4336.000000000000,NaN,0,4336,0,0,0.016734193272,NaN,NaN,0.014851093918,NaN,NaN
1,55,4445.000000000000,NaN,0,4445,0,0,0.016211856498,NaN,NaN,0.014470371070,NaN,NaN
1,80,4291.000000000000,NaN,0,4291,0,0,0.016350749904,NaN,NaN,0.014805929907,NaN,NaN
1,80,4304.000000000000,NaN,0,4304,0,0,0.016368251338,NaN,NaN,0.014956034724,NaN,NaN
1,77,4519.000000000000,NaN,0,4519,0,0,0.016009099802,NaN,NaN,0.014127732408,NaN,NaN
1,80,4195.000000000000,NaN,0,4195,0,0,0.016638411157,NaN,NaN,0.015262948327,NaN,NaN
1,80,4384.000000000000,NaN,0,4384,0,0,0.016583533622,NaN,NaN,0.014511646237,NaN,NaN
1,67,4493.000000000000,NaN,0,4493,0,0,0.016036473287,NaN,NaN,0.014272642932,NaN,NaN
1,80,4272.000000000000,NaN,0,4272,0,0,0.016896889377,NaN,NaN,0.015064606694,NaN,NaN
1,80,4387.000000000000,NaN,0,4387,0,0,0.016544907646,NaN,NaN,0.014508565450,NaN,NaN
1,69,4318.000000000000,NaN,0,4318,0,0,0.016152686665,NaN,NaN,0.014799753663,NaN,NaN
1,48,4251.000000000000,NaN,0,4251,0,0,0.016895146242,NaN,NaN,0.015028774634,NaN,NaN
1,58,4413.000000000000,NaN,0,4413,0,0,0.016223626773,NaN,NaN,0.014612159701,NaN,NaN
1,80,4553.000000000000,NaN,0,4553,0,0,0.015440476820,NaN,NaN,0.014059905694,NaN,NaN
1,79,4204.000000000000,NaN,0,4204,0,0,0.016844809885,NaN,NaN,0.015138812203,NaN,NaN
1,39,4141.000000000000,NaN,0,4141,0,0,0.017532714085,NaN,NaN,0.015480713334,NaN,NaN
1,62,4329.000000000000,NaN,0,4329,0,0,0.016321417695,NaN,NaN,0.014756108541,NaN,NaN
1,33,4207.000000000000,NaN,0,4207,0,0,0.017368879065,NaN,NaN,0.015282906449,NaN,NaN
1,14,4367.000000000000,NaN,0,4367,0,0,0.016414004642,NaN,NaN,0.014610145102,NaN,NaN
1,0,90.000000000000,NaN,0,90,0,0,0.015779801978,NaN,NaN,0.012783566389,NaN,NaN
STAT END
HIST START
2411
   0 0
   1 0
   2 0
   3 0
   4 0
   5 0
   6 0
   7 0
   8 0
   9 0
   10 0
   11 0
   12 0
   13 0
   14 0
   15 0
   16 0
   17 0
   18 0
   19 0
   20 0
   21 0
   22 0
   23 0
   24 0
   25 0
   26 0
   27 0
   28 0
   29 0
   30 0
   31 0
   32 0
   33 0
   34 0
   35 0
   36 0
   37 0
   38 0
   39 0
   40 0
   41 0
   42 0
   43 0
   44 0
   45 0
   46 0
   47 0
   48 0
   49 0
   50 0
   51 0
   52 0
   53 0
   54 0
   55 0
   56 0
   57 0
   58 0
   59 0
   60 0
   61 0
   62 0
   63 0
   64 0
   65 0
   66 1
   67 0
   68 0
   69 0
   70 0
   71 0
   72 0
   73 0
   74 0
   75 0
   76 0
   77 0
   78 1
   79 2
   80 0
   81 1
   82 0
   83 3
   84 0
   85 0
   86 1
   87 0
   88 0
   89 0
   90 0
   91 0
   92 1
   93 4
   94 6
   95 0
   96 3
   97 5
   98 5
   99 1
   100 4
   101 1
   102 3
   103 1
   104 0
   105 1
   106 5
   107 4
   108 11
   109 13
   110 9
   111 3
   112 10
   113 17
   114 6
   115 5
   116 5
   117 8
   118 11
   119 10
   120 8
   121 13
   122 20
   123 8
   124 14
   125 23
   126 21
   127 16
   128 21
   129 22
   130 24
   131 21
   132 23
   133 32
   134 45
   135 37
   136 41
   137 23
   138 43
   139 36
   140 49
   141 43
   142 56
   143 70
   144 65
   145 63
   146 56
   147 63
   148 73
   149 62
   150 54
   151 49
   152 65
   153 70
   154 82
   155 83
   156 94
   157 88
   158 79
   159 102
   160 99
   161 86
   162 89
   163 113
   164 123
   165 103
   166 104
   167 124
   168 111
   169 110
   170 93
   171 91
   172 94
   173 101
   174 97
   175 114
   176 132
   177 123
   178 139
   179 134
   180 153
   181 201
   182 179
   183 138
   184 210
   185 191
   186 190
   187 212
   188 216
   189 286
   190 268
   191 318
   192 354
   193 466
   194 463
   195 513
   196 553
   197 636
   198 710
   199 799
   200 796
   201 821
   202 864
   203 775
   204 859
   205 840
   206 845
   207 811
   208 857
   209 856
   210 821
   211 792
   212 814
   213 791
   214 794
   215 805
   216 837
   217 788
   218 785
   219 775
   220 847
   221 931
   222 925
   223 896
   224 924
   225 909
   226 949
   227 943
   228 978
   229 940
   230 1005
   231 997
   232 989
   233 991
   234 1006
   235 948
   236 947
   237 977
   238 992
   239 1030
   240 997
   241 1031
   242 969
   243 961
   244 1032
   245 972
   246 1022
   247 945
   248 929
   249 951
   250 970
   251 958
   252 909
   253 905
   254 908
   255 979
   256 980
   257 908
   258 966
   259 966
   260 931
   261 978
   262 948
   263 1002
   264 947
   265 1009
   266 1028
   267 1073
   268 1087
   269 1126
   270 1149
   271 1176
   272 1257
   273 1243
   274 1319
   275 1275
   276 1296
   277 1248
   278 1265
   279 1336
   280 1389
   281 1412
   282 1499
   283 1683
   284 1698
   285 1815
   286 1891
   287 2009
   288 2049
   289 2244
   290 2200
   291 2346
   292 2588
   293 2545
   294 2831
   295 2893
   296 3112
   297 3204
   298 3267
   299 3294
   300 3310
   301 3164
   302 3247
   303 3341
   304 3116
   305 3132
   306 2991
   307 2918
   308 2753
   309 2843
   310 2744
   311 2727
   312 2656
   313 2507
   314 2546
   315 2421
   316 2254
   317 2099
   318 2015
   319 1976
   320 1779
   321 1746
   322 1620
   323 1563
   324 1465
   325 1415
   326 1357
   327 1208
   328 1182
   329 1121
   330 1091
   331 1008
   332 1024
   333 945
   334 900
   335 864
   336 879
   337 879
   338 792
   339 816
   340 837
   341 812
   342 779
   343 740
   344 707
   345 669
   346 647
   347 670
   348 630
   349 626
   350 638
   351 624
   352 591
   353 646
   354 620
   355 588
   356 598
   357 671
   358 696
   359 683
   360 740
   361 767
   362 742
   363 689
   364 819
   365 867
   366 880
   367 821
   368 869
   369 917
   370 914
   371 953
   372 972
   373 863
   374 947
   375 980
   376 1041
   377 969
   378 1012
   379 1031
   380 974
   381 1037
   382 995
   383 973
   384 986
   385 979
   386 1057
   387 1048
   388 1052
   389 1148
   390 1144
   391 1152
   392 1138
   393 1193
   394 1271
   395 1197
   396 1213
   397 1170
   398 1107
   399 1055
   400 988
   401 961
   402 944
   403 996
   404 927
   405 955
   406 948
   407 911
   408 881
   409 789
   410 850
   411 778
   412 779
   413 702
   414 671
   415 646
   416 582
   417 566
   418 565
   419 458
   420 510
   421 468
   422 465
   423 427
   424 378
   425 344
   426 354
   427 388
   428 337
   429 307
   430 269
   431 274
   432 316
   433 257
   434 256
   435 229
   436 228
   437 240
   438 230
   439 213
   440 222
   441 192
   442 196
   443 194
   444 189
   445 161
   446 193
   447 178
   448 183
   449 163
   450 149
   451 166
   452 180
   453 168
   454 172
   455 151
   456 136
   457 137
   458 145
   459 122
   460 128
   461 140
   462 107
   463 120
   464 119
   465 100
   466 122
   467 114
   468 127
   469 133
   470 143
   471 115
   472 118
   473 111
   474 114
   475 128
   476 162
   477 149
   478 115
   479 126
   480 124
   481 131
   482 136
   483 147
   484 171
   485 167
   486 148
   487 167
   488 154
   489 173
   490 160
   491 151
   492 140
   493 155
   494 133
   495 132
   496 120
   497 94
   498 103
   499 93
   500 115
   501 104
   502 103
   503 99
   504 95
   505 98
   506 84
   507 81
   508 110
   509 95
   510 112
   511 79
   512 87
   513 79
   514 73
   515 68
   516 66
   517 78
   518 64
   519 61
   520 63
   521 54
   522 50
   523 44
   524 48
   525 43
   526 37
   527 49
   528 39
   529 45
   530 41
   531 33
   532 29
   533 22
   534 25
   535 26
   536 32
   537 26
   538 31
   539 42
   540 38
   541 37
   542 27
   543 29
   544 26
   545 32
   546 24
   547 23
   548 15
   549 16
   550 23
   551 25
   552 28
   553 16
   554 18
   555 23
   556 20
   557 15
   558 23
   559 12
   560 11
   561 11
   562 7
   563 7
   564 5
   565 12
   566 13
   567 15
   568 9
   569 1
   570 14
   571 13
   572 20
   573 12
   574 15
   575 18
   576 13
   577 11
   578 17
   579 11
   580 7
   581 13
   582 20
   583 18
   584 16
   585 16
   586 11
   587 17
   588 15
   589 18
   590 16
   591 12
   592 15
   593 17
   594 9
   595 15
   596 22
   597 20
   598 23
   599 18
   600 13
   601 17
   602 10
   603 15
   604 9
   605 13
   606 17
   607 12
   608 11
   609 9
   610 3
   611 9
   612 5
   613 6
   614 8
   615 8
   616 4
   617 6
   618 4
   619 5
   620 6
   621 2
   622 7
   623 11
   624 5
   625 2
   626 3
   627 3
   628 2
   629 1
   630 0
   631 2
   632 1
   633 2
   634 1
   635 0
   636 0
   637 2
   638 3
   639 1
   640 1
   641 1
   642 2
   643 1
   644 0
   645 3
   646 4
   647 0
   648 1
   649 5
   650 3
   651 2
   652 1
   653 1
   654 1
   655 3
   656 11
   657 7
   658 4
   659 2
   660 3
   661 3
   662 5
   663 5
   664 2
   665 10
   666 3
   667 3
   668 6
   669 4
   670 3
   671 8
   672 7
   673 9
   674 5
   675 3
   676 1
   677 2
   678 2
   679 1
   680 1
   681 2
   682 1
   683 1
   684 1
   685 2
   686 1
   687 3
   688 0
   689 4
   690 5
   691 1
   692 4
   693 8
   694 8
   695 3
   696 3
   697 3
   698 2
   699 1
   700 1
   701 4
   702 7
   703 5
   704 3
   705 8
   706 9
   707 11
   708 7
   709 3
   710 3
   711 4
   712 0
   713 0
   714 2
   715 2
   716 6
   717 5
   718 1
   719 0
   720 1
   721 0
   722 0
   723 0
   724 0
   725 0
   726 0
   727 2
   728 2
   729 2
   730 0
   731 2
   732 0
   733 4
   734 2
   735 0
   736 1
   737 1
   738 1
   739 1
   740 4
   741 3
   742 0
   743 3
   744 1
   745 1
   746 2
   747 2
   748 0
   749 4
   750 0
   751 3
   752 1
   753 2
   754 0
   755 1
   756 1
   757 2
   758 1
   759 2
   760 2
   761 2
   762 1
   763 0
   764 1
   765 1
   766 1
   767 1
   768 0
   769 0
   770 1
   771 0
   772 1
   773 2
   774 2
   775 1
   776 1
   777 1
   778 0
   779 2
   780 0
   781 0
   782 0
   783 1
   784 2
   785 1
   786 0
   787 0
   788 0
   789 1
   790 0
   791 1
   792 0
   793 3
   794 0
   795 1
   796 0
   797 0
   798 0
   799 2
   800 4
   801 1
   802 1
   803 3
   804 2
   805 2
   806 2
   807 2
   808 3
   809 0
   810 0
   811 0
   812 2
   813 1
   814 1
   815 1
   816 0
   817 0
   818 0
   819 1
   820 1
   821 0
   822 1
   823 2
   824 1
   825 2
   826 1
   827 1
   828 0
   829 0
   830 1
   831 0
   832 0
   833 0
   834 0
   835 0
   836 0
   837 1
   838 2
   839 0
   840 0
   841 2
   842 1
   843 2
   844 0
   845 1
   846 0
   847 0
   848 0
   849 0
   850 1
   851 0
   852 0
   853 1
   854 0
   855 1
   856 0
   857 0
   858 1
   859 1
   860 0
   861 1
   862 0
   863 1
   864 0
   865 0
   866 0
   867 1
   868 0
   869 1
   870 2
   871 0
   872 0
   873 0
   874 0
   875 0
   876 0
   877 0
   878 0
   879 0
   880 0
   881 0
   882 0
   883 0
   884 0
   885 1
   886 0
   887 0
   888 0
   889 1
   890 3
   891 0
   892 0
   893 0
   894 5
   895 2
   896 1
   897 0
   898 0
   899 0
   900 0
   901 0
   902 1
   903 0
   904 1
   905 0
   906 1
   907 0
   908 1
   909 0
   910 1
   911 0
   912 0
   913 0
   914 0
   915 0
   916 1
   917 0
   918 0
   919 0
   920 0
   921 0
   922 0
   923 0
   924 0
   925 0
   926 0
   927 0
   928 1
   929 0
   930 0
   931 0
   932 0
   933 0
   934 0
   935 0
   936 0
   937 0
   938 0
   939 0
   940 0
   941 1
   942 1
   943 0
   944 0
   945 0
   946 0
   947 0
   948 0
   949 0
   950 0
   951 0
   952 0
   953 0
   954 0
   955 0
   956 0
   957 0
   958 0
   959 0
   960 1
   961 0
   962 0
   963 1
   964 0
   965 0
   966 1
   967 0
   968 0
   969 0
   970 0
   971 0
   972 0
   973 0
   974 0
   975 0
   976 0
   977 0
   978 0
   979 0
   980 0
   981 0
   982 1
   983 0
   984 0
   985 0
   986 0
   987 0
   988 0
   989 0
   990 0
   991 1
   992 0
   993 0
   994 0
   995 1
   996 0
   997 0
   998 0
   999 0
   1000 0
   1001 0
   1002 0
   1003 0
   1004 0
   1005 0
   1006 0
   1007 0
   1008 0
   1009 0
   1010 0
   1011 0
   1012 0
   1013 0
   1014 0
   1015 0
   1016 0
   1017 0
   1018 0
   1019 0
   1020 0
   1021 0
   1022 0
   1023 0
   1024 0
   1025 0
   1026 0
   1027 0
   1028 0
   1029 0
   1030 0
   1031 0
   1032 0
   1033 0
   1034 0
   1035 0
   1036 0
   1037 0
   1038 0
   1039 0
   1040 0
   1041 0
   1042 0
   1043 0
   1044 0
   1045 0
   1046 0
   1047 0
   1048 0
   1049 0
   1050 0
   1051 0
   1052 0
   1053 0
   1054 0
   1055 0
   1056 0
   1057 0
   1058 0
   1059 0
   1060 0
   1061 0
   1062 0
   1063 0
   1064 0
   1065 0
   1066 0
   1067 0
   1068 0
   1069 1
   1070 0
   1071 0
   1072 0
   1073 0
   1074 0
   1075 0
   1076 0
   1077 0
   1078 0
   1079 0
   1080 0
   1081 0
   1082 1
   1083 1
   1084 1
   1085 0
   1086 0
   1087 1
   1088 1
   1089 0
   1090 0
   1091 0
   1092 0
   1093 1
   1094 0
   1095 0
   1096 1
   1097 1
   1098 0
   1099 1
   1100 0
   1101 0
   1102 0
   1103 1
   1104 0
   1105 0
   1106 0
   1107 0
   1108 0
   1109 0
   1110 0
   1111 0
   1112 1
   1113 0
   1114 0
   1115 0
   1116 0
   1117 0
   1118 0
   1119 0
   1120 0
   1121 0
   1122 0
   1123 0
   1124 0
   1125 0
   1126 0
   1127 0
   1128 0
   1129 2
   1130 1
   1131 1
   1132 0
   1133 0
   1134 0
   1135 0
   1136 0
   1137 0
   1138 0
   1139 1
   1140 0
   1141 0
   1142 1
   1143 0
   1144 0
   1145 2
   1146 0
   1147 1
   1148 0
   1149 0
   1150 0
   1151 0
   1152 0
   1153 3
   1154 1
   1155 2
   1156 0
   1157 0
   1158 0
   1159 0
   1160 1
   1161 0
   1162 0
   1163 0
   1164 0
   1165 0
   1166 1
   1167 0
   1168 1
   1169 2
   1170 0
   1171 1
   1172 0
   1173 0
   1174 1
   1175 0
   1176 1
   1177 0
   1178 0
   1179 0
   1180 0
   1181 0
   1182 0
   1183 0
   1184 0
   1185 0
   1186 2
   1187 1
   1188 0
   1189 0
   1190 1
   1191 0
   1192 2
   1193 2
   1194 0
   1195 1
   1196 0
   1197 1
   1198 0
   1199 0
   1200 0
   1201 0
   1202 0
   1203 1
   1204 0
   1205 1
   1206 0
   1207 0
   1208 1
   1209 0
   1210 0
   1211 0
   1212 0
   1213 0
   1214 0
   1215 1
   1216 0
   1217 0
   1218 0
   1219 0
   1220 0
   1221 0
   1222 0
   1223 0
   1224 0
   1225 0
   1226 0
   1227 0
   1228 1
   1229 0
   1230 0
   1231 0
   1232 0
   1233 0
   1234 1
   1235 0
   1236 0
   1237 0
   1238 0
   1239 0
   1240 0
   1241 0
   1242 0
   1243 0
   1244 0
   1245 0
   1246 0
   1247 0
   1248 0
   1249 0
   1250 0
   1251 0
   1252 1
   1253 0
   1254 1
   1255 0
   1256 0
   1257 0
   1258 0
   1259 0
   1260 0
   1261 0
   1262 0
   1263 1
   1264 0
   1265 0
   1266 0
   1267 0
   1268 0
   1269 0
   1270 0
   1271 0
   1272 0
   1273 0
   1274 0
   1275 0
   1276 0
   1277 0
   1278 0
   1279 0
   1280 0
   1281 0
   1282 0
   1283 0
   1284 0
   1285 0
   1286 0
   1287 0
   1288 0
   1289 0
   1290 0
   1291 0
   1292 0
   1293 0
   1294 0
   1295 0
   1296 0
   1297 0
   1298 0
   1299 0
   1300 1
   1301 0
   1302 0
   1303 0
   1304 0
   1305 0
   1306 0
   1307 1
   1308 0
   1309 0
   1310 0
   1311 0
   1312 0
   1313 0
   1314 0
   1315 0
   1316 0
   1317 0
   1318 0
   1319 0
   1320 0
   1321 0
   1322 0
   1323 0
   1324 0
   1325 0
   1326 0
   1327 0
   1328 0
   1329 0
   1330 0
   1331 0
   1332 0
   1333 0
   1334 0
   1335 0
   1336 0
   1337 1
   1338 0
   1339 0
   1340 0
   1341 0
   1342 0
   1343 0
   1344 0
   1345 0
   1346 0
   1347 0
   1348 0
   1349 0
   1350 0
   1351 0
   1352 0
   1353 0
   1354 0
   1355 1
   1356 0
   1357 0
   1358 0
   1359 0
   1360 0
   1361 0
   1362 0
   1363 0
   1364 0
   1365 0
   1366 0
   1367 0
   1368 1
   1369 0
   1370 0
   1371 0
   1372 0
   1373 1
   1374 0
   1375 0
   1376 0
   1377 0
   1378 0
   1379 0
   1380 0
   1381 2
   1382 0
   1383 0
   1384 0
   1385 0
   1386 0
   1387 0
   1388 0
   1389 0
   1390 0
   1391 0
   1392 0
   1393 0
   1394 0
   1395 0
   1396 1
   1397 2
   1398 0
   1399 0
   1400 0
   1401 0
   1402 0
   1403 0
   1404 0
   1405 0
   1406 0
   1407 0
   1408 0
   1409 0
   1410 0
   1411 0
   1412 0
   1413 0
   1414 0
   1415 0
   1416 0
   1417 0
   1418 0
   1419 0
   1420 0
   1421 1
   1422 0
   1423 0
   1424 0
   1425 0
   1426 0
   1427 0
   1428 0
   1429 0
   1430 0
   1431 0
   1432 0
   1433 0
   1434 0
   1435 0
   1436 0
   1437 0
   1438 0
   1439 0
   1440 0
   1441 0
   1442 1
   1443 0
   1444 0
   1445 0
   1446 0
   1447 0
   1448 0
   1449 0
   1450 1
   1451 0
   1452 0
   1453 0
   1454 0
   1455 0
   1456 0
   1457 1
   1458 0
   1459 0
   1460 0
   1461 0
   1462 0
   1463 0
   1464 0
   1465 0
   1466 0
   1467 0
   1468 0
   1469 1
   1470 1
   1471 0
   1472 0
   1473 0
   1474 0
   1475 0
   1476 0
   1477 0
   1478 0
   1479 0
   1480 0
   1481 0
   1482 0
   1483 0
   1484 0
   1485 0
   1486 0
   1487 0
   1488 0
   1489 0
   1490 0
   1491 0
   1492 1
   1493 0
   1494 0
   1495 0
   1496 0
   1497 0
   1498 0
   1499 0
   1500 0
   1501 0
   1502 0
   1503 0
   1504 0
   1505 0
   1506 0
   1507 0
   1508 0
   1509 0
   1510 0
   1511 0
   1512 0
   1513 0
   1514 0
   1515 1
   1516 0
   1517 0
   1518 0
   1519 0
   1520 0
   1521 0
   1522 0
   1523 0
   1524 0
   1525 0
   1526 0
   1527 0
   1528 0
   1529 0
   1530 0
   1531 0
   1532 0
   1533 0
   1534 0
   1535 0
   1536 0
   1537 0
   1538 0
   1539 0
   1540 0
   1541 0
   1542 0
   1543 0
   1544 0
   1545 0
   1546 0
   1547 0
   1548 0
   1549 0
   1550 0
   1551 0
   1552 0
   1553 0
   1554 0
   1555 1
   1556 0
   1557 0
   1558 0
   1559 0
   1560 0
   1561 0
   1562 0
   1563 0
   1564 0
   1565 0
   1566 0
   1567 0
   1568 0
   1569 0
   1570 0
   1571 0
   1572 0
   1573 0
   1574 0
   1575 0
   1576 0
   1577 0
   1578 0
   1579 0
   1580 0
   1581 0
   1582 0
   1583 0
   1584 0
   1585 0
   1586 0
   1587 0
   1588 0
   1589 0
   1590 0
   1591 0
   1592 0
   1593 0
   1594 0
   1595 0
   1596 0
   1597 0
   1598 0
   1599 0
   1600 0
   1601 0
   1602 0
   1603 0
   1604 0
   1605 0
   1606 0
   1607 1
   1608 0
   1609 0
   1610 0
   1611 1
   1612 0
   1613 0
   1614 0
   1615 0
   1616 0
   1617 0
   1618 0
   1619 0
   1620 0
   1621 0
   1622 0
   1623 0
   1624 0
   1625 0
   1626 0
   1627 0
   1628 0
   1629 0
   1630 0
   1631 0
   1632 0
   1633 0
   1634 0
   1635 0
   1636 0
   1637 0
   1638 0
   1639 0
   1640 0
   1641 0
   1642 0
   1643 0
   1644 0
   1645 0
   1646 0
   1647 0
   1648 0
   1649 0
   1650 0
   1651 0
   1652 0
   1653 0
   1654 0
   1655 0
   1656 0
   1657 0
   1658 0
   1659 0
   1660 0
   1661 0
   1662 0
   1663 0
   1664 0
   1665 0
   1666 0
   1667 0
   1668 0
   1669 0
   1670 1
   1671 1
   1672 0
   1673 0
   1674 0
   1675 0
   1676 0
   1677 0
   1678 0
   1679 0
   1680 0
   1681 0
   1682 0
   1683 0
   1684 0
   1685 0
   1686 2
   1687 0
   1688 0
   1689 0
   1690 0
   1691 1
   1692 0
   1693 0
   1694 0
   1695 0
   1696 0
   1697 0
   1698 0
   1699 0
   1700 0
   1701 0
   1702 1
   1703 0
   1704 0
   1705 0
   1706 0
   1707 0
   1708 0
   1709 0
   1710 0
   1711 0
   1712 0
   1713 0
   1714 0
   1715 0
   1716 0
   1717 0
   1718 0
   1719 0
   1720 0
   1721 0
   1722 0
   1723 0
   1724 0
   1725 0
   1726 0
   1727 0
   1728 0
   1729 0
   1730 0
   1731 0
   1732 0
   1733 0
   1734 0
   1735 0
   1736 0
   1737 0
   1738 0
   1739 0
   1740 0
   1741 0
   1742 0
   1743 0
   1744 0
   1745 0
   1746 0
   1747 0
   1748 0
   1749 0
   1750 0
   1751 0
   1752 0
   1753 0
   1754 0
   1755 0
   1756 0
   1757 0
   1758 0
   1759 0
   1760 0
   1761 0
   1762 0
   1763 0
   1764 0
   1765 0
   1766 0
   1767 0
   1768 0
   1769 0
   1770 0
   1771 0
   1772 0
   1773 0
   1774 0
   1775 0
   1776 0
   1777 0
   1778 0
   1779 0
   1780 0
   1781 0
   1782 0
   1783 0
   1784 0
   1785 0
   1786 0
   1787 0
   1788 0
   1789 0
   1790 0
   1791 0
   1792 0
   1793 0
   1794 0
   1795 0
   1796 0
   1797 0
   1798 0
   1799 0
   1800 0
   1801 0
   1802 0
   1803 0
   1804 0
   1805 0
   1806 0
   1807 0
   1808 0
   1809 0
   1810 0
   1811 0
   1812 0
   1813 0
   1814 0
   1815 0
   1816 0
   1817 0
   1818 0
   1819 0
   1820 0
   1821 0
   1822 0
   1823 0
   1824 0
   1825 0
   1826 0
   1827 0
   1828 0
   1829 0
   1830 0
   1831 0
   1832 0
   1833 0
   1834 0
   1835 0
   1836 0
   1837 0
   1838 0
   1839 0
   1840 0
   1841 0
   1842 0
   1843 0
   1844 0
   1845 0
   1846 0
   1847 0
   1848 0
   1849 0
   1850 0
   1851 0
   1852 0
   1853 0
   1854 0
   1855 0
   1856 0
   1857 0
   1858 0
   1859 0
   1860 0
   1861 0
   1862 0
   1863 0
   1864 0
   1865 0
   1866 0
   1867 0
   1868 0
   1869 0
   1870 0
   1871 0
   1872 0
   1873 0
   1874 0
   1875 0
   1876 0
   1877 0
   1878 0
   1879 0
   1880 0
   1881 0
   1882 0
   1883 0
   1884 0
   1885 0
   1886 0
   1887 0
   1888 0
   1889 0
   1890 0
   1891 0
   1892 0
   1893 0
   1894 0
   1895 0
   1896 0
   1897 0
   1898 0
   1899 0
   1900 0
   1901 0
   1902 0
   1903 0
   1904 0
   1905 0
   1906 0
   1907 0
   1908 0
   1909 0
   1910 0
   1911 0
   1912 0
   1913 0
   1914 0
   1915 0
   1916 0
   1917 0
   1918 0
   1919 0
   1920 0
   1921 0
   1922 0
   1923 0
   1924 0
   1925 0
   1926 0
   1927 0
   1928 0
   1929 0
   1930 0
   1931 0
   1932 0
   1933 0
   1934 0
   1935 0
   1936 0
   1937 0
   1938 0
   1939 0
   1940 0
   1941 0
   1942 0
   1943 0
   1944 0
   1945 0
   1946 0
   1947 0
   1948 0
   1949 0
   1950 0
   1951 0
   1952 0
   1953 0
   1954 0
   1955 0
   1956 0
   1957 0
   1958 0
   1959 0
   1960 0
   1961 0
   1962 0
   1963 0
   1964 0
   1965 0
   1966 0
   1967 0
   1968 0
   1969 0
   1970 0
   1971 0
   1972 0
   1973 0
   1974 0
   1975 0
   1976 0
   1977 0
   1978 0
   1979 0
   1980 0
   1981 0
   1982 0
   1983 0
   1984 0
   1985 0
   1986 0
   1987 0
   1988 0
   1989 0
   1990 0
   1991 0
   1992 0
   1993 0
   1994 0
   1995 0
   1996 0
   1997 0
   1998 0
   1999 0
   2000 0
   2001 0
   2002 0
   2003 0
   2004 0
   2005 0
   2006 0
   2007 0
   2008 0
   2009 0
   2010 0
   2011 0
   2012 0
   2013 0
   2014 0
   2015 0
   2016 0
   2017 0
   2018 0
   2019 0
   2020 0
   2021 0
   2022 0
   2023 0
   2024 0
   2025 0
   2026 0
   2027 0
   2028 0
   2029 0
   2030 0
   2031 0
   2032 0
   2033 0
   2034 0
   2035 0
   2036 0
   2037 0
   2038 0
   2039 0
   2040 0
   2041 0
   2042 0
   2043 0
   2044 0
   2045 0
   2046 0
   2047 0
   2048 0
   2049 0
   2050 0
   2051 0
   2052 0
   2053 0
   2054 0
   2055 0
   2056 0
   2057 0
   2058 0
   2059 0
   2060 0
   2061 0
   2062 0
   2063 0
   2064 0
   2065 0
   2066 0
   2067 0
   2068 0
   2069 0
   2070 0
   2071 0
   2072 0
   2073 0
   2074 0
   2075 0
   2076 0
   2077 0
   2078 0
   2079 0
   2080 0
   2081 0
   2082 0
   2083 0
   2084 0
   2085 0
   2086 0
   2087 0
   2088 0
   2089 0
   2090 0
   2091 0
   2092 0
   2093 0
   2094 0
   2095 0
   2096 0
   2097 0
   2098 0
   2099 0
   2100 0
   2101 0
   2102 0
   2103 0
   2104 0
   2105 0
   2106 0
   2107 0
   2108 0
   2109 0
   2110 0
   2111 0
   2112 0
   2113 0
   2114 0
   2115 0
   2116 0
   2117 0
   2118 0
   2119 0
   2120 0
   2121 0
   2122 0
   2123 0
   2124 0
   2125 0
   2126 0
   2127 0
   2128 0
   2129 0
   2130 0
   2131 0
   2132 0
   2133 0
   2134 0
   2135 0
   2136 0
   2137 0
   2138 0
   2139 0
   2140 0
   2141 0
   2142 0
   2143 0
   2144 0
   2145 0
   2146 0
   2147 0
   2148 0
   2149 0
   2150 0
   2151 0
   2152 0
   2153 0
   2154 0
   2155 0
   2156 0
   2157 0
   2158 0
   2159 0
   2160 0
   2161 0
   2162 0
   2163 0
   2164 0
   2165 0
   2166 0
   2167 0
   2168 0
   2169 0
   2170 0
   2171 0
   2172 0
   2173 0
   2174 0
   2175 0
   2176 0
   2177 0
   2178 0
   2179 0
   2180 0
   2181 0
   2182 0
   2183 0
   2184 0
   2185 0
   2186 0
   2187 0
   2188 0
   2189 0
   2190 0
   2191 0
   2192 0
   2193 0
   2194 0
   2195 0
   2196 0
   2197 0
   2198 0
   2199 0
   2200 0
   2201 0
   2202 0
   2203 0
   2204 0
   2205 0
   2206 0
   2207 0
   2208 0
   2209 0
   2210 0
   2211 0
   2212 0
   2213 0
   2214 0
   2215 0
   2216 0
   2217 0
   2218 0
   2219 0
   2220 0
   2221 0
   2222 0
   2223 0
   2224 0
   2225 0
   2226 0
   2227 0
   2228 0
   2229 0
   2230 0
   2231 0
   2232 0
   2233 0
   2234 0
   2235 0
   2236 0
   2237 0
   2238 0
   2239 0
   2240 0
   2241 0
   2242 0
   2243 0
   2244 0
   2245 0
   2246 0
   2247 0
   2248 0
   2249 0
   2250 0
   2251 0
   2252 0
   2253 0
   2254 0
   2255 0
   2256 0
   2257 0
   2258 0
   2259 0
   2260 0
   2261 0
   2262 0
   2263 0
   2264 0
   2265 0
   2266 0
   2267 0
   2268 0
   2269 0
   2270 0
   2271 0
   2272 0
   2273 0
   2274 0
   2275 0
   2276 0
   2277 0
   2278 0
   2279 0
   2280 0
   2281 0
   2282 0
   2283 0
   2284 0
   2285 0
   2286 0
   2287 0
   2288 0
   2289 0
   2290 0
   2291 0
   2292 0
   2293 0
   2294 0
   2295 0
   2296 0
   2297 0
   2298 0
   2299 0
   2300 0
   2301 0
   2302 0
   2303 0
   2304 0
   2305 0
   2306 0
   2307 0
   2308 0
   2309 0
   2310 0
   2311 0
   2312 0
   2313 0
   2314 0
   2315 0
   2316 0
   2317 0
   2318 0
   2319 0
   2320 0
   2321 0
   2322 0
   2323 0
   2324 0
   2325 0
   2326 0
   2327 0
   2328 0
   2329 0
   2330 0
   2331 0
   2332 0
   2333 0
   2334 0
   2335 0
   2336 0
   2337 0
   2338 0
   2339 0
   2340 0
   2341 0
   2342 0
   2343 0
   2344 0
   2345 0
   2346 0
   2347 0
   2348 0
   2349 0
   2350 0
   2351 0
   2352 0
   2353 0
   2354 0
   2355 0
   2356 0
   2357 0
   2358 0
   2359 0
   2360 0
   2361 0
   2362 0
   2363 0
   2364 0
   2365 0
   2366 0
   2367 0
   2368 0
   2369 0
   2370 0
   2371 0
   2372 0
   2373 0
   2374 0
   2375 0
   2376 0
   2377 0
   2378 0
   2379 0
   2380 0
   2381 0
   2382 0
   2383 0
   2384 0
   2385 0
   2386 0
   2387 0
   2388 0
   2389 0
   2390 0
   2391 0
   2392 0
   2393 0
   2394 0
   2395 0
   2396 0
   2397 0
   2398 0
   2399 0
   2400 0
   2401 0
   2402 0
   2403 0
   2404 0
   2405 0
   2406 0
   2407 0
   2408 0
   2409 0
   2410 1
HIST END
