STAT START
secs,qlen,thru,msrt,items,nset,nget,nmget,sqt,gqt,mqt,swt,gwt,mwt
1,10,3688.000000000000,NaN,0,3688,0,0,0.001470863879,NaN,NaN,0.008356858164,NaN,NaN
1,0,4230.000000000000,NaN,0,4230,0,0,0.000693679828,NaN,NaN,0.008496860714,NaN,NaN
1,0,4444.000000000000,NaN,0,4444,0,0,0.000656310514,NaN,NaN,0.008075988395,NaN,NaN
1,0,4588.000000000000,NaN,0,4588,0,0,0.000805010257,NaN,NaN,0.007209877915,NaN,NaN
1,0,4373.000000000000,NaN,0,4373,0,0,0.000592474316,NaN,NaN,0.008270959031,NaN,NaN
1,20,4558.000000000000,NaN,0,4558,0,0,0.000712023425,NaN,NaN,0.007650179716,NaN,NaN
1,0,4590.000000000000,NaN,0,4590,0,0,0.000584373971,NaN,NaN,0.008162180413,NaN,NaN
1,0,4332.000000000000,NaN,0,4332,0,0,0.000775824457,NaN,NaN,0.007788795823,NaN,NaN
1,12,4393.000000000000,NaN,0,4393,0,0,0.000817490939,NaN,NaN,0.007858722084,NaN,NaN
1,0,4425.000000000000,NaN,0,4425,0,0,0.001031992808,NaN,NaN,0.007487809262,NaN,NaN
1,0,4480.000000000000,NaN,0,4480,0,0,0.000898298344,NaN,NaN,0.007547155848,NaN,NaN
1,1,4617.000000000000,NaN,0,4617,0,0,0.000905113582,NaN,NaN,0.007417661649,NaN,NaN
1,0,4493.000000000000,NaN,0,4493,0,0,0.000595350128,NaN,NaN,0.008221183838,NaN,NaN
1,0,4636.000000000000,NaN,0,4636,0,0,0.000533137312,NaN,NaN,0.007767774365,NaN,NaN
1,34,4512.000000000000,NaN,0,4512,0,0,0.000727226625,NaN,NaN,0.007805407798,NaN,NaN
1,30,4524.000000000000,NaN,0,4524,0,0,0.000651802023,NaN,NaN,0.007877798299,NaN,NaN
1,0,4478.000000000000,NaN,0,4478,0,0,0.000712949833,NaN,NaN,0.007936832832,NaN,NaN
1,0,4366.000000000000,NaN,0,4366,0,0,0.000684866365,NaN,NaN,0.008354061466,NaN,NaN
1,0,4616.000000000000,NaN,0,4616,0,0,0.000807181958,NaN,NaN,0.007437233995,NaN,NaN
1,38,4666.000000000000,NaN,0,4666,0,0,0.000799278550,NaN,NaN,0.007458735686,NaN,NaN
1,32,4398.000000000000,NaN,0,4398,0,0,0.000781241238,NaN,NaN,0.007684510159,NaN,NaN
1,43,4435.000000000000,NaN,0,4435,0,0,0.000961053475,NaN,NaN,0.007632346249,NaN,NaN
1,6,4415.000000000000,NaN,0,4415,0,0,0.000660232453,NaN,NaN,0.008143223789,NaN,NaN
1,0,4298.000000000000,NaN,0,4298,0,0,0.000647679487,NaN,NaN,0.008469997658,NaN,NaN
1,0,4532.000000000000,NaN,0,4532,0,0,0.000781217549,NaN,NaN,0.008033291772,NaN,NaN
1,0,4602.000000000000,NaN,0,4602,0,0,0.000770655222,NaN,NaN,0.007344654526,NaN,NaN
1,0,4550.000000000000,NaN,0,4550,0,0,0.000780478431,NaN,NaN,0.007642625879,NaN,NaN
1,0,4491.000000000000,NaN,0,4491,0,0,0.000671769792,NaN,NaN,0.008154130095,NaN,NaN
1,0,4478.000000000000,NaN,0,4478,0,0,0.000669961811,NaN,NaN,0.007880178600,NaN,NaN
1,0,4507.000000000000,NaN,0,4507,0,0,0.000778477310,NaN,NaN,0.007511005122,NaN,NaN
1,3,4490.000000000000,NaN,0,4490,0,0,0.000823491285,NaN,NaN,0.007523631145,NaN,NaN
1,1,4654.000000000000,NaN,0,4654,0,0,0.000745412867,NaN,NaN,0.007526163251,NaN,NaN
1,0,4363.000000000000,NaN,0,4363,0,0,0.000668337732,NaN,NaN,0.008229815157,NaN,NaN
1,0,4413.000000000000,NaN,0,4413,0,0,0.000654146009,NaN,NaN,0.007937623595,NaN,NaN
1,0,4440.000000000000,NaN,0,4440,0,0,0.000768793083,NaN,NaN,0.007889685906,NaN,NaN
1,0,4465.000000000000,NaN,0,4465,0,0,0.000608043069,NaN,NaN,0.007842677557,NaN,NaN
1,0,4567.000000000000,NaN,0,4567,0,0,0.000664248035,NaN,NaN,0.007701387510,NaN,NaN
1,0,4468.000000000000,NaN,0,4468,0,0,0.000639565391,NaN,NaN,0.007986693702,NaN,NaN
1,0,4429.000000000000,NaN,0,4429,0,0,0.000836319812,NaN,NaN,0.007965560674,NaN,NaN
1,0,4567.000000000000,NaN,0,4567,0,0,0.000704833063,NaN,NaN,0.007593169382,NaN,NaN
1,0,4600.000000000000,NaN,0,4600,0,0,0.000663903907,NaN,NaN,0.007488166309,NaN,NaN
1,0,4180.000000000000,NaN,0,4180,0,0,0.000693977709,NaN,NaN,0.008811085643,NaN,NaN
1,0,4508.000000000000,NaN,0,4508,0,0,0.000770781626,NaN,NaN,0.007784207423,NaN,NaN
1,0,4442.000000000000,NaN,0,4442,0,0,0.000782057271,NaN,NaN,0.007766768036,NaN,NaN
1,0,4350.000000000000,NaN,0,4350,0,0,0.000848874642,NaN,NaN,0.007754307704,NaN,NaN
1,0,4334.000000000000,NaN,0,4334,0,0,0.000744015632,NaN,NaN,0.007812055103,NaN,NaN
1,0,4629.000000000000,NaN,0,4629,0,0,0.000834774402,NaN,NaN,0.007436305333,NaN,NaN
1,0,4275.000000000000,NaN,0,4275,0,0,0.000705480746,NaN,NaN,0.008370422584,NaN,NaN
1,0,4398.000000000000,NaN,0,4398,0,0,0.000662317759,NaN,NaN,0.008117636558,NaN,NaN
1,20,4560.000000000000,NaN,0,4560,0,0,0.000861769719,NaN,NaN,0.007510995796,NaN,NaN
1,0,4373.000000000000,NaN,0,4373,0,0,0.000790790218,NaN,NaN,0.007895520399,NaN,NaN
1,0,4539.000000000000,NaN,0,4539,0,0,0.000758624984,NaN,NaN,0.007642957183,NaN,NaN
1,0,4501.000000000000,NaN,0,4501,0,0,0.000698380409,NaN,NaN,0.007688497737,NaN,NaN
1,3,4417.000000000000,NaN,0,4417,0,0,0.000781350812,NaN,NaN,0.008202082304,NaN,NaN
1,0,4341.000000000000,NaN,0,4341,0,0,0.000799797118,NaN,NaN,0.007868244396,NaN,NaN
1,0,4594.000000000000,NaN,0,4594,0,0,0.000754018869,NaN,NaN,0.007561809444,NaN,NaN
1,8,4608.000000000000,NaN,0,4608,0,0,0.000626830324,NaN,NaN,0.007952949629,NaN,NaN
1,0,4225.000000000000,NaN,0,4225,0,0,0.000740801462,NaN,NaN,0.008458321623,NaN,NaN
1,0,4581.000000000000,NaN,0,4581,0,0,0.000648556440,NaN,NaN,0.007415127391,NaN,NaN
1,0,4463.000000000000,NaN,0,4463,0,0,0.000773128588,NaN,NaN,0.007693782354,NaN,NaN
1,34,4304.000000000000,NaN,0,4304,0,0,0.000683504154,NaN,NaN,0.008453775303,NaN,NaN
1,0,4384.000000000000,NaN,0,4384,0,0,0.000913652610,NaN,NaN,0.007897426243,NaN,NaN
1,0,4314.000000000000,NaN,0,4314,0,0,0.000867944231,NaN,NaN,0.007964175134,NaN,NaN
1,0,4419.000000000000,NaN,0,4419,0,0,0.000660904276,NaN,NaN,0.008067351549,NaN,NaN
1,23,4389.000000000000,NaN,0,4389,0,0,0.000793015476,NaN,NaN,0.007962413087,NaN,NaN
1,0,4380.000000000000,NaN,0,4380,0,0,0.000708539222,NaN,NaN,0.007981485273,NaN,NaN
1,11,4328.000000000000,NaN,0,4328,0,0,0.000702260054,NaN,NaN,0.008304672075,NaN,NaN
1,0,4464.000000000000,NaN,0,4464,0,0,0.000682306302,NaN,NaN,0.007980030514,NaN,NaN
1,29,4310.000000000000,NaN,0,4310,0,0,0.000586174664,NaN,NaN,0.008645355370,NaN,NaN
1,0,4462.000000000000,NaN,0,4462,0,0,0.000769363727,NaN,NaN,0.007700870744,NaN,NaN
STAT END
HIST START
665
   0 0
   1 0
   2 0
   3 0
   4 0
   5 0
   6 0
   7 0
   8 0
   9 7
   10 26
   11 102
   12 173
   13 357
   14 573
   15 854
   16 1073
   17 1310
   18 1670
   19 1913
   20 2012
   21 2085
   22 2148
   23 2207
   24 2278
   25 2237
   26 2026
   27 1876
   28 1916
   29 1973
   30 1819
   31 1890
   32 1762
   33 1758
   34 1817
   35 1889
   36 1785
   37 1876
   38 1804
   39 1841
   40 1858
   41 1699
   42 1758
   43 1723
   44 1599
   45 1643
   46 1573
   47 1608
   48 1519
   49 1396
   50 1289
   51 1230
   52 1245
   53 1245
   54 1327
   55 1326
   56 1313
   57 1370
   58 1248
   59 1405
   60 1405
   61 1609
   62 1734
   63 1694
   64 1710
   65 1900
   66 1854
   67 2019
   68 1961
   69 2136
   70 2283
   71 2411
   72 2442
   73 2572
   74 2792
   75 3048
   76 3440
   77 3848
   78 4236
   79 4597
   80 4749
   81 5133
   82 5517
   83 6043
   84 6187
   85 6207
   86 6031
   87 6354
   88 5935
   89 6046
   90 5825
   91 5677
   92 5503
   93 5230
   94 4953
   95 4968
   96 4472
   97 4226
   98 3882
   99 3649
   100 3318
   101 2713
   102 2449
   103 2170
   104 1985
   105 1853
   106 1743
   107 1555
   108 1405
   109 1323
   110 1198
   111 1009
   112 947
   113 794
   114 721
   115 557
   116 491
   117 468
   118 431
   119 475
   120 493
   121 417
   122 441
   123 361
   124 364
   125 338
   126 378
   127 378
   128 454
   129 403
   130 463
   131 459
   132 551
   133 550
   134 568
   135 670
   136 715
   137 754
   138 768
   139 855
   140 872
   141 898
   142 960
   143 990
   144 1148
   145 1181
   146 1162
   147 1115
   148 1205
   149 1170
   150 1169
   151 1222
   152 1162
   153 1244
   154 1255
   155 1202
   156 1177
   157 1126
   158 1139
   159 1045
   160 1085
   161 970
   162 895
   163 945
   164 898
   165 860
   166 811
   167 732
   168 692
   169 673
   170 680
   171 598
   172 556
   173 461
   174 425
   175 378
   176 364
   177 345
   178 316
   179 275
   180 222
   181 210
   182 173
   183 147
   184 142
   185 112
   186 101
   187 97
   188 75
   189 90
   190 90
   191 79
   192 57
   193 46
   194 43
   195 55
   196 40
   197 46
   198 68
   199 42
   200 55
   201 40
   202 37
   203 35
   204 40
   205 42
   206 27
   207 49
   208 43
   209 53
   210 66
   211 62
   212 55
   213 57
   214 49
   215 38
   216 46
   217 47
   218 50
   219 40
   220 53
   221 58
   222 54
   223 60
   224 73
   225 64
   226 74
   227 67
   228 59
   229 74
   230 59
   231 81
   232 84
   233 62
   234 53
   235 56
   236 52
   237 64
   238 54
   239 45
   240 50
   241 42
   242 39
   243 48
   244 42
   245 34
   246 44
   247 41
   248 27
   249 35
   250 25
   251 23
   252 19
   253 31
   254 26
   255 30
   256 25
   257 16
   258 12
   259 21
   260 9
   261 8
   262 11
   263 7
   264 4
   265 8
   266 9
   267 9
   268 5
   269 5
   270 4
   271 4
   272 3
   273 3
   274 7
   275 14
   276 10
   277 7
   278 8
   279 0
   280 4
   281 3
   282 2
   283 5
   284 3
   285 5
   286 6
   287 4
   288 3
   289 4
   290 0
   291 2
   292 4
   293 1
   294 5
   295 3
   296 3
   297 4
   298 5
   299 7
   300 3
   301 5
   302 3
   303 3
   304 2
   305 4
   306 1
   307 7
   308 6
   309 5
   310 3
   311 2
   312 3
   313 1
   314 3
   315 6
   316 6
   317 7
   318 4
   319 2
   320 4
   321 6
   322 4
   323 1
   324 9
   325 6
   326 3
   327 1
   328 0
   329 0
   330 1
   331 0
   332 0
   333 0
   334 1
   335 1
   336 1
   337 0
   338 0
   339 2
   340 0
   341 0
   342 0
   343 0
   344 0
   345 0
   346 0
   347 0
   348 1
   349 0
   350 0
   351 0
   352 0
   353 0
   354 0
   355 0
   356 0
   357 0
   358 0
   359 0
   360 0
   361 0
   362 0
   363 0
   364 0
   365 1
   366 0
   367 0
   368 0
   369 0
   370 0
   371 1
   372 0
   373 0
   374 0
   375 0
   376 0
   377 0
   378 0
   379 0
   380 0
   381 0
   382 0
   383 0
   384 0
   385 0
   386 0
   387 2
   388 0
   389 0
   390 0
   391 0
   392 0
   393 0
   394 2
   395 3
   396 1
   397 0
   398 0
   399 3
   400 1
   401 0
   402 0
   403 0
   404 0
   405 0
   406 0
   407 0
   408 1
   409 0
   410 0
   411 1
   412 0
   413 0
   414 0
   415 0
   416 0
   417 0
   418 0
   419 0
   420 1
   421 0
   422 0
   423 0
   424 0
   425 0
   426 0
   427 0
   428 0
   429 0
   430 0
   431 0
   432 0
   433 0
   434 0
   435 0
   436 0
   437 0
   438 0
   439 0
   440 0
   441 0
   442 0
   443 0
   444 0
   445 0
   446 0
   447 0
   448 0
   449 0
   450 0
   451 2
   452 3
   453 0
   454 0
   455 0
   456 1
   457 0
   458 2
   459 2
   460 2
   461 2
   462 0
   463 1
   464 0
   465 0
   466 0
   467 1
   468 0
   469 0
   470 1
   471 0
   472 1
   473 2
   474 1
   475 1
   476 0
   477 0
   478 2
   479 0
   480 0
   481 1
   482 0
   483 0
   484 1
   485 0
   486 0
   487 0
   488 0
   489 0
   490 0
   491 0
   492 1
   493 0
   494 0
   495 0
   496 0
   497 0
   498 0
   499 0
   500 0
   501 0
   502 0
   503 0
   504 0
   505 0
   506 0
   507 0
   508 0
   509 0
   510 0
   511 0
   512 0
   513 0
   514 0
   515 0
   516 0
   517 1
   518 0
   519 0
   520 0
   521 0
   522 0
   523 0
   524 0
   525 0
   526 0
   527 0
   528 0
   529 0
   530 0
   531 0
   532 0
   533 0
   534 0
   535 1
   536 1
   537 1
   538 0
   539 0
   540 0
   541 0
   542 0
   543 0
   544 0
   545 0
   546 0
   547 1
   548 0
   549 0
   550 2
   551 0
   552 0
   553 0
   554 0
   555 0
   556 0
   557 0
   558 0
   559 1
   560 6
   561 3
   562 0
   563 1
   564 1
   565 3
   566 1
   567 0
   568 0
   569 1
   570 1
   571 0
   572 1
   573 0
   574 0
   575 0
   576 0
   577 0
   578 0
   579 0
   580 0
   581 0
   582 0
   583 1
   584 0
   585 0
   586 0
   587 0
   588 0
   589 0
   590 0
   591 0
   592 0
   593 0
   594 0
   595 0
   596 0
   597 0
   598 0
   599 0
   600 0
   601 0
   602 0
   603 0
   604 0
   605 0
   606 0
   607 0
   608 0
   609 0
   610 0
   611 0
   612 0
   613 0
   614 0
   615 0
   616 0
   617 0
   618 0
   619 0
   620 0
   621 0
   622 0
   623 0
   624 0
   625 0
   626 0
   627 0
   628 0
   629 0
   630 0
   631 0
   632 0
   633 0
   634 0
   635 1
   636 0
   637 0
   638 0
   639 0
   640 0
   641 0
   642 0
   643 0
   644 1
   645 1
   646 0
   647 0
   648 0
   649 0
   650 0
   651 1
   652 0
   653 0
   654 0
   655 0
   656 1
   657 0
   658 1
   659 0
   660 0
   661 0
   662 0
   663 1
   664 3
HIST END
