STAT START
secs,qlen,thru,msrt,items,nset,nget,nmget,sqt,gqt,mqt,swt,gwt,mwt
1,0,1896.000000000000,NaN,0,1896,0,0,0.000411885775,NaN,NaN,0.004492125679,NaN,NaN
1,0,4007.000000000000,NaN,0,4007,0,0,0.000666059293,NaN,NaN,0.003583773473,NaN,NaN
1,14,4744.000000000000,NaN,0,4744,0,0,0.002178351179,NaN,NaN,0.005419058288,NaN,NaN
1,15,4421.000000000000,NaN,0,4421,0,0,0.002431983044,NaN,NaN,0.005987668746,NaN,NaN
1,0,4342.000000000000,NaN,0,4342,0,0,0.002563347005,NaN,NaN,0.006199395123,NaN,NaN
1,16,4500.000000000000,NaN,0,4500,0,0,0.002559227783,NaN,NaN,0.006115586687,NaN,NaN
1,10,4464.000000000000,NaN,0,4464,0,0,0.002442169808,NaN,NaN,0.005942427372,NaN,NaN
1,4,4645.000000000000,NaN,0,4645,0,0,0.002211027643,NaN,NaN,0.005696429653,NaN,NaN
1,15,4291.000000000000,NaN,0,4291,0,0,0.002561400525,NaN,NaN,0.006285692333,NaN,NaN
1,16,4318.000000000000,NaN,0,4318,0,0,0.002642202359,NaN,NaN,0.006384888115,NaN,NaN
1,7,4612.000000000000,NaN,0,4612,0,0,0.002357832549,NaN,NaN,0.005909177708,NaN,NaN
1,13,4299.000000000000,NaN,0,4299,0,0,0.002564288819,NaN,NaN,0.006519332537,NaN,NaN
1,16,4377.000000000000,NaN,0,4377,0,0,0.002583924377,NaN,NaN,0.006208352126,NaN,NaN
1,14,4441.000000000000,NaN,0,4441,0,0,0.002459133264,NaN,NaN,0.005989976080,NaN,NaN
1,12,4407.000000000000,NaN,0,4407,0,0,0.002737210455,NaN,NaN,0.006380572694,NaN,NaN
1,0,4363.000000000000,NaN,0,4363,0,0,0.002483574817,NaN,NaN,0.006114664505,NaN,NaN
1,16,4573.000000000000,NaN,0,4573,0,0,0.002247487223,NaN,NaN,0.005818975853,NaN,NaN
1,16,4434.000000000000,NaN,0,4434,0,0,0.002565446845,NaN,NaN,0.006133619960,NaN,NaN
1,16,4642.000000000000,NaN,0,4642,0,0,0.002297601653,NaN,NaN,0.005619105237,NaN,NaN
1,0,4381.000000000000,NaN,0,4381,0,0,0.002560003568,NaN,NaN,0.005992047732,NaN,NaN
1,32,4334.000000000000,NaN,0,4334,0,0,0.002634544241,NaN,NaN,0.006209712524,NaN,NaN
1,11,4159.000000000000,NaN,0,4159,0,0,0.002717458510,NaN,NaN,0.006603302255,NaN,NaN
1,28,4654.000000000000,NaN,0,4654,0,0,0.002247876121,NaN,NaN,0.005433126116,NaN,NaN
1,8,4278.000000000000,NaN,0,4278,0,0,0.002508408620,NaN,NaN,0.006204995576,NaN,NaN
1,14,4258.000000000000,NaN,0,4258,0,0,0.002670440444,NaN,NaN,0.006357891309,NaN,NaN
1,16,4548.000000000000,NaN,0,4548,0,0,0.002218688480,NaN,NaN,0.005798802481,NaN,NaN
1,7,4644.000000000000,NaN,0,4644,0,0,0.002383141741,NaN,NaN,0.005772326592,NaN,NaN
1,37,4428.000000000000,NaN,0,4428,0,0,0.002487658083,NaN,NaN,0.006165457170,NaN,NaN
1,16,4606.000000000000,NaN,0,4606,0,0,0.002392297530,NaN,NaN,0.005612374344,NaN,NaN
1,12,4580.000000000000,NaN,0,4580,0,0,0.002346760388,NaN,NaN,0.005948462137,NaN,NaN
1,24,4348.000000000000,NaN,0,4348,0,0,0.002444940046,NaN,NaN,0.006291503678,NaN,NaN
1,16,4422.000000000000,NaN,0,4422,0,0,0.002544817214,NaN,NaN,0.006062295267,NaN,NaN
1,16,4742.000000000000,NaN,0,4742,0,0,0.002445746522,NaN,NaN,0.005464079608,NaN,NaN
1,13,4412.000000000000,NaN,0,4412,0,0,0.002608756097,NaN,NaN,0.006036576346,NaN,NaN
1,16,4336.000000000000,NaN,0,4336,0,0,0.002570757845,NaN,NaN,0.006053840748,NaN,NaN
1,0,4465.000000000000,NaN,0,4465,0,0,0.002366418924,NaN,NaN,0.006083942662,NaN,NaN
1,12,4198.000000000000,NaN,0,4198,0,0,0.002700455230,NaN,NaN,0.006695577216,NaN,NaN
1,1,4620.000000000000,NaN,0,4620,0,0,0.002270862593,NaN,NaN,0.005671876150,NaN,NaN
1,2,4496.000000000000,NaN,0,4496,0,0,0.002479352189,NaN,NaN,0.005973448232,NaN,NaN
1,9,4392.000000000000,NaN,0,4392,0,0,0.002605132139,NaN,NaN,0.006164195181,NaN,NaN
1,13,4391.000000000000,NaN,0,4391,0,0,0.002485303874,NaN,NaN,0.006074397030,NaN,NaN
1,25,4509.000000000000,NaN,0,4509,0,0,0.002411479144,NaN,NaN,0.005905758904,NaN,NaN
1,40,4580.000000000000,NaN,0,4580,0,0,0.002409740958,NaN,NaN,0.005779299674,NaN,NaN
1,16,4799.000000000000,NaN,0,4799,0,0,0.002219188146,NaN,NaN,0.005504179015,NaN,NaN
1,12,4307.000000000000,NaN,0,4307,0,0,0.002547554653,NaN,NaN,0.006216455914,NaN,NaN
1,16,4401.000000000000,NaN,0,4401,0,0,0.002394115146,NaN,NaN,0.006031546331,NaN,NaN
1,0,4400.000000000000,NaN,0,4400,0,0,0.002329791356,NaN,NaN,0.005843169862,NaN,NaN
1,0,4600.000000000000,NaN,0,4600,0,0,0.002310889327,NaN,NaN,0.005715881245,NaN,NaN
1,16,4445.000000000000,NaN,0,4445,0,0,0.002539651601,NaN,NaN,0.005908259285,NaN,NaN
1,16,4312.000000000000,NaN,0,4312,0,0,0.002467770289,NaN,NaN,0.006137930023,NaN,NaN
1,16,4558.000000000000,NaN,0,4558,0,0,0.002127566399,NaN,NaN,0.005607464721,NaN,NaN
1,2,4247.000000000000,NaN,0,4247,0,0,0.002517097957,NaN,NaN,0.006358765850,NaN,NaN
1,16,4455.000000000000,NaN,0,4455,0,0,0.002582458921,NaN,NaN,0.005881908881,NaN,NaN
1,16,4609.000000000000,NaN,0,4609,0,0,0.002344827801,NaN,NaN,0.005706191451,NaN,NaN
1,3,4226.000000000000,NaN,0,4226,0,0,0.002567647324,NaN,NaN,0.006394494507,NaN,NaN
1,16,4569.000000000000,NaN,0,4569,0,0,0.002206914079,NaN,NaN,0.005698201637,NaN,NaN
1,0,4598.000000000000,NaN,0,4598,0,0,0.002392873586,NaN,NaN,0.005912685654,NaN,NaN
1,28,4322.000000000000,NaN,0,4322,0,0,0.002552388230,NaN,NaN,0.006097722943,NaN,NaN
1,14,4579.000000000000,NaN,0,4579,0,0,0.002361020114,NaN,NaN,0.005856577807,NaN,NaN
1,16,4530.000000000000,NaN,0,4530,0,0,0.002290928965,NaN,NaN,0.005784744147,NaN,NaN
1,0,4402.000000000000,NaN,0,4402,0,0,0.002476811069,NaN,NaN,0.006246819007,NaN,NaN
1,16,4441.000000000000,NaN,0,4441,0,0,0.002331922798,NaN,NaN,0.005937233197,NaN,NaN
1,16,4152.000000000000,NaN,0,4152,0,0,0.002599686297,NaN,NaN,0.006669145028,NaN,NaN
1,16,4373.000000000000,NaN,0,4373,0,0,0.002442481481,NaN,NaN,0.006223195930,NaN,NaN
1,16,4157.000000000000,NaN,0,4157,0,0,0.002614906406,NaN,NaN,0.006496594755,NaN,NaN
1,16,4389.000000000000,NaN,0,4389,0,0,0.002552490287,NaN,NaN,0.006166543441,NaN,NaN
1,12,4589.000000000000,NaN,0,4589,0,0,0.002421462328,NaN,NaN,0.005660579612,NaN,NaN
1,16,4423.000000000000,NaN,0,4423,0,0,0.002465239993,NaN,NaN,0.006074030787,NaN,NaN
1,0,4560.000000000000,NaN,0,4560,0,0,0.002344386148,NaN,NaN,0.006045911464,NaN,NaN
1,0,4456.000000000000,NaN,0,4456,0,0,0.002387296426,NaN,NaN,0.006051885173,NaN,NaN
1,0,3593.000000000000,NaN,0,3593,0,0,0.000594329232,NaN,NaN,0.004595598502,NaN,NaN
1,0,1936.000000000000,NaN,0,1936,0,0,0.000397628190,NaN,NaN,0.003078754099,NaN,NaN
STAT END
HIST START
527
   0 0
   1 0
   2 0
   3 0
   4 0
   5 0
   6 0
   7 0
   8 0
   9 4
   10 18
   11 45
   12 129
   13 247
   14 380
   15 671
   16 904
   17 1077
   18 1433
   19 1613
   20 1778
   21 2110
   22 2398
   23 2669
   24 2887
   25 3051
   26 3051
   27 3088
   28 3214
   29 3154
   30 3191
   31 3212
   32 3376
   33 3203
   34 3254
   35 3137
   36 3064
   37 2970
   38 2919
   39 2812
   40 2821
   41 2878
   42 2603
   43 2645
   44 2493
   45 2367
   46 2388
   47 2229
   48 2054
   49 1928
   50 1924
   51 1809
   52 1678
   53 1716
   54 1667
   55 1518
   56 1472
   57 1332
   58 1364
   59 1483
   60 1419
   61 1262
   62 1225
   63 1182
   64 1274
   65 1307
   66 1301
   67 1384
   68 1393
   69 1516
   70 1537
   71 1659
   72 1728
   73 1845
   74 2043
   75 2077
   76 2257
   77 2626
   78 2768
   79 3069
   80 3696
   81 3996
   82 4548
   83 4728
   84 4906
   85 5125
   86 5273
   87 5226
   88 5399
   89 5463
   90 5398
   91 5124
   92 4837
   93 4626
   94 4283
   95 3981
   96 3763
   97 3560
   98 3520
   99 3101
   100 2874
   101 2710
   102 2542
   103 2420
   104 2277
   105 2088
   106 1886
   107 1823
   108 1769
   109 1568
   110 1484
   111 1372
   112 1247
   113 1120
   114 1074
   115 978
   116 903
   117 832
   118 777
   119 747
   120 708
   121 710
   122 651
   123 585
   124 556
   125 579
   126 499
   127 473
   128 416
   129 402
   130 373
   131 379
   132 432
   133 445
   134 448
   135 420
   136 448
   137 501
   138 493
   139 499
   140 594
   141 545
   142 617
   143 648
   144 701
   145 761
   146 714
   147 785
   148 837
   149 836
   150 890
   151 908
   152 962
   153 981
   154 950
   155 1057
   156 1079
   157 1102
   158 1108
   159 1115
   160 1146
   161 1112
   162 1131
   163 1125
   164 1049
   165 1041
   166 1102
   167 1104
   168 1008
   169 964
   170 925
   171 867
   172 813
   173 755
   174 700
   175 601
   176 512
   177 483
   178 437
   179 400
   180 372
   181 301
   182 261
   183 221
   184 210
   185 181
   186 164
   187 151
   188 111
   189 123
   190 112
   191 86
   192 77
   193 74
   194 63
   195 61
   196 42
   197 53
   198 43
   199 46
   200 33
   201 36
   202 50
   203 26
   204 43
   205 32
   206 34
   207 43
   208 32
   209 31
   210 49
   211 50
   212 58
   213 41
   214 37
   215 43
   216 30
   217 40
   218 36
   219 50
   220 41
   221 57
   222 50
   223 52
   224 54
   225 47
   226 44
   227 46
   228 51
   229 47
   230 50
   231 43
   232 52
   233 65
   234 61
   235 67
   236 73
   237 55
   238 64
   239 56
   240 77
   241 58
   242 57
   243 58
   244 54
   245 68
   246 71
   247 78
   248 44
   249 59
   250 51
   251 44
   252 42
   253 37
   254 28
   255 29
   256 34
   257 32
   258 31
   259 29
   260 24
   261 20
   262 21
   263 24
   264 13
   265 15
   266 9
   267 8
   268 3
   269 9
   270 9
   271 11
   272 6
   273 5
   274 12
   275 5
   276 6
   277 6
   278 6
   279 3
   280 6
   281 2
   282 1
   283 0
   284 1
   285 9
   286 8
   287 10
   288 8
   289 7
   290 6
   291 6
   292 7
   293 5
   294 5
   295 9
   296 3
   297 0
   298 2
   299 5
   300 9
   301 7
   302 4
   303 7
   304 7
   305 4
   306 5
   307 6
   308 8
   309 6
   310 5
   311 1
   312 7
   313 1
   314 3
   315 1
   316 2
   317 2
   318 2
   319 4
   320 13
   321 15
   322 6
   323 6
   324 7
   325 9
   326 4
   327 2
   328 1
   329 6
   330 2
   331 3
   332 1
   333 2
   334 6
   335 4
   336 2
   337 1
   338 0
   339 1
   340 0
   341 0
   342 0
   343 0
   344 0
   345 0
   346 2
   347 5
   348 2
   349 2
   350 1
   351 0
   352 0
   353 0
   354 0
   355 0
   356 0
   357 2
   358 1
   359 1
   360 0
   361 2
   362 3
   363 4
   364 4
   365 3
   366 0
   367 1
   368 0
   369 2
   370 0
   371 0
   372 1
   373 0
   374 0
   375 0
   376 0
   377 0
   378 0
   379 0
   380 0
   381 0
   382 0
   383 1
   384 1
   385 0
   386 0
   387 0
   388 0
   389 0
   390 0
   391 0
   392 0
   393 0
   394 0
   395 0
   396 0
   397 0
   398 0
   399 0
   400 0
   401 0
   402 1
   403 0
   404 0
   405 0
   406 0
   407 0
   408 0
   409 0
   410 1
   411 0
   412 0
   413 0
   414 0
   415 0
   416 0
   417 0
   418 0
   419 0
   420 0
   421 0
   422 0
   423 0
   424 1
   425 0
   426 0
   427 0
   428 0
   429 0
   430 1
   431 0
   432 0
   433 1
   434 0
   435 0
   436 0
   437 0
   438 0
   439 0
   440 0
   441 0
   442 0
   443 0
   444 0
   445 0
   446 0
   447 0
   448 0
   449 0
   450 0
   451 0
   452 1
   453 0
   454 1
   455 2
   456 0
   457 0
   458 0
   459 0
   460 0
   461 0
   462 0
   463 0
   464 0
   465 0
   466 0
   467 0
   468 0
   469 0
   470 0
   471 0
   472 0
   473 0
   474 0
   475 0
   476 0
   477 0
   478 0
   479 0
   480 0
   481 0
   482 0
   483 0
   484 0
   485 0
   486 0
   487 0
   488 0
   489 0
   490 0
   491 0
   492 0
   493 0
   494 0
   495 0
   496 0
   497 0
   498 0
   499 0
   500 0
   501 0
   502 0
   503 0
   504 0
   505 0
   506 0
   507 0
   508 1
   509 0
   510 0
   511 1
   512 0
   513 3
   514 3
   515 0
   516 0
   517 2
   518 0
   519 0
   520 0
   521 0
   522 0
   523 0
   524 0
   525 2
   526 1
HIST END
