STAT START
secs,qlen,thru,msrt,items,nset,nget,nmget,sqt,gqt,mqt,swt,gwt,mwt
1,0,132.000000000000,NaN,0,132,0,0,0.000160529667,NaN,NaN,0.004089606970,NaN,NaN
1,0,432.000000000000,NaN,0,432,0,0,0.000114726618,NaN,NaN,0.003484159752,NaN,NaN
1,0,441.000000000000,NaN,0,441,0,0,0.000117756537,NaN,NaN,0.004167774608,NaN,NaN
1,0,462.000000000000,NaN,0,462,0,0,0.000104827061,NaN,NaN,0.003645350963,NaN,NaN
1,0,418.000000000000,NaN,0,418,0,0,0.000185678928,NaN,NaN,0.004073490488,NaN,NaN
1,0,454.000000000000,NaN,0,454,0,0,0.000125422643,NaN,NaN,0.003257978066,NaN,NaN
1,0,445.000000000000,NaN,0,445,0,0,0.000175181769,NaN,NaN,0.003104431126,NaN,NaN
1,0,456.000000000000,NaN,0,456,0,0,0.000151330037,NaN,NaN,0.003170639235,NaN,NaN
1,0,424.000000000000,NaN,0,424,0,0,0.000152940224,NaN,NaN,0.003599057606,NaN,NaN
1,0,440.000000000000,NaN,0,440,0,0,0.000108027675,NaN,NaN,0.003775033427,NaN,NaN
1,0,439.000000000000,NaN,0,439,0,0,0.000105246162,NaN,NaN,0.003369412157,NaN,NaN
1,0,428.000000000000,NaN,0,428,0,0,0.000125658255,NaN,NaN,0.003578078465,NaN,NaN
1,0,425.000000000000,NaN,0,425,0,0,0.000102787129,NaN,NaN,0.004100244852,NaN,NaN
1,0,463.000000000000,NaN,0,463,0,0,0.000105849251,NaN,NaN,0.003587645581,NaN,NaN
1,0,467.000000000000,NaN,0,467,0,0,0.000109403908,NaN,NaN,0.003368277330,NaN,NaN
1,0,437.000000000000,NaN,0,437,0,0,0.000100854579,NaN,NaN,0.003724368346,NaN,NaN
1,3,443.000000000000,NaN,0,443,0,0,0.000100612984,NaN,NaN,0.003362949120,NaN,NaN
1,0,440.000000000000,NaN,0,440,0,0,0.000145337630,NaN,NaN,0.003945431784,NaN,NaN
1,2,398.000000000000,NaN,0,398,0,0,0.000121064791,NaN,NaN,0.003865045917,NaN,NaN
1,0,439.000000000000,NaN,0,439,0,0,0.000138961797,NaN,NaN,0.003762176380,NaN,NaN
1,0,432.000000000000,NaN,0,432,0,0,0.000105636271,NaN,NaN,0.003344883354,NaN,NaN
1,1,454.000000000000,NaN,0,454,0,0,0.000124358119,NaN,NaN,0.003057914143,NaN,NaN
1,0,451.000000000000,NaN,0,451,0,0,0.000100360437,NaN,NaN,0.003493929184,NaN,NaN
1,0,440.000000000000,NaN,0,440,0,0,0.000117270720,NaN,NaN,0.003961881302,NaN,NaN
1,0,430.000000000000,NaN,0,430,0,0,0.000101939656,NaN,NaN,0.003486477370,NaN,NaN
1,0,456.000000000000,NaN,0,456,0,0,0.000115522923,NaN,NaN,0.003724144088,NaN,NaN
1,0,460.000000000000,NaN,0,460,0,0,0.000121323676,NaN,NaN,0.003107298811,NaN,NaN
1,0,447.000000000000,NaN,0,447,0,0,0.000102466796,NaN,NaN,0.003483577347,NaN,NaN
1,0,463.000000000000,NaN,0,463,0,0,0.000123223717,NaN,NaN,0.003260071903,NaN,NaN
1,0,446.000000000000,NaN,0,446,0,0,0.000184238908,NaN,NaN,0.003640429939,NaN,NaN
1,0,462.000000000000,NaN,0,462,0,0,0.000100372043,NaN,NaN,0.003505596773,NaN,NaN
1,0,453.000000000000,NaN,0,453,0,0,0.000121099453,NaN,NaN,0.003526960470,NaN,NaN
1,0,476.000000000000,NaN,0,476,0,0,0.000127728426,NaN,NaN,0.003401325462,NaN,NaN
1,0,452.000000000000,NaN,0,452,0,0,0.000124929383,NaN,NaN,0.003317962365,NaN,NaN
1,0,440.000000000000,NaN,0,440,0,0,0.000138474357,NaN,NaN,0.003227078827,NaN,NaN
1,0,459.000000000000,NaN,0,459,0,0,0.000101304967,NaN,NaN,0.003727337638,NaN,NaN
1,0,424.000000000000,NaN,0,424,0,0,0.000143094830,NaN,NaN,0.003390881005,NaN,NaN
1,0,476.000000000000,NaN,0,476,0,0,0.000107619397,NaN,NaN,0.003334377071,NaN,NaN
1,0,441.000000000000,NaN,0,441,0,0,0.000173725367,NaN,NaN,0.003426491420,NaN,NaN
1,0,449.000000000000,NaN,0,449,0,0,0.000123413080,NaN,NaN,0.003457542846,NaN,NaN
1,0,435.000000000000,NaN,0,435,0,0,0.000158836092,NaN,NaN,0.003775839451,NaN,NaN
1,0,456.000000000000,NaN,0,456,0,0,0.000119558882,NaN,NaN,0.003245074125,NaN,NaN
1,0,478.000000000000,NaN,0,478,0,0,0.000153204921,NaN,NaN,0.003172612500,NaN,NaN
1,0,430.000000000000,NaN,0,430,0,0,0.000103443151,NaN,NaN,0.003639714347,NaN,NaN
1,0,443.000000000000,NaN,0,443,0,0,0.000100117910,NaN,NaN,0.003929481693,NaN,NaN
1,0,444.000000000000,NaN,0,444,0,0,0.000125821561,NaN,NaN,0.003417432876,NaN,NaN
1,0,444.000000000000,NaN,0,444,0,0,0.000119261833,NaN,NaN,0.003703693664,NaN,NaN
1,0,464.000000000000,NaN,0,464,0,0,0.000130001545,NaN,NaN,0.003361385603,NaN,NaN
1,0,443.000000000000,NaN,0,443,0,0,0.000131156641,NaN,NaN,0.003153037129,NaN,NaN
1,0,443.000000000000,NaN,0,443,0,0,0.000105755497,NaN,NaN,0.003902494072,NaN,NaN
1,0,411.000000000000,NaN,0,411,0,0,0.000126103499,NaN,NaN,0.003960170131,NaN,NaN
1,0,450.000000000000,NaN,0,450,0,0,0.000110977100,NaN,NaN,0.003368979327,NaN,NaN
1,0,451.000000000000,NaN,0,451,0,0,0.000098447348,NaN,NaN,0.003724664650,NaN,NaN
1,0,456.000000000000,NaN,0,456,0,0,0.000119435436,NaN,NaN,0.003512447489,NaN,NaN
1,0,424.000000000000,NaN,0,424,0,0,0.000118530962,NaN,NaN,0.003574369524,NaN,NaN
1,0,455.000000000000,NaN,0,455,0,0,0.000115180910,NaN,NaN,0.003555433710,NaN,NaN
1,0,467.000000000000,NaN,0,467,0,0,0.000143180090,NaN,NaN,0.003208048833,NaN,NaN
1,0,434.000000000000,NaN,0,434,0,0,0.000120755147,NaN,NaN,0.003871958249,NaN,NaN
1,0,442.000000000000,NaN,0,442,0,0,0.000099195830,NaN,NaN,0.003780101982,NaN,NaN
1,0,461.000000000000,NaN,0,461,0,0,0.000095905536,NaN,NaN,0.003522940338,NaN,NaN
1,0,446.000000000000,NaN,0,446,0,0,0.000122580204,NaN,NaN,0.003418275078,NaN,NaN
1,0,432.000000000000,NaN,0,432,0,0,0.000120914917,NaN,NaN,0.003678611197,NaN,NaN
1,0,449.000000000000,NaN,0,449,0,0,0.000122201682,NaN,NaN,0.003727547735,NaN,NaN
1,0,422.000000000000,NaN,0,422,0,0,0.000101953424,NaN,NaN,0.003696367893,NaN,NaN
1,0,432.000000000000,NaN,0,432,0,0,0.000138419727,NaN,NaN,0.003536940338,NaN,NaN
1,0,431.000000000000,NaN,0,431,0,0,0.000107164694,NaN,NaN,0.003574633984,NaN,NaN
1,0,443.000000000000,NaN,0,443,0,0,0.000107565007,NaN,NaN,0.003334348117,NaN,NaN
1,0,433.000000000000,NaN,0,433,0,0,0.000132863691,NaN,NaN,0.003685680217,NaN,NaN
1,0,435.000000000000,NaN,0,435,0,0,0.000121114561,NaN,NaN,0.003709445559,NaN,NaN
1,0,455.000000000000,NaN,0,455,0,0,0.000135867763,NaN,NaN,0.003570106429,NaN,NaN
1,0,284.000000000000,NaN,0,284,0,0,0.000094029845,NaN,NaN,0.002961551606,NaN,NaN
STAT END
HIST START
233
   0 0
   1 0
   2 0
   3 0
   4 0
   5 0
   6 0
   7 0
   8 0
   9 3
   10 27
   11 155
   12 454
   13 921
   14 1530
   15 2059
   16 2159
   17 2050
   18 1845
   19 1679
   20 1392
   21 1255
   22 1081
   23 1026
   24 871
   25 770
   26 689
   27 527
   28 444
   29 330
   30 214
   31 189
   32 204
   33 171
   34 168
   35 144
   36 100
   37 102
   38 80
   39 64
   40 50
   41 46
   42 67
   43 73
   44 59
   45 48
   46 39
   47 42
   48 38
   49 44
   50 33
   51 25
   52 24
   53 22
   54 18
   55 12
   56 21
   57 16
   58 10
   59 11
   60 18
   61 13
   62 20
   63 13
   64 10
   65 16
   66 11
   67 32
   68 67
   69 138
   70 198
   71 273
   72 392
   73 456
   74 459
   75 467
   76 442
   77 391
   78 333
   79 270
   80 263
   81 187
   82 182
   83 194
   84 122
   85 106
   86 99
   87 60
   88 52
   89 43
   90 48
   91 45
   92 46
   93 43
   94 49
   95 91
   96 176
   97 369
   98 405
   99 410
   100 317
   101 146
   102 50
   103 12
   104 15
   105 15
   106 16
   107 13
   108 10
   109 4
   110 2
   111 8
   112 2
   113 0
   114 3
   115 1
   116 0
   117 0
   118 0
   119 0
   120 0
   121 1
   122 0
   123 0
   124 0
   125 0
   126 4
   127 1
   128 1
   129 0
   130 1
   131 0
   132 0
   133 0
   134 0
   135 0
   136 0
   137 0
   138 1
   139 1
   140 0
   141 0
   142 0
   143 0
   144 0
   145 0
   146 0
   147 0
   148 0
   149 0
   150 0
   151 0
   152 1
   153 0
   154 0
   155 0
   156 0
   157 0
   158 0
   159 0
   160 0
   161 0
   162 2
   163 4
   164 0
   165 5
   166 5
   167 3
   168 0
   169 6
   170 1
   171 1
   172 1
   173 5
   174 0
   175 2
   176 2
   177 1
   178 1
   179 0
   180 0
   181 0
   182 0
   183 0
   184 0
   185 1
   186 2
   187 0
   188 0
   189 0
   190 0
   191 0
   192 1
   193 0
   194 0
   195 0
   196 1
   197 2
   198 0
   199 1
   200 1
   201 0
   202 0
   203 0
   204 0
   205 0
   206 0
   207 0
   208 0
   209 0
   210 0
   211 0
   212 1
   213 0
   214 0
   215 0
   216 0
   217 0
   218 0
   219 0
   220 0
   221 0
   222 0
   223 0
   224 0
   225 0
   226 0
   227 0
   228 0
   229 0
   230 0
   231 0
   232 3
HIST END
