STAT START
secs,qlen,thru,msrt,items,nset,nget,nmget,sqt,gqt,mqt,swt,gwt,mwt
1,8,2295.000000000000,NaN,0,2295,0,0,0.001701868578,NaN,NaN,0.004357619939,NaN,NaN
1,6,2682.000000000000,NaN,0,2682,0,0,0.001087736220,NaN,NaN,0.003681220367,NaN,NaN
1,7,2614.000000000000,NaN,0,2614,0,0,0.001374832363,NaN,NaN,0.003940977212,NaN,NaN
1,4,2642.000000000000,NaN,0,2642,0,0,0.001328741197,NaN,NaN,0.003535100105,NaN,NaN
1,0,2705.000000000000,NaN,0,2705,0,0,0.001447924918,NaN,NaN,0.003810649884,NaN,NaN
1,8,2685.000000000000,NaN,0,2685,0,0,0.001433359953,NaN,NaN,0.003791810676,NaN,NaN
1,0,2739.000000000000,NaN,0,2739,0,0,0.001163402664,NaN,NaN,0.003182439250,NaN,NaN
1,0,2662.000000000000,NaN,0,2662,0,0,0.001303544433,NaN,NaN,0.003531399714,NaN,NaN
1,8,2609.000000000000,NaN,0,2609,0,0,0.001387777345,NaN,NaN,0.003706492336,NaN,NaN
1,0,2720.000000000000,NaN,0,2720,0,0,0.001215801933,NaN,NaN,0.003346928641,NaN,NaN
1,8,2742.000000000000,NaN,0,2742,0,0,0.001172641202,NaN,NaN,0.003290553847,NaN,NaN
1,0,2767.000000000000,NaN,0,2767,0,0,0.001177073828,NaN,NaN,0.003347779428,NaN,NaN
1,8,2753.000000000000,NaN,0,2753,0,0,0.001247934510,NaN,NaN,0.002813510307,NaN,NaN
1,0,2674.000000000000,NaN,0,2674,0,0,0.001514314334,NaN,NaN,0.003231296389,NaN,NaN
1,8,2572.000000000000,NaN,0,2572,0,0,0.001608088413,NaN,NaN,0.003537375411,NaN,NaN
1,0,2778.000000000000,NaN,0,2778,0,0,0.001346836386,NaN,NaN,0.003523878962,NaN,NaN
1,16,2664.000000000000,NaN,0,2664,0,0,0.001225398841,NaN,NaN,0.003750591232,NaN,NaN
1,8,2567.000000000000,NaN,0,2567,0,0,0.001423114457,NaN,NaN,0.003831883160,NaN,NaN
1,0,2466.000000000000,NaN,0,2466,0,0,0.001700866013,NaN,NaN,0.004382260079,NaN,NaN
1,8,2581.000000000000,NaN,0,2581,0,0,0.001415677387,NaN,NaN,0.003812928679,NaN,NaN
1,8,2753.000000000000,NaN,0,2753,0,0,0.001479814853,NaN,NaN,0.003631784851,NaN,NaN
1,7,2782.000000000000,NaN,0,2782,0,0,0.001230593066,NaN,NaN,0.003660488373,NaN,NaN
1,7,2652.000000000000,NaN,0,2652,0,0,0.001483956796,NaN,NaN,0.003656159960,NaN,NaN
1,0,2712.000000000000,NaN,0,2712,0,0,0.001213533886,NaN,NaN,0.003500990658,NaN,NaN
1,8,2516.000000000000,NaN,0,2516,0,0,0.001561993755,NaN,NaN,0.004025617444,NaN,NaN
1,8,2651.000000000000,NaN,0,2651,0,0,0.001412075000,NaN,NaN,0.003382909178,NaN,NaN
1,0,2762.000000000000,NaN,0,2762,0,0,0.001346202263,NaN,NaN,0.002968848060,NaN,NaN
1,7,2669.000000000000,NaN,0,2669,0,0,0.001124839144,NaN,NaN,0.003912184643,NaN,NaN
1,8,2576.000000000000,NaN,0,2576,0,0,0.001509507569,NaN,NaN,0.004135651266,NaN,NaN
1,1,2583.000000000000,NaN,0,2583,0,0,0.001480160573,NaN,NaN,0.003637506671,NaN,NaN
1,0,2603.000000000000,NaN,0,2603,0,0,0.001655725795,NaN,NaN,0.003986192771,NaN,NaN
1,8,2708.000000000000,NaN,0,2708,0,0,0.001357743986,NaN,NaN,0.003422443646,NaN,NaN
1,0,2622.000000000000,NaN,0,2622,0,0,0.001394728713,NaN,NaN,0.003727056953,NaN,NaN
1,0,2609.000000000000,NaN,0,2609,0,0,0.001489901578,NaN,NaN,0.003427541310,NaN,NaN
1,0,2732.000000000000,NaN,0,2732,0,0,0.001381185347,NaN,NaN,0.003088932971,NaN,NaN
1,0,2699.000000000000,NaN,0,2699,0,0,0.001338289162,NaN,NaN,0.002957600639,NaN,NaN
1,8,2656.000000000000,NaN,0,2656,0,0,0.001490974781,NaN,NaN,0.003475253064,NaN,NaN
1,0,2690.000000000000,NaN,0,2690,0,0,0.001373779993,NaN,NaN,0.003233238810,NaN,NaN
1,0,2754.000000000000,NaN,0,2754,0,0,0.001349351402,NaN,NaN,0.003170099905,NaN,NaN
1,0,2528.000000000000,NaN,0,2528,0,0,0.001550216559,NaN,NaN,0.003697594381,NaN,NaN
1,8,2756.000000000000,NaN,0,2756,0,0,0.001300854656,NaN,NaN,0.003093495815,NaN,NaN
1,8,2885.000000000000,NaN,0,2885,0,0,0.001237191456,NaN,NaN,0.003152303059,NaN,NaN
1,0,2681.000000000000,NaN,0,2681,0,0,0.001362754366,NaN,NaN,0.003906774686,NaN,NaN
1,0,2573.000000000000,NaN,0,2573,0,0,0.001520294052,NaN,NaN,0.003931873239,NaN,NaN
1,8,2788.000000000000,NaN,0,2788,0,0,0.001345456364,NaN,NaN,0.003426378962,NaN,NaN
1,0,3326.000000000000,NaN,0,3326,0,0,0.001337862239,NaN,NaN,0.003177954670,NaN,NaN
1,0,2836.000000000000,NaN,0,2836,0,0,0.001464059378,NaN,NaN,0.003297675448,NaN,NaN
1,0,2588.000000000000,NaN,0,2588,0,0,0.001562379569,NaN,NaN,0.003492411034,NaN,NaN
1,7,2567.000000000000,NaN,0,2567,0,0,0.001527279903,NaN,NaN,0.003505385094,NaN,NaN
1,8,2793.000000000000,NaN,0,2793,0,0,0.001284638963,NaN,NaN,0.002783015709,NaN,NaN
1,0,2855.000000000000,NaN,0,2855,0,0,0.001282827650,NaN,NaN,0.003378765741,NaN,NaN
1,8,2843.000000000000,NaN,0,2843,0,0,0.001260296887,NaN,NaN,0.003493332890,NaN,NaN
1,10,2869.000000000000,NaN,0,2869,0,0,0.001146870755,NaN,NaN,0.003342653577,NaN,NaN
1,9,2652.000000000000,NaN,0,2652,0,0,0.001352292938,NaN,NaN,0.003511243720,NaN,NaN
1,8,2749.000000000000,NaN,0,2749,0,0,0.001299715505,NaN,NaN,0.003356410020,NaN,NaN
1,0,2790.000000000000,NaN,0,2790,0,0,0.001244302818,NaN,NaN,0.003324959898,NaN,NaN
1,13,2907.000000000000,NaN,0,2907,0,0,0.001086812533,NaN,NaN,0.003187127335,NaN,NaN
1,8,2718.000000000000,NaN,0,2718,0,0,0.001404755888,NaN,NaN,0.003418945653,NaN,NaN
1,6,2790.000000000000,NaN,0,2790,0,0,0.001366083858,NaN,NaN,0.003484210149,NaN,NaN
1,0,2683.000000000000,NaN,0,2683,0,0,0.001259723105,NaN,NaN,0.003405582303,NaN,NaN
1,0,2620.000000000000,NaN,0,2620,0,0,0.001564687392,NaN,NaN,0.003734980418,NaN,NaN
1,0,2700.000000000000,NaN,0,2700,0,0,0.001421141019,NaN,NaN,0.003246786749,NaN,NaN
1,0,2689.000000000000,NaN,0,2689,0,0,0.001427506532,NaN,NaN,0.003135420662,NaN,NaN
1,0,2743.000000000000,NaN,0,2743,0,0,0.001429156646,NaN,NaN,0.003242986138,NaN,NaN
1,8,2689.000000000000,NaN,0,2689,0,0,0.001411696397,NaN,NaN,0.003295181932,NaN,NaN
1,6,2692.000000000000,NaN,0,2692,0,0,0.001559105181,NaN,NaN,0.003289957834,NaN,NaN
1,5,2609.000000000000,NaN,0,2609,0,0,0.001515119357,NaN,NaN,0.003621492419,NaN,NaN
1,0,2893.000000000000,NaN,0,2893,0,0,0.001306380257,NaN,NaN,0.003610701146,NaN,NaN
1,0,2647.000000000000,NaN,0,2647,0,0,0.001503717920,NaN,NaN,0.004038846631,NaN,NaN
1,0,2730.000000000000,NaN,0,2730,0,0,0.001065620994,NaN,NaN,0.003818110400,NaN,NaN
1,0,15.000000000000,NaN,0,15,0,0,0.000480718400,NaN,NaN,0.003962368533,NaN,NaN
STAT END
HIST START
472
   0 0
   1 0
   2 0
   3 0
   4 0
   5 0
   6 0
   7 0
   8 1
   9 23
   10 83
   11 195
   12 487
   13 909
   14 1598
   15 2486
   16 3235
   17 4042
   18 4860
   19 5464
   20 6179
   21 6712
   22 7337
   23 7176
   24 7206
   25 6903
   26 6599
   27 6001
   28 5351
   29 4002
   30 3421
   31 2979
   32 2899
   33 2749
   34 2680
   35 2661
   36 2408
   37 2525
   38 2441
   39 2358
   40 2271
   41 2109
   42 1965
   43 1904
   44 1699
   45 1592
   46 1518
   47 1380
   48 1260
   49 1182
   50 931
   51 872
   52 812
   53 825
   54 691
   55 671
   56 529
   57 534
   58 422
   59 469
   60 445
   61 335
   62 309
   63 354
   64 384
   65 355
   66 297
   67 273
   68 300
   69 263
   70 303
   71 296
   72 371
   73 381
   74 399
   75 384
   76 380
   77 457
   78 456
   79 511
   80 489
   81 544
   82 572
   83 562
   84 589
   85 598
   86 643
   87 697
   88 775
   89 851
   90 865
   91 920
   92 974
   93 1041
   94 1075
   95 989
   96 1173
   97 1284
   98 1668
   99 2381
   100 2387
   101 2082
   102 2098
   103 2283
   104 2234
   105 1930
   106 1326
   107 885
   108 608
   109 453
   110 347
   111 400
   112 346
   113 316
   114 378
   115 413
   116 361
   117 401
   118 343
   119 355
   120 347
   121 349
   122 279
   123 243
   124 232
   125 228
   126 202
   127 163
   128 160
   129 117
   130 88
   131 57
   132 53
   133 41
   134 56
   135 39
   136 34
   137 26
   138 19
   139 26
   140 28
   141 27
   142 20
   143 22
   144 17
   145 39
   146 34
   147 28
   148 31
   149 16
   150 18
   151 23
   152 22
   153 16
   154 18
   155 24
   156 20
   157 19
   158 19
   159 18
   160 25
   161 6
   162 27
   163 23
   164 26
   165 19
   166 39
   167 21
   168 30
   169 37
   170 46
   171 41
   172 48
   173 55
   174 52
   175 43
   176 58
   177 46
   178 42
   179 32
   180 38
   181 46
   182 33
   183 35
   184 22
   185 20
   186 32
   187 15
   188 29
   189 21
   190 41
   191 34
   192 62
   193 59
   194 44
   195 41
   196 40
   197 75
   198 70
   199 81
   200 70
   201 66
   202 66
   203 69
   204 62
   205 45
   206 25
   207 10
   208 6
   209 5
   210 0
   211 6
   212 4
   213 4
   214 1
   215 4
   216 1
   217 4
   218 3
   219 0
   220 3
   221 1
   222 1
   223 0
   224 1
   225 1
   226 2
   227 0
   228 0
   229 0
   230 1
   231 2
   232 4
   233 5
   234 5
   235 3
   236 2
   237 1
   238 3
   239 2
   240 1
   241 2
   242 3
   243 1
   244 0
   245 2
   246 1
   247 0
   248 0
   249 0
   250 0
   251 1
   252 0
   253 0
   254 0
   255 0
   256 0
   257 0
   258 2
   259 0
   260 1
   261 0
   262 0
   263 0
   264 1
   265 1
   266 0
   267 3
   268 3
   269 1
   270 1
   271 0
   272 0
   273 0
   274 0
   275 0
   276 1
   277 0
   278 0
   279 1
   280 0
   281 2
   282 0
   283 0
   284 3
   285 2
   286 0
   287 0
   288 0
   289 0
   290 1
   291 2
   292 1
   293 2
   294 3
   295 8
   296 3
   297 3
   298 3
   299 7
   300 6
   301 3
   302 2
   303 2
   304 1
   305 2
   306 0
   307 0
   308 0
   309 1
   310 0
   311 0
   312 0
   313 0
   314 0
   315 0
   316 1
   317 1
   318 0
   319 0
   320 0
   321 0
   322 0
   323 0
   324 0
   325 0
   326 0
   327 0
   328 0
   329 0
   330 0
   331 0
   332 0
   333 0
   334 0
   335 0
   336 0
   337 0
   338 0
   339 0
   340 0
   341 0
   342 0
   343 0
   344 0
   345 0
   346 0
   347 0
   348 0
   349 0
   350 0
   351 0
   352 0
   353 0
   354 0
   355 0
   356 0
   357 0
   358 0
   359 0
   360 0
   361 0
   362 0
   363 0
   364 0
   365 0
   366 0
   367 0
   368 0
   369 0
   370 0
   371 0
   372 1
   373 0
   374 0
   375 0
   376 0
   377 0
   378 0
   379 0
   380 1
   381 0
   382 0
   383 1
   384 0
   385 0
   386 0
   387 0
   388 0
   389 0
   390 0
   391 0
   392 0
   393 0
   394 2
   395 0
   396 0
   397 1
   398 0
   399 0
   400 0
   401 2
   402 0
   403 0
   404 0
   405 0
   406 0
   407 0
   408 0
   409 0
   410 0
   411 0
   412 0
   413 0
   414 0
   415 1
   416 0
   417 0
   418 0
   419 0
   420 0
   421 0
   422 0
   423 0
   424 0
   425 0
   426 0
   427 0
   428 0
   429 0
   430 0
   431 0
   432 0
   433 0
   434 0
   435 0
   436 0
   437 0
   438 0
   439 0
   440 0
   441 0
   442 0
   443 0
   444 0
   445 0
   446 0
   447 0
   448 0
   449 0
   450 0
   451 0
   452 0
   453 0
   454 0
   455 0
   456 0
   457 0
   458 0
   459 0
   460 0
   461 0
   462 0
   463 0
   464 0
   465 0
   466 0
   467 0
   468 0
   469 0
   470 0
   471 1
HIST END
