STAT START
secs,qlen,thru,msrt,items,nset,nget,nmget,sqt,gqt,mqt,swt,gwt,mwt
1,47,4084.000000000000,NaN,0,4084,0,0,0.011384385835,NaN,NaN,0.007334070434,NaN,NaN
1,64,4335.000000000000,NaN,0,4335,0,0,0.012492152916,NaN,NaN,0.007355745158,NaN,NaN
1,64,4717.000000000000,NaN,0,4717,0,0,0.011658770126,NaN,NaN,0.006782238424,NaN,NaN
1,64,4962.000000000000,NaN,0,4962,0,0,0.010823269775,NaN,NaN,0.006444472872,NaN,NaN
1,43,4315.000000000000,NaN,0,4315,0,0,0.012738242099,NaN,NaN,0.007391894717,NaN,NaN
1,60,4527.000000000000,NaN,0,4527,0,0,0.012025001486,NaN,NaN,0.007051900562,NaN,NaN
1,53,4511.000000000000,NaN,0,4511,0,0,0.012270916476,NaN,NaN,0.007105487730,NaN,NaN
1,31,4821.000000000000,NaN,0,4821,0,0,0.011237276203,NaN,NaN,0.006613187418,NaN,NaN
1,63,4557.000000000000,NaN,0,4557,0,0,0.011758141610,NaN,NaN,0.006969095987,NaN,NaN
1,64,4600.000000000000,NaN,0,4600,0,0,0.011750402250,NaN,NaN,0.006938510984,NaN,NaN
1,62,4783.000000000000,NaN,0,4783,0,0,0.011203391858,NaN,NaN,0.006723381361,NaN,NaN
1,54,4148.000000000000,NaN,0,4148,0,0,0.013324516415,NaN,NaN,0.007686002487,NaN,NaN
1,58,4378.000000000000,NaN,0,4378,0,0,0.012518573082,NaN,NaN,0.007297238506,NaN,NaN
1,41,4175.000000000000,NaN,0,4175,0,0,0.013152262100,NaN,NaN,0.007670349026,NaN,NaN
1,20,4261.000000000000,NaN,0,4261,0,0,0.013309040501,NaN,NaN,0.007493232038,NaN,NaN
1,64,4616.000000000000,NaN,0,4616,0,0,0.011736365755,NaN,NaN,0.006941667680,NaN,NaN
1,57,4143.000000000000,NaN,0,4143,0,0,0.013144943708,NaN,NaN,0.007691362354,NaN,NaN
1,57,4390.000000000000,NaN,0,4390,0,0,0.012541661154,NaN,NaN,0.007292750350,NaN,NaN
1,64,4381.000000000000,NaN,0,4381,0,0,0.012825979240,NaN,NaN,0.007317676026,NaN,NaN
1,63,4242.000000000000,NaN,0,4242,0,0,0.013144045693,NaN,NaN,0.007532056776,NaN,NaN
1,35,4389.000000000000,NaN,0,4389,0,0,0.012600665355,NaN,NaN,0.007301115350,NaN,NaN
1,63,4804.000000000000,NaN,0,4804,0,0,0.011225353009,NaN,NaN,0.006674990469,NaN,NaN
1,55,4554.000000000000,NaN,0,4554,0,0,0.011949478863,NaN,NaN,0.006965487162,NaN,NaN
1,51,4541.000000000000,NaN,0,4541,0,0,0.011921125498,NaN,NaN,0.007064101070,NaN,NaN
1,64,4528.000000000000,NaN,0,4528,0,0,0.011981311017,NaN,NaN,0.007064291492,NaN,NaN
1,62,4357.000000000000,NaN,0,4357,0,0,0.012453343151,NaN,NaN,0.007309345350,NaN,NaN
1,47,4484.000000000000,NaN,0,4484,0,0,0.012163093656,NaN,NaN,0.007172869840,NaN,NaN
1,64,4405.000000000000,NaN,0,4405,0,0,0.012795174986,NaN,NaN,0.007242091974,NaN,NaN
1,63,4341.000000000000,NaN,0,4341,0,0,0.012930986572,NaN,NaN,0.007360234106,NaN,NaN
1,25,4276.000000000000,NaN,0,4276,0,0,0.012981561092,NaN,NaN,0.007506784873,NaN,NaN
1,64,4034.000000000000,NaN,0,4034,0,0,0.014011956186,NaN,NaN,0.007896710051,NaN,NaN
1,64,4694.000000000000,NaN,0,4694,0,0,0.011379680591,NaN,NaN,0.006801630692,NaN,NaN
1,58,4415.000000000000,NaN,0,4415,0,0,0.012655205676,NaN,NaN,0.007287397865,NaN,NaN
1,58,4614.000000000000,NaN,0,4614,0,0,0.011595711219,NaN,NaN,0.006889958844,NaN,NaN
1,64,4736.000000000000,NaN,0,4736,0,0,0.011491330093,NaN,NaN,0.006785732553,NaN,NaN
1,61,4297.000000000000,NaN,0,4297,0,0,0.012841912746,NaN,NaN,0.007393642388,NaN,NaN
1,64,4655.000000000000,NaN,0,4655,0,0,0.011728936895,NaN,NaN,0.006867388562,NaN,NaN
1,37,4587.000000000000,NaN,0,4587,0,0,0.011733546260,NaN,NaN,0.007015189923,NaN,NaN
1,32,4294.000000000000,NaN,0,4294,0,0,0.013074097512,NaN,NaN,0.007445812464,NaN,NaN
1,57,4303.000000000000,NaN,0,4303,0,0,0.013073598419,NaN,NaN,0.007414126731,NaN,NaN
1,64,4425.000000000000,NaN,0,4425,0,0,0.012464906942,NaN,NaN,0.007226395365,NaN,NaN
1,58,4394.000000000000,NaN,0,4394,0,0,0.012554941268,NaN,NaN,0.007272297933,NaN,NaN
1,64,4924.000000000000,NaN,0,4924,0,0,0.010891792597,NaN,NaN,0.006516636819,NaN,NaN
1,14,4642.000000000000,NaN,0,4642,0,0,0.011847543397,NaN,NaN,0.006894592636,NaN,NaN
1,62,4332.000000000000,NaN,0,4332,0,0,0.012863105147,NaN,NaN,0.007334530909,NaN,NaN
1,46,4539.000000000000,NaN,0,4539,0,0,0.012104240461,NaN,NaN,0.007058530001,NaN,NaN
1,64,4627.000000000000,NaN,0,4627,0,0,0.011641626382,NaN,NaN,0.006916468363,NaN,NaN
1,64,4645.000000000000,NaN,0,4645,0,0,0.011548148016,NaN,NaN,0.006870616419,NaN,NaN
1,63,4406.000000000000,NaN,0,4406,0,0,0.012279854330,NaN,NaN,0.007253557949,NaN,NaN
1,64,4664.000000000000,NaN,0,4664,0,0,0.011804915225,NaN,NaN,0.006857033011,NaN,NaN
1,13,4357.000000000000,NaN,0,4357,0,0,0.012542963256,NaN,NaN,0.007357189957,NaN,NaN
1,48,4701.000000000000,NaN,0,4701,0,0,0.011505367504,NaN,NaN,0.006779957352,NaN,NaN
1,54,4769.000000000000,NaN,0,4769,0,0,0.011384648807,NaN,NaN,0.006676645315,NaN,NaN
1,64,4289.000000000000,NaN,0,4289,0,0,0.012854369942,NaN,NaN,0.007476823375,NaN,NaN
1,62,4423.000000000000,NaN,0,4423,0,0,0.012344100913,NaN,NaN,0.007229500081,NaN,NaN
1,64,4609.000000000000,NaN,0,4609,0,0,0.011753033939,NaN,NaN,0.006885959744,NaN,NaN
1,61,4285.000000000000,NaN,0,4285,0,0,0.013047133784,NaN,NaN,0.007507135487,NaN,NaN
1,64,4770.000000000000,NaN,0,4770,0,0,0.011369794881,NaN,NaN,0.006690501814,NaN,NaN
1,64,4310.000000000000,NaN,0,4310,0,0,0.012951789107,NaN,NaN,0.007374451654,NaN,NaN
1,61,4513.000000000000,NaN,0,4513,0,0,0.012268763328,NaN,NaN,0.007108595573,NaN,NaN
1,64,4634.000000000000,NaN,0,4634,0,0,0.011568352462,NaN,NaN,0.006902248677,NaN,NaN
1,55,4532.000000000000,NaN,0,4532,0,0,0.012052264569,NaN,NaN,0.007086870264,NaN,NaN
1,64,4490.000000000000,NaN,0,4490,0,0,0.011920456510,NaN,NaN,0.007100065041,NaN,NaN
1,64,4645.000000000000,NaN,0,4645,0,0,0.011720496781,NaN,NaN,0.006888689063,NaN,NaN
1,63,4624.000000000000,NaN,0,4624,0,0,0.011827353075,NaN,NaN,0.006896909839,NaN,NaN
1,64,4309.000000000000,NaN,0,4309,0,0,0.012571011120,NaN,NaN,0.007337014667,NaN,NaN
1,64,4684.000000000000,NaN,0,4684,0,0,0.011822779525,NaN,NaN,0.006882088018,NaN,NaN
1,64,4550.000000000000,NaN,0,4550,0,0,0.012245721018,NaN,NaN,0.007040846551,NaN,NaN
1,64,4454.000000000000,NaN,0,4454,0,0,0.012411734020,NaN,NaN,0.007154608212,NaN,NaN
1,40,4610.000000000000,NaN,0,4610,0,0,0.011975570066,NaN,NaN,0.006941515432,NaN,NaN
1,0,361.000000000000,NaN,0,361,0,0,0.008282003427,NaN,NaN,0.006334952947,NaN,NaN
STAT END
HIST START
581
   0 0
   1 0
   2 0
   3 0
   4 0
   5 0
   6 0
   7 0
   8 0
   9 0
   10 1
   11 1
   12 0
   13 1
   14 3
   15 2
   16 4
   17 8
   18 17
   19 10
   20 13
   21 12
   22 30
   23 16
   24 31
   25 36
   26 30
   27 20
   28 32
   29 28
   30 35
   31 33
   32 40
   33 61
   34 54
   35 46
   36 64
   37 60
   38 56
   39 57
   40 60
   41 66
   42 59
   43 56
   44 84
   45 71
   46 71
   47 70
   48 92
   49 95
   50 106
   51 113
   52 131
   53 144
   54 114
   55 96
   56 82
   57 106
   58 119
   59 130
   60 145
   61 184
   62 188
   63 193
   64 183
   65 205
   66 240
   67 228
   68 300
   69 240
   70 274
   71 273
   72 287
   73 296
   74 343
   75 332
   76 363
   77 355
   78 398
   79 416
   80 470
   81 475
   82 568
   83 470
   84 513
   85 511
   86 520
   87 615
   88 637
   89 661
   90 669
   91 672
   92 683
   93 725
   94 729
   95 716
   96 659
   97 642
   98 721
   99 646
   100 634
   101 656
   102 682
   103 712
   104 789
   105 779
   106 882
   107 807
   108 818
   109 896
   110 918
   111 887
   112 961
   113 1069
   114 965
   115 1104
   116 1041
   117 1082
   118 1100
   119 1003
   120 1107
   121 1064
   122 1097
   123 1042
   124 1216
   125 1237
   126 1187
   127 1283
   128 1207
   129 1218
   130 1210
   131 1268
   132 1304
   133 1238
   134 1385
   135 1420
   136 1479
   137 1422
   138 1402
   139 1491
   140 1410
   141 1383
   142 1491
   143 1469
   144 1438
   145 1577
   146 1577
   147 1658
   148 1680
   149 1732
   150 1645
   151 1646
   152 1742
   153 1792
   154 1858
   155 1905
   156 1865
   157 1995
   158 2002
   159 1975
   160 2046
   161 1949
   162 2039
   163 2104
   164 2150
   165 2082
   166 2183
   167 2224
   168 2188
   169 2310
   170 2270
   171 2397
   172 2209
   173 2268
   174 2358
   175 2397
   176 2391
   177 2288
   178 2255
   179 2206
   180 2154
   181 2010
   182 2009
   183 1959
   184 1871
   185 1778
   186 1898
   187 1813
   188 1628
   189 1578
   190 1652
   191 1547
   192 1542
   193 1436
   194 1494
   195 1467
   196 1522
   197 1512
   198 1416
   199 1438
   200 1462
   201 1574
   202 1443
   203 1390
   204 1377
   205 1271
   206 1335
   207 1245
   208 1396
   209 1373
   210 1323
   211 1293
   212 1319
   213 1422
   214 1390
   215 1453
   216 1458
   217 1402
   218 1422
   219 1542
   220 1532
   221 1526
   222 1429
   223 1520
   224 1580
   225 1650
   226 1731
   227 1750
   228 1797
   229 1793
   230 1872
   231 1932
   232 2010
   233 2046
   234 1961
   235 2035
   236 2099
   237 2027
   238 2063
   239 2098
   240 2114
   241 2109
   242 2144
   243 2120
   244 2121
   245 2064
   246 2116
   247 2068
   248 2013
   249 2059
   250 2007
   251 1961
   252 1811
   253 1773
   254 1766
   255 1723
   256 1764
   257 1636
   258 1510
   259 1470
   260 1343
   261 1330
   262 1363
   263 1124
   264 1182
   265 1033
   266 953
   267 837
   268 850
   269 770
   270 742
   271 694
   272 639
   273 570
   274 541
   275 510
   276 467
   277 479
   278 398
   279 343
   280 327
   281 321
   282 293
   283 298
   284 287
   285 313
   286 332
   287 280
   288 297
   289 275
   290 301
   291 301
   292 282
   293 254
   294 309
   295 297
   296 316
   297 314
   298 296
   299 285
   300 267
   301 300
   302 343
   303 361
   304 340
   305 321
   306 295
   307 335
   308 344
   309 349
   310 288
   311 300
   312 281
   313 242
   314 249
   315 259
   316 274
   317 279
   318 308
   319 271
   320 271
   321 262
   322 274
   323 254
   324 283
   325 261
   326 278
   327 287
   328 318
   329 242
   330 245
   331 226
   332 234
   333 217
   334 207
   335 211
   336 203
   337 163
   338 175
   339 148
   340 130
   341 146
   342 129
   343 116
   344 133
   345 97
   346 132
   347 125
   348 95
   349 95
   350 102
   351 94
   352 89
   353 77
   354 82
   355 76
   356 60
   357 53
   358 38
   359 60
   360 40
   361 36
   362 41
   363 36
   364 38
   365 43
   366 38
   367 40
   368 33
   369 21
   370 38
   371 25
   372 36
   373 28
   374 27
   375 28
   376 30
   377 29
   378 35
   379 20
   380 15
   381 13
   382 32
   383 18
   384 29
   385 34
   386 14
   387 36
   388 22
   389 21
   390 20
   391 30
   392 27
   393 28
   394 26
   395 23
   396 25
   397 19
   398 16
   399 24
   400 23
   401 26
   402 23
   403 17
   404 22
   405 24
   406 9
   407 14
   408 12
   409 12
   410 19
   411 23
   412 23
   413 13
   414 19
   415 15
   416 10
   417 13
   418 12
   419 11
   420 10
   421 8
   422 11
   423 9
   424 7
   425 11
   426 7
   427 9
   428 9
   429 6
   430 7
   431 9
   432 12
   433 9
   434 15
   435 4
   436 8
   437 9
   438 4
   439 5
   440 5
   441 8
   442 12
   443 7
   444 7
   445 2
   446 5
   447 5
   448 3
   449 2
   450 2
   451 5
   452 9
   453 5
   454 7
   455 4
   456 4
   457 4
   458 1
   459 0
   460 2
   461 3
   462 1
   463 0
   464 0
   465 0
   466 0
   467 0
   468 0
   469 0
   470 3
   471 0
   472 1
   473 1
   474 1
   475 0
   476 3
   477 2
   478 1
   479 2
   480 2
   481 3
   482 0
   483 2
   484 0
   485 0
   486 2
   487 2
   488 1
   489 2
   490 0
   491 3
   492 7
   493 12
   494 5
   495 13
   496 3
   497 4
   498 0
   499 1
   500 7
   501 2
   502 3
   503 3
   504 1
   505 1
   506 2
   507 4
   508 1
   509 4
   510 2
   511 0
   512 0
   513 0
   514 1
   515 0
   516 0
   517 0
   518 0
   519 0
   520 0
   521 2
   522 1
   523 2
   524 3
   525 2
   526 0
   527 1
   528 0
   529 0
   530 0
   531 0
   532 0
   533 0
   534 0
   535 0
   536 0
   537 0
   538 0
   539 0
   540 0
   541 0
   542 0
   543 0
   544 0
   545 0
   546 0
   547 0
   548 0
   549 2
   550 3
   551 2
   552 2
   553 2
   554 2
   555 2
   556 2
   557 0
   558 1
   559 3
   560 0
   561 1
   562 1
   563 1
   564 0
   565 0
   566 0
   567 0
   568 0
   569 0
   570 0
   571 0
   572 0
   573 0
   574 0
   575 0
   576 1
   577 0
   578 0
   579 0
   580 1
HIST END
