STAT START
secs,qlen,thru,msrt,items,nset,nget,nmget,sqt,gqt,mqt,swt,gwt,mwt
1,0,1612.000000000000,0.029776674938,1612,0,1612,0,NaN,0.000491758979,NaN,NaN,0.010772120412,NaN
1,3,1487.000000000000,0.016139878951,1487,0,1487,0,NaN,0.000231163163,NaN,NaN,0.013773480229,NaN
1,0,1485.000000000000,0.000000000000,1485,0,1485,0,NaN,0.000279874517,NaN,NaN,0.013815363605,NaN
1,0,1474.000000000000,0.016282225237,1474,0,1474,0,NaN,0.000136903561,NaN,NaN,0.013912364323,NaN
1,0,1462.000000000000,0.000000000000,1462,0,1462,0,NaN,0.000256529831,NaN,NaN,0.013704371258,NaN
1,0,1461.000000000000,0.000000000000,1461,0,1461,0,NaN,0.000336862910,NaN,NaN,0.013790749508,NaN
1,0,1488.000000000000,0.016129032258,1488,0,1488,0,NaN,0.000309131343,NaN,NaN,0.013708894423,NaN
1,0,1522.000000000000,0.000000000000,1522,0,1522,0,NaN,0.000274791233,NaN,NaN,0.013039583890,NaN
1,0,1483.000000000000,0.000000000000,1483,0,1483,0,NaN,0.000439028190,NaN,NaN,0.013392122954,NaN
1,0,1491.000000000000,0.016767270288,1491,0,1491,0,NaN,0.000297627982,NaN,NaN,0.013421314420,NaN
1,0,1484.000000000000,0.029649595687,1484,0,1484,0,NaN,0.000359161488,NaN,NaN,0.012656641129,NaN
1,0,1509.000000000000,0.013916500994,1509,0,1509,0,NaN,0.000244162615,NaN,NaN,0.013969730751,NaN
1,0,1453.000000000000,0.004129387474,1453,0,1453,0,NaN,0.000417340606,NaN,NaN,0.014169289094,NaN
1,0,1537.000000000000,0.015614834092,1537,0,1537,0,NaN,0.000290758919,NaN,NaN,0.013281893098,NaN
1,5,1475.000000000000,0.013559322034,1475,0,1475,0,NaN,0.000194650220,NaN,NaN,0.013516413644,NaN
1,1,1514.000000000000,0.002642007926,1514,0,1514,0,NaN,0.000273789048,NaN,NaN,0.013321617353,NaN
1,0,1507.000000000000,0.000663570007,1507,0,1507,0,NaN,0.000342579573,NaN,NaN,0.013337279992,NaN
1,0,1533.000000000000,0.020221787345,1533,0,1533,0,NaN,0.000287693520,NaN,NaN,0.013281610152,NaN
1,0,1467.000000000000,0.010906612134,1467,0,1467,0,NaN,0.000206577759,NaN,NaN,0.013998023892,NaN
1,0,1484.000000000000,0.000000000000,1484,0,1484,0,NaN,0.000240391623,NaN,NaN,0.013192618538,NaN
1,0,1476.000000000000,0.000000000000,1476,0,1476,0,NaN,0.000313352999,NaN,NaN,0.014169225688,NaN
1,0,1490.000000000000,0.016107382550,1490,0,1490,0,NaN,0.000289430448,NaN,NaN,0.013666468179,NaN
1,0,1519.000000000000,0.006583278473,1519,0,1519,0,NaN,0.000289381655,NaN,NaN,0.013338123467,NaN
1,0,1461.000000000000,0.009582477755,1461,0,1461,0,NaN,0.000292196627,NaN,NaN,0.014069800822,NaN
1,0,1469.000000000000,0.010211027910,1469,0,1469,0,NaN,0.000342241774,NaN,NaN,0.013569344631,NaN
1,0,1494.000000000000,0.011378848728,1494,0,1494,0,NaN,0.000311511628,NaN,NaN,0.013196078838,NaN
1,2,1475.000000000000,0.027118644068,1475,0,1475,0,NaN,0.000295217614,NaN,NaN,0.013307421132,NaN
1,0,1516.000000000000,0.005277044855,1516,0,1516,0,NaN,0.000315859077,NaN,NaN,0.013828495134,NaN
1,0,1476.000000000000,0.010840108401,1476,0,1476,0,NaN,0.000257354916,NaN,NaN,0.013324654306,NaN
1,0,1495.000000000000,0.000000000000,1495,0,1495,0,NaN,0.000317180912,NaN,NaN,0.013616950957,NaN
1,0,1529.000000000000,0.020274689339,1529,0,1529,0,NaN,0.000227776890,NaN,NaN,0.013245197112,NaN
1,0,1493.000000000000,0.016075016745,1493,0,1493,0,NaN,0.000215704156,NaN,NaN,0.013476810772,NaN
1,0,1520.000000000000,0.031578947368,1520,0,1520,0,NaN,0.000282044156,NaN,NaN,0.013127337872,NaN
1,0,1479.000000000000,0.011494252874,1479,0,1479,0,NaN,0.000316881663,NaN,NaN,0.013780589442,NaN
1,0,1480.000000000000,0.002027027027,1480,0,1480,0,NaN,0.000345804997,NaN,NaN,0.013595754645,NaN
1,0,1468.000000000000,0.012942779292,1468,0,1468,0,NaN,0.000253739475,NaN,NaN,0.013695090975,NaN
1,0,1465.000000000000,0.001365187713,1465,0,1465,0,NaN,0.000312524306,NaN,NaN,0.013925217690,NaN
1,0,1487.000000000000,0.000000000000,1487,0,1487,0,NaN,0.000312940445,NaN,NaN,0.014074882748,NaN
1,0,1463.000000000000,0.000000000000,1463,0,1463,0,NaN,0.000338343511,NaN,NaN,0.013779605638,NaN
1,1,1449.000000000000,0.003450655625,1449,0,1449,0,NaN,0.000256222937,NaN,NaN,0.013774154753,NaN
1,0,1542.000000000000,0.039559014267,1542,0,1542,0,NaN,0.000208049204,NaN,NaN,0.013328720819,NaN
1,0,1482.000000000000,0.018893387314,1482,0,1482,0,NaN,0.000225177622,NaN,NaN,0.014020540999,NaN
1,0,1431.000000000000,0.001397624039,1431,0,1431,0,NaN,0.000408680405,NaN,NaN,0.013839074064,NaN
1,0,1488.000000000000,0.000000000000,1488,0,1488,0,NaN,0.000298752147,NaN,NaN,0.013579201987,NaN
1,0,1474.000000000000,0.000000000000,1474,0,1474,0,NaN,0.000359505053,NaN,NaN,0.013871468252,NaN
1,0,1442.000000000000,0.000000000000,1442,0,1442,0,NaN,0.000283931193,NaN,NaN,0.014048119712,NaN
1,0,1479.000000000000,0.000000000000,1479,0,1479,0,NaN,0.000287352839,NaN,NaN,0.013490664722,NaN
1,2,1505.000000000000,0.002657807309,1505,0,1505,0,NaN,0.000254630800,NaN,NaN,0.013330836590,NaN
1,7,1477.000000000000,0.011509817197,1477,0,1477,0,NaN,0.000191775179,NaN,NaN,0.013659061537,NaN
1,0,1481.000000000000,0.002025658339,1481,0,1481,0,NaN,0.000315125670,NaN,NaN,0.013466664966,NaN
1,1,1506.000000000000,0.010624169987,1506,0,1506,0,NaN,0.000204257497,NaN,NaN,0.013687008006,NaN
1,0,1524.000000000000,0.024934383202,1524,0,1524,0,NaN,0.000221748037,NaN,NaN,0.012547765131,NaN
1,0,1523.000000000000,0.021011162180,1523,0,1523,0,NaN,0.000247609352,NaN,NaN,0.013252811645,NaN
1,12,1481.000000000000,0.006752194463,1481,0,1481,0,NaN,0.000436435243,NaN,NaN,0.012902747438,NaN
1,0,1454.000000000000,0.000000000000,1454,0,1454,0,NaN,0.000316620660,NaN,NaN,0.013932350280,NaN
1,0,1471.000000000000,0.003399048266,1471,0,1471,0,NaN,0.000313096827,NaN,NaN,0.013598718037,NaN
1,0,1549.000000000000,0.031633311814,1549,0,1549,0,NaN,0.000290000830,NaN,NaN,0.013112550595,NaN
1,0,1536.000000000000,0.035156250000,1536,0,1536,0,NaN,0.000354215695,NaN,NaN,0.012746051444,NaN
1,0,1547.000000000000,0.007756948933,1547,0,1547,0,NaN,0.000229564484,NaN,NaN,0.012786268545,NaN
1,0,1437.000000000000,0.000000000000,1437,0,1437,0,NaN,0.000464478381,NaN,NaN,0.013365110741,NaN
1,0,1465.000000000000,0.010238907850,1465,0,1465,0,NaN,0.000236269646,NaN,NaN,0.014032446831,NaN
1,0,1497.000000000000,0.018704074816,1497,0,1497,0,NaN,0.000307329126,NaN,NaN,0.013668882925,NaN
1,0,1516.000000000000,0.003298153034,1516,0,1516,0,NaN,0.000272750337,NaN,NaN,0.013276832959,NaN
1,0,1458.000000000000,0.000000000000,1458,0,1458,0,NaN,0.000244219364,NaN,NaN,0.013832677621,NaN
1,0,1497.000000000000,0.005344021376,1497,0,1497,0,NaN,0.000248714026,NaN,NaN,0.013812917133,NaN
1,0,1499.000000000000,0.018012008005,1499,0,1499,0,NaN,0.000348314423,NaN,NaN,0.012902360227,NaN
1,0,1497.000000000000,0.018036072144,1497,0,1497,0,NaN,0.000495299953,NaN,NaN,0.012475185672,NaN
1,16,1488.000000000000,0.012096774194,1488,0,1488,0,NaN,0.000282714900,NaN,NaN,0.013436088440,NaN
1,0,1497.000000000000,0.009352037408,1497,0,1497,0,NaN,0.000314287457,NaN,NaN,0.013223757582,NaN
1,0,1482.000000000000,0.001349527665,1482,0,1482,0,NaN,0.000257685493,NaN,NaN,0.013241902049,NaN
1,0,22.000000000000,0.000000000000,22,0,22,0,NaN,0.000119024273,NaN,NaN,0.014426879545,NaN
STAT END
HIST START
1257
   0 0
   1 0
   2 0
   3 0
   4 1
   5 18
   6 71
   7 138
   8 136
   9 144
   10 155
   11 159
   12 173
   13 134
   14 120
   15 133
   16 115
   17 126
   18 125
   19 98
   20 64
   21 56
   22 66
   23 78
   24 69
   25 44
   26 52
   27 61
   28 39
   29 30
   30 24
   31 32
   32 34
   33 34
   34 37
   35 40
   36 38
   37 40
   38 48
   39 48
   40 31
   41 38
   42 36
   43 33
   44 31
   45 27
   46 28
   47 27
   48 41
   49 32
   50 48
   51 30
   52 26
   53 25
   54 26
   55 30
   56 29
   57 26
   58 23
   59 16
   60 24
   61 34
   62 37
   63 54
   64 31
   65 44
   66 42
   67 59
   68 69
   69 74
   70 66
   71 77
   72 65
   73 84
   74 101
   75 125
   76 145
   77 147
   78 189
   79 186
   80 268
   81 290
   82 376
   83 447
   84 474
   85 615
   86 781
   87 907
   88 1089
   89 1219
   90 1351
   91 1522
   92 1654
   93 1803
   94 1828
   95 1841
   96 1942
   97 1747
   98 1680
   99 1578
   100 1501
   101 1376
   102 1259
   103 1091
   104 1074
   105 1023
   106 1051
   107 929
   108 942
   109 1011
   110 982
   111 897
   112 798
   113 832
   114 783
   115 687
   116 634
   117 601
   118 531
   119 490
   120 507
   121 465
   122 464
   123 422
   124 364
   125 373
   126 370
   127 356
   128 358
   129 359
   130 359
   131 373
   132 320
   133 338
   134 362
   135 377
   136 387
   137 454
   138 527
   139 581
   140 675
   141 734
   142 895
   143 902
   144 874
   145 836
   146 762
   147 656
   148 553
   149 466
   150 361
   151 333
   152 325
   153 321
   154 334
   155 410
   156 404
   157 496
   158 525
   159 564
   160 634
   161 693
   162 763
   163 820
   164 841
   165 921
   166 1049
   167 1039
   168 1058
   169 1159
   170 1197
   171 1166
   172 1296
   173 1412
   174 1325
   175 1399
   176 1408
   177 1430
   178 1362
   179 1366
   180 1276
   181 1111
   182 1114
   183 1091
   184 941
   185 804
   186 772
   187 658
   188 620
   189 507
   190 431
   191 365
   192 307
   193 248
   194 213
   195 158
   196 135
   197 103
   198 73
   199 58
   200 47
   201 41
   202 49
   203 24
   204 19
   205 29
   206 29
   207 26
   208 20
   209 24
   210 17
   211 17
   212 13
   213 17
   214 12
   215 15
   216 13
   217 19
   218 12
   219 10
   220 11
   221 9
   222 23
   223 9
   224 20
   225 21
   226 31
   227 22
   228 26
   229 30
   230 41
   231 42
   232 41
   233 38
   234 33
   235 43
   236 25
   237 36
   238 21
   239 36
   240 28
   241 31
   242 40
   243 34
   244 34
   245 25
   246 24
   247 23
   248 23
   249 27
   250 35
   251 28
   252 28
   253 32
   254 39
   255 27
   256 41
   257 35
   258 36
   259 36
   260 36
   261 48
   262 45
   263 60
   264 69
   265 74
   266 72
   267 72
   268 60
   269 47
   270 53
   271 55
   272 49
   273 53
   274 55
   275 53
   276 62
   277 60
   278 64
   279 40
   280 47
   281 52
   282 45
   283 45
   284 32
   285 44
   286 36
   287 35
   288 36
   289 32
   290 24
   291 29
   292 36
   293 30
   294 27
   295 32
   296 23
   297 16
   298 16
   299 14
   300 12
   301 9
   302 17
   303 7
   304 3
   305 3
   306 2
   307 1
   308 0
   309 2
   310 0
   311 0
   312 0
   313 2
   314 0
   315 2
   316 2
   317 4
   318 2
   319 2
   320 7
   321 2
   322 5
   323 10
   324 11
   325 5
   326 3
   327 7
   328 7
   329 15
   330 8
   331 10
   332 10
   333 6
   334 9
   335 8
   336 10
   337 10
   338 7
   339 9
   340 11
   341 14
   342 17
   343 17
   344 6
   345 10
   346 14
   347 14
   348 16
   349 13
   350 10
   351 13
   352 11
   353 12
   354 11
   355 10
   356 15
   357 5
   358 14
   359 11
   360 3
   361 9
   362 5
   363 9
   364 7
   365 5
   366 5
   367 3
   368 4
   369 2
   370 2
   371 0
   372 0
   373 3
   374 2
   375 3
   376 1
   377 0
   378 2
   379 4
   380 2
   381 2
   382 0
   383 1
   384 0
   385 2
   386 1
   387 1
   388 3
   389 8
   390 2
   391 6
   392 1
   393 1
   394 2
   395 6
   396 2
   397 0
   398 0
   399 0
   400 2
   401 3
   402 3
   403 3
   404 1
   405 0
   406 1
   407 3
   408 1
   409 2
   410 1
   411 3
   412 1
   413 6
   414 4
   415 1
   416 1
   417 3
   418 6
   419 3
   420 2
   421 2
   422 5
   423 4
   424 3
   425 7
   426 3
   427 4
   428 3
   429 2
   430 2
   431 4
   432 7
   433 5
   434 5
   435 7
   436 10
   437 9
   438 3
   439 4
   440 6
   441 4
   442 6
   443 3
   444 5
   445 7
   446 7
   447 8
   448 9
   449 9
   450 14
   451 12
   452 15
   453 16
   454 13
   455 10
   456 9
   457 8
   458 11
   459 12
   460 6
   461 5
   462 4
   463 3
   464 8
   465 3
   466 0
   467 0
   468 1
   469 2
   470 4
   471 4
   472 2
   473 1
   474 1
   475 5
   476 5
   477 2
   478 2
   479 1
   480 0
   481 0
   482 0
   483 1
   484 3
   485 0
   486 0
   487 2
   488 0
   489 0
   490 0
   491 0
   492 0
   493 0
   494 0
   495 0
   496 1
   497 2
   498 0
   499 1
   500 0
   501 0
   502 0
   503 0
   504 1
   505 2
   506 0
   507 0
   508 2
   509 0
   510 1
   511 1
   512 2
   513 1
   514 0
   515 0
   516 2
   517 1
   518 0
   519 0
   520 0
   521 0
   522 1
   523 1
   524 1
   525 0
   526 1
   527 0
   528 0
   529 2
   530 0
   531 0
   532 0
   533 1
   534 2
   535 1
   536 0
   537 0
   538 0
   539 0
   540 0
   541 1
   542 0
   543 0
   544 1
   545 1
   546 0
   547 0
   548 2
   549 2
   550 4
   551 0
   552 0
   553 2
   554 2
   555 1
   556 1
   557 2
   558 6
   559 1
   560 0
   561 0
   562 1
   563 1
   564 1
   565 1
   566 0
   567 1
   568 0
   569 0
   570 1
   571 0
   572 1
   573 0
   574 0
   575 0
   576 2
   577 0
   578 1
   579 0
   580 0
   581 0
   582 1
   583 3
   584 1
   585 2
   586 0
   587 3
   588 2
   589 1
   590 1
   591 0
   592 1
   593 0
   594 0
   595 1
   596 1
   597 3
   598 0
   599 0
   600 1
   601 3
   602 3
   603 1
   604 4
   605 4
   606 7
   607 1
   608 2
   609 0
   610 1
   611 2
   612 2
   613 2
   614 2
   615 1
   616 3
   617 1
   618 1
   619 2
   620 0
   621 2
   622 2
   623 2
   624 0
   625 0
   626 0
   627 1
   628 0
   629 0
   630 0
   631 1
   632 1
   633 0
   634 0
   635 0
   636 3
   637 1
   638 0
   639 0
   640 0
   641 0
   642 2
   643 0
   644 0
   645 2
   646 0
   647 0
   648 0
   649 1
   650 0
   651 1
   652 2
   653 0
   654 0
   655 0
   656 0
   657 0
   658 0
   659 0
   660 0
   661 0
   662 0
   663 0
   664 0
   665 0
   666 0
   667 0
   668 0
   669 0
   670 0
   671 0
   672 0
   673 0
   674 0
   675 0
   676 0
   677 0
   678 0
   679 0
   680 0
   681 0
   682 0
   683 0
   684 0
   685 0
   686 0
   687 1
   688 0
   689 0
   690 0
   691 0
   692 0
   693 0
   694 0
   695 0
   696 0
   697 0
   698 1
   699 1
   700 0
   701 0
   702 0
   703 0
   704 0
   705 1
   706 0
   707 0
   708 0
   709 2
   710 0
   711 0
   712 1
   713 0
   714 1
   715 0
   716 0
   717 0
   718 1
   719 0
   720 0
   721 0
   722 0
   723 0
   724 0
   725 0
   726 0
   727 0
   728 0
   729 0
   730 0
   731 0
   732 0
   733 0
   734 0
   735 0
   736 1
   737 0
   738 0
   739 0
   740 0
   741 0
   742 1
   743 0
   744 0
   745 1
   746 0
   747 0
   748 0
   749 0
   750 0
   751 0
   752 0
   753 0
   754 0
   755 0
   756 0
   757 0
   758 0
   759 0
   760 0
   761 0
   762 0
   763 0
   764 0
   765 0
   766 0
   767 0
   768 0
   769 0
   770 0
   771 0
   772 0
   773 0
   774 0
   775 0
   776 1
   777 1
   778 0
   779 1
   780 0
   781 0
   782 0
   783 0
   784 0
   785 0
   786 0
   787 0
   788 1
   789 0
   790 1
   791 1
   792 0
   793 0
   794 1
   795 0
   796 0
   797 0
   798 0
   799 0
   800 1
   801 0
   802 0
   803 1
   804 0
   805 0
   806 0
   807 0
   808 0
   809 1
   810 1
   811 0
   812 0
   813 0
   814 0
   815 0
   816 0
   817 0
   818 0
   819 0
   820 0
   821 1
   822 0
   823 0
   824 0
   825 0
   826 0
   827 0
   828 0
   829 0
   830 0
   831 0
   832 0
   833 0
   834 0
   835 0
   836 0
   837 0
   838 0
   839 0
   840 0
   841 0
   842 0
   843 0
   844 0
   845 0
   846 0
   847 0
   848 0
   849 0
   850 0
   851 0
   852 0
   853 1
   854 1
   855 0
   856 0
   857 0
   858 0
   859 0
   860 0
   861 0
   862 0
   863 0
   864 0
   865 0
   866 0
   867 0
   868 0
   869 0
   870 1
   871 1
   872 0
   873 0
   874 0
   875 0
   876 1
   877 0
   878 0
   879 0
   880 0
   881 0
   882 0
   883 0
   884 0
   885 0
   886 0
   887 0
   888 0
   889 1
   890 0
   891 0
   892 0
   893 0
   894 0
   895 0
   896 0
   897 0
   898 1
   899 0
   900 0
   901 0
   902 1
   903 0
   904 0
   905 0
   906 0
   907 0
   908 0
   909 0
   910 0
   911 0
   912 0
   913 0
   914 0
   915 1
   916 0
   917 1
   918 0
   919 0
   920 1
   921 0
   922 0
   923 1
   924 1
   925 0
   926 0
   927 0
   928 0
   929 0
   930 0
   931 0
   932 0
   933 0
   934 0
   935 0
   936 0
   937 0
   938 0
   939 0
   940 0
   941 0
   942 0
   943 0
   944 0
   945 0
   946 0
   947 0
   948 0
   949 0
   950 0
   951 0
   952 0
   953 0
   954 0
   955 0
   956 0
   957 0
   958 0
   959 0
   960 0
   961 0
   962 0
   963 0
   964 0
   965 0
   966 0
   967 0
   968 0
   969 0
   970 0
   971 0
   972 0
   973 0
   974 0
   975 1
   976 0
   977 0
   978 0
   979 0
   980 0
   981 0
   982 0
   983 0
   984 0
   985 0
   986 0
   987 0
   988 0
   989 0
   990 0
   991 0
   992 0
   993 0
   994 0
   995 0
   996 0
   997 0
   998 0
   999 0
   1000 0
   1001 0
   1002 0
   1003 0
   1004 0
   1005 0
   1006 0
   1007 0
   1008 0
   1009 0
   1010 0
   1011 0
   1012 0
   1013 0
   1014 0
   1015 0
   1016 0
   1017 0
   1018 0
   1019 0
   1020 0
   1021 0
   1022 0
   1023 0
   1024 0
   1025 0
   1026 0
   1027 0
   1028 0
   1029 0
   1030 0
   1031 0
   1032 0
   1033 0
   1034 0
   1035 0
   1036 0
   1037 0
   1038 0
   1039 0
   1040 0
   1041 0
   1042 0
   1043 0
   1044 0
   1045 0
   1046 0
   1047 0
   1048 0
   1049 0
   1050 0
   1051 0
   1052 0
   1053 0
   1054 0
   1055 0
   1056 0
   1057 0
   1058 0
   1059 0
   1060 0
   1061 0
   1062 0
   1063 0
   1064 0
   1065 0
   1066 0
   1067 0
   1068 0
   1069 0
   1070 0
   1071 0
   1072 0
   1073 0
   1074 1
   1075 0
   1076 1
   1077 0
   1078 0
   1079 0
   1080 0
   1081 0
   1082 0
   1083 0
   1084 0
   1085 0
   1086 0
   1087 0
   1088 0
   1089 0
   1090 0
   1091 0
   1092 0
   1093 0
   1094 0
   1095 1
   1096 0
   1097 0
   1098 0
   1099 0
   1100 0
   1101 0
   1102 0
   1103 0
   1104 0
   1105 0
   1106 0
   1107 0
   1108 0
   1109 0
   1110 0
   1111 0
   1112 0
   1113 0
   1114 0
   1115 0
   1116 0
   1117 0
   1118 0
   1119 0
   1120 0
   1121 0
   1122 0
   1123 0
   1124 0
   1125 0
   1126 0
   1127 0
   1128 0
   1129 0
   1130 0
   1131 0
   1132 0
   1133 0
   1134 0
   1135 0
   1136 0
   1137 0
   1138 0
   1139 0
   1140 0
   1141 0
   1142 0
   1143 0
   1144 0
   1145 0
   1146 0
   1147 0
   1148 0
   1149 0
   1150 0
   1151 0
   1152 0
   1153 0
   1154 0
   1155 0
   1156 0
   1157 0
   1158 0
   1159 0
   1160 0
   1161 0
   1162 0
   1163 0
   1164 0
   1165 0
   1166 0
   1167 0
   1168 0
   1169 0
   1170 0
   1171 0
   1172 0
   1173 0
   1174 0
   1175 0
   1176 0
   1177 0
   1178 0
   1179 0
   1180 0
   1181 0
   1182 0
   1183 0
   1184 0
   1185 0
   1186 0
   1187 0
   1188 0
   1189 0
   1190 0
   1191 0
   1192 0
   1193 0
   1194 0
   1195 0
   1196 0
   1197 0
   1198 0
   1199 0
   1200 0
   1201 0
   1202 0
   1203 0
   1204 0
   1205 0
   1206 0
   1207 0
   1208 0
   1209 0
   1210 0
   1211 0
   1212 0
   1213 0
   1214 0
   1215 0
   1216 0
   1217 0
   1218 0
   1219 0
   1220 0
   1221 0
   1222 0
   1223 0
   1224 0
   1225 0
   1226 0
   1227 0
   1228 0
   1229 0
   1230 0
   1231 0
   1232 0
   1233 0
   1234 0
   1235 0
   1236 0
   1237 0
   1238 0
   1239 0
   1240 0
   1241 0
   1242 0
   1243 0
   1244 0
   1245 0
   1246 0
   1247 0
   1248 0
   1249 0
   1250 0
   1251 0
   1252 0
   1253 0
   1254 0
   1255 0
   1256 1
HIST END
