STAT START
secs,qlen,thru,msrt,items,nset,nget,nmget,sqt,gqt,mqt,swt,gwt,mwt
1,74,3100.000000000000,NaN,0,3100,0,0,0.020059572098,NaN,NaN,0.018869395143,NaN,NaN
1,79,3838.000000000000,NaN,0,3838,0,0,0.018330438351,NaN,NaN,0.016608587118,NaN,NaN
1,79,3826.000000000000,NaN,0,3826,0,0,0.018548554586,NaN,NaN,0.016749879971,NaN,NaN
1,76,3921.000000000000,NaN,0,3921,0,0,0.018129413854,NaN,NaN,0.016371703403,NaN,NaN
1,79,3806.000000000000,NaN,0,3806,0,0,0.018393599939,NaN,NaN,0.016674407942,NaN,NaN
1,75,3938.000000000000,NaN,0,3938,0,0,0.018046093210,NaN,NaN,0.016288627496,NaN,NaN
1,78,3946.000000000000,NaN,0,3946,0,0,0.017837017677,NaN,NaN,0.016141418406,NaN,NaN
1,70,3962.000000000000,NaN,0,3962,0,0,0.017870514013,NaN,NaN,0.016236590958,NaN,NaN
1,45,4019.000000000000,NaN,0,4019,0,0,0.017654659141,NaN,NaN,0.015864476232,NaN,NaN
1,69,4033.000000000000,NaN,0,4033,0,0,0.016829671976,NaN,NaN,0.015877932212,NaN,NaN
1,79,3996.000000000000,NaN,0,3996,0,0,0.018034514406,NaN,NaN,0.016014031075,NaN,NaN
1,76,4017.000000000000,NaN,0,4017,0,0,0.017818490195,NaN,NaN,0.015954706179,NaN,NaN
1,80,3844.000000000000,NaN,0,3844,0,0,0.018180502314,NaN,NaN,0.016619208316,NaN,NaN
1,59,3973.000000000000,NaN,0,3973,0,0,0.017803761076,NaN,NaN,0.016013774693,NaN,NaN
1,61,4033.000000000000,NaN,0,4033,0,0,0.017743489865,NaN,NaN,0.015937130495,NaN,NaN
1,69,4004.000000000000,NaN,0,4004,0,0,0.017533183140,NaN,NaN,0.015972083521,NaN,NaN
1,80,4014.000000000000,NaN,0,4014,0,0,0.017578523289,NaN,NaN,0.015898560009,NaN,NaN
1,72,3777.000000000000,NaN,0,3777,0,0,0.019047681597,NaN,NaN,0.016770201165,NaN,NaN
1,74,3911.000000000000,NaN,0,3911,0,0,0.018827601522,NaN,NaN,0.016570941148,NaN,NaN
1,71,4076.000000000000,NaN,0,4076,0,0,0.017454983744,NaN,NaN,0.015581633668,NaN,NaN
1,80,4089.000000000000,NaN,0,4089,0,0,0.017256186329,NaN,NaN,0.015667376376,NaN,NaN
1,80,4163.000000000000,NaN,0,4163,0,0,0.016731012576,NaN,NaN,0.015473985922,NaN,NaN
1,68,4119.000000000000,NaN,0,4119,0,0,0.016675060375,NaN,NaN,0.015438946478,NaN,NaN
1,75,4054.000000000000,NaN,0,4054,0,0,0.017555163010,NaN,NaN,0.015835359706,NaN,NaN
1,80,3924.000000000000,NaN,0,3924,0,0,0.018099487355,NaN,NaN,0.016216995539,NaN,NaN
1,79,3982.000000000000,NaN,0,3982,0,0,0.017883034499,NaN,NaN,0.016125974230,NaN,NaN
1,49,4001.000000000000,NaN,0,4001,0,0,0.017690558639,NaN,NaN,0.015936153440,NaN,NaN
1,75,4071.000000000000,NaN,0,4071,0,0,0.017308943322,NaN,NaN,0.015646243800,NaN,NaN
1,80,3831.000000000000,NaN,0,3831,0,0,0.018919880591,NaN,NaN,0.016829103341,NaN,NaN
1,80,3978.000000000000,NaN,0,3978,0,0,0.017886623790,NaN,NaN,0.016031545457,NaN,NaN
1,52,4059.000000000000,NaN,0,4059,0,0,0.017572948676,NaN,NaN,0.015807466433,NaN,NaN
1,80,3885.000000000000,NaN,0,3885,0,0,0.018320153101,NaN,NaN,0.016394543354,NaN,NaN
1,76,3934.000000000000,NaN,0,3934,0,0,0.018047763233,NaN,NaN,0.016337449951,NaN,NaN
1,79,3791.000000000000,NaN,0,3791,0,0,0.018782336551,NaN,NaN,0.016693283839,NaN,NaN
1,80,3888.000000000000,NaN,0,3888,0,0,0.018501130076,NaN,NaN,0.016562443267,NaN,NaN
1,71,4048.000000000000,NaN,0,4048,0,0,0.017598667618,NaN,NaN,0.015861855008,NaN,NaN
1,76,3979.000000000000,NaN,0,3979,0,0,0.017944313226,NaN,NaN,0.016065745179,NaN,NaN
1,80,3879.000000000000,NaN,0,3879,0,0,0.018233847040,NaN,NaN,0.016460795648,NaN,NaN
1,80,3894.000000000000,NaN,0,3894,0,0,0.018316729386,NaN,NaN,0.016452111930,NaN,NaN
1,71,4016.000000000000,NaN,0,4016,0,0,0.017380539887,NaN,NaN,0.015937195712,NaN,NaN
1,80,3968.000000000000,NaN,0,3968,0,0,0.018153222598,NaN,NaN,0.016090922769,NaN,NaN
1,80,4123.000000000000,NaN,0,4123,0,0,0.017235582750,NaN,NaN,0.015464204154,NaN,NaN
1,80,4083.000000000000,NaN,0,4083,0,0,0.017607439747,NaN,NaN,0.015764196434,NaN,NaN
1,80,4068.000000000000,NaN,0,4068,0,0,0.017267614079,NaN,NaN,0.015677765576,NaN,NaN
1,45,4069.000000000000,NaN,0,4069,0,0,0.017227270271,NaN,NaN,0.015699449426,NaN,NaN
1,80,3946.000000000000,NaN,0,3946,0,0,0.018349625961,NaN,NaN,0.016185640177,NaN,NaN
1,79,3925.000000000000,NaN,0,3925,0,0,0.018371383925,NaN,NaN,0.016373049426,NaN,NaN
1,78,3996.000000000000,NaN,0,3996,0,0,0.018094294613,NaN,NaN,0.015968332294,NaN,NaN
1,79,4003.000000000000,NaN,0,4003,0,0,0.017763307782,NaN,NaN,0.015962002250,NaN,NaN
1,80,3797.000000000000,NaN,0,3797,0,0,0.019184724045,NaN,NaN,0.016910523231,NaN,NaN
1,80,4061.000000000000,NaN,0,4061,0,0,0.017524925452,NaN,NaN,0.015698558611,NaN,NaN
1,70,4004.000000000000,NaN,0,4004,0,0,0.017947330871,NaN,NaN,0.015959699298,NaN,NaN
1,77,4124.000000000000,NaN,0,4124,0,0,0.017489244487,NaN,NaN,0.015499958597,NaN,NaN
1,72,3671.000000000000,NaN,0,3671,0,0,0.019469815348,NaN,NaN,0.017396300124,NaN,NaN
1,80,3997.000000000000,NaN,0,3997,0,0,0.017781542626,NaN,NaN,0.016033618931,NaN,NaN
1,74,3809.000000000000,NaN,0,3809,0,0,0.018255292464,NaN,NaN,0.016727106369,NaN,NaN
1,68,3840.000000000000,NaN,0,3840,0,0,0.018607106887,NaN,NaN,0.016733395934,NaN,NaN
1,80,4032.000000000000,NaN,0,4032,0,0,0.017716692439,NaN,NaN,0.015911236262,NaN,NaN
1,80,3990.000000000000,NaN,0,3990,0,0,0.017941846564,NaN,NaN,0.016022365984,NaN,NaN
1,77,3920.000000000000,NaN,0,3920,0,0,0.018338093799,NaN,NaN,0.016217062231,NaN,NaN
1,80,3989.000000000000,NaN,0,3989,0,0,0.018094432916,NaN,NaN,0.016084427370,NaN,NaN
1,67,3995.000000000000,NaN,0,3995,0,0,0.017757157730,NaN,NaN,0.015995328785,NaN,NaN
1,80,4012.000000000000,NaN,0,4012,0,0,0.017778756408,NaN,NaN,0.015955283392,NaN,NaN
1,80,4023.000000000000,NaN,0,4023,0,0,0.017740207262,NaN,NaN,0.015918800592,NaN,NaN
1,80,3903.000000000000,NaN,0,3903,0,0,0.017824080036,NaN,NaN,0.016319139946,NaN,NaN
1,36,4074.000000000000,NaN,0,4074,0,0,0.017809038318,NaN,NaN,0.015810033800,NaN,NaN
1,80,4001.000000000000,NaN,0,4001,0,0,0.017684861457,NaN,NaN,0.015937054435,NaN,NaN
1,73,3907.000000000000,NaN,0,3907,0,0,0.018311714386,NaN,NaN,0.016342485962,NaN,NaN
1,61,3854.000000000000,NaN,0,3854,0,0,0.018726440223,NaN,NaN,0.016603273629,NaN,NaN
1,17,3951.000000000000,NaN,0,3951,0,0,0.018046586482,NaN,NaN,0.016183564294,NaN,NaN
1,0,106.000000000000,NaN,0,106,0,0,0.013615058491,NaN,NaN,0.009630753774,NaN,NaN
STAT END
HIST START
1716
   0 0
   1 0
   2 0
   3 0
   4 0
   5 0
   6 0
   7 0
   8 0
   9 0
   10 0
   11 0
   12 0
   13 0
   14 0
   15 0
   16 0
   17 0
   18 0
   19 0
   20 0
   21 0
   22 0
   23 0
   24 0
   25 0
   26 0
   27 0
   28 0
   29 0
   30 0
   31 0
   32 0
   33 0
   34 0
   35 0
   36 0
   37 0
   38 0
   39 0
   40 0
   41 0
   42 0
   43 0
   44 0
   45 1
   46 0
   47 0
   48 0
   49 0
   50 0
   51 0
   52 0
   53 0
   54 0
   55 2
   56 0
   57 0
   58 1
   59 0
   60 0
   61 0
   62 0
   63 1
   64 1
   65 2
   66 1
   67 2
   68 0
   69 1
   70 1
   71 2
   72 2
   73 3
   74 0
   75 0
   76 2
   77 1
   78 1
   79 1
   80 0
   81 1
   82 1
   83 2
   84 1
   85 2
   86 2
   87 3
   88 4
   89 0
   90 2
   91 1
   92 0
   93 1
   94 4
   95 2
   96 3
   97 2
   98 1
   99 4
   100 3
   101 3
   102 6
   103 1
   104 1
   105 1
   106 3
   107 3
   108 9
   109 8
   110 4
   111 4
   112 5
   113 4
   114 11
   115 5
   116 2
   117 5
   118 2
   119 7
   120 8
   121 3
   122 12
   123 9
   124 4
   125 6
   126 8
   127 16
   128 7
   129 15
   130 4
   131 12
   132 10
   133 18
   134 8
   135 14
   136 26
   137 13
   138 14
   139 15
   140 9
   141 8
   142 11
   143 10
   144 13
   145 16
   146 15
   147 19
   148 30
   149 13
   150 24
   151 24
   152 25
   153 33
   154 14
   155 26
   156 24
   157 34
   158 29
   159 20
   160 31
   161 29
   162 41
   163 27
   164 35
   165 40
   166 31
   167 39
   168 43
   169 36
   170 46
   171 47
   172 54
   173 62
   174 66
   175 49
   176 52
   177 62
   178 74
   179 57
   180 73
   181 62
   182 86
   183 80
   184 97
   185 63
   186 94
   187 104
   188 106
   189 104
   190 118
   191 84
   192 123
   193 123
   194 107
   195 122
   196 138
   197 151
   198 160
   199 159
   200 148
   201 178
   202 206
   203 183
   204 191
   205 199
   206 208
   207 233
   208 223
   209 258
   210 245
   211 269
   212 281
   213 284
   214 295
   215 289
   216 303
   217 382
   218 385
   219 339
   220 354
   221 377
   222 367
   223 383
   224 445
   225 407
   226 416
   227 427
   228 425
   229 455
   230 491
   231 484
   232 506
   233 522
   234 510
   235 495
   236 525
   237 538
   238 565
   239 558
   240 606
   241 526
   242 563
   243 626
   244 628
   245 626
   246 606
   247 710
   248 668
   249 716
   250 679
   251 713
   252 685
   253 712
   254 739
   255 732
   256 781
   257 777
   258 777
   259 759
   260 760
   261 804
   262 909
   263 808
   264 863
   265 862
   266 909
   267 959
   268 948
   269 953
   270 1018
   271 1025
   272 1053
   273 1089
   274 1075
   275 1126
   276 1138
   277 1192
   278 1182
   279 1223
   280 1199
   281 1247
   282 1207
   283 1297
   284 1350
   285 1415
   286 1419
   287 1328
   288 1435
   289 1419
   290 1488
   291 1517
   292 1558
   293 1510
   294 1569
   295 1580
   296 1656
   297 1613
   298 1600
   299 1681
   300 1648
   301 1727
   302 1759
   303 1778
   304 1762
   305 1745
   306 1873
   307 1920
   308 1854
   309 1727
   310 1825
   311 1885
   312 1883
   313 1836
   314 1945
   315 1829
   316 1814
   317 1886
   318 1880
   319 1822
   320 1793
   321 1775
   322 1878
   323 1809
   324 1762
   325 1851
   326 1720
   327 1770
   328 1732
   329 1784
   330 1671
   331 1645
   332 1689
   333 1646
   334 1653
   335 1666
   336 1634
   337 1593
   338 1509
   339 1528
   340 1431
   341 1531
   342 1508
   343 1463
   344 1398
   345 1402
   346 1373
   347 1373
   348 1359
   349 1438
   350 1405
   351 1348
   352 1358
   353 1380
   354 1321
   355 1293
   356 1310
   357 1320
   358 1267
   359 1251
   360 1271
   361 1275
   362 1253
   363 1250
   364 1207
   365 1265
   366 1266
   367 1365
   368 1215
   369 1205
   370 1149
   371 1218
   372 1152
   373 1116
   374 1204
   375 1246
   376 1115
   377 1135
   378 1138
   379 1115
   380 1223
   381 1126
   382 1067
   383 1101
   384 1111
   385 1182
   386 1126
   387 1165
   388 1111
   389 1100
   390 1089
   391 1040
   392 1083
   393 1010
   394 1023
   395 964
   396 1005
   397 954
   398 993
   399 908
   400 941
   401 903
   402 949
   403 952
   404 918
   405 854
   406 837
   407 834
   408 861
   409 854
   410 777
   411 759
   412 803
   413 770
   414 735
   415 687
   416 744
   417 698
   418 674
   419 636
   420 709
   421 677
   422 628
   423 634
   424 612
   425 583
   426 592
   427 587
   428 563
   429 569
   430 550
   431 521
   432 561
   433 528
   434 508
   435 471
   436 469
   437 467
   438 502
   439 444
   440 442
   441 474
   442 434
   443 400
   444 407
   445 382
   446 399
   447 359
   448 386
   449 370
   450 353
   451 354
   452 370
   453 362
   454 332
   455 342
   456 358
   457 346
   458 315
   459 334
   460 307
   461 293
   462 324
   463 310
   464 307
   465 283
   466 316
   467 275
   468 284
   469 283
   470 277
   471 276
   472 257
   473 255
   474 271
   475 261
   476 250
   477 268
   478 241
   479 263
   480 229
   481 207
   482 239
   483 238
   484 213
   485 209
   486 210
   487 206
   488 220
   489 214
   490 207
   491 182
   492 174
   493 185
   494 176
   495 174
   496 171
   497 200
   498 135
   499 166
   500 161
   501 142
   502 166
   503 166
   504 139
   505 134
   506 145
   507 129
   508 119
   509 146
   510 140
   511 122
   512 120
   513 124
   514 136
   515 90
   516 96
   517 124
   518 110
   519 90
   520 83
   521 88
   522 87
   523 90
   524 83
   525 82
   526 84
   527 75
   528 94
   529 79
   530 83
   531 77
   532 93
   533 90
   534 94
   535 84
   536 74
   537 77
   538 87
   539 73
   540 82
   541 71
   542 57
   543 74
   544 66
   545 87
   546 68
   547 62
   548 63
   549 64
   550 64
   551 55
   552 51
   553 70
   554 52
   555 53
   556 61
   557 41
   558 45
   559 47
   560 41
   561 48
   562 43
   563 35
   564 43
   565 56
   566 37
   567 43
   568 42
   569 45
   570 55
   571 38
   572 32
   573 35
   574 44
   575 33
   576 29
   577 34
   578 27
   579 29
   580 25
   581 31
   582 42
   583 32
   584 38
   585 26
   586 27
   587 23
   588 27
   589 36
   590 27
   591 17
   592 18
   593 18
   594 29
   595 31
   596 23
   597 21
   598 17
   599 18
   600 17
   601 19
   602 21
   603 22
   604 26
   605 26
   606 23
   607 13
   608 18
   609 13
   610 14
   611 15
   612 21
   613 15
   614 12
   615 22
   616 12
   617 12
   618 6
   619 17
   620 15
   621 20
   622 16
   623 14
   624 15
   625 6
   626 12
   627 9
   628 6
   629 7
   630 15
   631 8
   632 6
   633 14
   634 15
   635 13
   636 7
   637 5
   638 8
   639 11
   640 16
   641 6
   642 6
   643 10
   644 19
   645 8
   646 8
   647 12
   648 7
   649 4
   650 11
   651 5
   652 7
   653 8
   654 9
   655 7
   656 11
   657 7
   658 8
   659 6
   660 7
   661 8
   662 7
   663 5
   664 7
   665 7
   666 5
   667 3
   668 6
   669 11
   670 6
   671 7
   672 5
   673 2
   674 3
   675 4
   676 2
   677 2
   678 5
   679 3
   680 5
   681 6
   682 3
   683 4
   684 10
   685 5
   686 2
   687 2
   688 4
   689 0
   690 2
   691 2
   692 2
   693 2
   694 2
   695 4
   696 3
   697 1
   698 4
   699 6
   700 6
   701 1
   702 4
   703 2
   704 4
   705 6
   706 4
   707 2
   708 2
   709 3
   710 1
   711 2
   712 1
   713 1
   714 7
   715 0
   716 2
   717 1
   718 4
   719 1
   720 2
   721 1
   722 0
   723 4
   724 2
   725 2
   726 1
   727 1
   728 2
   729 0
   730 5
   731 1
   732 0
   733 2
   734 0
   735 0
   736 2
   737 1
   738 2
   739 1
   740 3
   741 4
   742 1
   743 1
   744 4
   745 0
   746 0
   747 1
   748 0
   749 2
   750 2
   751 1
   752 0
   753 1
   754 2
   755 1
   756 0
   757 1
   758 1
   759 2
   760 2
   761 1
   762 1
   763 0
   764 0
   765 1
   766 0
   767 1
   768 2
   769 0
   770 0
   771 0
   772 0
   773 2
   774 0
   775 1
   776 4
   777 0
   778 3
   779 2
   780 0
   781 2
   782 0
   783 0
   784 2
   785 0
   786 0
   787 1
   788 0
   789 0
   790 0
   791 0
   792 1
   793 0
   794 1
   795 0
   796 0
   797 0
   798 2
   799 1
   800 1
   801 0
   802 0
   803 0
   804 2
   805 0
   806 0
   807 1
   808 0
   809 0
   810 0
   811 1
   812 0
   813 0
   814 0
   815 0
   816 1
   817 0
   818 1
   819 1
   820 0
   821 0
   822 0
   823 0
   824 1
   825 0
   826 0
   827 0
   828 1
   829 0
   830 0
   831 0
   832 1
   833 0
   834 0
   835 0
   836 3
   837 0
   838 0
   839 0
   840 0
   841 1
   842 2
   843 0
   844 0
   845 0
   846 1
   847 0
   848 0
   849 0
   850 0
   851 0
   852 0
   853 1
   854 0
   855 0
   856 0
   857 0
   858 0
   859 0
   860 1
   861 0
   862 0
   863 0
   864 0
   865 0
   866 0
   867 0
   868 0
   869 0
   870 0
   871 0
   872 0
   873 0
   874 0
   875 0
   876 0
   877 2
   878 1
   879 0
   880 1
   881 0
   882 0
   883 0
   884 0
   885 0
   886 0
   887 0
   888 0
   889 0
   890 1
   891 0
   892 0
   893 0
   894 0
   895 1
   896 0
   897 0
   898 0
   899 0
   900 0
   901 0
   902 0
   903 0
   904 0
   905 0
   906 0
   907 0
   908 0
   909 0
   910 0
   911 0
   912 0
   913 0
   914 0
   915 0
   916 0
   917 0
   918 0
   919 0
   920 0
   921 0
   922 0
   923 0
   924 1
   925 0
   926 0
   927 0
   928 0
   929 0
   930 1
   931 0
   932 1
   933 1
   934 1
   935 0
   936 2
   937 2
   938 0
   939 0
   940 0
   941 1
   942 3
   943 1
   944 1
   945 0
   946 0
   947 0
   948 0
   949 1
   950 0
   951 1
   952 0
   953 0
   954 0
   955 1
   956 0
   957 1
   958 1
   959 1
   960 0
   961 2
   962 0
   963 1
   964 2
   965 1
   966 1
   967 1
   968 0
   969 1
   970 2
   971 0
   972 0
   973 0
   974 0
   975 0
   976 0
   977 0
   978 0
   979 3
   980 1
   981 0
   982 1
   983 2
   984 0
   985 1
   986 1
   987 0
   988 1
   989 0
   990 2
   991 2
   992 1
   993 0
   994 1
   995 0
   996 0
   997 0
   998 0
   999 1
   1000 1
   1001 1
   1002 0
   1003 0
   1004 0
   1005 1
   1006 0
   1007 0
   1008 0
   1009 1
   1010 3
   1011 0
   1012 1
   1013 1
   1014 1
   1015 1
   1016 0
   1017 0
   1018 1
   1019 0
   1020 0
   1021 0
   1022 0
   1023 0
   1024 1
   1025 0
   1026 0
   1027 0
   1028 1
   1029 0
   1030 0
   1031 0
   1032 0
   1033 0
   1034 0
   1035 0
   1036 0
   1037 0
   1038 0
   1039 0
   1040 0
   1041 0
   1042 0
   1043 0
   1044 0
   1045 0
   1046 2
   1047 1
   1048 0
   1049 0
   1050 1
   1051 1
   1052 0
   1053 0
   1054 0
   1055 1
   1056 0
   1057 0
   1058 1
   1059 0
   1060 1
   1061 0
   1062 0
   1063 0
   1064 0
   1065 0
   1066 0
   1067 0
   1068 0
   1069 0
   1070 0
   1071 1
   1072 3
   1073 0
   1074 0
   1075 0
   1076 1
   1077 0
   1078 0
   1079 1
   1080 0
   1081 2
   1082 0
   1083 0
   1084 0
   1085 0
   1086 0
   1087 0
   1088 0
   1089 0
   1090 0
   1091 0
   1092 0
   1093 0
   1094 0
   1095 0
   1096 0
   1097 0
   1098 0
   1099 0
   1100 0
   1101 0
   1102 1
   1103 0
   1104 0
   1105 0
   1106 0
   1107 0
   1108 0
   1109 0
   1110 0
   1111 0
   1112 1
   1113 1
   1114 1
   1115 0
   1116 0
   1117 0
   1118 0
   1119 0
   1120 0
   1121 0
   1122 0
   1123 0
   1124 0
   1125 1
   1126 0
   1127 0
   1128 0
   1129 0
   1130 0
   1131 0
   1132 0
   1133 0
   1134 0
   1135 0
   1136 1
   1137 0
   1138 0
   1139 1
   1140 0
   1141 0
   1142 0
   1143 0
   1144 0
   1145 0
   1146 1
   1147 1
   1148 0
   1149 0
   1150 0
   1151 0
   1152 0
   1153 0
   1154 0
   1155 0
   1156 0
   1157 0
   1158 1
   1159 0
   1160 0
   1161 0
   1162 1
   1163 0
   1164 0
   1165 1
   1166 0
   1167 1
   1168 1
   1169 0
   1170 0
   1171 0
   1172 0
   1173 0
   1174 0
   1175 0
   1176 0
   1177 0
   1178 0
   1179 0
   1180 0
   1181 0
   1182 0
   1183 0
   1184 0
   1185 0
   1186 0
   1187 0
   1188 0
   1189 0
   1190 0
   1191 0
   1192 0
   1193 0
   1194 0
   1195 0
   1196 0
   1197 0
   1198 1
   1199 1
   1200 0
   1201 0
   1202 0
   1203 0
   1204 0
   1205 0
   1206 0
   1207 0
   1208 0
   1209 1
   1210 0
   1211 0
   1212 0
   1213 0
   1214 1
   1215 0
   1216 0
   1217 0
   1218 0
   1219 0
   1220 0
   1221 0
   1222 0
   1223 0
   1224 0
   1225 0
   1226 0
   1227 0
   1228 1
   1229 0
   1230 0
   1231 0
   1232 1
   1233 1
   1234 0
   1235 1
   1236 0
   1237 0
   1238 0
   1239 1
   1240 0
   1241 0
   1242 1
   1243 2
   1244 0
   1245 2
   1246 0
   1247 0
   1248 0
   1249 0
   1250 0
   1251 0
   1252 0
   1253 0
   1254 0
   1255 0
   1256 0
   1257 0
   1258 0
   1259 0
   1260 0
   1261 0
   1262 0
   1263 0
   1264 0
   1265 0
   1266 0
   1267 0
   1268 0
   1269 0
   1270 0
   1271 0
   1272 0
   1273 0
   1274 0
   1275 0
   1276 0
   1277 0
   1278 0
   1279 0
   1280 0
   1281 0
   1282 0
   1283 0
   1284 0
   1285 0
   1286 0
   1287 0
   1288 0
   1289 0
   1290 0
   1291 0
   1292 0
   1293 0
   1294 0
   1295 0
   1296 0
   1297 0
   1298 0
   1299 0
   1300 1
   1301 0
   1302 0
   1303 0
   1304 0
   1305 0
   1306 0
   1307 0
   1308 0
   1309 0
   1310 0
   1311 0
   1312 0
   1313 0
   1314 0
   1315 0
   1316 0
   1317 0
   1318 0
   1319 0
   1320 0
   1321 0
   1322 0
   1323 0
   1324 1
   1325 0
   1326 0
   1327 0
   1328 0
   1329 0
   1330 0
   1331 0
   1332 1
   1333 0
   1334 0
   1335 1
   1336 0
   1337 0
   1338 0
   1339 0
   1340 0
   1341 0
   1342 0
   1343 0
   1344 1
   1345 0
   1346 0
   1347 0
   1348 0
   1349 0
   1350 0
   1351 0
   1352 0
   1353 0
   1354 0
   1355 0
   1356 0
   1357 0
   1358 0
   1359 0
   1360 0
   1361 0
   1362 0
   1363 0
   1364 0
   1365 1
   1366 0
   1367 0
   1368 0
   1369 0
   1370 0
   1371 0
   1372 0
   1373 0
   1374 1
   1375 0
   1376 0
   1377 0
   1378 0
   1379 0
   1380 0
   1381 0
   1382 0
   1383 0
   1384 0
   1385 1
   1386 0
   1387 0
   1388 1
   1389 1
   1390 0
   1391 0
   1392 0
   1393 0
   1394 0
   1395 0
   1396 1
   1397 0
   1398 0
   1399 0
   1400 0
   1401 0
   1402 1
   1403 0
   1404 0
   1405 0
   1406 0
   1407 0
   1408 0
   1409 1
   1410 0
   1411 0
   1412 0
   1413 0
   1414 0
   1415 0
   1416 0
   1417 0
   1418 0
   1419 0
   1420 0
   1421 0
   1422 0
   1423 1
   1424 1
   1425 0
   1426 0
   1427 0
   1428 0
   1429 0
   1430 0
   1431 0
   1432 0
   1433 0
   1434 1
   1435 0
   1436 0
   1437 0
   1438 1
   1439 0
   1440 0
   1441 1
   1442 0
   1443 0
   1444 0
   1445 0
   1446 0
   1447 0
   1448 0
   1449 0
   1450 0
   1451 0
   1452 0
   1453 0
   1454 0
   1455 0
   1456 0
   1457 0
   1458 0
   1459 0
   1460 0
   1461 1
   1462 0
   1463 0
   1464 0
   1465 0
   1466 1
   1467 0
   1468 0
   1469 0
   1470 0
   1471 0
   1472 0
   1473 0
   1474 0
   1475 0
   1476 0
   1477 0
   1478 0
   1479 0
   1480 0
   1481 0
   1482 0
   1483 2
   1484 0
   1485 0
   1486 0
   1487 0
   1488 1
   1489 0
   1490 0
   1491 0
   1492 1
   1493 0
   1494 1
   1495 0
   1496 0
   1497 0
   1498 0
   1499 0
   1500 0
   1501 0
   1502 0
   1503 0
   1504 0
   1505 1
   1506 0
   1507 0
   1508 0
   1509 0
   1510 0
   1511 0
   1512 0
   1513 0
   1514 0
   1515 0
   1516 0
   1517 0
   1518 0
   1519 0
   1520 0
   1521 0
   1522 0
   1523 0
   1524 0
   1525 0
   1526 0
   1527 0
   1528 0
   1529 0
   1530 0
   1531 0
   1532 1
   1533 0
   1534 0
   1535 0
   1536 0
   1537 0
   1538 0
   1539 0
   1540 0
   1541 0
   1542 0
   1543 0
   1544 0
   1545 0
   1546 0
   1547 0
   1548 0
   1549 0
   1550 0
   1551 0
   1552 0
   1553 0
   1554 0
   1555 0
   1556 0
   1557 0
   1558 0
   1559 0
   1560 0
   1561 0
   1562 0
   1563 0
   1564 0
   1565 0
   1566 0
   1567 0
   1568 0
   1569 0
   1570 0
   1571 0
   1572 0
   1573 0
   1574 0
   1575 0
   1576 0
   1577 0
   1578 0
   1579 0
   1580 0
   1581 0
   1582 0
   1583 0
   1584 0
   1585 1
   1586 0
   1587 0
   1588 0
   1589 0
   1590 0
   1591 0
   1592 0
   1593 0
   1594 0
   1595 0
   1596 0
   1597 0
   1598 0
   1599 0
   1600 0
   1601 0
   1602 0
   1603 0
   1604 0
   1605 0
   1606 0
   1607 0
   1608 0
   1609 0
   1610 0
   1611 0
   1612 0
   1613 0
   1614 0
   1615 0
   1616 0
   1617 0
   1618 0
   1619 0
   1620 0
   1621 0
   1622 0
   1623 0
   1624 0
   1625 0
   1626 0
   1627 0
   1628 0
   1629 0
   1630 0
   1631 0
   1632 0
   1633 0
   1634 0
   1635 0
   1636 0
   1637 0
   1638 0
   1639 0
   1640 0
   1641 0
   1642 0
   1643 0
   1644 0
   1645 0
   1646 1
   1647 0
   1648 0
   1649 0
   1650 0
   1651 0
   1652 0
   1653 0
   1654 0
   1655 0
   1656 0
   1657 0
   1658 0
   1659 0
   1660 0
   1661 0
   1662 0
   1663 0
   1664 0
   1665 0
   1666 0
   1667 0
   1668 0
   1669 0
   1670 0
   1671 0
   1672 0
   1673 0
   1674 0
   1675 0
   1676 0
   1677 0
   1678 1
   1679 0
   1680 1
   1681 0
   1682 0
   1683 0
   1684 0
   1685 0
   1686 0
   1687 0
   1688 0
   1689 0
   1690 0
   1691 0
   1692 0
   1693 0
   1694 0
   1695 0
   1696 0
   1697 0
   1698 0
   1699 0
   1700 0
   1701 0
   1702 0
   1703 0
   1704 0
   1705 0
   1706 0
   1707 0
   1708 0
   1709 0
   1710 0
   1711 0
   1712 0
   1713 0
   1714 0
   1715 1
HIST END
