[7l----total-cpu-usage---- -dsk/total- -net/total- ---paging-- ---system--
usr sys idl wai hiq siq| read  writ| recv  send|  in   out | int   csw 
  1   1  96   0   0   1|  13k   56k|   0     0 |   0     0 | 196   814 
  4   4  91   0   0   2|   0     0 |4259k  149k|   0     0 | 631  2834 
  1   3  94   0   0   3|   0     0 |4266k  149k|   0     0 | 643  2547 
  1   3  93   0   0   2|   0     0 |4183k  147k|   0     0 | 652  2628 
  2   1  96   0   0   2|   0     0 |4286k  148k|   0     0 | 609  2620 
  1   2  94   0   0   3|   0     0 |4377k  151k|   0     0 | 529  2610 
  2   3  92   0   0   3|   0     0 |4241k  149k|   0     0 | 619  2595 
  1   3  93   0   0   3|   0     0 |4366k  153k|   0     0 | 641  2830 
  1   2  94   0   0   3|   0     0 |4365k  152k|   0     0 | 690  2671 
  3   2  94   0   0   2|   0     0 |4263k  150k|   0     0 | 599  2552 
  2   2  94   0   0   3|   0     0 |4261k  148k|   0     0 | 684  2511 
  2   5  91   0   0   2|   0     0 |4310k  150k|   0     0 | 639  2674 
  2   3  94   0   0   2|   0  8192B|4290k  151k|   0     0 | 597  2620 
  1   3  94   0   0   2|   0     0 |4322k  149k|   0     0 | 745  2562 
  1   3  95   0   0   2|   0     0 |4326k  150k|   0     0 | 678  2483 
  2   3  93   0   0   3|   0     0 |4383k  154k|   0     0 | 770  2559 
  2   2  93   0   0   3|   0     0 |4274k  148k|   0     0 | 624  2324 
  2   2  95   0   0   2|   0     0 |4438k  153k|   0     0 | 662  2405 
  2   2  94   0   0   3|   0     0 |4361k  154k|   0     0 | 731  2686 
  3   1  95   0   0   2|   0     0 |4356k  151k|   0     0 | 529  2680 
  1   3  93   0   0   3|   0     0 |4300k  148k|   0     0 | 577  2703 
  3   3  92   0   0   3|   0     0 |4318k  152k|   0     0 | 647  2560 
  1   3  95   0   0   2|   0   136k|4369k  151k|   0     0 | 737  2700 
  2   3  94   0   0   2|   0     0 |4377k  151k|   0     0 | 581  2696 
  3   3  93   0   0   1|   0     0 |4271k  151k|   0     0 | 608  2561 
  2   3  95   0   0   1|   0     0 |4254k  148k|   0     0 | 702  2774 
  3   2  93   0   0   2|   0     0 |4399k  152k|   0     0 | 594  2694 
  2   3  93   0   0   2|   0     0 |4354k  155k|   0     0 | 673  2471 
  2   2  94   0   0   2|   0     0 |4377k  151k|   0     0 | 520  2309 
  2   1  94   0   0   3|   0     0 |4375k  152k|   0     0 | 729  2596 
  2   3  93   0   0   2|   0     0 |4360k  153k|   0     0 | 749  2791 
  3   2  93   1   0   2|   0    44k|4293k  149k|   0     0 | 658  2757 
  2   1  94   0   0   4|   0    56k|4253k  147k|   0     0 | 668  2548 
  2   3  95   0   0   1|   0     0 |4289k  151k|   0     0 | 565  2384 
  2   2  94   0   0   2|   0     0 |4318k  150k|   0     0 | 631  2504 
  2   2  94   0   0   2|   0     0 |4248k  147k|   0     0 | 695  2627 
  3   4  92   0   0   2|   0     0 |4408k  155k|   0     0 | 713  2664 
  2   2  94   0   0   3|   0     0 |4390k  151k|   0     0 | 658  2519 
  2   2  94   0   0   3|   0     0 |4331k  150k|   0     0 | 639  2440 
  3   3  93   0   0   2|   0     0 |4237k  150k|   0     0 | 630  2669 
  2   2  92   0   0   3|   0     0 |4321k  149k|   0     0 | 538  2717 
  2   3  94   0   0   2|   0     0 |4279k  148k|   0     0 | 671  2635 
  2   2  95   0   0   2|   0    12k|4395k  155k|   0     0 | 579  2694 
  1   3  93   0   0   3|   0     0 |4327k  151k|   0     0 | 653  2488 
  3   2  93   0   0   2|   0     0 |4385k  151k|   0     0 | 594  2526 
  1   2  95   0   0   2|   0     0 |4245k  149k|   0     0 | 467  2391 
  2   3  93   0   0   2|   0     0 |4339k  150k|   0     0 | 473  2668 
  2   2  94   0   0   3|   0     0 |4377k  151k|   0     0 | 640  2721 
  2   3  94   0   0   2|   0     0 |4361k  154k|   0     0 | 600  2671 
  1   3  95   0   0   2|   0     0 |4314k  150k|   0     0 | 579  2624 
  2   3  93   0   0   3|   0     0 |4266k  148k|   0     0 | 608  2637 
  2   3  93   0   0   2|   0     0 |4340k  153k|   0     0 | 716  2730 
  2   2  94   0   0   3|   0     0 |4358k  153k|   0     0 | 731  2617 
  2   2  94   0   0   3|   0     0 |4330k  151k|   0     0 | 765  2638 
  2   3  94   0   0   2|   0     0 |4203k  150k|   0     0 | 664  2497 
  1   2  94   0   0   3|   0     0 |4307k  150k|   0     0 | 657  2656 
  2   3  94   0   0   2|   0     0 |4265k  147k|   0     0 | 663  2518 
  3   2  93   0   0   3|   0     0 |4332k  153k|   0     0 | 692  2615 
  2   3  93   0   0   3|   0     0 |4365k  152k|   0     0 | 656  2632 
  2   3  93   0   0   3|   0     0 |4308k  150k|   0     0 | 628  2663 
  2   2  92   0   0   3|   0     0 |4311k  152k|   0     0 | 661  2532 
  2   3  92   1   0   2|   0    28k|4326k  149k|   0     0 | 680  2581 
  1   2  94   0   0   3|   0     0 |4241k  148k|   0     0 | 586  2509 
  4   2  94   0   0   1|   0     0 |4387k  154k|   0     0 | 628  2440 
  2   2  94   0   0   2|   0     0 |4245k  147k|   0     0 | 563  2408 
  2   3  94   0   0   2|   0     0 |4274k  149k|   0     0 | 520  2336 
  4   3  91   0   0   1|   0     0 |4464k  157k|   0     0 | 624  2561 
  2   3  93   0   0   3|   0     0 |4354k  151k|   0     0 | 519  2657 
  2   3  93   0   0   3|   0     0 |4299k  149k|   0     0 | 496  2566 
  2   2  95   0   0   2|   0     0 |4356k  151k|   0     0 | 536  2468 
  2   3  91   0   0   3|   0     0 |5988k  210k|   0     0 | 725  2840 
