[7l----total-cpu-usage---- -dsk/total- -net/total- ---paging-- ---system--
usr sys idl wai hiq siq| read  writ| recv  send|  in   out | int   csw 
  6   2  92   0   0   0|  13k  322k|   0     0 |   0     0 |1515  4220 
 15   5  79   0   0   1|   0     0 |7140k 7126k|   0     0 |2954  8235 
 15   3  81   0   0   1|   0     0 |6729k 6726k|   0     0 |1263  4476 
  9   3  88   0   0   0|   0     0 |6227k 6222k|   0     0 |1022  4133 
 11   4  85   0   0   0|   0     0 |6506k 6502k|   0     0 |1113  4269 
 11   4  85   0   0   0|   0     0 |6529k 6524k|   0     0 |1112  4332 
 10   3  87   0   0   0|   0     0 |6738k 6733k|   0     0 | 903  4454 
 10   4  87   0   0   0|   0     0 |6701k 6698k|   0     0 | 919  4386 
  9   4  87   0   0   1|   0     0 |6739k 6715k|   0     0 |1086  4391 
  9   3  87   0   0   0|   0     0 |6473k 6488k|   0     0 | 984  4411 
  9   3  87   0   0   0|   0     0 |6563k 6560k|   0     0 |1025  4239 
 10   3  87   0   0   0|   0     0 |6677k 6676k|   0     0 |1215  4369 
  9   3  87   0   0   0|   0     0 |6826k 6819k|   0     0 |1213  4475 
  9   4  87   0   0   0|   0     0 |6734k 6731k|   0     0 |1278  4362 
 11   3  85   0   0   0|   0     0 |6220k 6218k|   0     0 |1227  4329 
  9   3  87   0   0   1|   0     0 |6467k 6463k|   0     0 |1130  4164 
  9   4  87   0   0   0|   0     0 |6978k 6976k|   0     0 |1203  4476 
  9   3  87   0   0   0|   0     0 |7108k 7104k|   0     0 |1134  4530 
 10   2  88   0   0   0|   0     0 |6197k 6192k|   0     0 |1212  4192 
  8   3  89   0   0   0|   0     0 |6623k 6622k|   0     0 |1097  4229 
  9   3  88   0   0   0|   0     0 |6348k 6341k|   0     0 |1181  4134 
  8   4  87   0   0   0|   0  4096B|6930k 6921k|   0     0 |1096  4579 
  8   4  88   0   0   0|   0     0 |6868k 6869k|   0     0 |1159  4430 
 11   3  86   0   0   0|   0     0 |6648k 6644k|   0     0 |1179  4485 
  9   4  87   0   0   1|   0     0 |6517k 6511k|   0     0 |1213  4489 
  9   3  88   0   0   0|   0     0 |6880k 6878k|   0     0 |1184  4474 
 10   3  87   0   0   0|   0    52k|6176k 6173k|   0     0 |1079  4174 
 10   3  87   0   0   0|   0     0 |6935k 6930k|   0     0 |1188  4706 
  9   4  87   0   0   0|   0     0 |6669k 6665k|   0     0 |1160  4541 
  9   3  88   0   0   0|   0     0 |6688k 6683k|   0     0 |1342  4496 
 10   3  86   0   0   0|   0    32k|6303k 6303k|   0     0 |1116  4258 
  9   3  88   0   0   0|   0    32k|6438k 6434k|   0     0 |1154  4270 
 10   3  87   0   0   0|   0     0 |6237k 6233k|   0     0 |1207  4272 
  9   3  88   0   0   0|   0     0 |6462k 6460k|   0     0 |1196  4289 
  9   3  87   0   0   0|   0     0 |6496k 6486k|   0     0 |1066  4452 
  9   3  87   0   0   0|   0     0 |6195k 6198k|   0     0 | 968  4177 
 10   3  87   0   0   0|   0     0 |6575k 6569k|   0     0 | 983  4309 
  9   3  87   0   0   0|   0     0 |6736k 6730k|   0     0 |1095  4329 
  9   3  88   0   0   0|   0     0 |6705k 6708k|   0     0 |1073  4282 
  9   4  87   0   0   0|   0     0 |6939k 6932k|   0     0 |1206  4537 
  9   3  88   0   0   0|   0     0 |6282k 6281k|   0     0 |1115  4128 
  9   3  87   0   0   1|   0     0 |6640k 6625k|   0     0 |1152  4323 
  9   3  88   0   0   0|   0     0 |6645k 6651k|   0     0 |1200  4437 
  8   3  88   0   0   0|   0     0 |6436k 6434k|   0     0 | 942  4196 
  8   3  88   0   0   0|   0     0 |6646k 6631k|   0     0 |1024  4385 
  9   3  88   0   0   1|   0     0 |6545k 6554k|   0     0 |1154  4172 
 10   3  88   0   0   0|   0     0 |6444k 6441k|   0     0 |1075  4232 
 10   3  87   0   0   0|   0     0 |6567k 6564k|   0     0 | 956  4358 
 10   3  87   0   0   0|   0     0 |6488k 6484k|   0     0 | 999  4343 
  9   3  88   0   0   0|   0     0 |6707k 6704k|   0     0 |1033  4449 
  9   3  88   0   0   0|   0     0 |6533k 6532k|   0     0 |1002  4369 
  9   3  89   0   0   0|   0     0 |6097k 6091k|   0     0 | 993  3973 
  9   3  88   0   0   1|   0     0 |6424k 6423k|   0     0 |1166  4223 
  9   3  88   0   0   0|   0     0 |6385k 6381k|   0     0 |1036  4308 
 10   3  87   0   0   1|   0     0 |6575k 6570k|   0     0 | 982  4595 
  8   4  88   0   0   0|   0     0 |6938k 6930k|   0     0 |1006  4520 
  9   4  87   0   0   0|   0     0 |6581k 6584k|   0     0 | 984  4174 
  9   3  88   0   0   0|   0    20k|6297k 6290k|   0     0 |1106  4183 
  9   3  88   0   0   0|   0     0 |6630k 6629k|   0     0 | 954  4241 
 10   3  87   0   0   0|   0     0 |6724k 6722k|   0     0 |1055  4643 
  9   3  88   0   0   0|   0     0 |6708k 6704k|   0     0 |1035  4529 
  9   3  87   0   0   0|   0    40k|6312k 6304k|   0     0 | 995  4140 
  8   3  88   0   0   0|   0  8192B|6516k 6509k|   0     0 |1024  4111 
  8   3  89   0   0   0|   0     0 |6477k 6473k|   0     0 | 980  4162 
  9   3  88   0   0   0|   0     0 |6285k 6279k|   0     0 | 976  4222 
  9   2  89   0   0   0|   0     0 |5964k 5962k|   0     0 | 908  4063 
 10   2  87   0   0   0|   0     0 |6158k 6152k|   0     0 | 914  4183 
 11   3  86   0   0   0|   0  8192B|6443k 6442k|   0     0 | 961  4288 
 11   3  86   0   0   0|   0     0 |6637k 6635k|   0     0 | 985  4384 
  9   3  87   0   0   0|   0     0 |6700k 6695k|   0     0 |1008  4529 
  9   3  87   0   0   0|   0     0 |6308k 6302k|   0     0 |1017  4132 
