STAT START
secs,qlen,thru,msrt,items,nset,nget,nmget,sqt,gqt,mqt,swt,gwt,mwt
1,0,990.000000000000,0.018181818182,990,0,990,0,NaN,0.000147573281,NaN,NaN,0.001609111797,NaN
1,0,1087.000000000000,0.005519779209,1087,0,1087,0,NaN,0.000149616237,NaN,NaN,0.001462576477,NaN
1,0,1044.000000000000,0.005747126437,1044,0,1044,0,NaN,0.000133012889,NaN,NaN,0.001625214324,NaN
1,0,1047.000000000000,0.014326647564,1047,0,1047,0,NaN,0.000143354465,NaN,NaN,0.001464588156,NaN
1,0,1075.000000000000,0.013953488372,1075,0,1075,0,NaN,0.000142879399,NaN,NaN,0.001584163207,NaN
1,0,1058.000000000000,0.009451795841,1058,0,1058,0,NaN,0.000148703296,NaN,NaN,0.001667529629,NaN
1,0,1103.000000000000,0.007252946510,1103,0,1103,0,NaN,0.000135051131,NaN,NaN,0.001500946183,NaN
1,0,1041.000000000000,0.007684918348,1041,0,1041,0,NaN,0.000142736015,NaN,NaN,0.001609999989,NaN
1,0,1054.000000000000,0.010436432638,1054,0,1054,0,NaN,0.000129304790,NaN,NaN,0.001784619936,NaN
1,0,1059.000000000000,0.012275731822,1059,0,1059,0,NaN,0.000165944028,NaN,NaN,0.001443308259,NaN
1,0,1091.000000000000,0.012832263978,1091,0,1091,0,NaN,0.000160969201,NaN,NaN,0.001533340047,NaN
1,0,1127.000000000000,0.012422360248,1127,0,1127,0,NaN,0.000137219148,NaN,NaN,0.001569395451,NaN
1,0,1115.000000000000,0.015246636771,1115,0,1115,0,NaN,0.000153162683,NaN,NaN,0.001447171943,NaN
1,0,1106.000000000000,0.002712477396,1106,0,1106,0,NaN,0.000142180543,NaN,NaN,0.001698731035,NaN
1,0,1076.000000000000,0.007434944238,1076,0,1076,0,NaN,0.000143818743,NaN,NaN,0.001803587063,NaN
1,1,1129.000000000000,0.010628875111,1129,0,1129,0,NaN,0.000149742751,NaN,NaN,0.001623699029,NaN
1,0,1092.000000000000,0.006410256410,1092,0,1092,0,NaN,0.000112747044,NaN,NaN,0.001620903484,NaN
1,0,1060.000000000000,0.010377358491,1060,0,1060,0,NaN,0.000128227496,NaN,NaN,0.001593890564,NaN
1,0,1107.000000000000,0.009033423668,1107,0,1107,0,NaN,0.000136644308,NaN,NaN,0.001821182860,NaN
1,0,1118.000000000000,0.013416815742,1118,0,1118,0,NaN,0.000117067524,NaN,NaN,0.001577042148,NaN
1,0,1070.000000000000,0.012149532710,1070,0,1070,0,NaN,0.000146258308,NaN,NaN,0.001463380962,NaN
1,0,1091.000000000000,0.013748854262,1091,0,1091,0,NaN,0.000125560372,NaN,NaN,0.001550107433,NaN
1,0,1088.000000000000,0.007352941176,1088,0,1088,0,NaN,0.000115459919,NaN,NaN,0.001535976628,NaN
1,0,1108.000000000000,0.010830324910,1108,0,1108,0,NaN,0.000165502200,NaN,NaN,0.001299185585,NaN
1,0,1034.000000000000,0.010638297872,1034,0,1034,0,NaN,0.000180111678,NaN,NaN,0.001695251155,NaN
1,0,1126.000000000000,0.010657193606,1126,0,1126,0,NaN,0.000135749970,NaN,NaN,0.001598060456,NaN
1,0,1104.000000000000,0.002717391304,1104,0,1104,0,NaN,0.000163605361,NaN,NaN,0.001673622091,NaN
1,0,1081.000000000000,0.012950971323,1081,0,1081,0,NaN,0.000150551229,NaN,NaN,0.001775875500,NaN
1,0,1086.000000000000,0.006445672192,1086,0,1086,0,NaN,0.000111923890,NaN,NaN,0.001620249430,NaN
1,0,1062.000000000000,0.003766478343,1062,0,1062,0,NaN,0.000169888221,NaN,NaN,0.001776400749,NaN
1,0,1066.000000000000,0.011257035647,1066,0,1066,0,NaN,0.000135558220,NaN,NaN,0.001810837299,NaN
1,0,1043.000000000000,0.008628954938,1043,0,1043,0,NaN,0.000146654502,NaN,NaN,0.001933532947,NaN
1,0,1060.000000000000,0.009433962264,1060,0,1060,0,NaN,0.000153758952,NaN,NaN,0.001778855174,NaN
1,0,1077.000000000000,0.010213556175,1077,0,1077,0,NaN,0.000171783151,NaN,NaN,0.001608415830,NaN
1,0,1078.000000000000,0.007421150278,1078,0,1078,0,NaN,0.000107704702,NaN,NaN,0.001739291521,NaN
1,0,1072.000000000000,0.010261194030,1072,0,1072,0,NaN,0.000146754226,NaN,NaN,0.001407591768,NaN
1,0,1086.000000000000,0.009208103131,1086,0,1086,0,NaN,0.000138068238,NaN,NaN,0.001758226343,NaN
1,0,1082.000000000000,0.011090573013,1082,0,1082,0,NaN,0.000185882305,NaN,NaN,0.001694584411,NaN
1,0,1109.000000000000,0.009918845807,1109,0,1109,0,NaN,0.000154704869,NaN,NaN,0.001629030118,NaN
1,0,1044.000000000000,0.007662835249,1044,0,1044,0,NaN,0.000125927261,NaN,NaN,0.001812943178,NaN
1,0,1082.000000000000,0.008317929760,1082,0,1082,0,NaN,0.000134724196,NaN,NaN,0.001690925769,NaN
1,0,1075.000000000000,0.010232558140,1075,0,1075,0,NaN,0.000111620603,NaN,NaN,0.001527218049,NaN
1,0,1089.000000000000,0.011937557392,1089,0,1089,0,NaN,0.000126869668,NaN,NaN,0.001556861329,NaN
1,0,1076.000000000000,0.006505576208,1076,0,1076,0,NaN,0.000134537247,NaN,NaN,0.001759944592,NaN
1,0,1021.000000000000,0.000000000000,1021,0,1021,0,NaN,0.000127562847,NaN,NaN,0.001548168272,NaN
1,0,1063.000000000000,0.003762935089,1063,0,1063,0,NaN,0.000158423552,NaN,NaN,0.001588514857,NaN
1,0,1076.000000000000,0.019516728625,1076,0,1076,0,NaN,0.000124150464,NaN,NaN,0.001348977583,NaN
1,0,1072.000000000000,0.011194029851,1072,0,1072,0,NaN,0.000163832292,NaN,NaN,0.001416782508,NaN
1,0,1173.000000000000,0.004262574595,1173,0,1173,0,NaN,0.000135150228,NaN,NaN,0.001159252334,NaN
1,0,1089.000000000000,0.004591368228,1089,0,1089,0,NaN,0.000134979409,NaN,NaN,0.001531969378,NaN
1,0,1075.000000000000,0.013023255814,1075,0,1075,0,NaN,0.000135460418,NaN,NaN,0.001819265491,NaN
1,0,1089.000000000000,0.007346189164,1089,0,1089,0,NaN,0.000161505795,NaN,NaN,0.001469249099,NaN
1,0,1095.000000000000,0.015525114155,1095,0,1095,0,NaN,0.000217040287,NaN,NaN,0.001363057825,NaN
1,0,1127.000000000000,0.006211180124,1127,0,1127,0,NaN,0.000161541093,NaN,NaN,0.001446283266,NaN
1,0,1117.000000000000,0.008057296329,1117,0,1117,0,NaN,0.000165442782,NaN,NaN,0.001375166102,NaN
1,0,1115.000000000000,0.009865470852,1115,0,1115,0,NaN,0.000193655116,NaN,NaN,0.001286259530,NaN
1,0,1111.000000000000,0.011701170117,1111,0,1111,0,NaN,0.000149683176,NaN,NaN,0.001561368133,NaN
1,0,1056.000000000000,0.016098484848,1056,0,1056,0,NaN,0.000106602120,NaN,NaN,0.001709871497,NaN
1,0,1100.000000000000,0.004545454545,1100,0,1100,0,NaN,0.000096280039,NaN,NaN,0.001491079806,NaN
1,0,1134.000000000000,0.009700176367,1134,0,1134,0,NaN,0.000158580150,NaN,NaN,0.001652091235,NaN
1,0,1096.000000000000,0.007299270073,1096,0,1096,0,NaN,0.000145890443,NaN,NaN,0.001567930374,NaN
1,0,1077.000000000000,0.006499535747,1077,0,1077,0,NaN,0.000160542233,NaN,NaN,0.001724427162,NaN
1,0,1017.000000000000,0.010816125860,1017,0,1017,0,NaN,0.000122562848,NaN,NaN,0.001899640024,NaN
1,0,1084.000000000000,0.012915129151,1084,0,1084,0,NaN,0.000111467292,NaN,NaN,0.001617483589,NaN
1,0,1056.000000000000,0.006628787879,1056,0,1056,0,NaN,0.000161191554,NaN,NaN,0.001802131657,NaN
1,0,1117.000000000000,0.010743061773,1117,0,1117,0,NaN,0.000108304975,NaN,NaN,0.001575280390,NaN
1,0,1042.000000000000,0.005758157390,1042,0,1042,0,NaN,0.000123081805,NaN,NaN,0.001705544573,NaN
1,0,1068.000000000000,0.001872659176,1068,0,1068,0,NaN,0.000091635718,NaN,NaN,0.001537586723,NaN
1,0,1021.000000000000,0.007835455436,1021,0,1021,0,NaN,0.000097655629,NaN,NaN,0.001743131482,NaN
1,0,1026.000000000000,0.014619883041,1026,0,1026,0,NaN,0.000128929888,NaN,NaN,0.001931471596,NaN
STAT END
HIST START
233
   0 0
   1 0
   2 0
   3 1
   4 17
   5 1088
   6 5389
   7 8762
   8 9603
   9 9538
   10 8298
   11 6253
   12 4351
   13 2883
   14 2107
   15 1693
   16 1309
   17 1022
   18 801
   19 661
   20 582
   21 485
   22 413
   23 371
   24 302
   25 255
   26 262
   27 211
   28 197
   29 128
   30 115
   31 68
   32 85
   33 81
   34 56
   35 56
   36 47
   37 35
   38 37
   39 64
   40 35
   41 21
   42 33
   43 20
   44 42
   45 26
   46 22
   47 17
   48 15
   49 27
   50 25
   51 29
   52 10
   53 24
   54 16
   55 23
   56 33
   57 53
   58 49
   59 75
   60 165
   61 192
   62 193
   63 256
   64 353
   65 408
   66 492
   67 534
   68 502
   69 514
   70 510
   71 437
   72 379
   73 319
   74 256
   75 221
   76 167
   77 129
   78 84
   79 51
   80 69
   81 56
   82 39
   83 24
   84 25
   85 40
   86 56
   87 57
   88 82
   89 67
   90 57
   91 79
   92 129
   93 92
   94 74
   95 57
   96 39
   97 25
   98 31
   99 11
   100 9
   101 3
   102 4
   103 2
   104 1
   105 1
   106 3
   107 4
   108 3
   109 1
   110 4
   111 3
   112 2
   113 1
   114 2
   115 2
   116 2
   117 0
   118 4
   119 4
   120 0
   121 4
   122 1
   123 0
   124 4
   125 0
   126 0
   127 0
   128 1
   129 1
   130 1
   131 1
   132 3
   133 0
   134 0
   135 1
   136 0
   137 3
   138 1
   139 0
   140 0
   141 0
   142 0
   143 0
   144 0
   145 1
   146 0
   147 2
   148 2
   149 0
   150 1
   151 0
   152 0
   153 0
   154 0
   155 0
   156 0
   157 0
   158 1
   159 1
   160 1
   161 0
   162 1
   163 0
   164 0
   165 1
   166 0
   167 0
   168 0
   169 0
   170 0
   171 0
   172 0
   173 0
   174 0
   175 0
   176 1
   177 0
   178 0
   179 0
   180 2
   181 0
   182 0
   183 0
   184 0
   185 0
   186 0
   187 0
   188 1
   189 0
   190 0
   191 0
   192 1
   193 0
   194 0
   195 0
   196 0
   197 0
   198 0
   199 0
   200 0
   201 0
   202 0
   203 0
   204 0
   205 0
   206 0
   207 0
   208 0
   209 0
   210 0
   211 0
   212 0
   213 0
   214 0
   215 0
   216 0
   217 0
   218 0
   219 0
   220 0
   221 0
   222 0
   223 0
   224 0
   225 0
   226 0
   227 0
   228 0
   229 0
   230 0
   231 0
   232 1
HIST END
