STAT START
secs,qlen,thru,msrt,items,nset,nget,nmget,sqt,gqt,mqt,swt,gwt,mwt
1,0,377.000000000000,0.023872679045,377,0,377,0,NaN,0.000126437968,NaN,NaN,0.002446178292,NaN
1,0,1518.000000000000,0.013833992095,1518,0,1518,0,NaN,0.000205118025,NaN,NaN,0.001446670895,NaN
1,0,1570.000000000000,0.004458598726,1570,0,1570,0,NaN,0.000194460172,NaN,NaN,0.001492682197,NaN
1,4,1593.000000000000,0.005021971124,1593,0,1593,0,NaN,0.000172526240,NaN,NaN,0.002068321566,NaN
1,0,1563.000000000000,0.019833653231,1563,0,1563,0,NaN,0.000146627761,NaN,NaN,0.002576486547,NaN
1,0,1564.000000000000,0.011508951407,1564,0,1564,0,NaN,0.000183700405,NaN,NaN,0.002147954015,NaN
1,0,1540.000000000000,0.007142857143,1540,0,1540,0,NaN,0.000161788869,NaN,NaN,0.002097729029,NaN
1,0,1515.000000000000,0.007920792079,1515,0,1515,0,NaN,0.000147158602,NaN,NaN,0.002350225469,NaN
1,0,1488.000000000000,0.008064516129,1488,0,1488,0,NaN,0.000170995213,NaN,NaN,0.002345861291,NaN
1,0,1551.000000000000,0.011605415861,1551,0,1551,0,NaN,0.000173138850,NaN,NaN,0.001821014000,NaN
1,1,1526.000000000000,0.011140235911,1526,0,1526,0,NaN,0.000159283668,NaN,NaN,0.002154401154,NaN
1,0,1564.000000000000,0.015984654731,1564,0,1564,0,NaN,0.000169258354,NaN,NaN,0.001705924545,NaN
1,0,1543.000000000000,0.012313674660,1543,0,1543,0,NaN,0.000194363722,NaN,NaN,0.001785629687,NaN
1,0,1516.000000000000,0.009234828496,1516,0,1516,0,NaN,0.000150091212,NaN,NaN,0.001868639865,NaN
1,0,1501.000000000000,0.009327115256,1501,0,1501,0,NaN,0.000203784864,NaN,NaN,0.002051441252,NaN
1,0,1498.000000000000,0.008678237650,1498,0,1498,0,NaN,0.000195694830,NaN,NaN,0.002221906472,NaN
1,0,1577.000000000000,0.003804692454,1577,0,1577,0,NaN,0.000173551332,NaN,NaN,0.002265231231,NaN
1,0,1562.000000000000,0.009603072983,1562,0,1562,0,NaN,0.000186506665,NaN,NaN,0.002072880860,NaN
1,0,1508.000000000000,0.005968169761,1508,0,1508,0,NaN,0.000222910340,NaN,NaN,0.001939538145,NaN
1,0,1544.000000000000,0.016191709845,1544,0,1544,0,NaN,0.000247146033,NaN,NaN,0.002245304142,NaN
1,0,1575.000000000000,0.004444444444,1575,0,1575,0,NaN,0.000202047707,NaN,NaN,0.001991654725,NaN
1,0,1559.000000000000,0.019884541373,1559,0,1559,0,NaN,0.000202260685,NaN,NaN,0.001799327040,NaN
1,0,1516.000000000000,0.007915567282,1516,0,1516,0,NaN,0.000228637747,NaN,NaN,0.001771560621,NaN
1,0,1529.000000000000,0.012426422498,1529,0,1529,0,NaN,0.000243935632,NaN,NaN,0.001794014162,NaN
1,0,1510.000000000000,0.010596026490,1510,0,1510,0,NaN,0.000160042211,NaN,NaN,0.002129900753,NaN
1,0,1569.000000000000,0.010197578075,1569,0,1569,0,NaN,0.000160210938,NaN,NaN,0.001756149082,NaN
1,0,1510.000000000000,0.007284768212,1510,0,1510,0,NaN,0.000265174046,NaN,NaN,0.001853952439,NaN
1,0,1530.000000000000,0.015032679739,1530,0,1530,0,NaN,0.000183661146,NaN,NaN,0.001992232833,NaN
1,0,1518.000000000000,0.003952569170,1518,0,1518,0,NaN,0.000162743762,NaN,NaN,0.002162663497,NaN
1,0,1564.000000000000,0.010230179028,1564,0,1564,0,NaN,0.000210480860,NaN,NaN,0.001947477118,NaN
1,0,1513.000000000000,0.005287508262,1513,0,1513,0,NaN,0.000174187677,NaN,NaN,0.002064593125,NaN
1,0,1505.000000000000,0.006644518272,1505,0,1505,0,NaN,0.000177134747,NaN,NaN,0.002160722985,NaN
1,0,1499.000000000000,0.008005336891,1499,0,1499,0,NaN,0.000169373610,NaN,NaN,0.001818329881,NaN
1,0,1539.000000000000,0.008447043535,1539,0,1539,0,NaN,0.000141810794,NaN,NaN,0.001938423724,NaN
1,0,1547.000000000000,0.009049773756,1547,0,1547,0,NaN,0.000134786825,NaN,NaN,0.001838696101,NaN
1,0,1537.000000000000,0.008458035133,1537,0,1537,0,NaN,0.000217052735,NaN,NaN,0.002075679034,NaN
1,0,1488.000000000000,0.010080645161,1488,0,1488,0,NaN,0.000163979758,NaN,NaN,0.002348605745,NaN
1,0,1536.000000000000,0.013020833333,1536,0,1536,0,NaN,0.000152259409,NaN,NaN,0.002041406303,NaN
1,0,1495.000000000000,0.008695652174,1495,0,1495,0,NaN,0.000153738582,NaN,NaN,0.002152300486,NaN
1,0,1591.000000000000,0.007542426147,1591,0,1591,0,NaN,0.000144401502,NaN,NaN,0.001415010769,NaN
1,1,1518.000000000000,0.009881422925,1518,0,1518,0,NaN,0.000196869870,NaN,NaN,0.001997341404,NaN
1,0,1555.000000000000,0.010932475884,1555,0,1555,0,NaN,0.000182174141,NaN,NaN,0.002364333429,NaN
1,0,1550.000000000000,0.007096774194,1550,0,1550,0,NaN,0.000169206411,NaN,NaN,0.002363417892,NaN
1,0,1554.000000000000,0.010939510940,1554,0,1554,0,NaN,0.000151894510,NaN,NaN,0.001946068860,NaN
1,0,1503.000000000000,0.009314703925,1503,0,1503,0,NaN,0.000173206136,NaN,NaN,0.002244275470,NaN
1,0,1483.000000000000,0.008091706001,1483,0,1483,0,NaN,0.000215282444,NaN,NaN,0.001983040600,NaN
1,0,1489.000000000000,0.008730691739,1489,0,1489,0,NaN,0.000161392441,NaN,NaN,0.002369845790,NaN
1,0,1512.000000000000,0.001984126984,1512,0,1512,0,NaN,0.000158991487,NaN,NaN,0.002452920985,NaN
1,1,1521.000000000000,0.005917159763,1521,0,1521,0,NaN,0.000152631358,NaN,NaN,0.002563803431,NaN
1,0,1506.000000000000,0.013280212483,1506,0,1506,0,NaN,0.000154846434,NaN,NaN,0.002206320435,NaN
1,0,1562.000000000000,0.013444302177,1562,0,1562,0,NaN,0.000128373054,NaN,NaN,0.001743773491,NaN
1,0,1493.000000000000,0.006028131279,1493,0,1493,0,NaN,0.000144249976,NaN,NaN,0.001965451537,NaN
1,0,1541.000000000000,0.004542504867,1541,0,1541,0,NaN,0.000172228528,NaN,NaN,0.001985058176,NaN
1,0,1501.000000000000,0.005996002665,1501,0,1501,0,NaN,0.000168948763,NaN,NaN,0.001947748041,NaN
1,0,1552.000000000000,0.011597938144,1552,0,1552,0,NaN,0.000139971590,NaN,NaN,0.002113419178,NaN
1,0,1530.000000000000,0.013071895425,1530,0,1530,0,NaN,0.000153058784,NaN,NaN,0.002032199501,NaN
1,0,1569.000000000000,0.014021669853,1569,0,1569,0,NaN,0.000183711000,NaN,NaN,0.001870060119,NaN
1,0,1525.000000000000,0.004590163934,1525,0,1525,0,NaN,0.000210186616,NaN,NaN,0.001842274231,NaN
1,0,1498.000000000000,0.005340453939,1498,0,1498,0,NaN,0.000199965152,NaN,NaN,0.002262548793,NaN
1,0,1513.000000000000,0.007270323860,1513,0,1513,0,NaN,0.000155445757,NaN,NaN,0.002126686151,NaN
1,0,1432.000000000000,0.016759776536,1432,0,1432,0,NaN,0.000163479135,NaN,NaN,0.001905202270,NaN
1,0,1550.000000000000,0.014193548387,1550,0,1550,0,NaN,0.000126043626,NaN,NaN,0.001687936461,NaN
1,0,1487.000000000000,0.008069939475,1487,0,1487,0,NaN,0.000133216079,NaN,NaN,0.002314390946,NaN
1,0,1524.000000000000,0.007874015748,1524,0,1524,0,NaN,0.000159411653,NaN,NaN,0.002263253051,NaN
1,0,1499.000000000000,0.007338225484,1499,0,1499,0,NaN,0.000141889587,NaN,NaN,0.002238820363,NaN
1,0,1568.000000000000,0.010204081633,1568,0,1568,0,NaN,0.000129206297,NaN,NaN,0.002062237584,NaN
1,0,1547.000000000000,0.005817711700,1547,0,1547,0,NaN,0.000153329281,NaN,NaN,0.001533616609,NaN
1,0,1534.000000000000,0.013037809648,1534,0,1534,0,NaN,0.000189279917,NaN,NaN,0.002271212259,NaN
1,0,1554.000000000000,0.012870012870,1554,0,1554,0,NaN,0.000185113040,NaN,NaN,0.001959748375,NaN
1,0,1541.000000000000,0.006489292667,1541,0,1541,0,NaN,0.000196433759,NaN,NaN,0.002238487576,NaN
1,0,1186.000000000000,0.005902192243,1186,0,1186,0,NaN,0.000127609936,NaN,NaN,0.001313581717,NaN
1,0,12.000000000000,0.000000000000,12,0,12,0,NaN,0.000140560333,NaN,NaN,0.001934216833,NaN
STAT END
HIST START
208
   0 0
   1 0
   2 0
   3 0
   4 16
   5 1163
   6 5292
   7 9213
   8 10612
   9 10678
   10 9656
   11 8800
   12 7287
   13 5419
   14 3932
   15 3042
   16 2196
   17 1793
   18 1378
   19 1166
   20 981
   21 843
   22 769
   23 615
   24 667
   25 555
   26 469
   27 407
   28 461
   29 389
   30 333
   31 256
   32 223
   33 179
   34 206
   35 213
   36 197
   37 237
   38 190
   39 232
   40 192
   41 194
   42 186
   43 183
   44 209
   45 179
   46 127
   47 171
   48 175
   49 145
   50 124
   51 130
   52 140
   53 132
   54 131
   55 135
   56 119
   57 126
   58 149
   59 193
   60 206
   61 259
   62 258
   63 298
   64 340
   65 461
   66 504
   67 520
   68 663
   69 679
   70 751
   71 714
   72 698
   73 650
   74 554
   75 484
   76 410
   77 298
   78 247
   79 199
   80 158
   81 139
   82 120
   83 116
   84 155
   85 188
   86 189
   87 239
   88 245
   89 247
   90 253
   91 296
   92 298
   93 286
   94 295
   95 305
   96 361
   97 271
   98 198
   99 121
   100 54
   101 18
   102 6
   103 3
   104 4
   105 10
   106 9
   107 9
   108 8
   109 4
   110 2
   111 6
   112 6
   113 3
   114 1
   115 4
   116 1
   117 3
   118 4
   119 6
   120 4
   121 3
   122 1
   123 3
   124 5
   125 2
   126 2
   127 2
   128 0
   129 0
   130 0
   131 2
   132 1
   133 0
   134 1
   135 1
   136 3
   137 3
   138 0
   139 2
   140 2
   141 0
   142 0
   143 1
   144 1
   145 5
   146 5
   147 1
   148 0
   149 2
   150 0
   151 3
   152 2
   153 2
   154 0
   155 0
   156 2
   157 0
   158 2
   159 2
   160 1
   161 0
   162 0
   163 2
   164 2
   165 2
   166 1
   167 1
   168 4
   169 4
   170 4
   171 1
   172 0
   173 3
   174 0
   175 0
   176 0
   177 0
   178 1
   179 1
   180 5
   181 0
   182 2
   183 2
   184 3
   185 1
   186 3
   187 1
   188 2
   189 0
   190 2
   191 0
   192 1
   193 3
   194 0
   195 0
   196 0
   197 0
   198 0
   199 0
   200 0
   201 0
   202 0
   203 0
   204 0
   205 0
   206 0
   207 1
HIST END
