[7l----total-cpu-usage---- -dsk/total- -net/total- ---paging-- ---system--
usr sys idl wai hiq siq| read  writ| recv  send|  in   out | int   csw 
  3   4  90   3   0   0|  77k  435k|   0     0 |   0     0 |  19  1397 
  5  11  83   0   0   1|   0     0 | 457k   12M|   0     0 |  18  2018 
  1   4  91   2   0   1|   0    40k| 429k   12M|   0     0 |  18  1783 
  1   8  91   0   0   0|   0    32k| 429k   12M|   0     0 |  18  1738 
  3   7  88   0   0   1|   0     0 | 435k   12M|   0     0 |  18  1888 
  0   5  95   0   0   0|   0     0 | 429k   12M|   0     0 |  19  1849 
  2   6  92   0   0   0|   0     0 | 430k   12M|   0     0 |  18  1819 
  2   5  92   0   0   0|   0     0 | 433k   12M|   0     0 |  18  1862 
  2   5  92   0   0   1|   0     0 | 431k   12M|   0     0 |  18  1828 
  1   6  92   0   0   0|   0     0 | 424k   12M|   0     0 |  19  1813 
  1   7  91   0   0   0|   0     0 | 432k   12M|   0     0 |  18  1865 
  4   5  91   0   0   0|   0     0 | 435k   12M|   0     0 |  18  1872 
  3   7  89   0   0   1|   0     0 | 430k   12M|   0     0 |  18  1842 
  2   8  89   0   0   1|   0  4096B| 437k   12M|   0     0 |  18  1854 
  4   9  87   0   0   0|   0     0 | 431k   12M|   0     0 |  19  1856 
  1   7  91   0   0   0|   0     0 | 433k   12M|   0     0 |  18  1810 
  2   7  91   0   0   0|   0     0 | 427k   12M|   0     0 |  18  1812 
  2   8  89   0   0   1|   0     0 | 436k   12M|   0     0 |  18  1937 
  0   5  94   0   0   1|   0     0 | 428k   12M|   0     0 |  18  1782 
  2   9  88   0   0   0|   0     0 | 430k   12M|   0     0 |  19  1838 
  4   8  88   0   0   0|   0     0 | 433k   12M|   0     0 |  18  1935 
  4   8  88   0   0   0|   0     0 | 431k   12M|   0     0 |  18  1849 
  0   6  94   0   0   0|   0     0 | 437k   12M|   0     0 |  18  1840 
  4   6  90   0   0   0|   0     0 | 434k   12M|   0     0 |  18  1905 
  2   8  89   0   0   1|   0     0 | 429k   12M|   0     0 |  19  1831 
  2   6  92   0   0   0|   0     0 | 430k   12M|   0     0 |  18  1827 
  1   4  93   0   0   1|   0     0 | 439k   12M|   0     0 |  18  1896 
  2   6  92   0   0   0|   0     0 | 431k   12M|   0     0 |  18  1847 
  1   6  93   0   0   0|   0     0 | 431k   12M|   0     0 |  18  1816 
  4   8  88   0   0   0|   0     0 | 440k   12M|   0     0 |  19  1926 
  2   3  95   0   0   0|   0     0 | 429k   12M|   0     0 |  18  1821 
  2   6  91   0   0   0|   0     0 | 430k   12M|   0     0 |  18  1848 
  2   5  87   5   0   0|   0    12k| 434k   12M|   0     0 |  18  1861 
  2   8  90   0   0   0|   0  4096B| 429k   12M|   0     0 |  18  1842 
  0   9  89   0   0   2|   0     0 | 428k   12M|   0     0 |  19  1855 
  3   5  91   0   0   0|   0     0 | 436k   12M|   0     0 |  18  1862 
  1   9  90   0   0   0|   0     0 | 430k   12M|   0     0 |  18  1789 
  1   7  91   0   0   1|   0     0 | 428k   12M|   0     0 |  18  1854 
  3  10  87   0   0   0|   0     0 | 434k   12M|   0     0 |  18  1868 
  2   8  90   0   0   0|   0     0 | 436k   12M|   0     0 |  19  1832 
  1   9  90   0   0   0|   0     0 | 429k   12M|   0     0 |  18  1883 
  3   5  91   0   0   0|   0     0 | 435k   12M|   0     0 |  18  1829 
  1   4  94   0   0   1|   0     0 | 436k   12M|   0     0 |  18  1873 
  2   7  91   0   0   0|   0     0 | 430k   12M|   0     0 |  18  1812 
  2   7  87   0   0   3|   0     0 | 434k   12M|   0     0 |  19  1888 
  1   8  91   0   0   0|   0     0 | 429k   12M|   0     0 |  18  1866 
  1   5  94   0   0   0|   0     0 | 430k   12M|   0     0 |  18  1835 
  2   5  91   0   0   1|   0     0 | 434k   12M|   0     0 |  18  1866 
  1   7  92   0   0   0|   0     0 | 429k   12M|   0     0 |  19  1810 
  1   9  89   0   0   0|   0     0 | 430k   12M|   0     0 |  18  1852 
  2   4  93   0   0   0|   0     0 | 434k   12M|   0     0 |  18  1823 
  2   4  93   0   0   1|   0     0 | 430k   12M|   0     0 |  18  1828 
  2   7  91   0   0   0|   0     0 | 428k   12M|   0     0 |  18  1864 
  3   5  91   0   0   0|   0     0 | 436k   12M|   0     0 |  19  1855 
  1   6  91   0   0   1|   0     0 | 430k   12M|   0     0 |  18  1858 
  2   3  95   0   0   0|   0     0 | 429k   12M|   0     0 |  18  1858 
  3   7  89   0   0   1|   0     0 | 436k   12M|   0     0 |  18  1884 
  0   5  95   0   0   0|   0     0 | 429k   12M|   0     0 |  18  1820 
  1   7  92   0   0   0|   0     0 | 441k   12M|   0     0 |  19  1936 
  3   9  88   0   0   0|   0     0 | 430k   12M|   0     0 |  18  1814 
  3   6  90   0   0   1|   0     0 | 436k   12M|   0     0 |  18  1924 
  4   8  87   0   0   0|   0     0 | 432k   12M|   0     0 |  18  1900 
  3   8  66  21   0   2|   0    36k| 433k   12M|   0     0 |  18  1831 
  1   4  95   0   0   0|   0     0 | 431k   12M|   0     0 |  19  1753 
  1   8  89   0   0   1|   0  8192B| 429k   12M|   0     0 |  18  1816 
  3   7  90   0   0   0|   0     0 | 435k   12M|   0     0 |  18  1771 
  1   8  91   0   0   0|   0     0 | 429k   12M|   0     0 |  18  1816 
  2   7  90   0   0   1|   0     0 | 429k   12M|   0     0 |  18  1849 
  2   6  91   0   0   1|   0     0 | 435k   12M|   0     0 |  19  1840 
  4  10  85   0   0   1|   0     0 | 430k   12M|   0     0 |  18  1861 
  0   6  94   0   0   0|   0     0 | 429k   12M|   0     0 |  18  1891 
  4   6  88   0   0   1|   0     0 | 435k   12M|   0     0 |  18  1826 
  0   8  92   0   0   0|   0     0 | 429k   12M|   0     0 |  18  1811 
  1   3  96   0   0   0|   0     0 | 437k   12M|   0     0 |  19  1871 
  2  10  87   0   0   1|   0     0 | 434k   12M|   0     0 |  18  1866 
  1   6  93   0   0   0|   0     0 | 429k   12M|   0     0 |  18  1815 
  2   6  92   0   0   0|   0     0 | 429k   12M|   0     0 |  18  1785 
  2   8  90   0   0   0|   0     0 | 435k   12M|   0     0 |  18  1874 
  2   6  92   0   0   0|   0     0 | 429k   12M|   0     0 |  19  1824 
  3   5  91   0   0   0|   0     0 | 429k   12M|   0     0 |  18  1820 
  3   8  89   0   0   0|   0     0 | 428k   12M|   0     0 |  18  1808 
  1   6  92   0   0   0|   0     0 | 436k   12M|   0     0 |  18  1859 
  1   5  94   0   0   0|   0     0 | 429k   12M|   0     0 |  19  1761 
  1   5  93   0   0   0|   0     0 | 435k   12M|   0     0 |  17  1871 
  1   3  93   0   0   2|   0     0 | 429k   12M|   0     0 |  19  1825 
  5   6  89   0   0   0|   0     0 | 429k   12M|   0     0 |  18  1832 
  3   5  91   0   0   0|   0     0 | 438k   12M|   0     0 |  18  1833 
  2   3  93   0   0   1|   0     0 | 432k   12M|   0     0 |  19  1835 
  1   6  92   0   0   0|   0     0 | 429k   12M|   0     0 |  18  1877 
  2   9  88   0   0   1|   0     0 | 429k   12M|   0     0 |  18  1843 
  3   7  89   0   0   1|   0     0 | 434k   12M|   0     0 |  18  1836 
  2   7  91   0   0   0|   0     0 | 429k   12M|   0     0 |  18  1834 
  2   3  92   2   0   0|   0    20k| 429k   12M|   0     0 |  18  1880 
  2   9  88   0   0   1|   0     0 | 434k   12M|   0     0 |  19  1821 
  2  11  87   0   0   0|   0     0 | 429k   12M|   0     0 |  18  1834 
  2   4  93   0   0   1|   0    28k| 429k   12M|   0     0 |  18  1769 
  3  10  87   0   0   0|   0     0 | 434k   12M|   0     0 |  18  1809 
  3   6  91   0   0   0|   0     0 | 430k   12M|   0     0 |  19  1829 
  0   9  91   0   0   0|   0     0 | 436k   12M|   0     0 |  17  1885 
  4   5  89   0   0   1|   0     0 | 434k   12M|   0     0 |  19  1853 
  1   6  93   0   0   0|   0     0 | 356k   10M|   0     0 |  18  1520 
