[7l----total-cpu-usage---- -dsk/total- -net/total- ---paging-- ---system--
usr sys idl wai hiq siq| read  writ| recv  send|  in   out | int   csw 
  1   1  97   0   0   1|  12k   53k|   0     0 |   0     0 | 176   736 
  1   2  93   0   0   5|   0     0 |4163k  145k|   0     0 |1142  3004 
  2   1  94   0   0   3|   0     0 |4031k  142k|   0     0 | 902  2588 
  2   3  94   0   0   2|   0     0 |4059k  139k|   0     0 | 627  2562 
  1   2  96   0   0   1|   0     0 |4068k  140k|   0     0 | 994  2742 
  2   3  93   0   0   2|   0     0 |4022k  141k|   0     0 |1029  2630 
  2   2  95   0   0   2|   0     0 |3957k  138k|   0     0 | 995  2616 
  2   2  95   0   0   2|   0     0 |3869k  133k|   0     0 | 645  2631 
  1   1  96   0   0   2|   0     0 |3887k  137k|   0     0 | 975  2573 
  1   2  95   0   0   3|   0     0 |3985k  137k|   0     0 | 753  2787 
  1   3  94   0   0   3|   0     0 |3969k  137k|   0     0 | 887  2872 
  2   4  93   0   0   2|   0     0 |4096k  144k|   0     0 |1003  2838 
  2   3  94   0   0   2|   0     0 |4050k  140k|   0     0 | 847  2651 
  2   2  94   0   0   3|   0     0 |3967k  136k|   0     0 | 553  2608 
  3   3  94   0   0   2|   0     0 |3867k  137k|   0     0 | 640  2642 
  1   3  95   0   0   1|   0     0 |3852k  133k|   0     0 | 676  2634 
  2   2  94   0   0   2|   0     0 |4037k  139k|   0     0 | 641  2785 
  1   3  93   0   0   3|   0     0 |3877k  137k|   0     0 |1015  2563 
  1   2  95   0   0   2|   0     0 |3892k  135k|   0     0 |1006  2571 
  2   2  96   0   0   1|   0     0 |4044k  140k|   0     0 | 181  2573 
  1   3  94   0   0   3|   0     0 |3888k  133k|   0     0 | 697  2469 
  2   4  91   0   0   3|   0     0 |3947k  144k|   0     0 | 728  2502 
  1   2  96   0   0   1|   0     0 |3872k  135k|   0     0 | 677  2668 
  1   2  94   0   0   3|   0     0 |4027k  139k|   0     0 | 631  2770 
  2   2  93   0   0   3|   0     0 |3930k  138k|   0     0 | 973  2627 
  1   1  96   0   0   2|   0     0 |4010k  137k|   0     0 | 561  2627 
  2   4  92   0   0   2|   0     0 |4085k  141k|   0     0 | 733  2689 
  0   3  93   0   0   3|   0     0 |4001k  141k|   0     0 | 555  2787 
  2   2  94   0   0   3|   0     0 |3922k  136k|   0     0 | 993  2599 
  1   2  97   0   0   1|   0     0 |3868k  134k|   0     0 | 573  2618 
  2   3  94   0   0   2|   0     0 |3824k  135k|   0     0 | 987  2634 
  2   2  93   1   0   2|   0   136k|3938k  137k|   0     0 | 966  2652 
  1   2  95   0   0   3|   0     0 |4130k  142k|   0     0 | 975  2543 
  2   2  94   0   0   2|   0     0 |3855k  136k|   0     0 | 940  2523 
  2   2  96   0   0   1|   0     0 |4078k  140k|   0     0 | 604  2756 
  1   2  94   0   0   3|   0     0 |4017k  139k|   0     0 | 903  2742 
  2   3  94   0   0   2|   0     0 |3934k  140k|   0     0 | 796  2737 
  1   1  97   0   0   2|   0     0 |3913k  135k|   0     0 | 974  2725 
  2   2  93   0   0   2|   0     0 |3899k  135k|   0     0 | 682  2726 
  2   3  93   0   0   2|   0     0 |3927k  138k|   0     0 | 881  2642 
  1   4  94   0   0   2|   0     0 |3953k  137k|   0     0 | 772  2751 
  1   1  96   0   0   2|   0     0 |3892k  134k|   0     0 | 703  2614 
  1   4  93   0   0   2|   0     0 |3994k  142k|   0     0 |1071  2717 
  0   2  97   0   0   1|   0     0 |3964k  137k|   0     0 | 988  2591 
  1   1  95   0   0   3|   0     0 |3935k  136k|   0     0 | 947  2633 
  2   2  93   0   0   3|   0     0 |3934k  138k|   0     0 | 930  2458 
  1   3  96   0   0   1|   0     0 |3931k  135k|   0     0 | 602  2530 
  2   2  94   0   0   3|   0     0 |3995k  138k|   0     0 | 948  2478 
  1   2  95   0   0   3|   0     0 |3879k  136k|   0     0 | 874  2480 
  2   3  94   0   0   3|   0     0 |3954k  136k|   0     0 | 993  2586 
  1   2  95   0   0   2|   0     0 |4044k  140k|   0     0 | 802  2445 
  2   3  93   0   0   2|   0     0 |3789k  133k|   0     0 | 725  2526 
  2   2  95   0   0   1|   0     0 |3982k  137k|   0     0 |1001  2562 
  2   1  93   0   0   4|   0     0 |4022k  138k|   0     0 |1038  2702 
  2   2  94   0   0   3|   0     0 |3989k  141k|   0     0 | 828  2746 
  2   2  94   0   0   3|   0     0 |3935k  137k|   0     0 | 520  2647 
  3   3  93   0   0   2|   0     0 |3886k  135k|   0     0 | 632  2657 
  1   2  95   0   0   2|   0     0 |3872k  137k|   0     0 | 857  2675 
  1   3  94   0   0   2|   0     0 |3987k  138k|   0     0 |1014  2685 
  2   2  95   0   0   2|   0     0 |4000k  137k|   0     0 | 724  2654 
  2   3  94   0   0   2|   0     0 |3935k  139k|   0     0 | 876  2538 
  2   3  93   1   0   2|   0    20k|3988k  137k|   0     0 | 761  2258 
  2   2  94   0   0   2|   0    16k|3825k  132k|   0     0 | 984  2464 
  2   2  95   0   0   1|   0     0 |3795k  133k|   0     0 | 586  2506 
  1   2  95   0   0   2|   0     0 |3818k  132k|   0     0 | 380  2563 
  2   3  94   0   0   2|   0     0 |3865k  133k|   0     0 | 913  2596 
  3   3  93   0   0   2|   0     0 |3836k  135k|   0     0 | 771  2504 
  2   1  95   0   0   2|   0     0 |4002k  138k|   0     0 | 904  2461 
  1   3  94   0   0   3|   0     0 |4088k  141k|   0     0 | 778  2551 
  2   3  93   0   0   2|   0     0 |4030k  142k|   0     0 | 855  2537 
  2   2  93   0   0   3|   0     0 |3627k  125k|   0     0 | 816  2260 
