STAT START
secs,qlen,thru,msrt,items,nset,nget,nmget,sqt,gqt,mqt,swt,gwt,mwt
1,0,1924.000000000000,0.018711018711,1924,0,1924,0,NaN,0.000472519341,NaN,NaN,0.001767075950,NaN
1,0,2292.000000000000,0.005235602094,2292,0,2292,0,NaN,0.000365277308,NaN,NaN,0.001152351526,NaN
1,0,2290.000000000000,0.005240174672,2290,0,2290,0,NaN,0.000363585987,NaN,NaN,0.001194640048,NaN
1,0,2448.000000000000,0.016339869281,2448,0,2448,0,NaN,0.000390130051,NaN,NaN,0.001031181525,NaN
1,0,2377.000000000000,0.011779554060,2377,0,2377,0,NaN,0.000303028590,NaN,NaN,0.001174129959,NaN
1,0,2310.000000000000,0.008225108225,2310,0,2310,0,NaN,0.000351606506,NaN,NaN,0.001195622810,NaN
1,7,2389.000000000000,0.006278777731,2389,0,2389,0,NaN,0.000312694196,NaN,NaN,0.001053320714,NaN
1,0,2319.000000000000,0.009486847779,2319,0,2319,0,NaN,0.000330751991,NaN,NaN,0.001155610598,NaN
1,0,2322.000000000000,0.015073212748,2322,0,2322,0,NaN,0.000344943859,NaN,NaN,0.001046072832,NaN
1,0,2341.000000000000,0.009824861170,2341,0,2341,0,NaN,0.000257246983,NaN,NaN,0.001024458639,NaN
1,0,2323.000000000000,0.017649591046,2323,0,2323,0,NaN,0.000327531844,NaN,NaN,0.001013885135,NaN
1,4,2252.000000000000,0.006660746004,2252,0,2252,0,NaN,0.000295852622,NaN,NaN,0.001270018882,NaN
1,1,2323.000000000000,0.009470512269,2323,0,2323,0,NaN,0.000328542671,NaN,NaN,0.001250248130,NaN
1,2,2324.000000000000,0.009896729776,2324,0,2324,0,NaN,0.000377807385,NaN,NaN,0.001189942803,NaN
1,5,2306.000000000000,0.002601908066,2306,0,2306,0,NaN,0.000419545980,NaN,NaN,0.001063293500,NaN
1,0,2235.000000000000,0.006263982103,2235,0,2235,0,NaN,0.000430734041,NaN,NaN,0.001101920168,NaN
1,7,2260.000000000000,0.010176991150,2260,0,2260,0,NaN,0.000432549405,NaN,NaN,0.001139895188,NaN
1,0,2220.000000000000,0.018468468468,2220,0,2220,0,NaN,0.000379044768,NaN,NaN,0.001146631760,NaN
1,0,2352.000000000000,0.009778911565,2352,0,2352,0,NaN,0.000298581457,NaN,NaN,0.001075134854,NaN
1,0,2389.000000000000,0.012557555463,2389,0,2389,0,NaN,0.000282349926,NaN,NaN,0.000994397332,NaN
1,0,2327.000000000000,0.010313708638,2327,0,2327,0,NaN,0.000369707242,NaN,NaN,0.001034848263,NaN
1,0,2308.000000000000,0.009532062392,2308,0,2308,0,NaN,0.000304882769,NaN,NaN,0.001047645920,NaN
1,1,2366.000000000000,0.011411665258,2366,0,2366,0,NaN,0.000288399885,NaN,NaN,0.001071450317,NaN
1,4,2375.000000000000,0.007578947368,2375,0,2375,0,NaN,0.000281243444,NaN,NaN,0.001135975401,NaN
1,0,2353.000000000000,0.013174670633,2353,0,2353,0,NaN,0.000337190528,NaN,NaN,0.001080210160,NaN
1,0,2306.000000000000,0.006938421509,2306,0,2306,0,NaN,0.000293085087,NaN,NaN,0.001291614204,NaN
1,1,2304.000000000000,0.007378472222,2304,0,2304,0,NaN,0.000281999615,NaN,NaN,0.001284004747,NaN
1,0,2351.000000000000,0.002552105487,2351,0,2351,0,NaN,0.000393805917,NaN,NaN,0.001188898900,NaN
1,0,2409.000000000000,0.006641760066,2409,0,2409,0,NaN,0.000377478789,NaN,NaN,0.001018162793,NaN
1,0,2393.000000000000,0.007104053489,2393,0,2393,0,NaN,0.000267047176,NaN,NaN,0.001015644186,NaN
1,2,2305.000000000000,0.007809110629,2305,0,2305,0,NaN,0.000405839528,NaN,NaN,0.001190053276,NaN
1,9,2407.000000000000,0.012463647694,2407,0,2407,0,NaN,0.000286704915,NaN,NaN,0.001058548023,NaN
1,4,2342.000000000000,0.013236549957,2342,0,2342,0,NaN,0.000368250110,NaN,NaN,0.000953282527,NaN
1,0,2350.000000000000,0.013617021277,2350,0,2350,0,NaN,0.000474506529,NaN,NaN,0.001152015501,NaN
1,0,2464.000000000000,0.010957792208,2464,0,2464,0,NaN,0.000325951700,NaN,NaN,0.000898768679,NaN
1,0,2392.000000000000,0.007525083612,2392,0,2392,0,NaN,0.000331233745,NaN,NaN,0.001082005180,NaN
1,0,2320.000000000000,0.008620689655,2320,0,2320,0,NaN,0.000315699762,NaN,NaN,0.001148990939,NaN
1,0,2290.000000000000,0.007423580786,2290,0,2290,0,NaN,0.000347652013,NaN,NaN,0.000920925514,NaN
1,2,2296.000000000000,0.005662020906,2296,0,2296,0,NaN,0.000375697286,NaN,NaN,0.001026606362,NaN
1,0,2432.000000000000,0.008634868421,2432,0,2432,0,NaN,0.000286255838,NaN,NaN,0.000985582245,NaN
1,0,2378.000000000000,0.007148864592,2378,0,2378,0,NaN,0.000358718438,NaN,NaN,0.001016590870,NaN
1,0,2356.000000000000,0.008913412564,2356,0,2356,0,NaN,0.000321835249,NaN,NaN,0.000990741732,NaN
1,0,2335.000000000000,0.008565310493,2335,0,2335,0,NaN,0.000301249588,NaN,NaN,0.000983546809,NaN
1,0,2410.000000000000,0.006639004149,2410,0,2410,0,NaN,0.000290457146,NaN,NaN,0.000951448695,NaN
1,0,2364.000000000000,0.007614213198,2364,0,2364,0,NaN,0.000291559253,NaN,NaN,0.001016687860,NaN
1,0,2400.000000000000,0.013333333333,2400,0,2400,0,NaN,0.000354348097,NaN,NaN,0.001082530692,NaN
1,0,2418.000000000000,0.007030603805,2418,0,2418,0,NaN,0.000371043352,NaN,NaN,0.001112159548,NaN
1,0,2430.000000000000,0.006995884774,2430,0,2430,0,NaN,0.000360536223,NaN,NaN,0.000943647422,NaN
1,0,2427.000000000000,0.009476720231,2427,0,2427,0,NaN,0.000342028978,NaN,NaN,0.001049974832,NaN
1,6,2390.000000000000,0.010041841004,2390,0,2390,0,NaN,0.000326393094,NaN,NaN,0.001191354562,NaN
1,0,2315.000000000000,0.011663066955,2315,0,2315,0,NaN,0.000360588262,NaN,NaN,0.001120185553,NaN
1,0,2326.000000000000,0.011177987962,2326,0,2326,0,NaN,0.000378952461,NaN,NaN,0.001062882442,NaN
1,1,2363.000000000000,0.006771053745,2363,0,2363,0,NaN,0.000331016441,NaN,NaN,0.001001760741,NaN
1,0,2390.000000000000,0.010460251046,2390,0,2390,0,NaN,0.000337826348,NaN,NaN,0.000923589455,NaN
1,0,2356.000000000000,0.011460101868,2356,0,2356,0,NaN,0.000334303045,NaN,NaN,0.001005427876,NaN
1,0,2355.000000000000,0.014012738854,2355,0,2355,0,NaN,0.000291645209,NaN,NaN,0.001128092251,NaN
1,0,2400.000000000000,0.008750000000,2400,0,2400,0,NaN,0.000276700588,NaN,NaN,0.001180869072,NaN
1,0,2332.000000000000,0.009862778731,2332,0,2332,0,NaN,0.000348592443,NaN,NaN,0.001330439711,NaN
1,4,2448.000000000000,0.010620915033,2448,0,2448,0,NaN,0.000370562802,NaN,NaN,0.001133917725,NaN
1,0,2433.000000000000,0.006987258529,2433,0,2433,0,NaN,0.000291871872,NaN,NaN,0.001044564898,NaN
1,0,2333.000000000000,0.007286755251,2333,0,2333,0,NaN,0.000329668204,NaN,NaN,0.001039467112,NaN
1,0,2307.000000000000,0.010403120936,2307,0,2307,0,NaN,0.000338582574,NaN,NaN,0.001027437505,NaN
1,0,2372.000000000000,0.006745362563,2372,0,2372,0,NaN,0.000309453783,NaN,NaN,0.001052158202,NaN
1,0,2326.000000000000,0.006018916595,2326,0,2326,0,NaN,0.000298351323,NaN,NaN,0.001132923001,NaN
1,0,2438.000000000000,0.008613617719,2438,0,2438,0,NaN,0.000372200557,NaN,NaN,0.000993298822,NaN
1,0,2413.000000000000,0.003315375052,2413,0,2413,0,NaN,0.000367610852,NaN,NaN,0.001079749777,NaN
1,3,2228.000000000000,0.004488330341,2228,0,2228,0,NaN,0.000345809449,NaN,NaN,0.001257069753,NaN
1,0,2363.000000000000,0.009733389759,2363,0,2363,0,NaN,0.000326699961,NaN,NaN,0.001265983856,NaN
1,0,2279.000000000000,0.007459412023,2279,0,2279,0,NaN,0.000301386889,NaN,NaN,0.001210594388,NaN
1,0,2365.000000000000,0.005919661734,2365,0,2365,0,NaN,0.000286491991,NaN,NaN,0.001181604167,NaN
STAT END
HIST START
287
   0 0
   1 0
   2 0
   3 12
   4 715
   5 4726
   6 12017
   7 17333
   8 19436
   9 18422
   10 16297
   11 13906
   12 11187
   13 8571
   14 6602
   15 4900
   16 3879
   17 3310
   18 2651
   19 2262
   20 1748
   21 1414
   22 1152
   23 875
   24 685
   25 568
   26 526
   27 433
   28 385
   29 333
   30 338
   31 262
   32 243
   33 207
   34 153
   35 145
   36 137
   37 160
   38 127
   39 136
   40 173
   41 139
   42 109
   43 121
   44 96
   45 80
   46 71
   47 81
   48 90
   49 81
   50 82
   51 74
   52 72
   53 75
   54 70
   55 86
   56 72
   57 87
   58 139
   59 236
   60 302
   61 310
   62 327
   63 293
   64 278
   65 320
   66 288
   67 265
   68 224
   69 194
   70 201
   71 225
   72 163
   73 139
   74 171
   75 141
   76 141
   77 134
   78 128
   79 95
   80 79
   81 64
   82 70
   83 47
   84 42
   85 35
   86 28
   87 24
   88 33
   89 36
   90 25
   91 23
   92 25
   93 25
   94 25
   95 41
   96 24
   97 28
   98 51
   99 73
   100 79
   101 76
   102 67
   103 58
   104 49
   105 25
   106 24
   107 22
   108 11
   109 20
   110 16
   111 20
   112 10
   113 12
   114 11
   115 16
   116 5
   117 11
   118 4
   119 4
   120 7
   121 4
   122 9
   123 4
   124 2
   125 1
   126 1
   127 2
   128 4
   129 4
   130 2
   131 5
   132 3
   133 6
   134 4
   135 1
   136 1
   137 6
   138 11
   139 4
   140 5
   141 7
   142 2
   143 2
   144 1
   145 2
   146 0
   147 0
   148 2
   149 0
   150 2
   151 1
   152 0
   153 0
   154 1
   155 1
   156 1
   157 3
   158 3
   159 1
   160 2
   161 1
   162 2
   163 2
   164 1
   165 0
   166 0
   167 1
   168 1
   169 1
   170 0
   171 0
   172 0
   173 0
   174 2
   175 1
   176 0
   177 1
   178 4
   179 2
   180 4
   181 1
   182 3
   183 1
   184 1
   185 0
   186 1
   187 1
   188 1
   189 0
   190 0
   191 0
   192 1
   193 0
   194 0
   195 0
   196 0
   197 0
   198 1
   199 0
   200 1
   201 2
   202 0
   203 1
   204 1
   205 0
   206 0
   207 0
   208 0
   209 0
   210 0
   211 0
   212 0
   213 0
   214 0
   215 0
   216 0
   217 0
   218 0
   219 0
   220 0
   221 0
   222 1
   223 0
   224 0
   225 0
   226 0
   227 0
   228 0
   229 0
   230 0
   231 0
   232 0
   233 0
   234 0
   235 0
   236 0
   237 0
   238 0
   239 2
   240 0
   241 2
   242 0
   243 0
   244 0
   245 0
   246 0
   247 2
   248 0
   249 0
   250 0
   251 0
   252 0
   253 0
   254 1
   255 1
   256 0
   257 0
   258 0
   259 2
   260 0
   261 2
   262 2
   263 0
   264 0
   265 0
   266 0
   267 0
   268 0
   269 0
   270 0
   271 0
   272 0
   273 0
   274 0
   275 0
   276 0
   277 0
   278 0
   279 0
   280 0
   281 0
   282 0
   283 0
   284 0
   285 0
   286 1
HIST END
